3
5719
5791
9572
1
5243
3
6729
6792
7962
2
5718
8175
3
7159
7691
7951
4
3589
3594
9534
9583
4
6132
6312
6342
6432
4
1496
6498
6891
9461
1
3485
3
1587
5187
7581
6
3287
3472
3782
5289
5492
5982
1
3654
1
6783
1
8321
1
2697
2
1463
6431
1
9653
2
2964
6294
2
6247
7246
3
2794
4279
4972
2
9135
9835
4
4256
4625
4652
6254
1
1478
4
4852
6253
6453
6824
3
6734
6743
9745
4
3478
5378
5873
8473
2
2197
2971
4
9278
9287
9782
9872
22
3249
3429
3492
8429
8492
8942
1
3791
2
9581
9758
2
3967
6543
3
2497
4927
4972
2
2136
2436
20
1243
1245
1246
7264
7284
8214
7
1285
4237
5281
6287
7239
7286
2
2571
7521
12
4312
4316
4318
7148
7164
7184
1
4918
9
1825
2869
4582
6982
8152
8512
2
1258
1528
3
2597
7912
9527
1
7965
2
6413
6473
2
8237
8247
4
1268
1657
4127
6128
3
3819
3974
8913
1
1856
4
1964
4916
4961
6914
3
3189
7249
8139
14
1563
6183
7123
9581
9586
9683
1
9827
5
1268
2168
2816
8216
8612
14
1674
1874
1974
7513
8174
9174
3
2731
4923
7123
1
5367
1
3872
3
4297
4927
7492
1
3279
2
1259
1952
11
1673
1867
1876
7613
7816
7861
2
1542
1543
2
7546
7645
1
5387
5
4193
4195
4358
4372
4598
4
1658
1865
6518
8165
4
5463
5763
5812
5821
2
6945
9645
2
3486
4836
1
8259
12
1287
1297
1729
7291
8127
8721
5
1924
2914
2954
5924
7324
1
6372
1
6981
1
6845
1
2869
3
1249
1294
9214
5
1345
4567
5347
5461
7465
1
2348
1
7284
2
9174
9741
1
5391
3
1326
2136
3126
3
6159
6519
6591
2
3459
3495
1
4627
1
9745
10
1394
2197
2473
5869
6395
6859
2
2671
5672
2
1475
4175
1
4298
1
3857
1
4267
11
1258
1685
1843
5168
5218
5843
6
1429
1492
1942
2491
2941
4921
1
1579
2
3274
9274
2
1752
4762
1
5429
3
1628
4629
4692
