2
3459
5349
4
6739
6793
7396
7453
1
8531
2
4516
4615
1
8279
3
4137
4139
9137
3
1749
2617
2671
1
7982
5
2381
2584
2854
8425
8452
6
4367
4763
6437
6734
7364
7463
2
3562
3782
2
8129
9128
3
2193
5294
7293
1
1347
2
5193
9135
6
3126
3526
3926
4721
4725
4729
1
5261
2
4236
4256
16
1354
1357
1453
9541
9571
9751
6
1924
1927
3549
5128
8512
9142
1
2413
5
3741
6931
6942
6971
7341
2
3926
6248
1
7263
4
4627
5467
5867
8627
11
1549
1745
4519
5741
5746
5764
1
3579
1
8642
1
5873
5
3679
3697
9673
9678
9687
2
6234
6534
4
2139
2439
2639
2739
2
4819
9418
4
1723
1732
7123
7132
5
3417
3471
4137
6154
6173
1
9547
2
1764
5746
1
2587
5
3856
5368
5836
8365
8653
1
4318
5
3189
6389
6839
8139
9183
1
2679
1
1963
3
1397
3179
7139
4
2639
2659
3629
5629
5
1864
4861
7851
8614
8715
2
4187
4817
3
2457
3457
7453
1
8573
1
4398
1
4796
2
8635
8735
1
8361
1
7156
1
7846
5
1693
1963
6139
6391
6931
1
7542
2
3895
9835
2
6291
8173
2
1982
9128
4
8267
8627
9653
9658
4
5481
5971
6981
9571
6
2563
3562
3567
3569
7563
9563
3
8729
8927
9728
5
4698
4968
8694
8964
9684
2
7628
7682
9
2348
2834
2843
8234
8243
8324
6
3812
3894
7836
8324
9318
9384
2
8549
8954
2
6437
7436
1
2437
4
4782
4872
8247
8274
8
1346
1436
1463
4376
4673
6473
3
8124
8125
8129
1
2183
2
2758
8275
1
1384
2
7216
7319
1
3576
2
8931
9486
1
6235
2
2647
7246
4
3749
3947
7439
7934
6
1842
1843
1846
2849
3849
6849
4
4658
5648
5718
7624
7
4592
4925
5927
7925
8239
8325
7
4193
8256
8276
8492
8526
8726
1
2485
1
3149
1
9318
6
3649
4176
4619
6437
6491
6493
2
7621
8621
6
1456
1465
1625
5126
5461
5621
2
8526
8529
4
4216
4726
4786
4816
2
5648
6548
1
4638
1
3261
2
6938
8391
2
8172
8271
4
2796
2976
4526
4736
4
4172
4173
4271
4731
2
2613
2718
4
5318
5384
8614
8914
2
3792
7392
1
1582
5
1543
3451
9423
9473
9483
3
1594
1659
6915
1
3126
1
4587
1
4896
2
3516
6315
1
5741
4
4861
6841
8146
8461
1
6957
4
4758
6853
8731
8732
3
4369
4561
4639
2
6274
7645
1
8921
2
5713
6417
3
4136
4189
7196
6
2195
2197
5192
5263
7192
7263
2
4791
4971
2
7483
7583
1
3269
4
4261
4621
5261
5621
1
5128
2
7483
8743
2
1358
1385
6
3169
3179
3769
3961
3971
3976
2
6278
6298
1
4786
2
3187
3817
7
1348
1358
1468
1835
4138
5138
4
4896
6849
9468
9846
2
5492
9452
1
6243
13
2635
2645
2685
6532
6542
6582
1
5971
2
8635
8653
2
4685
8564
6
3796
6739
7936
9376
9637
9763
1
2485
3
3127
3147
3578
3
1725
5172
5712
1
1284
1
3692
3
1837
7813
7934
27
1248
1264
1284
7245
7415
7425
1
8541
3
3514
3814
8314
3
2468
2648
4568
2
2856
6852
2
7385
8357
12
4315
4316
4318
8314
8315
8316
2
6493
6498
1
4932
2
2649
7263
4
3986
5486
7629
9386
20
3712
3842
3952
9532
9562
9652
2
9527
9752
2
5286
6852
2
7168
7186
1
6952
7
1896
1968
5896
9386
9816
9856
1
6541
4
4956
6948
6954
8946
4
8279
8479
8749
8792
1
1486
4
8159
8195
8519
8591
3
6289
9286
9628
1
4518
1
4765
13
1235
1253
1895
9785
9815
9851
2
7453
7853
2
1467
4167
4
4738
4872
7842
8734
1
4931
1
5314
2
6195
6591
11
3951
4957
7295
9351
9752
9754
5
3649
4936
6349
6791
7619
6
2543
3452
5243
5749
7549
9547
2
2196
2493
1
9421
6
3279
3297
3972
7239
7392
7932
2
5683
8365
4
1357
1537
3157
5137
1
3749
2
7921
9341
4
1375
5379
7345
7359
2
1937
3719
3
2364
2658
4362
2
6831
8631
1
1965
4
2856
3857
6852
8357
2
6753
6953
3
2138
8123
8132
1
8531
2
5624
6924
6
7253
7263
7523
7563
7623
7653
4
1753
5713
5793
9753
2
1637
7136
1
5834
4
5197
5917
8197
8917
4
4376
4678
6374
6478
23
1235
1239
1253
9123
9132
9231
6
1723
1783
1793
3127
3187
3197
1
9653
3
3186
3892
5894
3
2731
5731
6731
5
1235
1253
3125
3152
3215
1
2974
3
5219
9152
9215
1
4913
2
8417
8491
6
2539
5839
5917
6143
6341
9517
1
2431
1
1367
2
3415
5431
3
2415
5412
5428
1
6285
1
3246
10
1426
1427
2164
2417
3467
3476
15
1463
1634
2413
6453
7642
8426
4
4297
6127
9321
9486
1
2693
1
9275
3
3271
3291
3721
1
2987
2
9368
9386
6
1679
2561
4561
7519
9176
9517
2
3278
3872
2
4879
8947
2
6978
8796
1
2691
1
7896
1
7456
10
1469
1569
1964
3574
6438
6538
18
1423
1432
1435
9312
9315
9321
2
4295
9245
1
4153
2
6395
9365
6
6471
6481
6751
6851
7461
8461
1
2483
3
5368
5386
5638
1
3625
1
1794
1
4687
7
2375
2735
3725
9327
9372
9732
1
7596
2
2379
2973
2
4389
4839
1
9486
1
2678
14
1469
1496
1497
7459
7491
7495
3
7896
9356
9768
1
1456
2
1862
8635
1
3214
2
7842
9872
1
8621
4
6278
6287
6782
7268
1
5937
2
1534
1954
3
2579
5972
9275
2
7458
8475
1
2419
1
5821
2
2819
2981
3
1265
1295
1625
3
3274
7342
9342
3
6927
7825
8921
1
3614
1
5679
1
9382
3
2867
5876
8627
5
8235
8259
8529
8532
9431
4
7628
7682
8627
8672
2
8569
8659
1
1427
10
2145
2156
3145
6125
6152
6153
1
9812
4
2183
2783
3182
3782
2
3642
6342
2
5917
9571
9
2816
6812
6817
6891
7816
9816
5
9187
9217
9271
9482
9682
3
1297
3174
3175
1
4318
2
1759
1957
1
8123
3
3762
6327
6723
1
6143
1
2846
1
7495
2
6547
6587
4
6159
6759
9156
9756
4
4781
7481
8147
8417
1
6289
2
1356
6351
3
4217
4617
7416
2
1379
5319
1
6312
4
2937
2973
3947
7943
4
4653
4658
5436
5634
2
2835
5832
1
8629
1
5174
1
4263
1
5637
2
2698
8692
2
2457
7256
1
8147
2
3871
7831
1
5348
1
3846
3
3261
3621
6321
6
3629
3829
9236
9238
9632
9832
2
3184
3481
1
3674
1
1432
12
2765
3456
3761
7526
9156
9516
2
1472
6173
1
1652
5
2461
2641
5461
5641
9864
3
1896
3896
8691
5
4513
9143
9413
9514
9541
6
6398
6593
9368
9536
9563
9638
12
1472
1672
4172
7216
9137
9157
3
3758
7385
8357
8
1852
2759
2851
4857
8267
9752
5
6718
6894
8694
8716
8761
1
5473
1
1352
1
9815
2
3914
9134
2
9516
9615
2
8367
9367
1
7189
2
7154
7415
16
1426
1437
3417
5493
5621
5623
1
9648
6
1493
1694
1793
8423
8624
8723
2
4795
4975
1
1247
2
1937
8937
5
6439
6457
6813
6823
7459
19
2539
2589
2593
8549
8592
8594
6
1379
1834
3869
4869
6729
7849
2
1768
6718
1
7498
1
6528
5
2793
2796
9723
9726
9732
1
8539
1
7519
1
7124
3
5128
5617
5671
5
2137
3172
3217
3721
7123
2
5632
5732
1
9756
4
1279
1729
7192
7291
3
3768
7863
7963
14
2368
2398
3286
6328
9283
9328
9
2461
6142
6421
9148
9471
9481
2
4976
8736
1
5361
4
2795
2975
5279
9725
2
9124
9412
3
7134
7135
7431
12
1692
1796
1926
6971
7691
7961
1
6413
3
1874
3871
7814
3
5296
5962
9265
3
1287
6534
6539
5
2861
8261
8421
9361
9431
4
5649
9456
9465
9654
1
4928
6
2356
2653
3256
3526
6253
6523
24
4867
4896
5147
7864
9846
9864
2
8213
8271
2
2513
5312
3
2743
2798
4273
3
3192
3912
9312
5
1237
1253
3152
3217
3251
2
6132
6134
9
4159
4192
4859
4958
4972
4982
2
1264
6214
2
3821
8123
1
2597
3
3165
3675
6745
3
3715
3725
3751
2
1642
1682
3
3971
6851
7951
4
2413
2513
6193
6317
6
7398
7839
8379
8397
9378
9837
1
7498
1
7692
4
2387
2457
5427
8327
6
2317
2318
4327
4328
4376
8316
1
7189
12
3467
3468
3476
3748
3846
3847
4
4259
5129
5429
6259
3
2376
3672
3762
4
3826
8362
8716
8761
3
4238
4538
4823
1
1965
3
2789
6589
7289
4
1643
3164
3461
3614
4
8412
8423
8427
8472
4
2791
2935
9127
9253
1
3651
3
4213
6134
6458
8
7489
7498
7894
8497
8794
8974
1
5816
2
8932
9738
1
1946
1
5372
5
1365
1524
1965
3165
9165
1
8762
2
3859
6859
1
8425
3
1367
1782
1784
1
6948
1
7452
4
1469
7413
7483
8469
2
4172
4712
4
3495
4965
5842
9852
2
1296
4296
2
1753
1754
1
2518
3
2317
2419
2713
1
2367
2
3418
8431
1
3284
1
3591
1
7419
1
3789
1
5639
2
5768
7568
4
8432
8492
8539
8593
2
2395
9235
1
1675
4
3516
5263
5613
6253
2
6439
9436
3
3529
3824
7615
4
2683
3682
6283
6382
2
2598
9582
5
2349
2549
3849
4859
7813
3
3876
5279
8376
3
3281
5231
8231
1
2678
3
3981
8139
8319
1
2397
2
7836
8736
3
7256
7526
7562
2
5917
7915
2
9765
9786
1
5749
1
4735
1
6879
2
3426
3624
2
1384
8341
8
1293
3795
3912
3957
5973
9231
3
3826
5823
6823
1
7685
3
2143
3149
4139
6
1376
1637
1763
3716
6731
7136
2
2759
2769
1
8695
6
1675
1678
3675
3678
6157
7653
2
4368
4683
10
2138
2168
2183
8256
8352
8652
4
5871
7851
8157
8571
4
3796
9528
9582
9736
5
1465
1635
1645
5296
9265
3
5137
5173
5317
4
1439
1934
4931
9314
4
4168
4618
4861
8641
6
2518
2564
2598
6254
8152
8952
1
2413
2
3451
9731
1
7392
2
1632
8692
1
6372
4
1748
3147
3471
4761
1
8514
2
3579
5739
4
6835
7635
7831
7832
2
8439
9438
2
4675
6975
5
7189
7934
7981
9178
9374
6
1364
1674
3574
6324
6574
7324
3
2715
2751
5721
10
1256
1275
1725
5283
5823
6125
15
2915
2917
2971
9721
9814
9824
1
4763
3
3496
3497
4973
2
2385
2478
2
9372
9723
2
4658
4685
12
2579
2594
2954
9275
9524
9572
1
3652
3
1547
4157
4517
1
2947
2
2385
3582
17
5182
5732
5748
9835
9837
9853
4
1749
1794
2749
2794
1
5326
12
2847
2874
4827
5742
7824
7842
3
5843
8453
8543
2
9124
9128
3
2538
5243
5342
3
3249
3546
3924
2
2591
9521
1
5697
6
4652
4952
6452
6752
9452
9752
5
2875
2879
5872
6372
8527
24
4178
4179
4187
9178
9184
9187
1
4835
2
2938
9538
2
3716
3761
2
3548
3854
2
1248
1348
5
5247
5267
5274
6257
7254
3
4697
4796
9476
9
1326
1725
4326
7521
7524
9875
1
3746
1
9354
4
3648
3649
5347
5641
25
3469
3496
3792
6439
8392
8932
2
8153
8273
2
7948
9748
2
5271
5721
1
4156
4
6578
6579
6587
6597
16
1436
1934
2436
5934
7436
7934
2
8154
8574
2
5836
8635
4
1496
4196
4916
9416
1
5136
1
5389
2
1382
8321
7
3471
3481
3741
4281
7241
8241
5
7198
7819
7918
8953
9853
7
4795
5749
5974
8495
9475
9485
1
7196
3
1587
1785
1857
3
2754
2758
8752
3
6137
7316
7816
2
5963
8369
1
9184
8
1938
1983
3918
4983
8913
8934
1
3458
1
9783
1
7823
2
3892
9382
6
1823
1832
2183
2487
2847
3182
3
4269
4289
4358
1
2438
1
3569
30
1243
1264
1268
8264
8493
8792
1
6257
6
2548
2584
4285
4528
5248
5284
2
4786
6748
3
3829
3892
7825
3
3789
7389
9378
5
2379
2396
2397
2693
2973
1
3496
4
7529
7925
8529
8925
1
8754
1
3164
7
2471
3487
3967
4271
5632
5674
3
2176
7126
9126
6
1893
4186
4653
4681
4963
7582
1
6978
4
1832
1839
5834
9834
1
3518
6
1623
1632
2613
2631
3612
3621
10
2456
2654
3426
6458
8456
8654
2
2368
6328
1
1738
1
9813
1
6238
4
3126
3127
6132
7132
4
3549
7593
9435
9543
2
6892
6982
1
7689
2
2358
8327
1
3157
2
4967
7469
6
3746
3764
3784
4673
4873
8743
4
3948
8493
8934
9843
3
2319
5391
9321
1
6978
16
2593
2937
2957
9257
9837
9857
2
3246
7316
3
5973
7953
9735
2
7395
7895
6
2584
4582
9527
9547
9572
9574
5
2956
3926
5926
6923
6925
1
7435
31
1362
2136
2156
7365
8362
9362
4
2195
2768
2915
8735
1
8324
1
6245
3
2947
2974
4729
14
1938
2973
2978
9318
9813
9836
1
6472
1
3689
2
3485
5483
1
9465
13
3968
5267
5489
8671
8974
9458
1
6493
4
8349
8369
8394
8396
1
3547
5
2649
2946
4269
4296
9642
6
2379
2679
2973
2976
3579
6579
2
6847
6874
4
4256
4265
4576
4675
1
9871
2
4153
4753
3
1624
1674
2461
3
2641
4621
6241
2
3159
3591
2
1367
1763
9
2685
3285
3785
8625
8735
8765
4
1253
1257
3251
7251
1
8165
3
4396
4693
4793
10
1257
1527
2157
5721
7251
7521
2
2341
6341
1
6314
1
1739
1
2834
1
6143
2
5346
5364
1
1432
5
1385
1765
3765
4365
6715
2
1562
3562
16
2178
2478
2517
8364
8369
8396
1
4726
2
7546
7654
12
3415
3427
3614
9417
9814
9847
6
6318
6398
8163
8361
8369
8963
2
1654
6154
1
2534
1
9315
3
4728
8742
8792
5
1425
1524
2415
2451
2514
1
2581
1
6978
5
1468
6478
6481
6487
7468
1
1956
2
2894
2948
5
5296
5926
5962
6295
6925
4
1472
6472
7142
7642
3
4127
4357
4527
2
3687
7186
4
6234
6324
6423
6432
1
4983
4
3569
3659
9563
9653
2
9173
9731
2
8495
9485
2
6294
6912
1
9648
11
2598
2893
8529
9568
9823
9863
2
1682
1826
1
3715
24
1468
1598
1864
8416
8913
8915
2
1528
9128
2
5173
5371
1
5816
1
3579
4
7126
7216
7294
7492
5
1438
1458
3418
7438
7458
3
1387
1783
8173
2
3641
6341
1
9128
1
9768
1
7624
1
5612
1
8561
5
1927
7928
8927
9728
9827
1
2389
1
6419
3
1567
6751
8759
1
6579
3
1284
5284
9284
2
5632
5673
2
2138
2831
1
6927
3
9268
9276
9862
4
4271
4387
4987
7281
10
4517
4571
4715
7415
7451
7541
2
2457
7452
7
2469
5149
5348
5879
8453
9857
18
2458
2459
2548
9254
9452
9542
1
7869
3
1279
1729
6978
3
1358
8315
8351
1
3526
3
6518
6581
8561
4
1275
1679
4375
5374
5
3795
5692
7194
7698
8697
2
2735
7135
3
2693
6923
8962
2
4136
5934
2
2584
5283
1
9715
23
1859
1957
2897
9872
9873
9876
2
2398
7314
1
9216
1
8394
2
3948
9728
2
3582
3852
3
5193
5319
5913
1
4382
1
4521
2
2961
3921
5
7259
7529
9257
9527
9572
1
8512
3
3925
3962
4916
2
3947
9347
6
6247
6742
7245
7246
7542
7642
2
3962
6923
4
9152
9251
9512
9521
5
1597
1759
1876
1956
6794
2
2918
2981
2
6439
9436
4
5174
5471
7514
7541
4
4167
4367
6417
6437
2
1459
1465
1
7964
4
2386
2678
2786
3628
4
5361
6351
6513
7651
14
3274
3584
3724
7359
7593
9375
4
4791
7941
9147
9714
4
6135
6529
6739
6839
4
5167
5267
6157
6257
18
2579
2756
2957
6574
9572
9574
5
7135
7351
7395
7531
7935
1
4398
5
5986
6857
6859
8567
8569
4
4758
7189
7854
9178
5
1739
1874
1894
6189
7184
4
1826
1862
1865
5816
4
4951
5941
5981
9851
4
6824
6875
8924
8975
1
5386
5
1679
1697
1796
6719
7619
6
1348
1384
3148
3184
3814
4318
3
2145
2451
2514
1
5739
1
6287
2
1824
4825
18
1382
1582
1823
8152
8213
8215
17
1647
3748
3786
7683
8736
8743
1
3548
3
2897
3168
8613
22
1257
1527
1548
6578
8572
8576
1
9346
2
2498
8429
20
4627
4628
4673
9754
9841
9854
2
5238
5283
4
2394
3492
3497
7394
1
8654
1
3876
1
8253
2
2586
8526
1
4576
2
4326
4726
1
7138
1
5864
7
2437
2637
6237
7236
7432
7632
1
7315
6
2749
2789
3728
4729
5264
9274
1
8293
9
1243
1726
3214
6217
6245
6294
2
6932
9632
1
3762
3
2614
6142
9586
2
3549
3594
6
5286
5672
5726
8712
8742
8792
2
2173
3172
4
1294
1792
1824
1859
1
9637
1
2319
2
1835
5381
1
8346
3
6953
7924
9247
3
4238
4382
4832
4
3182
9376
9576
9675
1
5834
3
3849
4378
4389
1
6812
3
5421
5721
5891
3
5346
6947
8346
1
5241
5
5739
5839
5879
5983
5987
2
3547
3574
3
2936
6923
9326
1
5249
1
7948
8
1342
1345
1346
5348
6348
7348
3
2685
6852
8625
1
2658
14
1257
1275
1279
8762
9217
9721
4
3567
3917
4567
4917
10
3749
3794
4739
9347
9437
9487
2
5473
9361
2
1356
5316
6
4178
4198
4918
7418
8417
9418
1
5491
2
5168
5648
1
5892
4
6397
6857
8657
9754
1
5418
5
7495
7496
9745
9746
9764
4
4283
4382
4387
4783
3
4196
6139
6178
1
1329
4
1452
1576
5214
5716
2
2418
2487
3
1935
7931
8135
3
1537
1538
8531
4
4961
8961
9461
9861
1
1547
1
1982
1
2613
1
5418
1
8731
1
5836
2
6351
6781
11
1467
1476
1496
6914
7164
9614
1
6914
6
2189
2819
2891
9182
9281
9812
1
6785
2
2374
2437
3
1928
9128
9218
12
1285
2381
3289
4651
5289
9382
10
6158
6179
6245
8127
8217
9617
3
4325
5243
5342
2
5829
8925
4
1589
1659
2185
2615
1
3586
6
4561
4581
4651
4768
4851
6381
3
4639
7691
9671
1
2485
1
8916
1
3149
4
5162
5182
5612
5812
20
3912
4912
5912
7962
7982
8912
7
3128
3158
3182
3581
3821
3851
16
2354
2435
2453
7524
8256
8562
3
4297
4729
4927
1
3172
1
5491
1
7612
2
1246
7846
1
1439
2
6785
8765
1
9741
3
1943
3964
9364
1
9746
1
4972
1
6723
4
7814
7841
7849
7894
1
6241
3
4867
6487
8467
6
4187
4718
6187
6718
7814
7816
2
1483
1843
2
7186
8176
3
7596
7956
9576
2
1763
9152
1
2439
14
1489
2483
4189
9386
9431
9583
6
1643
3146
4163
5194
5941
9145
4
1372
3127
3271
7132
4
2487
2746
2784
2847
8
1243
3217
5218
8173
8241
8317
1
2174
1
8425
9
2563
2653
6145
6541
6587
6785
1
7261
1
6841
3
4937
6978
7934
3
2698
2986
9268
3
6824
6924
8794
1
6289
11
1674
4176
4716
7694
7845
9674
2
4138
4836
1
7149
2
4568
8465
2
1398
1983
3
4785
4825
8745
6
1375
3175
4915
4935
8941
8943
11
2356
2357
3572
6574
8356
8357
4
5679
6579
6957
9657
4
6517
6527
6537
6587
1
7962
4
5148
5178
5184
5187
3
1462
4162
7412
3
5961
6591
6951
1
9843
2
5394
9345
3
1459
3471
6421
1
1675
2
2357
8357
2
4732
4738
3
6758
7426
7658
2
2947
2974
4
9174
9374
9471
9473
2
1348
1834
19
1548
2548
3648
8541
8542
8573
5
4179
4198
7139
8139
9138
6
6945
6947
6954
6957
6974
6975
2
3958
3985
8
6789
6978
7698
8967
9687
9876
3
1784
8741
9714
2
8275
8579
1
8723
2
5983
8965
5
6849
6894
8649
8694
9648
4
1857
1957
8157
9157
3
6517
8415
8417
15
2496
2946
2964
9436
9462
9463
6
2465
3276
6475
7456
8276
9276
1
4756
28
3627
3628
3672
8632
8637
8674
2
8597
8975
4
7395
7695
7892
7893
2
5197
9751
1
6379
2
1645
4615
1
2841
1
1285
2
1783
8317
2
3918
7918
3
5718
5781
5782
2
1965
5961
3
1827
1872
7821
3
1895
5791
9815
1
8623
9
1378
1837
1839
7831
9138
9831
2
4792
7492
4
3457
3458
5734
8476
3
4219
7219
8219
2
4379
7329
1
8326
1
1648
2
3291
9231
3
2485
3485
7485
4
1248
1278
1458
1758
4
3847
4387
4918
9814
2
2457
2547
6
1678
1867
1876
6871
7861
8671
1
2479
4
4916
4961
7913
7931
2
1294
8254
1
1975
2
2631
6132
3
2378
3269
7238
2
4857
4875
2
6718
6793
2
1678
8617
3
1629
6497
6921
7
7451
8291
8391
8475
8921
8931
1
2871
1
6394
1
6843
2
8479
8947
1
9273
1
5496
1
3594
6
3126
3527
3542
3612
3621
3752
1
6794
4
3246
3264
4236
4326
3
4235
4523
4532
1
1345
1
9645
5
2738
3948
7348
7832
7834
3
8271
8721
8742
4
2537
2573
2578
2587
3
1745
6157
6715
2
1932
3947
6
1372
1392
7142
7312
7649
8162
6
3768
3798
7638
7938
8736
8739
2
3821
8123
1
5482
5
4351
4531
5134
5314
5341
4
1962
9261
9612
9621
1
8794
1
5239
2
1382
1869
3
7982
8792
9841
2
4138
4381
3
2634
4659
9654
1
9458
2
7615
8615
