2
5462
5742
2
5816
6518
1
1362
2
3768
6738
1
8753
1
7568
3
7481
7814
7841
2
7659
7965
3
4962
5132
5968
2
1435
3415
22
4156
4182
4318
7386
7682
7812
24
1245
1285
1524
8245
8521
8524
2
1247
4819
1
7952
6
6472
6714
6742
7416
7614
7642
3
5162
6142
6217
3
4317
4397
8457
2
3842
4852
13
1324
1423
1428
8142
9146
9724
1
3986
2
3978
6978
2
3269
3281
3
8354
8357
8359
1
1798
1
2839
2
2769
9672
6
4961
5139
6941
9146
9531
9731
2
1582
8532
4
7163
7361
7369
7396
1
4398
3
2138
3842
8312
4
2374
2376
7354
7356
2
7256
7265
3
6285
8265
8296
3
2671
2673
2674
1
8329
3
4739
7439
9374
2
7138
8137
5
6912
7218
7812
9216
9612
4
7894
7984
8974
9874
3
6398
6583
8341
1
5386
3
3914
7314
7916
3
4593
5493
9453
3
2657
6752
8756
2
8419
8491
1
6492
3
7981
8971
9871
3
3759
7359
7539
4
3176
3617
3651
6153
2
1685
8651
8
2835
2865
3825
5628
5823
5826
2
2917
9517
1
5183
2
4596
9546
1
3578
2
7243
7342
2
1536
6457
3
7528
7825
7925
4
3756
3759
6741
9741
2
2914
2916
2
6835
6837
2
5239
5932
2
2746
4267
1
4892
3
1248
1824
5234
11
1935
3915
3965
8315
8365
8635
2
1584
5184
12
9276
9278
9672
9784
9872
9874
2
3194
4193
4
4785
4896
5392
5798
2
4651
6351
7
2678
4618
7412
7826
8627
9541
1
2813
2
2657
2659
3
2536
5623
6523
3
1746
4761
7641
2
4758
4958
2
3576
3756
3
3846
6149
6749
2
2459
2495
3
3475
3574
3675
1
8195
1
9816
4
7982
8791
9178
9278
16
1349
1749
3941
7945
9134
9174
2
4516
7516
1
9328
2
2546
5426
2
1485
4185
1
6351
1
9614
2
1874
6734
1
2379
4
1547
5417
7418
8417
2
2986
9286
1
6379
1
5819
1
4513
3
2591
2593
2598
5
5786
6473
6875
7436
7856
1
3689
1
1345
3
1873
2463
6423
1
2649
12
1796
5796
6197
7956
7961
7965
3
1365
1536
9451
1
6348
1
1465
2
4837
6135
2
5421
6421
12
4572
4765
5287
7865
8572
8765
2
3861
4817
2
5834
8375
3
2856
6852
9152
1
8326
3
4765
6457
6745
5
1968
4968
6198
6498
6948
3
1873
3871
3872
1
6728
4
1849
5248
5824
5874
20
1238
1638
1836
8593
8649
8946
2
7896
8967
2
6984
9684
5
2137
2837
2947
8237
9247
3
4813
8134
8934
2
4136
4316
5
1598
4561
4569
8519
8591
8
3659
4319
4391
7659
8359
8759
1
2964
1
6315
1
7512
1
5718
1
1452
10
2358
2538
2835
5823
8325
8523
4
5348
5748
5843
5847
2
4785
7584
3
5478
5847
8471
1
3496
2
4752
5781
3
5698
6895
8965
10
1869
3169
3268
8592
9827
9861
1
7934
8
1284
1562
2184
9182
9213
9281
5
1258
1259
1295
1345
1852
2
1643
6413
3
5297
7293
8293
2
8534
8536
2
7184
7534
3
3256
3526
4516
2
2613
3621
1
9812
1
7925
1
2917
2
1624
2674
4
3691
3961
6391
6931
1
6481
3
1469
5463
8419
1
9135
2
2439
9432
2
4159
6249
3
4536
8637
8639
2
4375
7345
10
2635
2935
3265
5932
6235
9235
1
1687
3
6158
6581
6815
1
6983
2
2871
2917
3
5793
5893
7593
1
4517
5
1348
2318
2394
5342
9342
8
1324
2314
3214
6345
6453
6543
2
5214
5264
1
3854
1
2386
2
2396
3926
3
1295
1376
9265
6
5283
5293
5823
5893
5923
5983
3
2596
5296
8592
2
2135
2156
1
7816
4
8259
8329
8349
8934
2
8547
9587
28
3167
3175
3765
9167
9175
9765
3
2943
8243
9243
1
8715
23
1892
1897
2596
9625
9675
9765
1
2547
6
5749
6739
6925
7459
7945
7954
4
2694
6294
6793
8764
5
3982
4385
4897
8392
8435
6
2735
3716
3725
4352
4613
6713
4
1234
2341
3421
4321
1
9148
2
5691
8693
26
2536
2539
2635
7685
7934
7985
24
3456
3486
3496
9541
9826
9841
2
8179
9471
2
3569
6539
1
1837
