12
1236
1356
1623
9236
9356
9623
1
8396
2
2593
3925
18
2645
4265
4275
7645
7826
7926
1
1587
4
1548
6548
8541
8645
3
1732
3725
5732
9
4369
4693
4793
9473
9643
9743
1
3187
8
1479
4815
4895
6495
6541
6549
3
2147
4127
7142
2
7849
8947
1
9285
5
4218
7218
8241
8271
8619
2
6593
9356
2
2136
6132
1
9278
3
8123
8257
8423
2
5147
5714
2
9356
9572
4
1725
1785
2715
8715
6
1435
4139
4215
4291
4935
9435
4
5681
6281
7231
8793
1
2436
3
2561
6512
6521
1
1745
2
3746
6743
1
4576
3
5921
8921
9521
1
8435
32
2356
2359
2365
9325
9425
9524
3
9137
9157
9517
2
5816
6815
2
1426
2416
3
1894
4198
8149
1
7813
1
9138
1
4286
2
5628
9528
1
4569
2
1869
1965
1
5937
9
2364
2634
2986
8364
8634
9268
1
2615
1
4856
3
1562
5123
5126
4
5179
5719
9175
9715
2
8732
8761
2
7918
7938
2
6728
8627
1
5712
1
8596
4
3157
3517
7156
7516
3
6248
8691
9681
3
1395
1593
3671
4
3174
3179
4173
9173
10
1628
3562
5623
8692
8695
9628
4
1584
3751
6278
8591
4
2357
2537
3257
5237
1
4217
5
3586
3865
6385
7561
8365
1
8791
1
5612
5
1283
1963
2541
2946
6943
1
7438
12
1284
1584
1684
8124
8154
8164
4
4279
7239
7249
7293
1
1576
1
7632
2
3479
3974
1
6173
2
8316
8613
2
1583
1593
3
1247
7249
9247
2
2586
5826
3
5163
5963
7645
2
7169
7619
2
3596
3695
12
1482
1834
4182
8934
9482
9834
1
2974
2
8546
8563
18
2168
2618
3148
8764
8964
9648
1
8591
2
6182
8162
2
4192
9142
2
6258
6758
2
2138
8132
3
2169
2196
6192
5
1574
2418
4316
4586
8546
5
2953
5923
5963
6539
9235
2
1952
2753
1
3169
1
6574
2
5837
5987
3
2847
3214
3274
2
2137
3127
6
9153
9165
9362
9673
9853
9865
3
3974
4937
7439
14
1283
1285
1382
9528
9783
9785
2
9745
9842
1
7834
2
4619
9614
2
9718
9781
2
1438
1628
3
1975
7915
7985
1
9432
1
2439
2
5137
7135
11
4172
4176
4526
7294
7964
9764
15
2394
2943
3146
9243
9386
9847
3
4325
4529
4925
3
3219
9158
9231
2
4218
7528
2
3572
3672
2
1856
4856
31
1487
2487
3187
9764
9853
9854
3
1836
3168
8316
2
4769
8765
2
1372
1732
1
4286
2
9147
9417
2
1934
3914
2
5691
5961
1
5287
1
9184
1
5914
3
3698
6398
6893
2
1234
2134
1
4978
3
1268
1286
6218
4
5319
9315
9632
9743
20
2137
2465
2546
8325
8523
8532
2
4735
4756
6
5124
5296
5421
5624
5921
7846
1
9387
2
3614
6134
2
7491
7941
3
1953
3127
3182
5
4926
4962
6812
6924
8216
2
4782
8274
2
3628
8263
1
4179
1
8246
3
2896
6892
9862
2
6153
6531
12
2473
2843
4372
5843
9473
9843
3
7895
9785
9875
6
2396
6293
6392
9236
9263
9362
14
1539
1632
2631
3951
7143
7543
3
4361
4381
8341
2
5186
8156
4
3178
3187
4178
4187
3
3185
3285
3985
2
2489
8429
4
7485
7845
8475
8745
3
3627
3726
4865
5
1584
1594
1854
1954
2715
5
3825
7658
8325
8675
9375
1
1782
4
1785
7581
8571
8751
1
9821
1
7326
1
4261
1
5762
3
3859
3895
9583
13
1456
2145
2451
5146
6145
6451
11
2356
2536
2563
6543
7135
8543
1
1359
1
6498
3
6294
8264
8294
1
3618
1
3647
3
1432
6732
7632
1
8345
1
1284
1
9172
4
8415
8416
8451
8461
1
4186
2
2957
9257
8
1527
2794
3597
7942
7953
8527
2
1458
1854
4
5289
5482
5749
5928
1
1679
2
3958
7395
2
1728
2168
2
6938
8976
1
4768
3
7869
9768
9786
1
2476
1
2937
4
3259
3592
3982
8579
1
2319
7
1729
1846
6724
6945
7246
9436
1
6275
2
7624
7642
1
6298
2
8547
8574
1
4628
24
3519
3619
3719
9835
9836
9837
4
1294
1479
1794
4197
2
4578
8547
2
1523
3521
2
9457
9754
3
7891
8629
8914
2
3561
6531
1
9456
1
1483
2
3215
5231
2
6874
8647
2
7163
7189
3
5149
5179
5194
2
2948
3126
3
5698
7396
7398
16
1798
2754
3645
8197
8317
8917
1
9158
1
8296
1
2754
1
5872
6
2653
2657
2659
3658
7658
9658
2
1732
1758
4
3128
3821
3829
3928
16
2817
2831
2871
8179
8391
9318
5
4368
5367
7365
8567
8765
1
9215
1
6148
1
5781
10
1345
3145
3857
8245
8357
8945
1
9431
4
4279
4297
7291
9721
2
3274
3674
1
4975
12
1675
1679
1697
6497
6547
6571
1
5329
4
6459
6549
9456
9546
4
2137
2138
7834
8734
1
5796
16
1467
1764
1796
9617
9637
9763
11
1543
2143
2314
7543
7814
8741
12
3194
3694
3941
9541
9546
9674
2
7259
7295
4
3841
4831
8341
8431
2
4756
7456
3
3147
7134
7143
2
4872
8472
6
2569
2689
2869
3264
5269
6289
1
8631
2
1963
3916
2
1364
4631
3
1748
8457
8754
2
5194
5914
6
2357
2376
2756
7236
7325
7652
12
1658
1684
2168
8164
8634
8653
23
1698
1738
1837
9648
9846
9861
12
1572
1625
2673
5674
5679
9675
2
1295
5921
4
2895
4295
4925
8365
4
2369
3786
6378
8763
1
2498
3
3647
4637
6437
2
1982
9681
4
4879
7489
7849
8479
1
1539
2
4871
8471
10
1349
1439
1739
7819
8419
8719
1
6972
1
4312
5
1235
5132
5724
5924
9254
1
8694
2
4597
4957
1
1275
1
8793
2
5174
5741
1
8651
9
1239
1269
1278
6289
8239
8269
1
3647
1
3471
1
4259
1
8462
2
1694
1973
4
1243
1984
2143
2413
4
3268
5261
6218
6291
4
5147
5174
5178
5739
2
6194
6914
1
7542
3
3854
4783
8354
1
9765
2
7915
7945
4
4136
4316
4361
8365
4
1946
4739
7934
9734
2
4186
8416
1
8459
2
4176
4716
3
2498
2948
8294
1
6792
28
2137
2916
2936
6921
6923
6932
2
1896
6981
5
9152
9251
9512
9571
9751
2
2893
3829
1
9275
1
5648
