2
5498
5948
5
1627
2617
2671
2761
6721
5
3175
3571
6723
6732
7236
1
1867
3
7369
7492
7942
1
5238
12
3216
3264
5216
9263
9536
9632
1
8456
3
4528
4582
4852
3
4679
4976
7469
1
8751
4
5927
5967
7921
7961
4
3195
4195
7193
7194
1
9817
2
1923
9723
3
7263
7362
7632
1
7249
2
8164
8461
18
2317
2678
3217
9276
9627
9672
1
6435
2
5631
6851
4
4328
5198
5628
5918
6
3157
3457
3857
3951
3954
3958
2
5178
7185
2
3819
6479
25
2159
2193
2519
9251
9521
9714
1
5712
2
3856
8527
4
6324
6384
9642
9648
2
4827
8427
9
3154
3156
3451
4153
6153
8279
4
3541
3941
5691
9651
1
1483
1
5749
15
2468
2486
2489
9487
9748
9847
3
4283
7243
7324
4
2649
4712
5972
9642
5
2879
2987
7892
8297
9827
6
6247
6297
6427
6497
6927
6947
2
3951
7341
1
1273
1
2946
3
1523
5213
5463
3
2517
2751
7659
1
2648
5
3478
3748
7384
7483
8734
4
8629
8659
8692
8695
1
2136
2
4675
4975
4
2359
2395
3259
3295
5
1423
2143
2946
6154
6423
2
5781
5783
2
8179
8479
8
1247
1742
1746
7146
9137
9713
1
9415
13
5416
5419
5461
9471
9618
9631
1
3684
2
4983
8934
5
2346
2645
4326
4362
4625
3
1457
1547
5714
2
6342
9652
4
5187
5417
5714
5718
2
3476
7643
1
6597
2
5269
6259
7
1728
1857
1872
7382
7853
8723
2
1524
1542
6
1246
1624
1658
2614
5618
8516
3
6975
7695
7956
21
1394
1469
1694
5946
6594
6945
21
3589
3859
3895
9785
9853
9875
1
5913
4
2537
2538
7532
8532
2
9461
9561
1
3456
10
1652
2615
3192
5632
6512
7312
1
5632
2
4163
4631
1
9437
3
1524
2145
2415
2
2356
2653
4
5316
5361
6135
6531
4
9123
9721
9728
9823
16
2153
2159
2351
8924
9284
9524
5
8132
9263
9273
9623
9723
9
5982
6794
7694
8932
9182
9764
4
4238
6348
6843
8234
6
1279
4238
5479
5679
8234
8236
2
4582
4682
4
3917
3971
9317
9371
3
4396
4639
4936
3
1496
4916
6419
1
3472
1
9814
1
5216
1
9386
2
1923
9312
12
1269
1869
2619
5369
6519
8369
4
1462
6412
6482
8462
4
2573
2653
5973
6973
9
8134
8534
8734
8957
8971
8975
2
1729
9721
3
4863
5362
7164
30
1489
1498
1589
9658
9684
9685
1
6138
1
3985
1
5263
1
2719
2
5928
8925
6
2678
4276
4672
6278
8276
8672
2
1784
8714
6
1983
3189
3689
3981
3986
6983
3
3754
9374
9734
2
4293
4923
1
7316
4
3659
5639
5693
9653
2
4921
7921
2
4728
6728
1
4351
4
4139
4176
6174
9134
2
7149
7194
4
6387
7358
7853
8753
2
1479
4791
3
1958
1976
7916
3
4735
5734
9738
2
4153
4653
1
1873
1
5437
1
7819
4
3874
7384
7438
8473
3
7489
7984
8624
1
6782
2
1253
4521
2
7251
7318
1
2684
4
4126
4186
4927
4987
2
1634
4631
1
8273
1
5821
1
6325
1
7534
14
5416
5461
5471
9416
9461
9471
1
8917
3
3578
4653
5628
1
9864
2
2658
8256
1
1463
4
3589
3598
9758
9785
2
4687
7684
10
3574
3594
3745
7534
9345
9534
3
2486
6824
9234
1
1296
2
1352
4152
2
2835
8325
4
1385
1853
5873
8573
1
7825
1
2594
2
5149
5491
2
1824
2814
1
9458
5
2483
2813
8312
8423
8432
16
1296
1396
1629
6319
6912
6913
1
4238
2
4192
7198
2
8392
9283
2
2471
2741
3
4517
4987
5936
3
1978
2978
3786
6
1297
1896
1972
1986
2179
2693
1
4791
1
8349
1
5642
2
2768
2786
2
6298
8692
3
1973
7935
7953
5
3786
4689
5367
5736
5964
2
2915
9215
6
2451
5241
5421
5461
5641
6451
4
1278
2178
8513
8613
3
9623
9625
9632
5
6185
6581
6815
8165
8561
1
6453
2
4679
6479
1
8719
2
3752
7352
1
7835
2
6584
7584
1
4267
4
1284
3281
9321
9421
2
1257
1725
12
6175
6315
6345
6475
6875
6975
13
2164
2589
2594
6183
6214
6281
4
1382
3281
3621
8132
2
7319
7913
2
2319
3921
3
3487
3847
8743
14
2657
2675
2856
8256
8265
8625
11
1248
1249
4935
8946
9241
9435
18
1769
1795
2769
9786
9867
9875
2
5739
5937
2
4186
8146
2
4257
4859
3
3942
6842
8246
6
2734
3468
3724
3742
3864
8794
2
4386
8463
2
7329
7529
3
1567
1576
1675
3
3568
3698
6358
2
4156
4651
1
4326
1
2813
2
1235
5231
4
2358
2583
4378
4783
1
6275
3
2639
7639
8639
1
6971
2
1586
9583
2
2193
9367
1
7189
9
2157
2357
3257
9237
9327
9647
4
2934
3924
6274
9432
3
1263
1326
1632
6
1892
2819
2891
8129
8921
9812
18
1594
1795
3594
7593
9357
9451
2
1975
5974
6
3271
3769
3796
7132
7639
7936
2
1925
2915
10
8147
8174
8179
8694
8917
8971
6
1796
7196
7896
7916
8796
9716
6
1274
1427
1742
2147
4217
7241
1
3924
22
1796
3716
3746
6974
9716
9746
2
9381
9813
4
9326
9356
9365
9635
2
2968
9286
1
9245
2
5491
9451
1
9478
2
2185
2189
2
7394
7398
4
2359
2439
2934
2935
4
2954
3954
9452
9453
2
3298
3892
1
5124
1
7548
2
2736
5726
5
2187
8157
9716
9786
9851
2
5278
8524
2
4258
5248
1
5423
2
1526
1625
4
6734
6834
7854
8754
1
2816
3
4178
4871
8174
1
3954
1
5917
2
4812
6351
2
2174
7421
2
2317
2364
6
3417
6417
8137
8167
8317
8617
2
2385
8325
4
1765
5761
6715
6751
1
6972
3
2159
2851
8251
5
6579
6879
7629
7689
9276
2
1259
2159
6
4859
4953
6254
6359
6754
6958
5
3419
8265
8371
8617
8625
1
8216
11
1845
1854
6758
8954
9845
9854
1
8715
5
3764
6734
7634
7964
9764
15
3872
5274
5281
8475
8521
8574
1
8165
1
5813
3
1389
3918
9318
2
3215
3259
2
1683
1783
2
7369
7639
1
3246
1
7168
13
1379
1729
1739
7913
9712
9713
7
1839
5839
6782
6834
6859
8732
1
9456
2
1689
9681
8
7123
7128
7213
7281
7321
7821
1
5184
3
3159
9315
9351
7
2786
4679
5679
6579
6872
8762
4
2963
4123
9153
9162
2
3549
5349
2
2814
4812
1
5634
2
3928
7831
2
6934
9134
3
6821
7823
9863
2
2348
9543
14
1645
1647
2596
7643
9254
9274
3
4916
5916
8916
9
2451
5214
5421
7983
8379
9873
1
8173
1
8654
30
1235
1435
1523
7135
7583
7835
2
7913
9137
2
6132
6192
1
7125
2
3516
8716
1
4291
1
7154
1
7481
6
1472
5137
5173
5179
5197
7421
4
1235
2175
2738
7215
2
2713
2719
3
3521
6529
9526
1
3965
2
1683
1693
15
1467
1469
1495
5176
5961
6174
2
1372
1486
22
2146
2164
2461
8941
9821
9841
12
1247
1248
1257
1725
1824
1825
2
1547
1549
2
1524
4125
3
8416
8417
9241
1
1394
2
2538
5328
3
1875
7215
7251
1
7385
3
6283
6823
8436
4
1498
1948
4918
9418
12
5184
5784
6871
8974
9184
9784
2
3164
7439
1
1587
1
3216
6
1742
1745
1748
4732
4735
4738
3
3598
5938
8395
2
4312
9412
12
1692
3295
3625
7625
8692
9685
1
6857
1
3718
1
4195
2
4237
6734
1
4862
4
2895
4895
7295
7645
3
8395
8396
8593
6
2679
2867
2967
6827
6927
8267
4
3946
6493
6934
9643
1
6857
1
3982
4
9517
9568
9571
9573
3
2518
3284
4382
8
1825
1826
1856
2861
6821
6851
2
7641
7841
1
5163
1
1859
2
2895
9148
2
2653
5632
1
9832
2
3542
5342
4
4368
4568
4638
4658
2
1736
6731
1
1976
1
4172
1
2145
2
4579
4975
2
4795
4975
4
3425
3452
4253
4523
4
2437
2453
3597
5497
1
5324
1
8734
4
1842
3842
8142
8342
2
4376
4673
2
3976
6973
6
9613
9631
9637
9638
9673
9683
3
3859
8359
9358
3
1465
5146
5416
4
3674
4672
4978
8974
2
1485
4685
1
8356
3
1365
6315
7315
4
1459
1469
4195
4196
2
3452
3542
2
7543
8643
1
8436
4
2693
3246
4623
9263
6
3478
3917
6327
6723
6973
7913
2
5621
8621
7
2718
2871
4729
6498
8271
9451
1
2139
12
2589
2895
2958
8529
8694
8795
1
1278
1
8593
6
4258
4652
4869
5246
5842
6849
2
6217
7621
2
5189
8159
14
2174
2376
2846
7825
7852
9476
3
3286
8236
9386
4
6534
6538
7594
7598
2
6739
8639
2
3549
9345
1
1697
6
2346
2369
2436
2463
2936
2963
1
7348
2
1389
1784
2
4598
9485
22
1653
1768
2698
6941
8953
9853
2
4693
6493
1
6987
2
2394
2493
8
3869
3897
4967
9764
9856
9874
17
1346
1349
1854
5814
9341
9814
2
7643
8462
3
2814
4182
4281
10
3684
3689
3784
8436
8473
9378
4
1273
3217
3271
7213
1
2583
4
3264
3924
5164
5914
1
8596
1
4736
18
2186
2459
2659
9452
9526
9652
4
1695
6195
9156
9651
2
4731
4751
4
4185
5481
5814
8154
4
5793
5973
9357
9573
1
2718
2
7896
9521
4
2385
2853
3285
5823
4
2756
4236
4623
4761
10
2374
2473
2734
7483
9341
9431
2
6275
6295
1
4681
18
1429
1463
1593
9421
9463
9513
2
3972
7964
2
1367
2139
1
1785
3
4259
6239
8359
1
3294
2
1793
7863
1
6719
2
6237
6732
6
3697
6397
7369
8497
8947
9487
2
2534
2543
1
5678
4
2659
2956
5962
9562
1
1784
5
1289
1489
1768
2789
8749
4
1269
2169
7162
7261
3
1597
6597
9567
2
2384
4281
2
7952
9275
4
3428
3948
4398
9328
2
2569
6259
6
3167
3487
4387
9346
9463
9643
1
2463
6
2579
5279
6475
7465
9275
9572
1
2987
4
1769
6791
6917
7619
2
2835
6135
1
1743
6
1652
1658
2651
5627
5687
8651
4
1425
1524
5124
5421
4
3518
3718
5813
7813
12
4156
4159
4165
6982
9582
9682
1
2516
2
1396
1936
2
5716
6517
4
3587
5387
8357
8537
21
3928
3958
4258
9452
9823
9853
2
2357
2463
1
1432
20
2149
3149
5149
8541
8619
8641
4
2368
2638
2683
2863
5
1352
2315
4157
4159
4751
1
7246
2
4372
4672
22
1948
1968
1974
9316
9418
9618
2
6452
6752
3
1378
6372
8972
6
3786
3867
6738
6783
8367
8736
2
4537
5347
6
2916
4916
9216
9536
9612
9614
2
8164
8614
2
5931
5932
1
5498
1
3576
3
7159
9517
9571
2
8619
8691
3
1746
6174
7146
1
7459
12
2847
2849
2874
8753
8953
9453
4
6537
6597
6823
6829
3
6214
6241
7438
30
3546
3596
3946
8596
8946
8956
1
5897
3
3186
3796
3816
2
9124
9324
4
1435
1453
3415
3451
1
3246
2
8251
8621
1
3295
6
1579
1759
1837
3871
5179
7381
