2
6928
6982
11
2149
2914
2985
9241
9843
9852
5
5289
5987
7958
9528
9578
1
5487
1
2958
1
4195
5
5216
7254
7514
8254
8514
14
1473
1634
1643
9471
9614
9641
2
1265
3281
2
4523
4563
5
1268
1826
4268
4826
6824
1
3789
9
3756
3795
5726
7295
7359
7365
10
2598
2958
4159
6195
9154
9165
2
8254
8524
6
2457
7154
7254
7415
7651
7652
22
1346
1347
1749
7345
7369
7549
1
8597
3
5381
5936
9365
2
2753
2954
1
5376
2
5483
5843
2
5729
5927
18
4169
4196
4679
6479
6923
6974
4
1846
2486
6284
6481
4
7123
7321
8129
9128
2
8265
8269
3
1587
5687
5817
2
2685
6825
1
5798
1
2178
4
1524
1528
4125
8125
4
2678
2876
4186
9683
3
4215
5294
9213
2
1298
9812
1
5184
2
5962
6952
3
4637
4736
4763
1
5729
2
6279
9276
6
1476
5416
5496
7416
7496
9476
4
3261
4389
4563
7369
2
3146
7456
16
1837
2837
3178
7968
9678
9867
2
8739
9738
14
1847
1927
1948
3968
3982
6917
1
1275
2
1856
4836
2
1698
7698
2
6789
8719
6
2945
2954
4769
4793
9743
9764
6
3514
4513
4516
5314
5614
6514
1
8972
2
3625
6325
1
5143
2
2964
6492
10
2354
2364
2534
4623
5234
6234
3
3769
3967
9763
12
1579
1759
1879
5719
8179
8719
20
1284
1389
1729
9721
9723
9732
1
6394
2
2835
8532
4
2546
2645
4562
6425
1
6324
1
8215
5
4978
4987
7984
8479
8497
4
1653
2153
2513
5613
1
2385
1
6519
4
3726
6273
7236
7632
1
7815
1
6149
2
1346
6143
1
6943
1
7439
5
2168
2679
2854
2894
2976
2
2195
3195
12
1265
1325
1342
4162
5162
6241
1
7291
4
1638
3168
8136
8631
2
2834
5834
3
8173
8473
8573
1
7519
4
3452
3542
4519
5419
2
8694
8724
1
1793
1
6873
2
6583
9536
3
3215
3251
7291
2
2156
2651
1
5182
1
8176
2
1834
1934
1
5427
1
2145
8
5917
5967
5971
9567
9571
9576
5
1539
1589
1593
1598
6941
1
2179
6
4238
4283
5238
5283
7293
9273
11
1329
1824
6184
6928
8124
8325
1
6538
1
6238
2
4682
8642
3
3458
8159
8435
2
9364
9463
1
9674
4
1387
1428
8173
8371
2
1283
8213
3
6137
7136
7138
1
1389
2
1768
7564
3
5789
9573
9578
1
8536
2
4196
6194
5
1739
3971
5139
7931
9531
5
1473
7849
8249
8749
9478
1
7564
4
4736
7263
7268
8713
1
8643
1
3967
2
7314
7341
4
1376
1476
6137
6147
3
7218
7318
7813
1
5738
3
4318
4813
5814
1
3196
1
2453
1
7135
2
2946
6942
24
2378
2837
3175
8379
8397
8937
5
2934
2954
4239
4259
4971
1
3194
1
5867
2
1236
6231
1
5193
2
5782
8725
1
9146
1
9273
1
5821
1
9864
4
1527
4527
5127
5427
5
4175
4571
5471
7415
7451
3
2653
7953
9653
1
6178
1
1349
3
4326
8264
8426
1
7398
3
1839
1983
8319
15
1235
1253
1325
7369
7613
7639
4
2795
4756
5792
6754
2
5713
5731
4
3145
3816
3841
3915
3
1478
6478
8471
1
3715
2
6389
9386
2
6421
9421
3
1365
6135
6531
3
1342
1352
4132
1
7253
5
1672
2571
5172
6172
9576
2
6192
6912
1
8615
2
4178
5647
2
1529
9251
4
2387
5897
9325
9352
4
6349
6352
6372
9348
6
4928
4952
4957
4978
4982
4987
4
4816
6351
6418
6518
1
8391
4
2573
4573
7453
9274
3
1683
1684
1958
3
2967
3967
9763
2
7283
7853
1
2697
2
8215
8712
6
2736
2763
7569
7956
9576
9756
1
7832
1
7389
2
4957
9457
1
3489
1
5329
1
1274
2
4638
4698
3
5713
7513
9517
1
8263
2
2456
2596
1
6389
1
2134
2
3154
4315
12
2751
2753
2758
9723
9728
9872
1
4125
7
2719
2789
4719
6189
8729
8749
1
1723
2
4391
4931
5
1659
3957
5917
5937
9753
6
1547
5471
5741
5769
6597
9567
2
6935
6985
2
1687
1697
3
2318
5318
9318
1
2845
6
3975
3985
4915
9154
9357
9358
1
7912
5
1586
2185
2815
7186
7816
3
3415
6413
6431
2
2154
2514
4
1536
1596
6951
9156
2
7394
7934
2
2539
8457
2
7143
7413
6
2589
5298
5982
8259
8925
9528
4
1784
1847
4817
8714
3
2539
3529
9523
2
4576
7546
8
2648
2864
4682
6428
8246
8462
1
2197
8
5139
5193
5319
5931
8413
8431
3
8519
8549
8562
2
7652
8652
4
6479
9467
9672
9762
1
1374
3
4253
5243
5634
2
3185
6598
4
1587
1785
5178
5718
34
2568
2597
2697
9627
9762
9764
1
8749
3
1475
4157
4715
5
1784
4718
4871
7481
8174
4
8123
8124
8132
8142
2
3184
3194
1
3614
3
5349
8169
8179
3
4156
5164
6145
2
5291
9251
3
7489
8219
8649
5
3479
3549
4259
4592
4593
1
5863
1
6421
4
4398
8394
8943
9843
32
2391
2431
2461
8463
8631
8693
3
3469
6394
6934
1
3569
8
3289
3298
3896
8913
9318
9813
4
4395
4593
8359
8539
1
4736
2
9423
9432
1
4731
1
4298
18
2834
2835
2849
9824
9825
9846
1
6712
3
2179
2197
2971
2
3296
6239
1
1583
1
9327
3
7948
8749
8947
12
2157
2159
8123
8751
8951
9158
4
1632
3621
6132
6321
6
5149
5349
5641
5643
5941
5943
1
1285
1
4826
4
2639
2693
7625
9623
4
1473
1873
1984
4981
1
1296
3
3674
6473
6743
2
2547
4527
1
5937
4
6738
6837
9178
9187
1
1892
1
4679
9
2648
2846
2864
8246
8264
8624
2
7395
7953
6
1259
1295
1529
1592
2591
5291
1
9623
2
6495
6592
5
6593
6953
7253
7523
7532
8
1289
1389
2689
6389
7514
7564
3
9487
9784
9814
2
7214
7421
7
1758
5817
5819
7518
8517
8519
1
1942
3
3269
3279
3289
3
5298
5928
9582
6
2534
2834
2934
5134
8134
9134
2
8619
8916
2
8954
9854
1
6123
2
9238
9823
1
3168
2
3862
8263
5
2759
7653
8629
8692
9173
1
8431
2
3569
5693
3
7845
8214
8241
4
2738
3728
7238
7328
15
1576
1685
1756
7852
8156
8516
1
4317
4
2391
2397
7932
9132
3
2516
7251
7512
2
1876
6871
2
6821
8261
1
7182
3
1682
4689
4698
1
8374
5
2943
3492
3924
4392
4923
2
4523
5324
4
2317
2371
3217
3271
2
4615
4651
4
3586
3658
3876
8536
2
7364
7463
12
4685
4865
5468
6845
8465
8645
1
5983
1
2647
2
5729
5739
2
2158
2815
1
8271
1
8769
4
1736
1763
5732
6732
1
8395
4
5127
5167
5217
5617
2
2168
5462
3
4365
4563
5643
10
4735
4736
5743
7534
7643
7645
3
2435
2453
2938
2
8914
8941
2
9485
9845
1
2986
8
3769
7486
7498
7864
8479
9462
1
9281
2
1624
2614
1
2436
3
2734
2764
6794
3
8649
8694
9647
6
2594
2694
2945
2946
2954
3456
12
1562
1642
2614
6512
7359
8239
12
6318
6348
6398
8643
8693
8936
2
8142
8241
1
6214
9
1562
1569
1652
6215
9165
9615
2
1563
1758
2
8251
8591
3
2485
2584
4582
20
1869
1896
1968
9248
9568
9861
3
8231
8235
8237
1
9173
2
6592
7195
6
1329
1369
2641
3619
4162
5621
12
6579
6589
6759
9586
9756
9856
1
6783
6
7516
7518
7519
7614
7814
7914
15
1328
1458
1584
8415
8532
8915
2
4526
6425
1
8735
1
2489
3
1246
2146
6241
2
1643
6542
1
7615
21
1729
1927
1978
9718
9724
9748
6
3572
4679
4697
4967
6592
9562
1
2694
1
3924
1
9182
2
8945
9485
4
7825
8275
8527
8572
3
5167
6751
8126
1
7859
4
2139
2639
9123
9623
1
9726
2
1456
6514
4
5376
5379
5673
5973
1
9475
2
6291
6431
4
2517
2571
2587
8527
3
2759
7259
7925
1
8692
1
7256
2
3981
6951
14
1352
1532
5132
9735
9782
9872
3
7314
7324
7584
1
9457
1
4379
6
5316
8216
8315
8416
8716
8916
2
2517
8259
4
3129
3921
7619
7639
2
5172
5872
5
1867
2165
2615
2816
6817
3
2164
5634
7164
7
3482
3978
4832
5831
7938
7983
2
1329
2319
1
9483
10
2478
2748
2784
8379
8793
8973
21
2731
2758
3641
8795
9731
9758
4
7289
7829
7892
8297
3
1476
2176
3456
1
9158
12
3854
3954
4658
5349
5394
8654
3
9375
9573
9735
1
6312
1
5948
12
3859
3879
3958
8739
8935
8937
2
4192
4921
2
4758
8259
1
6459
1
6218
2
4132
4231
5
7182
7192
7412
7812
7912
1
2897
1
6134
5
2581
5182
5281
5812
8512
1
4689
1
3916
1
1867
2
2716
2956
5
1954
3254
8294
9256
9652
1
6847
5
1628
3825
4813
6821
8523
1
9243
2
4136
6413
1
9781
2
1469
6149
1
1324
2
6439
9862
5
1748
2815
2819
2851
2891
1
3745
4
1763
2613
5712
7613
4
1329
1392
3129
3192
1
1647
3
2876
6849
8726
1
5648
2
3815
7831
2
3947
4397
2
2843
4653
1
7823
3
1652
3652
5162
2
4567
5864
2
4678
7648
3
2431
2461
2491
3
8415
8514
8915
22
3574
3578
3745
9574
9578
9745
14
1849
2849
5817
9628
9681
9682
6
2546
2746
5946
7946
8956
8976
21
6125
6128
6129
6921
6927
6972
2
3587
7385
8
4768
4798
4876
8674
8974
9874
4
2698
2968
6197
6928
6
4658
4678
4768
5468
6214
6412
2
5394
7394
3
3256
9156
9875
3
1853
3185
3581
3
1698
9168
9618
2
2341
2348
3
1438
1483
4831
6
3256
3526
3652
6253
6523
6532
2
6512
6521
1
6481
4
5273
5278
7235
7285
3
3268
3295
9235
2
2741
4731
4
4978
7948
8479
8947
2
6913
9352
2
3142
3412
2
1952
1958
28
2416
2617
4367
7618
7649
7816
2
1978
5379
2
3685
8563
6
8123
8213
8312
8321
8615
8625
4
5413
5461
8413
8461
2
8254
8452
2
1256
5126
2
6193
9613
1
9215
1
1896
1
5723
3
5672
5762
5796
1
6451
3
1762
3576
6172
2
2497
2783
1
2967
1
4179
4
2569
2639
9526
9621
1
1482
4
5418
5814
9781
9871
2
3846
4386
1
9714
4
1285
1582
2581
5281
2
5641
5643
2
2493
3294
2
3594
9345
3
2639
3692
3926
1
7695
2
7815
7843
5
4195
4519
4795
5716
7516
2
4539
5349
4
1245
1249
2645
2649
4
1283
1286
1862
3182
2
2697
6927
2
8974
9847
2
2158
2168
1
1439
3
7154
9157
9158
4
2839
6235
6237
6813
1
9284
