1
5478
1
9617
13
3156
3956
4123
4923
8451
9458
3
5463
8923
9823
2
5938
8935
1
4896
6
2589
2789
3289
4589
4789
7289
1
2356
2
6972
8972
1
4376
4
3578
5786
6578
7538
1
3712
4
5718
5817
8617
8716
3
2194
2197
2491
31
1648
2478
3648
8146
8436
9478
1
3147
1
1634
2
2473
4723
3
1834
3149
8143
9
5163
5189
5613
8159
9185
9815
1
5649
4
1425
4125
7145
7825
2
5812
5892
1
1389
5
3265
6235
6243
9231
9261
12
3415
3418
4513
5419
8413
8419
2
1439
3419
1
9278
1
6942
1
3419
6
1523
1573
2563
7263
7423
7453
3
4365
4635
8135
2
6921
6923
1
6385
2
2935
9235
2
2951
9351
2
9143
9513
1
9362
5
7218
9231
9241
9261
9751
1
4782
1
8672
1
4781
3
7859
7958
8759
2
3792
7293
1
9582
4
8259
8597
8759
9852
1
3729
1
6931
18
4569
4576
4578
6839
8539
8639
2
4657
4756
3
1562
9165
9561
2
5496
5946
2
2437
7432
1
1826
3
3578
3875
7456
5
5169
5619
5862
6159
6852
2
3749
3974
8
2315
2316
3917
7385
7386
7931
2
7984
9784
1
5268
4
4187
4587
4917
4957
3
3517
3597
3957
2
2613
2689
3
3981
9281
9381
6
5419
7419
8946
9415
9417
9486
9
2356
2365
2635
5236
5362
5632
8
3986
4986
5936
9456
9468
9653
2
6124
7395
4
3514
5431
5731
7513
3
2476
7426
7462
1
4637
6
2967
4967
5967
9267
9467
9567
1
7423
2
1753
7485
18
1692
3692
4692
9681
9683
9684
5
3815
7419
8153
8315
9417
12
5384
5394
5398
5928
5982
5983
2
2483
3482
1
9342
12
4215
4217
4512
8437
8534
8734
4
1274
4836
5827
8275
3
9175
9256
9265
1
2738
8
2379
2384
2397
3284
3297
4283
28
2364
2368
2386
8326
8329
8923
1
2318
3
4962
9584
9642
26
1247
2147
2417
8237
9234
9243
1
4897
3
1974
7914
7964
3
3582
3798
6748
2
8179
8719
5
2368
2836
3125
3152
3628
1
7695
1
1278
1
8617
2
8614
8624
1
1523
3
1653
6319
6351
2
4576
7645
3
2618
8126
8216
1
4865
2
1253
1325
1
6712
11
1825
5193
5296
9153
9256
9625
4
5391
5971
6918
9618
2
3172
3972
1
3628
1
8725
2
2438
4832
1
8946
5
2796
9257
9452
9642
9672
1
7215
1
6978
6
4126
4869
6124
6197
6849
9167
2
3487
4387
3
7839
9738
9837
4
2175
2715
7215
7512
1
2385
1
7392
24
1439
1739
1934
9473
9713
9743
4
2518
2581
2589
2958
1
7146
1
9375
5
2561
5461
6451
6521
6541
4
2674
2694
7642
9642
4
1748
1758
5718
7418
1
5672
30
1249
1259
1294
7325
7423
7523
3
6389
9683
9836
2
2491
4192
3
1289
3789
7839
3
4698
6498
8694
3
6159
9165
9651
4
7183
7591
7813
7951
1
1657
2
7194
9471
3
5264
5267
7265
5
1573
5873
8375
8471
8613
2
1698
1896
5
6829
6837
6847
6873
6874
2
8243
8423
2
2173
3127
4
1835
1853
1925
9521
2
2487
2947
1
3182
4
3187
7183
8137
8173
1
2761
2
9475
9574
21
3189
3689
3819
9813
9831
9836
3
2586
2685
6285
12
1976
2746
3146
5847
5917
5971
4
2814
2854
2864
2894
1
8231
10
2194
2195
4192
8195
9152
9158
1
8512
3
4367
4763
7463
3
1843
1923
1932
2
5294
5491
1
2314
6
1743
1798
7819
7849
8179
9478
3
1538
1938
5768
1
4916
4
4236
7316
9386
9836
2
6237
6723
1
2754
2
2371
3271
1
8137
1
6513
3
3819
3918
3981
3
2736
6278
6732
1
4369
2
2158
5128
2
6528
6582
3
1273
2756
6275
2
6853
8356
2
2957
2975
1
4582
2
1869
1896
6
1783
7138
7186
7618
7681
8713
1
6873
2
3985
9785
3
3625
3652
6945
11
3792
3892
3972
9781
9847
9871
3
3285
5742
8962
1
4923
2
3915
3975
16
1532
1632
1862
5321
5812
7829
5
4786
4867
7486
7864
8746
8
2315
2317
2513
2714
9815
9817
8
1564
1654
1754
6375
7346
7356
5
2149
4129
4219
4291
9241
1
6891
1
5379
1
3179
1
4179
1
9234
1
9465
1
9817
2
2147
2741
3
3798
6793
7398
1
9867
1
1697
1
4798
5
3457
3657
3754
6957
7954
3
4589
4879
6374
4
4269
4296
4539
4935
23
1273
1274
1372
8736
8742
8746
2
2791
2971
1
3629
2
1496
1679
2
2415
2495
6
2916
3916
4512
4567
4687
4956
1
2671
18
3741
3791
4187
7918
9187
9731
1
3862
4
3481
3782
3785
5781
12
1257
1259
1274
5129
7125
9125
5
2317
2819
5712
7312
7819
3
5796
5978
9736
1
2385
6
2349
2394
3492
3942
5429
5924
2
5196
5896
8
6249
6429
6924
9426
9624
9642
14
1234
1243
1423
4132
4213
4231
4
6798
6897
7869
8697
1
6182
2
1769
2157
2
1923
9321
1
6594
1
4951
2
3765
6357
5
3741
4137
5681
6549
6851
2
3179
5179
4
5637
5678
5687
6753
1
1638
2
5986
6985
5
2587
2597
7852
8752
9752
1
9836
2
7314
7318
4
2178
2478
4278
8271
2
8269
8962
4
3794
7439
7493
9734
2
4138
4318
1
4895
20
1763
2763
4763
8793
8963
9763
1
9258
1
9857
1
5867
7
5231
5284
5287
9231
9284
9287
1
9763
12
2495
2548
2549
4952
6451
8452
1
8296
1
1295
2
4687
8647
3
1235
3146
5231
2
2985
5982
2
7568
7658
1
5297
1
8436
4
2965
6925
6985
8965
1
8194
1
8245
5
7128
8127
9178
9187
9728
1
7513
5
9145
9457
9468
9586
9684
3
5481
9451
9471
3
4521
4571
7541
4
8217
8271
8517
8571
2
3489
3984
6
7124
7185
7214
7241
7421
7815
2
6178
6817
1
1869
3
4569
5469
5964
2
6357
7592
2
1259
9215
1
7896
3
1264
4861
8164
2
2573
3572
2
1398
8391
1
6784
1
4973
5
3467
5462
6254
6542
6743
6
1684
1846
4618
4861
6481
8416
2
4258
8254
4
5438
5638
5834
5836
5
1593
2935
5193
5293
5931
1
6542
4
3752
3952
9253
9753
1
4791
1
4251
3
5471
5714
5741
4
1264
3816
5814
7816
4
2745
4725
4785
8745
1
5612
1
1486
2
4958
5948
6
4158
4185
4815
5184
5418
5814
1
1975
22
1972
3589
3598
9154
9574
9725
1
4567
4
2489
4652
4892
4982
1
7135
6
1349
4193
4319
5143
5189
5819
3
2365
2861
5368
17
1346
1564
1634
6425
6432
6542
1
6195
2
9742
9745
2
3761
3791
1
1539
1
6283
2
3897
3987
1
4853
2
6458
6854
2
9825
9852
9
4579
5479
7165
7549
7561
7825
3
8753
9367
9376
2
2379
2973
5
1327
1372
1732
2317
3712
4
5197
5917
9157
9517
8
2469
2946
5469
8796
9546
9642
1
7185
1
3597
10
1654
1753
3157
5731
8154
8541
1
3719
4
6341
6347
9361
9367
2
5314
6514
1
8357
3
4198
9814
9815
5
2916
2974
3928
4798
6918
4
4796
6794
6798
7689
4
1925
1952
2951
5921
3
1957
5917
9157
8
3297
3597
3759
7593
9732
9753
5
8165
8547
8615
8649
8964
1
5632
17
1934
1974
2619
6912
7854
7914
1
5123
1
3586
2
8923
8932
1
5692
1
4917
2
8492
8942
3
8167
8716
9761
6
3294
3298
4728
4826
8247
8329
1
5231
2
7485
7496
2
8256
8265
8
2658
2758
2856
2958
3284
3452
1
2345
1
8625
2
3465
6354
1
4168
18
4127
4169
4189
8127
8149
8169
1
5924
14
1235
1253
1345
5321
5413
5431
24
2139
2153
2413
6423
6431
6432
5
5497
5794
5893
5983
9475
2
1329
5324
3
1864
4152
4186
1
4578
3
2357
2537
3257
1
8461
1
5719
4
1649
1964
4619
6914
1
5243
3
6328
8326
9328
5
1297
1694
1792
9127
9416
2
9523
9526
1
2785
2
2974
7924
1
9437
3
5286
5826
5926
2
2437
2734
2
7681
8716
2
1867
6718
4
6789
7986
9768
9876
5
1572
2576
6178
6572
9576
1
2469
1
5938
5
3419
4319
6153
6315
7519
4
1268
2681
6182
6281
1
9286
1
2135
3
3259
3592
9253
1
5984
1
2638
1
3416
3
6948
7849
8649
2
3856
6583
1
7324
2
4572
4592
5
5278
5618
5728
6158
7258
11
3587
3758
3785
8537
8735
8753
2
3694
6943
2
1674
1764
2
4926
9426
4
5371
7315
7865
8765
5
1386
1836
3642
4236
8316
2
1743
5743
12
4732
4752
4762
8193
8195
8196
1
8932
2
5967
6975
1
1567
2
8195
8693
1
6534
18
3465
3485
5269
5982
6295
8295
2
5972
9275
5
1438
2538
2731
5238
9531
9
2695
2956
4765
5962
7964
9764
16
2146
2165
4965
9465
9541
9546
1
5372
1
1246
1
8214
4
2631
3691
6231
6931
15
1627
1672
2647
9274
9427
9472
1
4139
2
1285
8692
1
7325
22
1264
1536
1574
8512
8562
8652
2
3951
7951
2
1849
8419
3
2154
5142
5421
23
1329
1927
2317
9721
9726
9837
3
1957
1978
1987
1
7254
24
2759
2859
2975
9758
9852
9857
1
7132
2
2587
2783
2
2475
8275
4
1482
1487
8214
8714
4
2679
2976
6972
9672
2
5749
7295
2
3716
6713
2
2364
2568
1
7541
1
8134
3
1239
1923
3921
1
2369
2
7658
8713
1
8395
3
8152
8251
8257
1
5294
3
5692
5792
9572
1
3546
2
3751
5731
30
3156
3516
3816
9516
9816
9856
3
1862
1946
1964
2
5249
5269
3
9217
9271
9721
9
1432
1487
3412
7285
7481
7483
2
3862
7539
1
7165
3
3471
4961
6173
2
4316
4736
3
2169
2189
2198
2
1827
2817
2
5843
7843
1
8937
2
1729
9127
1
6574
1
6738
2
5831
7531
1
8937
2
8274
8294
1
4938
3
3187
5186
5287
1
7491
3
9238
9271
9378
2
1429
8429
2
4826
8326
3
7239
9368
9618
4
2481
3721
6421
7491
4
1742
2714
2741
4712
6
1267
1672
1726
2761
6712
7162
1
6143
1
4927
2
1537
6532
1
9518
3
5847
7238
7642
1
4591
20
1476
1485
1674
9471
9478
9874
4
4539
4591
5943
9527
3
4852
4862
4892
1
2834
3
4258
7468
8254
2
3789
8739
1
6152
1
7564
6
1687
3687
7186
7386
7681
7683
3
3648
8436
8463
1
7615
2
5891
8195
1
7183
2
1978
4179
3
1387
3781
8137
1
1784
4
4652
4672
4852
4872
1
7148
5
4657
5647
5764
6754
7645
