2
4156
5461
3
7698
7918
7968
18
2548
4768
4786
9647
9756
9764
6
1485
1845
4581
4815
5481
5841
4
5286
5826
6285
6825
3
1768
6718
8761
8
2179
2197
2479
2749
2791
2794
6
4178
7138
7148
8173
8371
8471
1
5934
2
3158
9152
1
3897
3
2978
2987
7638
2
1593
6593
1
7945
1
3582
3
2485
4987
8947
4
1572
1752
7125
7159
1
7851
2
9425
9524
2
3829
4826
1
5387
2
6145
6541
3
4512
5412
5812
2
2489
4829
2
1264
4261
9
2178
2817
2871
8127
8217
8271
3
4935
5492
5924
2
2389
8329
4
5692
5962
6295
9265
1
5472
8
1296
4256
6192
8347
8741
8743
1
7326
8
4586
4786
5286
7316
9256
9276
2
8417
8524
3
6187
6718
6817
3
3584
3845
4583
1
5293
4
6127
6725
8127
8725
1
8734
2
3146
5146
1
4615
1
1578
12
5479
5674
6475
9478
9574
9874
2
2157
7128
2
8174
8175
3
1627
7216
7621
2
3721
3821
1
4371
4
2756
2765
5267
5627
1
9481
2
1637
2634
4
1328
1398
3218
3918
10
1426
1489
1689
4859
4958
9856
2
6258
8652
1
1397
4
7481
7841
8147
8174
4
4368
4369
4863
4963
1
5149
1
9657
1
8135
1
8574
1
2465
3
2456
2654
8356
2
7254
7542
3
1874
4178
8174
2
2743
7243
2
9318
9815
2
9347
9374
1
1578
1
8741
2
8916
8961
1
2364
1
6251
1
4816
8
1587
1875
5178
7851
8157
8715
2
4729
9742
1
3452
4
6384
6483
6485
6584
2
2857
6257
4
1725
1752
2751
5721
2
7631
7861
1
3427
10
1265
1267
1276
1672
1726
1762
4
1579
1679
6179
6579
3
4639
9634
9648
2
4971
7925
30
2486
2836
2846
9236
9246
9436
6
4152
4158
4165
4185
5416
5814
1
2719
3
3519
6319
6513
1
9361
4
1593
1923
9123
9513
1
5198
5
3629
3965
5639
9263
9563
1
1658
2
2137
8132
3
1496
4196
4691
1
1734
4
3687
3867
7638
7836
2
5123
5124
1
4972
2
4352
9342
16
3249
3259
3264
8463
8539
8563
2
4791
9815
5
6325
6532
6582
6825
8526
4
6374
6534
6584
6874
2
7938
8739
1
4879
5
3579
3967
3975
3976
9427
4
1729
5217
5721
8759
2
3456
3546
1
2713
1
9527
1
6253
1
8634
6
1354
2354
5314
5324
5341
5342
6
4159
4259
4925
4951
5492
9514
6
3864
4863
4865
4869
5864
9864
1
5286
1
1786
1
6731
21
1347
1374
1547
4768
5748
6748
3
2946
6247
6942
6
1384
1483
1685
6185
8134
8165
3
2169
8269
8692
2
6357
7356
3
4753
6143
6754
3
2384
2438
3786
2
3526
7526
20
1952
1953
1958
9658
9854
9856
9
1869
2869
3659
8269
8619
8629
1
3746
3
1526
4236
4263
3
6279
9271
9573
1
7569
2
5927
7684
1
5142
15
1376
3167
3264
4936
7136
8734
2
9184
9481
2
5342
5432
5
1236
1329
1694
1697
1698
3
4869
9486
9846
1
8274
1
3872
1
3184
3
1639
6193
9613
4
3592
9253
9352
9523
2
2598
6598
1
1584
3
4582
7452
7542
1
9254
4
3187
3817
7831
8731
22
3598
3698
3958
9386
9583
9683
5
2768
3264
3865
3941
3962
1
8761
9
1382
1853
2753
7592
7842
8123
1
2617
4
1576
6751
7156
7651
1
5694
2
8927
9827
5
1973
4183
6783
7683
7913
1
9125
2
1362
2361
1
7641
5
2381
2384
2389
6215
6245
6
3579
3598
5923
5932
5937
5983
2
9147
9741
2
5374
5473
2
8175
8571
1
8214
2
5673
5681
4
1248
1572
4218
5217
4
1632
2136
4172
5172
1
4792
4
1768
7168
7861
8176
1
2548
2
1374
3147
22
1279
1628
1682
9284
9615
9625
18
1926
1956
2716
9216
9516
9816
1
9732
1
6482
1
8591
1
8917
26
1728
1743
1782
8721
8725
8752
2
3651
5361
6
5148
6148
8145
8146
8541
8641
3
4628
9128
9528
1
4928
1
6971
3
3926
6293
9362
1
5269
7
1842
2841
2853
7285
7852
9245
1
4527
4
1752
5127
5172
5217
3
2485
5489
9485
3
2486
4769
9284
1
4613
1
4351
1
7264
3
8314
8413
8431
1
4297
1
8296
2
5928
8215
14
1264
1265
1462
6215
6412
6512
2
4982
8942
2
2375
5273
24
2456
2459
2856
9632
9642
9682
3
1893
6893
9813
1
3681
4
2753
2953
3259
5372
2
6795
7389
3
5748
5789
8754
1
9687
1
3716
2
1549
9541
2
1795
8431
2
2694
6294
2
4296
4926
1
8957
2
6349
6384
6
3745
3795
5437
5438
5739
8539
4
3496
3962
6952
9456
1
4587
1
3124
5
5724
5783
7483
7654
9543
4
1735
6135
6835
8735
3
5621
5982
8925
2
4123
4132
2
2356
2653
4
2561
8391
8931
9531
1
8124
1
3879
17
3185
3478
3518
7836
7843
7863
2
5391
9135
2
1654
6451
5
6238
6291
6294
6295
6983
1
7614
4
8167
8176
8716
8761
1
9148
2
4865
8645
1
5269
1
4593
2
2463
9463
2
4957
7954
2
3274
3472
3
1329
5684
5687
1
6981
1
8592
5
4617
4761
5796
6795
7618
1
7128
1
8456
3
1842
1845
1847
1
7589
1
5964
4
2874
5473
7453
7824
3
3148
4138
4318
1
2579
14
2638
2683
3185
8731
8734
8743
3
1257
5127
5217
4
5972
6379
7369
7952
1
8261
1
2648
2
5148
5178
4
2348
6348
7248
7648
2
4351
5341
3
3579
3795
9354
5
1936
5762
6294
6924
9136
4
1268
1286
6812
6821
4
5179
5197
7951
9751
1
7368
3
3681
3816
9358
1
7958
4
1539
4135
4531
5139
1
8947
9
3147
3458
3548
6437
6743
7143
2
3169
6139
1
8461
1
7842
1
1385
5
3867
3876
7816
7861
7863
1
5834
24
1364
1394
1634
9364
9614
9634
3
6879
7869
7986
4
4528
4582
5428
5482
1
7514
1
9126
3
1274
5738
7214
17
2517
2716
4128
8214
8517
8716
12
4379
4973
4976
7496
7935
7965
10
2486
2856
5418
8541
8549
8945
1
4785
6
1459
3916
6954
7916
8916
9456
3
3961
3965
6593
1
4659
1
8736
1
7816
1
8673
24
2653
2753
2856
9852
9856
9857
2
6951
9651
1
9213
5
4625
9125
9325
9725
9825
2
3529
8523
4
3245
3425
3745
5342
8
6175
6519
7529
9165
9615
9725
2
7392
7395
1
5638
1
3824
2
1756
7651
2
1965
9561
6
2861
6821
6891
8621
8691
8961
3
1726
6172
6721
1
9348
28
1769
1974
2469
9768
9784
9874
8
1672
1674
1675
7634
7635
7639
3
3817
7813
7816
7
1695
2785
4235
6739
8725
9635
2
6957
6975
3
1963
3916
9361
6
2918
2985
5928
5982
8912
8925
4
4196
6394
6491
6493
2
2695
5196
2
7258
8752
4
1647
1746
4617
4716
3
1732
6832
7231
10
1469
1964
4169
6984
8469
8964
1
9382
3
5987
6982
8975
2
2368
8541
1
6852
5
1239
1258
1548
5938
9238
4
3261
6231
6281
8261
3
2489
8492
9842
3
1675
1935
7615
4
2136
2183
2189
2196
3
6581
6815
8516
1
9615
2
1752
6758
24
1259
1278
1287
7812
7841
9145
1
2675
1
2149
2
2178
2781
16
1382
3182
3582
5382
6382
9382
1
1935
3
1738
3781
8731
2
5736
9386
4
1852
2815
2851
5128
3
2865
6825
8945
2
6318
6528
2
2438
2843
2
3269
3275
2
2517
5721
3
1268
2861
6812
1
3412
2
3629
3789
3
2931
8531
9231
8
4569
4695
5496
6945
9546
9654
3
5476
5647
5746
1
7685
1
2974
1
1832
1
4687
8
1567
1765
1768
3178
3571
3871
2
1482
4182
4
1564
1862
6514
6812
3
9453
9615
9815
1
8216
8
1274
1379
3971
7319
7931
9371
1
6413
1
8124
3
4823
5763
6912
4
5812
5962
8672
9652
4
3624
3659
5639
8639
3
6371
6781
9836
1
1872
4
3496
6457
6489
9634
2
6927
9267
9
1958
3958
6913
6971
6973
7958
2
3175
5173
1
3482
1
5736
3
5742
5792
9752
1
5378
1
7938
1
9142
4
2158
2561
3651
3851
1
2368
1
5361
1
6971
4
1829
3829
9821
9823
1
1735
1
3761
5
1578
1758
5178
7158
8175
5
1987
3629
3659
3694
3695
1
9738
6
1526
1923
1946
7523
7546
7943
1
3927
1
1582
3
1839
9138
9831
2
4195
8195
6
1237
1273
2137
2173
2317
2371
2
5197
9517
4
7136
7316
7396
7936
3
6194
6491
6751
2
7925
8914
1
1475
6
2361
2631
6231
8327
8329
8923
2
3917
9371
1
2839
4
4391
4931
9341
9431
3
9235
9237
9723
2
2518
2815
2
1369
1629
4
3246
3256
3426
3526
3
7213
7519
7591
4
2765
6754
7526
7546
4
2537
7394
9437
9637
2
3468
4863
8
3952
5296
5368
7362
8653
9652
1
3879
8
2895
4895
5193
8152
8154
8157
2
8347
8437
1
9183
2
3692
9362
1
8397
12
1394
1593
1967
8967
9617
9687
1
4679
4
1425
2415
6428
6842
4
3458
3548
8453
8543
1
9165
2
6947
8947
1
8397
12
1867
1872
1952
7281
7386
7681
8
7145
7148
7345
7543
7841
7843
4
1674
1746
4176
7416
1
7958
1
6592
3
2453
2543
2653
30
1624
1625
1642
9248
9518
9528
18
1378
1578
1873
6579
6973
6975
1
1392
22
1346
1463
4358
9453
9467
9476
1
5716
2
6137
6437
6
1243
5243
6243
8241
8245
8246
1
9526
2
3516
3526
2
6395
9356
1
6582
1
3174
3
2671
6172
6712
5
4719
5736
6573
6729
6735
5
1657
7651
9357
9758
9857
1
3254
2
5183
5187
2
1459
1495
1
2684
1
5813
1
2437
1
3741
11
2479
2497
2749
4857
4875
9247
4
5329
5923
5928
8529
2
8749
8794
2
8314
9534
4
2415
2514
2516
2615
1
8371
2
3756
7356
6
1264
1978
6214
6241
7918
7948
2
8715
8735
3
2475
2674
2679
2
6821
8621
3
3549
3945
5349
1
3521
6
1379
1739
1937
3719
3917
9317
1
5936
3
2451
2458
2481
15
1627
2587
2597
8527
9572
9576
9
6273
6278
6279
7253
7258
7259
6
1869
6918
6981
8169
9168
9861
2
7164
8541
3
3756
5736
6573
1
2758
1
3615
8
1379
1389
1397
1893
1973
1983
2
5132
5183
1
7854
6
1598
1895
5198
5891
8195
8591
2
1279
9271
2
5416
5461
1
2364
4
3165
3169
4165
4169
3
1368
3467
8361
4
2453
3254
7234
7423
1
5842
1
3971
1
5431
20
2138
2768
2867
8279
8729
8762
7
4175
4176
4179
4972
5172
9172
1
9542
1
3586
9
2549
2834
2864
8462
8472
9528
