1
5382
2
3871
4371
3
7183
8173
9172
4
5284
5674
6574
8254
2
1563
1653
11
2638
2815
2836
8236
8632
9845
2
4678
6874
6
4296
4896
9264
9624
9684
9864
5
1896
6813
6819
7364
7496
4
1852
5182
5812
8152
30
1425
1524
1946
9527
9641
9651
1
4392
6
8437
8472
8576
8712
8731
8742
2
7831
7841
1
3924
3
3681
6381
6941
1
1263
2
4398
9384
2
8395
8935
4
1642
2461
4612
6421
2
2459
2549
6
1456
1564
1567
6514
6517
7156
1
7549
3
1743
4713
4758
8
1752
2715
2751
6452
6542
8752
4
3481
5389
5421
5983
2
6817
8617
4
1638
1683
6138
6183
1
3416
1
9618
3
2918
8219
9218
1
7153
10
1276
1539
2176
5724
5728
5827
5
5873
6873
9867
9875
9876
12
1459
1469
1489
8419
8459
8469
2
3289
8239
1
4852
2
4159
4165
1
4627
1
1436
1
1952
1
9624
3
3761
5621
5796
7
1287
3657
5248
6371
6375
8257
1
2134
4
7351
7653
9387
9783
5
5329
5392
5923
9325
9523
1
2614
5
2378
2678
2738
2768
2798
1
3286
1
1684
3
5124
5142
6395
2
5197
5791
6
1425
1498
2768
5142
5421
7268
2
2194
9586
13
5136
5189
5279
5869
7139
7639
1
9736
2
1498
8452
1
2634
1
5164
1
4139
2
3124
7423
2
4317
7256
1
2674
2
5689
9865
1
6492
1
8671
3
3167
3716
7316
1
2714
1
7643
2
1249
2457
3
3584
4385
5483
2
1465
5164
4
1859
2539
5239
5932
1
2791
1
7852
3
1962
4932
5962
4
1436
3146
3164
6431
1
4358
1
3148
1
2498
24
2769
2786
2796
8765
8946
8965
5
5369
5692
5962
6592
9562
10
3478
3675
4378
6795
9478
9675
4
8369
9136
9316
9386
5
3467
4367
4637
4736
6437
2
1468
4618
1
5416
3
3617
4619
9614
2
7285
7582
2
6723
9623
1
9415
2
1984
9184
21
1425
1625
4125
9721
9724
9726
18
2345
2435
2453
8472
8742
8943
2
7562
8126
1
1493
2
4987
7894
4
1629
2619
2689
9628
2
3147
4731
3
1732
1742
4712
2
5239
9352
10
3175
3864
5164
8315
8346
9814
4
7184
7568
7586
7814
6
2376
2673
3176
3276
3671
3672
6
1536
1635
3156
3516
3615
5136
4
3587
7286
7583
9587
5
1475
1875
7145
7415
7815
2
2581
5821
11
1387
1389
2384
9381
9486
9846
3
2358
2538
5283
1
1847
8
5476
5674
5746
7546
7564
7645
6
1952
4792
8792
9251
9724
9728
8
5196
5496
5916
9165
9456
9465
8
2365
2375
2563
5897
6895
7895
5
1279
2179
2483
3482
8279
2
7851
8157
7
1847
2671
4651
5641
8471
8741
1
9714
19
1567
1576
2547
5927
8526
9527
20
3142
5142
6142
7942
8142
9142
5
2869
5269
5412
5429
7219
4
2341
7341
9321
9371
1
2146
1
5823
1
8576
14
2465
2546
2549
5462
5924
5942
10
1268
4568
4865
7425
8261
8465
3
2475
4725
5427
2
1845
8945
1
8192
2
2935
5934
1
1574
2
4239
9234
3
4159
6459
6954
1
2718
10
1659
1695
1845
8145
8541
9651
2
2318
8213
2
4163
4563
1
2436
1
4856
2
1273
1283
3
4968
6948
6984
3
2739
5739
9753
1
5478
4
8219
8239
8271
8273
2
3754
5473
2
6247
7341
2
8324
8724
2
2195
2915
17
4596
4697
4796
9654
9746
9764
3
2184
8124
8134
1
7923
11
2849
2894
4298
8294
8349
8394
2
3524
8453
1
3618
1
6387
1
3548
4
4138
4831
7618
7681
2
6587
7586
1
7629
8
2916
2935
3917
7913
8712
8943
1
5742
1
2853
3
4987
7984
9784
4
3918
8319
9318
9831
2
1584
5814
4
2543
3524
3542
9516
1
9327
1
5471
2
4139
7136
2
1726
1732
4
5261
8219
8291
9218
6
1827
1862
1872
2817
6812
7812
3
4136
4163
4613
14
4729
4789
4792
9742
9748
9784
11
2176
2517
2578
7521
7592
7826
1
9642
1
5179
1
3762
4
4267
4296
8267
8296
1
3924
2
2918
8912
1
9382
2
8342
8345
3
2715
5271
5721
3
1453
1543
4531
3
6819
7869
9816
4
2458
2478
2845
2847
19
3469
3496
3591
9346
9351
9364
1
8519
1
6134
1
1587
2
2198
2918
2
6724
7624
4
3689
3698
8639
9638
10
1637
1647
3617
7614
7631
7641
1
9687
20
3146
3147
3156
3786
3967
7693
6
4519
4539
4569
4591
4593
4596
1
4862
1
6124
4
1436
3486
4613
8643
4
7913
7931
9713
9731
1
6495
3
3148
6143
6349
2
1823
3812
4
8473
8743
9476
9746
1
7438
2
3275
3675
1
9148
3
4987
7849
9385
4
5368
5369
5386
5396
18
1392
1795
1923
7549
7823
9423
1
6857
4
3427
3472
3817
3871
4
2437
2785
3472
7432
1
2158
12
1267
1276
3567
6573
8925
9825
2
3294
6297
4
2189
5162
5612
9182
1
5613
1
1948
4
7159
9465
9615
9715
2
1867
9867
2
1968
7462
4
4576
5476
5746
7546
6
1974
6974
7914
9174
9674
9714
1
3492
5
3516
4513
5316
5613
6513
2
7258
7958
4
3526
4326
5326
9123
3
4597
4795
7495
2
2143
8192
1
7832
3
4368
4762
8379
2
1358
8351
1
8654
8
2879
2897
7289
9278
9287
9872
4
7392
7692
7932
7962
1
7134
3
3286
3986
9386
1
5436
2
5721
7125
2
7314
7614
24
3567
3576
3657
7563
7635
7653
3
3821
3825
8123
2
1978
8971
2
1634
1643
1
4286
3
5139
5193
5923
4
5176
5761
6175
7165
8
4135
4139
4153
7234
7243
9264
4
3869
3896
3968
6983
3
4278
4568
6318
6
1359
1395
1539
1835
8351
8531
2
5132
5137
4
2758
2798
5738
9738
8
1825
4825
5812
8425
8521
8524
1
1684
1
7592
4
3164
4567
6143
6457
1
4962
1
4765
2
6425
6524
2
6472
7264
1
6918
4
5798
5897
9785
9875
1
3942
6
1496
1562
5162
5612
6491
6512
24
2563
2653
2693
6952
9263
9623
5
4351
5791
5971
7519
7915
3
2546
6425
6485
1
4129
2
3786
4836
2
1758
1759
1
7193
2
8712
8932
6
2147
2174
2417
2471
2714
2741
3
8726
8752
8762
6
1423
3124
4123
8134
8143
8413
3
3817
3861
3871
10
1576
3576
3671
8563
8635
8651
1
7943
1
4216
2
1349
3149
4
8267
8367
8627
8637
2
5238
8235
1
5371
1
2417
2
1652
5621
3
3278
4328
6478
4
3497
3729
3749
9734
2
1354
5314
2
3458
4538
1
5987
1
7238
5
4215
5326
5913
7245
7395
18
1478
1479
1578
5179
5718
5719
2
4259
9432
4
3197
3971
9271
9371
4
3957
3975
5967
7965
1
6983
16
3159
3624
4159
9145
9153
9154
3
2136
2316
5836
3
3567
5376
6537
4
7846
7856
8764
8765
2
3641
9641
3
2571
5172
7215
1
4357
1
2837
1
4172
4
3125
3215
5618
6518
4
4172
4257
4572
7216
1
7649
3
2867
5863
6835
1
2873
1
2918
2
3584
4538
2
1482
2985
2
6795
7965
1
7342
1
2943
1
9573
7
2783
2873
2893
4826
6128
9283
6
7239
7349
7392
7394
7932
7934
3
7639
9376
9673
8
1236
1263
1362
2163
2361
2631
2
5197
7591
4
9156
9165
9178
9781
2
2514
3249
3
2187
2471
2871
5
6738
9628
9648
9862
9864
12
3759
3975
4759
9357
9457
9754
1
7946
2
1834
3814
1
3764
1
7345
2
1547
1574
12
1345
1346
1849
5341
6341
9841
1
7518
1
4738
24
1385
1437
1785
8175
8439
9834
1
5368
2
7184
7194
1
1783
3
3259
4279
5479
2
1879
6879
3
6489
6849
8459
1
5289
1
8123
3
1648
1846
6148
11
2465
3265
3769
6497
6791
6971
1
9753
1
2578
1
2687
5
1845
6845
8541
8546
8645
2
1384
8134
3
2549
2579
2759
4
1837
1873
7853
8357
1
4673
2
1476
1536
2
4625
6524
1
6348
1
2367
18
2157
2367
2517
8367
8517
8963
4
3815
3851
5318
5831
1
4823
1
2718
1
2568
1
3798
1
1728
1
7931
2
2649
9642
2
4168
6841
3
1459
4951
5149
14
2349
2397
2439
9243
9423
9836
3
2839
9238
9832
22
2179
2189
2194
9438
9734
9738
1
5827
4
7815
7851
8157
8257
1
5943
3
3481
5481
6481
2
1894
8914
3
1378
1873
3178
14
1438
1487
1548
8497
8546
8594
1
9346
1
5329
1
4185
6
5687
5768
5876
6785
7586
8756
3
7321
8324
9324
10
3458
3485
3584
5874
8475
8574
1
6832
3
1539
1579
7519
3
2843
4823
5843
6
1234
1264
1294
1324
1624
1924
1
5631
8
1439
1923
3149
9143
9452
9472
2
2781
7821
4
2896
6892
6897
7896
1
3598
6
5716
5873
6719
6917
7893
7916
3
7562
8273
8372
2
2784
4782
6
1795
3795
7195
7395
7854
8754
3
4251
4267
4762
7
1379
1479
1549
1879
3579
4579
2
4736
7346
1
3476
6
5386
5683
5689
5986
8536
8596
1
3594
2
7219
7619
3
4618
4816
4897
3
1548
3548
6548
15
2615
3615
4612
9856
9857
9865
2
2754
2764
6
2549
8247
8427
9271
9721
9764
1
5276
2
2397
2793
4
4617
4618
4671
4681
2
1824
2814
4
2874
7482
7842
8274
1
9675
16
3496
3946
4396
9346
9463
9643
1
7851
3
1397
1739
1793
3
6975
7695
7956
3
4219
4579
4759
2
1378
1932
3
3265
3562
4367
1
6254
1
7491
4
1739
2834
4832
7139
3
3612
3641
6342
3
1879
8179
9871
2
4376
7463
1
4678
1
1845
2
5213
5317
3
2749
4596
4735
3
2319
3915
9315
1
9876
1
5196
1
6234
1
3187
5
1359
1395
3816
3856
8365
1
5678
2
1374
6374
1
1324
1
9768
8
4328
5328
6389
8423
8523
8639
2
1579
5479
3
4286
4916
8916
1
1736
3
1368
9164
9167
2
1689
9681
3
5467
5476
6457
2
5419
8452
1
1568
1
8596
1
3915
1
4623
2
2196
6291
1
6573
1
1734
3
8275
9125
9521
2
8935
8953
2
2397
7392
1
4678
2
2315
5314
1
2679
2
2591
9251
1
7564
4
2481
4586
4786
4831
5
1246
1426
1462
1468
1486
14
1358
1536
1596
7642
9516
9815
1
2649
2
3279
9237
3
4276
6274
6975
4
6354
6453
8354
8453
22
2516
2531
2816
9531
9816
9831
3
8921
8923
8925
2
1624
3564
3
4651
4762
9152
3
7281
7286
7485
1
7843
4
8673
8693
8763
8963
1
9267
4
8274
9243
9245
9246
15
1354
1395
1428
4726
9327
9726
4
1796
6791
6798
8796
1
2518
2
1428
1824
10
1374
1568
1734
7968
8364
8934
4
3479
3529
3728
3796
3
1725
1932
4627
11
2318
3218
3418
9348
9358
9438
12
1327
1437
1457
8496
8526
8926
5
3476
3746
5836
6358
8536
1
1428
2
2681
6218
2
6719
7619
17
1768
3587
3758
8753
8754
8761
2
3856
3865
1
5793
2
2687
3687
2
2386
2876
2
1269
6219
1
5216
2
6439
6952
1
3297
1
9281
2
5637
6317
1
5126
1
1268
10
1358
1459
1495
9324
9325
9451
1
4213
3
2581
5691
7529
4
5186
5618
5681
5816
1
7596
1
7961
2
5126
9756
2
4897
8749
19
1349
1392
1394
8591
8641
8951
3
9386
9436
9836
3
1569
6135
9165
5
1394
2576
7652
8492
9134
2
5861
9761
1
2954
1
3756
1
2614
5
5782
6782
7285
7514
7614
4
2185
8195
8925
9285
1
9283
5
2657
3697
5697
9367
9567
1
7249
6
1628
2618
2678
2698
7628
9628
2
2918
3918
1
7135
1
4319
13
2316
2736
2786
8276
8321
8621
2
1627
2716
2
8346
8436
11
1349
1394
1397
7139
7193
7319
8
3162
3216
3258
3725
3962
6285
1
6172
2
2845
8245
3
2596
6529
9526
2
1734
3714
2
3548
3942
1
9864
1
4569
4
4369
5684
5846
9364
4
2789
2987
7298
8297
2
7248
7428
11
2786
2876
6781
7682
7816
7826
1
5823
2
1367
1376
18
2137
2173
2175
6139
6718
7618
4
4376
4396
7346
9346
2
5897
9758
4
1826
3826
8126
8236
2
5761
6715
2
6528
7568
4
1697
1897
9617
9817
1
5987
2
8956
9685
2
9124
9134
1
3567
3
2457
4752
7452
1
4612
3
4297
7249
9247
2
2419
3528
30
4168
4169
4182
9142
9164
9167
14
3678
3745
4573
8637
8746
8763
2
8962
9862
1
9752
1
4658
4
3245
3425
5291
5491
2
9284
9458
22
2358
2835
3158
9368
9635
9638
2
3784
7483
2
2174
2417
2
8693
9863
4
4769
4796
4836
4863
1
2813
1
1675
2
8542
8749
1
1697
1
6743
3
4728
4827
4872
3
1382
8213
8231
1
2741
1
3798
3
1257
2157
2751
2
7358
7538
3
2468
2648
2768
2
1395
1935
3
3285
5283
8235
3
1279
2197
7192
1
1438
1
8256
1
8694
3
7138
7918
8971
2
4163
4173
1
1789
1
9342
10
1832
3128
3218
3821
3825
5832
6
1723
2173
4137
4152
4521
7143
2
7135
7153
1
8594
1
5137
2
1859
1985
3
7291
9217
9721
3
3294
9234
9243
1
3251
3
3769
7369
9637
2
1257
8257
3
3864
6843
8364
5
3516
5163
5167
5176
7516
4
2574
2578
3594
3598
1
9624
24
1243
1253
1423
5134
5213
5413
2
3418
4183
12
1587
1875
2587
8527
8543
8572
1
8371
1
5863
3
3627
7632
9614
3
6978
8976
9678
3
3597
5369
9537
2
1635
3615
2
6175
6579
2
5794
7459
1
1628
4
5716
5726
7516
7526
3
3789
7389
8743
3
4395
8394
8915
1
6253
1
1845
1
3147
16
2745
2746
2845
6842
7542
7642
3
5286
5291
5682
3
3821
8725
9482
1
1596
4
1974
2974
7914
7924
4
6231
6235
6278
9238
13
2768
5368
5761
8961
9368
9761
4
4167
4176
4716
4761
2
1726
6712
17
1592
1742
1947
9215
9417
9714
2
3912
3921
4
3687
6387
6784
7648
7
3947
4937
5371
5973
6387
6837
3
1843
5843
6843
1
9431
2
3847
8437
5
2356
2536
4396
6523
9436
1
1734
1
8371
1
8652
2
6592
9652
3
5294
6394
8134
2
2679
6972
1
3241
1
8126
1
6724
3
1265
1269
1296
1
2758
2
1679
8579
1
3847
21
1237
1273
1283
8132
8193
8319
3
3675
6357
6735
1
2678
2
5143
5341
5
2917
2918
4621
7851
8751
6
1673
3671
4179
6379
9673
9816
3
1496
1596
1796
2
5638
8653
2
5192
9142
2
5798
5897
6
3689
3697
3785
3827
3927
3985
4
3154
5134
5314
5413
20
2573
2753
3572
7523
7532
7534
1
4125
1
1243
4
8234
8236
8423
8623
4
8165
8265
8465
8765
1
7895
3
2564
6425
9326
4
4328
4382
4586
4915
1
3146
1
9217
2
1678
1698
2
7194
9715
2
4258
5284
8
1276
1742
2741
7286
8276
8742
2
1869
3869
3
1846
3876
6873
2
6319
6839
2
1968
6489
26
1469
1649
2413
8413
8613
9416
1
5798
3
6439
6493
6943
1
9861
24
1534
1536
1635
9716
9741
9761
2
5124
5214
3
3857
4235
4253
4
5714
5741
7514
7541
2
8593
9538
4
1372
5172
5972
9372
1
8691
14
1236
1237
1239
1982
2834
8532
8
1768
4378
4618
6841
6871
8461
6
2743
3247
4237
4268
4723
6248
1
4329
8
1325
1345
3274
6253
6532
6534
1
8253
2
9182
9281
2
4627
7642
4
3849
8349
8743
9843
1
3817
4
1269
1962
6219
6912
3
3298
3951
5296
1
8213
2
4587
4785
2
5164
5168
1
5172
2
2863
6823
2
1345
1534
4
5237
5274
9237
9274
6
2358
2856
5328
5826
8325
8526
2
5471
5671
1
5693
2
2659
2689
4
2561
3285
4782
5724
2
8375
8735
1
3946
1
8624
2
7982
9728
3
2134
2143
4132
2
9683
9863
1
3497
2
3146
3641
5
2738
2873
3782
7283
8237
2
7938
7983
4
2735
2875
7235
7825
3
4613
6413
6513
2
2316
2365
4
3457
4765
5674
6457
4
4815
5614
8613
8657
4
3567
3967
5763
9763
3
1538
1835
1853
1
6534
3
7538
7835
8573
1
6438
1
1368
2
2916
2961
3
2468
8246
8264
4
8439
8934
9438
9834
6
2916
7618
8176
8621
9612
9617
1
8243
1
3941
2
7652
7654
14
1532
1582
3512
5184
5432
5482
1
6428
1
1793
7
1784
1984
3286
5714
5914
6384
5
4167
4716
6379
6714
6819
1
5124
3
3786
7863
8763
2
1738
1739
2
4325
6825
1
9357
1
6913
3
6429
6492
6524
3
1986
5786
9681
2
5168
6815
5
1893
4317
7341
8391
9318
5
3672
4238
4629
4673
9642
5
6719
6791
6831
8631
9716
1
7265
19
1295
1475
1678
7836
9235
9724
3
4286
5286
7286
6
1249
1279
1294
1297
4239
7239
4
3249
3492
3497
3749
1
5894
7
1523
4291
4691
5613
6513
7541
3
2715
5617
6751
6
5176
5178
5179
6174
8174
9174
1
9365
1
2738
2
1532
2531
5
1659
3652
5619
5623
9651
3
2139
2187
7812
5
1832
2167
4183
4976
9467
1
6425
3
2794
9237
9274
4
2645
2654
4687
5687
2
1468
3462
2
7568
9578
3
5846
6751
7516
2
6145
6154
2
5874
7854
3
3678
6837
6853
4
1876
6817
6871
7816
13
4156
4158
4257
7914
8514
9417
12
2371
2381
2471
4681
7631
7641
1
8637
2
2394
4329
1
2546
1
6789
4
5816
6581
6815
7841
1
1523
1
3175
3
2391
3291
6539
6
9135
9315
9351
9356
9365
9635
2
4756
6457
5
1629
5381
8153
8569
8659
2
4913
9143
1
3286
6
3749
3769
4739
4769
6739
6749
1
1245
1
6713
2
8652
9152
4
3876
3896
7836
9836
2
2375
2765
3
3174
3417
7413
3
1524
2514
5421
12
5137
5437
5617
5743
5793
5937
2
2743
5743
4
3824
4823
4827
7824
1
1547
9
1684
5126
5162
6184
8164
8614
4
2648
2684
8745
8914
1
7591
6
1856
5168
5716
5761
7156
8156
1
8954
3
1237
1273
2371
2
1452
5241
3
2346
2648
6342
7
1473
2894
2984
5973
7653
9248
2
7839
8397
2
4518
5826
4
5317
5618
6158
7351
3
2354
2391
2971
5
7915
9157
9175
9627
9672
2
6497
6539
1
1365
2
2314
4839
4
3871
7931
8491
9371
3
5467
5476
6457
4
1385
1583
1587
3158
9
3648
3846
3864
8346
8364
8634
2
3982
9832
2
5683
8653
2
6578
6587
1
7562
3
4173
4563
4731
2
2784
3784
1
3467
2
5376
6439
7
2587
3867
4387
8367
8527
9867
1
3842
10
1958
1982
3918
8954
8957
8972
4
7298
7892
9238
9832
10
1673
2395
2897
9352
9827
9872
1
4513
6
4268
4368
7268
7368
8267
8367
2
9315
9351
2
4627
5647
6
2931
3129
3192
3219
3249
3294
12
3164
3169
3412
9163
9312
9361
3
7589
7598
7859
1
3596
1
3562
2
2137
7231
22
3468
3648
3864
9468
9648
9864
1
7364
7
3869
4869
6849
8369
8469
8963
3
2134
2476
2937
3
8347
8354
8374
3
4562
4592
4952
2
6849
8946
1
2578
1
6743
1
3741
1
4832
1
7614
2
5174
5874
1
9286
3
3798
3918
4719
8
1364
1436
3146
4631
6341
6413
2
3529
3592
3
2389
8239
8319
3
1798
5816
7198
1
6289
3
1386
1589
1836
1
2964
1
9834
2
3719
3917
2
4975
5974
19
3947
3987
6297
8937
9743
9783
1
5387
1
5321
2
3157
5137
4
3679
3769
3967
3976
1
7196
4
1782
3782
4782
6782
2
5973
7953
20
1259
1295
5192
9357
9537
9567
2
8931
9438
1
6873
5
2915
2951
2963
8913
8931
3
7813
8317
8713
18
2493
2793
2893
8143
8173
8293
5
4756
4758
4765
4785
9725
4
2593
4593
6593
7593
3
3516
5916
9516
1
7815
2
1485
1845
4
5186
5971
8156
9571
3
1647
4157
7912
2
6189
6981
11
1683
1953
2183
8951
9153
9683
4
5291
5791
9521
9571
3
7236
7536
7623
5
1639
1693
3169
5162
6152
1
3524
8
1374
1394
3584
3914
7314
9314
6
3587
3785
7385
8375
8537
8735
19
1235
1238
1254
9143
9314
9431
13
8123
8125
8152
8713
8715
8751
2
7513
7518
2
9238
9537
2
2519
2549
2
4865
8465
1
7192
1
9835
2
4316
4816
2
9527
9752
4
1935
1953
5974
7954
3
3928
5192
9152
1
4936
3
3594
6198
9168
1
4268
4
7263
7265
7364
7564
4
1276
1726
5719
7126
2
1389
8319
2
4523
4589
2
4387
4837
5
4728
4729
7428
7429
8724
2
9836
9863
3
2459
2594
2954
3
2594
3594
4593
1
4375
3
6498
6984
9486
1
5691
2
2379
4371
27
1843
2485
2635
9832
9836
9863
1
3152
1
1943
4
1246
1624
2641
4621
1
2179
3
2597
9257
9572
2
7389
7395
2
6341
6831
2
6823
8753
4
7814
8512
8521
8741
1
7681
1
4628
1
9347
1
9561
1
3915
4
6182
6482
8162
8462
2
3148
8143
3
4589
5489
8594
14
1457
4157
4657
7549
7645
9457
3
1528
5128
8521
2
3842
7842
1
7528
3
5267
5726
5762
1
4281
3
2147
2679
8439
1
4931
2
3127
3217
1
6978
1
9346
2
3468
8463
3
1382
8312
9312
20
1259
1295
1598
9158
9267
9768
1
9728
2
9214
9712
1
3179
2
1352
2351
1
7918
1
4517
3
1398
3198
3819
1
1253
7
1375
1395
1735
3175
3195
7135
