2
2395
5329
2
3481
8471
28
1698
1827
1895
8927
9128
9827
2
1458
1548
1
1462
1
1275
5
5361
5867
6519
8567
9561
3
3629
7624
7625
3
2618
2861
2891
1
5271
3
1348
1834
3148
2
4529
5924
1
1896
1
6541
1
9863
1
5673
1
3284
3
2678
2978
8573
4
1374
2483
7314
8324
2
1365
7365
12
1489
1984
4169
9148
9164
9481
6
1542
2514
4152
4215
4521
5412
2
2597
2975
5
3286
3862
6283
6382
6832
1
9635
2
3642
4632
4
6381
6582
9752
9786
3
4238
4298
9842
4
2754
8256
8724
9852
1
1348
1
3462
2
4361
4513
7
1362
1824
6524
8412
8472
8742
1
7546
1
4371
2
1853
5821
2
9157
9517
1
4516
2
4981
8941
1
2643
15
5687
5768
5867
9687
9768
9867
5
2874
3874
5894
7824
7834
1
6319
1
5471
2
1839
1893
3
1483
2478
8413
2
1486
4168
1
3568
3
3142
3148
8143
3
4876
8467
8764
2
2789
7298
1
6597
2
3986
6983
1
4265
4
1589
5189
5891
9851
1
1493
2
2897
4897
9
1738
1784
1837
8147
8714
8731
2
8352
8532
1
1629
3
5732
7432
8927
3
6172
6182
6812
1
6214
4
2789
4789
7829
7849
2
4386
9256
1
4965
4
6978
8769
8967
9678
1
9532
6
1258
1453
2158
2459
3451
7253
1
5187
3
5236
5632
7326
3
1673
5746
7613
4
1489
2489
7189
7281
1
7826
7
1395
1495
1689
3915
4915
6981
1
3176
2
1293
1923
1
2743
3
4395
5439
9435
1
4165
15
4519
4915
5149
6589
6945
6985
2
8125
8215
1
1297
2
6471
9471
2
6358
8563
4
5189
5981
8159
8951
5
1963
2683
6283
6783
7683
1
8974
6
2153
2156
2351
2357
2651
2657
4
4597
4897
9745
9748
3
3798
3978
7298
1
6782
6
1827
1829
7821
7829
9821
9827
1
8639
1
3526
2
7381
8731
3
5136
6135
9165
1
3982
1
8527
4
6279
6795
7926
7956
2
1598
7189
2
4261
4621
4
1359
1623
1629
1953
6
4318
4538
4568
4578
4618
4718
3
3698
7694
8694
4
1267
1925
5921
6712
4
8293
8931
9173
9723
1
5617
1
7281
2
9175
9185
2
6237
6239
2
3428
3628
5
4189
4981
4985
5489
5984
1
8513
4
4376
8376
9326
9375
4
5468
6485
9563
9635
2
8329
9235
3
1639
1936
4367
2
2719
5719
1
1493
1
2613
4
4378
7348
8347
8374
2
4352
5342
2
8476
8764
1
2813
2
1428
6418
4
3495
4192
4935
9235
5
1348
1834
3184
3418
8431
4
2864
6714
6724
7164
1
8613
5
3267
4261
5217
7263
8261
1
1435
4
7354
7384
7395
7398
3
3967
8624
8657
24
1648
1684
2148
8624
8641
8642
22
1368
1384
1863
8769
8794
8974
1
7531
2
1347
4317
4
3491
3914
4193
9134
3
3256
5236
5263
4
1376
1736
1763
2796
1
3762
5
1639
3657
3658
7653
8653
4
5374
5419
5874
6514
1
2519
1
1396
1
4716
5
1483
5421
6413
9456
9458
4
2539
2739
2935
2937
2
8659
9865
1
5472
2
2186
3178
1
7916
3
6583
8536
9532
2
7289
7982
4
2547
2574
6547
6574
2
2937
2973
7
1594
4519
4591
5491
5914
8534
2
1374
1479
1
4397
2
3567
8371
12
1239
1329
1379
5213
5713
5813
1
9471
1
9536
6
1673
1736
3617
3761
7163
7316
1
6823
2
4569
5469
3
4523
4957
5974
10
2451
2951
4251
9251
9641
9654
1
8597
3
1562
5162
9562
8
4138
4162
4215
4612
5214
8134
1
7186
1
8591
4
3519
7123
7132
8157
3
6928
8926
9826
1
1785
1
4965
2
2631
3621
1
8235
2
5126
5726
2
7351
7456
1
2391
2
2194
2914
1
2831
2
5823
7356
20
3218
4213
4215
6218
7218
9218
25
1648
2358
2586
8596
9358
9586
4
2741
3746
4716
4736
4
3798
3879
3897
3978
1
6835
3
5916
5917
7915
3
4239
6298
9237
4
1486
1648
6148
8416
4
3786
6784
7386
7486
3
3984
8934
8943
1
9254
1
1743
1
9625
3
4625
4627
4672
1
5839
1
9283
1
3482
2
3165
6135
3
7319
7583
7615
3
3851
3857
3875
1
6842
4
1843
3148
5138
5318
3
1236
3275
9235
1
7981
4
1783
1793
5763
7536
2
1627
6127
1
6712
3
1275
1725
1765
1
7183
1
6753
2
2354
8437
2
4615
5614
1
2975
22
4158
4175
4185
8415
8456
8465
1
1726
2
7213
8596
5
3975
8975
9537
9573
9587
5
2186
3129
3198
9132
9183
2
8359
9358
3
2895
7852
9852
1
4793
1
5371
2
1374
3514
2
2135
2765
1
1478
2
1256
1265
4
9426
9436
9712
9713
22
1274
1374
1724
7143
7241
7341
1
3928
2
2573
3572
30
1237
1263
1268
8261
8267
8271
2
6285
8256
5
4235
4925
4951
9245
9254
2
1836
6813
8
1845
4873
5473
7543
7853
8743
5
3987
7926
7962
8739
9738
2
3921
9318
12
1369
1963
2369
8359
8593
8953
1
3568
32
1253
1296
1297
7291
9261
9271
24
1395
1398
1593
8395
8591
8593
1
3958
2
5923
5926
5
1642
2146
3641
5132
9132
5
2348
2548
2843
2845
2948
20
2183
2189
2587
5827
5862
9182
1
1475
2
4826
9423
1
6958
1
7956
7
1248
1428
2418
6298
6928
8214
3
3859
9583
9835
2
5327
5328
1
4527
2
2796
6792
1
6435
3
6124
6874
8674
4
9738
9847
9873
9874
1
9457
2
1328
5172
3
1567
6517
6549
6
3187
3817
7831
8173
8371
8713
2
3657
6573
5
7964
9567
9576
9647
9675
1
4819
3
5748
5847
8547
6
2534
2537
4352
5372
5432
5732
1
7259
2
5672
6752
3
3147
4173
7143
3
6372
7392
7932
4
6981
8961
9681
9861
3
2934
2943
3942
3
1273
1274
1472
5
1285
2185
2759
4285
5729
4
2196
2694
5962
9162
1
8264
3
8729
9281
9872
2
6891
8196
1
5819
1
8439
3
1395
2453
3245
1
8936
1
3728
4
3874
6874
7438
7468
4
1873
5276
5976
7381
1
3794
18
1345
1354
1426
5341
5426
5469
2
2716
7612
1
5946
2
2819
8219
4
1567
1657
6174
6571
28
1349
1736
1749
9134
9138
9236
2
1758
1857
1
6984
5
1784
5713
7148
8147
8714
18
2159
2194
2195
9214
9215
9415
2
2317
2387
2
1987
9187
2
7589
9578
2
3284
6972
1
4265
2
4162
4362
4
4618
4681
4816
8416
3
1489
4198
8941
1
4587
4
5173
5371
5713
5731
1
1297
1
8129
4
8159
8519
9158
9518
2
6385
6538
1
2713
4
3412
4132
7134
7431
2
6187
6817
1
3192
7
8469
8496
8694
9486
9684
9864
20
3728
3782
3829
9682
9823
9862
7
1463
2163
2369
2639
2693
9463
17
2539
2583
2584
8319
8325
8931
1
4128
3
2876
4296
9246
1
9234
3
1482
4618
4812
1
9214
2
1286
4186
3
2459
2489
8942
2
2418
5721
2
8256
8456
2
1354
1435
2
3859
5319
3
1354
1834
4153
2
8162
8612
2
6129
6185
1
3729
4
2893
2983
8923
9328
2
8692
9652
2
1346
6341
2
5789
5798
3
3769
3918
3981
1
9834
22
4529
4629
4925
9426
9531
9631
4
3765
5736
5768
8765
5
1687
6187
6718
7618
8176
1
5318
1
2715
2
7265
7562
5
3628
3826
8236
8326
8632
1
7586
1
3429
2
8512
9543
2
1978
1987
3
6437
6753
6932
1
5824
15
3215
3218
5214
9247
9517
9817
2
2315
2319
2
7236
8932
4
3698
7649
9458
9638
1
6457
2
3258
6195
1
3498
3
7518
9478
9784
14
1256
1652
1658
6158
8156
8952
3
7164
7461
7541
1
7942
2
1729
8579
1
4317
1
7361
3
6478
8271
8647
1
3528
2
3482
4382
3
1654
4561
5461
2
9367
9763
1
2786
1
7621
8
2587
2783
3287
5782
8275
8372
2
2851
5812
6
6539
6953
7659
7956
9536
9653
3
3287
5287
9287
1
1598
12
3459
3549
3628
5489
5849
6328
1
2164
18
1576
2457
2574
9457
9574
9745
2
1839
3819
2
8163
8316
1
3891
2
1836
8136
1
5391
1
6381
3
6428
6824
8264
16
4579
4695
4795
9645
9745
9765
8
2695
5764
5894
9548
9562
9563
2
3716
8956
8
2475
2745
4275
7245
7425
7452
2
7826
8296
3
2184
2314
2381
2
6749
9647
5
1472
2417
5478
8457
8475
3
3564
5436
6534
3
1986
3589
9186
1
8536
1
4256
3
6719
9237
9574
16
1347
1349
1743
4719
9143
9147
2
1265
1562
2
8734
8754
15
3149
3475
3675
7152
8971
9136
3
6487
6497
8764
15
1248
1298
1438
6938
9218
9638
1
6832
1
1768
1
2561
6
1246
1264
1463
1643
5496
5694
2
6432
6475
1
2768
3
5129
5429
5924
3
3249
3279
3429
2
1586
1658
1
8624
3
3584
5483
9867
1
6175
1
8192
2
5973
9573
1
4239
3
1368
1468
1968
3
2854
4285
4528
1
7248
3
1284
6214
6241
19
1246
3542
3546
6241
6587
6857
6
2396
3926
3956
5396
6239
6935
2
1657
1658
4
3974
7394
7894
8974
1
7134
3
6425
7426
7428
1
6589
2
8257
8527
27
1258
1285
1289
7268
9186
9812
4
1357
2357
5346
9357
1
2594
4
5786
7568
7865
8756
1
4859
1
1357
3
3126
3216
3921
1
9857
2
5416
5614
1
3912
8
1479
3726
3965
8976
9365
9635
8
4526
4527
4621
7421
7526
7621
3
2451
2946
5241
3
6214
6412
6418
1
6712
1
7253
1
5124
4
6548
8349
9348
9843
1
6248
1
3825
2
4596
5946
5
3527
3728
3857
3872
7325
6
4712
4962
6219
6921
6942
7124
2
1364
6314
3
1642
5483
6412
5
2345
3425
3467
3764
3974
2
1534
5431
2
3629
3729
1
9614
2
3789
8739
6
1583
1835
3185
3815
9134
9413
1
4176
4
4512
4572
9241
9247
1
5916
21
1234
1235
1236
7431
7531
7631
3
7284
7824
8274
2
1756
5761
2
6983
8956
2
3298
9238
1
7415
1
9358
3
4796
6974
7694
2
2576
5276
18
1358
1658
1853
8623
9438
9468
1
4319
1
6953
6
8253
8254
8256
8352
8452
8652
4
2175
2195
2715
2915
1
5192
3
1574
4571
6594
2
5768
5861
4
3168
3186
8136
8613
1
7359
4
7824
7839
8724
8739
23
1459
1495
1594
9685
9857
9875
1
6342
2
1269
1962
1
4395
1
2653
1
5469
4
2783
7328
9187
9548
1
5123
2
4157
7145
2
6439
6934
1
4698
3
1962
3984
7934
3
2635
3862
8125
2
5723
5923
1
6147
2
7268
7286
3
3547
3745
5173
12
2431
4123
4153
6471
6741
8431
5
1658
1768
1786
1856
3756
3
3578
5173
7583
3
3617
4657
5617
5
7326
7586
7623
7648
7684
2
4691
4961
4
5924
6589
9245
9685
1
4832
1
3157
1
1349
2
6471
7416
5
1683
1693
1863
8136
9136
2
1358
8315
2
5398
7396
4
2178
5178
8217
8271
2
4796
6794
2
9536
9563
4
2467
4529
5429
6529
5
1269
2567
5627
6129
6219
4
2475
4275
5427
5472
18
3297
3627
3697
9321
9372
9376
2
1564
5614
7
5968
6598
6793
7963
9568
9763
1
7593
5
1762
5192
6712
8193
8716
1
2815
1
4859
3
4276
4627
7264
1
1598
2
5361
6351
16
2495
2945
5492
9642
9647
9745
8
3147
3174
4719
4978
7134
7149
4
9513
9531
9563
9653
2
3297
6792
4
6479
7469
7496
9476
3
4169
4876
8476
1
3429
14
2485
2817
3589
5918
5926
9517
3
6492
9426
9642
9
2143
2341
2345
6253
6321
6325
4
4367
4376
6374
7364
1
5938
3
2953
5932
9325
3
2319
2519
2819
2
9813
9831
3
5624
7694
8694
4
2849
4829
8249
9248
3
1537
3157
3517
1
7156
1
5218
1
7859
4
2186
5982
7126
7952
2
6483
6485
13
4162
6412
6452
9382
9735
9835
3
1792
2679
9816
4
1378
1873
3871
8371
6
1586
6581
6589
6598
8596
9586
4
4169
6149
6319
9136
3
4923
9423
9562
2
5436
5463
4
3269
3629
8324
8342
1
1375
1
2786
1
6452
4
1238
7136
7631
7836
2
4137
9187
2
3496
4369
5
3197
3791
7149
9147
9741
1
6874
1
6298
1
1297
4
1425
2481
4521
4821
2
2586
8571
3
3512
5132
6137
1
4726
4
1863
5861
5867
6875
5
2743
7243
8249
8741
8942
2
4817
7841
1
8293
1
7639
1
5238
6
2597
4791
7491
7529
9527
9741
2
3198
3819
3
1475
1574
4175
1
1793
1
7154
4
4792
4793
5291
5391
5
2456
2654
4659
6459
6945
2
3462
5468
2
5976
9765
4
3815
3819
3851
3891
3
1375
7315
7351
1
7126
2
5146
5416
2
6159
6195
3
2438
2834
4238
8
1675
1765
5648
6548
7156
7548
4
5163
5168
6153
6158
1
4728
1
6483
9
3281
3617
4281
7164
7361
9618
6
1786
2613
2615
2619
2781
8712
2
1465
5913
1
1392
2
1648
8614
8
2357
3718
3761
7352
7381
8317
1
7645
12
1289
1298
1849
9218
9281
9841
3
4536
4635
4653
3
2783
2789
3782
2
5372
7253
3
5198
8519
8915
2
2346
4632
1
9732
1
2871
2
8375
9385
1
4786
2
1358
9358
6
1596
4168
4186
8416
8461
9156
4
3271
4136
4831
7132
17
2376
2398
2786
7486
8392
8394
1
5237
1
8269
2
2876
7826
4
4215
6128
6281
8216
11
2678
2719
2971
8672
9712
9721
3
1728
1827
7821
4
2548
4528
4568
6548
2
5312
5619
1
2153
14
1342
1352
1364
8761
8769
9762
4
5721
5827
8752
8957
3
3794
4793
5793
1
3178
1
4379
12
1923
3127
3957
6937
8917
8937
1
8975
16
1567
1576
1678
7569
7689
7869
2
5817
8157
26
1364
1436
1437
7314
7413
7431
3
1752
2715
7512
2
4372
5382
3
1352
3152
3852
4
3179
3578
7931
9173
1
7918
2
4267
4967
5
2317
2713
3278
3715
5378
3
3265
5623
6923
2
1648
2145
1
5734
1
5721
2
3146
3461
2
9364
9564
1
8423
3
8913
8931
9816
2
6137
6173
2
1864
4816
1
7316
5
1235
5249
5627
5672
5942
1
4678
3
2397
3792
7892
4
5498
8495
8529
9528
1
3178
1
7249
2
5269
9265
1
9248
1
8257
4
6954
8354
8612
8754
1
8273
1
7395
1
1843
3
2467
2674
2764
5
2567
4587
7526
7584
8457
5
5673
6375
6573
6735
7635
2
9824
9834
2
6241
7241
1
8425
3
7469
7694
8476
13
3276
3416
3576
7946
8346
8743
2
3546
3654
3
4526
5462
7319
2
2465
2965
3
2541
2864
8264
3
7598
8579
8957
9
3428
3429
3482
4329
4382
9342
1
6251
11
1675
1976
3941
5841
7691
7961
3
4869
6489
9684
2
9367
9637
1
6314
6
1389
1789
7198
9138
9318
9718
1
2643
2
3519
3951
4
1479
1492
1974
4912
18
1253
1258
1267
5912
7216
7256
4
2956
5296
9265
9652
4
7384
7834
8374
8734
5
1285
3425
3482
4985
5489
1
2754
18
2375
2735
3572
7532
7539
7935
1
6871
5
1398
1862
2861
8391
9813
10
5763
8763
9265
9753
9783
9863
1
1548
1
6453
1
4713
3
2367
3267
6327
1
2571
4
1934
2934
4931
4932
2
5137
9147
1
7651
6
6537
6597
8397
8637
8697
9537
10
2398
2893
3298
9328
9823
9832
1
8329
2
6935
6937
2
4658
6458
1
7869
2
3546
6345
1
5317
1
8469
1
7936
3
1243
2134
6243
1
7265
1
4328
1
5693
5
5874
5893
8574
8593
8953
4
5482
7245
7452
7945
1
3695
1
6921
2
4569
6945
1
3659
1
6821
8
4295
4298
4592
4892
8195
9158
2
6537
6735
3
1923
5923
6923
1
2591
2
3698
8369
1
6851
1
3915
2
8246
8426
4
2765
6725
7265
7625
1
6798
1
4695
1
4125
1
2759
3
2641
3942
9641
2
1837
9837
2
6798
9678
1
5832
3
1279
2197
7219
4
2516
2569
5612
6529
2
5381
5873
4
1357
1375
7315
7531
4
3876
6738
6837
6873
1
7985
2
5963
8564
1
5216
8
3468
3648
3678
3867
4863
7863
1
7234
1
1854
1
5734
4
1482
1852
2481
2851
2
1376
1396
2
5341
5413
2
4358
4583
3
7369
7963
9763
3
1765
6175
6715
4
3917
8374
8376
8719
1
6712
3
5639
6719
7619
14
5264
5279
5364
5972
5973
5984
9
3471
3798
6471
7461
7698
8793
4
3675
3756
5763
7365
2
3415
4135
6
3189
3819
8319
9183
9381
9813
6
6978
7591
7698
7968
9571
9678
2
6891
9816
4
3951
7951
9351
9751
8
3467
3647
6417
7586
8576
9576
4
1327
1537
8546
8549
4
6849
6894
6948
6984
5
1685
5389
5917
5983
8593
2
7836
7846
1
9572
4
5476
9376
9678
9876
2
3275
9275
3
9168
9638
9742
7
1953
2954
2987
5924
8927
8972
3
2738
8732
9532
3
1678
1679
1697
4
1849
1894
1984
9165
3
4318
4813
8413
4
1459
3459
5189
5439
2
8312
8321
3
2379
2739
3927
2
2175
6275
1
9458
2
2687
5391
22
1248
1274
1284
7264
7289
9278
2
4237
4239
3
2679
2769
6729
10
1574
1674
2564
7541
7614
7641
2
1249
4129
4
1942
4219
4269
8932
1
2359
1
4972
1
3698
2
1938
9318
19
2341
2741
2831
7849
9241
9847
4
1728
2895
6425
8721
1
5137
1
9372
3
4672
5679
7659
1
9712
4
1293
3291
3297
7293
7
5189
5619
5679
5697
5981
5987
3
1493
3597
8394
3
1853
3568
6583
6
2175
2574
3675
5127
5167
5692
2
6512
6521
2
4876
6857
2
5746
6745
3
1857
2537
7341
6
3469
3496
6349
6439
9346
9436
1
2419
2
1592
1597
4
3142
4123
8123
8142
7
1253
1257
3152
3756
7234
7251
3
1457
1834
3841
5
1376
3176
3617
3671
3716
2
1528
1598
2
5247
5742
1
1543
1
3912
3
2618
8612
9561
3
3278
3782
7328
8
1829
1892
1982
3982
9821
9823
1
7984
3
2943
3862
6758
6
1684
2834
5132
5231
5874
5984
7
3465
3564
3569
5463
6395
9563
7
6149
6389
6391
9631
9683
9684
2
9145
9345
2
4578
5478
1
6439
1
9817
2
5287
7582
1
6975
6
1273
1359
3579
6173
6317
7359
2
7138
7831
3
4179
4657
7691
3
4725
9675
9735
2
3764
3964
5
2356
2396
2476
2834
4316
2
3147
3174
1
7532
1
9234
2
5948
9548
2
1972
6782
6
6249
6294
7469
7489
7496
7948
2
4629
6492
3
3179
7129
7139
3
1624
1628
1923
1
3762
1
7841
2
5849
7854
2
4897
9487
1
4268
2
2678
7268
1
3719
2
2391
9361
3
2536
3526
5236
3
6879
8976
9678
2
1965
7865
3
3218
6291
7291
16
1257
1275
1957
8275
8957
8975
3
4239
4329
9243
1
7982
1
8735
2
2165
5162
14
2389
2873
2893
8394
8573
8593
1
4932
1
5613
1
8924
3
4615
4725
6541
3
1659
2159
9614
6
1785
7185
7581
8175
8571
8751
2
1629
6129
6
1637
1642
2653
3625
4613
7613
1
8213
1
2365
2
6813
8613
4
6458
6548
6584
6854
2
3641
6341
3
7682
8762
9683
6
1785
7138
7831
7839
7938
9785
10
3781
4793
5793
7953
8496
8596
1
7412
4
6398
7318
8635
8693
6
3589
3985
5389
5983
9385
9583
1
4156
4
1743
1793
7134
7139
1
6853
2
4176
7416
2
4813
8413
1
1654
1
8391
17
1247
1297
1724
9425
9426
9728
2
6953
9563
3
3597
4597
9735
2
8172
8712
4
3467
3764
7364
7463
1
4279
5
3784
5768
8561
8765
9781
1
6198
1
9642
1
7351
1
5843
30
1526
1562
1572
9526
9562
9572
2
1395
1945
2
3547
3574
1
8126
11
1496
1856
4691
8792
9416
9426
2
1635
3615
2
1845
1854
3
3249
3942
3948
1
6435
18
2379
3159
3279
8369
8439
8639
2
9321
9341
1
3847
2
6984
8469
1
6819
2
7839
9837
1
2614
3
6521
6531
6784
1
6247
1
4892
1
9385
3
4695
5694
9645
3
1247
9137
9173
5
6149
6182
6281
6914
6941
3
4692
6942
9642
2
4872
8427
6
4586
4856
5684
5846
6584
6854
2
1836
1842
3
2491
4912
8619
3
4231
5274
5431
16
2315
2317
2516
6721
9517
9715
1
6342
6
1238
2931
3281
3291
3821
3849
5
1234
1236
4237
5237
6237
1
5213
1
1973
5
2639
2643
2693
3269
4263
2
1452
5421
1
5416
14
2453
2456
2513
6245
6425
6825
1
7254
1
6345
2
7216
7612
1
8342
3
1948
8149
9418
3
3957
7698
7968
1
4351
1
2518
2
3196
9136
4
3158
3518
6258
6528
1
6429
2
6481
9486
6
2367
3267
3762
7236
7326
7632
1
6953
7
4563
4613
4631
4638
4653
4863
3
1624
4612
4621
6
1384
1834
3184
3894
9384
9834
4
4937
4987
7943
7948
4
1792
7192
7398
8792
1
5378
3
1835
2835
3815
6
1973
3917
7193
7319
9137
9371
3
1849
6142
6815
6
1862
1892
4951
6451
8162
8192
3
4685
5913
6789
7
1967
4956
6459
6954
7619
9456
1
5387
1
9472
2
3917
8917
1
7481
2
1786
7681
