V0 V441 V108 V200 V1 (2088)
V0 V441 V95 V198 V437 V248 V269 V2 (1994)
V0 V266 V3 (830)
V0 V344 V484 V115 V223 V26 V4 (2379)
V0 V384 V399 V457 V5 (2163)
V0 V6 (-1)
V0 V48 V224 V355 V7 (1107)
V0 V463 V8 (1082)
V0 V344 V154 V474 V434 V9 (2285)
V0 V463 V192 V94 V10 (1488)
V0 V243 V150 V348 V378 V11 (1835)
V0 V344 V12 (500)
V0 V384 V428 V13 (1276)
V0 V344 V154 V474 V265 V193 V14 (2107)
V0 V243 V150 V67 V15 (2246)
V0 V16 (-1)
V0 V48 V224 V355 V7 V17 (1125)
V0 V463 V192 V57 V18 (1867)
V0 V441 V393 V19 (1515)
V0 V48 V224 V20 (1554)
V0 V463 V368 V98 V499 V255 V274 V21 (1979)
V0 V441 V95 V198 V437 V248 V269 V2 V22 (2157)
V0 V266 V455 V23 (1440)
V0 V243 V150 V348 V378 V24 (1798)
V0 V25 (-1)
V0 V344 V484 V115 V223 V26 (1912)
V0 V441 V95 V262 V259 V27 (1689)
V0 V384 V226 V419 V28 (2580)
V0 V266 V29 (542)
V0 V48 V224 V355 V68 V40 V386 V149 V402 V207 V30 (2882)
V0 V243 V239 V42 V130 V476 V31 (1791)
V0 V243 V239 V83 V221 V32 (2776)
V0 V266 V29 V33 (1137)
V0 V34 (-1)
V0 V266 V3 V272 V397 V35 (1666)
V0 V48 V224 V355 V7 V270 V36 (1735)
V0 V37 (-1)
V0 V243 V239 V42 V130 V476 V147 V38 (2450)
V0 V243 V150 V67 V127 V72 V326 V39 (3550)
V0 V48 V224 V355 V68 V40 (1455)
V0 V48 V224 V355 V68 V40 V386 V41 (1898)
V0 V243 V239 V42 (1104)
V0 V463 V192 V94 V51 V43 (1216)
V0 V48 V91 V281 V410 V44 (2375)
V0 V441 V95 V198 V118 V251 V45 (1800)
V0 V463 V192 V74 V46 (1790)
V0 V48 V91 V281 V47 (1728)
V0 V48 (203)
V0 V48 V224 V325 V49 (1002)
V0 V48 V224 V355 V68 V299 V50 (1967)
V0 V463 V192 V94 V51 (1026)
V0 V48 V224 V355 V7 V52 (1150)
V0 V384 V226 V419 V53 (2729)
V0 V48 V224 V355 V7 V17 V54 (1145)
V0 V243 V239 V267 V241 V55 (1708)
V0 V344 V154 V113 V56 (1525)
V0 V463 V192 V57 (1429)
V0 V243 V239 V199 V58 (1741)
V0 V243 V239 V59 (1017)
V0 V243 V150 V67 V60 (2093)
V0 V266 V3 V272 V61 (2127)
V0 V62 (-1)
V0 V63 (-1)
V0 V48 V91 V281 V64 (2033)
V0 V344 V154 V474 V434 V9 V65 (3142)
V0 V441 V95 V198 V66 (1777)
V0 V243 V150 V67 (1859)
V0 V48 V224 V355 V68 (1253)
V0 V69 (-1)
V0 V243 V150 V70 (950)
V0 V243 V239 V71 (1188)
V0 V243 V150 V67 V127 V72 (2822)
V0 V48 V91 V281 V336 V73 (1997)
V0 V463 V192 V74 (1245)
V0 V463 V229 V448 V123 V472 V75 (967)
V0 V441 V169 V76 (636)
V0 V463 V192 V94 V10 V77 (2012)
V0 V441 V139 V78 (373)
V0 V48 V91 V281 V159 V79 (2380)
V0 V384 V428 V327 V338 V201 V151 V80 (2641)
V0 V344 V154 V474 V81 (1700)
V0 V463 V368 V98 V499 V90 V82 (2541)
V0 V243 V239 V83 (1505)
V0 V48 V224 V355 V68 V232 V84 (1767)
V0 V266 V174 V85 (1904)
V0 V441 V169 V76 V489 V417 V86 (1791)
V0 V243 V239 V252 V497 V242 V87 (2598)
V0 V463 V229 V176 V119 V194 V88 (3187)
V0 V384 V89 (1904)
V0 V463 V368 V98 V499 V90 (1735)
V0 V48 V91 (1014)
V0 V441 V108 V200 V1 V92 (3005)
V0 V384 V445 V93 (1973)
V0 V463 V192 V94 (788)
V0 V441 V95 (478)
V0 V463 V409 V205 V96 (2605)
V0 V97 (-1)
V0 V463 V368 V98 (1079)
V0 V344 V484 V99 (1032)
V0 V463 V368 V98 V100 (1475)
V0 V243 V150 V67 V127 V72 V326 V436 V131 V101 (4115)
V0 V243 V239 V267 V241 V55 V346 V102 (1873)
V0 V266 V3 V272 V235 V103 (1893)
V0 V463 V192 V94 V10 V231 V104 (1848)
V0 V384 V428 V451 V373 V105 (2619)
V0 V48 V106 (906)
V0 V344 V154 V107 (1236)
V0 V441 V108 (940)
V0 V441 V108 V109 (1662)
V0 V463 V368 V175 V110 (1112)
V0 V243 V239 V111 (1411)
V0 V243 V239 V42 V112 (1728)
V0 V344 V154 V113 (1111)
V0 V210 V133 V286 V114 (1165)
V0 V344 V484 V115 (1123)
V0 V463 V368 V98 V499 V116 (1773)
V0 V48 V224 V20 V332 V117 (2451)
V0 V441 V95 V198 V118 (1248)
V0 V463 V229 V176 V119 (1842)
V0 V344 V484 V115 V223 V191 V120 (2847)
V0 V463 V229 V448 V123 V121 (1328)
V0 V441 V95 V198 V122 (1011)
V0 V463 V229 V448 V123 (894)
V0 V463 V229 V144 V446 V124 (1650)
V0 V463 V192 V74 V125 (1860)
V0 V243 V239 V199 V58 V360 V423 V126 (2972)
V0 V243 V150 V67 V127 (2613)
V0 V266 V29 V431 V128 (1755)
V0 V463 V192 V94 V185 V442 V279 V129 (2130)
V0 V243 V239 V42 V130 (1523)
V0 V243 V150 V67 V127 V72 V326 V436 V131 (3490)
V0 V266 V3 V272 V397 V479 V483 V132 (3250)
V0 V210 V133 (579)
V0 V134 (-1)
V0 V243 V239 V199 V58 V360 V135 (2560)
V0 V136 (-1)
V0 V441 V137 (622)
V0 V463 V368 V98 V499 V116 V138 (1952)
V0 V441 V139 (303)
V0 V243 V239 V42 V112 V140 (2189)
V0 V266 V29 V141 (1134)
V0 V441 V139 V78 V152 V142 (1760)
V0 V463 V8 V143 (1493)
V0 V463 V229 V144 (1341)
V0 V210 V133 V286 V407 V145 (1403)
V0 V441 V108 V146 (1297)
V0 V243 V239 V42 V130 V476 V147 (2085)
V0 V48 V91 V281 V47 V293 V213 V148 (2764)
V0 V48 V224 V355 V68 V40 V386 V149 (1764)
V0 V243 V150 (885)
V0 V384 V428 V327 V338 V201 V151 (2274)
V0 V441 V139 V78 V152 (1277)
V0 V48 V224 V355 V68 V40 V386 V153 (1841)
V0 V344 V154 (1094)
V0 V384 V399 V155 (1487)
V0 V48 V91 V281 V156 (2365)
V0 V48 V224 V355 V68 V299 V356 V157 (2112)
V0 V158 (-1)
V0 V48 V91 V281 V159 (1619)
V0 V243 V239 V71 V160 (1906)
V0 V463 V409 V161 (2027)
V0 V463 V368 V98 V499 V162 (1569)
V0 V210 V337 V487 V163 (1543)
V0 V384 V445 V93 V164 (2311)
V0 V463 V409 V292 V310 V165 (3414)
V0 V384 V428 V461 V166 (2144)
V0 V441 V95 V262 V259 V167 (1238)
V0 V168 (-1)
V0 V441 V169 (471)
V0 V441 V95 V198 V66 V170 (2709)
V0 V463 V368 V175 V171 (1403)
V0 V243 V239 V59 V172 (1905)
V0 V48 V288 V173 (701)
V0 V266 V174 (1224)
V0 V463 V368 V175 (921)
V0 V463 V229 V176 (1488)
V0 V463 V192 V94 V10 V231 V296 V177 (2262)
V0 V243 V239 V220 V178 (2153)
V0 V384 V445 V93 V179 (2260)
V0 V243 V239 V267 V241 V55 V346 V102 V180 (2238)
V0 V463 V368 V98 V499 V181 (1788)
V0 V384 V226 V182 (2202)
V0 V344 V154 V183 (1388)
V0 V184 (-1)
V0 V463 V192 V94 V185 (1366)
V0 V186 (-1)
V0 V384 V187 (1403)
V0 V243 V150 V67 V127 V258 V188 (3661)
V0 V48 V91 V281 V189 (2250)
V0 V441 V393 V19 V236 V190 (1774)
V0 V344 V484 V115 V223 V191 (1974)
V0 V463 V192 (733)
V0 V344 V154 V474 V265 V193 (1728)
V0 V463 V229 V176 V119 V194 (2772)
V0 V463 V368 V98 V499 V255 V274 V21 V195 (2912)
V0 V243 V196 (1099)
V0 V210 V133 V286 V240 V197 (2497)
V0 V441 V95 V198 (856)
V0 V243 V239 V199 (900)
V0 V441 V108 V200 (1528)
V0 V384 V428 V327 V338 V201 (2226)
V0 V384 V226 V245 V202 (2812)
V0 V48 V203 (788)
V0 V441 V95 V198 V118 V465 V204 (1380)
V0 V463 V409 V205 (1935)
V0 V463 V368 V98 V499 V255 V274 V21 V206 (2252)
V0 V48 V224 V355 V68 V40 V386 V149 V402 V207 (2675)
V0 V463 V192 V94 V10 V77 V208 (2958)
V0 V243 V239 V42 V477 V420 V458 V209 (2161)
V0 V210 (315)
V0 V211 (-1)
V0 V344 V212 (892)
V0 V48 V91 V281 V47 V293 V213 (2623)
V0 V463 V368 V98 V499 V345 V317 V214 (1946)
V0 V48 V224 V355 V68 V40 V215 (1838)
V0 V266 V29 V408 V216 (1789)
V0 V48 V91 V281 V47 V459 V371 V217 (2462)
V0 V243 V150 V348 V378 V24 V218 (1944)
V0 V48 V224 V355 V68 V40 V219 (1758)
V0 V243 V239 V220 (1421)
V0 V243 V239 V83 V221 (2074)
V0 V243 V239 V199 V58 V222 (2371)
V0 V344 V484 V115 V223 (1779)
V0 V48 V224 (671)
V0 V463 V368 V98 V499 V345 V225 (2248)
V0 V384 V226 (1912)
V0 V463 V409 V161 V227 (2915)
V0 V463 V229 V144 V446 V124 V228 (1862)
V0 V463 V229 (637)
V0 V230 (-1)
V0 V463 V192 V94 V10 V231 (1513)
V0 V48 V224 V355 V68 V232 (1493)
V0 V344 V154 V474 V265 V193 V14 V233 (2121)
V0 V243 V150 V67 V234 (2479)
V0 V266 V3 V272 V235 (1599)
V0 V441 V393 V19 V236 (1773)
V0 V463 V192 V57 V237 (1462)
V0 V243 V239 V42 V477 V420 V458 V209 V238 (3076)
V0 V243 V239 (514)
V0 V210 V133 V286 V240 (1579)
V0 V243 V239 V267 V241 (912)
V0 V243 V239 V252 V497 V242 (2225)
V0 V243 (161)
V0 V266 V3 V244 (1804)
V0 V384 V226 V245 (2623)
V0 V48 V224 V355 V68 V299 V356 V475 V486 V246 (2706)
V0 V344 V12 V339 V247 (1565)
V0 V441 V95 V198 V437 V248 (1397)
V0 V243 V239 V267 V241 V249 (1856)
V0 V266 V455 V250 (1512)
V0 V441 V95 V198 V118 V251 (1470)
V0 V243 V239 V252 (1502)
V0 V463 V229 V144 V446 V124 V379 V253 (2333)
V0 V384 V428 V451 V373 V254 (2067)
V0 V463 V368 V98 V499 V255 (1547)
V0 V441 V95 V198 V256 (1363)
V0 V210 V257 (1013)
V0 V243 V150 V67 V127 V258 (3147)
V0 V441 V95 V262 V259 (974)
V0 V260 (-1)
V0 V243 V239 V42 V477 V420 V458 V209 V358 V261 (2964)
V0 V441 V95 V262 (633)
V0 V463 V8 V263 (1494)
V0 V243 V239 V199 V58 V360 V264 (2686)
V0 V344 V154 V474 V265 (1526)
V0 V266 (388)
V0 V243 V239 V267 (544)
V0 V266 V174 V268 (1262)
V0 V441 V95 V198 V437 V248 V269 (1412)
V0 V48 V224 V355 V7 V270 (1676)
V0 V243 V150 V348 V271 (1366)
V0 V266 V3 V272 (1148)
V0 V463 V368 V98 V499 V345 V317 V273 (2134)
V0 V463 V368 V98 V499 V255 V274 (1852)
V0 V275 (-1)
V0 V243 V239 V252 V497 V340 V276 (2845)
V0 V48 V224 V20 V277 (1852)
V0 V463 V368 V98 V499 V255 V274 V21 V278 (2380)
V0 V463 V192 V94 V185 V442 V279 (1885)
V0 V463 V192 V57 V280 (1461)
V0 V48 V91 V281 (1419)
V0 V243 V239 V42 V112 V282 (2263)
V0 V384 V283 (1540)
V0 V384 V445 V284 (1680)
V0 V243 V239 V285 (669)
V0 V210 V133 V286 (694)
V0 V287 (-1)
V0 V48 V288 (632)
V0 V384 V226 V419 V289 (3023)
V0 V463 V368 V98 V499 V181 V290 (2016)
V0 V243 V239 V42 V130 V476 V147 V38 V291 (2757)
V0 V463 V409 V292 (2192)
V0 V48 V91 V281 V47 V293 (2587)
V0 V266 V29 V294 (592)
V0 V266 V3 V272 V235 V295 (1624)
V0 V463 V192 V94 V10 V231 V296 (1980)
V0 V463 V409 V297 (2026)
V0 V266 V3 V272 V235 V295 V298 (2501)
V0 V48 V224 V355 V68 V299 (1482)
V0 V243 V239 V220 V383 V300 (2340)
V0 V441 V139 V78 V301 (943)
V0 V243 V239 V42 V302 (1469)
V0 V441 V139 V78 V301 V303 (1892)
V0 V463 V192 V94 V51 V460 V304 (2356)
V0 V48 V224 V20 V305 (1704)
V0 V306 (-1)
V0 V48 V224 V355 V7 V270 V307 (2091)
V0 V243 V239 V285 V308 (1488)
V0 V243 V239 V199 V58 V309 (2618)
V0 V463 V409 V292 V310 (2627)
V0 V384 V399 V155 V311 (1712)
V0 V243 V150 V348 V271 V447 V416 V312 (2480)
V0 V243 V239 V71 V470 V313 (1494)
V0 V463 V229 V314 (917)
V0 V344 V484 V315 (1432)
V0 V316 (-1)
V0 V463 V368 V98 V499 V345 V317 (1768)
V0 V384 V187 V318 (2075)
V0 V266 V455 V319 (1412)
V0 V441 V139 V78 V301 V320 (1340)
V0 V210 V257 V375 V321 (2246)
V0 V441 V139 V78 V152 V142 V322 (1845)
V0 V48 V91 V281 V47 V293 V323 (3049)
V0 V324 (-1)
V0 V48 V224 V325 (959)
V0 V243 V150 V67 V127 V72 V326 (3208)
V0 V384 V428 V327 (1008)
V0 V344 V154 V474 V328 (1955)
V0 V463 V192 V329 (1707)
V0 V266 V455 V250 V351 V330 (2128)
V0 V441 V95 V198 V66 V331 (1856)
V0 V48 V224 V20 V332 (1599)
V0 V48 V288 V173 V374 V333 (1980)
V0 V334 (-1)
V0 V266 V3 V272 V397 V335 (1482)
V0 V48 V91 V281 V336 (1949)
V0 V210 V337 (665)
V0 V384 V428 V327 V338 (1517)
V0 V344 V12 V339 (768)
V0 V243 V239 V252 V497 V340 (2143)
V0 V384 V445 V341 (1545)
V0 V243 V150 V348 V271 V342 (2123)
V0 V243 V150 V67 V127 V72 V343 (3368)
V0 V344 (295)
V0 V463 V368 V98 V499 V345 (1640)
V0 V243 V239 V267 V241 V55 V346 (1842)
V0 V441 V393 V19 V236 V190 V347 (2142)
V0 V243 V150 V348 (910)
V0 V441 V108 V349 (1507)
V0 V210 V133 V350 (1229)
V0 V266 V455 V250 V351 (1698)
V0 V384 V445 V93 V164 V352 (3019)
V0 V243 V239 V220 V353 (1800)
V0 V243 V239 V42 V130 V476 V31 V493 V354 (2644)
V0 V48 V224 V355 (1083)
V0 V48 V224 V355 V68 V299 V356 (1640)
V0 V344 V484 V115 V223 V26 V357 (2335)
V0 V243 V239 V42 V477 V420 V458 V209 V358 (2539)
V0 V210 V133 V359 (1327)
V0 V243 V239 V199 V58 V360 (2037)
V0 V361 (-1)
V0 V243 V150 V67 V127 V72 V326 V436 V131 V101 V362 (4288)
V0 V384 V445 V341 V363 (1864)
V0 V463 V192 V364 (973)
V0 V365 (-1)
V0 V366 (-1)
V0 V441 V95 V198 V118 V251 V45 V367 (2453)
V0 V463 V368 (888)
V0 V266 V3 V272 V369 (1921)
V0 V210 V133 V370 (1576)
V0 V48 V91 V281 V47 V459 V371 (1966)
V0 V372 (-1)
V0 V384 V428 V451 V373 (1742)
V0 V48 V288 V173 V374 (1290)
V0 V210 V257 V375 (1838)
V0 V441 V137 V376 (1569)
V0 V48 V224 V355 V68 V40 V386 V149 V377 (2287)
V0 V243 V150 V348 V378 (1229)
V0 V463 V229 V144 V446 V124 V379 (1696)
V0 V243 V150 V70 V380 (1453)
V0 V381 (-1)
V0 V463 V229 V176 V119 V382 (1899)
V0 V243 V239 V220 V383 (2185)
V0 V384 (959)
V0 V243 V150 V348 V385 (972)
V0 V48 V224 V355 V68 V40 V386 (1755)
V0 V387 (-1)
V0 V48 V224 V20 V277 V388 (2349)
V0 V389 (-1)
V0 V390 (-1)
V0 V266 V3 V272 V391 (1438)
V0 V463 V192 V94 V51 V460 V392 (2240)
V0 V441 V393 (965)
V0 V48 V224 V355 V7 V17 V54 V394 (1930)
V0 V48 V224 V355 V68 V299 V356 V475 V395 (2099)
V0 V463 V409 V292 V396 (2390)
V0 V266 V3 V272 V397 (1340)
V0 V266 V29 V33 V398 (1753)
V0 V384 V399 (1093)
V0 V400 (-1)
V0 V243 V239 V199 V58 V222 V401 (2477)
V0 V48 V224 V355 V68 V40 V386 V149 V402 (2355)
V0 V463 V368 V98 V499 V116 V403 (2427)
V0 V243 V239 V111 V404 (1506)
V0 V463 V368 V175 V405 (1741)
V0 V406 (-1)
V0 V210 V133 V286 V407 (913)
V0 V266 V29 V408 (1397)
V0 V463 V409 (1372)
V0 V48 V91 V281 V410 (1913)
V0 V243 V239 V71 V411 (1507)
V0 V344 V154 V474 V265 V412 (2455)
V0 V463 V192 V74 V46 V413 (2640)
V0 V266 V29 V431 V414 (1952)
V0 V415 (-1)
V0 V243 V150 V348 V271 V447 V416 (2242)
V0 V441 V169 V76 V489 V417 (1197)
V0 V463 V409 V292 V418 (2840)
V0 V384 V226 V419 (2210)
V0 V243 V239 V42 V477 V420 (1521)
V0 V243 V239 V42 V302 V421 (2356)
V0 V266 V29 V422 (1272)
V0 V243 V239 V199 V58 V360 V423 (2391)
V0 V48 V91 V424 (1713)
V0 V425 (-1)
V0 V243 V239 V42 V130 V476 V147 V38 V426 (2759)
V0 V243 V239 V220 V353 V427 (2389)
V0 V384 V428 (987)
V0 V344 V154 V429 (1888)
V0 V266 V3 V272 V452 V430 (1868)
V0 V266 V29 V431 (1125)
V0 V210 V133 V286 V240 V432 (2565)
V0 V243 V239 V220 V495 V433 (2566)
V0 V344 V154 V474 V434 (2250)
V0 V463 V192 V94 V10 V435 (1829)
V0 V243 V150 V67 V127 V72 V326 V436 (3299)
V0 V441 V95 V198 V437 (1230)
V0 V48 V288 V173 V374 V333 V438 (2565)
V0 V439 (-1)
V0 V344 V154 V429 V440 (1916)
V0 V441 (154)
V0 V463 V192 V94 V185 V442 (1673)
V0 V243 V150 V348 V378 V24 V443 (2269)
V0 V444 (-1)
V0 V384 V445 (1260)
V0 V463 V229 V144 V446 (1346)
V0 V243 V150 V348 V271 V447 (2209)
V0 V463 V229 V448 (873)
V0 V463 V409 V449 (2022)
V0 V463 V409 V205 V96 V450 (3551)
V0 V384 V428 V451 (1593)
V0 V266 V3 V272 V452 (1238)
V0 V453 (-1)
V0 V441 V95 V198 V118 V251 V45 V367 V454 (2617)
V0 V266 V455 (519)
V0 V456 (-1)
V0 V384 V399 V457 (1902)
V0 V243 V239 V42 V477 V420 V458 (1779)
V0 V48 V91 V281 V47 V459 (1865)
V0 V463 V192 V94 V51 V460 (1544)
V0 V384 V428 V461 (1652)
V0 V441 V95 V198 V256 V462 (1715)
V0 V463 (634)
V0 V384 V428 V464 (1391)
V0 V441 V95 V198 V118 V465 (1344)
V0 V384 V428 V451 V466 (1827)
V0 V463 V229 V176 V119 V194 V467 (2936)
V0 V463 V409 V205 V468 (2610)
V0 V384 V428 V469 (1041)
V0 V243 V239 V71 V470 (1397)
V0 V243 V239 V42 V477 V420 V471 (1718)
V0 V463 V229 V448 V123 V472 (902)
V0 V463 V192 V94 V51 V473 (2012)
V0 V344 V154 V474 (1373)
V0 V48 V224 V355 V68 V299 V356 V475 (1781)
V0 V243 V239 V42 V130 V476 (1564)
V0 V243 V239 V42 V477 (1425)
V0 V48 V224 V355 V68 V40 V386 V149 V478 (2712)
V0 V266 V3 V272 V397 V479 (1953)
V0 V480 (-1)
V0 V48 V224 V355 V68 V40 V481 (1910)
V0 V463 V409 V297 V482 (2796)
V0 V266 V3 V272 V397 V479 V483 (2452)
V0 V344 V484 (956)
V0 V463 V368 V98 V100 V485 (2405)
V0 V48 V224 V355 V68 V299 V356 V475 V486 (1894)
V0 V210 V337 V487 (700)
V0 V384 V428 V464 V488 (1683)
V0 V441 V169 V76 V489 (1046)
V0 V243 V239 V220 V495 V490 (2434)
V0 V48 V224 V355 V68 V40 V386 V41 V491 (2538)
V0 V344 V12 V492 (855)
V0 V243 V239 V42 V130 V476 V31 V493 (1974)
V0 V266 V3 V272 V397 V35 V494 (2062)
V0 V243 V239 V220 V495 (1954)
V0 V384 V187 V318 V496 (2913)
V0 V243 V239 V252 V497 (1570)
V0 V48 V91 V281 V159 V498 (1810)
V0 V463 V368 V98 V499 (1379)
