V0 V492 V648 V486 V27 V1 (327)
V0 V639 V772 V401 V2 (375)
V0 V492 V46 V808 V964 V3 (417)
V0 V639 V779 V75 V935 V814 V110 V4 (598)
V0 V65 V977 V5 (415)
V0 V492 V648 V835 V299 V6 (250)
V0 V639 V772 V401 V858 V7 (536)
V0 V492 V648 V215 V682 V8 (604)
V0 V492 V46 V739 V629 V732 V879 V760 V9 (760)
V0 V140 V305 V372 V443 V413 V10 (628)
V0 V492 V648 V486 V877 V526 V546 V598 V344 V42 V11 (689)
V0 V492 V46 V739 V12 (671)
V0 V492 V648 V91 V13 (421)
V0 V639 V779 V780 V14 (443)
V0 V492 V648 V595 V271 V235 V423 V15 (734)
V0 V351 V905 V463 V63 V485 V890 V16 (535)
V0 V351 V667 V705 V103 V17 (824)
V0 V492 V46 V808 V39 V280 V355 V18 (598)
V0 V492 V46 V739 V629 V732 V803 V398 V19 (812)
V0 V492 V648 V486 V877 V526 V546 V598 V344 V944 V494 V620 V20 (1029)
V0 V492 V648 V91 V13 V646 V970 V21 (833)
V0 V639 V772 V55 V116 V698 V150 V22 (489)
V0 V23 (442)
V0 V492 V648 V853 V24 (295)
V0 V140 V669 V41 V294 V25 (734)
V0 V492 V46 V808 V47 V26 (641)
V0 V492 V648 V486 V27 (211)
V0 V492 V648 V835 V296 V195 V115 V293 V467 V28 (614)
V0 V492 V46 V808 V547 V663 V891 V265 V29 (594)
V0 V351 V905 V188 V297 V30 (737)
V0 V65 V745 V908 V618 V707 V870 V261 V31 (790)
V0 V492 V46 V808 V547 V825 V936 V45 V32 (649)
V0 V492 V648 V486 V877 V683 V33 (449)
V0 V492 V46 V584 V118 V866 V34 (759)
V0 V65 V977 V278 V817 V124 V791 V963 V35 (925)
V0 V492 V648 V486 V877 V683 V36 (343)
V0 V492 V648 V91 V878 V149 V369 V37 (533)
V0 V492 V648 V835 V38 (544)
V0 V492 V46 V808 V39 (478)
V0 V140 V305 V372 V443 V413 V10 V40 (838)
V0 V140 V669 V41 (307)
V0 V492 V648 V486 V877 V526 V546 V598 V344 V42 (628)
V0 V639 V772 V55 V397 V603 V738 V43 (659)
V0 V140 V503 V44 (448)
V0 V492 V46 V808 V547 V825 V936 V45 (482)
V0 V492 V46 (42)
V0 V492 V46 V808 V47 (419)
V0 V492 V648 V91 V878 V149 V256 V254 V48 (625)
V0 V351 V905 V83 V555 V821 V49 (736)
V0 V639 V82 V51 V154 V437 V787 V50 (681)
V0 V639 V82 V51 (439)
V0 V639 V424 V636 V52 (617)
V0 V492 V648 V486 V877 V526 V570 V409 V948 V488 V53 (696)
V0 V492 V648 V595 V271 V396 V54 (522)
V0 V639 V772 V55 (224)
V0 V492 V46 V808 V547 V421 V108 V56 (645)
V0 V351 V905 V463 V577 V57 (579)
V0 V492 V46 V584 V118 V58 (376)
V0 V492 V46 V808 V102 V694 V552 V59 (415)
V0 V140 V669 V602 V67 V60 (982)
V0 V492 V648 V91 V878 V149 V369 V37 V725 V61 (772)
V0 V351 V905 V188 V451 V62 (528)
V0 V351 V905 V463 V63 (360)
V0 V492 V648 V486 V27 V148 V64 (397)
V0 V65 (193)
V0 V65 V745 V908 V618 V707 V870 V261 V66 (529)
V0 V140 V669 V602 V67 (682)
V0 V492 V46 V808 V547 V663 V891 V775 V632 V348 V68 (582)
V0 V492 V648 V91 V878 V149 V256 V774 V69 (548)
V0 V492 V46 V808 V400 V840 V70 (503)
V0 V351 V905 V463 V63 V71 (575)
V0 V492 V46 V808 V72 (272)
V0 V492 V46 V73 (447)
V0 V492 V46 V808 V964 V3 V74 (814)
V0 V639 V779 V75 (319)
V0 V492 V46 V739 V76 (344)
V0 V639 V779 V75 V935 V628 V77 (560)
V0 V492 V648 V215 V682 V656 V78 (728)
V0 V639 V772 V55 V116 V698 V982 V79 (501)
V0 V492 V46 V808 V102 V472 V80 (653)
V0 V492 V648 V91 V13 V81 (595)
V0 V639 V82 (417)
V0 V351 V905 V83 (568)
V0 V351 V905 V463 V577 V84 (403)
V0 V140 V85 (401)
V0 V492 V648 V835 V912 V86 (781)
V0 V492 V46 V739 V629 V732 V525 V87 (562)
V0 V492 V46 V808 V547 V825 V88 (763)
V0 V972 V89 (613)
V0 V492 V46 V739 V629 V732 V803 V398 V90 (526)
V0 V492 V648 V91 (209)
V0 V492 V46 V808 V267 V754 V606 V92 (605)
V0 V492 V648 V853 V24 V205 V548 V93 (479)
V0 V492 V648 V486 V877 V526 V546 V598 V344 V42 V94 (787)
V0 V140 V669 V602 V67 V997 V95 (1104)
V0 V492 V648 V486 V27 V1 V860 V836 V96 (876)
V0 V492 V648 V835 V299 V6 V125 V106 V97 (463)
V0 V492 V46 V808 V547 V421 V98 (650)
V0 V492 V648 V91 V878 V149 V99 (600)
V0 V65 V500 V100 (1065)
V0 V492 V46 V101 (601)
V0 V492 V46 V808 V102 (299)
V0 V351 V667 V705 V103 (628)
V0 V492 V648 V835 V521 V104 (386)
V0 V639 V772 V55 V397 V603 V828 V173 V105 (614)
V0 V492 V648 V835 V299 V6 V125 V106 (443)
V0 V351 V905 V463 V63 V485 V890 V16 V107 (553)
V0 V492 V46 V808 V547 V421 V108 (584)
V0 V492 V46 V808 V547 V663 V891 V265 V29 V109 (633)
V0 V639 V779 V75 V935 V814 V110 (595)
V0 V351 V905 V188 V297 V111 (614)
V0 V351 V905 V188 V112 (281)
V0 V639 V772 V55 V116 V921 V113 (359)
V0 V639 V82 V51 V154 V437 V114 (690)
V0 V492 V648 V835 V296 V195 V115 (425)
V0 V639 V772 V55 V116 (273)
V0 V492 V46 V808 V547 V421 V108 V227 V117 (670)
V0 V492 V46 V584 V118 (257)
V0 V351 V905 V463 V479 V119 (374)
V0 V492 V648 V486 V877 V526 V546 V598 V344 V208 V120 (504)
V0 V492 V648 V853 V24 V205 V548 V121 (825)
V0 V492 V46 V808 V102 V325 V122 (605)
V0 V492 V648 V595 V408 V876 V123 (675)
V0 V65 V977 V278 V817 V124 (447)
V0 V492 V648 V835 V299 V6 V125 (295)
V0 V492 V46 V808 V102 V472 V716 V417 V126 (722)
V0 V351 V905 V463 V63 V485 V643 V127 (668)
V0 V639 V772 V55 V397 V603 V738 V996 V337 V128 (741)
V0 V65 V977 V278 V817 V129 (493)
V0 V492 V46 V739 V899 V927 V248 V130 (572)
V0 V492 V648 V486 V877 V526 V570 V131 (527)
V0 V639 V82 V51 V154 V132 (528)
V0 V492 V46 V808 V547 V825 V936 V654 V133 (500)
V0 V492 V46 V808 V547 V663 V891 V775 V632 V348 V619 V134 (776)
V0 V65 V745 V908 V618 V135 (506)
V0 V639 V82 V51 V136 (541)
V0 V492 V648 V595 V271 V396 V511 V530 V137 (561)
V0 V140 V503 V763 V452 V973 V138 (713)
V0 V492 V46 V739 V979 V758 V844 V139 (675)
V0 V140 (230)
V0 V492 V648 V835 V912 V901 V141 (653)
V0 V492 V648 V835 V299 V6 V125 V142 (556)
V0 V492 V46 V739 V629 V732 V143 (602)
V0 V65 V977 V278 V817 V124 V326 V144 (477)
V0 V492 V648 V215 V682 V289 V652 V145 (380)
V0 V639 V772 V55 V397 V603 V828 V146 (525)
V0 V492 V648 V835 V521 V700 V147 (663)
V0 V492 V648 V486 V27 V148 (337)
V0 V492 V648 V91 V878 V149 (457)
V0 V639 V772 V55 V116 V698 V150 (386)
V0 V492 V46 V808 V547 V663 V891 V775 V151 (390)
V0 V492 V46 V808 V547 V825 V936 V152 (760)
V0 V492 V648 V486 V27 V148 V64 V460 V224 V153 (745)
V0 V639 V82 V51 V154 (452)
V0 V492 V648 V486 V877 V526 V546 V598 V344 V155 (526)
V0 V492 V648 V486 V753 V450 V156 (460)
V0 V492 V46 V808 V547 V663 V891 V775 V632 V348 V619 V157 (690)
V0 V639 V424 V636 V748 V158 (591)
V0 V492 V648 V835 V299 V6 V159 (734)
V0 V492 V46 V808 V547 V788 V160 (643)
V0 V140 V503 V763 V452 V973 V138 V161 (749)
V0 V492 V648 V486 V877 V683 V162 (417)
V0 V492 V648 V486 V753 V450 V156 V327 V245 V163 (811)
V0 V639 V772 V55 V116 V921 V113 V212 V283 V164 (616)
V0 V140 V669 V41 V294 V178 V703 V165 (721)
V0 V492 V46 V808 V547 V421 V108 V227 V166 (799)
V0 V492 V46 V739 V629 V732 V458 V167 (645)
V0 V492 V648 V486 V27 V1 V480 V168 (834)
V0 V351 V667 V705 V169 (732)
V0 V492 V648 V91 V878 V149 V170 (474)
V0 V492 V46 V739 V629 V732 V525 V171 (729)
V0 V140 V669 V41 V172 (542)
V0 V639 V772 V55 V397 V603 V828 V173 (578)
V0 V639 V174 (415)
V0 V140 V503 V44 V175 (522)
V0 V639 V82 V51 V154 V132 V176 (763)
V0 V492 V46 V808 V547 V663 V891 V265 V29 V177 (672)
V0 V140 V669 V41 V294 V178 (347)
V0 V140 V305 V372 V179 (674)
V0 V351 V905 V463 V63 V591 V180 (550)
V0 V492 V648 V486 V877 V526 V570 V849 V181 (588)
V0 V492 V648 V486 V877 V526 V546 V598 V182 (356)
V0 V492 V648 V91 V13 V183 (604)
V0 V492 V46 V808 V102 V694 V552 V184 (552)
V0 V639 V424 V636 V748 V158 V185 (629)
V0 V639 V772 V186 (737)
V0 V492 V648 V486 V27 V148 V64 V460 V737 V187 (714)
V0 V351 V905 V188 (155)
V0 V492 V648 V486 V877 V526 V546 V598 V182 V777 V189 (535)
V0 V492 V648 V215 V190 (523)
V0 V492 V648 V486 V877 V526 V191 (793)
V0 V492 V46 V739 V76 V644 V192 (645)
V0 V492 V648 V91 V878 V149 V581 V193 (605)
V0 V492 V46 V808 V547 V825 V936 V45 V32 V194 (970)
V0 V492 V648 V835 V296 V195 (422)
V0 V140 V669 V602 V196 (768)
V0 V351 V865 V966 V197 (671)
V0 V639 V772 V55 V116 V698 V150 V249 V198 (1028)
V0 V492 V648 V595 V408 V199 (562)
V0 V492 V46 V584 V118 V866 V885 V200 (664)
V0 V492 V648 V835 V299 V6 V125 V106 V201 (581)
V0 V492 V648 V853 V24 V843 V461 V202 (826)
V0 V492 V46 V73 V203 (618)
V0 V492 V46 V808 V547 V825 V810 V842 V204 (967)
V0 V492 V648 V853 V24 V205 (360)
V0 V65 V977 V278 V888 V206 (757)
V0 V492 V46 V808 V547 V663 V891 V265 V29 V207 (643)
V0 V492 V648 V486 V877 V526 V546 V598 V344 V208 (432)
V0 V65 V977 V278 V888 V540 V209 (722)
V0 V639 V424 V210 (422)
V0 V492 V46 V808 V964 V3 V211 (451)
V0 V639 V772 V55 V116 V921 V113 V212 (376)
V0 V492 V648 V853 V213 (458)
V0 V492 V648 V91 V13 V214 (597)
V0 V492 V648 V215 (247)
V0 V639 V772 V55 V116 V921 V113 V212 V541 V362 V216 (772)
V0 V639 V772 V55 V487 V217 (700)
V0 V639 V779 V75 V567 V218 (728)
V0 V639 V82 V51 V845 V219 (707)
V0 V492 V46 V808 V547 V663 V896 V220 (531)
V0 V492 V46 V739 V221 (512)
V0 V492 V46 V808 V547 V663 V222 (525)
V0 V492 V46 V808 V102 V694 V552 V223 (500)
V0 V492 V648 V486 V27 V148 V64 V460 V224 (494)
V0 V65 V745 V572 V569 V225 (703)
V0 V639 V772 V55 V226 (441)
V0 V492 V46 V808 V547 V421 V108 V227 (642)
V0 V639 V772 V55 V228 (588)
V0 V140 V669 V602 V67 V60 V229 (1091)
V0 V639 V779 V780 V14 V230 (615)
V0 V140 V669 V41 V795 V231 (424)
V0 V492 V648 V91 V878 V149 V256 V232 (659)
V0 V492 V648 V215 V682 V289 V406 V862 V771 V233 (717)
V0 V639 V82 V51 V154 V234 (560)
V0 V492 V648 V595 V271 V235 (453)
V0 V492 V648 V486 V877 V526 V570 V236 (542)
V0 V639 V772 V55 V116 V921 V113 V212 V564 V237 (465)
V0 V492 V46 V739 V629 V732 V803 V565 V238 (572)
V0 V492 V648 V486 V877 V526 V546 V598 V182 V777 V189 V589 V239 (873)
V0 V65 V977 V278 V817 V124 V791 V963 V759 V240 (899)
V0 V492 V648 V835 V521 V241 (529)
V0 V351 V905 V188 V297 V30 V242 (839)
V0 V492 V648 V595 V271 V930 V243 (908)
V0 V492 V648 V853 V213 V244 (810)
V0 V492 V648 V486 V753 V450 V156 V327 V245 (593)
V0 V639 V779 V780 V14 V230 V246 (670)
V0 V492 V648 V835 V296 V195 V247 (432)
V0 V492 V46 V739 V899 V927 V248 (437)
V0 V639 V772 V55 V116 V698 V150 V249 (660)
V0 V492 V46 V739 V629 V732 V803 V565 V662 V250 (627)
V0 V492 V46 V808 V547 V825 V936 V45 V251 (552)
V0 V492 V648 V486 V877 V526 V570 V849 V945 V252 (706)
V0 V492 V648 V486 V877 V526 V546 V598 V992 V881 V253 (697)
V0 V492 V648 V91 V878 V149 V256 V254 (594)
V0 V492 V648 V595 V271 V235 V423 V255 (719)
V0 V492 V648 V91 V878 V149 V256 (504)
V0 V639 V772 V55 V116 V921 V113 V212 V995 V563 V257 (666)
V0 V639 V82 V51 V315 V258 (735)
V0 V492 V46 V808 V547 V663 V855 V473 V259 (558)
V0 V351 V905 V463 V63 V485 V890 V16 V260 (693)
V0 V65 V745 V908 V618 V707 V870 V261 (508)
V0 V140 V669 V41 V294 V765 V262 (615)
V0 V492 V46 V808 V400 V840 V70 V263 (580)
V0 V492 V648 V835 V299 V6 V125 V106 V264 (576)
V0 V492 V46 V808 V547 V663 V891 V265 (417)
V0 V492 V46 V808 V547 V825 V936 V654 V133 V266 (565)
V0 V492 V46 V808 V267 (346)
V0 V492 V648 V835 V296 V195 V115 V293 V467 V268 (515)
V0 V492 V46 V808 V102 V694 V875 V269 (657)
V0 V492 V648 V91 V878 V149 V581 V270 (591)
V0 V492 V648 V595 V271 (304)
V0 V492 V46 V808 V547 V663 V896 V220 V272 (623)
V0 V492 V648 V835 V521 V700 V273 (635)
V0 V492 V648 V215 V682 V289 V406 V274 (470)
V0 V639 V424 V636 V748 V158 V185 V275 (661)
V0 V972 V89 V276 (670)
V0 V492 V46 V739 V629 V732 V803 V565 V868 V277 (643)
V0 V65 V977 V278 (319)
V0 V492 V46 V808 V547 V825 V936 V654 V279 (720)
V0 V492 V46 V808 V39 V280 (535)
V0 V492 V648 V835 V600 V281 (479)
V0 V65 V977 V278 V888 V540 V282 (895)
V0 V639 V772 V55 V116 V921 V113 V212 V283 (548)
V0 V492 V46 V808 V102 V472 V284 (421)
V0 V639 V779 V75 V935 V628 V285 (629)
V0 V351 V905 V188 V451 V62 V286 (621)
V0 V492 V46 V557 V287 (598)
V0 V140 V669 V41 V795 V288 (570)
V0 V492 V648 V215 V682 V289 (289)
V0 V65 V745 V908 V618 V135 V290 (586)
V0 V492 V648 V835 V299 V291 (709)
V0 V492 V46 V808 V964 V3 V211 V292 (615)
V0 V492 V648 V835 V296 V195 V115 V293 (468)
V0 V140 V669 V41 V294 (311)
V0 V492 V648 V91 V13 V646 V575 V295 (580)
V0 V492 V648 V835 V296 (289)
V0 V351 V905 V188 V297 (440)
V0 V492 V648 V486 V27 V148 V974 V981 V588 V298 (519)
V0 V492 V648 V835 V299 (227)
V0 V639 V779 V75 V300 (658)
V0 V492 V648 V835 V299 V6 V306 V994 V610 V301 (700)
V0 V492 V648 V486 V877 V526 V546 V598 V182 V302 (402)
V0 V639 V779 V75 V303 (699)
V0 V492 V648 V486 V877 V526 V570 V304 (718)
V0 V140 V305 (430)
V0 V492 V648 V835 V299 V6 V306 (533)
V0 V492 V648 V486 V27 V1 V860 V836 V307 (533)
V0 V140 V503 V308 (390)
V0 V492 V46 V808 V547 V825 V936 V45 V32 V309 (720)
V0 V492 V46 V584 V118 V951 V310 (519)
V0 V492 V46 V584 V118 V866 V657 V311 (729)
V0 V351 V905 V463 V63 V485 V312 (629)
V0 V492 V648 V486 V877 V727 V857 V313 (438)
V0 V65 V977 V278 V817 V124 V326 V144 V529 V314 (649)
V0 V639 V82 V51 V315 (560)
V0 V140 V669 V41 V294 V316 (647)
V0 V639 V82 V317 (593)
V0 V140 V669 V41 V795 V318 (414)
V0 V492 V46 V739 V979 V454 V319 (622)
V0 V492 V648 V835 V299 V6 V125 V448 V320 (620)
V0 V492 V648 V486 V27 V148 V856 V321 (542)
V0 V492 V648 V835 V296 V322 (758)
V0 V492 V648 V595 V271 V396 V511 V323 (787)
V0 V65 V745 V908 V324 (580)
V0 V492 V46 V808 V102 V325 (371)
V0 V65 V977 V278 V817 V124 V326 (476)
V0 V492 V648 V486 V753 V450 V156 V327 (554)
V0 V492 V46 V739 V629 V732 V803 V398 V90 V328 (634)
V0 V65 V745 V572 V569 V329 (813)
V0 V639 V779 V330 (273)
V0 V492 V648 V486 V27 V148 V64 V476 V331 (653)
V0 V639 V772 V55 V397 V603 V828 V146 V332 (928)
V0 V492 V46 V739 V899 V333 (598)
V0 V639 V424 V210 V425 V784 V334 (622)
V0 V140 V669 V41 V294 V335 (539)
V0 V492 V648 V486 V877 V727 V886 V336 (719)
V0 V639 V772 V55 V397 V603 V738 V996 V337 (701)
V0 V492 V648 V486 V877 V526 V570 V409 V948 V338 (543)
V0 V639 V779 V75 V935 V814 V110 V339 (635)
V0 V492 V648 V486 V877 V526 V546 V598 V344 V340 (637)
V0 V492 V648 V486 V877 V526 V546 V598 V344 V42 V94 V341 (828)
V0 V492 V648 V486 V27 V148 V64 V342 (452)
V0 V492 V648 V486 V27 V148 V974 V981 V588 V298 V343 (621)
V0 V492 V648 V486 V877 V526 V546 V598 V344 (332)
V0 V639 V772 V55 V397 V603 V738 V345 (744)
V0 V65 V745 V908 V346 (553)
V0 V492 V648 V486 V27 V148 V64 V460 V347 (638)
V0 V492 V46 V808 V547 V663 V891 V775 V632 V348 (481)
V0 V492 V648 V486 V27 V148 V974 V981 V588 V349 (526)
V0 V639 V772 V55 V397 V442 V350 (600)
V0 V351 (115)
V0 V492 V46 V808 V102 V472 V716 V352 (687)
V0 V492 V46 V739 V899 V333 V353 (628)
V0 V492 V648 V835 V299 V6 V125 V354 (371)
V0 V492 V46 V808 V39 V280 V355 (543)
V0 V639 V772 V55 V116 V698 V356 (620)
V0 V492 V46 V739 V899 V357 (565)
V0 V492 V648 V486 V877 V526 V546 V598 V344 V155 V358 (794)
V0 V492 V648 V835 V296 V359 (549)
V0 V492 V648 V595 V271 V396 V511 V360 (700)
V0 V492 V648 V595 V271 V396 V511 V361 (556)
V0 V639 V772 V55 V116 V921 V113 V212 V541 V362 (767)
V0 V492 V46 V584 V118 V752 V902 V954 V363 (900)
V0 V639 V424 V210 V364 (560)
V0 V492 V648 V91 V878 V149 V581 V193 V985 V365 (761)
V0 V351 V905 V366 (649)
V0 V351 V905 V188 V451 V62 V558 V367 (732)
V0 V140 V669 V41 V795 V288 V368 (686)
V0 V492 V648 V91 V878 V149 V369 (515)
V0 V65 V977 V278 V817 V370 (728)
V0 V492 V648 V486 V877 V526 V570 V371 (533)
V0 V140 V305 V372 (543)
V0 V492 V46 V373 (572)
V0 V492 V46 V808 V400 V840 V971 V374 (591)
V0 V492 V46 V808 V547 V663 V896 V220 V375 (576)
V0 V65 V745 V908 V376 (308)
V0 V492 V648 V486 V27 V1 V860 V377 (570)
V0 V639 V378 (664)
V0 V492 V46 V739 V899 V333 V379 (829)
V0 V492 V648 V835 V912 V901 V141 V380 (674)
V0 V492 V648 V486 V753 V450 V381 (617)
V0 V492 V46 V739 V899 V431 V382 (570)
V0 V65 V977 V5 V383 (509)
V0 V492 V46 V808 V547 V825 V810 V621 V574 V384 (745)
V0 V492 V648 V835 V296 V195 V115 V385 (590)
V0 V639 V772 V401 V2 V386 (596)
V0 V140 V503 V387 (517)
V0 V351 V905 V188 V451 V62 V286 V388 (834)
V0 V140 V669 V41 V294 V178 V703 V924 V389 (828)
V0 V492 V46 V808 V102 V694 V875 V269 V390 (708)
V0 V351 V905 V463 V432 V391 (715)
V0 V639 V772 V55 V116 V921 V113 V212 V392 (746)
V0 V492 V46 V808 V547 V907 V393 (766)
V0 V492 V648 V595 V271 V396 V511 V394 (432)
V0 V492 V648 V486 V877 V683 V36 V395 (349)
V0 V492 V648 V595 V271 V396 (337)
V0 V639 V772 V55 V397 (442)
V0 V492 V46 V739 V629 V732 V803 V398 (477)
V0 V140 V669 V41 V294 V178 V703 V924 V399 (557)
V0 V492 V46 V808 V400 (305)
V0 V639 V772 V401 (365)
V0 V492 V648 V91 V13 V214 V713 V838 V402 (810)
V0 V639 V772 V55 V397 V603 V738 V996 V403 (596)
V0 V492 V648 V486 V27 V404 (462)
V0 V492 V648 V835 V521 V104 V405 (533)
V0 V492 V648 V215 V682 V289 V406 (369)
V0 V492 V648 V486 V877 V526 V570 V409 V407 (472)
V0 V492 V648 V595 V408 (545)
V0 V492 V648 V486 V877 V526 V570 V409 (423)
V0 V140 V669 V41 V294 V765 V550 V599 V651 V645 V410 (729)
V0 V492 V648 V835 V296 V195 V247 V411 (838)
V0 V492 V648 V486 V877 V526 V546 V598 V182 V777 V640 V412 (845)
V0 V140 V305 V372 V443 V413 (620)
V0 V639 V772 V55 V116 V921 V113 V414 (588)
V0 V351 V524 V415 (816)
V0 V492 V648 V486 V877 V526 V570 V849 V181 V491 V416 (840)
V0 V492 V46 V808 V102 V472 V716 V417 (576)
V0 V492 V46 V808 V102 V694 V875 V418 (892)
V0 V492 V46 V808 V547 V825 V936 V45 V32 V309 V419 (732)
V0 V351 V905 V83 V555 V821 V420 (786)
V0 V492 V46 V808 V547 V421 (570)
V0 V65 V745 V908 V324 V422 (652)
V0 V492 V648 V595 V271 V235 V423 (714)
V0 V639 V424 (175)
V0 V639 V424 V210 V425 (482)
V0 V140 V669 V41 V795 V426 (543)
V0 V492 V648 V835 V299 V6 V757 V427 (659)
V0 V492 V648 V835 V912 V792 V428 (685)
V0 V639 V779 V75 V935 V718 V429 (660)
V0 V492 V46 V808 V547 V825 V430 (613)
V0 V492 V46 V739 V899 V431 (410)
V0 V351 V905 V463 V432 (593)
V0 V492 V648 V91 V13 V646 V575 V295 V433 (627)
V0 V65 V745 V572 V932 V434 (906)
V0 V639 V779 V75 V935 V718 V435 (724)
V0 V65 V745 V908 V346 V436 (560)
V0 V639 V82 V51 V154 V437 (456)
V0 V492 V648 V486 V877 V683 V36 V395 V609 V438 (636)
V0 V492 V648 V486 V753 V450 V156 V327 V953 V439 (786)
V0 V492 V648 V486 V27 V148 V64 V460 V737 V440 (548)
V0 V639 V772 V55 V487 V441 (434)
V0 V639 V772 V55 V397 V442 (472)
V0 V140 V305 V372 V443 (550)
V0 V492 V648 V486 V877 V526 V546 V598 V344 V730 V444 (703)
V0 V492 V46 V808 V445 (728)
V0 V492 V648 V486 V753 V450 V381 V446 (700)
V0 V492 V46 V808 V547 V663 V855 V447 (629)
V0 V492 V648 V835 V299 V6 V125 V448 (396)
V0 V492 V648 V853 V449 (775)
V0 V492 V648 V486 V753 V450 (428)
V0 V351 V905 V188 V451 (446)
V0 V140 V503 V763 V452 (482)
V0 V351 V905 V453 (654)
V0 V492 V46 V739 V979 V454 (499)
V0 V639 V772 V55 V116 V921 V455 (694)
V0 V639 V772 V55 V116 V939 V551 V456 (1025)
V0 V492 V648 V215 V731 V457 (804)
V0 V492 V46 V739 V629 V732 V458 (452)
V0 V140 V669 V41 V294 V765 V550 V459 (759)
V0 V492 V648 V486 V27 V148 V64 V460 (456)
V0 V492 V648 V853 V24 V843 V461 (753)
V0 V351 V905 V188 V112 V462 (572)
V0 V351 V905 V463 (277)
V0 V639 V772 V55 V487 V441 V464 (652)
V0 V492 V648 V486 V877 V526 V546 V598 V344 V155 V465 (706)
V0 V492 V46 V466 (662)
V0 V492 V648 V835 V296 V195 V115 V293 V467 (513)
V0 V639 V424 V210 V364 V631 V468 (824)
V0 V23 V469 (522)
V0 V639 V82 V51 V154 V470 (801)
V0 V639 V82 V51 V315 V471 (635)
V0 V492 V46 V808 V102 V472 (367)
V0 V492 V46 V808 V547 V663 V855 V473 (540)
V0 V492 V46 V808 V400 V474 (608)
V0 V492 V648 V595 V271 V475 (528)
V0 V492 V648 V486 V27 V148 V64 V476 (503)
V0 V492 V648 V835 V299 V6 V125 V106 V97 V477 (1138)
V0 V492 V46 V584 V118 V866 V657 V311 V478 (777)
V0 V351 V905 V463 V479 (352)
V0 V492 V648 V486 V27 V1 V480 (542)
V0 V140 V503 V308 V481 (408)
V0 V351 V905 V463 V63 V591 V180 V482 (750)
V0 V140 V305 V372 V443 V413 V10 V483 (643)
V0 V492 V648 V835 V296 V195 V115 V293 V597 V484 (648)
V0 V351 V905 V463 V63 V485 (370)
V0 V492 V648 V486 (180)
V0 V639 V772 V55 V487 (402)
V0 V492 V648 V486 V877 V526 V570 V409 V948 V488 (499)
V0 V492 V46 V808 V102 V472 V716 V489 (541)
V0 V492 V46 V584 V118 V490 (758)
V0 V492 V648 V486 V877 V526 V570 V849 V181 V491 (670)
V0 V492 (32)
V0 V492 V648 V486 V27 V148 V64 V460 V224 V493 (601)
V0 V492 V648 V486 V877 V526 V546 V598 V344 V944 V494 (526)
V0 V639 V424 V636 V748 V495 (486)
V0 V351 V905 V463 V63 V485 V312 V496 (734)
V0 V65 V745 V497 (710)
V0 V639 V772 V55 V116 V939 V498 (680)
V0 V140 V669 V602 V196 V499 (797)
V0 V65 V500 (585)
V0 V65 V977 V278 V817 V124 V791 V963 V501 (914)
V0 V492 V648 V91 V878 V149 V581 V270 V502 (962)
V0 V140 V503 (369)
V0 V639 V772 V55 V116 V921 V113 V414 V504 (1090)
V0 V492 V46 V808 V547 V825 V936 V654 V505 (657)
V0 V492 V648 V486 V877 V683 V36 V395 V506 (472)
V0 V492 V46 V808 V400 V507 (831)
V0 V492 V648 V486 V27 V148 V974 V981 V588 V349 V508 (659)
V0 V492 V46 V808 V547 V825 V509 (520)
V0 V140 V669 V41 V795 V318 V510 (838)
V0 V492 V648 V595 V271 V396 V511 (397)
V0 V639 V834 V512 (697)
V0 V492 V648 V835 V299 V6 V306 V994 V513 (770)
V0 V492 V648 V486 V877 V526 V546 V598 V182 V514 (510)
V0 V492 V46 V739 V629 V732 V879 V910 V604 V515 (780)
V0 V492 V46 V584 V118 V866 V742 V516 (881)
V0 V492 V648 V215 V517 (758)
V0 V492 V648 V91 V13 V214 V713 V518 (651)
V0 V492 V46 V808 V267 V754 V606 V519 (652)
V0 V492 V46 V739 V899 V357 V520 (761)
V0 V492 V648 V835 V521 (363)
V0 V492 V648 V486 V27 V1 V860 V836 V307 V522 (664)
V0 V639 V772 V55 V226 V523 (446)
V0 V351 V524 (736)
V0 V492 V46 V739 V629 V732 V525 (502)
V0 V492 V648 V486 V877 V526 (220)
V0 V140 V503 V527 (601)
V0 V639 V772 V401 V2 V537 V528 (709)
V0 V65 V977 V278 V817 V124 V326 V144 V529 (507)
V0 V492 V648 V595 V271 V396 V511 V530 (500)
V0 V639 V772 V55 V487 V441 V531 (783)
V0 V65 V745 V908 V553 V962 V532 (770)
V0 V492 V648 V486 V27 V148 V974 V981 V588 V349 V533 (562)
V0 V639 V772 V401 V2 V955 V534 (581)
V0 V492 V648 V486 V27 V148 V974 V981 V588 V349 V508 V535 (798)
V0 V23 V469 V601 V536 (627)
V0 V639 V772 V401 V2 V537 (637)
V0 V492 V46 V808 V547 V825 V509 V538 (614)
V0 V351 V905 V463 V577 V57 V539 (640)
V0 V65 V977 V278 V888 V540 (555)
V0 V639 V772 V55 V116 V921 V113 V212 V541 (495)
V0 V639 V82 V51 V154 V132 V542 (538)
V0 V639 V772 V55 V397 V696 V543 (862)
V0 V639 V772 V55 V116 V921 V544 (744)
V0 V492 V648 V91 V13 V214 V545 (766)
V0 V492 V648 V486 V877 V526 V546 (246)
V0 V492 V46 V808 V547 (236)
V0 V492 V648 V853 V24 V205 V548 (409)
V0 V492 V648 V835 V299 V6 V125 V142 V549 (1097)
V0 V140 V669 V41 V294 V765 V550 (489)
V0 V639 V772 V55 V116 V939 V551 (868)
V0 V492 V46 V808 V102 V694 V552 (403)
V0 V65 V745 V908 V553 (380)
V0 V492 V46 V808 V72 V554 (788)
V0 V351 V905 V83 V555 (600)
V0 V492 V46 V808 V547 V825 V430 V556 (673)
V0 V492 V46 V557 (362)
V0 V351 V905 V188 V451 V62 V558 (711)
V0 V492 V648 V486 V877 V526 V570 V409 V559 (651)
V0 V351 V905 V463 V479 V560 (492)
V0 V492 V648 V486 V830 V561 (607)
V0 V492 V46 V808 V102 V694 V839 V809 V562 (485)
V0 V639 V772 V55 V116 V921 V113 V212 V995 V563 (619)
V0 V639 V772 V55 V116 V921 V113 V212 V564 (433)
V0 V492 V46 V739 V629 V732 V803 V565 (388)
V0 V492 V648 V486 V877 V526 V570 V409 V948 V488 V53 V605 V566 (875)
V0 V639 V779 V75 V567 (358)
V0 V639 V779 V330 V568 (718)
V0 V65 V745 V572 V569 (661)
V0 V492 V648 V486 V877 V526 V570 (394)
V0 V492 V648 V835 V912 V792 V781 V571 (691)
V0 V65 V745 V572 (360)
V0 V492 V648 V595 V271 V475 V573 (579)
V0 V492 V46 V808 V547 V825 V810 V621 V574 (538)
V0 V492 V648 V91 V13 V646 V575 (479)
V0 V492 V648 V835 V296 V195 V115 V293 V597 V884 V576 (740)
V0 V351 V905 V463 V577 (299)
V0 V639 V82 V578 (876)
V0 V65 V745 V572 V569 V579 (792)
V0 V492 V648 V486 V27 V148 V974 V981 V588 V580 (736)
V0 V492 V648 V91 V878 V149 V581 (566)
V0 V492 V648 V595 V408 V582 (591)
V0 V492 V648 V486 V877 V526 V570 V409 V407 V583 (564)
V0 V492 V46 V584 (92)
V0 V639 V424 V636 V52 V585 (690)
V0 V639 V424 V636 V748 V495 V586 (579)
V0 V65 V745 V572 V587 (453)
V0 V492 V648 V486 V27 V148 V974 V981 V588 (494)
V0 V492 V648 V486 V877 V526 V546 V598 V182 V777 V189 V589 (703)
V0 V65 V745 V908 V618 V707 V590 (490)
V0 V351 V905 V463 V63 V591 (460)
V0 V639 V772 V55 V116 V921 V113 V212 V541 V592 (875)
V0 V492 V648 V486 V877 V526 V570 V304 V593 (1058)
V0 V492 V648 V835 V912 V792 V594 (828)
V0 V492 V648 V595 (248)
V0 V65 V977 V278 V596 (619)
V0 V492 V648 V835 V296 V195 V115 V293 V597 (619)
V0 V492 V648 V486 V877 V526 V546 V598 (331)
V0 V140 V669 V41 V294 V765 V550 V599 (524)
V0 V492 V648 V835 V600 (456)
V0 V23 V469 V601 (535)
V0 V140 V669 V602 (274)
V0 V639 V772 V55 V397 V603 (447)
V0 V492 V46 V739 V629 V732 V879 V910 V604 (674)
V0 V492 V648 V486 V877 V526 V570 V409 V948 V488 V53 V605 (798)
V0 V492 V46 V808 V267 V754 V606 (570)
V0 V65 V977 V278 V817 V124 V791 V963 V759 V240 V607 (968)
V0 V492 V648 V835 V521 V700 V273 V608 (732)
V0 V492 V648 V486 V877 V683 V36 V395 V609 (612)
V0 V492 V648 V835 V299 V6 V306 V994 V610 (597)
V0 V492 V648 V215 V682 V656 V611 (639)
V0 V492 V648 V91 V13 V183 V612 (624)
V0 V639 V779 V75 V935 V613 (451)
V0 V492 V46 V739 V76 V644 V192 V614 (775)
V0 V492 V648 V835 V296 V615 (316)
V0 V639 V424 V210 V364 V631 V616 (636)
V0 V351 V905 V463 V577 V57 V539 V617 (711)
V0 V65 V745 V908 V618 (301)
V0 V492 V46 V808 V547 V663 V891 V775 V632 V348 V619 (613)
V0 V492 V648 V486 V877 V526 V546 V598 V344 V944 V494 V620 (531)
V0 V492 V46 V808 V547 V825 V810 V621 (503)
V0 V492 V648 V486 V877 V526 V546 V598 V344 V944 V622 (841)
V0 V351 V905 V453 V623 (985)
V0 V351 V905 V463 V577 V624 (592)
V0 V492 V648 V486 V877 V526 V546 V598 V182 V777 V640 V625 (728)
V0 V492 V648 V91 V13 V646 V970 V626 (738)
V0 V639 V424 V210 V364 V631 V616 V674 V627 (758)
V0 V639 V779 V75 V935 V628 (542)
V0 V492 V46 V739 V629 (346)
V0 V140 V503 V44 V846 V630 (608)
V0 V639 V424 V210 V364 V631 (573)
V0 V492 V46 V808 V547 V663 V891 V775 V632 (460)
V0 V639 V779 V75 V633 (788)
V0 V65 V977 V278 V888 V540 V634 (607)
V0 V492 V46 V584 V118 V635 (707)
V0 V639 V424 V636 (425)
V0 V492 V46 V739 V629 V732 V803 V565 V238 V637 (729)
V0 V639 V82 V51 V154 V638 (877)
V0 V639 (93)
V0 V492 V648 V486 V877 V526 V546 V598 V182 V777 V640 (477)
V0 V639 V424 V210 V641 (486)
V0 V639 V424 V210 V364 V679 V642 (775)
V0 V351 V905 V463 V63 V485 V643 (654)
V0 V492 V46 V739 V76 V644 (544)
V0 V140 V669 V41 V294 V765 V550 V599 V651 V645 (717)
V0 V492 V648 V91 V13 V646 (451)
V0 V639 V772 V55 V226 V647 (736)
V0 V492 V648 (53)
V0 V492 V648 V835 V299 V6 V306 V994 V610 V301 V649 (729)
V0 V351 V905 V188 V650 (665)
V0 V140 V669 V41 V294 V765 V550 V599 V651 (651)
V0 V492 V648 V215 V682 V289 V652 (340)
V0 V351 V905 V463 V63 V485 V653 (678)
V0 V492 V46 V808 V547 V825 V936 V654 (392)
V0 V492 V648 V835 V296 V615 V655 (319)
V0 V492 V648 V215 V682 V656 (602)
V0 V492 V46 V584 V118 V866 V657 (600)
V0 V140 V669 V41 V294 V178 V703 V924 V658 (648)
V0 V351 V905 V83 V555 V659 (671)
V0 V65 V977 V278 V888 V540 V634 V660 (675)
V0 V639 V424 V636 V748 V661 (595)
V0 V492 V46 V739 V629 V732 V803 V565 V662 (586)
V0 V492 V46 V808 V547 V663 (268)
V0 V492 V648 V486 V877 V526 V664 (476)
V0 V492 V46 V584 V118 V866 V742 V665 (677)
V0 V492 V648 V835 V296 V195 V115 V293 V467 V268 V666 (719)
V0 V351 V667 (314)
V0 V492 V648 V668 (409)
V0 V140 V669 (238)
V0 V639 V772 V55 V228 V670 (637)
V0 V639 V772 V401 V858 V671 (460)
V0 V140 V503 V763 V452 V672 (648)
V0 V140 V503 V812 V673 (628)
V0 V639 V424 V210 V364 V631 V616 V674 (686)
V0 V492 V648 V486 V27 V675 (662)
V0 V492 V46 V808 V547 V825 V810 V621 V574 V676 (706)
V0 V65 V745 V908 V618 V707 V870 V261 V677 (725)
V0 V492 V46 V808 V547 V663 V891 V775 V632 V348 V678 (847)
V0 V639 V424 V210 V364 V679 (606)
V0 V351 V865 V966 V197 V680 (695)
V0 V351 V905 V463 V577 V681 (504)
V0 V492 V648 V215 V682 (260)
V0 V492 V648 V486 V877 V683 (244)
V0 V492 V648 V486 V684 (481)
V0 V492 V46 V808 V547 V663 V855 V854 V685 (854)
V0 V492 V648 V835 V299 V6 V686 (391)
V0 V492 V46 V739 V629 V732 V803 V565 V662 V687 (625)
V0 V351 V688 (390)
V0 V492 V46 V739 V629 V732 V458 V167 V689 (805)
V0 V492 V46 V739 V629 V690 (608)
V0 V492 V648 V215 V682 V656 V691 (677)
V0 V492 V46 V808 V547 V663 V891 V775 V632 V348 V678 V692 (939)
V0 V639 V772 V186 V693 (774)
V0 V492 V46 V808 V102 V694 (303)
V0 V639 V779 V75 V935 V628 V77 V695 (630)
V0 V639 V772 V55 V397 V696 (627)
V0 V639 V82 V51 V136 V697 (732)
V0 V639 V772 V55 V116 V698 (366)
V0 V639 V424 V636 V748 V158 V185 V275 V699 (764)
V0 V492 V648 V835 V521 V700 (511)
V0 V492 V46 V808 V102 V694 V875 V701 (623)
V0 V351 V905 V463 V577 V84 V702 (472)
V0 V140 V669 V41 V294 V178 V703 (518)
V0 V351 V905 V463 V704 (704)
V0 V351 V667 V705 (579)
V0 V351 V667 V706 (739)
V0 V65 V745 V908 V618 V707 (452)
V0 V140 V305 V372 V443 V413 V10 V483 V708 (650)
V0 V492 V46 V739 V629 V732 V767 V709 (532)
V0 V492 V648 V835 V299 V6 V125 V710 (693)
V0 V492 V46 V808 V547 V711 (515)
V0 V351 V905 V188 V112 V462 V712 (608)
V0 V492 V648 V91 V13 V214 V713 (642)
V0 V492 V648 V91 V878 V149 V581 V193 V985 V365 V714 (886)
V0 V140 V503 V308 V481 V715 (616)
V0 V492 V46 V808 V102 V472 V716 (510)
V0 V492 V648 V595 V271 V396 V54 V926 V893 V717 (783)
V0 V639 V779 V75 V935 V718 (560)
V0 V492 V46 V808 V964 V928 V719 (645)
V0 V492 V648 V486 V753 V450 V720 (795)
V0 V492 V46 V739 V629 V690 V721 (790)
V0 V639 V772 V55 V487 V722 (476)
V0 V351 V905 V463 V63 V485 V890 V16 V107 V723 (577)
V0 V492 V46 V739 V899 V724 (525)
V0 V492 V648 V91 V878 V149 V369 V37 V725 (639)
V0 V492 V648 V835 V299 V6 V125 V106 V97 V726 (623)
V0 V492 V648 V486 V877 V727 (369)
V0 V492 V648 V853 V24 V843 V728 (789)
V0 V492 V648 V486 V877 V526 V546 V598 V992 V729 (585)
V0 V492 V648 V486 V877 V526 V546 V598 V344 V730 (467)
V0 V492 V648 V215 V731 (672)
V0 V492 V46 V739 V629 V732 (349)
V0 V492 V46 V739 V899 V333 V353 V733 (635)
V0 V140 V669 V41 V294 V178 V703 V924 V399 V734 (685)
V0 V639 V424 V636 V52 V735 (655)
V0 V492 V648 V486 V877 V736 (536)
V0 V492 V648 V486 V27 V148 V64 V460 V737 (498)
V0 V639 V772 V55 V397 V603 V738 (543)
V0 V492 V46 V739 (331)
V0 V65 V977 V278 V817 V124 V326 V144 V529 V740 (675)
V0 V492 V741 (764)
V0 V492 V46 V584 V118 V866 V742 (321)
V0 V492 V46 V808 V547 V825 V936 V654 V505 V743 (752)
V0 V492 V648 V486 V877 V526 V570 V409 V559 V744 (793)
V0 V65 V745 (208)
V0 V492 V648 V486 V877 V526 V546 V598 V992 V923 V941 V746 (631)
V0 V492 V648 V486 V877 V526 V570 V304 V747 (800)
V0 V639 V424 V636 V748 (481)
V0 V492 V648 V835 V299 V6 V125 V448 V749 (490)
V0 V492 V46 V739 V899 V750 (618)
V0 V65 V745 V751 (501)
V0 V492 V46 V584 V118 V752 (693)
V0 V492 V648 V486 V753 (360)
V0 V492 V46 V808 V267 V754 (566)
V0 V140 V755 (691)
V0 V492 V648 V91 V878 V149 V581 V756 (637)
V0 V492 V648 V835 V299 V6 V757 (611)
V0 V492 V46 V739 V979 V758 (579)
V0 V65 V977 V278 V817 V124 V791 V963 V759 (670)
V0 V492 V46 V739 V629 V732 V879 V760 (643)
V0 V140 V669 V41 V294 V178 V703 V924 V399 V761 (693)
V0 V65 V977 V278 V888 V540 V634 V762 (710)
V0 V140 V503 V763 (424)
V0 V492 V46 V739 V979 V764 (487)
V0 V140 V669 V41 V294 V765 (337)
V0 V65 V745 V908 V618 V766 (694)
V0 V492 V46 V739 V629 V732 V767 (481)
V0 V492 V648 V486 V877 V526 V570 V409 V768 (593)
V0 V492 V46 V739 V899 V333 V769 (656)
V0 V492 V46 V808 V102 V472 V716 V489 V770 (638)
V0 V492 V648 V215 V682 V289 V406 V862 V771 (710)
V0 V639 V772 (145)
V0 V639 V424 V210 V425 V784 V334 V773 (1567)
V0 V492 V648 V91 V878 V149 V256 V774 (520)
V0 V492 V46 V808 V547 V663 V891 V775 (380)
V0 V492 V648 V486 V877 V683 V162 V776 (597)
V0 V492 V648 V486 V877 V526 V546 V598 V182 V777 (358)
V0 V492 V648 V486 V27 V1 V480 V168 V778 (868)
V0 V639 V779 (231)
V0 V639 V779 V780 (318)
V0 V492 V648 V835 V912 V792 V781 (650)
V0 V639 V82 V51 V136 V782 (614)
V0 V639 V779 V75 V935 V613 V783 (647)
V0 V639 V424 V210 V425 V784 (495)
V0 V639 V772 V55 V397 V442 V350 V785 (606)
V0 V351 V905 V188 V451 V786 (822)
V0 V639 V82 V51 V154 V437 V787 (659)
V0 V492 V46 V808 V547 V788 (519)
V0 V492 V46 V739 V629 V732 V143 V789 (731)
V0 V492 V46 V808 V547 V825 V810 V621 V574 V676 V790 (949)
V0 V65 V977 V278 V817 V124 V791 (534)
V0 V492 V648 V835 V912 V792 (561)
V0 V492 V648 V486 V27 V148 V64 V460 V737 V440 V793 (920)
V0 V492 V648 V835 V299 V6 V125 V794 (594)
V0 V140 V669 V41 V795 (372)
V0 V639 V779 V75 V935 V628 V77 V796 (621)
V0 V492 V46 V739 V979 V764 V797 (605)
V0 V492 V648 V486 V877 V526 V546 V598 V182 V777 V640 V909 V798 (639)
V0 V492 V648 V486 V27 V148 V64 V460 V224 V493 V922 V799 (670)
V0 V639 V772 V401 V858 V671 V800 (901)
V0 V492 V648 V835 V296 V195 V115 V385 V801 (701)
V0 V65 V745 V908 V618 V707 V870 V261 V31 V802 (946)
V0 V492 V46 V739 V629 V732 V803 (384)
V0 V492 V648 V835 V299 V6 V125 V804 (423)
V0 V492 V648 V486 V877 V683 V36 V395 V506 V805 (553)
V0 V492 V46 V808 V102 V325 V122 V806 (621)
V0 V639 V772 V55 V397 V603 V738 V996 V337 V128 V807 (808)
V0 V492 V46 V808 (233)
V0 V492 V46 V808 V102 V694 V839 V809 (434)
V0 V492 V46 V808 V547 V825 V810 (443)
V0 V639 V772 V55 V116 V921 V113 V212 V995 V811 (593)
V0 V140 V503 V812 (423)
V0 V492 V46 V808 V547 V663 V891 V265 V29 V813 (711)
V0 V639 V779 V75 V935 V814 (580)
V0 V492 V46 V739 V629 V732 V458 V815 (571)
V0 V639 V772 V55 V116 V921 V113 V212 V541 V362 V216 V816 (804)
V0 V65 V977 V278 V817 (444)
V0 V492 V46 V808 V102 V325 V818 (499)
V0 V639 V772 V55 V397 V603 V738 V345 V819 (786)
V0 V351 V905 V83 V555 V821 V820 (713)
V0 V351 V905 V83 V555 V821 (695)
V0 V492 V648 V486 V877 V526 V570 V409 V948 V488 V931 V822 (635)
V0 V639 V772 V55 V116 V921 V113 V212 V564 V237 V823 (653)
V0 V351 V905 V463 V63 V485 V890 V824 (801)
V0 V492 V46 V808 V547 V825 (339)
V0 V492 V46 V808 V547 V663 V891 V775 V632 V348 V826 (569)
V0 V492 V648 V835 V299 V6 V306 V994 V513 V827 (781)
V0 V639 V772 V55 V397 V603 V828 (483)
V0 V140 V669 V602 V829 (617)
V0 V492 V648 V486 V830 (606)
V0 V492 V46 V831 (596)
V0 V351 V905 V463 V832 (591)
V0 V492 V648 V486 V877 V526 V664 V833 (758)
V0 V639 V834 (532)
V0 V492 V648 V835 (212)
V0 V492 V648 V486 V27 V1 V860 V836 (524)
V0 V492 V648 V486 V877 V526 V546 V598 V992 V837 (593)
V0 V492 V648 V91 V13 V214 V713 V838 (647)
V0 V492 V46 V808 V102 V694 V839 (337)
V0 V492 V46 V808 V400 V840 (329)
V0 V492 V46 V739 V629 V732 V767 V709 V841 (703)
V0 V492 V46 V808 V547 V825 V810 V842 (552)
V0 V492 V648 V853 V24 V843 (597)
V0 V492 V46 V739 V979 V758 V844 (623)
V0 V639 V82 V51 V845 (651)
V0 V140 V503 V44 V846 (520)
V0 V492 V46 V808 V547 V711 V847 (1057)
V0 V65 V977 V5 V848 (831)
V0 V492 V648 V486 V877 V526 V570 V849 (458)
V0 V492 V648 V215 V682 V656 V78 V850 (888)
V0 V492 V46 V808 V400 V474 V851 (654)
V0 V639 V772 V401 V852 (412)
V0 V492 V648 V853 (199)
V0 V492 V46 V808 V547 V663 V855 V854 (529)
V0 V492 V46 V808 V547 V663 V855 (318)
V0 V492 V648 V486 V27 V148 V856 (438)
V0 V492 V648 V486 V877 V727 V857 (428)
V0 V639 V772 V401 V858 (453)
V0 V639 V424 V859 (548)
V0 V492 V648 V486 V27 V1 V860 (502)
V0 V492 V648 V835 V299 V6 V125 V794 V861 (679)
V0 V492 V648 V215 V682 V289 V406 V862 (565)
V0 V492 V648 V486 V877 V526 V570 V131 V863 (892)
V0 V639 V772 V55 V487 V864 (809)
V0 V351 V865 (589)
V0 V492 V46 V584 V118 V866 (274)
V0 V492 V648 V215 V682 V289 V867 (533)
V0 V492 V46 V739 V629 V732 V803 V565 V868 (604)
V0 V140 V503 V44 V846 V630 V869 (1121)
V0 V65 V745 V908 V618 V707 V870 (481)
V0 V140 V305 V372 V443 V413 V10 V483 V871 (646)
V0 V492 V648 V872 (493)
V0 V639 V82 V51 V315 V873 (801)
V0 V140 V669 V41 V795 V318 V874 (874)
V0 V492 V46 V808 V102 V694 V875 (458)
V0 V492 V648 V595 V408 V876 (632)
V0 V492 V648 V486 V877 (219)
V0 V492 V648 V91 V878 (398)
V0 V492 V46 V739 V629 V732 V879 (436)
V0 V492 V648 V215 V682 V880 (600)
V0 V492 V648 V486 V877 V526 V546 V598 V992 V881 (621)
V0 V492 V648 V486 V877 V526 V570 V849 V882 (661)
V0 V639 V772 V55 V116 V921 V883 (443)
V0 V492 V648 V835 V296 V195 V115 V293 V597 V884 (635)
V0 V492 V46 V584 V118 V866 V885 (474)
V0 V492 V648 V486 V877 V727 V886 (585)
V0 V140 V669 V602 V67 V997 V887 (1006)
V0 V65 V977 V278 V888 (527)
V0 V972 V89 V276 V889 (852)
V0 V351 V905 V463 V63 V485 V890 (514)
V0 V492 V46 V808 V547 V663 V891 (277)
V0 V639 V772 V55 V116 V921 V113 V212 V995 V892 (795)
V0 V492 V648 V595 V271 V396 V54 V926 V893 (755)
V0 V492 V648 V835 V912 V901 V894 (619)
V0 V492 V648 V835 V912 V901 V895 (619)
V0 V492 V46 V808 V547 V663 V896 (293)
V0 V351 V905 V463 V479 V560 V897 (521)
V0 V492 V46 V739 V979 V898 (622)
V0 V492 V46 V739 V899 (353)
V0 V639 V772 V55 V487 V441 V900 (569)
V0 V492 V648 V835 V912 V901 (605)
V0 V492 V46 V584 V118 V752 V902 (704)
V0 V639 V772 V55 V397 V442 V903 (609)
V0 V492 V648 V835 V299 V6 V125 V448 V749 V904 (653)
V0 V351 V905 (131)
V0 V492 V648 V486 V877 V526 V570 V236 V906 (588)
V0 V492 V46 V808 V547 V907 (608)
V0 V65 V745 V908 (280)
V0 V492 V648 V486 V877 V526 V546 V598 V182 V777 V640 V909 (601)
V0 V492 V46 V739 V629 V732 V879 V910 (486)
V0 V492 V46 V584 V118 V866 V657 V311 V478 V911 (799)
V0 V492 V648 V835 V912 (536)
V0 V492 V46 V101 V913 (734)
V0 V492 V648 V835 V912 V792 V914 (618)
V0 V492 V648 V853 V213 V915 (658)
V0 V140 V669 V41 V294 V765 V550 V599 V651 V916 (973)
V0 V639 V779 V330 V917 (659)
V0 V492 V648 V835 V296 V195 V115 V293 V918 (736)
V0 V639 V772 V55 V116 V921 V113 V212 V541 V362 V216 V919 (912)
V0 V492 V46 V584 V118 V752 V920 (729)
V0 V639 V772 V55 V116 V921 (345)
V0 V492 V648 V486 V27 V148 V64 V460 V224 V493 V922 (661)
V0 V492 V648 V486 V877 V526 V546 V598 V992 V923 (544)
V0 V140 V669 V41 V294 V178 V703 V924 (540)
V0 V65 V745 V908 V376 V925 (422)
V0 V492 V648 V595 V271 V396 V54 V926 (559)
V0 V492 V46 V739 V899 V927 (410)
V0 V492 V46 V808 V964 V928 (370)
V0 V639 V779 V75 V300 V929 (663)
V0 V492 V648 V595 V271 V930 (579)
V0 V492 V648 V486 V877 V526 V570 V409 V948 V488 V931 (531)
V0 V65 V745 V572 V932 (749)
V0 V492 V648 V486 V877 V727 V933 (580)
V0 V492 V648 V91 V13 V646 V575 V295 V934 (746)
V0 V639 V779 V75 V935 (433)
V0 V492 V46 V808 V547 V825 V936 (374)
V0 V492 V648 V835 V299 V6 V125 V106 V97 V937 (535)
V0 V492 V46 V808 V964 V928 V938 (673)
V0 V639 V772 V55 V116 V939 (503)
V0 V65 V745 V908 V618 V135 V940 (583)
V0 V492 V648 V486 V877 V526 V546 V598 V992 V923 V941 (601)
V0 V639 V772 V401 V2 V955 V534 V942 (582)
V0 V492 V46 V739 V979 V758 V844 V943 (696)
V0 V492 V648 V486 V877 V526 V546 V598 V344 V944 (423)
V0 V492 V648 V486 V877 V526 V570 V849 V945 (647)
V0 V65 V977 V278 V888 V946 (678)
V0 V492 V648 V486 V27 V148 V974 V981 V588 V349 V508 V947 (948)
V0 V492 V648 V486 V877 V526 V570 V409 V948 (450)
V0 V492 V46 V808 V547 V663 V896 V220 V949 (611)
V0 V492 V46 V808 V964 V3 V74 V950 (874)
V0 V492 V46 V584 V118 V951 (426)
V0 V492 V46 V739 V629 V732 V803 V952 (688)
V0 V492 V648 V486 V753 V450 V156 V327 V953 (712)
V0 V492 V46 V584 V118 V752 V902 V954 (715)
V0 V639 V772 V401 V2 V955 (434)
V0 V492 V46 V739 V12 V956 (796)
V0 V492 V648 V215 V682 V656 V691 V957 (714)
V0 V492 V648 V91 V13 V646 V970 V958 (796)
V0 V639 V772 V55 V116 V921 V113 V212 V995 V563 V959 (702)
V0 V65 V745 V908 V553 V960 (691)
V0 V492 V648 V853 V24 V975 V961 (659)
V0 V65 V745 V908 V553 V962 (486)
V0 V65 V977 V278 V817 V124 V791 V963 (618)
V0 V492 V46 V808 V964 (289)
V0 V492 V648 V595 V271 V396 V511 V394 V965 (709)
V0 V351 V865 V966 (635)
V0 V351 V905 V967 (575)
V0 V492 V648 V486 V877 V526 V546 V598 V182 V777 V640 V968 (607)
V0 V65 V745 V908 V324 V422 V969 (766)
V0 V492 V648 V91 V13 V646 V970 (595)
V0 V492 V46 V808 V400 V840 V971 (469)
V0 V972 (545)
V0 V140 V503 V763 V452 V973 (571)
V0 V492 V648 V486 V27 V148 V974 (371)
V0 V492 V648 V853 V24 V975 (618)
V0 V492 V46 V808 V102 V694 V976 (596)
V0 V65 V977 (261)
V0 V639 V378 V978 (995)
V0 V492 V46 V739 V979 (485)
V0 V492 V46 V808 V102 V325 V122 V806 V980 (828)
V0 V492 V648 V486 V27 V148 V974 V981 (447)
V0 V639 V772 V55 V116 V698 V982 (487)
V0 V492 V648 V835 V299 V6 V125 V448 V749 V983 (506)
V0 V639 V779 V984 (642)
V0 V492 V648 V91 V878 V149 V581 V193 V985 (644)
V0 V639 V772 V55 V116 V921 V986 (524)
V0 V492 V46 V808 V547 V663 V891 V987 (540)
V0 V140 V503 V308 V481 V988 (438)
V0 V492 V648 V486 V753 V450 V156 V989 (622)
V0 V351 V905 V83 V555 V990 (614)
V0 V492 V648 V91 V13 V81 V991 (602)
V0 V492 V648 V486 V877 V526 V546 V598 V992 (503)
V0 V639 V772 V55 V397 V603 V828 V993 (995)
V0 V492 V648 V835 V299 V6 V306 V994 (542)
V0 V639 V772 V55 V116 V921 V113 V212 V995 (588)
V0 V639 V772 V55 V397 V603 V738 V996 (552)
V0 V140 V669 V602 V67 V997 (798)
V0 V492 V46 V808 V547 V663 V891 V775 V151 V998 (582)
V0 V492 V648 V486 V877 V526 V570 V849 V181 V999 (643)
