4180
3355
5695
3280
6495
870
4500
1825
640
1805
2940
4405
6550
1515
4270
4345
3035
5310
4740
3835
4055
2475
2570
3220
1865
3435
4950
2175
6370
1080
1425
5080
4195
5575
2985
1460
5470
1215
4465
2485
5600
1985
985
2135
2505
915
4325
2015
5910
1215
485
5710
5140
5605
4770
3530
2915
3455
3980
2155
5945
2350
470
595
445
775
4010
2000
3755
2895
3245
2565
5870
5885
5435
1605
4415
1320
3200
4855
6175
30
5280
205
4980
195
3935
1785
5750
5875
6250
3310
770
35
5120
1335
1230
505
5555
2050
320
5545
5290
5690
4735
2255
4315
55
2085
5930
1085
2415
5005
4425
1845
4840
2160
5920
2510
5005
5045
5355
2310
755
3440
4185
6325
2780
4240
5370
6530
1035
2825
5725
3640
4150
525
3910
5300
4530
3815
1160
4130
5630
60
3905
1425
2790
2445
2215
6120
5690
5855
3405
1220
2760
130
4810
505
6725
3525
3085
835
4085
4270
6245
55
4570
6225
5090
480
2290
1800
4415
2800
220
4995
4970
2730
1075
3015
4015
2950
3895
4010
820
3795
4950
1880
5605
2030
4775
670
415
6245
1430
2375
1590
1565
4220
545
4225
2295
2840
4910
6265
4615
6580
2505
2200
750
3745
1745
4855
5340
6620
850
900
305
4970
4140
5485
3530
770
2940
4825
1710
970
1620
3660
6370
300
5815
650
2875
2330
2945
445
1640
135
5105
4330
6580
3185
5675
2335
2865
6055
5860
2395
5945
5300
2690
5125
325
4415
5780
1265
2365
2480
5865
5695
5770
1435
710
1150
1845
3915
475
2135
1645
5720
3725
1655
4550
3685
1750
6040
6285
1945
4175
4375
1750
3565
135
685
4590
1725
1670
4480
4655
2815
410
4380
2420
1270
4435
3850
6305
5595
2125
5345
4235
4010
4440
1180
2140
6095
3430
6375
3810
6125
1020
5525
405
1090
690
20
3690
6475
5890
2040
1110
4950
2060
4585
865
1785
2775
1065
2010
5960
2590
2360
6490
1375
4350
430
2665
4020
3895
4805
2785
1090
4115
5960
4940
4550
5790
6175
3125
6105
4685
3435
4265
6450
1400
6545
1285
220
4995
2175
770
1565
1920
1125
2650
460
3230
975
1060
2060
2255
1445
920
4655
1985
6105
5570
3440
1070
6490
3550
6425
5830
2580
2375
6570
720
595
1555
1235
3555
3710
5720
2870
3130
425
3030
5310
