4910
5020
1280
1285
4665
3360
6510
2340
4835
3410
740
2480
4790
5785
6555
3975
4850
785
2810
1235
2570
150
2705
5055
2845
4665
3280
3055
3260
5600
720
580
3880
6350
4235
2605
255
5865
6470
3095
6240
5500
1565
715
1255
4575
835
3525
150
4820
4335
570
3765
6570
6480
3260
4460
2495
1700
100
2220
2350
2355
4275
2250
2450
1340
1115
5320
3380
3820
4220
4905
150
5640
3930
5860
6400
1230
415
5240
4890
2460
5080
510
4685
1205
2665
4120
3790
4545
3470
6625
390
5850
3430
4675
4000
3330
6315
3145
3830
3055
5440
3715
1170
5020
540
5850
310
5695
5050
2155
4580
1455
1245
3625
1315
4390
640
4795
1555
6180
6120
4730
1770
1245
3120
3605
4160
2475
395
750
5505
4650
25
6580
4110
4705
2605
6110
2780
500
4000
4460
5550
4940
4870
2745
285
180
3515
3635
1995
3985
795
1450
2805
2400
430
1225
3270
3990
240
5445
3320
6260
3695
270
1350
900
5440
1475
2940
90
970
3560
1860
1505
1810
4820
3260
3410
1950
2925
4170
6145
4415
210
6130
3020
1780
3340
5290
925
3280
2205
3895
1715
1140
5105
4825
1940
1750
5255
3255
6190
1650
1830
2460
3065
2570
1660
4000
2330
6110
535
1835
1935
4250
1475
1320
1880
6075
1000
4465
3660
2835
5475
4580
2830
6555
6620
3140
1200
2155
435
1070
1070
2330
2060
3595
325
1205
6155
4475
3770
1680
925
735
3395
6775
3295
3415
2815
2680
5445
3450
2190
2325
2350
4350
5885
2245
795
6640
6120
4760
1645
6220
1680
6495
3120
4675
250
2765
105
4410
2565
5465
2090
755
5525
220
4995
4285
1425
95
2320
5960
930
2720
4255
855
5655
2425
2845
5685
2890
3355
55
4340
3660
4790
3175
300
5580
5635
2785
4825
2525
3965
3865
5735
6005
235
6165
5170
185
700
70
5265
5625
4825
425
2300
195
5275
5760
6435
6360
1515
1530
995
5225
1335
805
4620
5150
5685
65
6595
6430
4695
4955
3495
2445
1170
6455
2940
1495
4075
5825
430
3180
1540
445
5550
5375
5670
95
4435
4030
3905
1240
4390
3710
3780
630
2135
3300
1830
2190
4570
5990
970
6370
1805
3940
1135
470
2350
5665
6160
2675
6285
925
1960
6340
2685
335
5020
4980
1350
4010
6020
2785
1710
2460
3390
2875
1335
6125
5520
495
4540
1440
585
5550
2890
5910
4810
4240
200
2225
3575
3695
5750
4300
5605
2690
730
2885
1965
1260
5635
1800
5410
1115
5925
1665
5020
5265
4760
4900
4950
5870
6010
2525
1010
3930
335
6140
5820
4390
5655
4560
2865
3125
3165
1785
2015
1480
2730
880
720
2505
2295
900
5460
1605
3165
3835
3355
4995
4800
3700
2375
5900
5875
3915
2525
985
1275
1540
3160
5840
5385
5625
5980
1110
4520
265
1680
3825
1200
365
5520
2750
5255
395
4155
5380
230
615
3275
520
6165
6275
4575
255
5005
1600
2530
4725
4075
3285
5865
4640
3080
3000
2495
1730
4015
3745
480
1235
1525
460
1055
4650
1410
3505
5935
5250
3715
2845
950
855
225
6455
2590
4980
1440
4445
2775
5695
4220
3885
4535
3810
2680
3845
1115
1890
1900
6560
2515
5230
4860
2090
2545
2525
5670
4390
1865
1055
5385
4755
635
6435
6670
6445
2460
1685
6265
1045
5115
3455
6370
280
385
1840
4415
1470
645
3990
2840
3520
700
6175
5135
1060
3350
5020
3835
3240
4235
2605
2515
6255
4765
2910
5875
970
745
3575
5655
2625
745
5170
4765
1495
4105
110
2680
5510
1035
6040
1135
4170
3005
710
1075
3870
1940
5270
4505
4635
295
335
3015
85
6730
1640
2900
2165
4965
4035
2930
1865
3645
2500
5480
3430
5140
4725
6370
4105
40
4400
660
5920
1115
1820
1695
1585
4425
5735
1305
2415
4020
2625
410
5780
2410
3455
4505
805
6350
1270
5800
4105
1595
5300
1595
2190
5045
3090
6085
4865
5285
4115
5400
1025
3345
4220
245
3395
665
5635
3105
6450
3720
320
6525
2640
1605
4135
3030
4120
5560
2725
6450
4005
6075
2720
720
1330
5605
