4270
3120
5265
2570
3630
2150
2860
5525
6495
6255
3385
365
6090
2520
1790
5445
2955
1195
1605
4765
5710
3110
955
6220
305
2055
4625
4470
4460
920
6420
3335
6380
2115
4625
5990
5655
25
180
2695
5870
5680
460
3485
3685
4485
6175
4820
550
6100
2040
6640
2055
4755
4955
3820
955
1265
1475
2150
95
2295
5415
3465
2880
6035
4380
620
345
4975
3295
2535
3775
2000
3820
4135
2255
6410
2845
5330
2960
2080
5070
3765
2850
2575
445
5615
3140
3330
5325
5845
5590
3600
5570
3155
6150
1485
4190
450
1050
2990
2070
6625
1175
3790
2590
505
1915
2870
4465
2150
2000
810
4745
4855
2905
4975
6530
5265
4905
2750
895
4575
5280
2750
5530
5935
1665
3455
3060
740
2935
545
4110
4105
6625
2525
2975
770
705
3070
1510
5370
1675
6215
595
5720
430
5235
1730
2750
720
1230
2890
4200
4805
4040
1650
2690
5120
5895
2055
5655
1125
3715
3835
2405
5525
4700
3210
2575
2550
4365
4385
2920
6530
120
2280
1050
190
3680
3385
5060
4585
885
2615
5115
1385
3590
4930
5815
1275
2185
5485
2535
1375
1635
1170
4625
790
1580
570
5670
6485
290
3910
6045
6505
5220
3980
2665
3865
4305
265
1665
3490
4780
3795
990
4010
1955
2295
3005
5700
4520
4360
6215
2855
765
3540
5550
4865
4880
5405
3695
795
4965
6015
1595
5980
1090
3975
2900
4440
2185
440
220
5245
5460
1670
6485
4865
2190
365
2875
6330
4380
6285
6595
370
1045
4895
2640
4785
4050
5160
5210
1590
2930
6350
2830
5195
6320
4440
6060
6365
3425
6395
3925
5835
5740
5280
1805
850
5590
3895
5395
4925
3215
5425
2280
4630
5655
935
4075
3935
6545
1885
270
2655
5190
2735
1900
4830
4550
5630
2815
3680
540
5550
1650
1735
2770
3685
5780
795
5930
930
2900
1235
840
300
680
2730
385
1590
85
5400
1320
1660
3115
5605
1590
2180
680
3630
1780
6035
4720
45
3405
3725
6205
2635
5775
2440
2340
1275
6300
4030
6375
1895
5270
4050
6035
6035
3845
3620
3200
2255
6280
4970
3410
5980
5220
4645
865
6005
785
2485
2025
3835
1935
5830
2525
4380
4370
3790
1140
4765
2260
3925
3620
55
6595
1070
965
2385
1505
4355
235
2840
3295
3845
2205
680
3055
4725
6380
1730
1380
5645
6255
1600
4010
2035
2630
905
1470
2910
2395
950
2855
2915
990
5265
4235
5440
4545
6330
3015
4340
4875
550
4815
4255
885
870
5795
6115
5090
3335
4910
2820
5525
4650
3970
2665
3000
2835
3350
4920
4140
3940
6195
4390
2785
4720
5070
2555
75
2325
6285
4155
1745
1000
1975
800
2040
960
595
1645
2650
3290
555
175
3340
3640
6205
6620
4355
4480
2440
3360
2480
5895
3825
6155
5665
2785
2095
4405
3200
1145
3825
30
1410
3190
4175
1795
2105
4005
3990
1085
2045
2425
2915
55
2930
6195
3905
1650
3090
4360
5385
5255
6280
1565
750
6140
5090
2525
4870
6610
475
2460
2620
5930
2340
6430
1080
530
1680
2210
5685
5100
5230
4030
1815
5465
1415
6485
6350
5255
3730
3115
3020
3335
5550
4360
6135
2355
3010
430
835
4930
3040
5390
1425
315
1075
735
1375
6450
4190
3150
2125
3075
6585
685
2060
1870
2475
3975
110
2515
2550
2355
2020
3755
2670
6410
5825
2810
4230
2590
2390
1700
275
4430
520
1640
2240
5165
5360
2555
5825
1345
3755
6500
3270
3745
3475
5165
3435
3055
1760
2395
5935
200
4005
350
4990
5125
4415
3605
1925
490
3470
5410
3440
1665
2820
5890
3140
5935
3130
1625
3525
3740
750
4125
2110
4745
5575
5990
1780
980
640
1360
5200
2925
3035
6350
6555
5075
4620
3220
4020
6220
4385
3040
1150
4710
1870
560
1145
3935
3540
4685
5760
5335
945
3695
3065
3710
500
4610
5640
3815
3240
1485
165
1210
1770
6630
1005
6405
115
3535
3290
4790
3545
1390
5780
2285
4530
4805
3140
2490
2990
6410
2140
4340
4485
950
2210
615
935
1115
1100
6505
1310
3185
5790
4755
130
6100
2065
4755
2485
5280
4680
4345
6320
2220
4100
5975
460
730
4070
2755
3215
2355
2850
25
760
4905
4395
6215
1905
1885
1190
6155
1625
2435
1525
685
6115
4345
810
3320
4845
2455
3060
4565
1355
4065
1440
465
1185
6030
3265
6540
5320
1115
760
6180
5715
85
4165
1505
6250
2545
5530
190
2905
825
6335
1735
1840
5165
4470
5705
3085
695
3160
5075
3360
5760
2075
5370
2360
5760
170
6030
1560
2530
4530
6425
1855
20
6355
4015
6305
4510
4130
1130
6000
4230
4700
5845
775
5015
2405
3270
360
4465
1910
