10280
305640
39293
53628
317441
75573
171
726008
3373
214945
744
1097
15153
15967
46963
27888
17160
542004
8285
353658
167463
47504
252504
331704
100642
62753
16810
56692
1593
19018
29942
124345
348187
399101
23052
15786
3039
2919
393598
582260
129046
234739
2784
68147
201599
16377
24007
1020
259130
205737
512808
112788
19329
361930
11902
40550
24132
81897
4895
258560
759433
23591
15398
3548
29848
786708
272517
324233
21949
51201
4065
12927
22592
61459
148351
51230
24023
23080
101
313386
81215
194759
353826
86848
186203
11956
23147
412614
146200
5687
14305
28125
29599
271376
19428
11739
22673
21768
40340
213570
11184
520594
30984
143791
94406
25386
257235
288841
193569
561032
252925
83964
99099
190073
30441
128417
39991
585295
25525
412743
474463
69310
18983
107079
71147
132690
707470
20483
10021
93324
39206
84587
11982
2596
48586
85409
108583
89150
57249
150066
17797
1588
29569
15592
72903
9942
85816
825
87928
1098
27784
101525
26788
24457
14867
10926
11779
22006
115147
239551
107471
39613
19845
217527
1539
157957
26194
371385
27282
21950
2404
6980
478031
17819
185032
26166
166677
3387
32
79551
26847
15585
7052
362685
4072
385580
5154
12
1596
31317
146940
40527
22463
22279
22215
95305
345544
25927
59686
27272
415892
65174
84790
65447
95175
30188
19220
26119
20566
99900
21031
178
51911
558537
464269
41159
23820
802
213761
25798
11052
115569
77916
11521
5373
152197
13301
14455
19799
68818
192856
15984
13686
2692
277552
145892
446135
2956
5295
28919
173341
59917
128335
54133
12571
29923
95579
334504
25021
18710
24646
101810
76393
8659
465318
53108
146
89330
475
18959
22081
7099
166808
66077
56739
41170
8092
206000
112805
12591
309472
14404
8097
20428
5253
82073
14325
28874
10930
1632
88584
5284
224844
48002
6109
32162
130270
267018
20686
21601
133779
2346
4195
14779
30098
198081
90809
255036
6479
117533
24831
549037
136223
27223
249178
16975
55054
514068
252673
74826
2273
57758
5779
271813
10950
15461
160425
8526
20165
20
7585
70007
3239
7745
525561
369982
108776
3552
1889
3391
75274
174
330459
222268
1804
704864
134935
6728
89898
26298
8587
65935
419246
147537
72176
23146
176
17798
5592
14691
26405
53557
4063
6546
372395
371268
308129
9920
730161
442105
5667
19936
83632
178294
25427
544412
21534
349448
155564
113164
101839
2274
19574
24532
49319
94681
34918
36059
2248
63386
79
169803
21850
21401
27065
210139
22363
6438
100921
137949
7805
18424
124627
288538
211452
43551
35849
620920
100235
18724
18168
117588
2861
18226
6594
578098
25887
552753
23396
57529
10688
15747
5110
27459
494778
363
109018
118022
9552
32839
9054
22250
1928
41147
396834
9422
32862
15043
72878
14621
189351
13385
13464
694552
181053
2549
445229
442543
28791
206458
693093
22507
46567
7989
276484
5500
131187
68884
2674
32065
587258
3543
420570
143333
59308
1822
2595
14433
14263
4685
6311
620624
7838
888138
58631
120532
18581
16808
27998
7992
4428
249604
5396
19673
59017
1043
5106
18114
24377
46924
9732
276802
25812
247481
284784
57655
25421
28134
200729
185018
243229
46986
72780
18531
197669
30670
80791
36881
1918
19364
37116
35210
1922
28456
229763
62538
446637
4346
487988
24355
225950
2562
31912
169885
10835
32036
16192
29576
969
19219
123250
14420
57882
533951
14976
4116
22059
31611
250939
74463
396666
12982
70979
289268
47838
544083
1698
15168
172348
32708
680583
87682
30196
101583
64529
155840
21420
45165
146296
13300
54685
40332
323649
38461
28948
516234
87727
695
209975
90082
16859
447932
24411
14941
542198
283406
9986
148333
84992
31416
123810
17033
131980
65771
67559
443274
1335
22005
24108
13341
106474
373332
58316
48115
13879
29125
11032
90506
7872
181438
55697
699820
18604
18334
908271
49511
97630
720785
65215
19269
227439
8244
11481
50214
4600
29801
2728
382883
17601
269372
309688
28739
147786
119140
898547
43373
181495
93427
230880
170477
61057
20765
6200
324807
390318
32288
21481
24532
56694
759619
1551
553794
18334
14037
29836
148210
2633
28429
30015
603983
49454
303119
188626
31954
4673
1334
64377
60567
151508
128283
3719
16155
52657
2492
46335
12021
63896
4493
27055
5941
30221
3906
14347
16230
122971
219623
153977
67060
48054
43205
48166
544889
1308
23883
164265
199393
341113
4244
5860
161898
2109
83585
18864
130544
152513
132649
15442
5470
144465
85934
2016
404520
10212
217056
14940
58924
175049
256733
58962
416275
13058
28215
187538
387306
165133
303056
250155
129798
1470
341237
28351
199139
11215
157274
454993
88010
134317
192958
48529
112609
120199
1826
4653
5369
68199
88467
418508
180702
146856
254418
57889
60051
20553
50125
2035
11050
128056
5357
243735
29807
232
266960
28333
28478
219132
490435
11167
149388
26293
436422
5092
321841
262490
420072
85560
526676
136579
6986
12230
34019
7382
145278
66460
203607
104276
464565
15686
5694
356161
1721
3474
29543
76230
29598
58673
42
4789
38105
19875
52
6781
211119
26809
216403
128510
15384
6346
237730
29904
116877
55419
20273
166935
510070
146634
25937
78228
284985
63818
2248
23062
10057
434
101712
149255
6826
47760
238433
26911
21329
464626
11236
248643
282558
96881
2249
25458
64899
2241
21486
397481
564206
875
9903
102242
319595
101321
48274
16992
70477
3730
594796
64396
1871
6441
185775
51201
28620
64280
6851
179721
122868
1157
17211
1307
68561
52758
13418
9977
6124
169079
49642
47520
14555
180707
37005
17981
22277
165687
5530
2593
23702
19595
27461
71437
654425
574550
49654
520
23853
74027
22322
81374
432739
483993
100194
632871
2554
240631
105420
4700
549125
104068
14438
811122
1478
20925
139835
518186
15074
7541
29881
27859
23502
16277
15375
81849
9594
155
17326
128086
24315
19831
141630
11313
18668
25916
289078
151750
15795
203841
37614
32658
97517
3591
1329
63648
132500
1920
8221
243677
568427
570667
44753
45897
337996
16844
230336
109005
4508
11036
23465
200928
22880
145565
26074
18417
421014
8567
56479
55160
18936
45687
32422
612783
2857
260612
424841
13225
152418
6189
80855
360255
286725
11224
22854
7332
22420
136457
17721
27186
310165
178114
133890
790
133802
8830
142574
296
275126
29101
3005
31140
62136
68221
98962
4442
239359
22824
647
11655
186188
12518
26496
24343
28378
333136
20386
17149
125077
1027
37843
167021
29441
44594
223276
13437
27114
619359
251035
