24526
112400
21713
49423
191802
31905
425293
62877
35514
843496
743290
67048
25263
98390
28632
168558
12333
169263
31848
362860
260635
25942
87588
109190
33209
107778
23927
42855
237156
313928
21776
186660
111106
430913
113669
13286
31271
686
12358
111431
5396
32993
24523
182338
427508
257347
190603
10338
448865
2232
35621
32407
32576
104020
336280
5722
11137
99327
29500
88014
44511
279113
32599
301546
8628
230210
163732
228876
1181
26008
1585
2135
20401
185138
19838
81056
322586
1760
29740
1031
33993
168267
26641
198893
253539
28725
138810
70443
31034
40571
7992
35834
447754
58408
373321
112012
23400
57027
122755
25379
271925
39868
91031
78273
25059
258513
9144
27891
94032
13021
88057
32755
97983
397356
162662
215929
14046
793
5392
389260
37877
421751
12085
46845
19850
344963
73030
659634
47026
23254
24943
738435
29328
143314
6576
578107
150
6950
232340
4341
146834
42683
76256
17776
7506
41935
99821
80657
2754
14676
29364
370987
3786
99984
39421
4039
116566
257445
469212
15527
41005
552140
5161
175722
36856
3096
39457
180587
518164
373565
398982
7016
291036
233152
31768
32241
117450
194571
91813
1582
488607
26862
19992
1262
26377
310364
102775
98
247712
6193
11024
103713
23359
152496
51343
36896
259136
392972
316896
319216
256406
15226
30104
5700
3048
35300
85879
69025
13453
41463
227964
19522
56111
7495
16924
1178
18555
38280
231271
211529
2947
17121
159064
16800
4553
1235
75338
194592
16795
182433
9419
233646
168975
9851
388
26090
388191
11859
128272
87240
5589
72810
40381
135247
153720
128706
86529
60266
202218
1889
332807
513840
19937
87959
4373
90513
6216
40355
18484
126591
57554
2047
28038
11147
277744
107968
2158
377324
25457
11924
24667
27783
26835
73366
816958
67807
3217
5349
6224
2183
146866
11403
64397
51675
24818
314638
529384
194183
13431
23272
2875
42406
37045
468384
152692
795131
549
23517
30318
7456
340
28011
22983
11222
243112
30743
6340
26956
82441
19310
10950
14982
4751
754390
23351
40279
215841
35919
3908
33452
11085
78340
11711
11720
6025
348315
13613
458287
80975
96308
30596
39060
66680
222832
47386
899444
142195
5930
25193
73728
104203
418042
63467
484670
106574
19028
85363
6933
25070
733970
95450
12609
50155
17228
21207
77562
32432
56
58341
138058
20954
2728
176772
181411
215921
5520
242176
34546
82698
20972
31806
29376
486364
104295
30942
3591
7047
612429
18769
205926
354411
88321
7896
71841
89406
123829
59241
16877
251852
223961
58277
12981
5322
738
6398
36499
32458
35823
18766
36863
10569
5351
341683
679768
146495
246463
185652
722370
68306
19256
323076
21613
138967
35728
14730
53100
711
32274
681685
21788
242901
262445
1089
132301
377193
48618
3229
47568
14282
520553
107
2868
694020
805872
7093
291586
1546
67963
15416
31092
12969
24279
11162
350861
20621
6573
212057
8125
315557
1599
73662
43817
132683
166380
2330
179342
10014
207841
166743
27236
176935
27738
53681
34205
144800
19064
16609
2124
20851
2430
10745
4605
5199
130021
221923
4384
11012
171510
586416
3727
779
9643
7925
34402
6484
358901
4605
86634
19357
3649
317623
10990
51606
21553
41440
32390
6899
166313
31637
29139
12739
10124
114065
385
22617
189842
8416
122501
394249
4423
98
51747
251560
7636
951
26195
496968
238707
7881
18874
166301
93657
423802
13800
73221
129034
3855
2604
1747
4313
392312
27116
23205
209424
252363
199615
127332
12587
56826
232578
897
827407
18366
4037
562239
29243
605632
595194
1934
47205
44552
19730
190088
339912
16023
214
325995
699111
226011
1199
14878
15898
156686
51878
17633
352367
538285
23623
248402
11074
17064
4448
1163
74692
3331
1674
44604
48593
21469
204704
183203
123657
22406
54785
22979
130235
10601
434486
185098
566442
545463
325016
14584
21700
119964
199236
286797
3072
31389
89923
727394
503700
115938
26005
165424
4116
25705
5693
231019
30887
57308
411874
22059
278259
110052
745292
138092
11584
11634
85648
252887
3655
58949
72550
576246
110299
1385
189153
29834
14506
425626
19294
30788
627216
76822
406526
78002
72788
4740
261869
27181
179253
88561
218350
13658
214663
15052
46357
288623
228758
11857
77126
11810
304355
2846
332425
23788
77413
7241
394577
69046
16547
569197
19254
11490
180841
2818
127460
1690
2890
5443
98743
7941
213734
5932
131801
532359
410332
29734
50146
380590
16609
20150
17803
60211
661028
529415
28135
4991
155403
181169
9432
432158
247618
3527
28476
27448
17806
373261
57969
14537
479164
14001
4427
166700
9526
19602
7209
8783
372787
125898
4890
82089
27185
31345
11229
32935
16409
10197
92015
28101
14803
24488
113860
22
35390
169572
15029
577267
5155
46920
307098
262878
28996
10577
18231
512365
9110
43017
23414
56627
54238
25671
38635
181814
28574
17570
132642
28404
3537
183611
253365
11629
86388
29838
17258
46597
27348
65256
17599
69161
272797
9045
1821
354845
112484
448821
27570
2562
352895
12953
81941
66
44133
8373
30880
8097
9996
139212
16121
8944
217304
18974
16503
641337
14174
82018
1790
31984
101900
477126
73362
103740
23528
18474
741
370
69150
26642
9907
59847
436958
4154
16686
17178
497001
1104
21349
496931
44995
1782
35007
388683
162954
159698
120138
84406
9746
141224
4101
250402
6831
109598
74037
407
108047
44291
18285
123401
137945
592527
5720
6061
23673
217181
87132
16416
73219
27195
178964
11179
130972
14682
595017
17387
516
95624
23263
102039
3682
246211
147777
82869
4545
28347
6296
1744
389662
28666
195670
2138
51025
250938
87504
186935
8866
14081
471407
3093
31998
3575
392676
14573
12001
14267
854989
24852
567057
10662
9300
525850
26475
62128
26776
15774
187468
358899
177338
23453
6066
2813
49055
31536
911
18524
260856
15395
4338
72623
728468
132695
751
122677
15235
73066
19326
100740
758883
60431
18443
32635
4794
103090
18785
19605
14353
36015
196684
10555
44331
982
101812
147092
315159
22765
17851
173208
249003
342208
264998
350879
761
27568
234054
9265
2926
75214
132
26587
218683
97389
328719
3401
25201
6111
20133
40848
65508
79062
212619
20972
30346
97109
23271
305734
14648
788
2044
150227
278
28494
109822
10844
390490
205641
11759
489782
5560
270403
107629
47469
6143
277308
65159
256593
8730
423976
52049
65297
93997
40768
119143
311955
108384
235800
176131
14702
5617
34914
359255
588642
113872
114579
436370
737
296711
56681
628942
200695
363789
