60837
601608
10097
93625
32536
531956
27440
71165
3516
1088
159608
85154
2286
10418
137584
460133
8358
10422
50044
115713
5317
288570
1520
481356
228344
55304
30051
22241
16079
505144
31337
299434
36287
1338
157245
3737
370518
11490
306141
20201
82754
13159
186649
169275
2786
8117
669498
85866
365
63820
266161
9517
12436
10900
52248
424
72773
150057
19899
85376
287902
8528
369038
3511
43372
11751
155662
204717
37072
17062
28088
139112
158544
32144
6091
108211
14777
175694
291522
57862
3319
295704
26145
28973
390711
129843
181937
27813
81300
44250
519775
10913
670826
3085
448070
45268
23937
29309
8572
846552
345990
60417
441220
282904
24554
754266
16100
11199
92453
2365
183224
80642
10018
537768
15596
70804
64990
6814
93941
676
46202
33257
55098
124659
74581
18742
69460
105820
20870
26906
167323
85482
310369
18577
27404
31147
29080
261498
50357
7890
11836
112316
42651
7073
126964
248329
110817
30877
5997
26562
622
3533
295853
9429
19941
63103
219876
93924
127758
14276
63413
12198
22352
2819
693085
50677
3045
20125
7598
436419
24265
7692
10356
6231
5223
541587
21324
596021
339694
1187
169368
23150
178358
48397
724484
235941
80008
96988
501245
15934
488475
10375
24856
22053
2973
371919
1748
19912
135571
3704
5380
53
14343
30895
19548
40892
5514
27563
5802
36149
346933
12227
21089
356276
593620
174719
6011
140309
252599
63746
60183
345067
427208
8930
129753
752212
2699
464291
2942
916
20578
12470
140755
171180
70381
2351
73489
76824
7406
11228
344522
241795
15277
25402
4711
26833
303736
4642
32839
80925
70955
26590
30890
15851
376411
126438
27058
254697
7270
22912
5290
311638
10953
280594
318153
2726
315045
19520
99706
224258
330340
12943
21087
109997
4678
112981
26562
19901
552688
65490
103187
222121
212878
26882
132386
2029
278155
74434
5909
902751
665241
52057
27170
2606
11010
31977
116193
2039
256475
33451
13010
300765
32416
11700
23458
21262
148332
37625
348975
472266
710428
5940
2631
245938
169996
200894
14178
952
14508
9398
27088
264563
249622
1563
38083
3171
184192
27749
374256
127584
158678
7087
711552
21620
16022
16297
3776
62262
236085
7672
3220
202815
29275
482009
208532
45802
121738
11249
27028
28906
290117
439099
87663
503240
29235
24516
34553
26790
154837
530719
28339
1897
22225
28680
30933
570
112860
6454
25794
247054
147404
29409
16907
325570
22293
135500
27365
3197
148878
22244
166854
22951
350125
347507
2574
636
66948
614500
31978
8799
7304
6615
55949
202352
10652
24956
19188
70623
52719
23118
181114
136325
12764
89233
2899
21816
71995
172
192615
41182
21250
28602
150644
27452
189477
80403
565506
99639
95833
10616
43039
74131
2581
13209
175993
289443
80994
4821
40116
15111
140731
30513
2146
112686
22313
27618
59806
30220
93382
1438
8289
51315
12411
107633
46982
178317
33472
2430
3748
4293
7304
655
86672
4744
69679
33468
5096
192779
4301
680173
369228
4633
18857
4868
176026
5785
9827
63237
7127
645108
11074
16164
98946
11497
35945
6820
622491
6191
329649
37954
58684
412375
29149
22730
1781
210795
20961
11741
1951
398
24093
32446
57033
255155
2437
12554
1703
29551
12679
563916
363997
458320
7598
172278
122374
506829
34782
366454
247749
241987
10846
68619
75866
56556
352659
933108
119816
178873
16275
10443
185988
19472
12891
27304
154588
325829
24208
179078
9845
7814
668161
8369
213061
39220
771827
378178
92632
29288
13327
21037
347986
899385
58155
7099
18398
394595
86730
113858
12508
27134
1141
11946
18622
3834
8971
10594
175199
1950
41303
290
24124
3059
5637
16789
9474
24864
106655
2632
163832
12869
9990
22204
2529
25557
47715
70272
133770
104850
117384
4837
18811
116774
666859
117587
4425
31198
4432
675168
825
20384
11331
27042
18489
25251
316016
5674
33634
117911
30050
11293
40261
3417
9630
229255
143402
415411
312339
115344
22940
28499
1123
289525
760270
293481
212171
218826
111566
186528
7864
19766
41264
61611
94692
10065
39229
1308
86494
19560
57285
1529
341744
15694
226422
123904
24396
35662
22759
87301
168700
41014
29631
12997
67875
340520
306330
53670
29886
270922
40731
660390
15659
7225
415266
91814
99376
161268
329320
2303
348910
382171
49477
68900
41407
29242
20519
207756
47669
28953
48579
3402
18032
60121
6947
401420
420
263446
1350
128570
78895
4419
20316
141503
18752
11209
7778
119908
165349
30554
100033
115707
271650
320266
700099
123858
1528
188263
15832
32618
1796
173815
3859
65277
17023
929
26143
128938
1679
101316
5693
7338
26370
13664
8056
24174
15427
771124
1179
13039
177496
23575
40669
31747
6087
36000
6696
22148
337275
76845
67963
547252
12052
29855
371852
278025
99769
12338
904776
483056
21181
35395
1879
609449
2837
20338
20592
4136
512175
732520
66360
32732
25686
113411
35001
764317
18908
3290
2215
3740
5935
92704
32379
42798
352718
100768
343975
10328
61432
65658
14269
14375
374141
9095
274766
53344
28905
719014
316016
5095
587
7862
6638
364762
18981
555086
3309
9514
484158
18417
919
107929
236786
13360
18812
18470
43960
150955
2346
30467
295055
17127
54254
31135
17875
2932
283150
470525
11318
2033
26211
64512
264534
268972
474767
53931
21782
6253
149160
221492
8507
25736
176347
8823
120866
27556
330121
199046
142139
32547
73774
14501
36116
8147
234484
158
401263
26708
239260
10907
55808
25139
18733
4479
98120
154873
723
183466
820
300940
5824
235452
39058
7887
15224
229875
65466
2338
165741
3374
49
4607
63784
278621
5075
15051
69159
42409
27340
48189
53642
8178
5406
61419
640747
661915
10532
8776
203841
156334
78636
51860
4238
2664
2303
6347
34954
113242
16993
147274
14749
2638
26790
192358
21199
11536
3559
29528
5195
23872
156753
59779
9458
81901
6794
584956
690255
540455
33920
259625
2977
194602
543546
143466
30722
237158
63468
186093
14453
46292
30542
483335
27994
24072
168917
147817
420136
137384
22010
15980
9462
1825
226846
691
58296
435247
247679
149471
29515
62242
29460
13834
29087
588982
45011
367980
20279
177066
11089
431878
167685
4742
4394
86886
19054
54424
1816
2956
106507
14858
194114
20050
8977
1641
610467
13636
98720
837
54128
12763
355251
110928
94809
339413
123057
254302
666236
7411
846
20490
17119
47287
7742
45365
65839
129239
15635
721
179935
26332
11595
149734
110192
5462
24989
2333
225432
11060
9107
17797
4953
219003
