7704
56413
11278
4099
13478
428535
16672
576255
6707
126881
216378
154154
103104
466704
20246
39304
6934
13595
24259
234385
13700
60915
32067
632674
347691
112373
24768
27404
953
396348
238230
33648
97903
25307
34447
341995
1024
23034
17239
3406
98074
7008
10429
2080
35294
23833
270762
3185
444642
248751
27058
16755
330210
235660
34529
13984
78434
28558
17366
530553
124066
42061
170589
4523
216516
608311
183491
55771
255508
9530
16042
2879
35035
20524
41017
84714
18992
55522
263368
27120
21784
5188
21694
21368
12230
17851
16219
32178
145662
232561
22457
1253
9680
64437
76980
31982
26376
29737
37767
24708
3409
189941
854
1704
4095
1536
13855
141749
43889
7144
17660
167000
11613
21479
5255
4353
16873
183
325668
351532
75629
27790
211633
619788
343928
35346
6185
2230
1388
372557
2164
114010
15976
392738
302438
5592
16831
13684
239637
9261
660
28106
50417
3959
25508
19678
227172
100955
5048
13280
38450
7959
484067
74052
19155
23982
2124
1483
36351
19395
13827
8883
532480
3196
22190
6789
2342
3549
9257
133710
385659
25417
64687
191
212099
197977
85073
29737
12793
2671
304036
6542
424090
707208
26432
16243
6392
5782
32078
15794
87651
12862
28064
15528
5337
15591
6059
41590
3268
17618
21423
23429
150737
74343
8594
240967
542450
1678
469728
32642
1255
58247
10098
45282
142647
13129
23404
78024
30502
28541
543
24280
10707
7656
18871
321054
29558
111064
43190
129137
181803
281038
17791
1546
143186
353634
90959
143140
141238
808629
658785
28635
324934
7592
13601
58642
62727
19647
114853
676533
14427
659060
168858
389946
62853
15737
7093
9824
20848
24399
267097
5609
25429
287533
262
17377
12195
8377
48777
21056
62279
42103
168581
17798
253972
16736
18182
8592
3725
29769
90905
779
33119
79826
105223
296184
64335
116398
30901
1007
30586
7384
165559
1774
498971
211575
103243
230209
189965
654892
88214
372391
2726
16674
757562
18702
7687
15267
244872
24070
31930
2179
467616
179129
245
23304
89581
727487
2111
7648
15725
14506
308115
586
746266
27584
32631
291188
6605
169204
19514
264125
9548
19463
105250
615575
16350
27455
22243
53
398
15596
1335
231555
172052
7719
19300
144303
32283
23024
2941
253483
161735
2841
261394
18385
672930
1890
67048
55558
21026
5064
56690
70166
8495
13538
9218
326034
11685
129765
96432
29284
279
141676
23648
98141
27598
51209
146188
415095
51487
390957
4067
4252
291663
154325
80096
11800
16179
215478
33422
44107
192804
14605
3452
59095
9354
2692
88496
175003
32663
208
4944
10071
25994
60271
114082
11184
21552
375362
186589
581288
16116
14947
217130
443755
96947
560227
3849
257905
25273
44231
64044
54584
40643
26082
139207
17145
222115
27402
531263
79869
385559
701
64252
23509
453559
7726
81975
13407
203458
745
33458
68962
17803
144993
1891
329419
5896
10437
7919
123098
392492
15280
29412
12921
310987
331646
17145
8929
456187
75275
309079
391338
53467
178606
108004
207938
14646
10433
178994
52276
7423
164824
1900
52920
9074
11007
7991
283049
57628
926547
294602
21240
96429
390430
128590
35729
3732
2287
158953
25413
324962
167492
174
133693
29665
673920
106298
62028
8259
8847
7972
384308
35479
13908
27570
26021
9996
665919
19898
3016
130076
275629
511
1680
61991
1926
8452
509
120024
109819
23989
59634
14807
135769
292597
558408
160676
21817
97814
626532
160151
443958
50229
534211
7825
62956
62130
32665
228957
10995
123185
69903
11392
12151
33715
323423
400302
97755
113366
711
86633
27875
2400
376549
102178
55182
59076
73262
2875
22528
216994
146173
20867
28811
25327
10908
17304
16052
40495
29200
31876
4229
55103
49180
90793
3945
70366
92117
21535
37513
103370
1639
70493
381
122605
26228
6874
199532
89670
19411
6599
22261
5659
54660
13907
24596
24315
6217
170969
20467
29603
316087
128463
6764
20521
144613
26637
401618
10460
7841
206
55776
63167
31386
122560
804
673485
102912
112994
116597
220
311960
504527
570199
33320
368187
15152
92429
332113
277636
247070
159017
18335
89545
13026
9641
242592
19065
9148
45392
12455
853237
18603
175765
42769
233281
48154
126009
183284
21750
9270
4257
56445
28347
30926
80352
149560
289343
85749
283643
13460
69274
528093
64082
299748
4840
8072
16085
24617
10475
205
841
16861
1638
29476
75389
18106
16527
127553
1648
64347
14439
79986
327259
222476
6880
20305
23128
85510
19334
50725
2715
35925
6714
16030
29456
61266
34359
50809
12389
10919
140129
437019
12645
21277
15288
39498
25176
8920
281709
803
2620
573658
150162
441883
12656
34874
7360
333609
38538
137355
288790
50776
11355
160861
56554
32145
412772
51877
4240
44499
23828
63396
21536
195300
108
6241
93177
3083
107237
12361
156937
38003
8986
218259
82776
311
2955
312565
108257
88277
339728
150360
37670
29855
56005
200189
74066
68799
19614
37524
2439
8847
3576
17336
5292
101304
8032
222050
49412
177483
131248
93177
52592
440845
4087
1459
57035
200342
333
61740
17551
257496
72861
368152
357674
65680
13017
27596
25302
426880
15663
42642
9069
173887
207964
12473
1715
110036
13495
141153
106988
72938
16087
750151
262665
40844
521911
306023
234954
17109
246975
4583
192264
26252
177808
17882
1652
70649
124025
32919
497097
3135
12011
213074
192515
231066
86802
22681
34782
162953
34843
1412
860634
8326
20359
30458
1304
17980
13575
88272
24097
1896
322188
171799
22704
64968
133527
9834
4952
17725
40068
326404
116152
6303
19564
289679
572504
10605
16154
320533
102197
14336
32246
15150
38465
80444
7190
248232
109415
76801
134346
8261
548901
17152
169166
121953
122302
144838
14301
78285
7988
21800
22994
123232
134929
30584
279844
32521
7409
71237
229700
8713
5001
26758
294839
104129
61233
663
217945
11702
640
103981
204002
348584
123673
11269
21233
21697
4666
12874
263744
16721
38826
559827
97413
21656
35340
383853
5235
259418
95617
22248
9789
589643
197308
241380
93538
57531
581
109206
103957
5498
341148
32543
664099
63379
2702
22795
432899
7437
439215
14918
20088
299034
9367
131163
16220
56300
48391
71250
24776
40958
288506
14235
1323
28664
24599
3620
145773
26444
9322
237337
470074
135647
50361
6519
86490
28287
14757
244994
337126
224666
2138
271995
125967
32367
14913
100812
196515
8185
4109
30987
16015
3800
30078
917
30820
32205
5493
99422
6765
138
331755
25403
584668
374462
389949
155749
237961
49964
182931
33735
18576
204806
139753
12598
73944
214665
104799
374
2349
2062
5442
266061
454788
9723
1408
24862
16172
121979
2609
20672
25247
795
3506
44645
39302
15257
5241
8774
27734
26794
30350
149208
54880
30002
9400
12001
158494
7607
5944
12917
3749
18839
146579
288740
192279
313287
15238
1418
281439
206487
73371
124252
26084
24359
9191
305607
84169
18122
31582
1412
30083
30012
2227
6480
490401
54079
905
112613
268795
62018
421853
370138
7468
24317
71013
2658
26722
143627
29311
94024
11310
332858
185508
183888
14026
504152
660139
32033
47455
60507
253973
3113
11483
4544
5170
267695
7602
57122
11033
13347
106940
4560
49007
114970
30796
134427
2542
61107
396738
33734
170815
240144
414231
16872
29363
386909
153232
13418
48213
388599
137467
138142
78723
23172
936
16599
491
242222
222439
8303
28576
13742
279657
43929
93894
714662
8285
182826
151124
124795
8568
31268
113395
55064
22800
9712
433148
2349
21236
89117
180825
20665
2289
1897
28841
256404
160521
75033
106924
68755
8565
18071
221640
26889
449953
116641
127307
66241
10796
22978
598742
128504
7655
19435
25413
264451
217609
214320
29539
304743
380781
23400
134230
117344
113592
2196
13159
639
37142
175527
3464
413612
652145
18993
10221
4374
25003
30732
15666
10369
115437
10134
9474
3159
6906
5771
122458
21784
12656
263022
102617
31448
138645
2573
410864
25818
36879
625
235953
297872
15523
21464
107365
59591
105693
326918
861
19731
492552
100659
19323
18014
127038
13732
23661
108528
153249
89750
34208
7549
35787
16447
573818
16001
109376
25009
217211
35288
51612
15973
357891
179633
491315
13664
2618
63820
29887
104527
33874
5826
75255
25419
8572
22590
372319
9408
19375
32921
15780
18561
78544
133434
431905
87747
238251
27969
321381
7857
503316
504132
18466
22932
104755
354400
102721
409042
123327
15764
62245
226142
6208
180454
431472
9943
557597
238180
290521
35417
13646
444655
13253
24697
28616
144077
27689
361394
128783
82773
4296
86109
380054
109287
31222
6016
2661
40932
446801
137997
211128
73238
29669
3318
8036
629
3455
43332
303517
51501
335486
72880
481265
4267
8116
36336
9509
17902
5887
8018
777261
21208
7833
266730
2429
11574
29628
366095
411723
419459
11980
291101
19394
401691
31462
796901
434258
268559
155236
27677
186996
18922
434
29126
93720
909561
37004
184279
20431
34965
235997
163502
37350
51554
2216
166369
147232
6529
24230
21123
166595
1687
24397
133773
67650
23776
424087
484231
2644
115746
11217
56334
3268
14065
8447
2007
121785
95758
7922
30274
17397
159659
294233
284161
1530
391545
53006
17305
108554
26806
76884
127406
1238
31553
45895
30924
356684
61601
19500
8691
3744
86993
29525
903582
107157
8464
85774
172370
17805
1740
81474
165737
71293
552764
14566
97303
173028
25891
369049
2164
43280
42733
20456
112516
26675
22851
244755
37243
31595
18823
17753
427451
28524
4055
16781
103586
123967
19369
2871
1171
37888
17984
29757
80799
15716
48168
213059
71427
130070
176678
52278
132644
11938
30960
370990
31755
9863
8099
159122
212425
67211
35255
24326
17225
3212
13544
21895
324843
365883
116514
7645
99964
49461
3480
6663
11722
70414
7154
10402
8968
64700
31298
742078
149395
9011
187553
87334
14250
890357
6820
1979
10280
25297
33411
522437
133824
26439
22216
13
10729
167562
274808
422019
1421
151886
26639
346516
134017
932
2807
194871
8015
6945
5633
1134
12360
192423
79200
52984
136308
63039
177702
1093
578487
560458
537702
22487
1999
44983
7400
2542
7235
5194
29818
1065
111083
28772
27665
587795
9196
106223
55466
169200
25376
117387
32525
1568
11741
115611
346924
667222
13377
343979
61284
31298
8009
2293
180416
462151
637667
149650
210
207194
18901
7213
11243
321825
154402
92479
19161
30586
397976
3337
5680
329121
568338
72200
28197
15686
10819
31478
72121
245
55543
429
17024
324594
8076
28795
188645
388424
13526
51565
255683
266395
18708
5483
23161
28400
25500
6135
128142
46534
90881
23028
50399
12280
13275
23807
37660
373235
276416
318556
279120
28961
24537
24612
65934
14157
244379
6680
24279
235373
9386
20349
891
192964
172551
4917
16172
3976
57
139851
4993
30712
556711
364809
234706
1286
14089
18184
191525
21001
395388
7820
62688
257309
53342
141792
40247
3141
70609
2138
136057
8984
88229
10882
17564
64704
222320
9475
3037
435190
28752
325362
20754
36638
25146
27548
25065
533945
94644
11051
46658
584
14647
232677
3338
587
1275
12119
478990
347340
466951
26658
7960
501
65051
33967
53092
118344
112752
740493
5488
528586
21792
21460
23688
4852
833281
5246
10791
49210
3884
68738
2170
22499
217381
16367
8330
7724
190151
306
551297
824
2651
19277
17301
98618
14996
132489
8064
30924
515059
19317
151833
273509
187258
97985
43911
1525
6745
29362
134308
30580
34325
15283
169761
3954
82214
27998
270167
8285
139897
405813
17663
7987
655661
3119
121251
289025
22835
230902
184192
773
2361
26307
462539
129709
345035
972
703957
9800
29012
407335
18137
3805
463722
2997
274383
9694
30249
238
31069
23513
210116
27953
92962
17525
111083
19993
17387
90933
3232
122078
311385
74682
10235
83560
96275
80254
47057
366971
30638
124270
186882
246079
4958
1345
124999
209560
167175
5612
235011
211604
302510
60183
244643
107358
23271
2078
59053
10170
20769
13126
770790
112647
339919
86742
207474
2248
11158
56949
403156
14674
785897
81076
187675
228733
133111
61213
45375
11921
22193
35835
1035
110584
196540
744541
411337
248670
404098
67295
190155
153005
272073
9323
577
93284
479194
2338
13068
25502
30625
479792
49
13239
20499
213616
156206
13294
28783
150876
79017
162733
651519
458362
34435
790903
764446
287134
16059
21815
51955
1300
16524
572848
191441
203615
5624
25993
301796
14052
16259
40527
203688
46117
31224
207780
22325
200617
3560
4507
21333
24514
66635
406206
140640
14239
120614
24817
67907
258006
107688
571053
2908
137022
60737
61548
17221
4450
866173
120540
17414
194389
8381
205976
726536
57271
136433
120680
333679
21968
129840
11259
17410
389179
92829
167060
11844
38730
22955
126790
13563
5647
11704
2727
660054
5805
50885
28031
25652
792
92671
21787
10136
11684
8195
10435
4190
1542
512327
15399
333629
175441
148390
49087
183
543
664308
20725
19078
16992
96997
181783
280330
434586
2663
1363
40191
91446
440705
2187
9718
178400
851817
67896
302426
655
172843
113801
74485
333
49766
551449
251701
665573
1460
114650
3617
9305
30653
131140
23137
17492
2737
63551
25008
10909
25122
146716
22091
23426
24050
14268
174331
104990
23090
48189
34125
130155
302095
2131
195244
120229
74152
887098
11967
27919
5588
279152
868816
163220
190349
315652
103614
225743
71675
1952
92696
615731
172405
68208
76505
43523
11702
73535
209333
230315
739383
418446
348650
798379
2795
4945
26753
64977
599870
133762
3909
135062
41625
13490
126814
20296
2696
51826
255050
4141
310658
486256
27902
130338
700091
84888
7889
55637
13118
382006
635871
21098
342495
69876
187963
384221
140251
154061
398331
12891
73644
64110
17167
116034
24492
388330
3882
9485
34176
28632
18745
289965
41780
282053
17291
41487
23236
5889
227733
1024
17236
1694
214445
33694
441768
276033
378
10811
15404
1689
493
63207
209208
754118
18677
6588
34858
34728
10334
4741
325577
24261
173462
10607
18894
857
25523
14180
1810
777
191745
21700
149574
353329
7375
7533
262747
61991
13620
230961
20972
17056
471872
763
6274
19582
232647
7159
56050
94699
26988
12731
2029
30433
216554
176020
126653
13633
59376
41823
175568
19552
2494
208779
240580
19156
236770
5515
6231
14385
411987
323919
83139
16798
7427
3979
93908
92045
18352
9851
7450
206551
4419
450676
32508
447
60986
1680
25662
25040
163819
238438
46000
39508
47634
310359
112547
16720
96723
17006
45449
22228
77693
300734
223592
491228
10919
7614
294556
301037
29669
505133
18863
314
62326
1529
121601
22232
22252
36049
623098
230861
298481
74760
3142
29546
144234
22395
197484
193168
120564
29019
411572
229904
116457
3637
12049
13960
4827
18401
1700
143
34275
6926
32164
53607
102208
168803
29141
42568
212876
49655
42098
7465
380744
10276
242055
117020
188330
114351
27648
3213
20501
681268
26650
16068
38970
228021
646578
52442
751530
13618
275877
14180
61317
23480
316051
179897
224320
217753
12830
36281
23946
82424
3111
36700
121300
7416
6210
507621
3874
41783
192398
219270
80957
608
352465
87701
31156
77495
46566
16158
79237
191185
2735
890237
311118
13303
15582
388832
13565
340550
388
281885
192818
17633
365013
217292
102113
397521
3490
20630
81731
607949
111175
101710
2785
14562
133804
190379
1668
53133
9444
106990
27257
654741
352882
13256
1050
252874
43161
11638
32027
5231
67710
10665
232886
28133
2412
568000
530279
295937
3702
62173
104614
615868
21373
273371
11873
106325
10132
20599
24915
13391
2334
16062
8281
30436
31624
10856
34077
134556
7533
14063
95834
14509
23047
36691
4884
9142
16063
63659
19244
241590
10489
712901
357864
10746
676463
60105
31603
45861
4891
110848
71999
9910
42831
14650
277435
309225
53139
13796
538459
230206
25854
31198
193837
78025
95188
512559
188805
213446
145905
108639
40969
224198
776182
7428
319999
392208
252700
63746
34106
21036
24417
287149
69
27183
262273
171657
2934
25647
11287
193332
2948
59114
788820
313526
16807
149606
69285
132746
195466
22054
227701
26000
87304
186110
39974
445447
301721
661831
8559
793357
254163
324997
107141
26213
12444
9876
19942
23277
632099
20046
73548
339895
5032
108188
6835
427335
22730
83434
119762
218040
4057
311638
273579
7450
11375
21799
36936
11443
65582
13513
132320
286357
307
100269
163546
187308
26594
81777
15258
714
513014
19019
27033
671478
262704
127771
146073
6484
154805
44110
11924
2839
210333
596
189620
76818
25354
54103
1060
5609
431069
171371
229817
2312
3241
16223
6404
28690
37489
67599
25815
78211
268050
505960
42973
2102
519
1619
241677
7049
2669
576260
19352
13586
10441
24153
49754
13333
741547
121594
279124
25339
61798
159654
325775
24625
43269
388291
137377
44348
1061
28426
213493
18098
52272
17732
247062
118309
77578
36982
753956
181488
28311
18942
7404
8533
151195
1140
185350
404010
23802
171084
65859
44488
139435
30925
4862
14508
339862
58638
8899
181767
11465
183500
476040
12052
463128
30934
15088
64201
5296
14303
217968
81926
28242
14701
70466
147274
43584
62410
3756
295080
67390
325931
68204
18323
115436
177543
18428
69132
11696
99412
44105
159877
62931
182317
27041
575228
407692
32061
17524
11360
25160
172685
156470
149312
75026
93158
11622
250285
20622
238393
290025
89275
114753
540323
268123
299
15007
150526
14974
128003
4648
289140
358192
353998
611043
2314
130072
631185
159959
441828
189388
461
179893
9726
119585
773
73349
25416
43932
561316
25393
148384
30542
13671
324872
163959
13583
9714
298379
8423
369275
188295
14819
92394
174253
183716
530600
182
44039
407197
63205
10532
44804
1842
385529
9685
16601
76377
4051
279082
21050
25258
13984
456541
6384
277618
30383
1180
3408
5399
9402
462790
3414
83234
352226
209160
622235
6391
268035
203434
107417
24820
57466
3481
13072
528192
146
100396
348354
12965
25367
32312
137826
669454
13477
131997
31437
226418
17635
173744
14765
9356
265394
44851
158390
14299
94690
2420
143312
206811
168297
21170
57294
373324
259270
255188
70739
8214
5446
328017
35056
134198
13784
192449
450005
5773
190813
64883
16176
9407
66181
31024
54814
145108
182
357504
88489
5622
2653
4454
15276
85178
55596
31764
51002
224872
6177
632616
247064
448191
273814
25273
302304
255383
6622
998
20150
55580
306635
319806
14680
6243
90311
9589
60765
20108
7188
243259
222551
29381
503238
8851
110888
76892
55098
135041
43427
401765
114635
254530
811679
295350
5764
5999
3596
32516
40036
24203
91086
13145
771017
7739
14593
834938
44716
179351
8517
4301
60464
14923
407290
75062
687
35791
2627
164093
59710
44465
20512
267530
488278
180
27290
39855
166358
338417
29966
128689
506645
96059
15279
170667
20100
103405
138576
60516
147501
186
321152
4942
16836
37438
7708
189424
102022
6333
53811
3577
4755
549210
12244
4016
30765
94951
535149
61369
545350
15117
9199
143424
27163
199252
36647
213180
3141
380066
4533
148158
13671
231968
20711
385163
10628
341378
24147
52772
59010
18457
156217
66768
59166
450796
421516
44825
31638
802562
59695
1237
25645
14014
356701
49632
10403
274288
287609
620218
22067
676640
18270
2309
4581
135742
9973
440720
255161
1055
19667
6133
12862
159211
42334
18705
238595
174427
11881
13157
47974
16587
10445
179861
385940
769
707311
41678
22705
3484
6913
145241
103278
1681
5290
69381
547203
122711
23407
199769
117399
12996
697624
5371
83020
10587
241963
483094
99215
181750
14184
6010
5780
3080
5134
71617
14556
379057
259157
10736
215463
8029
20650
17530
94181
458194
613616
30696
48486
102960
8254
62852
26229
9914
72553
34941
5271
314120
1023
651441
7635
2269
28509
1485
232950
20408
164021
100918
38162
278380
55921
60129
3002
93559
25868
22650
74169
22429
8079
1309
38123
9789
1630
34590
5839
15017
514950
3514
20777
163679
24226
39553
399636
55279
11009
410225
18282
54853
316785
126142
24493
3278
4351
478
42867
805
272433
11625
25537
6850
4686
126790
29005
66829
226
468115
23199
6309
35042
32556
99377
364876
1026
6547
26018
18566
10401
31060
19938
28632
152
17145
2589
11415
2125
50847
12955
16696
724
9918
38001
25013
425745
22813
2265
419757
77700
167656
128512
6889
22129
453489
17991
8690
12919
9608
33291
30065
131323
79400
7652
848394
549388
40799
6210
24545
20214
6554
162980
3289
388444
4522
201419
30461
11463
23801
196913
213940
615631
222464
5054
2063
27095
193277
75328
486930
379974
328271
982
333085
20616
3876
18141
52072
167714
13574
102705
24403
30225
12420
214533
510817
46493
16060
4772
6662
592488
16964
70065
23817
68344
4845
759228
295131
46580
16437
16991
31184
97722
11878
135098
683287
216
1083
270327
22192
19051
4184
66939
485918
791868
11637
618273
510044
29814
48402
206314
29473
11068
649333
7227
310766
29200
32276
72423
1563
85677
496658
30483
93288
262429
469790
103287
12210
73539
2892
4806
26526
528163
544587
18757
180410
88004
250274
98412
47114
24178
25186
1475
377181
12065
71158
87068
12411
8191
13940
28992
353029
127496
264186
4247
82067
5643
16149
20323
25948
31939
73128
158685
58085
68139
7364
69294
190371
93076
4205
90078
73322
24447
60651
21001
118048
1271
238797
14508
278866
177894
70477
60500
6557
158561
51512
45015
23859
21716
499
1556
174757
65451
30484
205141
64520
229546
61061
6929
404224
269451
5839
144458
218844
9398
116364
55146
77086
85262
97253
134435
129095
4290
6232
35496
21116
27865
278986
10880
22984
4767
2621
229253
93966
20783
296649
194
17554
629269
321443
22550
416115
86399
133897
50143
11581
231343
25396
2627
853
26173
10624
95425
172
27847
151905
499808
19419
13310
5017
301592
50441
719
269193
9053
24515
284790
313259
9271
7261
10473
11529
9075
497354
133228
359918
315202
68039
56345
21041
2944
8249
16985
209900
323509
6434
1928
29789
159770
540
145626
114904
14054
63311
52338
36657
447492
6122
2369
16279
11573
138409
262293
3939
385904
566411
213279
25142
318525
18133
23512
17227
35051
64042
26798
3993
149480
22637
52629
30936
385319
350482
1435
16668
21552
271731
10358
151131
23041
69292
26512
445400
21541
8693
475813
31572
528478
172026
82040
148553
150851
104984
3391
65784
207845
435
1829
298545
5341
20375
38976
155035
435203
273756
138849
348593
485907
76617
21196
7176
3683
67492
87940
18634
529944
222520
127932
586143
3730
53406
13806
2523
32297
16289
547845
14054
238213
828
461048
73955
259857
738075
498755
9937
30646
29865
210452
36042
192727
72029
8114
367339
10541
35634
292111
249571
4086
28957
28612
1484
106273
26728
13504
55776
17666
22854
137130
60838
7537
28278
12994
3987
182713
266438
677262
367586
143128
76380
79774
77593
13080
31461
21021
400512
163509
30015
182735
8895
3176
139019
8942
5523
174280
3919
3421
33008
437804
33966
450519
138501
27297
503808
319486
50131
205892
27563
10266
131519
78887
568947
274931
14631
11046
22715
30914
33914
40964
518307
92272
455947
5538
11562
3793
83724
253955
28729
133278
73985
160094
567248
239441
225387
113952
381025
22814
33353
25883
25345
672
18571
70619
130364
10703
18016
32150
139170
26172
46715
12067
160739
8155
267602
599381
27561
69944
23212
1877
339
387337
20157
31363
180824
395882
136857
96558
52200
137122
336851
2945
180309
137633
46246
346683
20459
46754
7866
23624
3510
621121
26140
546232
16910
20743
4444
112584
40913
6834
111985
138047
412741
14931
444517
200040
228172
6023
32488
32994
10875
806922
32806
41890
1986
318439
32800
380935
46433
173939
11613
88775
4499
25724
451091
21480
221451
5281
386658
133673
32429
305713
29209
4532
9555
32541
263543
3238
448790
153713
41
10698
1567
21971
27576
26266
218807
72595
67590
7420
25131
16314
22886
15270
164653
24889
5766
18394
172057
4172
59470
31177
32515
2000
475430
1836
15589
387807
31432
314547
19432
197890
68506
72087
192236
33085
190154
9436
17435
41975
66565
7063
536862
18456
27
9973
377435
3992
118918
54301
3725
37402
658
22371
22669
38144
137680
11298
8680
16569
45958
115468
10977
791660
103031
107659
63892
16071
256711
55868
610325
516661
29687
65340
766364
13656
33025
9927
43243
19584
585463
374646
97212
59421
53574
314614
453
59381
4248
221907
737571
35955
25004
112240
9529
494
20330
16644
157237
97173
2824
34441
20214
181
71001
2664
40328
645943
392552
9625
125267
12604
36975
430934
145555
294
1112
184816
24211
3934
27081
2650
2467
91830
277782
298301
144895
78414
213601
220
1672
13228
16118
6937
26300
19262
152820
9597
2639
99464
3929
11299
85890
27271
37750
228653
9883
55379
551577
314343
16021
4051
274450
279223
474127
636877
119427
562012
31202
95417
27049
12988
89424
5128
145122
2963
120591
313600
47022
438169
76413
69319
32855
21926
132628
28456
665
100635
10544
93665
201120
46527
12358
118974
173990
13176
1072
45270
140776
176016
6685
331579
421685
73372
130839
4351
12466
11000
603
53981
26625
314823
48251
25334
236361
72264
3531
97366
39772
41539
1060
139473
81115
99610
28147
34209
17827
158564
35338
18843
8642
365111
14196
159265
32305
5888
1038
844
202864
240778
916586
44077
9726
938
419743
12535
1328
692501
129698
65784
116630
88336
833
156622
18611
188938
361723
28976
52534
259044
8542
48400
30518
22179
25136
133706
150098
219453
222275
71500
16580
99984
174429
12453
15672
16352
21308
10386
355349
86188
66556
20774
25366
402563
505300
6670
5081
32368
18657
10284
80132
118168
385283
474968
120082
74464
3865
380644
39751
28295
13904
16193
2
11357
3491
315917
17478
18438
305814
43732
19646
107775
357177
96753
40733
50673
4027
28455
17910
338900
31695
245413
56314
47576
768159
248437
24430
14975
4816
3337
9027
19415
25260
123376
15860
20257
570
24162
138682
317412
191382
115895
2699
47725
2003
2952
97507
61230
13795
27069
61080
16850
275292
119281
332780
276537
530035
1313
264738
37151
55618
517
644472
56220
12003
790
563
20608
7972
404730
135393
121479
12551
141290
28065
347085
670169
59575
11906
86127
10382
22123
14
601
14148
16852
180066
28348
105164
317251
27066
6379
53315
347843
868945
32934
5148
189697
504522
1592
19284
244564
7359
245935
27128
281615
139045
32179
677
35317
56735
22372
8474
12738
2467
16546
210902
189186
6413
37573
51434
150526
9148
78643
115894
209957
117999
51536
19883
35067
122994
18233
102980
24593
22126
6239
169790
16233
13543
136696
83446
9759
15341
285350
121904
206355
32041
97813
32839
312888
291733
136510
340996
21280
8632
168444
258076
39843
25920
89728
477344
473150
16033
23610
601901
12427
23191
679052
12062
197485
66078
42675
511741
2636
17963
72334
227979
28909
239747
396016
459263
170584
10350
1796
6273
20642
27339
1563
20039
36841
8469
305462
856059
45658
654475
160853
7199
7772
230330
39643
152867
11043
82136
99486
175203
244320
21999
30992
30172
647997
30162
116471
56816
81465
3973
12690
102942
131173
55135
448470
8731
172746
9290
244619
526105
299964
161433
490989
22664
10158
298
100275
21290
93301
9226
20410
17078
43268
32202
3424
296098
23256
56473
16117
488617
13974
3140
98233
9806
417124
15480
592056
469690
17384
5866
433105
581887
20285
9577
490095
310826
350327
186692
114998
37246
6414
32374
17746
36590
81072
159791
53391
543
17902
42200
27242
22376
163768
133368
17391
197088
26295
62813
9639
25806
64276
72591
421296
382449
23341
32671
17462
82792
15603
7281
5585
5557
75758
27
195213
18611
33472
237754
69085
107054
103617
279103
42313
9331
6055
147733
4830
35963
130752
119264
32011
14374
87033
10690
9135
115311
22424
9325
134608
1379
13165
537628
61927
254975
35367
863630
13195
91325
288567
182863
618403
2330
429412
6612
43298
18903
47919
29425
168695
24800
5315
4801
28673
10717
306506
20708
7118
208701
515
19942
19462
132878
8178
199932
30538
25322
7803
183401
1674
58315
587377
10333
26704
22450
92879
882917
208741
861276
162466
21301
246152
5111
150950
49054
4054
290418
19978
221676
62573
26622
47800
268550
900616
25177
19995
21532
2609
2979
272748
5689
1252
301
38320
220181
54029
70528
59733
234858
246678
23845
14771
151384
9282
3653
169572
724154
22997
19962
152884
361171
22007
37691
18955
6790
277970
28671
70143
19777
133888
20472
29910
15000
20856
300029
79447
54873
7070
237109
53219
11733
188465
47361
26605
737424
111905
31272
24178
1151
13552
1969
301677
14444
183342
62590
25875
18043
1522
97279
38982
42957
460870
641920
21229
235879
22331
27881
14129
8432
357060
23994
25952
100238
2557
5637
397840
43292
869
23242
191557
89419
264776
433146
242808
2063
5567
2420
603007
188949
261617
12762
10647
251267
1557
21072
528285
75904
588396
231848
5430
199722
4362
644
18872
1770
11149
82580
826
88302
73401
305906
89585
574973
2902
122546
25304
22740
85326
19277
503
14112
36868
164613
459084
170012
9155
12090
18464
25726
170599
90685
358
193086
564859
26544
78061
19995
17025
15421
336174
339819
116963
44671
13560
7684
175067
88563
28242
416402
139050
75763
414168
55047
23979
55735
1057
364492
55183
45058
209183
313729
156662
135859
593937
507714
191707
31669
171084
38586
6042
31591
393151
2648
235508
948
113215
36634
302160
44220
10983
732686
8198
11573
344487
372877
165798
298537
28351
36328
22743
118638
4068
24707
3981
11100
119268
1108
11628
105508
78415
126934
12542
8910
1040
43979
21304
787
6628
67750
95430
23748
100658
89573
25458
113934
30411
16861
107825
11933
426320
296285
528661
240791
282793
23319
20030
47277
632585
18402
32260
12452
16032
150993
16476
11577
499584
272120
90688
235534
44755
60160
468743
347409
1509
81744
17922
21608
380427
182473
2998
11492
47514
80197
13015
29602
32476
888214
65001
30510
135630
20209
51254
2462
2337
23548
43412
552794
16014
56632
35587
213487
573577
68718
19042
26939
83838
148881
8230
4375
162525
6703
174120
103245
64186
79455
1342
359417
57194
220230
213002
82928
77533
35114
133844
4086
181239
2851
571441
47969
209
257571
6466
14426
10682
131000
27174
6058
70018
4672
332430
366012
531603
105939
480639
76401
612778
444056
70619
32224
652527
202259
29607
512274
16510
31948
1275
4423
57844
673187
588520
27647
98282
309729
225134
2786
28886
379249
30327
162147
218524
4411
1420
2717
380423
11897
31696
13437
63013
406611
230068
59958
75815
32566
362376
11594
19889
162597
12688
16315
30103
212368
30160
1966
6614
45982
63291
26188
13691
3805
2032
269
303947
39067
1708
147120
3705
87156
7870
412101
537481
11000
13679
12184
523346
20768
7066
40350
41432
21503
30285
16687
72374
43141
303572
99493
70840
70884
8762
17512
45376
11711
174916
2458
638272
97929
51378
29774
7516
11999
15055
60237
149012
351082
107334
14730
93210
92534
60035
2915
299354
54793
8548
379350
27374
14167
82920
632680
119033
12434
319198
391829
425147
38205
16934
1404
29271
29034
98033
458607
10988
226422
16857
392489
8997
431982
270271
438016
269414
7466
266533
28382
16303
6570
17086
15337
90532
491813
106118
128444
6473
11602
29740
21089
91845
140786
16379
273905
648921
70238
18582
163163
594
20610
39464
29349
75970
305655
1280
858
20956
117495
58442
216045
24969
11695
1711
70419
100477
26787
866
289946
257772
360610
27947
19405
31111
257111
572025
409818
896609
15934
15005
28041
164657
3783
27000
62469
28910
19705
31
260023
31514
16887
4539
22250
72576
89467
4547
14002
37023
2111
12164
18809
679650
29821
72975
80904
58934
3761
4428
17325
296470
50072
7685
5817
17603
21714
115410
19820
11025
245539
269
23148
467344
27376
11684
66052
18559
9945
56076
108512
8487
36644
217636
12228
148712
644772
175397
178288
21059
50221
12206
159263
61949
32560
193944
18063
16873
5603
79193
127493
6415
106403
221509
16495
150572
5535
318500
271969
548424
8207
338097
30435
6567
144600
24130
72907
426863
160142
45008
11453
181303
125868
9994
27024
157042
11804
83370
16054
196548
269285
22298
358792
58404
21055
99520
7299
99377
10939
377130
30563
183669
7178
18083
8510
29732
348575
81362
3357
30632
20671
30122
219303
25196
104968
20619
276483
37800
2215
513198
110179
32032
17406
387122
22837
13832
26856
170639
772
56967
4639
254707
4848
167231
7984
316372
51387
148100
23702
22268
169294
142367
56705
586790
357557
43646
80018
192552
17103
89496
83497
33275
5533
273324
112098
24235
193163
70691
126491
