25406
1630
274486
35749
163407
4110
74053
275890
100824
224258
6090
71522
311398
30079
21453
51682
19803
4659
32418
194837
16784
30602
16488
55206
10489
32183
57780
29745
2816
29601
609527
27311
30041
3455
161562
12195
329
22
184312
727647
60780
20404
4575
5122
148611
452251
6784
125079
495414
184763
343280
26490
136908
482399
1550
467277
61500
2989
1100
23147
2182
7394
1590
432749
29632
159410
21116
1797
180747
37035
2929
308319
174613
586887
71989
280290
38674
554
138740
27095
312013
93650
20976
19869
789847
39807
382747
20310
2655
14150
9326
335422
76987
918
242936
113607
5669
33042
5832
45821
9629
158138
327965
17280
670590
3820
249710
11088
15530
111304
647
204260
3604
7792
6583
32155
34097
93227
17270
212799
158062
104090
59340
791267
17183
45568
8773
259768
42590
609764
297717
475125
549783
264970
7124
148533
413705
5555
1149
25800
87389
7945
81594
17872
2825
37523
309411
33602
107886
99256
5943
101102
266657
19608
55296
118471
700
18792
43
20797
276326
588111
622640
111727
99842
2396
51559
179180
39610
15078
265179
15373
13869
11812
241123
156012
71740
19568
8583
7319
213798
195139
8188
4264
262935
518296
6379
9035
380488
4955
32700
236724
29004
51483
204603
20005
2312
126596
2235
26585
9342
93602
1242
151374
72
22037
17180
31352
99648
26055
467
7980
759
20983
466592
154345
617436
15717
935
28489
76720
16285
4799
344455
24421
570634
5577
30847
3875
14227
9399
19787
16964
27294
18546
24393
108368
142831
22513
927
14040
8149
166860
497450
92427
114684
38239
1303
17678
72702
149435
16418
212142
96393
14214
245530
404606
1576
184019
21015
28444
326347
1074
9240
10526
47954
347367
6992
39803
8311
41418
7550
15425
844329
1631
52373
43966
587372
15393
87415
91180
42513
512528
448544
27184
41122
4608
44440
43998
3108
126276
111216
21998
43357
148634
15667
3560
63318
248997
73862
20647
12558
4311
17749
9049
6624
5681
24142
26147
12616
15454
27003
82697
15431
21643
78006
131428
426390
204874
10315
169867
288563
574
56499
16993
4501
85208
4274
4934
93541
409659
11975
249
34847
14958
16897
205119
92043
120872
17476
71335
208392
731650
300831
19565
792331
3634
26937
9660
602903
233685
153994
84198
159031
3797
1937
3190
47235
117952
153693
3880
135231
8272
633790
12131
473833
5855
4727
893067
31695
30019
89830
231742
66183
7789
98957
585856
14986
135947
16849
8563
43560
141789
13611
85764
164613
73298
168046
17687
15971
2944
19311
499
7293
154516
113987
132820
399104
7727
116806
284558
14250
94855
333435
1385
22318
87801
29518
396568
270323
91641
11600
23775
168550
10467
353192
10431
224615
17836
855
3181
29842
566726
20287
9033
4140
3033
227337
451425
416652
451554
417824
122131
18086
49371
27030
48471
282586
209
7794
18632
2599
326721
10509
33030
390194
4824
14095
9937
11654
238334
226659
34479
12476
338835
25876
10697
3300
22013
49851
291466
6317
9557
492157
52660
19393
238978
518887
1151
97010
14580
10755
2849
7363
620153
24167
603
25535
115159
68442
78041
24291
149594
28312
137120
4301
220441
859959
285060
2004
3230
25030
13774
679016
4452
16718
357699
15455
25080
329904
27104
6608
48808
37379
93140
27734
193517
144949
70849
43833
176168
663751
588
244998
296
23480
104917
22918
20660
548787
312
194622
192600
27041
140093
51437
9647
102641
27318
216914
154757
13785
26415
349505
133613
97780
196886
2859
11471
443440
480872
4475
1624
61669
431524
155669
14777
21517
64000
12140
56997
3573
30147
84748
18192
4147
67647
371114
328011
119954
3743
71573
22754
15308
284362
682768
73030
93983
15666
590408
5532
203561
88661
9047
22896
131532
21298
11635
66479
86959
109397
536106
47733
32874
391745
503
23018
14515
389901
179502
10821
24748
23466
7764
107977
368260
250770
6383
80706
545
5315
317900
210276
119240
119057
13847
309851
58494
11928
194336
163598
35898
334319
584776
194303
30787
19793
23857
20724
12760
51246
17846
387758
10413
86422
203401
288681
2327
59763
3035
97489
27895
1656
194822
10795
3589
2591
24864
25008
31645
23701
628030
240886
51076
8597
643005
85372
16336
97095
16808
28059
8480
708822
48817
229143
62662
37512
24401
188397
99532
117602
18608
312382
15335
57216
33204
56642
27237
759825
5004
566976
373875
3057
6730
28098
123322
8825
97000
790247
173737
12240
127568
70526
184065
402328
24129
96950
388427
31781
49881
6434
207577
16083
5472
445994
20513
28373
482260
266804
128777
12344
15017
2112
76114
250481
4023
74354
73086
32634
199609
3311
27623
231
111447
440533
84880
11351
5364
572147
683390
25857
23474
14605
49658
3171
12271
11223
28753
21116
629472
2352
24090
24992
5620
186667
11610
2306
278654
373174
484
167414
26216
67367
568388
278780
17652
290167
44428
113687
248999
18
89188
11198
4606
291437
195049
25702
33340
151608
24419
13502
79593
191512
2170
31037
25700
63487
585856
40128
58986
17253
12662
66634
19971
21733
1915
85006
658331
126250
670
153101
157935
114912
70952
27225
245476
13133
24235
558376
88036
29376
153921
97873
37822
393856
32508
51543
4878
13790
23093
56995
253115
11374
764249
28639
138214
6834
128363
25998
56108
286434
81003
798112
36414
27896
22337
167222
28466
210029
554707
39896
7425
42811
23230
4233
7436
112471
301037
165605
92811
356529
32485
220874
32724
27095
478605
10629
35637
422934
137313
1101
490849
33805
324109
62248
15769
221469
292174
117515
897
98338
18667
27923
38830
53377
13326
4245
30506
303971
95937
91328
28802
11299
17471
25291
10471
28159
476132
16347
16449
417509
1880
80034
2158
599016
372584
32008
6401
38898
25004
29028
7929
397841
46916
156870
12102
6293
349847
164827
39916
41753
34161
18621
402074
326560
1518
666058
32490
160770
9115
26824
22366
15827
22450
63150
272070
4291
106560
9037
40063
537660
156299
4736
690458
22435
18158
778841
18128
8588
3347
632208
87070
98848
12042
116893
4546
5151
27442
216712
88843
75596
185921
181071
29380
153257
229620
375722
25542
10291
6432
9415
7383
13061
5762
16566
32458
26303
36350
14720
303062
417011
30711
9462
43365
102456
19034
3385
14966
307515
255727
5045
73904
30030
57439
33116
452645
220323
683
28796
865417
98176
11834
24455
9564
13541
334563
28863
17019
60851
278161
139784
209738
28908
9539
310176
2732
7869
15750
14092
9790
98874
148369
71682
18946
36719
102291
1907
41601
11154
346101
17288
144744
38481
21455
11631
43278
59396
278619
548514
300450
18657
1672
23888
60130
30335
31523
227840
364261
338875
345009
315781
92001
552
29933
2825
1444
2069
368036
30289
11252
294752
558002
11600
433793
405
96079
106391
53740
42744
2938
1219
654682
145181
122658
2489
443310
12630
82219
429
13282
16367
30562
5950
266790
15363
446804
186704
3699
423800
188647
94530
687262
5368
203752
11034
13248
396
10435
32632
192792
17160
237721
46485
31628
162451
31478
139024
6459
2350
636292
11055
3648
107773
7704
9882
3374
27114
1324
20833
305753
26552
219104
121179
214923
241079
103453
22932
6682
18633
294729
101908
33564
17380
16847
788
178
390640
3714
29633
11154
49049
69664
16913
15877
16914
201810
271625
309191
7083
609352
503381
31639
331314
107662
107303
16915
13085
30214
147733
43863
117874
30685
145544
891454
15691
522584
5834
128458
4349
108379
201497
696
396515
19469
260290
6913
20956
31784
17251
1888
24445
31115
530219
103662
195902
36503
7866
340399
116500
222214
341525
65469
615509
5653
220888
61032
5823
384215
16787
21425
29703
609546
128516
3337
524083
14132
34826
24467
572142
10460
624550
233123
496
777
47604
47274
85814
18567
8617
107863
69074
137950
2043
613763
25873
84466
24245
118078
32012
79
46525
23610
191589
348857
213155
177857
14291
5992
88700
29715
362930
265871
131157
628263
2983
287580
76131
5975
11278
19316
165568
343311
29064
228776
34761
133246
143574
175742
23595
201681
54286
17469
14050
2314
441267
25589
319325
16263
6278
40807
3562
26010
683028
4537
23397
434132
6045
118140
268993
318886
165179
93402
289381
16668
29967
262681
2916
528309
12732
142647
19715
2329
172079
243815
444316
37297
15905
3911
169526
25626
108071
201618
11465
37908
341604
53722
4441
222490
408687
73876
20247
66838
1766
14306
4127
22934
245303
392943
27925
315588
555
478
536
62441
226590
263755
7124
4866
17851
319433
1383
583379
277323
15464
90983
15817
349271
58305
146847
494694
78043
7210
14958
247330
125899
246606
25357
158237
297356
29279
10591
9557
24721
12911
116685
45847
86077
30196
73567
2460
127
621081
13987
93394
13513
12826
56368
30545
120942
235724
20825
22828
77279
188827
34181
85570
253696
20535
80219
119950
279332
22496
442665
1535
49995
433814
23203
382972
3500
834370
54497
208718
4562
24665
41462
10188
9796
11731
8981
169133
265778
290251
22397
15890
24827
810191
149804
23232
34624
1671
11258
557854
21928
6059
190398
30611
180960
14192
325405
362221
728892
22553
141799
292386
10851
118277
101272
17235
48718
1204
22571
170291
8559
23167
3105
31811
67127
452352
76409
424156
321971
101670
105170
40518
65863
35976
10068
546465
54962
105544
49879
127083
54686
25212
254917
64366
413
30663
622174
261547
8271
3008
2267
10777
13687
959
21118
26559
24334
6198
16023
31269
99874
443418
27143
44
180796
252783
79604
43033
1694
25343
114062
3146
99985
735846
287458
330464
5800
122560
74916
290849
251237
5517
40276
18228
105077
17867
248066
1426
97433
22274
47330
95580
126186
15791
2644
58822
340198
3341
127182
69834
37313
22203
15522
10465
85925
23148
256327
602215
28912
177836
7485
26228
261475
442101
525
3130
61023
349778
14380
78798
14186
60291
259024
36793
15187
160606
15713
6032
28522
13241
197571
77676
442236
30706
352956
2835
12
47054
233596
117787
59478
140486
27808
83822
4096
304051
26813
73390
366653
25744
81809
60023
109116
29385
70190
161918
179559
12123
35843
15229
354262
23849
312436
65754
405104
29076
51049
130558
19625
247989
27945
27646
21627
501678
596196
56743
317584
26268
1396
379398
20189
411240
482015
321216
46889
254331
84028
8582
4469
4580
88091
97634
25408
12690
353597
2104
294938
99599
30760
515721
122607
351324
153372
87
32447
47476
243379
11868
358500
20923
359
203839
60536
10134
149558
40811
76389
170629
23361
2688
302206
318051
66692
2866
103177
77688
72
66710
71696
12176
94
312113
1401
17498
411870
21152
1289
14026
26196
508243
17931
3712
29572
323735
15922
396346
52572
249335
84767
17411
191388
30965
474278
116386
65060
402871
308966
382984
550204
270590
257954
25469
82283
6347
62592
96982
109821
667683
31818
13517
371793
46269
20473
82557
18446
24382
71086
89541
747753
11494
57389
12247
71147
220909
128876
14757
27179
109519
20684
3091
48344
25755
27344
580171
4769
135836
10215
137302
357076
13674
8119
15463
19113
74028
204017
22043
9566
4418
17491
79
76721
125490
473665
2647
753639
205962
20463
451704
19272
450
5097
480803
48113
61378
649
22521
12373
264672
15845
37736
122040
10776
29751
374227
14927
70317
269200
48216
7693
22666
27959
612599
11929
9323
68882
341357
10290
46217
6162
47903
6730
292062
2907
13410
44042
23371
204683
981
11936
2455
278476
515435
14798
243799
9198
814
26450
23155
185442
55350
4080
3616
270451
117435
12352
627154
6325
4630
85963
1687
54583
7755
309308
762333
22545
18805
28687
96495
11135
331504
23461
34080
58440
34642
18661
195749
22201
1979
252589
22879
193441
71735
22053
19336
24082
686361
58500
443751
94586
29919
24547
335582
24
3052
31651
1364
17015
2241
213413
20936
471304
28609
135939
53422
175563
25168
145833
522437
41333
14021
10182
37953
3792
18762
276772
25304
56440
263857
34271
2503
383714
12525
31880
15771
14
2003
44742
623325
467442
24299
294318
202225
279598
21153
173926
15813
162267
9844
3624
63675
13049
773898
534617
66715
280757
56454
17905
44494
27299
22572
94
12886
58343
648632
11493
430777
540
187995
230496
714651
188694
25413
2883
100644
145818
314481
466876
3705
40564
164446
166609
18744
720895
340
104168
526254
8618
39760
138790
131486
310764
16040
284066
225233
35179
6354
5518
93127
6790
25699
24985
300771
93468
125378
30551
17031
497432
438277
985
28315
40687
16570
227700
7226
17028
602640
669108
5709
139122
10236
38974
484184
31467
39191
341085
16408
131359
57094
194563
23812
12520
1617
30657
43666
55454
317328
18754
117250
123377
792609
20904
154843
73369
28727
181898
235587
38631
196947
25594
480351
233416
27185
19803
721458
3730
185962
12027
100
563503
77521
3057
326448
395
246884
19112
109321
12561
1802
204323
8172
9245
773
18485
2537
28906
75032
94
378
204810
566781
14633
606619
17834
2173
9023
37779
90414
20772
90105
4398
7832
72404
11243
237909
296
320836
214065
513422
6073
149204
9632
4730
551
77825
9328
517300
18682
17443
99016
624
364188
275160
5608
194840
115024
13362
10312
20806
10843
31784
6202
3412
24472
15778
20011
636464
24565
34454
498636
81477
264
13107
88850
45
33489
61575
302586
247285
26791
8236
19094
8253
18934
16198
6296
53633
148961
57569
23344
228
19274
113916
29559
238186
136202
39545
80143
31391
11627
144
6121
4853
465632
12572
141646
101909
28191
33451
46490
36235
208152
28436
69671
592951
3207
27219
118852
420329
6955
28279
1923
91613
42892
182
26941
97248
104880
7484
22021
15862
234749
3466
253991
92033
28590
524979
82828
321123
156044
290889
31500
6753
82011
11082
22369
20385
54764
49338
39440
10876
433648
385491
79652
4431
9662
114
148325
40825
14046
223591
378627
183684
11975
67159
125924
97877
25617
31877
123494
108578
128517
25046
16766
27013
86324
4702
1515
79394
34580
853
130047
197027
472
82067
3129
141317
490166
11457
61439
65965
15962
182775
65977
7427
12356
21703
27220
8918
1009
9615
9422
21159
7591
197775
149478
15102
7545
34247
26493
202394
227566
235517
233087
142580
154357
3919
41111
126881
244116
21873
742
100957
398387
69889
327661
32792
65265
207744
2490
455795
1218
1897
25525
6588
600406
11740
347683
30649
3847
2477
104076
23068
2009
27000
37878
12708
15757
5676
4279
23920
409
61752
1550
200397
9696
17945
63305
64
20405
1537
44010
18941
18774
11602
502577
621914
77704
235920
69972
5798
215142
560932
10940
5244
107
178844
2474
204952
381
9378
12568
1290
84461
25154
19283
644885
66616
13363
569372
74229
10633
181436
48251
60671
14025
1838
22638
15695
66055
8716
15613
106868
6110
392208
12884
66699
557
15063
18053
132400
63664
35912
192359
849
26981
236749
8302
5666
56496
3943
453
1043
9822
94818
126
5870
472872
55987
40958
24180
529847
30078
5166
285984
186635
14020
278387
960108
5792
165519
257878
77715
437324
53088
26102
52953
238268
2505
1341
8552
309223
9663
159292
485647
305603
19442
249928
13349
266835
30884
6295
6444
3625
910
2789
332027
5744
356159
145198
161572
7927
215801
272710
16470
160508
405359
295864
33822
25851
30724
218888
6729
13329
49864
21329
19489
324432
9
2411
26186
55936
6575
72610
87768
10317
574
100401
3504
908985
27090
2523
52465
805495
12250
864
194917
335230
248938
338457
311467
21203
89278
314580
1250
121391
8120
6457
383124
9568
43830
183872
81717
28575
143706
24526
18027
128008
591682
415
23831
293272
2384
29238
56644
146104
434776
102451
27620
72214
16881
151810
343163
303896
97354
10388
1109
64967
149030
11010
569377
26750
87414
7872
11667
306716
121
22206
49504
686908
38310
14276
68967
27523
157417
10882
882399
4575
24952
193168
3698
69505
31474
4482
125286
125498
304068
31778
594
14616
81597
12382
146091
16533
505517
147235
16150
93740
15904
147495
187732
176975
31685
7342
27877
23084
5876
4488
35423
404301
380211
13853
153627
15318
538589
1216
18079
149600
19834
566
7184
65483
10511
85178
230515
206288
30197
462326
443955
11083
39113
13824
17635
2440
33417
22825
344098
92146
370742
115049
575177
76654
20020
38256
52876
99794
4686
24865
336332
144587
103886
144627
273683
112461
20414
23251
22466
24033
66135
37867
49848
30487
17367
1786
23697
46172
12885
7358
190118
101588
21364
14394
363112
129120
301765
200263
793550
21573
69221
707185
1973
17901
8208
71969
16283
19435
178337
302768
150345
8275
10788
473812
288925
4420
15809
30553
55684
3088
12974
2035
214022
50896
2594
70385
221040
56222
47833
24048
28314
20796
8456
11462
97487
25070
381358
229225
747380
94788
292917
626051
728315
6671
27184
30646
13159
43803
94461
329890
25724
669884
86004
20219
23383
303011
141264
18738
84533
11579
384353
27785
203
18705
3715
15312
43050
327021
1407
2517
24135
208422
217088
169050
12076
401192
37734
69805
6057
5411
337048
4024
74702
32799
21717
9225
3088
30280
140306
1853
43823
3233
8109
4213
3006
776213
23400
12023
78742
88747
253268
173782
224097
32021
66647
10323
298029
7478
231418
77610
192474
247
26280
27151
138731
10768
136492
30837
17717
8730
572027
256091
25809
4473
2735
145210
162137
126038
1982
18195
14684
13209
11253
55010
10412
77208
1516
180481
23614
486543
25856
12510
152947
348118
89258
74257
3718
18272
180908
5821
2211
354611
1502
65330
19384
6644
13463
289455
390314
2453
71617
151538
1845
391539
243568
4279
73653
39373
342000
22157
60439
16111
103841
28417
5672
21182
15789
12758
101235
10704
424207
169297
28662
147451
134839
239807
163796
9806
49192
14617
111373
136219
127234
13308
144786
19045
115444
40018
29194
104059
17131
23694
309722
14747
1745
337769
184010
18172
13365
61720
92801
11602
230456
170847
58137
152693
17939
57984
13798
113543
56045
24725
93557
98238
496911
221374
35
58954
16683
100449
7272
37434
255775
27372
34021
403477
43825
147338
8815
63706
406007
158107
11736
3092
63117
40009
207416
950
2267
159119
132506
216365
192010
298041
131767
502648
133468
6875
189575
526388
231097
628
8817
1917
13249
39790
882
157747
122122
343489
24924
16787
124718
12351
7172
45839
4823
542645
380911
17867
512309
318596
32189
620105
209261
70103
15725
272759
265183
39079
24401
402918
10582
3131
81744
3503
97729
267630
153744
26558
268957
8665
118363
17823
21995
218560
10034
45446
37275
56361
27457
28061
20646
70104
199960
93533
853954
85779
72391
105192
192597
356119
97334
918
226049
2603
282642
6153
4057
12568
34519
236911
271164
7115
123583
131319
23727
3519
7346
31630
171710
9362
10204
3058
15490
19731
313506
338498
109158
361858
28362
55807
674292
482907
4870
375164
10329
62050
6838
23965
8353
29062
246132
84872
404068
267578
15825
14295
195899
25964
57627
32595
10030
436649
167597
1084
73597
148035
232728
12913
2498
12411
222243
9834
78873
68921
1617
75124
860538
64
54751
169441
635132
165031
28488
8623
14092
39906
156508
1863
1904
245826
212716
238058
31749
15046
26912
10137
13421
5372
8786
27997
29543
3290
52325
13339
255440
22790
58043
182356
15744
520
2294
348350
1754
2876
11762
22878
20380
293496
108075
8157
41219
345430
48502
70064
41170
276592
382375
96421
156684
6234
20971
33138
629608
33115
113821
32222
50873
12469
15740
66536
54295
175166
48420
123162
312330
142633
13648
40849
171036
28646
25247
141234
363302
7962
165252
22502
473997
646367
304377
214020
4964
64770
208415
484776
445
193877
155805
704751
23261
13847
22899
78823
92876
291351
32156
82746
5370
20207
163330
433443
23690
48153
55363
313
259148
320645
1167
388449
26407
33724
1495
55068
30326
61476
10884
9450
51420
202906
11917
98666
55077
14790
68574
6233
11979
591891
25156
104901
44827
114897
21612
7045
209032
13804
430585
19080
24763
185950
186325
23443
31866
28329
15868
103406
107494
319522
89503
20976
152918
16368
62374
5254
32825
60019
13690
22420
623087
148333
22361
2837
73852
3826
24912
495980
8829
128959
188780
62404
306620
68172
24867
2667
251857
28345
176186
1798
530
2589
15183
319968
26237
333
14367
25402
12498
6377
281752
3882
30549
950736
122533
21609
4846
1511
5025
80643
17644
296013
8684
10511
492646
411079
237
391928
24050
27468
6037
4568
46107
82908
170667
135298
10404
171953
1191
15846
57071
16678
24958
330870
284622
66983
12679
855
204060
367882
679360
47819
679335
1908
150766
124402
160287
266828
55345
39237
29151
13688
109803
143142
25087
6928
317120
195186
978
23594
13776
81236
76433
866967
240699
334722
31908
365491
521031
103704
55856
341950
479
506763
5184
277043
83846
51582
13579
419662
892
290612
103635
11221
2967
310841
134706
109015
134253
278604
62341
710454
32707
721880
23963
334070
195749
262152
22363
58262
49160
164809
7433
62102
27358
7953
17783
59569
137809
17579
4005
71774
406720
43634
26544
795629
153518
187255
7815
51399
3111
3076
15510
234308
173
837826
13647
42182
44456
110555
35507
89899
454772
509096
5053
216888
508718
4071
1317
14674
235373
11678
60070
17852
23839
15349
272693
1201
1994
2014
19160
49803
30825
78351
74
54780
22058
25403
185201
254271
176622
18917
19445
145522
5029
491375
14339
24140
12698
6432
313573
11718
4811
12314
215962
89971
37069
26252
10877
188608
60697
24803
26256
1510
275208
164168
688684
63465
90611
12839
31919
7475
6946
11989
35418
7971
113172
22054
19250
30161
8380
25814
123412
29676
377256
227933
34671
2794
15325
24333
60181
247343
25603
24978
25021
370973
148459
25722
20473
199985
514979
3349
2842
54360
13601
92513
9549
86884
110081
7446
26654
28345
246838
292030
2357
68065
23687
27288
123346
8935
9782
234024
15820
249389
29239
33368
3575
32977
475
176052
106368
455315
458932
71551
170310
30508
12387
2625
315381
203530
61730
343003
39635
284352
409645
410877
27591
94189
132729
2557
28147
913
9586
10503
31842
94370
13500
34574
8551
7001
89445
4645
1300
25103
767632
84403
9222
36892
14103
256212
4979
46953
196320
28070
12193
14281
335423
114131
289183
38832
177732
850626
208006
108905
25181
38873
16676
112856
36981
38665
581
14273
92968
128976
1090
23685
166141
472555
783
21384
829
13154
6876
8371
29378
126425
32487
224465
3761
28964
285858
760690
425133
500707
9683
28792
45890
171615
1395
550
728
348561
24612
12830
143969
303577
53553
43937
12872
9156
9791
792094
2850
25951
70937
135236
3575
290641
3102
445713
152600
8190
57333
16514
191514
440333
165349
521525
355653
14006
2008
23338
23327
84445
36405
396342
17095
184128
3934
654841
101977
198959
207508
134870
81605
204784
430553
128874
51061
2636
140
408918
6107
28137
760906
6939
7310
159135
47705
2584
24075
1092
15534
538192
30381
3495
15827
132794
74789
802569
12721
9069
31618
27411
84402
6309
57489
13109
2918
3478
26663
22179
5660
75713
696710
451300
757
420009
17924
22959
617872
283608
30705
26156
16576
76
430
124203
312448
5070
23359
51935
53066
6820
44840
114463
17621
53844
87193
6877
108230
414722
116194
2970
39030
46536
237575
15371
23066
691518
24258
180070
158153
216848
31107
355888
151370
139079
14930
334432
142713
32142
135075
78543
22961
15744
58920
176912
5553
222863
665252
5751
85051
95997
53054
251810
255865
31245
780480
2134
2771
29272
274013
28611
5923
204356
1282
25133
28355
30273
478132
51794
20411
56350
282148
31631
6440
6974
373123
265758
21630
439466
18758
2357
39223
67692
3201
55321
25031
15801
165320
60371
132794
9878
110493
142485
15441
29232
135016
825614
84195
10222
2507
7188
242888
829
5174
136553
23195
33546
592
164161
222805
32314
647
201394
11274
8262
19436
102513
169698
462270
5049
34601
270
19087
184778
184640
138686
728229
195235
151255
80600
30972
2567
24470
33111
195908
28050
102583
174689
43051
137030
463
95977
11929
122525
96502
265724
358363
47642
129
267039
116701
46556
48875
1877
88535
416493
29983
9216
495507
112953
11336
21662
681975
137356
1619
336789
14848
32855
75107
182049
152217
37306
53440
66352
26135
525885
9845
156520
4053
562638
2760
12305
132466
159991
20457
7054
4897
28519
5708
81491
31319
181608
8020
69996
3325
131879
89525
697335
238773
49839
319746
104084
24960
458725
16203
5635
130135
122185
4897
4293
4673
41931
28129
533778
13595
113514
414952
30101
424300
5100
172621
44236
17604
23970
85554
154369
7318
640
312
16390
32188
631404
90337
265117
14033
495489
298457
21793
251101
164031
134308
94454
28186
49363
97644
423916
115799
341851
17623
358295
936
120926
163524
47108
134599
12347
51173
10750
2933
114147
464273
530870
1719
1562
995
478644
8558
248490
44565
568561
36382
6061
9
5582
459344
888306
95069
473995
29819
371358
20227
9845
29810
379927
514
14605
25981
5256
510946
60574
284020
219164
10904
244205
6395
51564
84006
31
101356
31510
136048
631588
131266
5863
3909
28600
281425
26732
489904
9908
80831
224668
27723
34590
467483
197534
61754
352879
1901
18657
420
8633
1835
28038
150052
413109
91137
13663
9450
42940
937
259807
412
152682
24587
6186
290203
8920
13732
5121
551930
365284
175
103656
8169
830
130151
552154
46495
202895
15961
97383
584
39190
164828
137832
885925
327662
278109
63886
21345
19204
158781
151706
76614
20189
89795
29774
6364
276181
87
433997
787262
455945
294
62715
24691
12258
200257
483
99
141453
31144
215650
22841
19675
181385
14867
37717
115092
305699
195737
2289
1289
62699
117059
15666
32700
110864
681093
99299
23819
291940
221029
866601
195064
6525
141742
13081
11592
31976
15162
171
691
67787
23580
13480
197901
50554
386816
103807
11283
966
12809
15754
175053
164
391016
538389
169957
2941
17896
31298
1348
14254
341740
3747
461249
11973
29965
453882
171
150563
44793
14486
8304
17406
31393
166220
166802
69631
217786
137722
225681
231555
76729
178806
72011
19869
118524
3241
22836
103336
384773
375035
101946
62052
30403
195388
110635
136938
131468
60614
4493
553651
513630
42081
8300
56504
134386
93403
26561
516
6837
19551
7306
27630
209054
76713
85995
93063
39405
43341
31133
595346
488650
219209
2562
2233
16768
288003
133248
233788
67973
135273
216606
22719
76595
120773
24162
671182
337228
14120
23214
94294
14792
5043
75072
17717
183377
124816
23737
14003
1336
81629
2659
300263
192539
272958
246
23993
266686
24045
209097
169121
23567
3292
4173
4691
170002
11860
134206
22846
5878
7307
26217
16578
450293
99807
42572
86996
50294
277773
192791
21700
609458
146937
79315
48
253733
39491
29093
47006
197857
307616
16452
14117
16175
106945
213478
43824
205043
502821
5296
11980
4299
25047
50005
81765
171541
329431
25597
88021
286458
214517
147821
155532
63881
14600
7219
29499
256911
22387
41268
98502
233382
6425
192349
8225
201781
90836
235095
5045
64895
153398
135008
169138
13307
175478
59852
128237
11189
110214
54425
29218
29488
977688
35638
381209
5905
2836
16132
129635
573184
14613
27910
14020
194210
26082
57030
197381
17422
62190
805809
17934
3816
102048
119369
4816
2159
74204
500620
147908
423933
636786
207350
177216
569564
10381
156544
254101
646237
44823
31850
6245
454523
31666
7839
18008
9389
6428
493
949617
287751
4110
36430
1846
1432
4906
44250
669817
132078
105202
11485
393133
140
29177
25456
390402
3018
9021
14645
68986
236667
9096
10298
349803
2784
798998
110847
23275
600
410
198491
17020
51477
28531
40284
256483
207301
103745
19218
15775
62473
964872
2033
5883
29887
9463
63229
32193
536370
61701
188093
59761
27144
289082
241725
20009
49681
530339
26627
471368
31548
82401
295366
40406
25095
566242
156906
22325
29043
617451
43429
626997
26106
133836
5335
426085
48607
15915
9874
45026
9725
380377
4060
47498
111485
233
180864
23251
155665
507356
7429
175160
735420
289859
92643
481584
96888
126462
97150
1477
697
242748
325171
310841
40122
110429
256991
102446
123195
18736
76605
264243
618
12338
308432
4
28291
210258
6943
57528
378152
556991
5012
3415
106490
53045
14342
5
1568
145582
316722
298506
101895
3350
71448
278074
14415
116001
109864
201084
30995
539
5329
30641
16335
28343
26196
136150
46479
17554
30540
78768
9427
32344
35508
48851
124641
8449
44595
19710
118512
50305
1594
58709
20242
16353
13356
132801
24322
3208
46507
27248
23861
14475
133957
103467
59829
9578
12365
143677
553892
24230
27025
9783
624
333878
30229
48162
30077
407946
865052
10662
208773
107104
886575
351197
185286
28105
13132
9456
233249
9289
60354
228594
23277
42805
55111
30705
2849
94000
12957
15667
89495
19716
14803
257
2959
112420
8735
21877
81512
112233
656299
1798
103337
17562
121079
10659
32502
45815
195255
145094
126697
16830
20763
206625
167222
77094
1871
5810
888
185576
235387
114659
9839
19462
839237
239863
1860
14248
14184
255481
629666
499598
8460
23979
167173
245417
198432
11321
18570
240025
5170
157501
22612
11099
4405
6767
38163
16215
684899
523
3686
83677
57881
418623
125148
4830
24767
521757
12600
6328
17444
2077
1172
830258
234241
22385
10092
436828
277
9230
5279
23081
1434
2678
138132
172458
71
14713
203924
180311
434621
712512
200268
44229
3096
8829
465371
5773
34362
36519
772755
481794
30978
1474
11587
73421
106954
107601
78267
30529
17154
501465
22596
12148
140333
2408
105509
17788
22007
5981
634169
86506
11019
551216
19280
261931
18315
299184
489052
30115
26818
1372
587132
132009
62587
538646
479699
533284
95168
147187
8517
1162
47219
1409
28
296830
78971
105375
644148
10240
21453
3453
7464
102788
292031
19644
9811
47405
27864
11842
4855
4260
51631
30908
23125
25325
524780
4032
12302
571248
148264
15028
105182
27736
275407
27872
12466
10954
256477
8234
751205
32229
19163
13121
185724
4137
3508
93500
264
468
195949
2896
86153
15071
293193
20456
277977
289302
136096
29219
16957
223003
34117
5755
209064
3442
24247
52154
45447
15195
753765
521753
744702
31430
25566
113634
584022
9374
15798
241472
35164
121265
23974
10441
27029
42036
62311
688540
403289
1019
3078
123577
401101
15130
18560
291496
331740
35529
86933
49145
350520
19112
39883
3771
26864
9726
66300
80536
129559
28073
109249
236989
78828
93317
493857
133790
289533
343366
14774
4028
324204
356852
51331
150720
147449
32429
93296
387548
115112
79115
111036
427926
195907
430855
16566
52810
55997
497114
9388
26361
203512
15910
30321
3374
7042
215531
6487
253723
21508
9301
85555
139274
4259
17175
528637
49900
3848
115511
171273
747768
103649
3052
4666
365103
380596
3772
277002
15226
254502
99375
36109
37850
2086
82361
35339
308
420767
149386
129907
53877
197159
72194
1355
27960
144730
86649
171337
30508
28350
110971
172091
189147
24048
30994
60965
67245
103054
77138
377277
283371
96473
21335
92515
245984
131023
8609
18722
21418
26050
68977
604376
529142
54448
47503
465645
5868
17
6811
250554
24683
104516
2274
26338
31071
22138
130711
11398
9429
31636
2503
243237
4472
3256
24028
32001
20936
20773
856491
31418
808
16120
30649
116491
15037
40178
539130
4902
29221
2337
35618
5158
8963
23394
78293
17467
62788
14841
294606
2356
25860
4375
46173
419832
314466
21536
30819
12619
72699
11841
82813
26095
5845
37436
31403
545037
283181
462577
77153
23684
186976
26181
7689
604651
63300
284599
69198
7592
5463
82878
12451
21294
210805
42115
440249
6564
168094
643167
15339
260038
7071
18640
600281
157557
88847
277116
34442
229607
639370
343994
56464
37366
733893
2511
3703
261927
23327
78483
11469
140173
183796
166627
4083
240066
278
78257
69783
200363
6535
734155
240822
19917
14308
16659
36968
187694
43841
159229
91922
58699
30972
436323
17415
1347
14511
26847
31661
8419
48839
19018
280586
22535
746802
6709
15096
32286
23956
2001
19381
27150
203197
19278
30283
144250
14701
100260
12028
514386
16645
11067
7721
829
17892
107104
954
5148
117491
270141
18631
316733
1967
8663
13874
97219
43342
66071
367667
3606
3047
484501
22849
3965
123922
11340
27117
219663
151370
16543
63593
224319
26933
137596
144410
301890
10988
14413
257460
25675
54379
123117
95653
224629
17026
14886
142428
376959
29253
53754
6728
646378
4119
85658
924263
475814
28304
24611
2117
99948
7002
19449
124331
10354
10417
11413
832136
6086
231320
7901
433867
359328
673504
31905
1248
26771
359406
7694
654444
8371
113646
13092
5828
575865
9591
522283
19748
170207
