2194
229033
767
14548
81561
217461
8672
11514
99100
9108
4911
14810
11788
179149
87755
54441
404
98647
15862
29996
16754
30725
9196
37703
9054
17680
577554
151676
17172
8528
3909
91841
1298
238416
23433
23023
240316
22974
18784
598
50757
12218
212323
26212
287965
4279
373999
48226
9528
193884
248780
1236
164684
456894
21441
77048
2185
904
733806
312801
8311
210413
259594
245033
280123
146282
10824
208044
31529
214521
5780
71990
9807
935
12113
1520
5071
94270
304198
26609
93233
12698
67620
34525
57148
514
11379
29858
10191
1059
62402
237602
304657
137551
16295
147153
7790
393703
25575
131751
11730
4804
14517
6188
24455
225417
24083
31145
76197
2816
433713
11637
26496
12631
37221
64929
921
159333
51805
16974
24490
912
119047
11246
39145
68658
41523
57417
4997
49311
292897
98587
3060
573892
36453
31559
38931
254350
175767
54729
433302
65218
7020
320188
527099
1751
346792
9549
238146
84229
27168
38862
3069
555790
180522
35774
692984
184220
233704
23586
205025
88827
30110
313309
950458
23229
142888
16574
435854
110243
6498
1489
494654
430779
235506
3806
17647
16962
1698
29324
6389
352992
26005
55590
795910
579457
39993
59556
71823
142604
117853
119293
107678
5925
31836
5007
681020
332474
129479
29131
92144
23326
7644
122813
277322
392444
68276
10773
90495
7994
16909
162182
6392
59211
16189
80733
109699
273747
82181
25525
4757
310034
295434
6962
3589
7014
164967
24153
179988
28955
322
16086
778888
357
106630
31660
371903
496928
571252
40564
25165
31909
428998
13080
16657
3136
141463
300933
24942
2020
7398
2183
12694
443564
69156
5447
57880
95358
29540
19708
324509
19692
23560
2734
15077
92841
270637
14748
189842
105203
448876
91690
506
59521
9842
6395
116
40272
198399
63952
48162
75119
69333
27214
398531
21524
114968
158829
161041
201070
72380
655947
344375
17114
169767
12933
35989
422783
439889
527774
42680
29778
17349
2522
656633
190021
140702
86624
23501
23798
18019
218772
11694
367299
12184
5395
1294
30934
10144
22887
20918
39919
227915
91991
145828
897
122362
135449
22479
25174
110022
35018
26059
360587
4380
83270
11202
742387
14459
5566
382640
179910
333359
8943
86752
28461
306849
8899
23219
72818
194170
8487
4916
286736
19893
2522
18493
120925
218020
229565
8985
251746
55470
175166
11575
31771
273
300302
76756
393273
101409
175389
8267
10942
217641
30502
31032
9716
15183
51180
20786
188424
21700
71325
12918
36015
147349
14617
228465
250930
34064
655643
1682
73531
240327
23251
19192
123682
140880
883
346919
260726
73494
157941
104661
246028
468623
189800
392214
855820
2658
37145
46476
22521
340878
26235
392404
241475
61529
312158
397319
2693
30564
63247
570200
22188
36931
18197
5878
175057
14135
119521
7308
43915
9241
232520
269669
28692
213480
85809
9029
52138
9989
142941
759213
26484
44251
148591
798761
3322
8437
168925
203658
39909
260697
17813
698215
4937
45789
133945
34351
112646
25634
91583
62540
3802
4710
24046
208092
357
435727
1883
27925
42976
308500
175832
134312
453
141096
18031
401623
46531
530660
147629
47563
13559
13984
389559
1707
116951
140704
120072
198922
91
45726
31166
413831
10173
272976
592376
1408
305740
30996
8442
31562
22708
826184
2443
2568
29645
15578
2480
6739
10375
609331
26538
260126
497924
3045
246339
3897
154418
40119
29873
53016
350464
35527
9185
50012
74935
18083
9420
131345
139950
77686
528508
35926
32554
5239
12395
138274
298226
3564
3685
88913
15265
25684
31734
1859
26215
49245
53828
1667
13711
21880
393834
83278
4640
597308
185689
42873
26327
40968
10294
739665
6296
21360
4898
1807
16347
109122
40421
274445
4735
183456
392619
149306
66136
1760
59021
18944
375514
9850
41053
286288
4811
33269
311619
421135
173924
31458
21548
10895
10456
39017
555
39897
194054
649740
36817
525564
25267
5657
4514
7123
4594
13497
14558
241682
11105
4105
4113
366855
347335
49489
14937
22087
28030
310674
242548
134695
701068
22141
16848
103722
1740
29767
19888
89463
48396
104
111473
5275
8294
5355
31258
83351
172855
299227
489449
14773
38043
55325
93569
11342
15291
859243
151528
947
15170
39259
250256
9258
76706
794
18012
25215
15468
89881
18782
199
8564
21786
766290
790927
76083
8720
5795
194610
284094
36982
26568
11495
6871
504
112267
11138
2695
24053
17416
175828
7900
61660
211236
21570
24098
535199
7906
22844
34844
20435
1724
14034
181495
304991
216290
30414
17149
120965
85447
27695
7385
36790
72262
54990
865423
102214
75291
4063
2944
28600
113406
12228
14410
337967
23436
5546
1572
104610
74193
180788
1245
4479
19813
82984
53053
82855
30952
167372
140
619024
82182
295301
23755
28104
445722
376166
536143
26492
412054
54328
33474
416291
33863
13041
10028
11001
19075
8131
134071
212003
40258
167420
8305
1910
52078
30045
63949
306564
61601
37399
382402
89235
87525
406790
438393
1661
75850
262884
9736
23488
113002
353266
27256
15806
346057
214087
56881
299315
5717
720
450242
11593
27046
23684
373331
173644
229241
14681
159062
168
181981
27664
137901
15018
17091
156191
301177
77090
5643
33528
32047
8674
75521
10393
105758
284394
537047
244358
13392
15139
133195
12779
251550
61561
302226
540203
155989
31272
129696
305568
5967
28555
114026
69643
158942
187171
218579
4970
234471
2213
38027
11596
12832
24609
75820
790
239669
4890
367131
8692
16925
167913
148189
126266
259595
48368
294018
356108
178745
215331
21449
17275
21078
79460
18212
22425
683468
19787
226867
36151
18863
110726
10226
16600
5529
17499
439524
42123
16291
146452
22403
2049
137206
17154
17829
46614
20764
12985
569487
208739
259090
14123
27183
689615
312337
310087
109178
168282
13127
327780
393708
124429
39388
59225
16383
112820
19432
126691
26704
46471
7365
23924
86690
721287
52440
11538
105617
238315
36597
315536
391956
22043
25194
35189
20243
196417
209824
19129
23137
83605
188975
62373
6366
263344
2050
91
569492
149073
123
26975
4390
5484
17091
528167
25606
21483
33645
593372
947
491328
200126
48683
3019
323904
1999
652307
293001
202088
8508
210236
39898
230007
70228
260580
144874
517975
8788
147109
55168
97431
686442
121345
491609
467988
304883
1046
620414
52312
370
3401
5698
17251
350202
983
77523
422048
2412
73618
430134
8898
46218
29216
49019
249789
335041
538694
63900
215541
389
80441
72928
10313
11925
19474
43187
547
57208
164390
71458
11579
6429
8762
564294
17936
237985
390462
354308
14958
1172
16118
28158
2440
24765
1979
3317
38300
5018
13554
196801
805
34574
3534
46802
142808
8123
852778
83291
48610
26776
1098
676942
5233
67229
50497
24000
30569
17601
16061
10207
471
21858
371257
282254
949
120168
12854
7725
2994
93007
85664
543857
10343
3247
21207
122988
97304
111688
20671
11981
153047
59308
287736
3360
34960
24698
146279
9969
61871
11079
425
277
25266
57337
86889
60544
24175
32903
387932
132861
662198
93603
51350
30316
455103
278
30894
104570
39319
263564
39511
21958
372758
16294
426330
18960
3810
519078
252627
626172
29311
29200
381008
284923
157412
8856
16373
316018
80109
218863
261108
95842
22641
25104
427518
352019
300870
717151
394719
684250
24717
357369
14373
91699
777901
26833
172307
18919
2366
127778
109513
23531
31824
22718
26646
72930
561028
83613
44659
11741
94094
92133
16377
4899
466653
5260
1975
163151
60346
49474
1938
171591
140961
32882
195912
26295
28101
150601
13349
27245
25169
66334
43247
16248
878314
22596
73582
8184
7659
109477
251540
35075
546
1220
236962
32628
24478
472105
210584
128371
6161
63182
352393
170734
609
44874
24941
124
1941
27080
26478
23842
39201
9296
6169
618
317828
464761
80489
71207
29562
188252
14648
13554
488170
69971
85749
162137
8181
96856
4546
3230
133897
3616
6668
630431
20836
27087
50504
28400
25438
116720
8187
5993
65627
24170
454
83830
74153
146638
364906
127740
277503
21309
23558
22968
197058
19914
15979
45505
8009
9756
80662
289928
188581
30738
8679
65180
494774
9605
57403
18900
24040
184770
92300
40765
200532
2626
566490
27505
41190
58731
398304
18468
182728
131069
4143
27554
106028
54975
3730
6500
5619
30604
626673
16752
17592
631992
4008
58662
2739
398061
104074
18489
2636
454760
3147
5716
7530
1486
172039
4150
317877
75826
202064
134099
9745
15639
11828
31019
2046
499801
147894
115720
9679
322882
211586
71666
197875
187358
338
2165
7055
268695
4636
37164
8118
801
24574
555637
380993
385833
120672
45907
228211
405581
49482
639666
5197
267540
47625
29479
440979
51001
6663
5081
37619
14289
34295
136770
76288
59291
214833
225266
1822
16266
67228
648531
41687
188835
246755
16468
59111
136188
17406
9975
154506
2923
77016
27043
8343
4032
42014
126
30160
29696
945
390481
11743
23543
156286
17035
137471
18962
482891
70657
69979
746
3541
7805
225478
12894
24233
6310
10072
226239
170262
4703
243779
51286
18028
697534
2123
165901
12583
24777
362055
1258
615337
5957
23505
63580
295259
1549
367100
866
25392
199063
206064
739389
272320
411280
160246
34384
269132
37523
49950
227172
186010
202132
234255
32817
342455
258929
714492
6242
12150
20895
23797
51530
9435
125349
5472
118894
345
12235
887470
350369
31562
12
100387
151277
17599
11523
6841
1984
686
362232
257445
493522
4312
944199
32755
148709
58788
1015
316447
28169
39614
17916
5999
16227
17473
288903
18173
4763
3292
719623
18646
349026
416354
366522
132809
1586
340369
53925
46991
15042
50262
30895
728
10574
6472
798
419205
30943
65935
402166
93384
16908
145784
850
624787
144066
161309
118
223876
257818
39901
95906
207178
3591
580
7956
6327
391458
9363
79173
30199
26080
455539
12064
4083
171225
776271
712805
10509
186723
472356
110966
423243
85726
33178
88371
51132
81867
295580
18079
64614
70150
6889
971
4363
244970
5173
9143
100174
14413
92624
369976
11694
5525
510538
377774
25458
248810
1417
11417
6112
20887
4776
17478
48101
14836
565493
6639
6192
9170
162855
4560
337
420788
21032
42498
293600
41043
139960
149472
152429
7887
349137
29300
69621
650
39869
264123
5914
1200
493072
10695
3196
249362
140568
274009
104640
1015
392641
123109
659
130053
417491
451339
580604
242100
4817
484682
9588
18936
3674
5937
148678
5858
193102
11678
5639
32972
307616
106334
4639
55724
111360
17829
29478
722772
10323
21138
5964
39164
32573
44067
18507
26730
230512
1706
509063
226073
21836
3668
117404
3692
301
4791
147686
7665
21238
54516
36859
14746
476024
110143
14404
15280
5480
71913
164936
145659
429769
27126
2512
4133
33538
335845
21829
115282
12487
422437
17015
195326
262282
93777
8206
323327
74962
986
463307
42968
74154
523587
20940
23011
30867
25677
6360
13938
1667
7793
529540
25361
21030
22974
30395
61664
27587
2626
548592
67757
44267
9056
66410
9514
2767
4346
11092
7042
199034
103996
182088
22524
147329
21277
10013
139250
611769
82636
268349
98574
9569
19332
964
269929
171867
13138
143144
16024
517227
236030
1341
51184
11824
31205
8813
45356
232213
27309
274945
182036
20480
206462
155114
27471
415306
171655
113082
13580
539326
9968
8443
315090
1840
24876
91838
124142
10274
512841
365576
183565
143419
129859
606951
214244
12255
579424
431461
13112
9028
215162
7279
5072
38797
61279
580346
457240
268028
201
136870
22235
3481
19979
124574
179645
46187
29570
905585
45165
306999
29165
314
6850
93670
22763
226005
16602
56657
3546
288261
4724
31599
21379
9405
61567
13920
67527
468326
427581
45916
599422
140705
2198
68116
217951
4820
15633
217607
62272
69953
9658
68052
20279
32307
319852
20250
284382
843
5187
31356
597165
66620
344424
301290
22686
18926
157262
33129
39156
369
271725
4960
13007
355
28442
26464
6960
142
278195
75097
12018
9119
577300
261974
530022
145584
2312
2946
351306
219032
27170
15606
27559
20264
20725
809829
2224
30488
89967
574915
4364
11267
245119
228544
29611
303332
543
60004
192990
5176
12664
645515
85068
323510
24792
1375
16218
284870
174031
67283
44972
48170
300488
13500
674
834
9973
683074
216
10242
115407
83011
565688
14779
6218
271071
22695
20286
467126
306217
19333
1326
116091
68588
197105
132710
6022
8487
68569
30398
69208
258523
691
129672
40470
132464
454322
110247
58538
36064
25532
32399
35868
22440
152626
24359
45149
307445
5848
14533
85214
4929
9170
28676
32708
28780
27341
18145
2838
169265
270374
15101
1391
14386
69196
4737
142572
8641
283813
173684
71141
7362
20812
14392
526356
122549
124
11806
630796
276446
2838
14657
164480
96104
17327
20039
101811
8291
2990
99286
78629
86792
31969
227633
368557
493150
5283
14622
18787
65240
51326
204464
66731
110098
30552
1024
671
31274
427495
85981
4842
334144
82413
5933
2245
484176
78717
97636
27815
418414
77629
624841
10583
652439
770486
1006
105239
68983
298167
1057
78125
34282
12471
39800
17360
228329
262
20303
135869
319983
4369
4037
27107
61392
693
121875
374102
4045
93090
20027
17098
152116
257601
7753
449
161184
76112
72605
421992
91938
105791
16458
12176
12554
230188
336
343362
102627
289846
139311
6483
489469
435945
2550
15308
17404
28394
600813
231275
451
18152
647
37
32569
22397
52143
202372
2696
44833
84236
23111
184323
363488
83523
17850
132549
24636
49459
262968
29812
111065
26871
8750
31040
3422
23817
219862
398796
13881
20481
4726
18335
11038
3695
10684
89577
264202
32751
27699
25294
25473
166755
215608
1963
2578
25593
45609
23648
21900
483589
5220
113854
290249
6153
18769
25757
61827
209013
13363
26324
11902
145373
91261
22985
19135
12501
10169
106
717474
126556
189034
63243
471876
146930
22954
92887
11246
234019
142493
429182
324779
16491
323376
3531
156961
283913
12063
8625
29524
5811
26290
2913
3951
19360
862793
258690
348392
7963
280454
12100
9373
26791
17546
20457
255437
12047
13107
15382
231971
14247
112533
2444
302830
253641
46593
4122
6090
28609
669884
345476
133427
211670
31424
3955
194
130488
142355
8972
99186
100416
24672
27093
121984
18746
3807
103966
28189
20587
129182
186178
738429
153
13402
69356
14463
11468
632996
805370
14990
237933
120245
26702
32554
1611
14634
438071
10488
25534
76047
9731
5589
19761
7692
127506
68341
144025
94177
33124
20209
191547
119221
328237
98282
22735
399087
191616
12498
11511
24979
1076
199698
18585
13223
8452
246191
101754
159904
778
176905
11206
31444
22417
169479
86
2522
53629
234660
23375
6805
43456
8390
178703
263490
86073
316956
19574
34595
7863
188059
32
419784
828325
18349
56292
36187
799204
391641
30538
86274
142102
309112
858397
75813
77649
249619
380380
29704
1829
672983
161159
35846
225198
148143
131996
17732
4966
3786
23932
33173
4236
33655
202433
741
128239
75280
24427
92
30980
19375
511785
88386
200173
74039
588847
70724
27277
64154
22094
29428
184313
141525
46256
17191
31845
78921
8261
132788
27678
87350
15581
17384
295487
418996
369579
1964
304054
5550
523510
65917
1523
50118
12434
23191
217603
32172
69795
217460
34485
9619
453
9074
351045
183320
201650
31742
26548
142454
220394
2361
18746
379859
504034
168004
188711
31271
23407
14092
42397
21160
5145
48388
27483
45063
138088
18796
127070
18609
375735
26747
38686
3653
85302
110999
470077
222498
1608
20141
11396
28911
13844
4610
11638
7261
6794
424
184583
51084
9463
31242
12161
144167
14657
31180
16710
333200
26234
385473
169526
251071
128849
63006
11627
29643
5968
4706
6466
14386
819634
112241
51108
64257
17339
486767
2285
157770
27879
4328
58996
8002
312825
22007
191821
118732
1653
18926
1320
29428
10090
402889
139142
48093
17003
677
363
19799
227888
17079
357527
523113
37156
17072
2553
8874
530294
73134
53733
225928
341746
164845
716987
260923
121752
104016
4001
18827
14541
43664
96065
15709
656
253160
488316
3306
6554
278441
150611
145727
3306
30784
31197
4443
7604
372499
26052
20006
8100
32880
139607
320023
20295
17227
466021
59346
355703
185628
257421
352928
474869
724564
359069
2420
746186
129421
209
218483
25428
73013
61451
29228
7959
56744
244937
2013
244615
179823
23615
27749
8860
85400
43825
530110
128747
230767
10424
29320
985757
16
408618
169027
354008
260
11582
293559
203420
183101
130709
41725
18547
48147
235527
26685
26643
294397
183160
4380
46211
217359
170226
11874
367552
13418
115870
184843
598222
201594
10337
21380
190960
28229
428319
29699
131916
4313
18169
505302
14478
13150
56690
12842
114671
338490
289941
123032
12530
22270
157252
4067
33537
34446
114873
56309
85206
308050
280911
15221
110345
240212
269448
970
149787
4688
32721
305546
23020
162505
65481
38874
394649
92916
157490
38034
855435
55880
19606
1989
21589
119923
28577
386676
1645
19682
15510
46123
294904
1719
3483
40813
27849
77886
15863
76488
75446
31487
32450
140959
291349
473952
21409
507338
16594
29406
453273
75471
12065
14566
375929
32322
582754
68824
18898
32105
21273
399134
3764
209783
98649
89704
11766
420784
98
34593
447987
906804
202724
12653
424
133674
605548
11186
23827
173378
14501
357542
221893
276524
158429
5064
12327
19181
1108
26410
189683
19837
51238
11014
3015
4587
29219
122277
1055
79266
207147
462536
9535
9115
215275
405373
259088
717149
24090
148467
5261
8392
57262
16099
17088
294590
73867
343870
4281
962
57929
257174
183586
133954
7439
22018
20323
87092
35226
9697
284754
96992
10149
26547
2585
40535
355122
313091
178992
219369
27011
15130
377473
3075
69001
382245
17253
28453
18041
149431
77038
9218
167841
19382
1835
3472
187893
24370
54946
29868
123217
15073
21151
48458
458329
23787
73798
8865
182838
288740
50849
350451
119018
770209
288453
4698
144676
5433
243839
5480
505212
364626
35956
321546
386
134877
5336
152780
333866
13293
9240
21912
7962
129379
257247
10261
285328
139192
19254
250816
23188
30993
28500
288
412722
64002
46460
18103
6097
463976
1459
28963
71220
109868
12204
6485
53613
160246
120046
420939
26434
175188
86305
116865
2120
126256
138243
102358
19098
46116
2272
40147
122578
70736
90581
426
11850
649
430466
16803
264158
173805
51214
216201
355673
290798
10949
1689
200007
23012
288418
89100
22753
50447
22669
10485
582546
560143
51515
17910
296
423290
7407
13741
83532
9313
1837
62298
426863
12428
51496
155597
46351
4316
613790
7461
31321
198803
32236
11453
252348
213109
138387
15087
102712
21043
111
29242
637925
18884
87644
500827
152417
191216
34630
42058
252816
17650
189214
180395
192
547224
8856
15418
55439
120684
275232
22514
88233
16362
57545
23535
8520
20437
3359
425710
83487
25890
708099
93887
56226
13558
288273
1660
261959
417041
941
413568
897812
143489
311098
4068
71653
201
292
333149
212430
80412
164114
12990
253
6435
155057
145627
27555
207283
202753
164040
502436
30332
5281
172276
87004
267637
325520
151
42942
54179
91965
180313
485763
5533
939
102639
17877
369281
128773
20587
26812
27940
399711
559214
11054
18221
28765
188522
654662
183810
31695
48870
6207
206328
9824
401730
145125
1728
16404
40425
23851
408696
86979
1099
63572
381559
190480
10986
18891
106929
85377
12471
4631
260729
6857
12174
134416
2720
444080
84356
30490
7667
306100
13745
8877
90218
78826
31767
24753
545
26203
45459
50070
958
28475
6253
14785
6622
13923
8852
839753
8402
157043
11442
306998
36503
112200
58284
138267
246613
8413
27575
274610
52526
358130
114751
73986
4752
92250
11998
1657
59563
820387
23521
111938
233682
172652
43080
5886
2176
198643
92899
198088
116651
257708
14851
266662
81519
503
85489
12821
262600
551258
1386
23931
740284
454274
321779
156096
22504
11387
12258
316344
3133
23846
2211
13956
29604
18898
84595
83417
90345
22515
22913
313655
307195
280709
306003
5407
8671
374015
452037
519617
1130
128028
59300
21067
297088
27721
15212
762586
38806
38217
143135
560
30792
280
1767
20898
8235
149268
22188
16466
25770
705829
419572
166629
324707
1022
17663
17232
2055
14959
81063
14441
216415
6132
19866
431079
30543
10133
11329
44102
2793
645978
226779
19302
702983
215263
68027
42443
79547
204419
194314
22236
317381
21737
12973
288935
11339
35511
448169
19381
330870
24536
50366
274671
22559
284001
1883
67379
168102
215600
125449
53206
37776
9355
8503
17197
7248
24045
51379
169801
348030
492636
25987
907073
4804
2913
11049
96185
14426
677
145164
300006
52730
22208
250259
13878
50456
36293
380076
25790
11612
21603
278600
42326
41320
2242
9415
255743
460
408700
1877
144164
165509
74674
38787
93442
10542
25895
304403
40945
304783
424526
9898
17948
22509
18510
757
328041
404425
72288
2336
18625
4105
278987
541047
27782
23815
20695
72067
408976
200491
7041
14883
19646
42245
527179
80268
219537
39847
16227
3135
5256
21046
293654
17209
76418
8
4353
27966
452117
144302
332936
400899
164612
152198
104756
122339
5508
1198
73301
109767
38808
132198
324665
60
37590
18182
132689
3754
23014
5673
47273
205736
4453
96995
45089
172809
533781
214590
12463
19292
15238
338
96828
5752
170433
6470
1806
265924
15604
563948
168648
16954
467103
286472
127088
277085
69262
762161
3318
20846
71402
12413
12997
8826
3360
287423
845774
9445
16788
404767
7395
31511
1623
29467
553200
48296
439578
3090
37899
244211
887458
213106
61417
12545
13127
1375
685565
69454
291581
227077
321407
121479
50550
21846
77798
30010
82254
13851
129524
31359
37213
329875
138052
9328
59938
23390
6201
19893
145759
682608
378
140445
14455
6103
24018
24987
663045
17052
271169
112563
22610
388700
57584
747
8090
132525
4572
29493
324774
621115
5751
211964
17138
83785
205288
3006
137207
2790
539025
26013
162524
40064
283338
24307
274596
5164
83130
58876
106247
795087
125225
16301
423891
26454
473006
13275
29078
4670
35238
76516
42402
150299
1602
2958
5394
6333
186970
21647
98561
24297
25873
10261
57405
186679
209287
3729
30092
38122
31029
164985
10290
85587
17285
212320
242
3203
17134
13489
121927
3768
105347
5178
16641
225070
46656
607
221942
9350
19744
140251
286430
27339
7716
20123
31392
22452
15656
463245
126631
507
72030
64027
368428
126438
2129
13139
15918
22823
2663
3710
726414
551
396371
486940
198317
39510
276354
44591
433063
458517
12544
17659
30858
98761
236961
186427
3052
113889
172288
32328
10591
54885
18818
5261
73827
1193
164046
192144
78622
8550
323721
280757
185653
276260
421986
30249
355525
14932
21538
459467
13459
29744
24658
30436
31033
670411
384382
547769
132727
43569
145361
9369
10909
25693
801888
529481
609197
241590
119422
526013
135686
31915
279011
8412
59916
165241
17602
42066
5540
9409
48854
1877
92462
95316
920
280403
16
805459
8639
234873
30288
5435
7883
27854
1494
5125
44555
25977
547112
34770
130562
65167
10421
22365
243373
63661
429363
54638
717262
647859
463055
65640
3904
157791
498026
396
1219
60542
37644
276733
166415
197976
11891
2215
150762
107390
37476
16827
54238
951132
203670
2470
143810
59011
53867
135698
300104
18344
7562
47381
318219
59678
88845
16542
24510
874
73646
11
78893
409587
111100
166698
178450
11377
395932
13551
510052
68446
157150
170621
2570
99843
55583
26708
18434
808020
35917
5711
111015
67759
21213
122646
330820
646730
13281
29202
504955
59420
24624
525990
16983
143216
33832
347960
23915
3465
17855
131510
1587
48897
173066
5685
516424
96601
8462
32431
44
176130
2586
558
145401
6018
26173
14692
120049
67923
284369
213165
160973
587617
60169
30760
5457
412657
4731
29704
105004
29353
16828
4733
493646
48110
24975
38206
10563
328951
62893
14146
5817
97453
158444
4418
616886
295222
7966
2319
23228
245
88018
36965
22688
65462
536392
181771
12622
15546
5693
164078
6157
7425
15906
131863
6019
17570
4012
127737
20020
20840
96120
23371
6840
22174
3158
139750
38745
111925
200567
39410
77301
155544
83
38347
20117
494463
5473
61790
157073
5053
85561
24375
473653
360702
912
34517
1799
421836
4156
24121
199347
58745
114651
49195
142872
63706
338762
620946
22052
10319
7271
52370
1090
28475
19723
938080
10626
70509
120443
446191
210051
7308
84454
375
398060
1395
46414
161087
36487
12997
416
29723
293957
61859
99210
358051
25506
17653
241291
775102
25269
129692
276559
27665
186845
242909
660739
73398
219126
26001
31492
138436
12919
99974
485056
33871
99877
203881
267506
29186
29177
3588
31349
433082
96333
41242
7933
74159
226167
261411
10283
46993
3458
30424
133303
34193
29802
79946
5616
13195
51134
8165
384353
23535
21696
3484
171028
170413
222218
85787
298773
2834
23798
14982
124326
31169
10391
149081
255353
13000
194899
71129
3696
15301
12249
40551
15318
27041
16021
12271
24062
247522
5660
318013
30917
21501
51654
8870
34243
1474
389348
955
44264
50944
9941
71310
12208
121147
5416
483367
1931
374531
458698
229237
230012
264100
26829
309016
288532
131281
145863
652
18674
19420
656
71273
5926
5143
10654
19202
138670
61333
19138
281984
942
63803
29888
81471
258323
781
10787
17100
86473
132021
44647
329974
34148
388765
6745
30660
150785
256682
623368
24583
11026
163254
26745
170098
414379
8772
51834
21823
141807
545349
4199
85177
290
10767
94195
192305
734106
93275
39568
161346
12682
44798
227625
5906
23579
82055
46729
4530
83026
34092
533109
47111
5564
21460
4193
10621
36060
408859
403718
207532
265521
20526
1279
96001
17235
3580
7257
3759
888990
35901
54257
227175
85137
480066
22769
31102
21077
13519
461460
860
1232
283403
139478
15286
11831
415497
9251
4365
18881
940
6861
19358
14149
17691
65945
66785
11108
451250
276911
178549
6236
222168
31425
99539
18676
15535
232098
19666
3115
50693
18426
646561
30112
232320
10056
111353
70343
21690
3155
1424
3433
73346
26460
11879
241140
23352
322318
27286
20488
9265
42020
29214
68191
10983
25625
65840
6611
39022
244258
64
225945
15699
7352
3772
80891
167565
22832
57622
177535
66966
50621
490
12228
2936
121007
25019
288237
29866
3423
61713
152506
19247
45687
320331
372204
169307
24181
177876
12388
90257
12987
999
3494
169366
275289
248031
165692
21932
372426
339258
7807
746
53041
47454
132524
113236
205874
480942
592727
508
7085
2351
22997
88394
62648
17425
26821
555573
45299
24909
4562
14642
45511
4110
22558
11511
73417
147279
46515
8673
10353
124551
711976
21030
724720
154147
4331
6301
81485
847771
31147
83758
471040
322764
163418
65227
24421
33353
244164
71169
13063
11563
171105
11861
4884
189248
30697
307722
30986
46747
16650
11424
653670
4340
167412
83022
21512
127012
671494
10485
254082
26632
550377
570
819
371785
377529
191909
395802
61117
223216
376809
406
309831
24538
109289
1326
24327
483
4000
5255
249943
176505
3252
527
101607
455712
1861
183951
8749
9568
99015
31662
2122
24576
11951
5972
267093
29386
29754
259706
473784
58029
21345
22376
60664
12934
49533
17692
26044
20218
10128
766312
60436
18305
191798
6257
62006
422
1875
58890
7864
50479
9972
10068
29273
14246
24158
387512
117016
5996
7418
51605
494472
17396
3172
3693
19214
124268
38050
173014
22873
2376
10064
25887
86943
2397
547644
38256
1069
292186
30861
12415
4325
91917
46311
65224
380216
78830
74797
105174
18286
471620
607390
15501
205579
27231
211762
180223
18553
201747
310697
374521
67554
3045
61726
175063
241448
171671
61933
3529
141360
222053
994
3230
323091
180379
480841
27342
31712
16518
6055
66569
4793
107811
15422
813
4681
15594
41514
24919
88085
171609
80543
154721
141495
280769
91463
21723
28136
322593
9150
533299
63770
390465
26264
63647
5348
8139
36014
18792
20586
629566
106781
14206
72989
52150
794
242314
5479
148400
77239
25670
82177
90662
225361
445234
13792
85662
15032
118144
402518
38435
30415
7077
54153
61790
5174
13874
33550
310409
114197
289981
220331
17636
28617
1296
3664
679420
10128
2955
71632
58074
3674
11396
18195
75470
2600
37195
13011
2924
189104
1606
98704
8227
197187
6795
175938
25540
31078
6197
4339
135556
21756
476299
10914
21345
32200
23770
146721
10237
14506
31823
386868
14873
28054
142763
15395
4316
219405
1272
22197
4171
8259
202974
286561
1527
69901
30788
145796
39292
5751
2023
124220
15704
18300
138074
23026
26196
246994
154152
76798
404431
192733
67267
19135
21491
280330
282814
4805
2647
45328
1756
72392
235410
33261
20582
396389
16227
23893
27491
9089
6521
124268
18881
67643
3035
32113
398083
9896
21733
73726
353484
813037
8878
2364
55893
159916
3384
101597
29029
87145
79537
31901
217571
726215
299646
70193
12396
44676
152329
251853
337052
17747
21061
132158
1209
14403
126627
464
169480
105826
358069
116385
133414
196611
18808
240872
151473
117481
13403
18390
68471
44938
18859
20081
22799
52820
5401
5809
3517
58877
124272
165172
1092
8299
142524
165952
71416
195439
5386
390055
16184
49046
125280
212496
6496
15754
144011
143268
24708
13595
14949
4442
19882
115407
126993
130780
18252
39680
433061
179943
14311
52425
20852
574551
49432
30080
606777
46203
101626
16183
17978
739589
55626
22682
247612
12562
62339
310947
10144
487829
25117
299679
130370
94979
2985
230873
67482
22864
93679
368730
115476
27466
29749
273301
1083
519708
2719
106836
160515
8959
137471
1217
236640
4503
426174
22182
1278
136379
499
19959
21527
26767
44138
30521
42636
270111
8411
150129
19844
308543
11837
280244
137873
290602
17613
30385
18374
517935
8464
91201
339
1649
244271
294058
165330
663344
27268
21908
49170
105218
12456
467981
24961
36430
256856
75046
173401
325870
12128
3075
4397
20462
4001
76386
161757
212506
25617
134628
926
630
21398
105321
4496
1311
13109
30781
43137
622830
30672
219958
14510
26090
15015
167708
3817
11648
36049
113452
24375
531231
31436
315243
280149
27569
2425
191219
12881
7362
35757
5472
3603
684
114679
363481
560481
44215
5917
30943
18416
408469
40416
836329
285600
22848
582
73174
25574
60130
15007
3203
728379
26120
13842
154393
79730
24044
145293
2701
503089
5873
20602
7249
123946
306
3135
24509
68851
8090
66264
29053
301092
31781
166232
394122
13704
41504
66633
1205
950
16587
3539
116452
16985
16586
55503
62906
18418
69011
31435
118422
687399
141804
83965
2376
28858
21473
45
17910
351668
318210
29633
459508
50591
288979
147273
137910
186056
522611
23206
128712
26763
15740
21577
579203
58474
47878
900
4372
109892
25002
25809
222512
254250
95943
10266
18108
10693
2818
44602
277759
8287
11240
16628
147006
16991
147060
325807
93249
38505
13985
15971
5707
647418
12304
242063
17869
687321
5072
362589
221484
107319
282484
144530
9943
363265
1290
351940
185962
24819
421424
8738
63115
404385
104753
505170
11837
75228
177232
42038
2980
141096
4396
6090
27984
77550
426723
387191
17916
86492
607
19591
554256
23573
30826
27329
659205
110977
567152
581097
14429
24132
346593
83222
5067
2334
2090
7213
709
16446
12838
36887
13217
65
6008
250118
279238
7850
402
452989
16328
20659
172336
282888
78
121864
13198
54121
56676
32456
7908
12718
183331
65295
8323
20444
90623
31241
11075
3084
16505
151
20649
709794
13277
145469
80937
128098
13113
217753
29434
147086
2941
59728
296398
269469
23256
4816
32619
74016
31985
164040
11748
126240
22673
1513
28092
78834
1260
233892
5797
75125
613616
11021
2122
17408
206471
16646
2247
12835
65172
177574
54787
19910
58543
60449
2753
13386
62534
263742
37641
37574
4785
84602
115928
312134
11608
25732
17758
2981
15662
6288
9628
321274
554888
235806
111291
5268
15361
3910
165064
311527
79721
121813
5961
256005
46630
503040
8059
4370
257307
17787
5101
5846
31487
481578
6779
306723
132
16057
25548
24618
8793
124053
80769
10776
798631
82228
283327
33359
5349
345967
27540
18959
389673
22629
52707
26043
20907
207475
112404
35699
32625
21122
12693
26116
21931
893068
111496
24063
47751
8085
65843
203464
136744
10000
17414
329464
99295
221803
99620
21721
37152
454765
499407
23360
349
2620
16069
97190
62393
214799
14913
897
145
88980
323463
166055
20193
291164
215934
24877
39713
584801
421
164874
5381
241430
208641
251220
7013
86530
186446
6816
225397
143615
26896
192781
91003
