5460
335744
761
16580
6084
91132
30411
5333
114592
73820
15690
111274
270106
24341
64902
43314
68328
20296
15829
87157
247121
155586
228727
246235
169944
163
174491
595100
13115
57190
5946
319383
494087
18646
310088
35249
37579
657
189295
457296
712501
30345
19332
244767
68897
170138
15568
9651
95688
125696
3376
413618
329035
70406
296
49756
15459
183141
33873
22918
25909
6034
452002
9193
17377
11856
118057
42228
43196
780180
4091
229003
126994
184482
114557
956
9048
209688
119409
264276
373039
11385
102401
208534
17796
28841
12360
220
19346
152690
18163
102112
195157
95056
43038
51718
134648
248105
717
84666
78439
151713
125324
129978
8670
18305
5319
231977
6095
7977
57324
106957
25157
157160
14710
182248
26443
9527
7697
12786
424385
15614
165412
51126
195114
101765
18293
3388
3152
31182
27847
808691
219428
27384
540882
50407
52231
252247
19614
14163
6345
8982
360212
4832
134259
18648
158882
1670
97268
10557
50
81775
38009
8147
465
47435
7183
302303
20087
23357
10116
424820
11159
215074
31548
324833
535250
59885
10828
44984
10356
415889
327963
60199
11711
5054
15043
24189
10262
390130
336688
162647
278
5311
15560
114
581825
78807
104751
32387
25009
1543
1815
80790
188010
325224
12812
30829
45648
341110
14731
70619
195043
299841
786
3673
5490
809175
360115
82028
94725
118959
111875
15335
10786
125444
30809
46643
126002
326879
3882
84377
7942
82108
207957
29778
69684
5087
11883
1876
3826
690730
28581
18414
169618
165666
427338
78275
2824
12943
36597
13893
131682
2965
8667
273011
20301
78284
61435
61108
14318
23786
223
182248
189150
2433
35761
16429
15385
25773
189157
170316
20957
216190
7333
725
9715
52503
65510
16454
1830
63028
16309
186383
150808
13692
157178
550326
3918
582392
94489
82047
162807
960
34663
12622
784
82757
68569
15109
9648
4037
98187
104222
55653
234381
8269
71933
47451
12089
156360
923
532715
82886
34384
3544
1614
518214
140226
2428
97287
4511
681
149149
235124
513792
104279
122228
40181
20767
319576
26811
341749
28454
158152
185279
282423
19869
25758
926
10814
228973
55497
15419
6440
656182
19736
24947
122935
404
142292
364
208390
464401
9622
10905
7092
14620
485606
448842
153577
26284
30219
16779
103677
20731
173754
11400
209936
347754
1254
70219
377
119711
3741
11228
15691
40425
159520
11164
28261
90707
123864
58540
365801
30817
10457
179982
136594
23786
1694
14500
7399
766009
44563
12355
85695
193596
52681
7097
7783
24926
10805
3016
3042
1316
16826
16985
27249
30291
9791
305738
7856
185365
5218
4360
26255
218541
58574
49460
33904
489802
2170
161276
308222
15928
7523
4584
285398
261
139142
1245
97230
1143
104280
1404
25688
133603
102443
242583
18334
88632
573795
158335
135669
14853
21492
2471
18263
31279
39592
13775
710447
707
323415
195941
20034
4552
341217
328274
31044
154463
71715
225678
10029
4583
541161
327166
532306
114792
129135
58705
707
97675
5159
9711
20868
20256
17304
273247
105353
16906
27129
132789
355962
13416
158801
330598
4776
499750
155624
115277
11830
101150
6800
2611
64830
52756
5583
3626
30649
5390
29870
24886
14190
27473
117295
65755
252794
95764
16185
29285
78917
157152
19500
295124
37637
527581
40050
122337
52434
314326
5966
512153
22307
5984
197976
31497
32475
31209
1175
4594
47364
7066
446
63116
3215
16677
60915
163134
28384
130960
287597
3904
55818
232828
424
743366
177306
64107
38478
8228
28805
2419
174365
702409
166665
3993
239674
20296
2041
29363
573751
170682
666349
28102
65732
24966
22412
551983
389073
31673
32685
390167
21356
58762
67477
18573
52364
157252
10378
280977
299600
38244
71477
599
9199
32555
20109
23602
50063
135801
4716
7625
387284
286802
286978
228321
141825
6579
24269
36384
344573
26832
10399
392285
9500
24224
71756
202443
408581
9918
46140
22497
12916
17041
313432
151932
574927
108481
618
5196
332316
736
259408
255984
24825
185488
434963
16451
64706
67850
55462
456447
72961
268554
119530
214839
41783
2852
9083
97176
404691
152151
68822
8827
137586
79227
48544
126992
581
668693
15369
171321
52703
27726
181403
15250
485731
9186
387202
126545
361857
167180
193805
494804
1589
471
149871
2318
20739
562544
11206
337019
26936
28347
6350
28913
562
20686
64057
187552
52941
5861
32188
26014
16164
51821
214523
850
128902
171095
63812
3296
14651
300243
5511
23815
196111
23654
154067
29354
109042
8935
16191
14581
30316
66576
200942
387084
95974
55955
2280
211871
201604
51287
295386
504480
351409
25686
11150
27525
180075
30275
4166
5470
22831
27144
116126
126485
93055
1971
68267
54221
16840
144109
3846
458370
6094
505793
26558
43572
387141
509409
21233
40366
24355
52030
10507
12235
21998
69151
91858
59816
16558
39876
128709
670445
60622
290
22283
137901
8242
126221
4406
203799
67707
10268
286521
16934
7181
6117
19
44031
3644
136716
537253
344055
81641
76072
13516
213730
131587
199234
4567
197582
6178
26594
55197
105706
22919
289743
134620
3666
64426
9198
25252
73667
161006
786898
379958
764071
8996
131285
630
9464
124963
29341
71639
3510
93481
91043
326554
12350
6908
104502
109677
9379
32002
17395
96466
388299
97754
574631
1385
243688
4826
486755
73699
157225
33073
106692
16289
10850
7471
375193
232282
42314
18014
78600
13016
8646
7239
146287
18636
14854
29125
97774
1913
600227
6916
199349
277697
3725
896025
31521
360112
602
32581
4232
9703
100656
4002
77763
755
416705
290199
75962
388026
171162
368434
37967
128351
17493
57165
278925
5997
13968
10773
670817
62629
22875
28806
5805
66139
8850
124828
261546
4066
817
57397
312155
38795
47452
159510
25423
17167
19615
146767
458880
12617
123841
6281
437915
99290
290781
143603
28297
71459
77739
55282
11447
31591
8292
7286
579
403852
6741
28484
6791
21392
23944
227704
6974
456860
76705
279818
10682
176596
79919
135777
122691
481863
25676
366543
10579
20041
157444
4375
389469
5380
68601
14198
711506
2530
743120
433869
357630
624
137031
71997
115260
10163
78121
828625
11223
176564
25013
185893
322944
497156
117109
251985
175113
94384
522782
101842
1015
23449
106109
14302
49639
23409
135745
160560
151187
30700
12478
408863
132940
19143
82663
413613
502438
225854
12624
372360
19415
187292
75254
63940
9198
44838
80541
16570
23276
7985
107271
112708
9821
20414
30557
79151
2463
296205
187440
563075
36189
40971
31600
65822
193126
69441
3122
8527
614017
8279
12180
72648
79342
654148
183
59724
12392
5330
285298
69546
603
142526
20965
25629
29322
10337
12524
18559
29078
24916
404960
18284
6907
96666
209697
877562
13810
1790
4611
22913
655145
110905
2967
95745
8471
219379
54776
8929
94768
26503
336569
22642
3799
60824
121202
365533
66163
123389
132692
22341
135
16119
245311
17538
11621
261064
65475
414122
569357
341820
9899
18771
238039
202371
12185
249365
4615
364401
55277
156377
91368
193203
2377
99011
132529
30852
184517
16090
7804
16982
361002
91212
11141
75531
22374
23486
45979
56424
147560
87941
3122
205140
322396
2071
23507
804
264864
99381
11333
141549
5862
9591
473838
3398
77994
145222
102475
20257
6592
166556
17006
10964
346392
31493
306
233436
7699
760437
342919
90257
247110
295545
64536
29143
77758
302250
19543
182595
8659
141718
193938
145830
15144
33023
81949
86806
22199
43449
2691
64607
161325
9053
6921
21650
159812
419339
32705
222161
190519
71188
135695
7450
4880
30285
63510
131088
95274
22728
398240
124053
117140
91690
826
110533
13336
30651
134408
470311
15230
289998
14945
45610
16276
281719
29264
184169
85113
99174
290266
6492
15119
23862
124995
91246
477225
6154
26765
770203
5693
202136
6241
472667
73671
518520
4024
1477
11664
84808
26498
1301
374911
46227
3530
95612
87864
1818
45518
429335
20937
134116
4614
299635
150730
2794
18525
953
219492
60282
62478
52525
9772
898
103753
16411
246
295651
551611
25439
157702
125429
438738
117358
22582
104661
9850
13565
17598
10465
210640
9408
700724
10896
324027
60266
49676
25343
224142
249297
367281
507645
18634
1420
8108
318144
41576
12246
13977
1625
241784
11930
894223
24661
24350
558725
3966
544985
55070
11943
297966
26485
30349
917
531294
7507
18325
137115
10011
607560
19970
507143
24717
732470
6105
582003
5705
273517
394558
389610
30613
616261
28945
20408
279883
29872
3741
40792
18261
22499
702
812
41399
171260
91186
33684
144716
253045
165029
314602
55685
266
29114
26483
49111
16688
104
20482
3772
66122
117689
22006
26055
9481
27430
29759
4463
10163
173498
32802
747
9583
622912
127747
9608
390304
2543
158359
13049
26591
63343
32143
1533
237782
451305
140437
195030
182794
364
148527
336612
17417
245341
733367
4810
16708
2293
21052
9491
121783
3175
2720
12314
168421
118196
29166
18713
4493
273395
400947
27604
35048
103875
126639
7420
65145
44463
26760
516550
13952
159304
4250
157450
126299
125694
3968
662750
1689
526803
17627
237869
192606
13298
6549
24230
112928
65814
89599
68928
56007
77411
97013
4900
23
100941
29879
30405
23741
159904
109292
25233
93
2620
140635
137518
234317
374961
296930
139750
6000
270098
1999
327
8620
14349
9353
342833
40735
1194
1507
73755
1383
246028
24272
20429
123914
30977
9533
176467
11303
121714
679805
16902
17562
233961
76227
2378
48563
23651
283215
20244
173906
126857
24430
116921
31302
22910
164806
15765
389392
165039
17218
54634
16507
317265
45250
13759
14487
151796
53229
5061
30299
23605
21658
28438
16873
20586
108801
25931
1015
6495
27637
139992
5642
754304
23933
20131
616047
105319
308074
135689
47871
1490
70317
1825
10684
65902
482343
60520
18344
136186
550408
183282
1611
232389
15300
95687
547
21005
18387
234234
275082
17545
450597
6021
3189
22473
28035
161633
16753
25029
2307
189287
5891
9801
228374
25630
2559
99743
67581
1704
1593
555
294211
216988
27714
40389
8892
131604
43912
2937
31973
85445
20378
23626
23310
76724
65100
430091
26888
185119
18677
128525
3151
10865
12984
168549
23091
497945
467946
55012
14631
13261
98677
10365
144417
231
97102
16092
1291
42113
17882
92863
11260
78148
1839
261633
14474
4357
31980
27501
806264
128281
121198
8376
14123
41535
7931
618402
109082
157110
132812
60992
1128
306955
34144
15464
22144
490732
47913
2435
404143
53172
6539
186827
9042
382452
6635
12527
1181
149876
51896
30070
176680
6687
67752
4412
18378
121027
21653
11498
1737
77075
37654
141561
17768
288007
9112
13214
125345
4287
631606
835155
31472
3148
3095
259236
112350
64913
4973
52263
120438
47407
185158
10463
26741
249
230577
1784
222141
13984
13884
54738
5705
132550
2547
453944
91889
195181
121641
274826
17445
4225
26572
15459
20695
8426
14542
27073
15213
660818
4078
427961
155921
190403
63467
88351
51253
10515
212705
411228
13180
11233
29510
16653
82263
43329
37740
92030
9621
199991
147684
30688
238549
17897
213390
8096
47198
51873
70227
79068
872
26539
323747
110748
22164
29965
15736
12545
332405
18274
133982
199046
12190
413522
51983
467945
24255
6827
23566
80756
26769
154950
362511
21774
81098
17145
426562
510103
135402
7006
25445
157473
450270
2762
745711
30966
7412
7328
13382
3191
599
374572
131252
5412
21075
334300
257809
209410
3060
23582
13930
150621
12543
170671
4945
23916
98265
95128
360886
51626
149256
15710
54276
67532
113614
21146
27201
23921
72251
10078
10035
288935
115571
18444
286903
387122
28838
28839
662275
245591
48689
6587
30631
135458
450
124775
100149
166905
19459
960
495193
17072
4950
399816
280546
24180
41263
5987
10878
30312
1475
289216
268793
500
100764
7010
173056
550649
463118
3984
183308
32623
164698
586503
6310
23749
13835
75361
67346
147634
5137
122252
273580
200493
73931
21595
38143
75781
22895
245350
276856
206621
22504
21538
193199
3471
43073
149590
775125
21026
25815
168744
12697
5077
1535
32077
193420
178273
322580
24795
6320
54261
47073
21242
343834
13273
8620
332146
5913
408378
16649
396821
22344
98067
2256
86532
734774
17727
745964
184231
15756
5199
9722
368117
595681
79535
16186
12448
26189
252829
38594
23031
88235
22444
77836
53844
166
505837
29980
431661
64247
21522
4258
4672
81525
18006
272708
453312
34666
60117
69293
31980
56678
110586
474889
428824
10715
141714
139169
76342
590978
538
543
342765
191743
11253
116145
3769
127801
23688
5241
4273
15961
318422
60489
303
3995
750152
28256
673013
54403
224629
22391
16218
655
14033
1574
32059
20656
474722
500987
14164
115428
11550
4204
704389
13434
689195
97061
1010
19042
48850
23803
251586
3330
173049
327611
236319
4478
16938
6981
345634
21413
30784
136144
407955
38697
126308
166390
575234
17355
31532
160609
190446
17952
153859
911326
402638
23858
75454
131001
23238
44211
334380
26752
198494
30385
478756
53280
3448
465467
14582
373399
227748
4805
99570
23569
68496
27719
40908
362944
110116
10094
269904
159917
148380
152676
37113
20935
8796
493954
40873
59629
333383
9078
5426
57034
34196
74458
16783
12002
9810
123979
387602
21409
896
306962
152248
169628
6627
2854
85043
17208
43991
319141
212949
12339
9590
260783
44258
396439
11933
1689
70292
167734
57218
78417
236821
3916
29862
11574
14715
107420
24901
208356
173460
427153
17770
7539
367770
11840
83600
322084
96188
4711
3499
60239
1839
47668
44308
16995
117821
245180
26863
31548
2020
858
187233
16051
305086
698945
805
25952
146233
308467
8340
32666
37995
424474
88999
25457
19716
19031
163833
420903
2099
4571
15605
4855
176314
222081
84885
17812
24189
15156
42740
4802
62404
3942
4670
149656
22901
19125
25958
32767
3892
119106
238477
1469
279774
414708
30228
115427
17951
262391
10076
228087
132449
7471
231394
25373
167500
4385
6978
325667
22024
10205
315094
165354
427110
32400
19959
537860
105128
26380
23303
29241
46705
10159
26754
23436
260387
196563
13297
329211
29
49843
37018
10655
28898
17354
187001
70393
4058
229719
311807
18200
4363
115256
539
13650
112537
767000
89202
418314
418524
3169
19019
79148
24803
25788
344963
99418
330030
155300
477040
75082
11635
6412
113932
27908
108626
74318
197101
535123
6255
112120
30397
410622
143611
27946
2238
72556
455480
28302
90846
14236
68358
108624
134622
190430
882123
204026
23773
245291
832
168903
44086
999
471625
225598
2590
26340
76840
21753
1192
2631
6214
176017
5947
147891
7683
202478
255254
143792
29413
19735
105046
64780
365
340273
432992
13414
1203
64056
387088
19927
536703
2617
14529
87009
25120
69265
19921
7516
104442
32475
26330
94704
71266
46032
4602
134954
38006
118992
497459
88969
8689
183255
74654
536
3234
232981
29083
245307
9979
210143
51426
293243
21125
10305
542477
72137
10034
48598
197701
13898
291413
199575
177572
28900
105353
5209
345007
42114
85003
43757
30886
7586
185231
912846
31877
5034
227136
654066
17929
13349
54521
113886
24613
20879
557800
107585
439460
48808
366002
16
23269
38551
32874
226443
364335
230674
59401
26680
20888
8915
72167
86382
72627
11452
31062
526916
190519
224938
30046
33611
108878
369772
35648
50303
835394
240309
7159
2794
411
46033
74428
24630
194530
541913
45324
81276
18641
3505
28043
84362
55479
104203
352295
80189
111757
3326
27665
7786
19266
146556
108743
28367
355324
571609
283408
1399
47396
2137
20775
415143
122101
25756
263755
30884
16949
147762
31786
155963
53193
165298
4474
13614
72035
81974
429008
7877
6576
131835
10664
124054
176423
593111
8720
25112
286495
197885
2995
158992
32543
510935
3543
21277
14924
2694
20674
13664
13164
265509
5161
92438
387258
415871
30663
72
6564
24000
25664
68
55100
100307
21014
267431
406334
351146
241215
1010
27246
40
541476
16821
303038
303258
130018
12358
29203
43164
12385
34299
6245
30473
69655
306122
7326
3650
8430
109442
449473
8597
387918
4165
74371
184634
32875
42366
8943
33803
8983
68218
9332
3335
10081
181122
8171
21479
434074
10626
14168
81900
18692
414621
11634
65326
655
83067
22167
187240
160496
131579
764897
199388
319
102625
269890
89325
27389
617058
4335
43362
68059
20013
15540
231447
23135
1314
14772
70183
228930
26153
62825
17982
445798
76210
62331
23944
781803
21550
4398
161556
14086
18889
31588
24245
176837
26072
475688
23563
18059
425749
122305
13505
434997
169380
18995
18380
189679
450223
129950
35397
127
3281
9835
62338
17610
271017
5588
85178
49719
397251
307726
82361
134106
122316
405712
182380
6091
15282
4925
123108
242914
8034
12013
8446
430
10302
26375
27419
489963
7865
684079
15135
259703
9053
136557
114760
19696
13768
479966
14132
2850
2698
162325
913652
32161
41283
30580
473
284620
5961
533801
46651
72244
23206
12963
94881
106339
12173
28124
26373
13413
25818
277706
11993
281349
7889
8930
45628
2879
3309
161004
15636
3964
163619
267423
2852
460930
484754
7580
662938
173904
378005
31266
2428
22549
268094
20962
32046
11814
100007
141050
6436
430833
19781
143772
627
72612
54454
186
16661
5317
110384
6293
831
49861
165226
10866
8243
26219
89107
110645
93733
45151
67438
1710
37628
3609
38389
41992
29599
424688
229747
551715
36246
127121
7525
142651
8176
21473
289412
8279
81967
3836
402
26367
10034
58625
64169
430313
252195
41234
203217
14282
185358
46472
38299
120237
114010
38803
31235
3155
49873
20556
29884
66065
15935
221314
568098
128149
130514
8920
99788
31723
5732
4054
95296
28345
53048
111510
377757
8856
56253
70504
18674
13816
94071
69771
3055
227608
24219
356523
8686
151068
16000
14643
30099
13741
22045
345777
41673
25701
24597
64351
199980
74813
27865
39364
46229
4757
51891
252598
364965
22916
113814
123011
11382
3747
8215
119931
145629
32104
150081
42087
4029
309297
1264
13549
32153
76913
83562
5638
52652
1408
132276
287417
29528
2654
215439
3515
505
470
24985
20540
5058
14153
22234
131550
28268
394306
110422
11081
46556
124603
11929
112994
66066
22271
95867
69446
57115
66704
99404
111902
238867
610793
803642
79937
285090
305786
11614
51233
150968
20213
13699
4000
32928
310754
3237
15294
32338
4224
91831
100963
1725
31680
271146
59943
247009
144337
36871
44495
247699
20923
26175
688385
15646
7307
6291
87295
1573
31587
269258
10026
17055
35375
98046
113438
493819
106818
21774
90468
346887
48590
22272
15521
16584
433902
13988
93524
834803
44780
6943
101557
240
389063
197452
2807
113458
4440
184719
418251
1195
27179
2675
395237
408198
119786
652601
400952
214972
85198
12178
37882
450555
21990
21411
34532
94234
425914
41709
27324
340037
29250
27894
206659
381683
264641
16098
166642
432087
19456
6441
1631
13626
268576
261018
9563
6135
11477
96585
102381
68720
15778
265862
387978
9534
86414
55518
50330
25342
8057
2383
67866
18858
49923
239858
159212
79282
239573
5297
301278
77550
223953
10709
12107
123512
73166
34716
730490
10503
21988
47555
141087
1380
229669
1597
23502
21728
43033
19742
175745
279874
18644
372
248480
23883
3429
829775
46896
11176
194
212405
776839
69208
27466
40849
89760
187472
157752
32333
97691
11251
9366
302268
12434
198937
39391
532672
5069
68202
29664
179631
8725
152609
31556
56161
1038
3598
358795
5771
4616
7216
13089
636551
14977
421
523344
285642
9936
167855
30131
328807
46790
185
426794
32731
494752
30692
28094
44033
97
10565
260391
20361
26430
5976
352469
465390
396065
9961
20124
4954
45891
116044
250699
376516
17549
325
27975
15417
33107
67426
7843
113107
1
14414
445927
21714
26527
31435
288284
79195
61160
950008
957208
23669
160189
19907
281504
61947
12597
17241
112801
15576
153407
278199
51680
460916
11071
29198
247251
229839
2396
141747
16871
22775
255384
408707
322016
71207
22078
92274
2315
681
98533
95204
107843
45331
4975
171452
11268
132805
106018
68762
730746
3466
7673
378424
32799
11375
43327
24927
13255
418861
22173
32461
28796
7049
28254
22466
392870
877
578
3769
125748
9127
52234
102842
32957
562
50259
88287
2965
9612
275501
559561
23799
209
184923
1246
21131
60678
46187
31024
17800
16552
26848
18902
17103
30563
23330
255443
13442
8339
458361
102779
8600
32221
11383
7086
297900
338
8658
2031
67699
32210
500
110687
371518
371619
254205
173278
382619
28905
705506
11505
83171
20625
251694
779971
275604
225752
27180
79071
29343
54752
221477
166359
61175
206327
7060
256156
494314
25038
41904
55878
217430
131840
106836
23122
5061
25002
407625
30053
71986
130246
21812
22169
516603
252238
17551
10388
115571
65625
23859
408837
149670
550407
16965
11387
19237
4695
22559
31990
70728
18506
796
249837
67350
11940
24059
83435
142923
33
32171
13386
333125
14063
21788
43795
62231
76616
304921
8578
120363
121874
11499
3265
17569
16470
18773
55521
50338
32199
83334
75935
176915
66292
40143
56541
28408
251828
92916
656787
111918
129786
23731
10414
372760
18200
659942
6527
169184
31618
35967
175533
16604
47385
24364
17684
46311
1396
66
175290
13071
49101
477788
2405
12649
40750
26812
138347
31483
177541
460951
1912
14861
625
399537
28606
13472
30330
326441
24619
134068
343347
140664
621303
473247
31036
98
155082
50034
4420
1751
18331
193284
25608
182
6120
302505
160263
18745
41805
3300
5623
4830
9853
464063
520233
23842
265683
61218
147839
839069
670
61237
479
58624
215255
313683
72930
21294
19471
7541
99212
10391
12118
202137
15727
75298
11463
445328
4139
166
46441
8686
324756
51886
2125
496687
97208
142682
780
648237
14443
1311
18667
11476
832686
16016
35766
128299
17165
679285
89007
66694
30585
614411
722143
24189
115019
99984
135188
8849
1288
27035
579293
66123
491917
79629
30342
37093
17551
30700
32993
187166
13065
16541
22909
12094
22149
11162
126818
11960
146888
11773
19122
84496
56391
50892
240091
7753
5122
16109
864
30205
77462
18127
148922
20027
62793
527062
212684
17386
58284
83916
188208
24364
93667
242728
12843
14031
79247
158047
28924
197
13405
134074
4484
270182
92574
8300
6830
11554
164910
3892
222660
120092
9630
5694
265930
27599
71352
21165
32378
11906
21064
430606
539346
8434
1247
9055
200535
14760
35553
1150
28302
124256
8956
232464
67713
302646
14954
58542
45308
148209
148713
29258
517
163683
58404
6253
118519
8070
315905
306
170410
62792
29227
30881
19375
212114
5453
364608
88624
71857
16841
420442
30958
1356
102628
192171
13007
214196
13202
2703
908510
122837
36220
296373
202568
51399
85370
100111
8
21508
115201
119043
94416
2271
38322
4429
186995
18545
225861
133
1006
152820
946
499458
421620
510384
175781
110559
374712
76549
264856
89401
3944
129646
574675
9090
26694
39954
232522
890
16218
8733
1416
183701
19663
31013
448681
46438
194366
102355
23786
323352
474941
30790
7104
26989
83665
233568
8751
269645
232311
87730
5995
466598
177552
813349
13699
126785
21279
7382
112777
241466
71550
222495
456593
14802
2859
2905
1510
642071
152631
23735
5525
140645
286554
29304
2197
533
31952
23837
3741
33122
7561
15724
85485
228897
12984
339589
260755
9947
298431
27108
36080
94418
67267
203320
178987
18113
6141
135170
65286
1440
16429
30236
419299
355645
6720
64607
20180
28542
3289
1811
375721
142311
13847
22585
439000
140005
3194
15572
209198
2552
166506
37188
7463
37110
111787
378870
15580
505544
19086
15101
2978
19994
7437
311416
5755
18555
260841
64563
411256
90316
135035
2239
870
610986
344048
1042
11593
238709
370885
50092
2199
31125
127306
82869
18796
15178
110205
53761
405049
30481
76457
5530
45887
145239
182410
11377
13441
116575
105485
503104
304789
528267
214392
329095
40866
47531
15816
129565
7356
127973
14078
9991
10846
138468
1622
146890
123528
33537
5329
84918
463498
137773
82308
24716
273232
11786
48306
13206
128459
171
19633
621201
10866
22073
380004
42905
8092
359612
181856
5140
23437
9630
67050
22344
1135
7248
188599
81871
801
54473
26591
144500
559218
17834
58726
198605
10881
9699
200760
436507
228228
76310
1220
169617
120437
31598
57908
2355
91615
28628
12825
18551
129536
26541
6222
9306
336990
26997
28222
159450
6498
225692
140145
480861
7619
13638
4738
2066
35508
5513
350858
20349
13814
308398
21910
14837
6860
1674
9550
131773
50
295815
6371
56786
709713
17177
51200
15
15198
40564
98364
29328
25907
247422
139480
97944
23686
827
63272
189170
181636
26613
87994
544
129442
280796
597840
158969
200591
111197
4483
185690
89414
18554
115225
22668
289482
705
1949
5113
16409
42782
22021
19154
800469
93837
151785
12835
16279
17401
891
12744
4837
26717
326641
1130
364163
27370
718
28054
93973
711046
34586
116629
495234
19249
29658
140314
6850
415753
35419
104428
2197
36582
119372
12781
87656
446601
287570
13770
25026
350899
52371
84184
14563
227804
968
2077
146775
449182
19261
18117
49967
88417
194835
57825
5944
9632
8203
30463
162087
345622
5053
12875
33035
104565
422885
261305
20808
376370
732981
29174
19138
28664
23956
84451
4284
17485
83728
323313
497901
20687
23380
36866
27692
17318
53678
59413
530861
62761
4494
180530
8166
99925
426890
924
95449
600
217609
54147
124352
107280
79270
8873
264533
326486
127392
14193
45817
118703
1236
19815
85536
5155
31640
82085
28506
636865
1663
115775
5854
84554
512526
288220
9229
22409
275475
40844
13019
341599
255607
16647
3337
85530
46072
1111
30401
1252
31808
313963
28610
347257
1402
60357
7851
213594
142573
205201
10927
32202
304416
17899
221388
36587
5189
5550
89
72598
201410
43224
109519
23213
21527
3569
663034
10766
140836
32719
13363
25348
146661
80909
99995
1084
3865
358473
152599
7208
10999
22692
109465
8081
72697
434671
4350
255451
307239
27877
151410
173229
765883
67157
8284
297207
171431
308758
29975
157497
94125
69353
244045
1164
91128
99164
281426
6016
289971
538757
548621
31955
7530
3125
22576
621295
134758
9433
20137
205542
58489
352162
6946
620656
123028
355129
374020
30109
457457
449174
53518
71828
17844
11235
52852
92395
143183
317915
452455
12459
92310
11277
17849
2328
244111
21335
95046
266423
8138
172768
10201
194483
114592
21379
102240
561455
322386
300836
16103
69344
38872
277092
10135
15128
65366
72102
22535
12901
315746
97865
194677
26130
90399
23892
23776
9969
21942
867
15043
18555
17756
686373
18273
23267
29588
155199
315989
121665
414847
5939
709232
432101
2451
11033
29783
120179
87133
225160
4827
201153
173602
169654
141361
46882
155113
40875
488511
16647
27141
2409
198300
254456
18479
1386
42251
7808
99865
23874
32054
73003
5818
77507
74486
77052
90
5128
237438
169414
20794
5082
22403
5415
29406
26158
3801
87017
27485
30450
56733
10846
26221
47706
137395
7887
2337
4505
58963
245486
47900
18900
12199
25669
6915
260866
56755
4411
34608
30514
20836
27944
261854
64468
7843
900
32442
7089
842
10023
20532
43128
26197
8993
38303
599064
127820
20866
24144
164972
9457
21235
40447
170220
1800
325876
238976
16757
117501
25089
20283
13684
11651
185754
286519
680477
356103
679506
25332
288354
18999
292016
6113
8317
138812
30333
36228
19867
121576
265719
1980
292071
42992
46900
81606
54709
325182
881490
174170
90510
2745
6349
12792
402803
7502
130731
45417
1582
15090
156472
228074
386619
232721
222943
223107
16733
29174
58484
3981
79994
79706
11835
18051
118499
8387
1395
57380
127658
380342
3430
66636
15417
39383
320945
13755
769
298104
32481
578228
15393
24553
415748
12227
256075
5737
25348
305283
45796
24754
38202
21734
6985
16655
10891
18435
210367
105589
45605
160686
9890
359547
5491
27627
217698
20442
192677
47109
27512
60955
107225
29266
352004
9590
28600
111876
291372
127937
716685
46821
418457
303794
76250
318635
269
460156
2929
173645
166069
49376
14308
369303
17972
49324
35980
672185
173902
234242
31353
5507
9141
35818
59980
27552
150435
10562
163018
45615
404611
1982
34323
185466
101616
148904
24719
16560
398674
6683
187833
828606
168668
38704
1100
262267
87792
21726
5927
130558
126506
130190
11301
89423
280038
11502
18879
72533
1227
48507
24263
27684
31415
65096
27572
54626
419645
171323
29628
212750
59606
279112
74287
30623
114799
183646
482656
14262
79594
5749
686344
312546
13255
304723
50451
18190
5579
5207
213489
318437
17811
112514
239682
320406
30264
697480
132254
28315
470254
523294
6274
1436
105318
9649
35083
47535
434
13374
122739
110387
159170
27949
17417
47960
14670
20547
24814
630824
27622
18652
96
31820
44367
41063
7549
228
26799
27069
132759
73152
134689
340884
485214
289458
481912
20825
2043
75634
94175
13129
104584
520
318687
12096
65019
40080
31457
273270
84323
879972
24872
2462
4169
61299
5529
13888
104866
313760
130
33350
215836
734901
6161
255679
84051
5144
527262
362543
35347
72572
23216
25
731456
313304
125
314989
26265
17746
5923
446772
74125
71445
297536
12669
126219
410952
49992
220379
396728
24577
19742
9087
900768
232768
15810
121943
3045
3875
15505
45163
16595
98206
223960
195304
3688
29953
28657
45812
6369
212917
8693
167909
1365
117230
267217
455250
175550
76380
158
21097
484412
287654
17522
717330
67890
1785
169904
50822
193522
612600
2763
27440
6337
9075
147047
30778
48852
244948
129856
30955
54719
107560
208688
10331
2385
72079
25116
15797
177565
24115
9153
402307
388822
12998
13493
1169
9554
215185
18625
7688
52064
21818
226
27687
34552
4257
234282
12647
58694
198628
87330
12215
190629
172806
15891
199491
13690
7528
16017
29264
345627
40805
30752
38786
121752
656228
96510
9909
20457
181255
1996
129357
119701
604744
9536
101036
5707
246564
33873
87443
33615
29748
97795
11311
26532
35408
5459
5279
638187
168414
206760
103734
23401
23702
358190
677843
1485
357006
38111
31753
452902
349132
345523
59056
2951
29468
366923
417164
145703
105027
138405
27656
3208
2599
105722
112689
332285
181597
28843
393
34028
5760
9317
38783
28291
12908
567720
4360
829
89456
66655
18654
3855
80878
171260
11533
27415
114658
39778
454537
6639
99468
415235
48833
6256
26650
280954
26115
8275
25720
133140
23690
236164
3579
3759
809499
17115
19123
18236
104886
5933
5533
35415
157286
30574
5184
102813
45485
53061
7600
98107
10143
163856
55
13274
470243
84129
33106
158671
247806
11221
85634
51646
228171
346708
28104
11052
1097
105960
40101
36221
41831
119561
29728
172440
17921
7435
30413
12849
232412
588672
7255
81030
33010
78991
10922
192628
12215
357857
489819
504675
66911
11673
2084
47917
353080
455172
4355
320346
391857
360487
505479
117
21036
31999
23699
15209
151960
237275
453390
19741
11064
97619
28003
15362
197762
8967
580345
24649
456660
164461
63191
144732
14590
1446
11170
147266
268456
41800
45046
172914
32371
116398
261877
2256
107767
76300
502291
9010
473275
59481
376
36823
94894
13468
86642
12593
593
3057
173604
10270
4924
205318
93631
22637
190580
620481
5460
30239
123700
20945
11890
155339
8312
13712
14185
19608
10994
14547
42771
3511
1525
54511
16835
102402
54494
427943
59197
9880
297757
24022
213
506565
19270
4249
2135
18313
22177
26006
180895
22148
67569
865692
16851
2266
408032
653470
2034
2847
23490
78080
433536
23936
19862
7927
154523
458857
339381
808889
213080
94472
173682
83606
166605
149530
2126
1621
153333
152545
160738
21835
6854
12124
160209
208466
43322
36460
49754
372757
31257
283497
68116
116584
25573
49232
48122
18969
49612
8938
42492
1657
16644
33398
10635
21440
12909
172962
444314
31825
11154
17916
23072
340307
31081
215978
19946
28369
7560
702295
9333
177510
18446
71970
285313
95351
165767
28926
129319
29338
73082
385775
258088
7249
185794
55346
32637
16091
205073
1006
20187
199
28573
2631
11902
4978
530299
6735
7110
17124
304784
4411
172898
12963
41360
222471
20481
23685
1051
16850
206049
28002
478787
501236
334557
262306
104849
12770
121896
234235
23733
51978
8442
535
754230
259384
353101
117143
213197
12297
22293
77488
4312
297014
28715
275097
282022
4492
176302
15532
14804
33902
56861
114347
62709
6677
361020
386844
51079
50401
30801
4370
44331
8873
391460
358682
481796
99134
19932
181222
495661
74795
174260
90509
8202
15055
27316
212370
27546
324687
247890
21912
49516
11204
3495
197264
49783
259845
216118
17185
18726
382
153074
108505
37748
23280
86642
289864
12471
368327
205696
464639
56907
25941
1831
110243
183770
12519
38055
147353
398392
102664
102162
11229
65738
493981
197
64183
435534
631810
25969
103911
462077
282185
16963
114755
907323
23896
807510
306292
6653
57194
27621
32421
578399
1066
588462
204504
18899
576770
23745
14425
26809
342183
23214
258752
23750
17710
129
49243
129835
22123
10562
23950
34952
130237
142367
14166
11504
13240
480230
26585
239189
23117
123087
14100
17219
111412
10848
6774
3933
82283
61111
14246
295621
309365
3346
163701
236318
148022
25060
344353
103548
17966
636709
5386
22829
57205
16142
31867
31943
159445
61383
204435
206619
31063
59953
145583
614242
63010
30943
92663
24886
123901
2139
1257
3950
190700
13273
344326
107721
917
215778
10259
81997
116799
12919
106673
16858
69464
23252
119475
5233
595678
33462
77945
45392
23914
31881
8907
313670
241206
710748
4402
27568
335518
5727
331892
100248
1038
478973
71456
98613
21242
96086
60725
12560
23922
16291
238
2579
31854
273112
189865
55371
445403
102148
24705
235343
766185
21009
28005
9673
921
12946
445612
127702
37113
2317
26686
7524
142719
86200
17138
12494
26182
67391
101490
539588
61596
228663
67967
28995
155219
179839
18364
82576
490444
49119
42239
295666
7543
107370
93292
1671
20431
16933
17268
548092
191695
304015
90761
11566
17249
29440
60480
45625
144903
372293
19498
9831
17327
20117
27816
477092
164293
9133
92650
219724
4341
2613
17844
12673
9223
109949
24742
126598
6702
121845
12515
159746
269638
192716
16432
2732
116335
10299
4356
1074
1519
23847
5941
331931
96335
649926
67696
514871
33088
17473
13637
1986
778280
432386
11975
278476
620904
31574
21751
128494
43051
2540
23557
164157
124459
340174
5815
24858
29004
129354
32477
307437
24337
536114
211415
298616
18087
396267
9179
180182
128
3822
25565
272890
24854
90742
95350
477075
19164
305502
621573
41600
8435
159413
18191
30907
434620
112663
111587
41541
29645
257801
436260
420644
2846
11000
20425
17
580606
20536
377393
251457
21625
1015
4376
148636
2001
21695
82816
46716
267224
100844
539958
37439
335903
53558
11056
467348
555481
479425
32121
61814
13461
8489
10822
733453
69345
12154
187049
79577
2820
64021
4549
188097
193720
70418
99997
16273
151818
336552
21973
10687
494039
5093
76614
40189
548978
125210
551735
114674
23910
170646
428612
4607
564464
3004
183121
120401
8785
328103
277267
132460
705551
13952
22956
100220
467430
8073
31578
29853
30978
28465
23209
17047
124313
37822
280867
17592
31365
950543
54331
20959
776259
623435
17589
106370
46338
1712
642215
292500
332117
143418
36931
5330
68248
201920
25808
89601
173022
3258
590333
565822
76485
40545
353666
5044
851686
25145
32226
35630
23008
369
478097
135333
5442
413199
1973
73744
143421
22700
5157
12643
131125
462434
10035
505438
384231
19348
485
4921
16459
321816
42668
330232
64756
25022
215
266195
336501
20813
20647
17246
106533
135326
17981
21176
224596
20782
606
437265
261513
159943
250467
389020
645709
96511
144785
149570
811806
219024
66261
25159
22441
27386
347258
14124
19904
32656
29245
374479
29551
453431
5414
71269
198675
11368
6298
15922
444754
19130
133700
330136
222443
30310
23793
8834
22481
291577
27291
24985
274460
14643
9922
50316
17129
44815
132037
539273
71740
73789
334
3758
8811
401709
787
16289
193878
51318
2923
11492
81343
632358
41393
27987
28966
20438
221148
19007
106890
8918
8263
28084
32433
1549
72028
56
31459
288699
289082
307995
19163
303984
12020
16757
461920
68284
515883
424
23913
2746
4906
327654
248805
17296
1930
983
370105
215099
1113
151154
51045
8649
233127
13886
370499
658153
26375
165239
282535
15861
111682
32631
16035
28362
449896
37189
28681
13719
10223
531154
2876
174231
14854
409247
38525
1051
14240
614923
64949
6268
659682
146536
6624
11706
104153
7124
128559
196071
311855
6605
1984
38993
16013
15657
31184
18422
2291
65350
366759
15581
98373
271815
11851
80580
302884
10589
13889
2062
544838
172097
7969
13749
139774
761
5146
19250
20004
19754
8060
11211
32342
16354
70
290284
493890
5249
19856
120896
41382
178071
678399
21959
29107
2258
220168
845417
16055
178460
83000
12870
28878
2061
17338
5889
10927
22255
385589
136449
8416
633497
5074
460584
28004
108844
783693
125144
877810
261316
240966
30295
17925
68192
86893
103632
1624
35544
51205
26507
16745
21115
147229
10592
594198
12986
105466
127560
28334
9330
3102
184645
257595
211041
4236
219099
5051
65325
22990
2846
26143
6775
533544
21404
83255
222037
13235
213194
20273
168686
21933
381
403118
529832
24459
26237
220264
29414
30621
6524
8431
27008
7596
202974
31414
292300
3700
23237
8123
123804
24675
242262
36502
25020
204750
24235
453563
129725
449898
14027
122698
106436
54932
76507
2285
29514
37076
203239
291960
272
21538
493317
823408
126586
21845
23675
15535
86896
4212
507742
28076
741957
12314
7359
17978
8603
52599
458384
19784
11518
29034
105834
14553
16849
414660
21755
200563
198060
65331
3323
653545
365767
186234
24569
201156
19855
138534
12437
19848
32617
380488
39126
219345
507272
323763
148049
126756
762941
12122
211378
171406
570814
31533
21927
4322
40536
214751
22717
144279
234071
127080
339427
88802
40157
211386
162
76992
39996
97546
35756
11118
263140
7758
94974
615
34811
15233
215049
36189
142935
275569
718348
24867
31718
298662
229
3979
22157
81161
24636
753913
146564
108206
6668
158830
19286
11387
64269
4335
25831
729004
106449
13672
316926
23495
10895
4329
195038
14704
18215
11493
17220
31137
795253
32935
487264
16374
251
1045
230323
177121
3785
54871
72568
418202
9770
98936
11737
178494
592231
3649
23281
53945
270482
110423
24967
91716
2596
3689
281828
95464
219
8323
194212
4189
253950
752092
513907
7661
30295
1516
16513
230
27044
4099
108037
3866
10066
113082
813703
217339
371349
20300
3752
248191
164151
62640
36743
451
16451
26884
52097
11658
14988
405834
19894
8066
774421
265011
337094
9394
280825
158717
65
680
66736
14512
123872
20693
12293
8846
114973
374
252425
238954
13408
29593
207506
240010
14834
19545
173728
580378
108327
733957
30360
24844
155921
38870
156506
490100
17317
4821
36913
538
20054
79858
11000
169623
10734
39027
3056
10682
30897
610208
270880
15641
399176
388297
23796
19775
5285
10636
286708
22672
75427
799988
22316
397953
112389
69023
184913
42262
29952
228294
7607
26306
223658
737080
340017
15942
107239
12684
233702
10273
288915
17317
144956
13509
8794
9894
25435
28788
6145
29250
18899
88094
28001
1861
106891
61015
16587
711
85589
601672
24246
15986
56333
174055
9422
120119
265357
22475
20011
249167
41295
23148
3739
653830
799
85677
204680
7631
612450
23584
126859
27047
136591
103085
619790
737059
87376
23933
5916
154945
639
31587
253466
426576
118635
15684
15185
8322
148030
448705
854
25558
1709
122162
7339
3825
8886
260509
18496
19124
3490
57382
86228
19309
13615
211876
108584
164829
1267
36336
170960
40
5970
6461
32076
131472
534
140989
2576
20989
7075
99252
23104
109461
27425
1295
21266
202592
41007
334323
14190
27181
187405
310855
86682
51968
31841
147
98938
107221
27875
260470
6069
10835
7450
31128
71642
5212
196353
2258
282
3093
24410
23953
47665
131966
52563
2705
5183
20620
461220
25751
104837
142850
14232
7284
823
26723
11414
52511
291256
441602
3771
13717
116693
169730
355607
605712
31620
12699
146325
384
330781
23812
24961
174589
4880
18734
17176
78604
173015
412001
17665
188266
259495
308705
114832
104645
13713
6597
8313
374425
235260
2890
112807
328757
23893
114778
247353
3271
20080
9236
192876
169594
303214
64843
8871
83032
197089
578495
217985
190926
294012
15430
206501
11137
1758
133303
20714
464028
104641
20656
90704
78122
75801
459646
45455
14389
48307
11263
39961
63866
87797
165174
2045
119960
44225
165545
196259
34715
8500
74923
11438
169702
368156
19737
21517
15973
234907
284926
130964
64301
233972
114600
25549
396802
33983
326479
3526
4656
194449
1720
15170
132114
30160
40637
71599
97470
48250
7410
6082
280431
30341
3177
175089
225090
244307
337114
321295
12861
315198
408356
409424
9176
11045
84490
201327
128096
113359
33631
510544
697267
127979
7084
242486
440199
6634
95371
10399
252188
915
26589
26805
16362
357005
10257
52809
28872
140642
310360
328436
63006
260769
56396
71598
11233
116392
54700
59938
115186
446704
28384
232780
108695
577451
245249
189630
41236
142145
28239
11122
56886
111446
10079
444018
286003
401912
51378
235059
106679
14419
103672
132693
6326
86103
119415
42937
219183
408677
1672
14203
1279
21307
13144
170343
10982
363960
15643
343658
19055
327767
3241
18068
24104
15324
38405
24970
8946
135109
8449
128278
24397
7104
58875
35723
39457
74119
23518
170214
66627
40167
11335
50890
210545
30436
13069
1767
11827
12859
16268
36179
100366
7371
24258
505343
32517
6691
20846
80690
877
435
36034
41906
14181
1775
11900
140033
18217
57919
62911
11289
105298
295908
368213
19083
198281
28231
448224
266413
22325
362996
460005
104
26
3699
5102
1226
5234
15684
86664
25185
163301
290593
726975
198732
47649
8400
681143
184323
337201
76168
108933
6404
9518
76225
22844
916
33870
65321
292224
18519
332073
588603
534108
312082
27175
472
3200
132614
230698
143998
95973
31651
115895
138954
533014
26515
1366
455352
132711
537980
214997
92180
19708
401817
1854
224066
26832
201603
44671
11322
701265
18902
13723
750423
4967
15329
232
1418
94219
4867
116185
97904
8386
21430
18945
218787
20606
172197
23947
26460
212093
667851
327007
28555
303072
238510
49638
33371
15595
6392
2131
13956
79951
118396
442465
209953
93025
14981
21377
9815
11299
3044
16703
437740
28777
7878
97613
171973
2809
1130
5625
63784
36
77843
416495
14940
144833
20713
19390
118888
17740
44382
55539
39505
12766
29461
24045
43908
32242
4733
234495
20782
30466
24137
10644
22851
12711
371416
39006
342255
16317
57397
2353
32394
46652
306582
17475
20448
86713
19822
244709
3905
4307
289014
3350
421214
10194
405419
45111
11330
26973
3402
397978
10237
254509
369451
269166
216946
141734
25360
59265
42326
110485
3592
126788
8694
15598
84448
105963
281743
15726
826246
483855
159643
32582
153141
487955
49568
25783
636
165592
418039
42599
22672
69216
96109
268989
12331
19969
1419
227565
11107
167547
30817
54057
103084
24420
3402
21579
2675
9882
6846
216214
86014
130389
2983
125376
212523
16952
278953
472502
49285
362902
17378
13466
153934
100861
5644
93211
296338
77990
25385
16491
48549
470554
32118
315251
13137
21755
3570
47655
3278
29173
22585
536734
11933
1922
37517
68408
549054
15901
12609
67504
225279
742
32226
127086
353318
448523
125249
158030
119502
11663
32493
29279
95884
6072
12375
431148
10835
26714
12235
23921
48535
2076
8503
1466
27705
9087
54923
179874
267964
93572
292734
331264
45555
823
24927
140838
206101
8677
24271
11648
322583
3955
23418
14733
55035
249108
15838
291030
40877
9420
241
12731
15231
13424
772
982
31748
495
30001
26404
337
12510
7193
205164
1863
289
39636
119507
365484
6904
6859
26375
247260
99998
28405
409548
14392
175855
179
125554
78337
232096
41876
807
6949
158440
187049
302355
17743
8380
178449
14119
192628
28853
533129
31979
404436
170879
204286
2023
120916
63471
6944
27899
20387
2469
24542
13950
53078
573288
723
28976
9706
158533
138639
22116
254995
34236
370862
117258
945
247099
77712
171929
287257
496445
59891
651647
252585
114157
22721
673655
148501
266765
247552
572063
825898
12162
30037
116269
146488
41509
8749
176154
16614
618823
70679
25100
1024
337025
642486
4401
227422
483715
50584
3353
217854
110863
99407
376
20664
65978
4626
232965
1387
191489
20010
9280
6121
80532
145736
5892
41491
173241
29170
352778
316242
20747
234646
10255
22062
4427
3529
699574
3151
10065
109
45057
211881
312253
91
15359
24975
6893
40672
390702
2487
100072
8963
285329
166044
292191
12053
110463
524888
23516
3188
91873
15805
293902
185769
5678
680708
29254
10805
27750
140129
612807
294384
220918
84506
23562
3150
65145
202923
331188
2603
11767
78637
108048
21186
23463
7756
151525
43264
134202
24364
299998
73639
668296
201620
194058
570381
29015
10414
74583
3079
67153
173139
70292
5194
118400
156632
44811
1230
10673
2458
36839
8604
12294
41887
2139
26579
392933
400976
663086
17524
1527
106357
266385
419833
271266
45461
1896
15849
13409
3892
27446
591460
14034
13629
49499
272816
3858
8987
309623
16606
418767
10139
377878
197267
62042
19291
190648
15716
18969
561659
123432
292843
220425
17361
24024
26568
796266
29723
445298
54901
107809
25916
29274
241438
99201
2736
32018
523134
65787
67905
9987
393512
341760
229076
10311
43897
174928
205513
383583
27501
12729
606398
21998
32271
44443
1078
143544
223376
10804
18973
30304
73890
425350
104586
81776
93410
16534
36892
258722
217019
4556
41175
95829
88046
21106
149959
128
22063
316041
378250
167275
114787
42918
19898
73076
154717
8780
305789
81198
151295
54266
49632
735815
2118
49842
22353
11183
39804
671670
588284
7224
68998
280715
72935
92121
537430
56567
21236
121388
48831
178436
7057
29199
5600
871
51
9024
296048
11440
8123
8436
271197
8387
5868
21789
3589
1025
33381
29941
5064
9997
59684
13064
46989
62659
6452
137762
62383
65241
45747
76337
135485
215645
26185
127955
161150
192152
216463
14503
321930
18351
72283
150468
340
101888
434199
24120
372517
269504
25279
20344
204531
2505
4840
167347
61178
8832
7104
90122
26438
664967
38170
1062
127827
76773
18050
370177
192362
12573
182078
36599
94187
345009
8380
391032
16215
127625
115360
123796
113161
30462
23144
205466
97187
15397
65771
3344
35807
558930
408019
172273
68628
6883
113215
29425
284869
57078
13850
7754
595308
35352
14314
34208
11509
8279
60917
29667
2611
9897
30448
2987
1213
8214
161399
3097
30691
14566
12131
180499
120930
24782
23722
176547
26354
207822
117660
339942
14677
6255
819064
23809
23071
9158
24347
472853
80372
3834
30763
18222
21551
13617
496885
267730
17799
247478
36917
239092
50769
354377
33929
3587
932
59756
20199
1885
17451
441482
9242
653260
22137
83714
5993
13624
125124
10677
6029
15589
2377
153588
206476
716001
343139
50830
250458
791
35603
71643
2677
214651
165589
4858
16670
80965
132296
512803
562820
39522
11424
921257
175398
266132
53208
324647
133337
63046
2524
165823
19404
24285
27938
76060
11990
20273
7331
162772
610640
1222
10203
4859
218225
101457
31819
23742
22026
1173
367575
27057
5052
188089
5424
68425
311170
70274
25643
639
3694
82905
70754
193206
4719
7265
220261
15443
173271
177893
59878
22299
31394
21192
144581
19088
193484
228929
16002
725635
19891
238639
226195
31295
220565
147064
308959
7338
6347
204755
423153
28054
171503
169415
41537
17513
170512
19175
394
53771
377735
95911
26943
18482
25751
9921
312733
253839
87421
24000
375625
6447
48212
11841
370823
6627
25334
43202
412190
19749
198315
180622
19532
300838
12473
4536
132
377127
2805
34327
1784
25164
3623
27061
512465
74063
114618
126182
56057
619607
260073
51589
105413
203102
18026
13693
26
213415
4008
53353
26001
22058
256237
650446
3347
283049
175408
178272
20898
9922
249046
18399
153632
329427
140282
6414
65419
26959
134290
37079
277394
88725
265742
201605
32932
7950
6223
12777
27077
30902
20033
92348
481
95672
43970
257605
239366
5338
78404
80640
27110
14893
626
22777
258066
87756
564508
288425
2899
23589
20831
683739
21116
168382
212191
4803
31886
16788
6072
12784
24598
18552
113544
40588
33232
647353
423
542273
70294
17954
600365
19144
129480
170
114746
2228
17429
6031
88568
112834
433164
28287
73556
614757
177734
223265
25168
285751
17800
400781
557
12773
192265
30879
14327
14868
28900
42626
528177
24882
512571
8188
201030
403266
22883
488
145768
18606
23733
89246
19258
403043
117827
337582
191267
77657
15490
22444
3086
30409
23130
1940
1013
62468
625272
186109
139908
65180
2469
269347
18770
11647
8166
27778
7264
1263
516432
482874
258759
86104
601128
107900
576642
12842
300718
115177
27465
492117
458343
46122
75215
457020
4787
6369
6967
167476
114362
23442
180257
76458
15475
25653
246374
18477
494631
517717
3749
16731
112774
30367
407377
2181
9258
20992
178062
17738
117514
13060
24780
182022
151519
19400
154340
168012
85775
6212
24974
15717
26891
16786
72845
1216
370767
49405
106405
123471
3831
218436
237198
1056
27978
58996
18421
304
743129
17287
25949
514365
89749
3595
6410
89087
6531
61482
171283
9390
223618
40548
4902
28552
28650
168570
841
89140
13170
3684
233424
5497
255860
782615
29299
303463
63575
5764
401924
24218
209665
263170
12858
12669
21833
10464
538234
49894
115784
51440
22980
1341
72911
2646
96840
2834
29323
395
16865
1769
52911
89769
27361
13607
108071
100799
27907
17720
180018
15343
158750
52708
8907
5935
628670
1802
22889
3162
18177
27377
563441
149044
62468
54926
65335
11508
335342
29242
7166
133021
597678
508952
73142
21308
11615
30223
82338
113033
4727
1933
384199
164459
70810
2068
12092
36455
26778
15102
36139
20588
266069
58234
140451
154395
9790
1887
4480
332536
15714
102946
580477
10237
45910
276567
3189
251318
4609
7768
41873
682963
183564
217171
13550
11060
96515
1025
178809
16602
3439
235650
46935
251013
75341
21798
139291
4088
30845
22707
47677
47523
200663
1906
882
12958
145077
21689
208671
204438
15161
18474
354107
17707
18665
20801
24132
53833
83062
50665
487209
310830
23903
346694
17136
47009
10249
14434
63289
59870
73182
403163
96433
72899
53691
32816
13160
233007
14997
4262
109858
305128
168634
4339
40379
21323
120647
22439
29943
267821
43744
9698
10828
7456
3230
318342
194703
111442
22506
25639
14599
1501
84463
10334
25230
18124
18261
167078
3672
326986
242
42164
185321
14385
18357
531370
18875
28389
22072
79719
30948
41562
287
89916
14821
14910
70526
664866
63844
1364
6424
76326
24606
149541
24316
200363
13578
3639
12191
5679
14003
13452
42118
102753
544084
58593
36043
16489
288678
281511
43974
49643
52807
16022
7649
49754
24230
3656
47067
56316
45309
309777
224502
506457
55019
6384
172705
6162
7079
21452
18592
145801
22847
16143
693178
7417
10464
18812
381755
1521
12723
18963
591759
27798
18459
82526
7542
187271
291726
28830
37913
18294
191677
66125
25845
119088
30281
40247
3991
373904
31034
5980
6983
212040
32078
6327
20121
20490
395671
33233
227336
665979
144063
601059
318522
9242
31185
9910
28199
91208
336735
6148
480098
1308
19856
1109
5818
100163
5006
369297
80471
125665
286911
594539
11726
772885
4319
6078
169174
14454
4858
139525
151023
479773
25505
1131
10157
363225
710392
512488
24600
25524
279966
196560
288133
41675
28499
93050
72089
150580
21148
14311
23914
212886
12296
381394
493867
169920
426796
50611
60477
1019
62640
17429
3033
5288
14294
13449
288525
44179
50743
617711
18640
84862
125479
44229
684846
92948
478821
141395
398
739829
217089
35922
2071
24962
124458
657169
231258
23684
28261
412072
20457
27100
141725
25082
54198
121447
2107
22845
234032
61371
232719
119229
27684
11643
3916
61646
7593
352559
241258
982
16495
24205
162900
837308
51263
27537
333728
26379
135616
83124
65889
79606
125252
26838
149214
5104
166717
53004
343674
588867
260246
3422
18898
14776
2378
79378
13582
27537
75939
87806
78244
26424
2076
171590
38686
62399
302875
86912
18324
25444
23721
81164
74951
282510
7999
22702
509530
44373
32696
209943
62551
905
8740
4994
664
13017
6117
240148
250317
619675
180210
268826
3135
336718
31733
30891
438497
9274
23270
216968
9341
8447
1094
1180
134157
52757
109356
12075
173560
116819
15809
9803
14939
6548
13573
30892
5174
1786
31639
149323
40895
350861
26859
51197
16283
32119
390620
231482
6991
55707
173771
2517
525612
6088
430384
14924
32162
75053
13351
15393
10303
5771
25762
444061
66289
153669
9035
193660
457693
5994
86148
14738
3096
441687
2631
107211
6530
385
13602
464284
5169
44256
33682
25200
64792
25541
18977
625772
21449
374913
11813
256886
35339
51588
40261
26526
14771
516711
10125
166441
2320
10433
63
599842
88165
377343
201399
102297
26178
18151
374041
47924
250943
512800
32011
134917
141202
511183
21463
14934
2096
36220
496595
17361
65175
67972
65020
22349
14168
1741
79810
56646
40528
199979
75525
20066
9880
245435
108024
46373
37137
112631
206145
128077
30028
120994
28980
12076
18016
25140
474479
31544
194629
215014
14120
42
17352
8065
88595
27489
28595
359142
307539
22215
162036
236492
11596
1030
22128
16426
114313
8966
27283
8648
382802
6588
27385
3148
301481
16892
22637
45254
46100
15233
29703
21715
3405
53656
8731
360421
90158
50439
131332
263475
228610
438442
839
2312
464
30355
125125
1507
551726
145427
23193
8947
38721
567462
438072
25072
23937
118589
682
12087
133929
302574
627855
146241
337487
10141
221553
30987
389069
61737
248884
42672
81928
7932
187024
244326
24
117585
201133
55827
300786
11977
175535
15442
37964
5014
162128
235
304233
13812
32072
227118
1299
3146
12846
3173
83
67160
49625
83191
8060
639770
327937
31651
39642
9
80691
25449
121348
300545
31239
39840
668751
377184
250297
131218
22844
556675
61237
15586
90471
27505
9017
91801
14734
602873
354729
27011
201465
534317
8836
13361
25231
9254
799
97304
37424
171692
428600
423149
3186
31530
384767
12057
40490
621029
13465
246830
272636
14258
59936
42406
31928
2738
7500
111109
9621
6208
8928
20288
23933
5165
263264
89655
207368
13277
150809
4531
18644
17300
116297
216554
19808
30784
13294
164877
29309
3761
1945
392288
11436
89646
62190
5408
31878
4667
23707
123598
263084
50129
496839
2705
9275
63513
9318
15239
9171
26464
69533
2540
404
9281
74254
214445
390418
14663
378898
25773
105432
4941
376656
71561
16962
526777
31378
165282
86869
328001
110251
215485
189962
23545
170071
52753
6403
1773
12094
23377
324261
31026
458606
98556
207674
34608
90456
30036
515560
590124
382864
267559
4245
1104
138412
79064
20537
22856
23867
5958
25005
46241
11134
15622
10605
129097
16644
26350
301343
84743
59738
347705
430144
5183
8273
12537
263798
561800
4275
77256
248565
38427
1076
504636
346756
269918
1848
452114
1005
10922
194302
28227
51267
343956
222115
353596
29158
270639
4424
820777
162734
38353
362810
166839
109416
17847
1491
196289
17931
201925
47156
55612
37306
54693
14638
25314
47933
8822
607933
96117
5537
20470
44757
12696
77774
18765
303489
36785
14874
167135
4977
2863
28427
209870
463328
22331
137692
299857
6056
184942
32121
22947
3186
100866
47054
3215
106477
11082
19384
18925
141078
2173
1584
377872
239978
206331
22144
271085
259634
45506
3642
32304
127932
3014
466422
9195
25868
13470
118054
265
9594
25764
41571
336062
372271
262750
73099
71681
58770
49281
29081
421179
198249
68235
184609
491233
8715
323087
49131
4277
4751
73677
85176
389979
6943
21094
23349
12643
12857
25943
176771
202432
10624
9259
34881
254662
561620
65047
34057
252705
165901
93474
25120
90481
126910
41004
676385
103150
1697
85410
27534
9121
33917
31619
31077
28133
263565
1200
9693
12788
27078
49384
1837
45433
2740
35413
69011
43
20891
248848
136220
186894
129612
221808
6090
30067
3294
107676
345082
5936
55937
28646
136326
26513
775
12098
189192
31171
63237
80132
193578
199709
517121
864457
188111
134882
80601
145539
12983
37570
124379
427091
73542
8511
27369
91164
17731
8954
714
4793
121334
18247
12783
37807
567834
317041
195631
125131
362976
269549
30013
374922
2503
148894
155214
12369
8233
29161
68614
679810
141771
16664
38587
48641
208249
419776
325976
15406
27005
320703
8953
156592
139127
8038
135429
148259
9081
131108
21793
22437
1834
90647
13539
8851
283183
171778
65688
3334
31645
52503
219765
20548
436576
15954
257814
18765
14982
27227
24337
14467
21022
21049
9205
1092
27992
14213
14176
10419
817383
359232
217343
10676
10149
4721
12934
15162
3075
5894
28673
19040
37248
10475
107336
480995
426176
75491
323
249641
179
294942
155301
38845
79804
102762
43486
528001
15044
3189
5515
376417
275922
19353
42564
16625
167122
10316
80477
7
158311
27570
21856
1364
106802
537866
143207
21445
277
5535
222346
35306
595577
159697
60791
22507
328890
183678
7471
38046
155418
72302
134797
1654
7596
515926
1403
358184
75768
19797
224636
91199
23490
17021
36478
3021
13
141040
1922
83951
9800
98416
6372
146744
23997
20798
246427
41736
2366
7289
247521
372231
98164
350125
17445
12128
15123
81166
87628
18568
11519
9263
356828
486352
485735
194731
40547
161450
650044
63618
175604
15386
170937
432955
151592
9392
731794
55948
20279
1937
274575
86324
15592
27498
255938
46232
25951
14641
13406
290553
304294
4244
330719
445420
492427
24708
535965
201408
211579
322169
1769
159444
96410
165207
19269
187638
3175
335764
1701
182381
382693
544982
1313
548351
29127
11732
141061
10915
25307
8085
30006
10725
114378
344502
26294
333343
102040
445016
246419
4001
42914
55609
431008
57319
24108
8743
93185
17495
1486
22017
174365
56467
9056
438
9866
56925
181368
209431
60
81365
8515
71597
14815
5380
16356
23224
382159
58948
744
6229
290372
75840
545796
48319
487765
52718
58377
131592
133612
19713
47600
51549
27699
102613
420099
19386
25400
27339
35791
30425
16008
40703
17051
56719
192607
162989
116102
14272
14917
18109
31670
15632
15506
3056
18684
10055
12392
2362
15835
285880
48733
105899
408628
11812
36822
4864
101374
137526
14282
202960
24877
4991
215506
109309
6509
80000
64776
559419
119742
237827
20682
20690
4597
324154
20527
92917
4203
29163
31741
5789
314533
106337
240
34166
92568
31476
70485
692392
7536
682114
16424
26409
19473
45600
677769
68447
59937
17975
26727
173
141975
10801
131115
65589
167337
52301
8934
95298
21805
19286
32328
58210
564
9457
253906
134675
233593
110215
31811
13249
195382
1841
313333
358
11744
31585
9249
34684
44611
450118
89753
163308
386696
4062
51633
70540
9063
13169
30184
28775
666202
10099
2135
42424
44406
15997
173847
2837
13306
123632
45852
103635
7918
63378
4298
10109
402533
295415
167
599
46888
263884
384941
12982
12925
9305
142451
24668
76878
207024
26707
314185
29188
1254
7068
24402
388884
11231
23765
22666
6966
7491
4534
290978
5449
18843
27339
108095
24318
346993
25543
240853
103810
21274
24855
259031
80443
174818
612508
10830
20141
9047
576087
123992
18761
17423
112366
83326
67539
7249
12417
67741
12164
466849
137562
20421
50318
4491
20104
30263
143872
40462
191281
23613
13362
533
333095
13487
95711
31072
572312
87143
56251
190203
87174
283620
474828
194356
15579
449722
11740
370169
172256
57918
3292
10378
13942
2421
156300
57246
30402
203231
261938
10885
439018
13043
17011
26633
53060
39837
462531
285472
4669
7828
141186
317020
19768
204230
5231
6447
185250
143148
99051
467119
8784
2697
256118
58859
323591
24211
148475
4211
2455
9214
65003
23188
40419
25390
6823
4465
481281
18398
96974
194689
117450
32636
12291
4337
32183
14874
76694
7050
158786
5930
29473
47218
891072
10576
11306
58820
167642
146281
33402
10038
22343
291527
153
20816
133776
322727
72561
43460
320781
11516
28203
1181
58144
305918
127380
297532
533019
525556
29340
10320
7365
13539
60432
24449
2022
364972
335704
375005
5743
11569
9986
127302
40566
603032
37495
243333
27690
29716
21780
132790
34077
20488
3900
15156
19116
24778
86666
547053
78009
307017
15273
32641
118758
128363
13698
10555
14635
823490
277650
266991
113661
305980
104917
3350
301189
414656
71272
11481
1163
2762
62028
5725
20398
16813
4841
99999
24529
195130
908
355684
38076
3076
910
103090
6993
62884
27268
30392
231728
211198
330632
30130
181613
287585
494646
214387
2339
21743
6296
646944
8368
14716
392
21382
28560
738
56804
15272
52117
9087
447945
761290
152836
5328
207261
21377
435008
354035
18875
172645
247321
214124
254709
179324
19608
194871
22477
123269
21392
14666
233614
3995
145758
2819
11396
582143
37941
108040
30308
37221
46919
11942
11147
7724
3696
30992
12145
29151
609854
72364
64062
6592
50386
129561
99168
8842
16966
145674
1477
4332
62392
59177
756596
13195
238
36253
115260
1039
232331
16169
182114
83846
44528
1929
184130
270886
119399
12622
134601
152224
591064
10079
147201
13064
119668
642509
121349
50784
366349
30069
3427
29170
506
18603
110355
68361
5240
51431
142939
23523
101
32169
328995
84928
4995
273477
28086
95685
149680
29951
36872
1314
26906
122094
46015
69648
59898
9131
549717
25771
141071
322322
20872
284458
41201
361057
5471
110666
304160
544262
12850
17173
9020
26784
243599
30348
3324
484686
31433
178342
208175
232511
13772
5642
54118
12277
6920
1017
124231
150951
8704
142991
23253
348080
767009
512998
17415
725871
30413
29758
8006
117940
29528
197904
433807
24210
101668
99284
482076
201
31552
9510
2919
61575
264297
143391
142873
139946
6588
18626
56341
118922
5133
432808
1409
10764
36022
1947
8639
188151
15119
93343
7420
78286
201237
51302
11752
201095
11109
3477
33105
590202
22
170683
76038
5090
19561
28738
128233
9739
6724
335137
25509
132977
18078
14185
557147
29559
10701
13700
202826
86967
496623
2162
183021
247309
6
16358
89626
151605
36485
12616
91543
23674
113793
30879
8293
48781
31261
15660
44322
3441
94204
22654
8170
40782
7815
14582
33519
16473
332004
3860
11145
32608
323638
15700
941
60181
14132
3352
31142
31580
11926
1567
27741
25702
349124
717510
497649
78780
1304
57391
226489
675
286
31574
31213
35016
31182
43114
19134
23039
144136
56453
798270
7656
198488
3057
367983
471211
148501
141918
63018
324375
191126
40251
230286
128841
41395
242833
14204
87181
27397
42297
124554
330638
889
255671
5673
105573
82646
12343
109031
33981
152
253744
12350
586
264203
504323
101445
12577
114465
348405
242936
301769
22829
14149
19227
4867
9184
26971
2983
722981
122625
255421
449583
57744
7029
12085
9899
173459
648537
300921
262145
28953
20183
18494
17699
5880
10563
196251
17292
31835
599555
9883
22462
18425
502
31624
156435
31286
19132
243727
118767
17304
21413
300314
90
652095
1610
122077
27814
12783
235873
330384
66915
23000
2952
11747
177561
227824
33657
140194
58275
21230
4048
68458
18652
23474
430193
243539
381068
10156
692812
11187
551517
203976
267680
13409
174425
361996
90543
373430
101719
153930
25778
629321
227627
10588
272172
26778
222916
12869
101391
25024
1410
3709
257644
10536
2086
411928
10051
8519
218449
151966
15280
110420
3427
65984
11695
15629
46467
321912
31287
115650
21388
6946
78018
34837
21906
103999
285938
32173
776225
2677
204921
19006
50665
1520
27661
12442
238816
378044
8782
10585
25955
4122
12986
11218
17685
91468
2163
4180
56236
453
113213
106
14023
532599
16840
126815
809
171356
24945
3627
269691
1658
139651
20701
12859
76158
15340
12116
2877
21492
10116
23255
21160
1272
147049
17329
11771
65539
39535
141515
608428
18862
56410
554
2002
299446
33237
122933
4221
35456
284390
28988
23379
30132
10010
5336
228631
285258
46260
32418
1181
696156
28265
2538
190810
647
14834
142115
26866
37822
34313
835851
904112
76800
159056
139953
28309
130143
87738
40734
27991
85295
283890
294334
124545
123188
285932
294605
62294
89153
717
15482
92675
312032
932
23832
1978
5329
211513
13298
79393
32543
3533
17568
218765
9821
17198
84966
213817
279727
385377
221
5238
47760
2574
4383
397953
4544
235317
9890
2008
6566
40520
410137
121823
46548
359702
6986
29965
19902
303208
16659
245117
622929
92539
1855
24666
29417
78300
172741
120208
23712
17411
6613
9111
21438
141
21605
20828
118428
53812
819
17053
259631
25269
7908
167478
21922
1461
10681
28952
9914
1926
64942
392498
138
32573
20062
31304
20077
195676
16143
14825
64078
140676
85805
2602
606889
166474
148758
12720
27248
8624
461866
93383
13243
55254
310398
130354
128975
59937
615885
13062
8444
616849
28716
724169
73177
18722
4613
194311
4396
3431
2385
