2397
17933
11614
358955
35534
29471
40378
1536
27291
412
285715
26329
389328
118501
205681
2822
176802
159784
23520
427314
254321
212187
8158
226736
12593
8903
20320
86817
27471
6227
169981
169870
133819
7747
5906
3756
107593
22497
8440
153407
6125
35537
435
8386
14078
442077
9279
18697
255683
3857
14250
8089
15136
60054
21375
19917
222042
22598
599853
27825
27638
173084
86280
20922
458615
21934
360143
271176
37675
10675
14347
5744
18530
23602
9036
27432
109981
61354
227927
470124
245944
24419
12533
31696
123865
17821
198978
16996
258386
273111
1898
144968
12277
62973
1536
37089
52926
37274
28730
37733
231009
79870
3403
2652
24467
11942
174023
56219
86240
446
4360
14404
6100
52595
82755
22862
61138
18270
255716
56248
25791
2825
67929
69061
133266
3672
39255
90491
185446
211323
20614
117769
93665
136647
199280
455571
32218
184637
567
202392
40967
495616
222889
13268
517873
5282
25931
327
30002
20221
365384
63549
7127
278432
176882
81539
570
23687
7550
6080
12984
223337
61731
26172
818
55348
7959
59945
15403
161790
174608
272247
402226
977
8436
11119
161836
285
279337
15963
170979
69180
1172
291907
5386
43461
373260
26744
16850
303675
25764
149557
1536
1404
62986
145114
41501
183420
6470
71131
93785
66
6184
245102
23924
6716
471773
6724
277366
27245
14161
20261
71123
12242
6689
48888
41094
182338
3590
332173
101566
10739
28987
708691
16367
303959
439430
3733
18944
776
6046
4983
108606
56990
343277
84254
53205
9781
208051
41071
29885
50460
15799
71683
5611
185701
66025
28053
258876
121674
76903
463113
316499
74532
16947
204
33074
14712
18640
407763
10289
47346
141727
18072
165448
171671
114146
193080
42686
52258
170748
55450
21027
24111
328
6573
27351
11562
50164
8061
21921
32394
29504
73661
146779
485968
20364
93306
61760
5142
15285
3008
390
23759
195
499736
95701
29301
186436
452250
7597
7505
125638
812511
4096
8315
10841
24044
24721
108697
21471
693398
381882
217025
30001
37460
106182
359839
24523
20324
77734
62103
4291
85209
1486
41433
126858
179689
77484
205945
471434
23791
143706
10057
5001
43589
23642
5506
53827
55445
378734
20675
66566
16589
27665
115026
11707
2278
196187
84143
15106
2306
159474
46581
2523
3624
24571
220218
60610
132097
378719
196903
11369
209282
130042
187201
150649
358937
4310
23404
1494
11057
277
78665
53656
27502
249698
241244
121606
762405
9542
173783
21157
19688
31368
29443
46305
80499
224438
16376
176906
402648
304417
93067
135970
1644
9213
98719
45035
8349
56909
19323
336570
8044
5034
123302
185261
12193
16270
25766
16207
629842
620722
3735
263919
117377
142435
233754
2837
10905
715059
5649
11327
946
2425
16351
32011
76739
11189
256979
12063
26680
4285
17017
3686
12084
121822
234920
507294
86564
14036
17161
4709
8107
31249
20840
856339
31801
53020
427408
9126
17043
65372
566095
4773
7505
19999
25295
24466
396548
157637
149141
142215
362940
296533
198457
30092
30841
19099
19533
58847
8062
30405
15942
90228
205316
36804
328033
397101
211543
190527
10369
52029
9727
13021
2005
73042
4247
208496
121
80486
13691
118038
464383
21793
9243
159191
106817
19327
17489
252775
1979
39602
47519
20082
160704
15294
90656
588553
15600
15898
23060
11571
379894
18007
209376
91940
20382
25412
34229
54002
624613
68277
323349
30720
48968
523230
50020
572
160574
767
3120
174475
198918
17335
271043
212308
2524
2683
20605
31059
290804
95052
27078
891
95484
452886
110698
24638
1179
9996
815582
27717
341663
2030
539748
43338
451
185681
291583
10409
72303
244359
207282
20888
25296
10824
175780
28928
98032
96167
8250
179001
26929
356966
18422
10362
19293
30028
15098
251202
190037
157931
238460
745319
20979
8708
439719
342054
1839
20624
16065
24215
45541
415756
38749
138394
696260
247437
130766
508631
760450
120560
169
594648
29583
31182
173982
14243
63957
30940
15982
5694
3096
19275
14928
451434
1536
144921
313354
49356
198931
171794
77115
19971
3303
126284
13455
29888
30245
261
43014
13712
274503
738564
16800
448346
14729
268881
127915
381448
12416
132756
26283
24876
77847
127657
5839
463
231118
193304
92431
761217
37786
80019
273818
66511
21265
137919
23325
50337
258
359318
21421
404433
11996
252969
58643
115034
171544
256130
179635
35399
25333
259879
511769
816
29694
3251
80368
715410
15513
19626
48615
73683
11537
49635
170012
59536
134182
34390
186034
82003
32184
273856
60242
9118
181240
160602
19189
21140
57911
265069
212948
476631
3485
5524
9661
217221
10112
93876
24350
18421
10177
15782
12625
100261
647405
6068
14862
77171
250093
252258
590867
7531
177912
128530
192213
13349
312839
481572
326477
150341
310388
12204
120128
1376
618305
116986
11296
26401
19998
323175
30668
7659
18102
68771
407825
73193
258985
201789
26063
59255
235469
195118
50577
33924
15838
228010
853
31146
277651
18179
175477
324692
67641
20474
28713
43347
16561
210702
23743
17463
20768
540005
50693
157416
85385
227584
290151
45795
17208
8554
901851
18996
24246
98804
98632
565826
88752
17909
407482
16527
7619
11093
450
16096
5168
67907
18909
14029
83109
258439
769
19728
30169
2865
164504
538787
9401
135829
2292
9975
13957
597484
35467
15736
57219
23552
18589
15287
5766
9724
56833
1361
2420
729554
58374
88197
304720
420038
70243
5164
66003
16919
442461
333501
129189
18648
4976
374471
15498
10747
143928
12700
9266
94093
112162
184516
473208
5469
30734
16374
147285
11288
17751
25478
503247
366561
32720
15591
846
19722
4259
30894
30081
164140
20989
20972
4839
86016
500635
55
99127
27511
6442
38786
22623
15991
293401
17430
54909
87276
15206
59837
128824
114864
1416
512490
542659
100375
17770
13578
16319
6335
27116
61054
421752
98
616635
2209
29987
16170
128968
381530
1520
54232
12549
75717
163911
203879
247070
15965
10347
52121
23320
15007
121598
41438
425795
26942
8758
1075
22189
27763
271756
50119
103284
3440
64227
180065
22595
695925
114288
241850
3934
96970
4366
719
149436
36783
4141
439027
11909
237048
20488
3616
488327
2659
68770
5448
6807
6482
404977
522682
2290
23547
84306
9353
71194
63538
10363
11277
603470
153368
245839
17634
3298
2404
2524
380644
20501
426449
229800
381127
23040
246030
53456
33965
368353
59541
482083
26567
6601
364937
54361
49533
211499
24640
352254
396204
42257
134549
17580
44802
37410
27205
32356
96033
41372
12795
3805
41185
34112
264545
12027
305057
17796
29164
587677
376544
41815
179831
301607
570237
10787
21037
763312
82708
20924
129561
71583
68966
20668
23515
359
10399
127663
385137
68197
20730
12371
605782
4921
81925
259513
65660
6259
309253
82488
10398
23713
272958
108814
200140
667220
277264
15413
56988
414642
25767
258893
3190
3023
20112
127134
354094
119869
13568
184008
54365
19332
49817
15890
14739
86038
542393
312374
820180
414519
57375
25906
64776
24724
14656
598198
61822
72416
214708
1825
13043
13614
29955
451777
162907
610598
57968
262335
288378
20874
328428
23945
64310
13217
21943
235593
331862
208484
214059
48438
317643
4315
26506
248529
155323
219563
187775
441985
1494
9706
11530
236240
6598
34515
396557
1135
272337
36554
30468
188713
58688
188012
14018
82429
65244
307787
116507
28041
4706
63523
93490
8629
444956
141964
5663
1960
32459
378164
453181
161192
288633
375121
17043
555165
192329
53924
8081
69627
8685
316453
2661
87167
121736
459600
7375
136430
2229
389082
69672
1522
4877
62897
133800
249231
27465
310113
270759
128298
47752
429348
30792
5299
350838
74313
2378
15671
7743
131735
5893
14056
516779
3970
22123
111668
26548
7931
29276
89212
5075
57330
2070
11016
18530
184450
274159
117201
137582
2577
139072
955
10898
67185
144973
11121
30045
154341
431342
15704
3636
52558
5743
922252
168033
22886
202253
24656
153401
37059
300767
9910
10645
500630
27965
46724
150387
1257
52062
123299
11000
1919
25011
16166
41776
706
11513
7851
266
9805
19132
31733
258056
848197
621969
434841
5722
70762
3186
837
285007
22077
436603
16046
657201
403627
8147
174290
992
21077
108538
23996
56894
56976
3895
15812
116573
305598
191274
187446
25539
7005
22348
161
5374
231790
461260
1592
93062
203491
452888
19784
302976
27369
12887
294293
588626
335695
7787
7109
15210
25010
28935
24978
11713
29271
5376
384875
32961
202336
5216
12634
296296
18326
4815
704653
17282
347382
17359
30645
3882
51977
10041
18172
811406
407634
367542
13326
5567
367762
23589
137613
2559
257046
3223
148488
18448
3992
67496
58982
554
12797
19285
20833
13475
48
17230
13787
15118
23043
8545
73779
42720
568681
43874
6098
20982
4400
91865
7253
112735
1952
147969
3528
10497
604307
6440
901668
26167
4529
148100
19720
374443
25079
20038
496040
336448
22797
343874
544029
68264
376073
5295
67192
283356
112210
37988
7589
658784
28344
291958
45894
6301
601949
150603
409110
49362
37614
4968
312350
148793
12658
198576
124306
375188
11229
6541
620094
130098
133670
8656
12071
85017
22289
350594
31506
4111
209392
1129
22266
259544
12538
421602
319017
279362
76925
68334
65461
1739
1017
11119
118252
477410
22363
3083
7764
137901
256542
67830
22811
47
4603
16019
328440
60221
1084
19250
210658
2906
28087
240159
267795
78925
11441
5906
29938
70869
30232
79271
5477
32772
11999
146003
448408
16365
436324
721566
671896
80924
298
10440
75964
5314
145060
14838
557077
39365
105866
2762
9430
439764
80587
12477
3936
123187
56873
126265
42674
614760
6007
241478
249067
49867
140968
43661
454
156952
260
21151
388775
845629
47655
498038
35345
28031
11202
221785
87123
750290
28146
34530
16659
35740
28267
342944
30873
22397
8218
110001
5242
24264
294335
173724
190610
31609
51669
8983
9776
18461
4317
62157
14929
2187
522830
50780
31312
7793
340808
206687
21406
250655
20129
1803
126427
19962
115485
350345
13355
40016
535799
48821
19336
194728
66816
540441
15276
23520
17996
18051
3456
7213
211585
21024
163161
56572
233519
232589
43593
114511
43701
406766
21171
32481
6232
139
23415
238027
76899
60696
532001
201567
53333
71595
210760
65808
5602
15792
6082
5204
7650
182332
47043
17955
523902
153589
184521
7112
75709
23627
16151
2456
12244
18297
525867
46554
16006
31491
228519
9068
457
16371
465563
52965
12485
335539
514092
171481
31141
25931
229837
4998
101493
126934
98501
15754
100899
48650
236412
244615
209393
369085
160155
298787
779
9707
24642
18141
1305
7517
31173
10000
27118
200488
351137
137195
30258
162136
303154
68566
9578
8865
86902
69817
228643
27082
188678
39558
39042
25815
7764
699379
2465
119602
67230
280787
124216
9386
621890
11841
5434
14984
91647
32485
49095
27384
224305
411916
201202
3348
17441
336686
33515
28107
7660
104692
8275
22484
448799
157243
25346
18558
118497
8616
211457
10801
30711
445466
883873
278712
7206
1874
20
331986
495058
62511
56100
20218
8189
263221
15047
6869
363045
55817
1799
92388
7521
9323
303386
4108
2993
27516
81953
3381
14722
16265
31148
228486
238547
61508
3169
225407
22076
89193
30834
138590
182278
10696
50926
151315
21221
5319
30463
10229
12447
35969
81902
17060
29735
716888
3236
3838
143671
121038
7633
786
886435
25352
241842
52947
81301
40669
145730
590292
116646
137866
164523
635
22430
36926
42477
5309
21679
36949
83047
9324
88918
22933
3684
18465
15562
24166
23339
29492
129994
5300
192187
12326
122606
6295
2457
881
205369
240778
10071
66331
23602
82209
45325
45415
72047
29647
16908
19872
23471
12434
105130
370446
445095
8931
2397
189911
30346
12375
13586
21173
38856
66187
34763
145216
516715
24310
737915
7869
13391
201761
358965
55334
15488
26261
849
38031
336268
416
257398
2317
233516
48
36231
17046
64811
2228
471075
359259
87960
27687
40943
7794
93816
116352
129746
159659
45319
5147
8047
68919
270249
361688
29632
126083
13436
160204
120559
470150
1095
1926
40446
37542
34272
424
338429
107060
228718
69643
877
106932
17689
18498
306498
173476
34565
521140
1376
15568
32539
223742
6
2080
7828
18124
186576
179456
78525
980
638620
443512
88700
30880
356603
28855
33392
2710
131013
752968
15294
1229
680049
19724
3174
11489
6894
679555
17233
728576
118620
4051
482167
152091
19818
53736
22186
294213
28228
2116
685
17727
761673
193946
127308
245008
34734
215372
5594
30786
109899
704
7237
29839
43763
7014
16070
1471
18686
20093
22314
14531
113505
20294
219356
326716
212046
26275
16712
182039
330383
54168
45095
239926
86695
3634
31690
22504
25645
53152
408905
6770
15195
161938
12093
17336
135967
86304
47521
92595
32552
92619
230407
591577
32496
19983
3675
554560
72768
19462
17482
3430
24186
65099
117282
18724
492486
31153
2641
29643
173379
29032
207901
329081
39255
3866
138295
186102
149476
3427
19527
20806
29488
27606
318282
566
202420
232848
6516
9637
91257
90062
1630
24205
14717
459104
183191
219
4419
209221
5635
23411
772853
377175
597
24832
160217
16007
120091
43
384453
203900
169828
16222
52576
22793
66549
225808
4999
6738
24694
9424
9233
58061
20140
31891
96567
349682
549
14601
258203
198807
224756
110690
14655
364582
3420
18447
1036
25725
14800
16311
35356
75418
140169
23856
105229
456418
39402
3943
114676
43120
23984
206767
526475
20402
128113
24257
14348
462008
6072
31534
16830
1347
275808
83360
62510
41439
22927
146568
20444
384661
12842
67906
270286
12788
866129
389936
263004
216205
5447
180391
30117
309224
4612
5958
30821
2251
91355
20615
22204
79128
3249
477734
100649
9884
339158
62519
108964
162696
757
10143
62941
740768
17207
121574
701243
237035
203
497357
29483
100854
894655
13428
1623
22404
7302
45561
109195
32565
3180
168511
213461
21024
31234
14160
28364
31885
123371
7284
24052
23749
109429
364202
4969
171989
27898
304163
20319
39544
693681
1442
36970
14464
302254
25716
143578
558156
15352
130452
160627
59293
18323
9245
333879
424545
701
115176
28724
69937
144271
788994
304167
3414
97099
76562
64381
250130
9336
151235
39396
12561
129469
3537
67372
1717
58271
346766
22516
95703
23660
3428
415718
282660
1292
164623
4345
2306
54075
5397
43211
665904
26683
83019
25698
702104
105019
1960
185770
66528
8080
400367
2750
213734
85828
32068
17735
17103
316999
581808
247995
3152
23630
2891
114048
104206
13122
2176
185210
21845
52143
8365
31598
25324
262709
551599
334805
18903
7424
13393
736841
497916
320770
84584
18236
23984
433458
114174
251633
221986
315846
51380
11885
99092
6750
162403
18863
84484
20803
5067
21275
59974
385567
4973
25766
470154
24566
232273
10672
15674
17272
266894
77801
63342
298793
282243
40889
1495
4687
11247
115043
27246
206436
244642
25803
95428
17054
2503
614022
21532
553237
5425
256503
235876
22035
83125
8529
240006
1816
290280
56814
92462
6826
105428
13734
161093
561638
209618
21675
30172
366491
234550
8800
40609
192030
28076
285862
394995
319722
11328
272804
275315
97120
22473
26414
12189
204023
27906
700417
98930
74329
97877
262
829708
52215
50141
40032
34330
429446
184425
257778
382572
17938
3153
89335
250597
383354
1106
354199
244342
2539
346970
93120
296680
28235
38418
3643
335772
151503
119998
511622
33803
30110
366995
114494
25887
11435
3587
380931
2705
241704
17995
6246
10820
4262
247576
40851
130335
135954
37201
95454
403608
5515
16536
9167
1202
173436
105444
125028
1384
5803
111905
6647
35508
30128
323490
18767
23390
19217
435826
444910
486084
297550
30889
281939
130091
751
82577
112041
1913
80422
69362
20267
1711
532014
233125
12121
8416
11710
21787
256441
8251
142583
2350
126636
23531
134662
165102
20162
132103
10044
259466
30292
97146
252190
353158
64823
160448
30970
14279
474964
605713
840
7882
11292
11435
364721
386987
19111
220049
4932
418623
37814
1758
342888
372080
6569
20959
4231
30673
9383
78288
90852
236999
24165
2255
204924
77529
9434
104786
143986
168701
165461
63522
16771
404552
5987
400375
14829
74318
306959
8396
51210
35466
16662
1126
440494
181370
1668
512473
2116
588769
171701
147840
102365
12615
19855
403215
50
32282
15127
15469
11948
155237
24289
8640
81000
324701
318850
468836
21147
197988
24844
30316
125354
11216
221705
195819
27166
26691
193319
27850
251200
158752
241543
151269
253859
1242
13258
28250
3533
249876
26935
265765
189
285682
206545
747274
179323
24299
44373
21158
28184
48809
273805
391176
51522
14458
30659
7980
27382
78821
712074
203102
178458
3074
135370
14722
358053
14768
17814
29349
6914
4811
25269
163672
51407
4774
1756
632983
421204
42685
71295
30220
3690
10468
193121
9590
16671
10411
1207
46068
46152
340
106049
11962
157202
9809
25949
80495
245287
200216
7482
52668
4542
20340
1677
14152
11923
5235
54118
22790
10678
28388
11367
115974
53566
14051
112053
432773
380492
47929
8957
395252
8226
15257
357522
84651
9061
16789
7341
4888
562817
11464
28085
45859
457992
14824
1896
259509
6199
2075
22428
27545
316326
255203
29136
9422
5777
485
8061
12709
90011
23816
242810
5175
172169
16979
8247
5250
270455
458296
24641
4977
24252
1333
43092
18979
14973
13410
93661
119775
23958
5705
11018
392436
25825
87558
11480
27017
39436
198498
27065
8793
30668
1177
26718
156784
564418
31404
41868
6770
4042
83835
98027
375882
392530
4580
228
63696
178331
43033
441368
16990
184495
171020
11903
6739
8648
16857
2907
26441
10326
155419
15172
4095
15344
64687
553310
16595
113740
7572
23115
121332
22760
318066
1232
30791
13943
710810
30532
279574
13876
265163
10840
316498
15112
84084
11401
1248
80528
228905
26067
47937
89174
3294
5866
153423
75674
6333
11784
392646
2847
139643
6217
13105
5898
265757
38793
205839
19441
2345
474701
140341
338238
10991
23340
15981
138177
11218
11934
349462
139662
90343
94777
45400
138622
56205
369652
19058
160562
297261
77676
457
62128
207
587
23406
4475
73586
4892
23239
91165
328642
5774
88053
383845
56371
92500
371138
40541
145097
5987
27165
7884
195201
6208
5608
10195
37376
70582
141
28460
333795
399945
18482
3272
21613
454262
390
16756
607834
286480
1145
102593
132552
31641
731199
56
12240
395975
488860
179539
42558
55193
443696
19487
34693
4865
197602
36682
74147
321264
602079
1340
23816
284059
4440
338734
37202
967
164574
485439
88809
100169
12275
17347
6545
31294
821470
398127
471839
4259
25750
173948
24235
78806
62758
687941
4444
52244
25970
189030
151341
332878
735340
16567
32118
123711
29006
84556
8382
702022
45925
60766
89915
173972
57039
28054
31224
2211
128506
626
73738
287495
19111
25736
25741
583064
447678
421814
2653
31636
19748
82758
1730
463886
328438
10477
554808
153402
68929
27779
87812
258730
204822
62075
25037
119375
120315
58524
227264
172266
39196
22707
46373
9283
114286
519570
13218
178458
26191
285061
53560
146554
16502
116482
212933
125871
23114
489261
53601
8141
18832
137
2809
42838
511658
101337
303035
340
608651
1565
362198
32589
61195
32648
4015
22101
63083
72513
27070
25691
378
133866
573434
738733
2722
389754
102351
16440
283850
20240
433886
715
100497
159703
238322
53566
5233
610600
21719
24191
7713
119730
486426
7387
31417
32147
446765
1343
8724
16325
310940
3819
21607
22937
591169
88434
355085
360
16224
69268
17527
5297
7376
24975
283558
29716
71926
12801
21431
30804
205442
60240
7656
109248
367787
133853
3579
292266
144937
116652
50821
1415
8400
58534
105029
1361
24669
390
50186
21760
49059
397817
387927
685335
162
10537
214686
29417
22801
147734
258372
1801
162342
44150
99367
367684
8046
23660
23844
30457
80096
3988
23382
197283
220073
350545
3842
15273
22915
5540
4337
53910
4378
24267
98098
40895
244308
20976
27330
22746
1169
104674
126645
3239
621613
185372
2336
346441
12039
181998
378896
33121
73013
213
88838
6963
1170
13540
25580
109296
42198
16977
232
309677
452296
146065
18952
117631
49806
20523
142483
4159
161004
6770
29483
508813
63068
216912
52440
319998
21840
150959
199311
14950
235752
161836
500386
1302
324545
28391
596218
182583
307843
58416
168281
154316
8091
59676
3905
132000
16016
233521
328653
27153
149370
448229
63000
107869
9024
3743
8881
27482
685877
24001
158548
548786
136207
79799
1819
4263
249205
3287
102710
421
217852
70727
456369
594532
82106
84558
10608
163529
28049
623991
567357
3230
32265
18250
276678
45226
329025
22009
7486
14376
601988
392831
36978
69557
87175
7452
6744
68654
25755
636
47131
140207
111305
17466
406458
62200
1324
418321
5664
82536
63087
12319
697351
75299
633876
3028
156431
11156
156659
264555
645725
117389
211397
8504
509520
7650
11318
243468
14000
16703
3558
44149
160535
164268
145620
25011
205578
4322
12841
165727
158
7332
25807
225298
75922
7531
31122
112866
23803
54741
308963
13779
24306
83906
119712
74686
14837
21758
14763
22076
781478
425503
6194
136438
589597
95
12253
15633
343847
113034
69051
840
39186
651193
32673
890
81790
195871
5469
97648
56803
161857
10764
11133
9657
7391
3498
530095
30428
13645
73764
2175
26989
10784
17500
121429
503157
29401
256326
25231
10591
6344
76684
28035
285916
28044
26384
157067
8992
387626
10495
11979
18759
6752
172709
91170
29151
201310
1440
971403
149190
136265
1406
9695
515640
458704
123241
232141
33788
312388
93174
10534
64907
13705
6504
198396
363211
95853
110652
2118
47699
20570
4417
42754
52358
4000
324854
137436
54546
630772
7025
12582
87413
4691
656512
183398
41237
276928
95178
7948
27347
196
8756
61706
4836
23687
554029
223561
23295
19034
469853
401789
31335
3303
5382
211048
725647
65936
43184
26973
321720
118548
28842
11851
24393
52673
25332
1475
89400
40128
481327
12909
382963
498023
290391
9293
102389
10171
16206
12131
626757
96655
124265
51871
64134
520854
173784
218147
10943
113948
1692
8489
139691
5221
28068
121192
2644
118247
104761
237319
325808
849
50714
124930
4309
180705
60792
18201
28216
237093
125091
23245
1361
642054
51353
26913
56033
126183
2848
2573
93619
32424
49307
50310
6123
25895
11643
74684
182231
49569
81058
15390
5578
103415
475137
2232
25282
4156
27041
3560
413108
41625
188611
604389
326048
224496
5339
314782
3233
18237
152263
202741
90001
788848
32026
31657
32875
49886
48694
125140
6731
454615
1129
59295
436938
29495
100347
68012
203490
26239
3971
18576
68904
78470
133123
84659
228208
29869
21662
57603
82986
59640
607749
15655
54652
339517
7234
9349
84116
337219
3616
25467
745273
5038
507759
211022
19208
16598
2826
245944
20719
18815
11438
84775
19430
497958
14683
31082
6215
116498
15933
27758
6395
63978
75698
3155
31847
180728
27052
91
2989
74262
590216
59147
4785
26739
18614
2177
12936
155658
403660
19837
11929
16600
452837
80154
119011
269841
30869
76433
148691
3737
47226
6433
7085
225034
10533
83432
28286
21135
32158
66869
331545
40672
43827
1283
15613
51188
19051
140199
205431
13112
9106
13625
152124
262673
48332
8675
1896
32095
11014
84408
98459
400731
21221
142685
16032
51416
203276
25030
34884
33138
25670
12860
13354
166293
5208
107
48944
53975
31647
279070
16841
437593
15512
37284
501384
66667
489001
3478
212742
488153
315376
319572
6068
108003
1433
107245
29581
201024
94917
281387
40832
459082
1778
33170
55253
515436
575980
156344
210324
14741
59013
23974
1058
300846
96022
174197
13917
373
77260
695450
22548
3912
96476
602
279817
345634
96396
131617
6372
23218
25508
4290
67144
6582
504680
40552
228965
128434
420878
199977
22299
82357
23888
429570
44752
219325
1146
950
61273
291588
96387
811
1234
129363
9919
34779
145942
13323
108480
2763
20577
466446
29036
6061
18221
1491
142183
16440
70032
304671
1447
693340
201403
767471
35412
119699
3106
643236
2300
17642
777044
303769
42966
44634
359326
27347
358698
3271
17966
280270
253937
148515
16418
191773
72044
71332
55092
270884
2172
227431
30832
56230
387818
135465
22557
254889
2303
97911
586934
150916
57453
22400
457125
29547
235860
33505
834947
44652
26579
22328
7406
10118
1966
232700
160079
117684
527778
283669
3754
3110
207469
12987
17635
97232
7989
211695
233990
7810
133992
65561
102228
973
15475
117509
21749
20099
98101
51240
458287
5442
153496
18079
22325
3831
21246
402350
314611
31509
10639
37322
746263
238299
210
2639
173964
2687
37029
93634
4976
6880
93559
56287
63389
115394
12960
11591
279042
178018
459610
36284
144632
562723
26576
409215
261947
319226
35510
665422
17478
21189
19462
22944
28693
10375
217542
382645
32671
121567
7087
235906
28496
8042
291800
32017
4401
304318
41155
3156
15041
95818
168601
23302
299915
1813
1069
18055
213168
690838
26494
20065
4044
20788
19537
30477
274086
274365
6052
22600
25461
83510
22161
8629
517027
58221
27518
148389
39236
196301
24401
231397
98082
46830
22668
8449
8908
101388
15157
7363
35124
25426
12864
16605
2976
1942
15023
106
309712
228008
153913
11628
2045
119805
540978
285117
86846
3593
3232
252147
337424
13654
5445
8158
55935
19468
29648
700
198162
20900
163162
17401
32376
86709
3221
4535
372
42163
503477
19985
8138
341564
11739
95591
21160
128849
4135
245110
73979
293422
55441
13907
2828
11339
1995
212085
153415
275980
131599
39628
24022
199853
27918
215930
58652
7554
13223
23327
61450
19600
11414
169696
279916
147272
52922
8490
4219
286874
24182
29451
400538
105282
789026
4097
73354
240265
126301
9486
87283
12841
275061
519845
223992
8859
8546
43336
6001
1905
407645
258872
14644
40221
22988
4981
194574
30367
169641
103736
34134
182096
476680
2069
138075
217647
23324
112
28992
8751
286620
57862
546634
36863
22679
176355
402563
2361
3905
158201
86595
935
113800
481540
912
18735
209145
293836
394103
89240
21140
530687
192426
10264
7387
51616
287143
6700
6980
541266
24602
12274
39580
25899
26915
27205
48765
280325
1377
75036
38007
19153
168689
5522
32164
62723
1908
122706
63462
1525
27157
48595
2197
28944
87439
55690
229392
17918
24228
208998
63984
6985
30481
2095
54372
125475
7683
508375
1267
151686
49020
20459
211029
1924
21180
10450
10268
10785
387086
23611
2728
758396
95034
4743
34777
100506
795570
11948
235779
10637
369657
9387
14380
638298
295244
5100
258895
27063
29221
25462
233959
133492
10650
461594
220086
685
38590
13785
650
114061
44733
30994
4443
80986
50998
96301
70423
735732
286070
272527
9657
5667
192987
414359
31503
580570
20433
11182
155500
77054
244429
30594
25366
24936
217239
528420
242281
49503
24414
355106
126218
1354
13046
8072
35044
100328
61941
60493
584947
1977
65769
13528
30983
375249
21591
300364
6969
4727
27765
21386
19031
31823
24430
717
397102
15298
20322
27807
69675
14026
208518
206605
293259
7990
8652
5209
467
1432
23968
5213
165614
257278
5840
25780
57253
239588
277227
144663
2233
273406
24879
346858
28039
9463
668899
10191
39252
29847
19265
9043
1706
2490
448303
21713
5156
36372
468788
29773
127320
19792
736037
88741
48
60798
490083
40225
18410
375871
312504
16477
63107
35950
20956
39145
301
63202
450195
182953
24048
84693
4846
24752
2233
105064
123380
48526
300616
90430
14247
166718
34210
12613
14205
277576
26631
348306
21846
7329
577366
50600
2215
9417
7395
85158
145569
201272
196616
314141
31307
8568
8074
20726
3770
91933
98002
36495
69322
5169
8478
9295
282625
17717
386794
161996
32745
61732
19816
14231
4265
614919
3909
7494
22389
20162
412553
2468
58183
21246
56251
6101
66907
351159
16604
68261
71161
42180
78027
37338
708814
9186
85444
28571
14177
4318
92202
210018
146096
4165
2421
206528
44742
440989
552560
16278
9023
3549
22779
191499
5285
228051
31799
17003
283498
2267
52926
1711
8310
336853
4946
799
155047
29463
8553
117549
132364
30035
31604
66801
556473
10160
508
117825
1662
13405
27601
1139
119
18644
118738
145901
29460
1251
482160
7548
51359
84905
123255
21605
87877
35267
1196
11708
442959
64666
800
5246
241033
36875
31293
251022
91893
69815
30883
13889
151481
64933
405962
36324
57110
3649
853
78744
17326
8615
5126
27307
796515
14129
100306
220037
254871
61822
18926
4701
45454
18335
200539
167902
22564
4483
829944
1322
312884
53185
200152
253048
116213
106132
480044
60160
393659
241494
195616
260985
115478
129985
30252
16760
20388
6559
222040
20124
18274
38850
28676
390676
228862
187423
83910
78998
209941
429
205359
9647
8604
85503
533448
29674
43703
67874
91908
303743
29558
6121
614
351417
9040
258950
395680
761802
1530
51191
357760
32436
61988
448117
104655
1720
63326
198449
21569
437
335063
52476
30634
228220
293469
28435
253622
4524
589267
32230
20993
320099
15828
4726
18820
8679
71053
192237
13563
143848
106910
7101
320405
378014
18459
40052
4082
230661
97961
18965
264
36543
16678
50444
114909
190947
16933
6160
794371
583157
17544
133841
7620
14678
551675
380412
258688
143912
200039
237709
12539
27040
296275
192972
111482
8679
1536
111147
113070
2124
179
32085
31984
331347
142224
28055
28333
15953
6613
24860
168135
19243
10763
174215
140854
46708
20876
15994
25258
319072
1199
27664
21021
1395
3109
386570
1261
27728
22474
62658
5341
208503
28439
33952
1161
56050
11155
187706
3878
43506
14718
26956
278392
10233
65253
28615
146456
577817
8261
78396
327201
25115
85703
1563
5026
26584
5777
15383
12676
18452
153749
147915
474371
10762
291367
51132
19552
4574
26156
826129
13542
113898
249943
585742
10932
879642
399551
139997
25367
65
5567
74368
38895
1698
61851
3657
136082
30380
1147
29222
85456
254027
158774
46958
24208
184061
6219
239423
137030
13115
9805
11753
23
2491
24265
78933
12320
14919
91039
139724
76662
3388
41747
5038
16121
445066
35506
24174
119013
95751
33420
18635
214
230849
12340
595297
4208
466503
19676
583473
31907
58752
31558
66520
70793
323672
124914
93575
191659
76484
41080
205599
16025
337457
440303
28200
30929
207638
96440
189554
260334
927
287173
15702
303981
20361
26503
328652
199109
48677
47983
653
80017
9487
30930
2342
26411
183566
13865
310947
38857
183983
3108
84815
2192
305373
881003
270719
156775
336544
65651
18843
154120
17271
37034
272411
4317
255224
60347
578944
170019
126315
29864
4131
420
13268
4449
523826
109680
226305
15258
8746
489862
4196
419372
145153
3261
53489
482126
30175
2951
4210
363454
67241
927103
726
114188
300773
166801
177161
645
215725
36046
7312
46534
292618
482332
416622
6936
166317
15650
6901
75277
639025
7636
29452
24845
208530
448672
11299
131907
92954
24289
299717
34233
77348
7607
411
642988
169841
17827
8151
43325
184101
32395
497136
444776
14753
2079
443896
224334
35971
4039
311507
11835
203072
19857
733394
10755
25109
169956
220455
83873
251045
79779
940
19871
35178
70658
9451
132865
394008
212113
11648
1376
7538
355723
70697
39764
6473
32588
362
7172
16839
129161
2233
26282
639627
649603
6543
1736
20182
133082
76877
43757
7943
169443
350426
5465
2912
222359
66204
3314
2609
26693
27917
133131
3178
24632
646112
4961
220030
8069
158231
103768
9908
178217
18344
16738
175829
28916
476532
204735
3516
129567
52004
493721
29440
148516
10737
68955
32696
210827
32012
11898
67402
8598
32409
151477
249551
62493
206140
75347
24580
7825
342763
80260
22156
18326
78908
7768
3697
169008
657
1510
273834
188951
8763
58487
4522
21656
176921
379482
483345
24522
215242
17671
4475
266509
136882
96372
72816
148795
61689
132412
29363
501824
446962
30018
127553
179799
79858
552496
29513
475012
63331
22816
31166
8104
106058
9197
440853
356643
44951
194509
53783
2860
659696
124783
37873
8900
13
13656
43606
364739
13423
13250
22444
42
129953
605473
8144
140308
13114
102534
179330
30957
544886
346472
4309
150677
216450
20497
39930
58942
28720
6744
50960
284263
228710
22752
206869
10652
4676
18901
223035
14606
203852
356703
31063
7962
4557
8899
59683
31819
51092
332965
698107
176264
3763
63599
56198
2076
88147
104840
378543
197759
249888
574944
536
23799
181407
45088
2759
17091
144380
157665
97024
128936
60413
197713
395038
106589
159373
533095
14621
9258
614
157110
18222
161719
29532
9280
121249
16512
341954
5160
9952
20363
436790
26660
7122
68195
26727
126114
128216
346140
395937
21851
189106
36352
42520
13432
24175
8244
109614
7690
11397
163945
20121
71523
5533
334386
63489
24351
124854
83693
651924
97763
177166
313251
21626
9913
2552
218148
44310
1059
100684
122834
151668
30481
415499
28255
20787
29208
68114
122077
378557
17763
395950
27494
434139
162597
3334
47532
26283
224561
22362
24307
33643
30440
18943
4518
1327
5811
258259
20949
31104
413230
29861
15190
397581
13900
17377
206581
4721
253676
17776
504098
70272
15530
79514
80753
470514
42209
154197
592748
197574
27042
189646
54494
161833
4295
721580
145329
4123
21352
10449
834
141622
268109
323261
53471
204055
21532
298713
45436
3953
979
185658
6897
11686
24820
215200
51074
6571
224935
50625
1491
14905
127894
445993
31692
193601
35967
191128
277083
524381
67183
28278
126220
508327
105539
14796
28132
551
20695
10714
22902
429
61549
794565
601323
43709
18961
624507
15725
167964
142714
106985
41803
156755
171706
14216
83752
254168
26527
668046
36627
4913
1881
497
64777
32667
31866
57825
11467
19166
24262
4453
624970
117772
640399
27932
294013
13285
198410
1321
12054
210955
10217
2372
129028
5981
360110
7487
19362
61257
94342
21333
218610
172038
14012
32880
637531
34357
107583
763
22820
28754
28669
250212
53712
160273
30411
50778
25631
58537
18356
29714
49253
306076
14131
82506
30606
94859
15305
2911
2244
5577
6368
38281
249793
11561
13748
118720
332804
669305
71380
28950
3967
1110
631494
46824
1182
98568
806540
25026
907834
4674
2818
561773
205
57711
160485
46333
27764
152999
15576
85106
163700
92460
11977
191069
24010
25352
17191
17595
36690
642438
20511
432451
506305
340289
15536
5934
10635
891268
41651
16790
45266
212337
31901
28337
863
48708
160734
512060
19441
549650
41003
20857
213485
201942
252480
6951
21742
434712
37167
28907
12791
4323
398175
90197
37263
20470
194855
74487
34143
11875
1013
283222
272569
19767
18965
33346
868938
3380
188555
33078
490820
19405
153597
25049
23457
9669
266468
740373
402276
18917
2521
47428
14956
25988
11926
210
48103
65435
19602
408926
221819
3677
31963
23397
162438
52009
45393
12250
211447
13354
145933
389914
50082
547988
273921
544455
21795
24119
427540
163781
7794
69005
149054
1344
72174
12526
4180
147971
74733
307207
22273
95124
268783
242163
27467
12279
628282
36289
139273
22954
31992
340561
32487
21381
36295
9991
28554
124831
219792
8555
19932
26695
584319
151685
13530
9468
32156
749839
13722
242509
349949
110395
151628
11443
31841
10979
21911
27070
13502
129219
23160
239368
179639
9543
105353
90552
18501
46225
233208
26521
536654
1921
111358
59945
10735
10986
255515
6473
18759
4639
212249
5363
150889
106702
14386
224012
16075
149
12969
210329
17024
233127
2443
2605
435807
1835
1334
15555
239025
212034
16199
655981
228006
12218
82821
63478
6952
107736
15776
447229
185090
29014
930
369590
509
200867
160864
183017
12736
10388
7632
561
274084
534485
550103
942
266947
36021
1998
66183
14024
701
1924
10359
5144
5744
138601
74571
100404
655
14673
50731
5832
12780
398508
72833
260444
519
365550
11188
288258
19687
128383
18356
11723
20094
40950
158768
12099
500941
395554
273650
8935
1710
3144
11996
133046
56724
45072
14142
5285
17508
104057
34490
289482
9445
10157
9669
213299
15603
63749
617153
7034
31370
30869
181862
112
32175
1204
84877
11745
399590
4293
48853
152328
107981
612268
18395
2508
79556
196746
132593
49428
12398
131812
691845
119755
62445
367
150358
145730
130985
118
36018
17025
28612
40088
184959
628654
132268
43489
94868
10645
42186
315
28603
141193
1671
749192
1216
48317
18759
14698
553610
23410
482652
4548
13013
552813
5145
456133
24782
203878
59567
316449
8894
137519
19591
109047
42122
25307
354231
233614
22087
548913
22875
431252
35795
160206
50385
19704
281318
133384
27941
443476
36927
228348
118161
580138
1150
24473
6333
100218
24435
125941
45300
142165
421365
259937
6428
8553
118620
294554
1219
7960
8647
6920
449043
252798
21446
503994
244293
12017
9194
312623
425468
2227
248942
218580
32205
416077
19581
31443
18036
2989
4745
89021
237268
228981
611292
1520
51778
148322
292941
233203
13184
12418
321797
628408
28951
18010
70865
31172
1128
4778
68556
8842
15537
29923
203464
252542
63256
76212
155650
9475
5806
207434
35414
301307
122991
31009
16131
2793
25554
7594
290415
12914
619546
153372
55028
909498
122306
24654
20
7750
29127
13317
48
5662
119219
1406
129746
233222
105472
83618
14072
90432
6403
21453
36398
604914
7209
15168
20762
26008
2303
186995
24408
3
395457
139815
180699
474442
26512
14776
7564
53645
144766
2599
90126
163973
34240
406199
501165
41312
68846
108096
64496
413806
152479
27988
31603
18398
22363
628
38899
30270
451133
348
21571
27246
30507
15403
2137
10114
35046
8612
35842
41394
32451
471647
17878
3700
182964
42070
24337
6211
137113
162743
371768
17130
134710
65139
23789
438789
94458
21390
301899
65688
238825
4521
5355
576393
180355
18000
136357
9509
6044
164352
72917
11486
16336
536
59311
74465
50490
43420
1179
19596
2857
16226
343
78735
20596
37639
331331
191149
3847
131923
5495
470
226
106593
20822
173254
14550
161
17920
29489
217996
103965
12362
163526
257670
338876
18902
138080
312898
23373
409512
702961
414237
1285
103647
291263
25392
539792
12208
229
1133
30222
21900
304181
89088
386830
1891
13985
32526
138530
81191
421576
10350
198315
19180
346691
11057
131737
262598
23703
2870
708
9543
74049
79485
3790
7635
305355
39705
283
32679
132995
208379
313475
12854
90717
22572
7050
11699
286041
1621
119552
155616
147387
207507
58931
11614
171326
157652
70141
12535
123448
20171
49833
156996
27668
11154
140
1446
150473
241798
255
237
32669
13326
145186
7279
211481
425385
514370
10580
295146
6064
196184
29535
171954
99646
493300
62045
352257
114305
118865
31891
10815
294361
168499
7381
14748
28335
391471
220741
52597
23575
255735
70715
161659
142843
18531
21310
10960
87202
104287
3591
299589
8045
152398
515183
38330
799580
562563
3195
11532
4700
20804
66381
394812
224503
4243
100374
229728
4276
445152
830110
28382
28770
143135
348668
4052
318
6693
248155
123615
120345
5362
1124
150506
141867
333882
186269
31899
127934
39730
308934
4870
36532
703
18754
86214
646113
3402
1870
108
28765
26899
10337
26838
2105
151088
39675
22424
17560
283870
26579
3456
141640
32603
5092
29316
28724
3208
37327
158639
11819
383011
139419
157023
2774
27922
1846
341245
9538
5192
43443
30026
44112
272134
167556
9412
20573
28905
24599
539657
159069
18808
13425
419884
362088
128292
10149
2283
3854
4230
35212
10479
32488
50401
28516
40887
99113
28988
1613
453942
236216
4346
180221
11348
16521
433489
14570
382258
253669
81475
665542
16602
159357
31184
93896
19883
50160
2776
30227
160322
249621
523599
9034
27279
247201
80918
634242
19909
19580
100
45507
138
5407
25798
14110
580244
3565
42184
722716
16773
228845
191
28036
46072
57764
16905
1383
51210
7265
240968
7412
22009
53770
32205
148586
10348
599857
15518
139496
86432
26182
181064
635608
3773
232761
433345
28747
10245
169499
20069
17952
233967
225860
191862
111
83820
1459
13872
156177
59630
191157
363308
15290
14200
396368
312874
19266
20333
7826
38016
10436
30933
22108
495162
122032
124241
179035
10542
5727
214193
27806
194651
52077
309725
186707
318480
190867
15766
6481
371211
502713
90685
55034
57483
1875
32076
30910
133619
41772
1804
172694
95458
112496
37809
429009
42182
119007
241844
32430
409446
295803
10878
25337
5744
58912
30147
90999
6169
75360
111720
47005
13009
65620
1214
102923
242548
44221
385768
516408
236629
31089
692270
73780
284143
121577
147868
24224
11143
435321
27746
205842
34468
416520
5495
359588
294743
122584
642363
111064
10899
16546
408428
35793
575701
33600
20210
58784
1816
756
10984
69199
8039
261849
14788
489360
8213
25217
237553
42712
126785
331845
309598
19700
2333
34694
49274
26055
297133
367817
2114
4601
142392
181919
74554
50957
20734
34379
11878
38442
46952
68710
19242
18950
475622
286
378398
145813
262910
189416
13923
73564
881202
25096
306000
104013
6159
19369
20619
67670
83
30029
164459
188580
97203
533228
331658
61974
153660
68979
7300
632648
3769
47
8569
41422
13842
312395
128811
25789
71190
241882
74066
384425
1612
2628
4548
7545
49211
27334
419764
6655
260211
525429
5724
2807
257847
129344
43745
416688
41336
236907
279069
89599
54700
298255
9897
40486
610456
15373
97497
23412
151620
18844
472810
56258
40304
10433
206727
525875
28790
240093
316562
540024
17364
12805
31866
122775
20701
7896
473409
14487
27843
119487
158427
3606
24703
11570
2245
194967
51479
128476
18311
537676
12020
125121
25252
18516
20152
62962
701653
64106
39361
104552
482508
20632
33572
235394
47330
4466
119537
6514
30319
262621
15520
2774
143334
295686
29512
265430
140838
11473
291
26418
10979
1460
402811
869692
181995
9880
19728
37399
12728
92810
11985
44306
173804
3935
44406
81680
409997
102332
19843
96956
16494
31454
29335
559605
64621
8333
6238
13148
13461
85755
34003
4711
24771
115490
590266
313
26264
94062
114708
622474
232642
123374
851
7676
288241
7668
5989
13252
167405
47632
1646
157499
46271
8248
20369
1794
1542
5542
8230
60821
5190
265862
144270
380975
50349
12371
59329
44111
4286
31471
115451
194725
25073
221025
63873
204450
5756
26246
14856
150286
140202
195561
29438
10605
324310
30185
158754
21586
205107
16216
118856
433592
693306
323580
5099
19422
2729
258471
20362
123340
3989
205994
494607
6286
79274
15128
3139
6771
21083
35413
617846
1548
145620
1887
33733
51768
7669
233696
23439
107909
710858
28343
10253
54593
329131
251393
15039
22483
17388
33551
6495
13764
5495
5543
43228
23007
51990
558273
2460
75025
214012
3607
518562
5089
7185
29666
44903
136475
192865
7131
118608
25133
56909
92939
111341
967
2378
8487
1081
11644
5757
381667
21336
68713
672568
236690
114670
333536
1445
39767
82698
8539
132086
4394
317858
247128
677
445726
5192
7412
330304
328778
23879
22620
583244
208056
82848
11258
3489
51869
215027
241291
13604
60284
4273
23123
20867
218016
3802
16360
1617
7728
22695
54242
1554
15194
17289
416769
288057
257432
14188
163661
55204
8852
227935
27982
30627
548576
627
51870
607145
9534
23402
235168
11899
7385
348247
58986
121081
29275
28281
49124
38261
354991
139480
24635
56420
4304
73497
263531
483810
83350
105546
14215
94846
497111
165437
62849
7253
11482
247930
175963
11977
487023
331354
12582
356828
7897
15694
426800
115383
24448
290826
1984
5913
6288
2004
30162
112363
25176
151853
117407
17255
8433
32059
5125
81891
390550
51568
148790
13968
90540
321
59987
28090
241609
12774
490457
82798
54125
553865
77485
66712
2432
20889
96325
3576
2203
40409
32964
6522
146174
297
19176
23219
4021
4081
112070
8302
20934
72220
10867
10477
161112
35385
4493
41048
171489
22531
4105
30208
12775
261060
575672
54148
87825
95482
347
71929
29140
347726
22888
2876
197021
3191
6296
73621
217872
53088
32782
47151
22385
34920
177131
280454
101341
206557
457050
13113
70609
147797
138849
23474
136317
5979
202142
2190
237356
121443
398650
196432
589667
8353
24756
7083
751
105019
594341
1047
335607
594966
28280
31202
3741
53980
326656
650891
9411
7801
129343
16962
318168
227386
328
1689
411636
34946
170171
72213
94010
94268
143197
465
9242
2963
12631
21828
129919
30349
377537
193271
31630
17720
29417
182038
9348
69841
700939
3786
144316
224
155399
78357
521
15553
18446
115995
113644
36771
78644
32222
6866
97589
205955
8269
91140
19965
237714
15359
8717
9748
8666
25303
343795
198206
327980
13308
6346
8301
5362
107805
201519
121254
7034
9523
86933
47425
469391
258330
51577
3061
58089
43517
18145
1204
285551
136013
248
8996
37716
25283
1898
123670
46158
13709
71025
21238
64850
12435
34628
45941
114317
247184
6237
30505
185648
292441
24432
13052
243483
24765
115055
534
143237
318331
89780
31163
20147
50470
56073
25482
2866
84668
10592
286399
56248
416090
67836
532717
32039
2123
69145
23727
846009
39463
404737
104917
28433
219678
11856
1099
28714
30306
211995
37710
36974
3206
74874
38511
23811
1660
25475
45454
29948
12988
14506
429182
267579
5565
21403
117548
54683
26494
6526
19932
28224
462659
237616
64949
1844
13887
11605
3449
416433
282223
11452
3248
166162
27925
52760
340602
481209
79227
14544
385187
160375
234492
87277
3981
129781
138084
864372
145188
284019
7911
147881
62890
9006
17459
193640
215175
209649
157466
15089
568764
537516
77307
513
133933
6037
14568
5221
29253
1964
304584
12766
10328
24108
14196
124726
5080
33695
627410
10576
31287
4432
9237
48297
573041
65154
15303
786114
18361
26222
16958
16932
90349
321
606718
40806
274629
140303
6207
14209
5634
14528
15047
131545
23110
249243
130784
8830
14238
2993
532
1654
28607
361513
103856
12743
438484
458093
193047
22028
10490
232200
50245
582003
55233
2404
5802
59542
22246
4048
408696
510674
15903
172052
42997
22825
27786
64490
18686
3511
28332
17775
78939
10396
65510
16786
31503
320767
125148
157696
76204
7101
29131
692407
161370
206591
171143
10439
79
390818
81113
105188
188712
96622
9113
19406
96842
32031
5412
23355
55255
72602
367101
52541
325934
66220
183321
59770
4623
58591
217290
385617
558410
23407
290258
259221
71155
46852
327059
43926
15382
29285
22659
494211
392082
159772
171917
5514
89113
52204
29697
176663
268
5442
13320
54058
148199
246545
16845
308187
48553
185467
24997
32291
43228
424831
2704
357277
7971
334900
481336
526899
22929
10544
29423
31803
179748
108908
146997
11696
192853
18158
14689
144308
59280
21050
20363
110567
74267
125702
17845
116873
3877
31638
121374
232512
461517
16323
140786
131769
19779
354559
4445
32058
930
38207
685833
23202
240970
273674
10614
6094
139256
17168
21843
70606
56279
2374
6001
278426
25732
5099
174134
166318
5100
22266
40171
86821
45375
51758
624761
122493
38723
6614
25962
40819
1343
774204
231870
51223
23865
319444
501445
551774
190149
747
232018
601535
538895
205313
168762
44848
87977
28354
18677
244662
162756
138362
754979
2391
48163
9147
458516
228411
24258
538629
413885
58531
288950
29334
100010
20762
72578
5402
128384
41875
46423
30635
474087
21595
184290
47790
306951
1210
30838
20417
24267
39084
15186
25337
66741
7098
21827
234247
305227
157077
22898
26130
40401
122827
1229
287474
20447
3519
381610
20945
25356
22397
5409
42413
19352
13273
123616
53958
166945
77794
35022
121876
39553
22032
30541
404346
557212
120159
32707
334724
838639
17949
134693
110205
285261
224626
8725
755224
32232
2738
147558
25905
2078
83960
23115
16720
144231
12484
1220
404470
50600
291543
481398
423544
80158
28394
19053
12024
72398
434253
469746
18101
25671
406323
4022
72889
347993
9427
198712
307106
87942
626204
3222
234508
16890
627
564664
73027
12723
163727
10522
355928
8600
329772
20236
352993
84852
26563
18796
31644
25883
325490
16036
2400
48299
33579
28881
59609
270
384780
153624
589514
141647
143261
254814
8675
44888
134364
64586
138639
181413
536951
13700
18731
1814
145304
254751
171221
4441
274817
5113
75827
74372
825671
22529
881
2170
26174
485453
342178
8487
11744
3172
345881
29486
20154
12495
16797
155083
162872
220753
1552
1540
22304
28841
133181
433080
55244
161842
40906
22108
9573
26697
58628
20277
106918
24253
392
283074
10366
2898
438839
27549
93042
22055
2240
9213
42082
546
520121
2936
244732
447303
25498
20324
8593
23683
11069
12690
152862
6598
33498
118279
72822
517782
1099
100538
4938
25563
6716
329266
9437
25442
239950
348393
14952
164216
743588
7192
264338
2535
14709
160753
2167
390797
86633
14693
10052
31689
41786
548
98441
153616
22423
347975
32802
18638
34666
8149
205655
6385
37730
425414
71148
17043
5937
54326
168037
179463
21301
709981
18735
27742
115650
48592
17501
10597
38175
4942
932
55432
31844
52256
407400
368240
19006
165987
242324
389538
284329
516102
171246
3733
19189
31690
274069
1433
23870
13356
193419
148712
82821
26506
573132
234977
27615
24964
6936
264
32222
30590
8335
223
12191
511469
20597
88165
233461
310261
284728
41639
265058
105888
642347
13922
29229
130850
176376
8917
478188
20740
281431
210213
206188
21796
176586
419651
1097
19352
40983
20690
537298
606006
405591
25264
29319
175
4262
706547
17405
300757
19873
6998
15291
1400
47737
116663
612493
7351
499282
1410
8521
17136
96699
25797
225794
92528
15075
61316
94722
172113
598
94996
214590
8747
25260
92724
48982
62662
343231
46580
13423
57759
1215
36727
1299
4702
96813
6464
15907
27913
123456
19561
18992
31868
336023
25812
206811
83081
27054
197568
3079
580
19467
210812
23477
62451
24689
101182
8138
14869
3288
14921
228819
2434
8689
4878
242392
67448
43357
624324
38311
141665
124625
3092
370
18924
175507
21994
159495
81700
293145
29716
5088
27488
9186
18228
24478
98160
181416
401989
385658
37489
454023
259644
57926
100813
245559
53681
333859
14545
662238
44802
6032
414
154520
26025
20813
13782
15408
514
267439
519559
99872
27469
11999
41434
233602
31359
4584
3184
646729
76739
11802
523436
128906
527293
55901
7615
17575
196442
229787
24445
8399
504411
92225
11132
148342
6862
120295
40358
16287
101606
128433
196920
6101
10474
356411
12148
392054
246077
362500
24559
25020
90580
80069
15319
16841
29595
35793
361143
10818
117790
50135
149082
46005
17310
30801
59582
45899
344311
27561
78565
18314
8394
27172
1696
27126
7660
457809
66745
27713
34098
72751
5526
82101
165342
28054
457653
217656
23087
29424
181350
4918
4960
60354
417150
315069
4198
3317
101843
129692
98722
110236
272540
26237
132587
13207
15609
484711
15712
164947
49099
112898
355546
19369
526960
437779
26385
13147
472
15512
134993
17332
108980
69057
642
26737
35233
199823
26288
38943
69143
24262
69891
17781
115724
190081
16053
22181
35910
36492
125736
118
29096
373481
14696
419211
278387
31353
101285
513692
72105
11444
151808
245211
38422
14270
126903
10220
6782
242562
22873
171903
30056
251030
5985
610925
221749
4681
11367
62252
126002
166345
284098
6453
122048
168870
338131
264936
5491
17504
2506
345764
32715
238884
9106
730737
374158
29474
32873
162614
452467
204689
478
25557
111329
249339
16514
17757
101606
8227
54386
9561
19723
17173
11978
355243
183263
79240
368804
2784
6299
19531
6813
127698
30130
352331
30741
43054
38316
107015
12747
18337
3699
83554
277028
263068
44759
8546
243304
1376
256831
111855
13205
17382
342990
49062
150141
259418
199327
792284
115426
602436
6660
7007
25091
97345
28007
154393
321434
57850
22406
265794
12569
151145
93402
26404
373240
16183
225879
535915
30139
111087
24743
1686
539648
24584
28854
344552
444565
238185
42073
51330
21477
217312
294643
392057
9822
24613
408887
2696
403855
23727
2232
159550
372248
39960
128907
19640
7433
264239
21127
3378
22286
228016
137955
25253
22321
77628
24112
8151
4789
91954
135457
470868
54024
20416
31374
502654
8088
14249
10879
47205
44793
1262
565160
21341
547450
54118
355822
108565
187255
243887
254403
602115
18673
9222
32735
100
319619
648
31613
176833
194647
4568
62
154682
108396
127821
5087
108896
131960
190070
31835
27727
750142
133977
80321
276504
38453
24397
24254
52741
14213
107
407107
30805
797
113673
1380
198544
12373
86045
259056
15430
2178
136342
888
134334
694530
11900
43703
14748
17527
4855
10390
63746
349659
106795
283355
14667
275640
733423
29434
85868
74845
19864
110806
25057
257826
14136
39101
9113
15053
23012
135473
8126
14801
7390
379816
115132
56421
213569
39729
433715
19473
2385
32303
16513
5478
96519
223277
8923
238899
44935
117031
263043
17979
102949
46916
597245
307335
87334
684169
154898
92961
93195
782
52048
11735
17170
30817
317297
9717
65268
224662
403
30045
25805
23606
177660
42240
9256
7880
156285
258582
26870
460293
131445
7117
53403
168937
15013
18721
17154
83457
253146
18819
114763
31532
23403
44099
31164
31436
125461
6658
1846
10021
416343
37690
79348
11824
85122
28658
256260
9271
37880
11883
11949
1519
339340
49385
385167
90632
31582
41335
1427
84017
15833
24872
6870
27354
36269
260825
16176
121671
749730
29288
23475
276382
583979
19924
15862
199703
7395
67938
181026
12250
490455
253492
1006
270106
609774
503906
91628
12560
40808
1845
8762
22952
154389
22787
408146
52676
12215
588953
302474
18900
398
24446
30775
92041
11103
6081
28174
228350
7463
276040
345
21318
28189
13949
317481
21499
213191
17015
95929
1445
13012
640
224396
15351
30288
73101
399157
4248
294425
2199
134987
34668
168882
44417
558772
178754
355055
215952
224578
17142
4240
158423
164595
20646
19379
19398
333423
15014
95816
26708
37308
549927
535
293839
64714
54679
14893
481318
149214
1092
45458
26493
176022
2965
17847
30902
57500
36505
71936
90464
236032
69033
13339
97462
311005
76955
92618
38080
35949
349
1997
31020
18907
183849
497566
142746
18324
14723
13041
5380
2536
54086
82695
302810
59261
121458
14220
52061
86365
70416
32367
37584
398875
35661
833
117826
10918
7254
253299
151014
130993
11495
2126
277519
133592
26651
55469
421307
18757
120110
76471
897944
437339
107840
173459
1291
429830
15387
185624
4440
41948
10722
11048
164857
5143
8066
28493
148213
88559
21956
22235
62133
139941
25264
359030
20354
280152
632498
7465
48788
30516
9801
339589
283080
179944
71649
546942
71000
68387
8112
10402
24744
5737
80698
25304
320796
123558
114290
8367
431810
413599
25531
5167
385712
594120
3429
4547
8907
1170
70314
25679
1782
113165
18286
9014
5814
22549
3252
294445
193316
5839
2519
60832
3935
5552
16085
26634
232678
44
91196
330356
5474
201942
15253
26584
84345
23052
545926
217186
15461
28178
64993
47092
4583
117823
25400
165185
88137
395014
13275
31293
85583
64030
248287
8448
448280
65030
23184
28330
27251
472
31420
3014
527042
31976
58550
100028
420878
16541
794
32279
210033
89013
26043
15715
407229
17166
212797
5122
62193
4641
17891
118960
32630
181941
1957
806
9799
4476
168477
174050
163927
24013
409954
147019
7521
5999
433
430310
49989
105073
23590
29688
433663
89968
18433
15357
174532
32398
42079
6167
1435
545151
11110
351915
159541
30846
90594
11366
430763
115904
334696
236128
393554
64171
279832
23017
21797
734046
313675
647923
24667
33673
2153
295923
751334
16145
694191
474777
194937
49122
176883
58673
34910
2780
24099
121611
8817
486327
6230
11018
584271
732471
11422
273700
3428
33454
3145
47947
28911
2961
129306
7787
15163
9460
365546
11409
629414
19615
29710
52199
1253
88206
499668
14750
2082
28510
15205
205283
71307
68003
19700
315872
56766
21855
69989
199932
4865
32170
5189
280635
20926
326373
191960
72276
95515
8959
108872
15390
138061
456831
64787
165650
3093
1142
40588
81714
43861
150883
6844
1118
11929
610324
32220
492267
18218
118059
67362
124799
200274
691236
14649
81670
7122
225016
139819
309519
222178
163086
4644
196426
120386
312837
278284
437901
1966
53687
92155
158156
1436
26490
269079
40365
64996
29520
7069
7482
2019
520375
118273
45540
318592
34810
252534
51204
197268
553919
20616
22601
641686
103560
499091
15348
219511
210391
95837
125617
216381
245384
183031
309524
7439
28027
53393
13817
20063
4210
338350
6989
26194
784795
134567
194330
10540
427295
13424
83181
339979
80686
88238
21818
342238
12122
92496
59200
1020
127975
118592
25284
13062
2714
56313
781903
5402
342388
282367
19840
137313
87605
25302
21598
32258
295382
558323
129609
189457
24813
8436
64719
474051
18034
161124
2042
10387
62936
889941
27795
33895
29637
1448
24814
13987
331822
156509
4112
6517
44000
2961
13038
3716
439903
4526
310215
268605
42036
24325
13241
505477
32231
259505
63540
2473
20704
58602
186728
1181
339325
84186
40411
43815
199307
24668
203653
255912
103405
5634
151777
36701
438823
15540
132866
11809
882
527186
27872
113904
275498
29586
30605
281574
24856
283191
4882
7623
22020
9066
563124
279108
1344
199772
177288
26496
1339
258042
16098
33448
3690
55530
232356
633559
75570
90973
21091
131403
18497
203754
403996
119160
119387
316511
554618
139124
11651
43060
223236
2954
106559
353852
53606
44768
20930
12768
25285
273563
10184
5580
1526
605242
125361
231939
38447
6002
15469
9156
220189
34968
384314
652170
1582
29266
30602
250259
50306
26527
197442
3
407549
223042
47318
7536
28916
60226
123010
171821
57967
135803
480186
366270
704808
302833
49217
202461
230602
6102
4736
102844
34335
38214
31093
59865
121298
3883
102593
4364
2200
53395
10728
272638
7817
47040
16796
7595
18440
33531
56518
46357
36526
59659
27049
396902
309306
73238
31071
383
138964
2229
26613
46061
7925
86262
73443
132191
33105
139873
19983
16419
136805
214133
20777
170931
502351
30977
232398
100466
55751
6069
430643
3481
729133
243324
280506
218141
3374
50792
295684
226486
9927
57432
188628
149330
436469
29489
60342
497450
182458
31009
186167
38612
12007
160705
304389
9528
13391
811292
35527
41510
155072
75768
227770
98701
19722
7790
150689
61442
192899
557
6942
239084
85920
5493
12198
47483
87711
7635
128685
107938
309279
348316
29688
19858
23590
480236
7580
24931
36902
10345
52214
69002
23528
592077
23030
20902
27145
15380
47740
4801
244561
333738
12761
402
53416
81750
63675
7632
189502
70457
78777
390645
20112
42641
30457
22319
166009
18584
41900
18119
9533
32130
407776
130156
135
626452
8231
25431
192286
97248
217
16478
14358
231979
23747
36779
34364
296538
334338
22119
789431
4156
1235
42169
9558
268022
14559
15813
3836
43862
19701
21568
720808
10035
19313
10820
25106
42418
25641
378793
24902
7574
292191
47116
12210
299618
22205
304438
80461
110128
6055
28797
590
18229
27124
29482
337537
144456
305304
308938
22683
288875
2557
45473
138842
17499
890
86399
5158
14893
23550
256287
53452
22174
290613
19250
17913
2780
79956
82546
28457
510656
27999
227152
7598
20148
20752
267426
13277
440490
3548
31224
213221
23189
47502
309980
249635
30700
149087
217043
20890
40110
56251
18727
187193
447769
101847
122809
489
148192
99264
133623
189
67747
111173
32079
454127
3794
423966
24447
2232
69922
174274
58422
131966
31608
889958
74713
612403
53229
875832
4054
6398
124185
166732
334040
330087
31646
16893
22407
1504
27379
16467
493801
7405
8379
273490
46570
19044
29803
637951
61940
45915
144951
36596
18645
6565
315454
27386
397856
196678
36955
16539
9942
13312
269685
36722
565918
6312
339799
29483
16474
17751
84054
17838
20594
18390
117377
24672
226378
28011
18903
519139
332739
30715
805
359597
200112
26167
36034
600351
62402
310128
4083
150099
13645
22323
318617
78851
34484
4988
202092
86308
13209
458632
171800
575511
2510
5277
51641
338508
7271
2351
31469
137539
18920
199123
27969
465000
109
7187
286162
8811
9873
134581
71130
143205
70817
232367
1665
198022
24714
31593
108164
363710
26189
13994
182250
150669
186521
29418
244562
45711
217391
107719
16005
27713
36084
518
477271
532526
17286
29067
89491
136179
11463
42580
17637
16813
27932
15221
122280
5567
34676
19223
283062
221103
78829
283513
75565
707045
349750
1081
223682
382546
665
133720
8176
248170
6580
55888
125229
625828
164191
8292
467908
3100
17082
11783
23119
97329
81734
352767
37817
42608
147757
8146
108156
262466
269738
30494
512341
133439
139049
191
97709
68
34466
81013
123024
302
349705
39929
18446
13048
326024
650
28566
24267
264817
37535
41590
100875
371138
166372
192465
212426
330800
25512
483573
34259
29386
126101
9603
52539
8743
18041
25025
9044
226500
4023
14853
3514
5011
376786
1455
50370
189439
73209
4096
10259
15897
702140
23516
220675
20737
5738
179528
289860
27401
18094
26914
84592
199790
1495
234691
17408
2444
85702
180622
821
20193
125934
305324
457517
194848
112843
2239
602778
14848
38296
2384
26000
33690
298600
1207
20612
122
23041
2242
191516
15535
115414
84410
8490
66443
398092
729072
42073
244030
19463
42991
127107
1563
331700
41687
136494
351037
324225
40636
122565
35393
131642
14191
197083
34218
9642
15125
17488
5465
206476
17459
177523
30072
54596
200429
4424
138823
246090
9564
51052
44320
140258
28538
231492
10526
315319
3240
1075
473015
123248
32797
100081
8177
5190
112084
30450
10364
308210
288790
7921
84742
6836
249177
173721
14193
20099
32063
20284
31623
116217
48
3531
90936
213608
3207
6966
6674
8978
179150
8532
467
41887
173568
903
73616
461532
31579
44713
2464
39569
445186
54374
466909
31552
21164
14115
546
301196
5980
104630
245637
672586
663109
28804
44982
12611
21358
43205
94029
278032
26618
115402
285283
354246
1679
351654
309193
87004
192090
83505
11895
34348
8669
430956
28949
27946
32555
307142
5816
33991
45808
97558
17318
32158
46215
169569
16028
2096
628181
154640
113077
32406
632955
228638
559831
125133
28086
2334
4847
6967
2488
125538
62117
62801
5873
7703
47246
465320
15195
682507
381465
390094
20244
504439
22908
11612
13973
337
390158
2619
561865
40450
45355
567
54077
143754
136393
5458
54923
296560
205158
46363
260154
169783
25119
20389
465669
2266
39390
23919
187940
11498
186194
16360
116678
17582
204085
258414
48461
407017
112088
310664
22582
10282
19328
41881
9529
8973
18009
12091
5052
31818
106935
61945
91299
423834
2529
81192
226748
86279
24565
10566
72029
14641
61193
139
14172
27774
295726
636689
849331
138744
77607
7837
18360
78319
321688
554433
240237
21463
230830
7357
23667
30492
178237
19308
89282
854293
5356
380281
1425
2023
5864
170909
1950
510168
351000
68775
450
40159
31999
296131
126767
27126
414911
38096
25965
113956
68890
28405
62076
24071
23960
202142
401382
25342
193471
106116
141673
316989
262399
18469
29085
34257
1947
936032
2626
5516
119066
89777
13829
24600
123794
6192
267877
210828
9715
9622
5300
34630
18120
216305
57341
98473
8249
28111
54785
96952
2637
10225
2948
151959
23780
23313
157671
6528
1086
177613
23248
61423
4550
9875
27607
492103
71264
1053
17707
19291
147222
31790
14125
54008
132656
7298
6742
96642
275741
18045
15882
3112
85059
571317
68817
28947
298228
228554
141330
8252
95609
224134
28050
31024
22603
52
285943
14106
330210
284350
203446
367983
219074
416755
26090
419603
115524
111580
3447
676864
435679
118809
17407
12612
117151
151504
45027
63271
10235
13758
454079
61529
163199
67083
337123
95560
1558
279358
3330
54508
140853
157269
57500
2310
530592
118046
70926
269930
80829
70783
203896
199917
120821
478109
60538
2543
29433
10407
22959
177702
279809
456667
118064
22848
437308
416045
26310
28069
286392
12633
2162
24735
262137
482340
396
5575
186959
396607
24631
126283
7666
422167
79123
15332
1011
224546
119488
79886
42
276107
60411
11960
833
4312
10527
103489
420460
171377
2929
1654
103558
29193
102090
21239
546045
30541
140587
11673
146935
41657
349348
2503
109786
422470
26307
60424
31777
24506
7059
22231
15451
366063
52765
522
27796
142683
138981
215177
273023
6259
202012
771929
672
25078
523066
3508
499682
1828
77369
227007
306822
125825
21931
9456
90928
4051
20066
104226
6227
52676
118904
173670
179799
468947
137678
508
152552
30068
376319
288043
435341
149481
22470
11390
44407
116096
279671
570
56234
89687
30294
27814
228995
37786
264333
21072
92310
113790
8175
16566
249400
3163
14407
263283
11010
28690
117990
16112
7955
2841
376504
19255
69012
50351
25479
401159
16102
837589
147
12600
17968
137721
15012
195096
17269
7795
19244
63133
5928
2982
282880
75019
10205
133756
224935
8098
5411
138313
90302
16934
536271
51590
12426
199673
214238
69812
11078
788478
17428
288429
140781
50854
256700
405
6499
2935
26046
9413
30555
13364
73773
3355
10224
182803
185249
19782
29662
5778
95903
315928
31496
69178
17656
280865
94364
57038
352174
55548
61895
231079
608
13829
392058
31306
158979
55733
71336
379256
666073
17702
143509
5805
29182
19648
62009
74755
432488
360405
54361
1802
18243
23680
6469
93818
23247
136134
176645
24761
1298
7120
15682
244843
555905
107309
