388606
241595
194374
13754
675874
30896
260619
124633
102867
1710
543457
293577
412107
294844
334335
124799
258493
185521
16456
14641
-1
344451
301832
393388
206281
716852
596155
311912
172172
-1
-1
58219
294811
235715
69804
33538
4938
331246
266664
558254
564874
-1
416799
10354
421033
71784
212411
551809
483844
446213
516258
103222
128209
129990
64358
464260
194506
303485
-1
-1
37959
457421
385557
319069
343705
214913
-1
13557
459015
97527
337800
271057
29359
-1
707618
294178
251513
208554
151441
419652
-1
400024
722725
85557
537965
185772
724388
429103
54518
541580
382874
-1
487643
100156
550207
454514
387811
-1
98493
-1
36199
270591
154501
71564
230034
57869
500238
504264
529470
116379
288703
314889
254665
237991
69201
211695
217691
269320
453480
469119
118597
227737
241202
-1
449269
-1
624589
183865
116902
-1
75831
67477
197852
449236
93115
659659
205625
-1
238184
-1
47682
111356
478060
273608
161467
678308
84758
289675
409369
-1
502054
370972
-1
-1
257844
769895
-1
751408
190629
195931
144359
531610
410654
84646
72488
19746
527081
51022
10963
17584
741705
219959
50845
303030
157047
-1
-1
290518
283281
125069
118552
214828
479416
123249
8746
68980
567073
152686
119083
16938
254577
-1
46542
409723
380583
159168
95260
387766
445778
140640
