166924
494551
-1
737685
192107
222537
-1
527032
459434
142925
290360
295978
429776
245580
186050
456708
454491
441298
161518
390575
502432
-1
43351
331846
567384
18328
321606
69433
687094
365882
205227
292687
96544
-1
313448
451902
649335
106183
318944
214216
193138
322484
510713
454684
335026
21283
430572
199095
98273
675719
416229
415869
414080
84853
337291
564528
434443
593779
649156
94478
571939
25262
153423
-1
18800
419658
396102
165428
47566
680451
119422
58364
595206
274343
182147
5933
325465
316652
233960
73325
555849
83999
-1
-1
266470
35103
558139
3308
1358
143424
685184
370688
404747
434048
116304
204207
-1
258146
323748
12209
665923
-1
-1
355869
434781
213455
-1
-1
286215
399584
547495
415788
341564
285413
-1
343154
25846
498764
615084
452109
283224
132277
180095
522561
125386
167516
171058
393553
474841
133994
-1
138629
-1
128539
670438
-1
748942
322165
-1
188268
198193
168941
130858
446949
143464
179168
12284
44931
447162
140339
-1
37968
418799
73001
533390
240198
430984
114132
519575
307735
166785
42876
354650
364545
111952
703351
205670
173747
77953
266666
144014
520452
68197
26368
19285
161719
17524
7737
410989
201614
347312
-1
579644
89769
301540
180974
186305
362766
195664
273254
211216
536342
486883
95460
21181
238036
203663
761669
295494
378400
85025
30864
-1
325600
158523
101494
780934
52615
545143
-1
62531
645032
62204
-1
86779
642664
448785
252509
100636
568251
12846
322312
72692
9579
-1
73459
391211
455905
123118
456088
392650
354565
625309
172771
4881
395432
167729
148654
123699
551684
260591
12534
574731
455756
69769
89967
307667
263721
234292
159036
389063
310572
318688
248489
59921
504213
335364
274515
-1
219586
81067
307274
-1
564419
25148
206788
-1
475370
511791
605331
165038
70375
637395
133470
623648
660091
338637
562235
56789
412223
66865
-1
46897
235798
-1
-1
75174
238821
131249
92269
339461
110612
420406
-1
177406
410231
73198
-1
468035
-1
80509
424861
102080
200303
-1
367874
-1
290642
401764
238699
244491
562748
-1
-1
329359
196986
240926
368196
467036
79557
7689
457
463802
119103
135802
248467
350741
505758
289577
-1
143318
199720
-1
460931
601036
457873
352536
105357
192068
-1
511315
196465
17753
171261
55153
96255
38639
48231
-1
89884
66508
-1
144359
137836
220167
341471
32793
599359
31957
254985
327492
137052
31807
27511
13503
125452
-1
-1
61718
384186
378599
301105
77438
-1
248794
382492
150436
48396
5841
-1
199911
314162
140566
559714
614549
686720
437057
205693
248733
188938
169878
364464
375627
314533
343860
335648
713048
76198
197975
267948
110759
414026
11414
-1
146976
486564
-1
268128
5788
-1
-1
24364
190196
527134
723138
154944
356965
86801
276660
-1
-1
155531
-1
610869
-1
406545
121904
89475
253482
99741
332846
289118
411320
492876
302108
131030
138517
281800
-1
410231
96966
283858
599508
-1
61011
345665
194737
564243
265871
702505
79611
389041
8874
195386
328524
717740
165685
153172
355742
124141
513297
215306
146989
317948
361531
128615
468967
-1
432918
627646
62541
537756
742552
-1
126357
356968
342167
707846
117563
246046
107196
-1
186832
-1
70729
13584
131876
637581
479256
495263
191152
444623
-1
236859
403279
101780
195464
-1
338838
62679
-1
-1
159779
286175
517432
189015
307222
28987
-1
372507
45322
722911
381916
577274
271371
508050
339345
46429
159864
178673
638403
16314
478930
679186
1724
-1
223803
517
544045
120262
-1
324150
367478
-1
201132
145977
494712
699358
402428
-1
485864
246235
210319
623706
296273
-1
464684
590023
16552
119453
157648
-1
161938
110931
433174
155740
565282
5258
157890
136879
-1
50611
134270
525605
343034
5667
435253
274715
555590
-1
-1
-1
25795
339551
418451
-1
319784
-1
97450
391453
-1
61487
70901
147462
-1
635893
218475
309681
-1
233939
538051
181258
528490
-1
378970
-1
22579
2690
-1
-1
364246
150552
313607
343338
369512
107794
91849
298196
-1
254373
352872
354305
258786
286992
-1
92483
315470
28653
751838
523313
480193
185876
83360
525151
316827
149307
32719
258502
242436
656713
336307
213094
219381
371476
441931
313522
428116
389325
610847
-1
52759
622636
573688
-1
187373
159374
294514
616912
344194
94758
127323
292896
-1
435763
282259
556557
376477
69254
190305
-1
606835
329681
-1
17579
169782
313365
663620
502585
-1
277200
148033
218634
652335
110003
546163
16564
112943
503976
-1
643494
745073
449371
40595
-1
374587
362658
292787
30383
526953
451034
430794
176124
177697
406611
498037
232452
288343
180767
12906
516955
129026
5740
168045
207258
-1
290651
414546
562023
236671
518634
136678
285281
467191
260622
306180
241619
335283
84811
254291
521489
269111
69116
117082
525866
241687
243755
-1
480266
299593
80523
545800
216131
17934
262418
61134
755343
240098
12677
45029
147360
127325
81422
75075
-1
172179
-1
366381
136298
219344
410205
628148
355513
416743
536159
-1
348307
15188
65591
211411
260632
64641
-1
196652
92679
145158
555937
572578
209488
325649
421638
380898
249870
49712
137115
141652
205864
596158
260891
100175
612007
258043
145110
98346
353831
597040
280022
59616
197220
122777
49596
450008
-1
398772
175372
592027
240252
205869
32890
400109
133996
551745
262895
96748
162032
109390
73816
25798
-1
169782
215826
627601
21970
463629
4502
315089
15540
634319
432529
421246
377854
423021
325864
197958
73242
410188
-1
65215
458938
303128
55556
340606
-1
285041
108890
603703
430441
225655
487523
330439
521048
90345
641929
283629
259262
320008
348038
373157
51696
91282
-1
78119
233154
281898
27809
273419
181156
647853
386104
162371
9495
196462
393420
123418
72782
505083
658826
623803
272792
200868
474193
338109
422689
23336
-1
410667
3892
-1
-1
-1
27185
262171
106489
195131
455712
187389
170606
98789
505967
174812
218349
87301
476459
521334
367263
101762
722566
-1
56310
783675
52880
245302
9623
151077
-1
137397
486831
62042
116131
34262
437680
285974
341541
377110
135949
399217
227731
256513
475794
478154
651952
432458
347375
-1
104530
205536
259682
238442
188068
555493
57213
89359
744917
185599
291686
243730
271943
-1
328395
385192
47128
137302
456193
379968
142700
82117
31656
463225
313962
32507
430606
55282
91851
525719
346392
205440
218315
391383
318857
111766
487301
350513
-1
358542
15559
133084
309664
-1
8289
199095
332830
269309
231048
-1
73197
569393
431548
132364
476044
299945
481505
311760
58855
573710
126615
72879
397509
172419
450774
96558
-1
228425
115216
394059
51509
522860
-1
117766
93666
646836
-1
