467521
73594
229874
705689
51766
438429
202343
421505
-1
332648
248770
272978
182211
54608
-1
228915
202766
28131
280112
37086
183237
264469
251583
259712
233547
535973
693346
-1
89198
87140
392576
-1
48689
390353
31934
-1
21135
341183
32328
268582
169931
91236
238343
-1
76096
222843
337046
390784
81505
591955
242439
-1
304861
354281
68197
248303
81629
533527
383210
191422
106593
-1
-1
86992
235961
346822
301318
122225
40244
655146
476612
417199
415015
312170
690527
631793
-1
305054
315677
108877
250870
99638
41792
11472
299787
430101
33361
-1
52514
605580
544618
203468
65954
328010
-1
180525
51321
245675
281003
346546
331674
82201
-1
186774
689799
46189
194686
503395
132721
184876
159919
363147
14976
-1
427055
426353
73902
45939
48506
202585
219173
117618
381375
73270
84408
444662
122860
431760
364191
-1
182257
464330
244694
140726
268336
378515
532492
546328
233461
563381
363579
-1
492727
247193
148818
68067
280971
190883
9820
182849
505833
124603
636783
127735
584677
349146
649640
73637
299458
714841
-1
287537
222341
-1
761614
95746
488411
489488
508287
165934
273516
47012
340232
240236
-1
-1
575205
96266
671667
259012
166962
300125
177952
90401
359926
-1
454943
463936
51531
133960
34302
359942
393255
665878
304428
109975
223566
4315
76471
375822
