599596
81965
209350
413129
48980
229943
183191
270478
509169
441020
453783
413178
387509
160284
70298
214513
478157
688807
115312
644518
309130
416154
112777
17534
205009
85225
423256
396005
139279
622612
274159
181398
226166
-1
226345
24546
513666
64014
107713
223344
413109
35465
74027
48546
36193
192361
11751
72816
384117
485539
189920
-1
596575
33350
596521
326208
7485
147475
5989
304073
27796
313121
643006
701222
256843
-1
476317
425429
-1
82084
427300
208456
710778
374175
-1
669781
89999
9339
259529
324162
152246
204790
344700
144860
-1
-1
73283
345873
373113
232220
151596
167705
126318
19394
-1
626252
552575
135760
178829
428288
309517
65122
37290
191629
676429
145763
211583
593381
-1
503321
24833
513722
541804
146194
-1
552920
43155
-1
36097
30685
-1
220161
388612
147791
4252
117289
557538
138724
93561
-1
40185
-1
94818
217192
279805
149874
49365
271804
488375
-1
526692
269212
81823
67931
116287
103283
11397
300481
239267
376938
7900
283463
500792
238291
79303
-1
61820
318826
442313
399175
-1
84861
345466
438422
-1
594754
77568
53472
70336
297842
-1
347545
212147
-1
-1
65061
107999
104403
303092
11552
523853
351829
470468
519394
297372
335236
545844
315333
93839
95375
437311
200005
526237
707038
423755
-1
669158
120796
-1
48039
395894
5360
360703
305748
282392
77424
184604
125807
273043
-1
529009
226557
-1
319442
339492
553342
87576
-1
15159
548819
156980
304662
239313
328188
618563
294047
98919
358398
-1
448382
23912
32081
117456
442426
318310
106858
425127
-1
120452
-1
-1
420507
288042
121406
29746
334811
51871
-1
132713
254416
477967
387337
47010
7485
-1
443081
107876
35852
479245
268567
539579
689896
362902
528359
-1
8013
9254
467257
-1
449713
413393
-1
265987
-1
-1
81689
133680
26129
540184
154348
272822
36006
224014
168989
4614
241866
306262
573980
-1
-1
34826
245290
165394
-1
242609
380016
485775
203631
292543
86609
-1
248177
184858
329677
414276
378804
156747
99778
-1
207155
140152
-1
454301
45453
542217
129259
4012
296757
165321
224456
-1
195414
240884
92299
189281
-1
143974
530346
237925
66726
-1
224169
38377
118966
100916
121333
278313
40313
388153
577250
600701
137117
318040
-1
417679
175433
143817
74958
206008
542858
592199
719141
180963
21163
120055
193278
418709
194843
414039
259604
161661
343100
668658
441813
265913
23066
-1
-1
281625
7183
338081
33658
436294
292752
-1
43436
332795
202833
256309
47938
10871
383676
85716
331042
410749
364868
108109
-1
219278
448604
272602
145112
120730
96139
357507
312541
47478
56004
526834
502204
