70659
320907
-1
691574
32404
636066
86471
376285
258514
428734
58650
263823
174325
-1
140236
665022
208004
518391
308772
484317
293157
-1
108508
389609
246478
185891
775930
24799
435647
647068
61722
102686
-1
4090
74393
311478
33201
-1
381556
65096
174105
448534
138863
-1
-1
261237
92335
-1
350975
256340
513243
13318
381364
14369
220904
-1
266615
148176
57244
346581
139038
157039
400819
374570
558116
563175
175556
193735
94936
347609
38551
192566
181027
406195
262796
366126
1652
46619
10308
19847
243564
560278
71935
344989
232227
316304
466578
140282
89030
-1
293188
101741
62588
261830
155607
420796
420969
142991
12680
157658
414315
468806
267613
149658
113290
122174
537004
229334
134991
474534
267597
189001
23612
114171
285024
73804
261010
149213
-1
109673
298330
524262
401632
153615
-1
-1
533622
278625
-1
294051
372937
285290
453374
482934
121421
362568
227501
272623
461571
-1
486303
321342
729501
92881
330776
548551
657876
-1
208693
551218
242786
410614
248281
-1
323311
5278
31579
209669
8086
397141
442909
49741
725091
-1
440571
-1
227113
524232
108943
-1
143097
-1
111338
324158
401730
183660
72756
11081
671694
33563
541060
176352
587106
74079
152737
301620
74121
61605
183873
573387
329669
402176
133882
603583
637940
535393
151350
-1
300648
-1
-1
608343
105797
15461
-1
94219
110868
282237
301070
236881
441792
490813
94250
243270
168098
622460
124421
171371
187955
133060
315838
128303
317450
17932
30871
263288
144199
26169
12717
480082
256415
531991
274613
-1
340048
680761
103658
479378
509435
220179
150071
544043
78211
323632
125031
291096
203396
416246
172771
230445
195754
177697
543746
384580
166687
457987
255309
263076
156294
441945
12241
710484
601355
474360
230940
61178
3556
154964
176574
44286
73760
141338
247219
232502
88420
650442
257402
175674
-1
134807
600953
628119
103459
326408
-1
259248
74420
205583
89726
187559
73321
188066
645199
651748
14912
3078
39432
272621
641373
5522
-1
143201
-1
312380
180917
260170
497689
58588
6060
60009
1349
67311
283454
-1
-1
235440
-1
1522
219093
641243
153657
287064
6422
-1
302345
76551
210209
-1
632313
227392
320216
397120
488210
236374
491309
144264
86787
174686
21615
528000
674962
469999
322010
179745
295414
87015
229217
418974
121871
303516
228606
334284
20490
272579
62982
383396
421762
35051
68173
139563
60332
65075
-1
149553
732808
148175
-1
243893
376823
636128
354201
461775
39794
585894
-1
201571
295001
398777
331497
503370
28191
541057
259712
347792
541909
162952
299057
321479
417894
-1
72379
242657
3270
470346
149497
44918
508198
197865
109426
448030
