214248
484860
279950
90407
241173
82315
85754
202955
35835
-1
598273
345305
62612
93310
638321
153231
434714
315970
218204
104993
325144
83951
3233
-1
-1
138934
-1
513289
767672
186234
241141
142595
58686
739197
204987
91458
157046
88016
128044
53764
343079
498355
-1
352424
126881
200747
303280
346584
282652
173787
67469
37176
423534
609799
695848
423995
490832
417783
571310
100352
220475
19429
432834
-1
480572
-1
155390
199
29143
-1
202051
132850
460092
80275
104722
137808
-1
130030
387900
25748
83149
-1
279383
433531
124290
576795
746083
30803
321845
392450
65018
-1
200778
21131
232382
97124
352676
122411
121725
-1
229350
8106
684371
126271
345294
340636
681058
257054
51885
470029
-1
134515
535350
260758
252404
497531
38709
64910
145077
463901
553106
23471
306591
468219
364272
82402
74729
199608
491172
170163
-1
173899
241238
114150
434594
104342
300547
129661
412620
565627
251328
127708
232735
431915
303495
405028
24478
214401
-1
-1
33583
103148
378807
397450
457826
241023
453869
215436
34434
349965
609693
33883
546437
-1
615784
-1
593966
134567
45909
259963
335845
101749
196110
78712
222805
283686
206170
236710
174041
-1
146958
44572
260232
19278
475049
125865
452422
372767
316884
4130
-1
616089
32659
456176
294408
-1
594332
218645
188605
-1
404536
729266
-1
-1
48277
10280
171734
393111
60162
365096
-1
363750
-1
109221
372645
592955
370642
555514
100372
491049
203909
380326
337199
360994
368613
695453
-1
6102
326911
151025
343391
81433
343060
399441
401471
205966
175301
96505
380381
505339
188247
272857
13597
140599
148973
66984
69475
-1
326225
-1
347992
-1
336484
201492
218708
262630
194943
15201
461869
-1
473769
149054
221904
340826
641424
321107
721394
193747
133902
191038
731750
168284
306907
18165
-1
-1
1109
280335
605737
537156
214237
22094
537538
672514
406346
319311
179148
472151
126249
173913
168978
287699
214872
308666
207272
4701
257592
28516
397368
25549
183740
165411
480250
32310
-1
7072
211867
151559
123393
8311
212736
562076
-1
346716
377366
242778
387220
165876
268097
-1
385127
171389
78602
539473
254406
118735
9338
152605
436163
44446
-1
272413
65098
412896
25947
179053
14752
334201
-1
98751
509478
103955
57522
104510
-1
259512
-1
133260
38995
122217
278234
199420
181406
301527
108682
17901
258135
103678
104462
293281
448425
51211
-1
662893
173705
411530
195489
179752
-1
40708
405902
250713
142606
370248
147132
468749
21113
-1
89633
215243
172513
572371
-1
-1
57317
52240
-1
379837
129766
263016
214624
106166
37995
451209
32888
197166
26817
188456
381636
628645
241521
478239
205018
352651
107865
41606
198974
179708
732829
84082
66339
549758
141119
352653
4124
105332
111830
59293
83179
421007
404782
233500
134609
439046
149822
756805
-1
564734
147339
199416
76976
178499
-1
238340
69404
247378
58783
53097
-1
339649
163692
334336
312212
496958
211970
91599
308927
-1
329069
210820
386658
-1
123673
120014
517215
461537
394844
711978
754898
491995
365021
-1
221499
243693
-1
98613
1403
485220
246972
154039
-1
481894
184780
216117
143727
42694
368213
448815
96477
327010
570428
256541
404561
560545
237707
698122
443110
50692
416393
102994
64094
101017
301591
636042
304861
355385
656051
465604
519326
25622
286728
239564
-1
482434
59087
-1
107369
87517
217254
240634
459864
208642
279455
28060
-1
311584
437251
584092
556344
363116
72573
198497
330472
230852
225280
365995
135856
36983
263096
240240
241987
-1
439360
70834
256093
459237
29440
338138
58706
244973
373293
491196
617958
631069
-1
119878
607918
518850
-1
224217
99980
44139
153993
374609
22695
30225
393325
321879
-1
157571
117699
337945
-1
20555
26516
288851
668939
265984
7888
252055
79676
628270
26194
72134
-1
228713
71328
428464
463715
122486
76220
437809
658510
97930
436204
168444
273698
24135
337906
482669
379507
126393
69336
147551
369997
621480
-1
483077
29034
-1
