457447
-1
330416
601292
469778
197100
625411
269431
229602
189280
139467
39653
-1
124540
-1
49520
52278
287600
-1
73873
116939
344819
71815
224899
534090
707911
224888
317375
258239
478977
254409
-1
654768
405798
399963
6709
-1
544842
526728
174639
580949
239160
210896
286771
680223
480853
3900
109370
90014
216975
455570
175036
679139
199334
271550
171463
167713
474521
-1
31760
451007
198421
117655
476032
292290
-1
606595
117875
227145
317513
342102
219285
110415
404585
470219
596278
342154
554137
300006
9756
21789
55288
120013
220271
557720
-1
233653
5023
338271
589883
2372
747959
418561
688920
245287
67395
638750
158656
-1
158654
380921
99777
470514
326535
188943
400845
-1
494720
149686
133177
-1
13932
367714
243686
-1
283988
812
127814
40624
18569
64168
74390
-1
578023
348917
223701
323690
256672
614370
107049
346375
559041
51434
41509
233888
235093
606332
4629
472431
445642
304655
273472
264450
525799
89893
566192
128609
104509
250415
192030
93448
563884
150673
398055
591403
33786
101584
370169
95730
-1
290407
195397
281407
-1
402106
119128
218991
218024
98627
25438
514408
141309
143661
341958
308710
263027
260717
507444
5697
-1
173532
282812
-1
174567
-1
-1
358266
202327
91742
376362
507125
362575
30831
251484
298535
-1
45166
169502
152679
21352
44275
-1
51007
383458
7443
512368
339534
-1
-1
267018
161974
314214
551294
-1
63563
-1
123330
433929
336498
2156
305124
604268
37284
209035
165767
413961
128696
644559
442206
448124
371461
597785
207111
63222
375155
711462
3844
100265
599
86488
102842
500137
14844
197001
223758
183464
357788
-1
33406
258076
182282
190395
293011
114432
242869
130774
297194
-1
473384
187866
177014
546727
97014
143646
241860
-1
283831
115175
389505
447175
313369
308950
296998
-1
174446
267311
68256
-1
40837
733319
65538
292521
370534
81166
260220
499118
460444
223940
267173
79786
241026
611249
257331
555280
399476
313373
-1
-1
618601
462922
186201
486832
239981
482645
156027
-1
363770
273301
221357
-1
299733
57449
505476
212962
165094
356092
-1
384463
512659
494020
538770
242895
-1
449972
-1
17613
325850
480376
170896
31230
358936
272714
50169
220242
55082
278864
236780
418563
213274
134165
89282
537367
394581
-1
73955
132360
762762
-1
64037
43915
348185
32816
202883
61694
-1
220813
345708
428480
-1
383554
16993
660553
105864
106009
274198
597020
129961
481490
150803
128393
421032
177943
504280
521334
222689
211405
-1
292895
168566
-1
209020
151667
446599
-1
340954
137280
93511
204253
33024
63741
-1
198167
105999
338498
172694
312646
32339
292797
179461
571863
197087
406718
309693
158582
471958
629984
271922
63409
152610
111072
269723
-1
7385
614083
103569
558074
578931
299171
529328
554649
78363
167417
226708
6830
508608
91074
-1
401870
116164
-1
22786
626219
128637
333994
-1
557989
21393
51431
379843
122774
681069
192815
12728
112585
681170
228639
221809
470659
-1
532428
267137
111294
192038
3886
405272
91096
626885
104449
-1
52818
641928
237158
464676
398255
471450
169003
-1
153255
320267
404642
-1
272872
368654
325378
146469
186493
330806
31365
47118
588999
486956
58703
103083
518812
441259
14100
506277
-1
20732
232419
245658
572698
619453
86572
410930
285760
407578
263358
151878
141429
-1
344148
291186
214633
252992
-1
373766
237106
5027
22504
-1
143170
83431
308282
651413
203433
39554
164338
300339
266512
127123
261964
28754
212564
320131
156072
506052
-1
-1
604479
328886
187881
529912
526665
302508
63110
9332
85884
239470
215774
386808
87948
362328
250383
348477
-1
20511
26313
237436
329673
88964
257650
211111
551733
719553
152055
56545
132148
344471
261989
344506
675261
183237
366378
19124
145275
304168
354271
42531
536602
176431
292196
487667
647731
-1
-1
441091
209544
280748
456139
-1
774318
53571
413936
-1
276392
597495
-1
365052
501934
534325
-1
345343
4549
575336
295826
323949
275143
680329
325672
