85823
116719
-1
-1
162575
569514
78158
216646
455141
98531
24055
367177
-1
135705
62939
316504
42970
-1
391885
98952
288944
615105
282346
271195
166618
388900
469496
574628
299644
198664
7107
440711
328591
390389
269469
-1
246988
266435
684242
78493
29556
81735
168023
81913
304551
62507
215186
163583
386111
209808
47565
110564
184328
352595
305045
468377
182875
34938
230989
474330
216905
455992
562029
125068
563970
331729
124638
327072
388568
5981
137809
136767
60944
141608
-1
191985
43289
188922
555398
-1
146945
349651
229155
95816
140072
472052
466900
466380
31449
572334
96116
119921
460932
38148
509471
17543
264512
-1
19488
337635
-1
312159
265560
389700
369639
55196
62913
497519
57346
-1
75806
-1
362992
320088
230832
213292
180644
93044
96622
-1
492163
691092
52646
167344
-1
-1
700948
256077
256992
637574
396676
429757
14927
241356
73893
303145
342223
372455
504628
-1
284242
159848
161010
9604
-1
100644
629593
118259
134651
378093
151295
-1
-1
171948
175485
341007
-1
459934
174686
638895
420305
381592
242180
351798
174860
7171
252250
18793
94133
145856
363282
363756
262186
13319
199209
-1
498773
604204
284297
379112
685564
5659
166880
219068
85513
736511
-1
491423
663653
207480
154172
-1
644096
361441
644711
76601
290715
339121
82901
326642
419690
297755
284338
407012
54242
323538
-1
-1
414521
102782
153714
81485
503103
425780
100780
-1
699488
287634
270207
267189
-1
196011
318962
220815
232441
53225
316130
286756
55276
-1
-1
460463
643584
210553
116665
122881
672375
728850
622866
270840
558050
76189
74219
76824
483562
116144
-1
-1
258044
171125
202152
234780
801112
224585
338836
84258
19450
343399
346086
189692
428485
15601
-1
-1
225101
446919
534444
121063
492096
451748
93640
53140
-1
428726
192945
109318
423362
671295
336180
99473
251309
279126
357006
-1
478017
369105
21013
135162
29718
1814
45034
1221
298955
24356
484482
332294
652802
-1
125331
493982
49400
586036
-1
142565
123725
161672
237343
350330
13941
208901
-1
80801
240631
287184
461912
-1
292905
447268
355571
32853
401366
-1
141220
238431
432919
117942
157995
588020
256515
139233
137781
-1
286489
-1
-1
5469
485512
234976
433031
44370
7710
317086
413465
333221
499407
683122
15757
428507
266653
9935
566764
687359
426030
352754
539793
169950
189397
307420
389529
384060
-1
3878
332334
-1
686227
68624
150169
241767
59055
-1
156993
74641
408334
414270
332225
173619
453515
141535
148257
-1
154581
45315
327065
127514
620278
241012
215140
201914
448273
-1
376931
118151
544076
320281
-1
199138
369862
564349
90549
257328
181530
328131
51466
127551
592223
139843
357483
-1
126153
488135
-1
35485
399613
677225
562593
163848
437215
194423
364785
242779
418574
109873
227934
53707
263737
587053
453726
644063
213439
266045
146329
310021
473104
8701
342614
126139
-1
326894
-1
58585
700650
232827
322630
18797
622618
246342
258947
86079
247475
326927
566527
576846
163972
4316
372872
552327
266947
515606
465410
104713
148628
197160
-1
495336
176282
19095
-1
289495
238559
15143
-1
302251
162473
41936
565328
426899
166851
-1
47878
168850
239315
-1
-1
198672
594282
24332
73617
111215
309984
210462
334625
156738
634084
544374
511649
94412
29461
137471
265242
-1
165552
164516
460460
326372
378815
314678
379051
325411
-1
290227
-1
135429
250178
584322
486596
108988
242715
289093
25992
105334
373813
234396
54679
570046
112283
82332
-1
641681
-1
259846
58548
205277
230173
519721
347454
177128
253102
3528
194160
165099
41251
292078
275797
-1
258821
28748
-1
-1
543003
114172
20622
582843
-1
375780
158302
217502
181369
297664
375971
126937
362390
200622
320754
244182
711897
-1
289970
11425
92654
10884
-1
222354
-1
244012
209740
210212
107199
570220
605378
11623
437089
228669
88297
487691
418417
166615
310042
5603
387931
269163
-1
248298
17069
781500
280193
267953
400567
1406
391171
106955
201678
-1
159985
342345
235647
508530
273318
70132
122334
706184
48412
163919
138708
151298
399131
492116
88930
270273
230612
252782
9729
507534
176980
214123
-1
440607
135670
436260
198363
-1
322121
134190
486977
695985
608623
184948
-1
208174
369350
453270
156195
224489
229599
-1
260650
-1
-1
264466
79607
426074
241687
246509
-1
291911
520383
765074
-1
446790
-1
156517
189604
309608
310496
490390
632162
508443
-1
555216
165962
237978
33928
172234
96323
317034
89784
76758
95611
157322
-1
266308
16749
125886
3732
27907
47188
250227
304991
-1
-1
625414
683905
4175
527046
289203
356326
139516
368182
52932
58396
309021
549597
83596
230708
401310
4430
530427
485263
242481
344985
211964
22007
353760
290111
722206
507058
237548
280575
-1
365094
330804
163499
381299
34959
120020
-1
-1
113593
-1
610128
61703
125659
-1
110134
72572
366913
454198
239477
495030
243255
154581
267647
-1
346248
363419
688192
213862
154038
51374
-1
50546
547917
283682
146127
551503
136953
324622
-1
34807
511420
-1
331275
121549
-1
107529
410012
-1
254586
217922
354993
85525
85550
524038
370616
180281
399776
166025
443943
229880
149861
65516
228161
255999
680458
500203
252931
524834
156549
219808
36234
118053
342799
-1
583173
136300
80205
312367
300061
268929
339068
-1
