261278
116847
84053
308305
437831
170894
473212
434124
87440
254630
166090
522292
5198
233569
424507
-1
96021
175884
201184
498611
124293
-1
298904
514348
185225
4143
62487
94060
23319
421678
157039
535892
462509
-1
520840
480655
213357
216730
683136
700476
84170
276591
506415
39111
251401
155989
223206
135611
288031
156813
-1
109165
-1
85937
543631
607546
180813
-1
178918
109384
-1
-1
-1
301928
181120
319285
233001
405735
219763
705815
671926
31837
56643
94038
59336
205563
411633
708918
576126
47188
38812
22868
-1
247300
731977
143059
-1
-1
450561
-1
273001
156612
168421
409749
216054
434240
227097
122004
351326
142593
614070
-1
623101
367766
113184
213478
-1
427646
41513
617084
269278
125987
336900
259112
299026
276878
-1
640731
128633
119786
80637
-1
15008
331541
369518
360665
580329
443890
221272
401481
400223
36605
58158
-1
196387
62670
446541
194141
82280
17762
115355
525129
671737
422920
340369
7234
43471
122355
147568
-1
3763
178785
101672
597825
184123
-1
188087
53279
623412
102997
451116
617175
-1
129711
570393
56590
-1
92888
309548
717532
22588
472437
-1
604328
62196
-1
-1
259046
-1
399369
102856
318648
-1
77962
475462
353138
65549
-1
-1
16238
164625
-1
-1
207244
108228
-1
-1
72216
126702
121112
-1
220444
311684
112676
333983
708908
252792
610190
171941
21200
315730
478177
353068
707924
245600
80592
234079
655810
682273
96533
337885
32101
75786
77192
294533
59623
346450
-1
652259
-1
334977
109423
32493
394793
416163
307008
101169
434046
379602
-1
61814
48556
223182
222559
51822
595901
380641
-1
297840
75776
469358
352275
10076
35449
347540
420352
212378
459805
144982
170013
290178
-1
222963
281942
264625
21040
102952
626642
-1
337166
269014
650212
115971
-1
77535
383731
314261
352552
160958
60277
673500
514126
242783
-1
457873
657747
410074
-1
252148
-1
26897
143424
57519
524297
394340
31107
104581
587331
91153
294022
415121
-1
239365
728212
509961
2712
558062
333191
309376
170697
-1
480660
669285
586238
346258
690656
137750
-1
62922
119147
76130
-1
147080
505914
232025
137129
150323
144943
-1
7181
119507
-1
61157
212536
405035
98554
565402
-1
462444
291895
175620
718685
125245
348415
352604
84933
404968
-1
171520
40155
16098
364245
39796
460924
532642
460151
58094
-1
34930
-1
595948
-1
11068
38075
162760
173439
25349
270410
201081
344024
26086
282815
497119
140297
392975
245972
662591
118791
64908
242707
70019
504277
550204
-1
24494
66609
503728
159418
-1
245160
539099
218390
176543
291840
134618
57091
107899
301992
-1
423901
55324
665682
48474
113097
34657
588788
113117
378102
275310
484291
148520
128396
29636
-1
37462
286384
636526
-1
62564
189911
2220
165036
454718
251040
639131
108983
393753
525421
571075
82977
553664
78518
6235
256802
281569
36678
205698
223006
481070
60433
140011
212583
-1
4517
198496
170276
390252
722857
227776
646592
78608
250755
530918
32189
475826
249645
324545
468543
283588
2085
-1
28331
347143
241113
127684
-1
502189
62250
109917
253951
-1
178276
295817
532396
225009
375839
199994
477611
505654
204839
122000
575387
-1
-1
80163
424306
311353
-1
432375
51236
431296
141853
72590
112117
271519
546096
199948
392874
176671
107881
358882
211896
348798
137200
462102
313672
286331
171824
-1
434293
138419
596470
74833
143180
421877
167274
372701
119542
221089
-1
654686
25808
291621
-1
181733
218094
-1
33453
56993
451354
430068
262918
17769
172786
11559
203950
-1
623618
602955
380620
66125
91191
76095
19306
112347
45770
138032
261995
247917
78332
148163
312983
574026
454798
312933
575775
-1
49054
-1
-1
21031
355158
103423
415238
457446
269664
485078
119659
195020
67142
470270
277714
171864
83930
-1
162521
192736
172748
46207
30332
226152
539382
381971
-1
-1
84809
98753
189876
39467
409084
286220
371085
436642
297620
286341
64880
366403
488754
-1
-1
-1
607089
92504
612155
70949
495082
-1
33614
65126
91913
687474
119244
301633
243779
335414
-1
-1
430932
60550
474414
23840
433633
397926
45714
293388
353283
257831
59632
644645
51238
54066
151441
-1
486179
226501
9041
405956
-1
48294
219341
254701
571781
57430
114995
457211
410129
-1
-1
20782
288573
-1
502744
217607
53114
121505
6049
77523
329923
-1
117169
169873
603313
442933
202959
157362
147316
86261
243796
209519
90599
129939
-1
339676
222754
523188
-1
105924
333839
155582
269024
308348
-1
502240
59747
89122
166432
393001
2360
82112
183844
318434
201712
254461
554386
105821
174686
310239
280788
248788
517603
414650
118215
383802
140278
50381
-1
335942
409130
294976
238220
-1
452444
248134
160739
450569
59746
191211
340317
212860
153990
310202
-1
735404
381114
309356
164908
517031
292336
141453
190745
432113
44378
-1
472179
520254
82313
87403
33068
471766
545614
106645
570496
188717
67710
289835
4739
-1
32903
312569
178738
416154
624599
178254
595985
304429
577426
321125
47175
138585
329611
694760
64560
370421
456702
177308
73705
21475
491090
-1
31044
28070
272139
5716
46799
383121
336603
339349
270192
-1
161646
-1
163193
578892
-1
105338
638713
268676
-1
72165
12564
13123
102425
311430
93115
629363
351352
141347
10469
-1
-1
