212714
198481
-1
480191
408506
462463
-1
419395
-1
143355
370223
367403
414244
205399
32578
292752
168134
458514
43219
142849
2627
23870
169045
538128
24862
122059
-1
119871
147356
127774
418244
182322
247598
146245
216967
83768
78225
563471
489056
378443
136716
112062
325676
74273
288602
117787
218527
2628
38127
40064
61324
130277
-1
39813
300003
574344
467898
359302
350812
-1
317782
407279
175329
177460
462906
171126
249494
261199
-1
488865
23369
749088
-1
552624
162746
171878
350970
153755
622979
57908
636902
735232
420185
58536
71047
-1
2239
112610
82692
34984
83347
136580
657771
132958
370783
178272
69269
182860
-1
409513
89805
2095
35165
522330
157517
-1
103944
379698
662241
-1
256339
644986
266525
261452
75532
293642
53576
237854
551178
96090
284664
578385
533151
630257
121311
343664
612614
-1
247285
680626
161535
85501
-1
730846
680030
407963
42420
292781
366303
353707
424110
395085
363505
412332
111492
315839
193238
143580
366684
336622
493842
10744
72653
4921
282706
16412
595749
308800
455921
157362
671005
250788
-1
332081
722974
608978
-1
223695
424964
208229
367332
41121
495988
441693
-1
215277
250875
473166
418841
462455
456419
295217
129767
162856
211409
688216
214023
603267
237866
574107
-1
363458
174905
9715
286820
503650
232343
124681
349937
1273
355422
20583
227061
19321
404601
524879
548900
92318
125188
105493
20663
272331
9442
-1
270668
269058
117010
21376
468626
383117
230706
566664
498537
94967
433028
473018
190811
213515
192504
225431
125267
232135
56670
367904
126925
94706
-1
162552
201840
312081
127553
204882
18876
-1
398604
112049
11952
12052
205505
344460
224894
59214
43501
504987
101359
-1
102127
297602
301936
519726
156898
-1
97044
103969
20663
146280
-1
308609
411914
125368
121307
252927
-1
219833
155119
37614
118969
21917
646527
25794
241160
296941
528100
454113
202086
196683
117938
78860
427047
211482
457387
287136
-1
-1
610376
233546
-1
19226
424622
94389
340367
455120
27576
199758
182094
153494
-1
54171
500989
293612
57574
247398
449423
522960
63904
536458
412773
660763
151055
366021
431133
67104
-1
105484
-1
218552
158952
577329
431244
169525
115816
213566
277805
338546
334939
31437
351574
252432
130388
106278
109715
500837
150052
-1
474692
378866
53139
435389
295866
427585
524618
371621
268742
81856
258464
485751
550719
75314
550538
492033
479263
92550
132902
81377
597095
4912
36423
52160
133780
165877
84091
461539
118784
98692
182195
505268
483069
490037
500969
-1
284531
18857
117171
610752
631296
533517
198561
433964
115371
46033
121927
419084
122667
405429
-1
61436
442205
-1
47202
43927
-1
8695
16517
251727
116635
224589
578533
354464
251386
55277
55179
713504
59383
47185
282806
236392
134003
368364
170795
267918
339375
68749
-1
307171
442678
481216
171956
72034
87255
403811
416153
140880
122700
401688
460127
279390
467312
435913
15441
504369
117449
-1
182871
291161
333621
419152
38105
47881
214872
558264
466168
65471
458699
399463
329417
472129
380471
719287
155174
144254
481861
167825
158009
120861
154121
197039
285145
9021
38104
325924
264296
221043
242901
275327
582216
475105
127636
13487
414303
122019
508994
391098
150249
33582
-1
473653
324210
-1
477552
59493
690656
127233
429407
534846
111755
259208
192535
218472
555513
21152
-1
617156
113291
271691
190797
189963
112591
53751
271569
561328
-1
213775
629474
102006
365939
80780
94923
345959
443554
139469
261812
369534
412627
369963
53881
78932
173994
588813
85858
701934
-1
177692
46302
457798
727195
518614
195368
318009
395081
-1
-1
119004
564429
126108
533737
285007
65703
281040
279681
505871
283688
546561
-1
194664
487193
69467
335559
-1
-1
462080
260982
291896
37121
463579
24976
43597
79479
-1
340967
-1
34255
193224
116329
114416
102322
170826
156525
182667
288043
198220
320959
348766
37622
163510
475439
509459
158776
432263
67322
-1
330115
-1
360028
463686
264103
250495
80265
174113
227028
267165
213614
228630
597567
299439
-1
-1
334431
14502
387426
45608
413879
51020
73233
459572
373247
-1
642389
106191
494253
22393
374833
697247
119352
102576
76553
193919
479138
-1
21758
673
446622
280814
177791
-1
212592
304004
358079
424637
582617
164603
228754
613691
451552
175887
15461
214421
247043
309276
241171
294913
-1
199843
24453
83697
-1
461765
32034
-1
21099
586175
228847
406910
443787
644158
321703
167915
400670
263844
70841
62449
180900
128316
287262
101523
84046
406900
175479
288286
428708
261899
116069
472146
226935
118679
184891
287369
501760
1988
-1
622309
66037
-1
191884
14091
49110
640447
291356
440467
53048
133819
84095
186437
240885
395900
84878
313796
133836
472232
-1
280256
53916
269733
512724
339292
332141
121626
45453
219376
470985
431306
8037
-1
144869
569446
119899
539301
347835
180314
123069
68290
12059
341264
232435
110300
25411
544729
499040
465110
342474
359243
265108
193102
595085
140776
248399
206646
364959
88193
104125
53960
-1
345749
375993
207967
42703
394859
28982
38322
413977
54271
363928
256665
623528
94003
991
195506
426944
187517
157849
-1
-1
412208
-1
339314
243185
192298
207788
-1
7933
232550
751596
421050
-1
612199
163316
440560
272344
137739
136600
114428
173647
-1
345624
188011
456725
-1
202078
170020
693115
256266
459316
165847
338120
23280
146367
238693
427709
553049
-1
-1
420607
104537
301455
625419
260273
24966
309597
157890
167871
630074
417258
110284
426349
72446
6862
20801
205200
290367
383234
417281
-1
44437
157299
567955
315709
766630
371285
169950
185658
156696
-1
43661
261768
-1
410146
-1
212398
238525
584022
460067
556812
43778
168685
141706
125875
102239
440039
101185
480242
82341
-1
478813
68562
557270
333785
461785
685407
339591
189336
150720
142247
672867
76634
84646
361486
386342
44145
352036
215856
189307
18655
613952
382010
340563
300960
270592
117569
341100
-1
11968
465722
191328
22220
283902
178697
-1
415247
425992
154089
237395
-1
425395
409407
73742
-1
49091
99203
339064
257969
155922
36910
346147
284849
347471
-1
131211
139220
310444
147646
-1
-1
-1
449123
533173
78408
90002
363204
-1
200900
264067
-1
60279
84516
263227
165795
45914
197667
193655
-1
252134
721224
528099
638951
273620
22445
239100
286080
106428
37682
571729
-1
246034
130191
249096
279235
310732
-1
138354
186919
582037
607659
82207
-1
245747
578819
-1
646678
101703
5482
324369
285020
569915
400674
383933
197916
24801
37989
62069
197388
550657
39230
114411
250814
212202
-1
314577
395565
31721
-1
-1
221452
48852
124972
175750
473544
232487
96640
196596
36695
92670
