14 3714
38 4850
-1
72 3448
61 5324
40 4569
-1
-1
-1
10 6203
28 8985
-1
39 3335
61 6579
16 6015
18 4140
-1
-1
-1
20 1731
9 5106
70 6306
20 7562
29 7699
79 4336
17 7542
-1
-1
38 1157
-1
-1
78 1313
-1
17 1697
63 7059
-1
-1
-1
-1
28 4413
-1
-1
29 2313
7 3222
58 6078
13 8729
40 9121
22 9322
4 6007
-1
19 2928
-1
17 1702
-1
-1
-1
13 4477
-1
-1
-1
-1
27 5381
24 5733
-1
32 2970
15 4073
-1
-1
39 1470
-1
32 6484
19 8964
53 5721
32 9889
15 5713
31 8220
26 5289
40 1064
65 7996
-1
18 3730
27 8525
-1
18 4817
-1
20 1643
48 4180
16 1318
53 1608
-1
21 1473
17 4773
6 2926
-1
-1
15 1203
87 5993
21 2863
27 7337
43 3913
