24 6797
-1
-1
60 4444
31 2926
8 5542
4 5367
9 8812
17 2152
23 4388
18 5609
-1
12 1667
4 7381
20 5731
-1
48 2901
13 2509
36 9828
8 2961
-1
-1
-1
-1
-1
-1
28 6359
62 5123
10 4295
13 9413
7 6836
9 7068
51 6877
13 5544
-1
33 2192
19 9501
-1
23 9898
26 3340
-1
15 3829
-1
17 2301
43 2227
47 4588
-1
-1
-1
-1
2 1173
23 5732
11 2608
41 1191
9 6738
46 8370
5 4621
-1
76 5301
9 8680
-1
46 2081
-1
88 1103
23 3322
38 5021
36 4443
-1
24 5152
28 8225
-1
37 2568
19 2967
-1
45 8174
2 5541
20 3135
43 6309
4 4775
25 1002
66 4772
22 3991
-1
-1
73 1228
20 7316
32 9476
40 6166
80 7977
-1
16 1884
61 3540
-1
62 2310
65 4722
-1
24 1454
-1
11 3873
-1
