9 6063
-1
-1
26 2484
-1
-1
35 6336
21 3518
-1
-1
16 7827
-1
5 6027
12 4518
14 3156
-1
5 8208
-1
4 8458
-1
15 2071
53 5514
15 4493
19 6610
74 3851
14 4026
-1
-1
-1
33 1305
-1
-1
36 5506
7 2247
75 1551
58 9332
-1
-1
-1
20 9039
-1
18 9063
21 1550
55 9245
61 4585
-1
78 1223
38 2319
38 4292
-1
27 5927
-1
-1
-1
-1
-1
-1
21 7972
-1
22 1745
-1
32 4225
-1
13 9505
-1
36 2698
-1
51 5824
58 1452
34 8376
13 9874
51 7344
-1
-1
20 3193
27 1231
100 2799
7 3613
48 2151
35 8467
76 2218
47 6858
17 2548
20 8604
41 1724
89 8758
17 6750
-1
3 8233
29 7697
23 3187
-1
12 4594
10 1066
2 1061
6 4949
-1
-1
6 8158
12 9253
