-1
-1
-1
-1
-1
-1
41 4504
44 5313
81 4314
-1
-1
8 4256
19 3787
46 6519
-1
-1
-1
22 8891
-1
57 1911
-1
-1
20 5951
6 9418
-1
-1
9 1530
10 8811
32 6995
-1
-1
-1
9 5515
-1
16 7076
44 6976
39 6158
31 7342
-1
-1
22 6475
-1
20 1004
15 4544
5 2047
-1
33 5653
-1
-1
27 5458
-1
30 3042
65 5442
-1
11 4769
42 6671
-1
-1
-1
-1
59 6254
-1
-1
17 3798
18 6268
-1
5 5364
-1
-1
13 3535
30 7933
19 3326
-1
22 6389
-1
31 8158
-1
10 5570
25 5940
-1
5 6719
49 2495
25 9897
41 1142
20 2046
12 3503
17 7851
98 9470
22 8775
-1
-1
33 3007
39 2807
-1
22 3570
49 7878
35 1593
-1
-1
-1
