16 2947
27 2877
40 6998
69 1016
-1
28 4144
49 6508
18 9019
-1
8 9728
-1
-1
40 6451
-1
-1
-1
84 9795
-1
-1
8 1040
-1
18 2761
-1
-1
-1
33 3081
17 6130
-1
-1
28 4307
11 1086
8 5154
-1
78 4248
30 3405
-1
-1
-1
-1
19 3909
27 9403
-1
-1
14 3556
-1
-1
-1
-1
-1
-1
-1
21 1924
-1
-1
41 3687
-1
29 2398
23 9257
19 9036
34 4461
14 7392
7 1446
42 4750
-1
60 3262
81 5645
-1
16 7957
-1
68 4187
70 8379
33 7925
25 4306
-1
-1
-1
44 6280
30 9002
23 6864
25 8410
-1
31 1190
-1
40 1168
55 1128
15 3528
-1
-1
7 2145
16 9156
-1
27 5236
20 5244
-1
-1
-1
6 1693
2 1153
9 6361
37 5923
