13 4771
-1
69 7195
43 1120
19 2935
31 1783
-1
19 5582
52 5275
-1
12 3694
8 2411
-1
-1
28 6394
-1
79 1594
20 6249
21 7278
15 3880
-1
-1
5 2308
-1
-1
33 1849
-1
-1
-1
20 1124
-1
36 7505
-1
-1
-1
20 7125
-1
67 2638
81 9673
3 5035
40 8070
-1
-1
-1
-1
10 1836
-1
-1
51 6703
-1
51 6957
-1
13 1883
60 1296
-1
-1
25 5935
-1
-1
-1
35 8241
17 7029
-1
-1
9 1677
4 2817
3 3462
-1
-1
13 5820
-1
-1
41 5291
40 7818
-1
25 6001
15 1882
39 2399
12 3952
12 8923
-1
7 5629
-1
16 6144
-1
8 8512
26 9454
20 5392
-1
-1
6 1778
10 5023
-1
43 9266
29 4779
78 7473
5 5544
-1
23 3520
-1
