-1
24 3353
-1
-1
-1
-1
-1
-1
-1
-1
-1
13 7898
55 4545
12 6704
-1
-1
-1
-1
-1
-1
48 5119
-1
-1
-1
11 3257
81 4155
29 1277
30 6875
30 3521
67 2284
7 7281
-1
12 3503
-1
47 3699
30 1882
-1
11 2782
-1
26 4833
-1
-1
-1
91 9489
-1
-1
81 1136
-1
17 1336
15 4123
17 8968
-1
55 1637
58 4850
-1
24 6938
-1
84 5821
28 6510
-1
10 8730
18 3266
-1
36 3075
-1
-1
-1
10 8261
54 1655
-1
-1
54 7944
19 4238
-1
-1
-1
-1
17 9054
22 5496
-1
14 1546
44 1057
-1
-1
14 1314
22 3127
20 2095
-1
-1
26 4240
99 5516
8 3142
-1
9 7206
37 2937
-1
19 6784
-1
14 1660
70 4690
