3980
1285
4725
3015
3935
3005
5270
4805
1305
1385
3210
5275
6770
1190
3145
3190
4325
2500
3885
1465
2455
1945
4875
5695
4475
3000
5990
1455
650
2730
730
4970
2125
2695
4045
490
4310
3125
1905
610
6100
5855
380
3655
4385
6225
6670
6105
6295
2670
6220
2040
3175
4125
3405
4475
6130
2875
750
5000
65
5815
1160
2430
5810
5750
6395
1470
1985
4715
1775
5775
890
6470
6205
1910
1275
1845
6565
6615
4725
475
280
5935
5425
1540
6370
1900
1430
2570
2785
5300
5195
6460
4530
5750
1765
6075
1065
6290
1570
3265
3455
2455
6095
2135
1720
4865
4575
5250
3890
2600
5835
3940
2825
4715
3180
3200
2820
745
6495
3855
5435
400
4870
1945
3730
5335
5690
155
5675
1120
6230
1355
1690
4995
4800
3790
5265
3535
2585
2550
4650
4200
4695
285
4185
6030
4365
5295
1530
4250
4845
3915
6230
1510
5015
370
780
6290
3590
6185
5560
1960
1545
4735
220
1190
560
2235
1950
3235
2280
6490
3210
6600
3665
5750
2740
4145
4145
4600
2375
1435
5985
1250
6040
6720
5540
185
5435
325
5925
4490
2730
2795
70
6395
3830
2045
5015
5465
5765
6565
3095
1465
6645
325
550
6635
4010
5620
5355
525
2090
4660
3060
1105
3750
3735
6550
1170
100
2715
810
4515
3575
3780
3345
355
4635
5775
6725
1490
4580
5795
4130
5400
5775
4350
235
6595
6430
2900
4895
2140
4015
1160
5225
1160
1465
3895
6470
50
2995
3020
6535
4150
595
820
2020
3095
1810
6330
3080
4520
6400
1790
2265
1190
2060
955
3365
1035
1250
2080
6035
5015
845
730
4400
4985
675
395
1630
6030
5810
5105
6115
4265
1920
810
5205
5040
2495
2895
3795
410
115
4920
3060
150
5995
2555
475
3880
3690
5520
3635
4670
2225
6400
4395
2335
5260
3365
6580
1865
3175
1445
2520
1610
5580
1305
6580
1830
1285
3190
4195
360
5605
3845
5570
5920
4385
2635
6160
690
1990
5730
4635
4545
2580
2125
1735
5030
2400
1815
3475
6675
3470
4760
735
440
1555
6310
6040
1375
5070
1215
5585
415
1905
595
5105
80
2295
6765
4365
3955
3490
415
1945
6285
2235
5820
1730
420
6605
1490
4265
2225
3160
4130
4630
3715
6550
4140
3130
5940
5595
1245
4515
4865
6400
3525
3600
2110
1520
5210
750
1680
4035
6005
6380
220
3905
6040
1775
890
2045
355
4020
145
890
1850
3955
1950
4315
4015
680
255
4430
870
3350
2295
2745
3220
2340
530
3280
1270
2920
5715
375
4495
4015
5385
975
270
5990
2230
5000
3925
180
2370
2895
1095
5180
2475
1705
3960
2340
4405
1290
2115
1995
1915
5790
5790
690
2805
2635
1410
590
4110
2000
5760
1685
2585
835
5765
4685
6120
4920
1930
1205
5625
1210
3535
5555
3110
5635
6325
2765
2085
895
180
4865
5840
1395
255
3485
5885
6480
6405
4880
4605
3565
1325
1940
6075
1365
1740
2430
3165
4865
5285
5525
4325
180
2610
235
5305
920
2660
6040
4075
6345
5980
2390
2110
1745
4225
2065
5940
6315
4600
3380
5530
555
6630
5230
3335
6215
1080
420
4425
4280
4855
1390
6330
315
280
725
3125
1860
1470
5690
1035
865
4915
4365
2820
3855
1365
5595
5115
3005
4970
3230
785
6485
4370
1500
4875
1370
2500
5265
2855
3115
4705
5390
100
2135
845
5040
2035
6275
365
315
3140
2915
4345
2850
2880
4505
3630
6515
2635
6605
595
3455
1395
3810
4490
3925
1475
4260
4330
6395
290
565
2225
2225
5645
240
3480
420
5890
150
3280
1440
2670
1210
6430
3055
2705
6415
2880
625
4575
3915
5040
5775
5315
1765
960
585
1935
3795
1825
5790
5060
3605
690
690
2495
560
6235
1040
3495
780
1730
4080
5185
5925
2105
2920
2970
2285
4160
6600
1455
2425
3180
2085
4050
5330
4040
2085
800
4985
2295
4055
3635
805
4955
4210
3000
6455
4580
1420
3120
5185
630
1110
5110
4660
1670
4635
2680
1780
2110
5615
6110
1170
5440
4980
3965
3130
3195
325
1905
755
2230
2100
1535
2370
1920
1285
6190
4785
995
715
4620
4010
5230
1855
375
2185
4075
1270
4970
2670
6445
3330
6110
4000
110
2235
345
4240
6340
3220
635
1635
3550
3815
6060
3255
4600
2935
575
3385
2515
3380
5620
4190
3820
2380
1315
5530
2180
4640
6250
4125
5455
4975
1905
5370
4830
2530
1795
5820
6425
830
6500
2805
4080
6070
1750
5815
2070
2635
1020
1970
3070
3590
1065
1600
6605
5390
345
2270
4905
6225
355
925
2915
1810
1270
850
5905
1090
5440
5545
1715
4880
1080
4420
2330
1800
1315
4030
1700
2425
2615
2260
3310
5825
1915
2805
355
2040
6045
4915
5030
1340
4125
1925
3910
1855
1680
4930
640
6150
1405
5865
3950
6570
5570
6510
4610
4060
180
1700
5885
2445
1815
5870
4255
1545
3355
550
4630
295
290
960
4530
2295
5940
950
725
2490
3750
6505
4285
2740
5540
4200
4385
2885
5255
1790
930
1355
55
3065
3155
5765
1300
2405
3050
5985
1700
6075
1360
3655
195
4595
2050
140
2730
3175
2195
1725
2235
1630
2125
3140
6315
605
2975
6190
1730
1780
2520
4700
4110
4045
1625
4715
3405
2880
5945
3620
2590
145
1360
1515
2885
6220
5975
6495
2550
110
3325
5440
4730
2220
5270
2785
3265
1960
6595
3790
3555
2205
1330
6005
4925
1705
3560
1990
1520
1235
1630
4840
925
1790
3565
1305
4905
5035
1145
5400
4550
4045
1105
4455
20
5090
3015
2565
5495
1905
1855
3505
5040
2175
6275
5995
4920
3610
2985
435
4540
3275
3780
5090
2165
5690
4985
1665
4940
280
6015
620
1655
6045
1785
5970
3815
5325
165
2695
1395
775
3995
4400
2660
2150
4205
6475
2075
1755
4805
4155
4300
925
1175
5850
4010
3795
2215
3155
3430
995
3050
