470
3625
5135
4755
3395
3640
6385
1440
975
3885
3320
990
2120
4645
380
3465
3885
4570
5435
2635
3235
6170
3050
2935
6490
4440
1765
4990
5345
1485
5430
3610
6120
4710
4645
2860
4360
3440
3085
3345
1555
5590
5075
4115
4015
4330
5830
4535
5400
5195
5700
3585
4985
2710
5165
2500
465
6150
2735
4095
2625
3670
5420
3515
4815
4945
2855
3350
5585
4520
5785
6335
2660
4490
1395
5475
3315
1365
6220
3720
1035
400
3355
5050
490
2550
4895
440
5270
6465
4810
2365
1495
3410
4795
5855
2110
3960
2605
1520
6005
5425
1215
3100
2050
2100
485
6055
2100
2025
3315
680
5970
5315
2460
205
975
4270
1845
4675
6395
895
1465
2930
1210
30
3265
4525
3605
5755
4870
2085
805
605
5835
3685
435
2565
1645
2845
160
1850
2420
265
5515
4400
2975
2460
2640
2100
80
5235
1355
325
3980
5625
915
415
4000
3665
5500
290
485
4725
2800
5295
4765
4805
1540
455
2910
5485
6215
3370
5125
5715
995
3505
6360
1795
5335
6725
3855
5830
2485
1845
5615
6345
265
855
1215
5465
55
2095
265
5345
225
3755
1665
1375
