2285
2420
3375
1285
3325
770
3015
2045
5185
4990
5015
6510
880
1185
1665
1615
5425
5540
465
4515
5490
5775
1755
5655
3785
1930
3215
2450
100
3300
3530
5000
4845
1010
3700
4170
1770
765
5555
3130
1410
95
3885
2835
5405
3900
4730
365
410
1750
4330
3060
1045
285
4890
6520
3810
2240
3400
4375
1185
1735
2945
5090
4005
4950
4195
3385
1325
2260
985
4075
1110
775
5155
4630
3685
2530
1365
6055
1075
4490
3655
5630
5480
3145
5785
3105
2045
4090
1990
5360
4870
5405
4165
6185
4910
1800
3565
6330
360
4745
5095
2730
3795
2885
6080
3570
4425
5235
5925
6025
5475
1215
5875
4715
3085
4190
165
2730
5270
6370
640
5690
5895
5475
3585
1540
3855
4735
6175
6650
2035
5055
120
3965
5585
1670
6535
2665
2965
6340
1830
5485
3480
1845
675
3670
6655
25
2620
515
2135
120
1815
2275
4765
1665
2255
1595
3455
450
2545
4955
3500
1115
2285
620
590
1500
3710
5265
2675
2490
635
2570
4955
4790
3420
4575
5565
3480
5010
1510
2880
3910
335
4695
5440
6610
2585
3770
3420
1125
440
5765
2825
1595
6510
4760
305
325
4165
6255
480
85
3550
5180
5595
2685
2890
260
3080
4770
660
725
210
2140
1885
2020
3040
5375
220
3410
2585
2735
3615
4385
2360
5025
40
4335
3335
770
4080
1950
6155
4215
5350
1795
6320
3045
5790
310
4850
735
1060
3710
5560
5905
5955
1705
1940
690
2910
5125
6275
6530
5640
5795
655
3405
2330
1145
2285
4735
3300
1190
1615
2355
355
2215
4425
3550
5130
720
2120
5480
3600
3025
1890
3770
2005
2630
3545
3030
2705
5050
2435
3430
2440
3715
3980
495
3470
580
6415
3215
75
5265
