6110
1615
4950
6390
475
2320
3650
3430
6220
4860
930
6605
2365
2680
170
6655
5750
3770
340
235
400
1030
1375
220
5980
2460
4440
5180
5560
1550
4665
1100
2525
5910
4340
1145
3720
2805
5070
2825
6670
740
5580
720
4970
825
1210
620
440
2255
2035
280
6655
3650
170
130
4940
300
2880
2020
1170
5655
605
2870
1845
6550
4025
6425
2520
1095
765
6290
990
285
5190
1275
975
1770
2835
3775
865
1265
5415
3825
5385
6405
3030
2865
370
1375
480
4760
2730
3815
5100
3380
6615
280
1045
1095
6315
5510
2920
285
2335
3315
3395
1215
655
35
4000
3040
1870
5000
215
6135
1965
515
1940
5205
520
805
3055
1395
1570
945
6630
1445
4970
6760
930
5360
3320
4175
2985
4855
250
4625
2160
1825
530
6190
2315
1510
1240
530
2335
785
1845
2015
4720
5925
1265
4840
600
2405
2110
2940
3895
4330
3475
5975
5390
4545
1965
3750
6590
5100
3315
6200
4485
1750
3815
5340
2010
1005
1355
725
5240
1630
745
3455
6055
885
2375
6475
2255
3765
6535
1505
2575
4430
6405
470
4410
1370
5560
2705
1310
70
4715
4275
2655
5215
3555
1905
2140
1565
1410
100
2575
4515
255
680
1450
1135
4805
5185
1020
35
2585
2635
1520
2040
1305
2800
1040
2525
1405
865
290
2155
3750
5390
840
4150
4675
2285
1105
2370
5645
6680
4840
5915
5985
35
4765
3510
2335
6590
5390
2415
600
5845
195
865
225
2290
990
5635
250
4715
4350
545
795
900
2660
4545
770
5200
4665
3770
5570
3015
6200
4925
3255
6475
6350
720
4020
2410
4050
4440
485
4110
5040
3340
5415
2445
5060
6745
2200
3755
4505
3630
1330
4520
435
235
2440
5690
60
5655
3225
1400
6150
3785
2150
3420
2150
1380
975
3995
895
4000
3855
2355
6360
3830
5200
6215
3905
1085
3355
6290
2180
5810
5390
3610
5660
2500
830
4240
720
3205
965
4390
300
2820
4785
5000
1410
3890
1210
3480
6195
4480
2125
575
3380
5005
4690
2690
3625
1195
5690
4485
5625
4690
6445
1285
2010
3675
4920
965
395
1745
1300
5885
3165
4300
6545
6335
455
3920
3035
5795
300
1100
5900
2825
4390
2750
25
6075
3375
3880
2420
3545
1005
5525
2480
6075
2240
6385
1810
2605
5680
5855
5105
870
1700
1885
5200
905
3725
4710
2805
4340
3980
4530
2490
4940
270
2385
2385
4905
1740
2380
1240
5990
6710
3940
5590
595
795
660
1885
4520
2910
4600
5680
3995
1720
6525
5545
4145
720
4945
4985
3735
1285
3810
2330
890
4465
5315
4340
1650
2235
1020
5495
4725
4645
1735
4335
5800
4265
3320
5670
4915
810
6460
310
5910
1535
1060
1955
6230
4805
6560
3130
2650
1080
5170
1430
4115
1250
290
5460
6650
1270
725
3515
3725
2850
1045
655
2980
5465
2070
3910
3185
725
875
1070
625
5090
5840
