4905
990
3275
4865
3140
365
2150
5940
5625
6010
2395
600
6395
215
6385
1060
6190
6365
3190
35
6300
3000
1970
5085
6670
6560
3245
5205
2305
2350
3445
515
110
6260
1555
205
3955
6515
3540
1590
2725
2490
5975
5995
5680
3625
5180
4320
3935
3820
1730
5385
135
5210
3800
1210
2360
3715
3955
3975
180
6630
1090
4575
6695
4065
4520
5555
2800
3045
6105
4780
5750
1280
1715
5050
3415
6530
385
5605
2935
6525
4220
4005
6720
450
4025
3590
4820
6395
3630
3445
935
2910
4375
1760
4635
865
5200
6685
2035
6320
1735
3970
260
3390
2230
170
2575
1240
4000
1400
6400
3810
270
765
2340
6025
3625
5905
4555
5010
3130
5645
4255
805
1065
5510
3080
1515
1530
4995
4660
3065
1905
355
250
1010
500
1055
5860
5745
630
5090
3995
1665
1975
185
4685
1050
6235
1285
3085
4580
480
240
4630
3735
6105
2095
6635
5350
1690
3405
1205
3295
5095
5580
6625
4685
3360
4330
4905
6100
1395
1570
3850
2000
2875
6410
4925
1710
4910
1905
1585
4425
6180
3700
5570
3890
190
2160
4105
2525
5695
225
3385
1095
2310
6030
3110
2345
3860
25
5315
2590
980
6495
3050
3595
4970
4490
6255
1365
2565
195
3770
330
2940
2420
4095
3040
3780
5995
2615
5045
4560
2290
1455
6240
265
4290
2605
4660
3390
680
1785
605
4240
6160
2625
920
565
2855
4140
3895
1520
6625
2855
5560
1260
3945
3485
2545
6150
2000
6235
2715
2980
620
3970
3285
570
760
6655
2915
5275
3695
3250
2305
3890
6110
2045
4395
300
6595
6210
6345
3955
180
4710
1185
5940
5740
2985
2830
5425
1280
1225
4290
860
920
1160
5985
860
420
4400
4845
4220
1960
2150
3000
1750
4565
4785
4875
3260
4150
1040
2085
6055
2610
1690
2800
4255
2630
5615
4620
2380
310
4430
5780
5145
3285
4950
130
5900
2175
1485
6650
2875
3225
1960
370
5525
3460
2315
5980
4785
5230
265
270
2985
5625
5575
1565
2485
6595
4315
4750
3450
4550
1480
5735
2490
6135
235
1775
2165
4650
2530
5830
4695
3605
5590
355
2295
4540
25
620
3565
765
30
420
2525
3090
6510
2110
3805
5665
5445
340
3055
3040
1915
4425
4285
2970
2720
5730
2055
3200
6250
6140
1000
5865
2795
1490
2890
3205
2670
595
3315
3595
3485
4545
4820
4205
5000
1950
3415
3830
4990
235
2515
4335
5670
6670
2785
1490
4280
1630
6550
1410
1400
2380
5780
1250
1190
120
515
325
6135
5335
3260
265
5450
5280
5885
2885
1205
1180
1925
4790
4665
25
2895
3965
2755
1235
4155
935
115
6650
2350
5385
2145
2360
1650
2400
1715
4260
1345
110
5225
3745
820
1565
1955
5645
6170
4540
1700
830
2425
255
4075
1280
3880
495
1505
5360
6020
4040
5490
1080
3360
5675
5710
1745
1700
3295
1590
6670
1630
4510
5085
4580
3970
5195
3675
4540
6320
3585
3225
4430
3855
2000
3820
225
175
1780
2230
295
5675
970
4530
125
320
6130
2360
5195
4150
4010
3395
6130
3185
4905
3415
3215
3260
4910
3035
5710
5905
4195
3815
4545
5570
6105
2725
6240
1890
4610
2420
2590
5960
5375
2185
6450
785
895
1280
4265
515
6130
6420
5150
2855
5660
5525
575
1875
1440
6280
1950
3215
2695
2490
2240
1120
3050
1785
5940
2415
850
4635
5380
6125
3870
4310
780
1745
4555
4235
1825
2375
4440
3050
4790
5245
2640
2350
5140
4800
3585
3330
1615
1325
2400
