3030
3775
2800
1880
6390
4735
2505
6230
1085
2130
1390
3745
3130
3985
2135
3400
4145
3730
845
1110
6645
3090
4765
245
6235
1230
5175
1965
2135
2830
1875
4740
5225
1880
305
1290
3595
6500
1450
6315
430
5905
145
925
1030
755
6355
6610
2885
4635
5260
3705
2865
6380
1055
190
1945
1545
1295
695
2895
3940
405
2940
6180
6445
2095
4860
405
3120
3960
3430
5465
3220
5510
3660
990
1280
5230
4760
5345
2310
800
4845
3885
4980
3850
4040
6125
1065
1725
5715
1910
6165
675
1645
2740
4965
240
240
1070
5170
5550
2870
2730
3890
2500
35
805
5100
5710
4830
615
6720
5230
1960
6040
5800
1230
3455
3475
1355
6220
4305
1875
240
800
5140
5565
415
1115
965
5540
2355
2690
3000
6150
6730
140
1325
1955
3460
2970
860
360
4785
1625
6040
3435
3685
1695
4390
265
3260
5095
3330
2090
5220
2345
3880
2505
1515
2515
885
3670
1615
1785
1330
3010
3830
5535
3845
4980
3685
4285
2935
1090
5480
6720
3325
2785
4340
6645
2750
1425
370
2015
6135
3300
6225
2260
3035
3535
775
1280
6055
2335
6465
1575
3070
160
6240
4300
3900
2920
3105
6260
3215
835
5025
4895
5800
3195
130
5675
4360
5880
6125
1040
4105
6100
2435
4570
910
5925
4145
965
5030
2290
1195
6385
5025
2055
4870
845
3965
5035
1500
4950
735
4475
5060
4930
3465
5465
6440
675
790
6095
2240
3945
2435
1755
4805
1575
3565
6350
830
730
5970
580
4275
1000
6445
5285
6575
885
6555
1950
580
6255
4925
5010
5650
490
6115
5115
3505
5770
2120
3450
5595
1100
915
1270
1340
2740
1585
1420
775
995
2020
3385
3135
5820
2235
5075
5140
1780
3285
4105
1850
3955
2860
3455
5605
5595
3450
5945
5170
4570
2430
6610
4350
4950
4720
4795
2850
180
175
1800
5575
5125
570
3795
2720
535
5480
4350
5415
5925
735
2400
1030
540
1835
6515
3795
2230
3615
2980
3680
4840
3910
1025
760
915
2775
505
6105
3070
2235
3775
6470
5700
4435
3630
5955
4215
5605
2305
2000
4995
5255
5500
1140
2135
4065
80
670
4750
195
6460
2555
2850
6270
5680
4160
70
2680
4980
5645
1225
1565
6070
5710
1145
2625
900
2795
3215
875
3710
4650
2505
4980
3280
6050
4620
4360
4500
455
2405
5940
895
4250
1870
1520
6055
1785
1490
560
3175
1250
4325
3055
4145
6010
2205
3755
5515
1615
685
5845
4730
760
5505
3195
5975
3480
5620
3070
3760
1125
4405
645
6045
3820
4080
1030
4060
1565
4790
940
5725
6210
4545
1540
2375
1740
1130
355
2660
1390
4185
1940
5915
5370
5325
6685
3725
5620
4635
5535
1735
2280
2335
4225
4240
1805
3330
4850
840
2140
435
6140
1545
360
6680
5270
5225
2110
1960
530
6030
6045
2930
3135
6285
4490
5510
600
945
2930
4415
5290
4160
2255
820
4305
565
3825
5270
1740
1695
6380
40
1160
210
2090
3635
6670
4725
5340
6320
5830
2180
1500
3695
2720
405
260
830
5450
6490
4225
1955
2690
2065
6050
3210
3670
2395
1345
2975
5720
6155
3410
2650
420
2310
3435
5860
765
710
1680
5190
2450
6475
2050
2980
425
4910
5160
4050
4980
1325
3410
515
4350
530
20
4635
2395
1655
2405
3460
2560
165
545
1940
2445
4930
2700
6440
6480
1435
900
2515
1350
2385
4060
3385
4365
2450
5905
1515
1275
4920
2735
3450
5625
3255
6300
5180
2490
3130
3220
5295
1595
2400
4070
3020
3500
300
3460
4990
2110
5995
220
880
2570
5950
605
5605
3015
3810
6120
3315
4810
3900
5015
1655
175
2050
750
2295
1925
4345
5490
415
1725
4330
6105
2690
3035
950
3175
1820
2465
2200
4495
65
5355
6235
1655
2135
1725
770
1135
2095
5175
2410
4330
610
5885
2645
940
4175
6585
3190
705
4320
6320
3540
4705
5100
3100
5465
45
5275
925
4040
2565
2210
5230
2730
4565
120
3785
3680
2595
215
2560
2145
5740
295
220
765
2955
1830
3705
5540
1225
5605
5380
500
3770
6645
5045
5905
5705
535
6620
4555
2135
4470
90
4445
5015
1690
4110
3425
1910
3070
4990
5600
6040
1120
280
2735
5670
1990
1210
5290
4380
3660
6640
2050
2465
525
930
2455
155
1055
5160
5340
4085
2590
3080
5275
1125
4865
325
2655
945
6545
1740
3250
5620
1250
4955
4200
2820
1305
5870
2285
295
6085
1360
565
3230
2220
2700
5865
3925
3470
4450
700
5320
4160
3655
970
2310
335
5020
5835
1990
2970
3830
4570
6355
110
3635
5970
5110
425
2870
4880
515
1150
5025
2525
6520
6005
4595
5865
5545
4610
110
2420
4165
6240
6400
4450
2605
80
2730
6380
2005
4305
925
5305
3420
5125
1730
6050
205
4720
6440
685
6085
3940
2685
2245
4530
6280
5385
4425
6050
970
6115
3910
1840
3455
530
5340
3915
2190
5905
5950
6520
5560
2905
2660
2190
4840
1575
3080
2860
3680
4360
4960
4145
3960
6310
3235
5045
4825
3015
2905
2715
4870
6625
2025
3835
4855
1825
5790
550
3180
6445
915
4495
3675
5325
5325
3660
2370
3895
735
2315
5535
4305
6535
6155
4135
5565
4120
2020
5405
1460
6065
1780
2205
3505
2585
2895
4295
1915
