11213
697086
1755
8794
86662
100876
236184
204672
110328
9064
300437
2678
2215
78065
573711
22283
3220
250187
3773
122083
5618
482060
280580
12275
2577
1843
649134
3919
2141
311703
199741
69297
429752
56738
5767
8541
50041
114696
790574
5372
12685
38634
956
138306
10750
25453
33094
52806
2519
559867
310026
109406
48962
164213
53013
1512
6208
48042
192227
13622
1978
1011
126071
32825
101878
119295
5285
47870
10237
974
13160
62692
494064
287885
116
439286
3501
6036
67600
88016
8524
282170
506787
33574
5819
8440
146469
419728
44303
8229
732106
282505
124
502896
327354
46526
8400
694853
34114
168220
5229
5552
35005
14738
508
761348
675896
9740
7349
485183
3224
567480
4202
79117
5048
4032
2364
26121
22180
2583
530117
79452
467054
9619
1094
944
189966
585001
106643
587633
3968
7890
449531
235059
14535
6999
112424
241915
516561
1034
11572
133872
891
117577
7921
4887
79377
7625
359849
48867
58456
146341
239979
160613
400955
5545
137591
130972
440860
294351
10065
76203
53415
10107
174526
494650
7311
244293
101233
2775
375572
7675
7228
6464
1420
70217
12650
10672
3489
1425
1417
51789
5821
290
113132
47884
68867
62208
214863
707720
56993
116227
951303
127262
24617
827325
4736
353919
6633
87785
41730
324599
150965
49
388
139476
5475
8507
51276
325333
8664
107017
12214
42029
104118
87581
49540
8855
516874
4465
20196
553189
93087
223911
66798
52927
129395
57931
8721
32601
9153
891
180446
5146
96465
161101
550687
372541
18137
11198
3519
2570
53536
17841
1936
1552
107914
2166
154420
312218
628058
4851
6148
138022
15129
405834
124
397764
3229
4362
6504
1388
123416
586
8515
1834
2493
990
506785
6454
65568
74531
89453
4466
396236
178287
429873
169331
302883
19963
73300
7397
9615
247301
302313
180114
213347
1332
9981
5077
203772
28497
3708
7993
569039
179837
9685
200306
1801
276367
4012
169333
829
77286
403686
76227
201056
344173
8560
226578
189391
79185
2219
647491
523047
713081
83077
38760
14764
38347
6682
38533
4831
479470
1969
1496
129139
7813
7325
980
73570
27325
2578
325
1845
1015
8292
45664
88549
100692
55471
6059
4944
83884
59599
12375
197578
70825
235637
144015
190928
6104
5865
1055
5615
3257
450233
5628
8618
2716
647614
4340
4812
98109
161482
325790
42637
372453
101426
125955
8018
597777
87745
544415
627285
5985
87346
109456
134924
161881
72073
261409
229064
325976
67922
1649
33296
786
409329
235704
91439
520490
38859
253244
280681
217727
10617
81682
271418
2906
143210
4897
64271
8838
43511
19972
103974
26183
335884
481452
159079
72162
153026
13377
46537
7930
157349
11863
95737
35177
190
260795
74386
14286
167592
166187
1108
55186
425054
454775
2358
27801
389827
1501
7494
77766
3409
1802
3339
3584
324
14594
320719
231273
8262
52587
43083
459533
44029
4423
76743
76359
322389
263348
136876
161118
3235
1748
51759
598760
334558
214623
27975
388388
28391
26308
20298
8700
10759
95197
138205
5679
125
82071
5701
389808
356759
2639
4177
60112
220790
287702
88
2888
4429
6396
92776
500907
17049
948
129700
186808
605
375317
696572
148713
8963
4043
107409
237286
3325
127067
454106
2271
122358
385305
10131
101124
11061
15
244856
33330
274821
193538
4072
579085
111532
181434
5203
37994
45362
15868
89493
7315
59229
72287
6479
465407
9249
200022
191649
7043
44974
113107
935
9779
6628
68599
27596
126988
282317
140168
64982
59004
112214
28105
12476
5918
131085
295507
1588
86799
196501
142232
222540
549668
31953
169470
57554
1229
9859
143938
7702
209529
189427
89935
8942
462091
170016
46492
40092
32128
116595
59184
22431
5864
353169
62206
5366
235881
11824
5232
16070
415664
134545
940
3934
10492
8161
68183
535410
1305
3151
226553
11805
117823
3033
82612
5692
86340
62143
110891
5332
9942
241913
4010
138
7794
2757
30708
4985
8880
115238
390824
175132
122245
11038
1515
165432
868
87592
46611
513207
106719
187220
50850
232436
1816
9728
4556
45469
30195
81741
55454
226285
86936
13379
220125
11899
25552
37483
2112
40701
108301
468130
155
1668
4773
11330
632142
49849
104958
165153
1219
41202
83703
9106
3008
223780
1305
215319
56055
5889
190674
90729
3797
608898
6904
478
153219
2356
34848
165530
240842
574
18755
35076
368449
11000
229737
285949
2906
142249
118363
3879
111467
1774
3436
30096
44722
2576
79375
7323
9810
380653
414309
2736
29232
16900
266332
49321
72762
497764
54633
28643
167069
455464
426784
1757
1961
267489
338057
151566
96770
379452
10659
5793
87760
4800
542502
60163
155881
890
4804
644894
162367
157925
876
4126
37249
1937
120
107962
9808
366
274901
8540
596071
732
76809
274830
1965
5529
5985
7870
22673
7160
305438
148397
94883
984
194546
126435
104857
61556
133650
6275
3574
471471
4643
6588
41626
15903
261696
267739
9519
3734
113380
177308
96704
284
8110
109569
365268
48862
223031
58321
45819
123605
6474
72494
152
143382
91472
158044
310687
111812
243076
765139
107824
133565
21287
162041
29420
55259
942
17987
241579
27797
631341
2768
1557
326557
79068
83356
1697
246488
6459
551
65997
4654
91847
225424
7133
10615
148953
59588
582
72061
10239
148317
136748
64975
145414
555502
249019
600332
11516
112387
1271
614585
52011
2410
664
4460
101190
13291
115733
25
71691
12208
966321
730928
537607
8915
209
1389
74308
144774
5435
286451
550
125239
13484
356877
27542
692853
3393
825
766
487
465
337166
142118
66569
168753
354196
608629
174869
305405
431521
3828
272195
1318
30455
2520
118790
6923
1982
213819
102538
50264
1460
2853
373296
310023
139530
338228
9274
9852
2913
171112
188193
1146
141775
118956
59328
261788
7228
860
446712
2493
27178
68805
169927
59116
525597
7480
2825
573547
9254
105525
42775
354031
204
73498
8385
48259
238915
14808
97
5005
1912
423040
81172
290546
109713
129432
94856
1225
13588
2793
238484
225129
188581
22185
521373
187329
80533
1231
170599
14828
1574
632064
133048
815621
411128
8912
9132
39227
403431
130525
344901
4748
333644
2862
200583
278819
51670
61454
14434
202126
328742
352465
148551
226738
20276
4715
365101
41525
268
64958
17152
278710
199288
71617
5559
7348
84594
43795
8887
245669
778305
392159
133848
21275
149485
26814
3061
550292
101298
99383
56383
82281
72186
49882
4227
4702
95072
657
