346
49
311756
3956
287148
11871
4128
6460
2796
137153
369
117
239393
25402
103606
13511
1011
250984
104789
136173
325500
27716
6225
8186
476494
193263
28137
265721
56216
45795
9239
91105
1496
166826
95833
170328
187255
23794
107749
5383
43654
4239
187691
926922
9668
115207
10168
175553
95323
68548
149471
68785
2879
4799
8237
12364
126459
38956
39292
2595
239504
678269
35924
8134
9342
232279
1010
7843
176903
10936
3832
481940
24109
123044
63180
177377
531876
92878
71248
12264
3489
174113
76277
2796
206970
4285
685675
125306
44018
69291
88
80424
52669
23664
215934
76539
6325
216999
522417
61986
511315
345180
366388
2433
97112
566241
77779
146307
399921
134332
227805
89048
84409
7101
48471
10126
114465
207028
868135
338554
183628
272623
5511
39144
13535
2346
90651
695
92448
244949
62881
39146
458
2993
30708
3768
6683
90947
5670
2290
103513
318098
25770
145812
106606
592
2076
869
77772
1481
414597
80732
824609
95477
68082
14251
48381
7087
2960
46400
310532
173755
2299
47936
3071
93729
2719
3958
2737
9798
113874
563547
62490
8571
4179
424726
22668
32
185587
143962
378733
45584
1062
171706
66399
28343
242581
70219
308774
385001
13437
527000
10642
245023
2984
117288
1172
5534
142224
373629
48797
5745
1642
191560
8389
1128
160633
251950
29999
344930
76237
213
40771
114736
12273
120399
4198
242009
549362
4847
8979
928
819
4068
2736
401698
22007
702402
45034
1120
202226
45179
8610
46115
223498
18069
23210
100384
62930
38609
141
2467
2961
9634
4651
4003
61421
91882
7685
7256
218588
241523
27402
287756
18635
27622
24816
165204
15642
6499
263072
251005
482
57601
1516
163768
3124
55297
27460
38312
130159
45011
57356
160743
631334
442899
377336
69373
129175
16270
55445
22059
24725
83490
61887
213191
148820
143784
152659
680919
33287
666119
64695
98513
198660
7152
187764
2897
74276
36817
138430
391570
8087
47
678240
11367
81333
4132
41851
71284
2663
11807
22161
974680
7840
23847
649703
330636
53696
16200
8335
88862
2684
27243
133523
166406
549362
36606
6385
900
49749
196380
153254
335
450
104250
68272
598997
6606
4740
540
695081
104719
523419
45518
646123
2405
144102
9784
2545
75702
1903
103579
2685
240859
4921
10147
5532
470
2989
43770
8642
80913
217548
12605
55307
559261
249156
548
238284
54653
12417
201
4740
1027
157345
2201
7464
1407
2097
302946
322542
37278
199361
7436
9555
6278
665956
68696
456970
198937
11209
144777
2218
137
3358
4996
5703
2495
7292
313982
382697
5143
7819
3105
277853
7731
154462
116252
266621
2804
18147
373382
32788
4185
295171
119005
924
5790
147970
19560
208074
9332
25974
176347
12499
414808
337791
32485
374676
335781
213674
75356
4447
537654
12883
149362
78919
256768
63150
120013
2637
87010
173209
1708
33029
593231
13497
5796
3753
122778
206595
13721
264922
68488
425137
3073
57933
3229
17155
89683
249174
3884
598503
256355
114363
558687
3423
7457
2097
183272
32596
95426
3612
213426
4215
1418
76005
403697
18818
48276
19592
82077
254150
6575
43676
2268
7478
861574
1439
179004
90322
1510
997
64517
37012
279403
233975
700802
120511
1003
24532
4355
274231
1537
5565
28737
17979
6559
8713
26760
215250
196291
413305
148233
38896
178599
16508
9404
115601
169877
105101
14958
225810
597525
2575
173430
5397
14993
108103
2614
24671
7510
14863
109332
212676
45266
36589
9742
78196
303222
61653
42582
5396
8942
19705
19988
250036
201372
4939
98930
182004
64783
862
1151
1827
172062
70759
194890
670
8930
79592
1623
230045
332243
6055
4855
487590
66571
4394
253429
11395
72423
286
375927
533005
23739
58889
579287
836
244038
369972
169048
24941
2442
39962
168582
20053
5059
6026
454991
306149
62211
14404
7432
2038
7217
1317
42049
234
8909
306481
12940
154858
205425
329058
101302
4737
78804
14731
19134
3829
209154
89382
26239
3050
36035
127575
8588
46916
84962
79744
1835
6462
482334
545572
105806
8518
2994
4476
241880
3630
65553
56630
5244
5236
52939
624523
7658
906
8399
4071
13425
11184
232056
168754
4070
8514
104133
187428
236761
720077
24438
126465
4524
66885
10199
27557
79
10069
35974
27383
27383
4279
297533
6250
14544
385448
599455
139510
4706
195173
156429
214638
3036
10435
30800
3592
231500
350970
1373
3130
1938
72540
595902
251314
3760
74
958
38459
121028
3658
10624
202842
10044
84350
21418
5777
18329
10815
28165
94147
3511
107
97660
69959
38915
29520
373
7619
30169
6098
68784
15731
488813
12462
20103
74500
271760
1512
120017
805312
65396
14475
298363
222055
5337
5360
118987
63789
1027
160932
38986
5149
104781
70091
3988
10006
9017
303290
4951
14119
212650
111057
114156
371
9355
9490
520777
75
123298
20567
94292
465398
59679
8859
403265
9883
582838
53407
356336
29251
16371
39694
52323
466536
34663
277134
402396
350347
1631
513922
177
331830
6839
163487
85054
542282
10001
43372
13728
244027
44206
2764
16914
129354
60115
84372
91878
2471
1037
234
35239
2576
14249
4260
274492
2834
18780
107849
4876
324867
19427
2146
25516
68360
332
12253
24097
6233
285260
7467
68087
238559
1867
216952
796
429
326770
39
5431
57997
153368
205050
16494
35254
129208
2440
434906
13523
8750
183660
158562
167294
335194
7451
779
8508
18211
452800
40411
30739
79557
85488
248363
1069
73791
327264
124235
17450
18327
57193
2296
7304
57667
241
707
27160
67284
21349
10320
98211
41744
11225
96103
75647
327866
541950
25242
36623
199842
165417
837
81570
4370
301423
81162
114904
317988
281112
39138
3365
36
81036
226490
392038
5575
12785
231709
921016
26759
251949
75106
92142
144761
35796
12540
53360
2121
352164
191527
217842
22535
52674
48687
43515
318252
25580
321550
294905
553
324292
218132
6925
4722
12080
291395
359167
2810
259530
8332
2254
167934
36963
74811
3701
23094
3809
135135
18236
5823
705517
2602
25417
89753
9554
437210
37912
9537
24967
1419
26389
4204
4225
187440
440327
279848
17677
80326
20371
25233
33292
37618
1714
544333
4153
5967
161238
119920
73611
109048
12780
93273
84194
280921
292396
161924
503041
137456
242742
1589
37236
148420
1714
52967
890
51258
4723
496926
40679
549822
6182
5334
4242
5922
505339
78856
1913
5664
7211
4498
223205
11990
7851
30868
115868
283031
8913
74651
205383
129572
74605
1553
336197
6402
33531
1543
14842
22759
3969
124419
61753
3350
125860
152468
2068
512462
1407
73790
388179
154443
2502
472077
5276
380130
65769
1467
129989
18262
61009
5666
58
33403
11073
1365
240815
2349
742578
698
1457
159214
114848
37577
4022
27181
5430
78943
300807
109640
384357
53450
547
392876
29245
34353
96000
25853
19715
7186
67254
171273
5386
4911
352069
421477
2874
6634
35471
1637
4607
50512
557775
13270
6874
6682
158996
7016
426653
356135
1708
281173
1794
289
2508
132581
156067
9328
3332
366563
7107
46570
396078
9536
7984
117926
37164
4691
8412
34163
47783
5424
302
200187
385777
31674
3849
144969
85560
396818
357426
36
44976
9114
16350
51737
8426
6195
35031
408
5119
1106
59869
681306
36777
271613
4116
175287
35054
587
56776
1857
594744
1611
90226
5162
300592
215944
4595
24237
227553
3732
150633
495961
352215
6187
156658
187
4692
3086
8897
33825
1236
532032
67211
37969
43424
3465
77757
3762
207294
13778
456403
194551
122484
7006
12098
21277
108409
301119
221519
546589
392078
433466
4164
410645
76453
2613
33402
8095
5254
17886
14484
5167
722
8574
9143
261506
681032
4863
108131
6978
270389
3808
2370
16678
2894
8478
121521
38797
121098
35991
123859
239672
8051
57014
164291
156796
8986
47101
72359
140417
193009
191266
461224
179330
1483
3036
69495
14977
377767
1208
35797
686713
614156
173779
469204
5978
27378
686
327
64332
41659
81933
25454
102346
211758
163090
290408
124126
50804
81072
261384
424243
84916
26788
73216
413990
297563
2267
13620
122445
8493
8553
409484
797383
2026
231830
396674
46071
212780
236211
1073
15343
9760
5493
2987
7052
789
10735
4903
463928
383141
9171
3979
245760
108358
1509
29305
55970
355387
72965
154314
63500
14202
271481
8410
732646
17
37949
175264
13730
52629
2040
52323
472
6831
98067
134
16626
51967
8367
3569
581638
28543
19067
153290
101248
8547
2293
4173
15365
1203
9065
6717
42110
94372
849782
98489
58487
10011
7617
132681
392445
192092
128108
250934
140050
362394
1151
199288
602829
5074
307854
45981
34731
836343
65067
54324
514339
156082
311912
145122
11489
98
4197
41003
108531
2524
6782
9553
34009
22659
179298
174841
15071
40409
111354
54079
621720
2294
296589
98038
267994
57409
2605
19725
17940
100804
563534
476888
462324
97003
20707
24022
691818
7752
805927
414687
1359
69
86854
2744
351987
52236
27720
6826
2056
9773
29824
190681
3832
2173
80834
8357
32592
60925
28215
5272
1005
70131
66681
195781
1138
112613
11745
321031
79531
3763
7639
319756
75079
34167
20577
7490
301881
461
280064
110944
19433
65932
148352
2227
1146
6374
388050
35607
208828
29638
135773
790972
197961
6681
2282
30946
2076
9284
294359
491740
323101
545
50396
108271
7927
6214
312
165489
44661
44882
20770
3708
3198
70219
5598
2197
68565
5143
202187
173473
5718
120200
69060
349015
173708
77739
118994
7535
2152
97617
360214
5802
1946
131012
133181
37406
4164
326669
14992
518324
50913
160315
5031
225458
58689
436
64679
88689
220358
2170
111334
8405
155023
13176
25947
25549
11422
261208
24293
5987
182911
144248
673314
597113
4834
83
40971
309587
124919
270008
120121
70891
3945
57537
112703
5473
9594
32722
69450
4607
165200
87181
6471
843
21157
32524
12997
75859
91265
566706
322890
131856
1962
2967
103082
212026
147692
1012
385567
151504
8668
241002
520137
223
6597
174135
681
37061
36028
562045
108367
1988
965
710318
194689
243538
399067
309312
379405
1055
95592
11573
810695
497
7968
119715
4262
235082
664916
10610
81141
571763
338450
3214
6427
20969
388
4858
8516
98017
312661
3136
92424
7066
113331
24721
23646
100818
431553
179680
36817
15247
5571
95741
14431
5650
82569
480053
108913
2841
317168
177554
5964
21784
502817
118907
9412
121973
25619
7957
45866
2382
196547
621750
249883
20218
358424
1857
6407
10396
1902
574905
79716
11424
329284
7634
26505
813
32886
9710
128558
252541
27558
35211
266070
53745
50861
313818
3746
304734
130617
96659
7968
19285
35356
333145
77345
469458
283457
4612
243377
315849
5516
85437
1147
3394
201
216303
144010
24556
7449
29215
356398
72492
153292
310716
202156
1617
309979
171502
9403
751569
3780
343715
333410
4393
27837
621087
74355
71566
141682
4246
46465
8936
306511
176038
193731
31065
71574
15389
45370
41024
7934
103408
472892
278744
9584
6688
614052
70901
4583
580579
1521
141152
68853
92952
118422
237653
363263
36666
179420
4303
31221
7875
145165
3826
148886
23702
82228
8759
8133
12544
11038
7830
10396
354294
12131
9528
467011
1468
77222
2406
41266
200274
256681
5291
484710
21551
1573
178714
214730
164145
15048
101434
660919
78
30345
113417
325784
90090
114172
546411
2388
9169
199757
1339
2500
579615
65839
92875
7694
2924
62907
111847
658113
12544
6189
121773
4080
6160
11981
350673
182741
83441
178476
164298
330275
171868
11531
154921
15027
11529
1395
860995
34815
450975
325554
3475
134239
821853
9214
671
88809
717861
82226
8224
24218
80372
56210
22761
4705
377520
17562
478589
797858
61123
895
17565
18864
2011
201154
286015
9093
176132
4695
80881
2234
32650
210377
8466
295263
669353
945157
759850
316049
7559
361663
272437
7452
2983
51627
858431
231194
1056
5224
714986
677114
2059
44300
388182
76339
1172
31091
62604
60586
24000
10336
165306
196080
173346
214638
174013
289773
586663
425304
6134
63027
4960
2558
4716
51429
254847
6389
234861
420205
3911
185414
688386
427208
19559
4612
76243
1448
51977
80913
125660
113895
463737
34138
12963
3186
283263
39
461817
77803
248505
4148
10747
6390
920579
345634
340695
5346
3050
1168
578371
432712
2563
19363
279732
85257
11007
391498
43509
194137
110991
10264
5806
34283
1052
176184
170766
128225
6397
6575
10094
600
6593
452228
526
8557
11578
422003
2340
147595
113173
105704
4963
197214
59994
13662
2466
8022
174820
149
4753
31049
184400
418178
112900
128493
228333
256536
64670
173589
840
192015
115642
181
40764
8073
6533
224844
8835
5892
13653
21894
58848
358553
116679
97152
296527
3165
24648
8880
463545
3533
85862
63904
85960
43155
57060
211841
96755
188811
5840
315101
98680
17455
96148
9523
8139
415362
42939
20129
27911
23258
244049
148798
147
262630
5442
5328
31745
29950
132574
467
164494
157993
275099
65903
3244
