32035
3013
218747
3286
12830
407992
8301
73075
9431
200145
345
447613
1060
322567
4983
820
69478
2192
91474
230071
611249
55381
781044
28139
43009
64953
111931
607532
206573
182969
82607
49591
6638
595840
50592
9523
170693
2511
114027
75864
107492
488347
151841
6688
389752
508757
244859
738366
68247
308083
23336
298712
290076
39084
25490
129684
307994
122724
193091
29588
122818
760667
55742
4801
142233
37807
511774
4464
269573
273000
330892
83897
33264
4834
6838
1671
106315
5959
2754
2422
291014
13666
13590
53139
85044
9440
21994
326346
11285
21171
285931
520
1003
171961
30745
117061
124208
561682
151263
5166
76880
3121
254300
36169
90082
13455
78730
151414
32629
678342
85402
74429
320367
3992
3757
133570
23401
68455
338177
209340
307082
2057
8607
24510
1221
3865
89202
174955
15150
180711
3911
481816
8853
8305
2639
574612
8978
530747
239968
334604
287441
1448
562
44048
99968
7588
127287
15374
8840
25671
8860
217523
226187
210444
28306
31859
2351
135218
12418
221462
432072
92160
8554
632088
10512
938
3672
2680
1397
298074
37239
6501
9194
301871
13222
17438
10047
5142
304300
13590
17060
869
21300
137433
31139
618
13455
292622
39810
8977
40441
6145
320427
8167
33225
7749
3080
40624
74440
113812
67208
2399
268055
254840
6849
62701
34869
35193
30562
128918
215322
40336
11278
99681
5527
7784
8349
29241
240428
11180
68340
151302
21070
730668
7207
85860
751009
156209
10942
3517
24242
559420
29649
5359
46096
4168
83468
14333
8955
292201
66807
7764
735
335821
10857
676970
74764
17444
6570
65087
106783
81367
61709
109881
197578
85993
8439
200649
54246
11221
30789
41782
58411
4269
303162
262
2495
6522
176415
362826
644901
1162
333
132197
139687
12000
2645
157780
157
7
124020
5631
1030
166999
37295
117777
80212
8514
108975
97984
120647
4356
254
9114
379476
403
35532
507900
102210
440640
4832
4418
814537
14960
194136
8463
5438
6798
75664
55961
112
254869
98344
26311
208265
9317
42111
876370
6516
274955
5471
329081
4488
204460
10069
474946
2273
145621
175439
72568
3899
42057
376898
596451
27682
2060
12037
74183
3048
2431
163662
1729
105266
18989
364424
75478
159078
32997
248255
596057
474705
640163
4497
77425
249929
4489
59051
95411
25940
358727
104267
165
2698
193838
4522
3915
437537
435
4331
164353
1470
339207
1025
318785
62234
511595
260786
130849
8577
5586
68389
64601
10984
200
46200
151241
50276
327089
3966
8019
59850
7114
3927
1984
1308
65322
118986
714
69370
77848
9736
3149
14432
64699
9403
36377
1826
61090
68983
46543
92580
346761
29399
7416
2490
403859
1052
100812
1824
2093
137361
192997
232486
374270
7610
93816
1950
9606
26557
2457
219748
9068
25343
12180
59547
253961
70311
175611
53574
11867
2370
65698
95413
936
489
2029
3200
15315
770667
78004
87428
7054
277386
83738
10447
143511
227768
335
66010
223096
2729
1397
172588
31883
134027
259581
60719
14080
25
157363
79874
660772
805688
147381
1712
1697
38953
164420
119216
38091
38686
11100
2656
9528
412948
42167
401542
12840
593493
1567
395999
218580
505837
352832
4064
266808
102473
563298
44253
555724
3427
589503
3855
36650
54631
502915
52482
73954
9431
1220
3608
256
43
57373
30437
1677
31249
399215
30667
19000
113448
11994
2707
28938
211954
4167
4456
90374
237481
639
85981
62921
490018
493026
172709
131699
516040
109516
9249
447506
67962
6679
309
11214
722
65117
152506
612689
239460
1938
2145
53098
175802
29979
95
472
4396
29401
73445
126996
39795
178928
398512
28886
735
68519
325
4418
828340
124698
1273
327952
55123
6314
113771
1180
275340
38185
37820
37950
96301
49447
913
10461
61044
567
4622
10279
11187
567857
250887
381696
335515
140454
269015
775341
10158
53430
51895
557997
220494
595142
492343
6071
232846
155412
192116
35763
490422
144586
879
225317
369030
1958
53809
14497
99005
538
244479
11079
10831
146282
90526
16819
10791
2627
3015
4415
4567
31348
187333
395087
142361
864
238776
404937
25400
42591
5039
9201
624118
4593
336
1209
92828
10911
4918
193023
41736
115687
20100
16509
42501
185373
3096
93871
4950
41097
947
84140
240290
200215
7909
242
106023
115425
12674
4246
242826
8454
109793
11138
142754
10321
4956
105687
158583
401754
160561
302848
181927
158301
40844
25138
1143
74507
351537
6568
253802
1360
6751
747835
3731
35166
3052
8448
414248
323920
29884
44653
5339
22522
358330
562830
4304
21548
512985
44952
86513
4558
5209
12472
509431
304160
3995
61167
166284
4311
82379
7483
133485
206639
31628
523150
174
23657
4539
48739
76790
5222
687537
73677
99349
144619
493684
75990
36344
3010
186706
68844
646894
271215
68675
196234
4545
120537
761624
33570
4722
89368
83103
349198
1011
579223
42685
72755
18615
3474
22358
218350
18044
28
8867
4107
367
263251
12791
7997
95746
4077
79269
210671
112856
5922
658629
8127
5099
45745
417222
412189
147707
4233
3975
39801
9126
4299
24462
6149
65926
79014
315135
2834
57037
7997
172514
11808
466
3484
5364
3731
232162
270638
8440
179684
4469
22269
358130
6680
5383
12878
86529
72997
6943
7176
70275
343272
66834
3709
1028
6639
1856
286035
330796
38896
4495
208282
57341
57745
143459
30769
812108
48737
104920
369638
2932
3638
111911
547972
119139
198903
28166
13582
195179
340697
29969
187501
120037
187839
4386
4667
140524
407476
97526
5129
66007
360048
5570
701776
59
393203
89905
482715
32091
26013
135126
18759
516585
579754
8974
3476
9636
4692
6829
11003
2619
150564
156876
16003
78399
109698
253048
355469
106993
67925
1933
277
130505
11436
5538
1494
20679
45536
12885
7224
12390
106220
2695
53658
32376
696115
13140
220216
1248
498356
10280
250774
6097
203482
250609
2591
2605
686252
12755
276894
2811
223553
327167
8168
27246
2527
5839
7765
478757
1840
154342
4799
1255
484
4348
6751
4741
19187
61116
436803
198004
375
267123
427988
29803
6669
9299
172357
89303
670914
5064
27605
16847
1694
91865
112434
171995
43860
174308
129996
25620
21927
6167
155256
153636
12827
7279
58790
414510
2249
18414
2894
88320
373105
8845
2921
92790
165118
50205
5627
93525
4669
227078
366850
2380
197783
677
74081
62881
19377
144576
317978
58414
8996
2021
8979
191459
384
18372
319722
233
8658
5521
74797
11564
16931
15129
232332
8517
67317
2975
222087
184607
3649
65503
429619
17468
345852
166630
150305
218399
301373
488
469357
362487
28985
454153
61005
15508
5781
136126
229719
215276
9107
457088
5192
2212
289
2264
308362
340064
248919
427741
801
686
5589
262477
181559
120701
27933
95928
35339
267640
3957
113559
48874
2976
130522
825202
7275
180230
66896
213361
381
227689
40178
5783
512902
2517
397572
80961
621812
11141
48988
4054
693587
491905
38999
8365
81702
116811
2056
32396
511
2100
48749
212804
1907
614
189685
1002
415894
94
279084
204
7197
182528
89398
162740
10791
91176
3757
6579
3212
7874
8220
23501
204490
47394
13485
337709
730
75274
99712
4913
1386
831037
393692
38620
111837
1306
133238
6621
1849
36167
56615
48439
2802
570858
125999
43
13066
57388
688411
286144
1547
417
9157
624
4229
108
4391
211053
619420
383
8855
3838
22504
138338
151774
6976
4118
340474
7420
193745
4545
194416
11773
6405
181046
2190
3307
10377
28278
323083
2688
12649
1235
1745
11955
77959
836752
160012
84626
14924
5807
32607
29994
112317
154948
405398
875392
7987
105964
32448
2776
83890
594719
6237
9573
137795
406234
22624
506743
186942
148739
1688
237408
8400
6761
92560
476198
408559
700
832125
892520
469091
106650
216660
405137
4250
2959
495
566405
26273
99237
4242
6124
699898
25193
30543
178710
39985
543295
173107
602
62157
4346
776
45366
362
11599
60343
2444
121006
471708
42661
6368
15738
70057
607537
122010
115606
35036
856429
115517
231
246320
138592
3107
21436
127924
73149
53667
25954
171372
51232
133054
430480
23913
193850
11258
21505
31198
5129
88929
4264
5079
418337
283541
5326
731048
4586
5862
46723
5708
393
531748
89638
95488
369704
17675
300130
1698
181300
131129
34229
57672
309218
37120
1045
79530
143924
410757
4037
37571
75562
4208
694677
59276
179290
1010
192707
52648
6284
93628
76433
4912
8575
7695
267147
14450
6640
9238
648071
39023
4343
119061
22139
54232
118949
123
14587
10607
45378
155411
3027
566417
202
184200
465949
3093
11782
79533
319115
8686
111543
21242
195982
111769
354448
225859
2456
4343
33721
3393
92687
682439
20990
916
162882
194920
1759
49977
400445
128481
7239
266169
17194
186
1083
29248
47254
204314
1585
11524
43313
350893
247460
34993
9680
10946
276724
442854
196853
13170
48657
1791
77917
165864
4991
9462
31526
195634
192224
634923
662965
172326
23209
4206
670986
5692
54999
70740
52693
117348
51783
154294
80349
40995
655
725576
38056
7445
58224
30472
7875
220636
1558
430
41
32596
103209
6517
1036
146609
3492
3819
10641
288024
182988
778
1477
52718
28897
3735
108563
480045
286274
198155
2115
1739
258614
383264
14614
43026
685928
1866
2505
10385
81028
34696
392273
1333
3209
11453
28293
45956
232494
80664
267586
578560
23677
148419
7267
25345
14573
3177
1149
5181
5462
7168
7896
146437
6266
134395
540973
34025
3553
695038
31
3474
852353
8486
1273
228440
18923
10035
232369
146
61535
83388
469772
108319
107
18558
16057
6971
41374
436945
379702
638
53401
138607
22880
82190
39102
1165
1175
9902
2772
4017
6872
8769
637563
294461
71361
451691
75076
235005
61515
11190
456084
27413
342
9295
48993
3285
237474
221949
315163
393755
584179
4138
73523
6885
9983
37352
20451
34538
219758
1801
483168
108193
110943
66894
188274
9025
385965
4402
512515
298628
149796
925
56151
73736
478981
2498
298867
181063
21867
4883
146793
1053
100
1631
253686
6656
3144
73935
10469
4902
131968
7386
97776
11237
12244
6557
19991
413711
7506
98851
75673
15688
1447
33125
522884
2505
110163
1881
159964
154250
3374
596
62249
11
18701
5135
10602
6719
19608
339158
5087
3478
340344
25594
97236
237
2242
103810
38542
100987
5822
112122
104351
32829
512077
948
42963
321953
71360
15971
6497
93071
6343
25661
95055
4646
5154
734
12380
8606
312738
5608
39255
1393
17467
170605
28175
72474
230652
112830
167198
165943
719189
218330
8119
6
197621
79857
11774
585952
179953
115664
126103
331732
3694
27536
7006
442223
2539
5365
110029
24518
124665
497992
99373
1444
7351
9579
8575
127
326129
575988
2015
5117
947
274618
207720
139463
6918
98711
99912
404096
343864
162773
9190
223123
436656
5003
232689
3091
46355
6850
7724
2657
10048
12203
310038
70102
3459
8461
319077
4716
2486
170628
6788
3683
239905
46429
8815
18578
321256
28387
8762
69753
187832
169347
626725
271392
238
134483
239468
3993
8945
1070
2317
91928
247129
1774
164646
524116
11288
20457
647544
146700
29770
11013
43625
1940
258690
212871
9439
932
6347
3416
439597
99424
3817
109865
14344
125108
45874
8652
109728
6358
328155
129262
27981
41839
233328
40743
23943
146985
225180
4601
11040
127471
21304
137695
129752
88703
209769
222138
4219
267477
4299
75079
487852
278950
263966
310519
2361
62873
114057
159852
2461
310745
430426
284920
63722
10831
30231
212445
4148
54669
9122
4389
98827
153503
4598
13680
307099
901
17465
31997
3768
6623
4866
9949
7456
490008
155451
778
4553
280722
34540
472265
8665
395638
42770
23963
109214
6922
2380
136356
325346
288758
24397
5411
106985
243150
10713
840823
395424
106638
677235
3789
92910
51466
616528
124366
197768
372097
452332
5131
161927
5165
12128
366707
29182
104504
4538
1941
140703
80257
124991
309808
32173
17419
611848
272484
16016
2488
103931
842236
356644
5218
5129
230342
2931
73999
80765
713
454575
376882
6257
4669
7645
125504
2353
55494
309274
152634
70537
129655
137325
22078
190735
202823
37919
125709
90354
24557
392083
2290
7920
23742
22514
588419
38711
405886
2535
50520
7504
358444
105905
6318
9054
155795
396352
4697
94784
4779
43584
131
105565
5538
134244
188608
124242
89195
5088
6586
14244
255453
11473
2625
2860
5873
454
777938
524183
124339
63872
263974
44049
11381
310343
75363
8881
171801
6792
181950
20071
275653
403655
15352
338426
108478
138494
228886
3218
319526
261645
196567
468572
15065
68926
14255
93647
127127
298103
1503
340937
22435
100452
154976
186557
583395
586
233713
46476
133562
277883
8645
38500
554214
2346
88901
268704
187700
66266
66009
3725
210572
333602
702432
66445
2693
14830
7307
15594
403
150603
110747
8604
18389
167084
2306
42812
61814
11201
196173
182503
298796
203857
485891
142851
73897
268329
236334
398236
153192
5886
10043
