1686
7
258853
7000
1874
2904
146011
3925
88287
613953
356666
1598
35348
2657
157166
93407
78767
75431
115444
12
2538
276833
79798
5328
10314
66116
440926
4690
14268
4420
288302
765762
47246
6239
2305
126446
5845
504332
536127
63564
8698
383630
547004
1376
220572
4558
363316
3352
7179
542608
7351
10988
122211
4197
381967
56624
22424
1972
82378
1297
39260
3882
730878
14401
355374
3905
193770
40286
140912
377596
16134
65010
165473
370100
166594
35591
260619
299140
152535
135718
550018
17068
39864
22201
459425
147360
126667
5433
945174
4238
65197
129039
652870
401364
43685
75340
6810
7202
250329
84954
11630
2260
397481
382285
70683
73352
3977
292461
574572
16464
4588
6068
37839
2450
12828
283117
126328
109734
306590
5067
4133
634260
68887
31180
9786
132789
8571
57145
82452
7910
72797
613866
87515
5390
4578
223352
2470
80345
44162
11774
2514
477106
453010
10149
349288
38421
455329
153442
117596
341079
583860
679336
6095
3431
20727
4286
525283
1715
4682
50545
33649
3043
53360
357407
6912
113239
85263
5153
1807
143535
230472
6619
226681
156986
190316
1505
4361
1999
139579
8472
141710
2545
5715
6364
57702
235913
373727
83648
8318
63061
7774
547759
4242
1724
1576
4645
527338
147952
5149
307227
135851
409921
1089
152340
155969
266246
101
166316
562
2740
550034
45946
160194
260591
405397
12573
743504
139883
401777
298774
2696
5330
15848
4294
463438
151087
11815
169337
43508
362090
510622
3813
2928
27808
2026
455480
122167
7349
430909
7749
78353
9866
139835
101396
475092
11630
6643
221913
27788
128881
7131
5059
51836
551447
99703
257715
166252
3194
43465
5182
114796
84343
154803
410851
1817
66446
3313
136260
4000
1091
24612
1665
476665
7271
10687
373180
159258
355284
21598
25273
112720
1465
47
8414
1263
126692
73122
97292
388145
411620
3487
5742
4582
490
59777
6995
40459
24075
109878
200219
3420
532175
8451
58420
189783
96843
5518
361375
35760
5489
117851
179665
9054
5308
57110
212435
343274
3800
91858
2474
4530
8468
9242
1978
886
851
9719
58706
645338
343810
2748
85921
1646
2892
374277
648283
6873
353640
8082
73392
207113
61955
7211
141439
8229
177378
59722
7754
297
10558
11171
200057
1219
694776
429021
706373
28685
2965
51184
21210
13214
2100
247248
16968
669556
491464
447190
392472
43118
68152
246038
489396
93848
74642
79663
477484
4469
92409
163584
77002
30283
48810
204
46312
19732
19945
176351
168079
575
190481
317796
431
82713
13889
296153
857
19225
633564
152108
67516
33418
13729
166888
6392
50942
23122
264616
78226
37959
817082
22349
463273
2412
6732
290
11264
9314
135794
36388
267144
19817
13207
2762
4973
243071
16162
18954
22275
302328
13709
89098
6199
726654
75327
187675
203706
1041
464564
468076
2230
275133
8667
603788
28358
7510
4304
87097
155799
69226
139358
110976
435555
152323
1854
66345
182399
31726
1824
218132
36719
196339
134875
280947
125716
86865
453022
77776
2968
40885
270269
261125
87640
64129
75043
146588
6279
7568
147627
607004
122705
276445
22732
4919
11800
2512
838147
40251
1049
30992
30418
200237
249370
456393
5806
3221
3587
276635
48872
158819
108523
136642
277683
6406
20726
4675
290344
32643
249
10739
772930
51877
69335
2512
2767
434370
360490
203857
120446
4845
88629
515072
302968
8347
116413
353287
38296
362616
65125
108314
13934
6843
29073
290255
20153
8523
31114
448953
21368
1910
144047
44469
14997
174192
14340
97120
28351
62661
2777
249
4365
202462
4705
13110
118964
75408
62487
362706
17772
131069
595600
99796
20514
113566
8102
143947
438364
461409
12743
362860
28100
205945
203299
4160
118399
159678
302640
94974
416837
2616
41016
3454
88964
11902
413240
1635
5742
3299
52
137089
19443
403677
21983
283181
7573
156233
45749
748823
43937
106356
219052
5286
4880
877167
12713
33135
51851
101393
105698
65790
646801
274490
6088
1817
53056
633
10894
1343
472371
6112
61786
5120
793236
388971
73926
154662
7191
334738
51757
16233
351
456322
184919
67790
65393
352073
449959
112537
5796
42635
355220
2753
93
6083
849
31892
126958
780348
67087
21479
6149
441803
1344
76749
487
96203
160849
15624
528554
511756
1351
4678
64965
127763
4201
422935
16353
1815
486
770
178440
107550
244123
139949
47906
8220
3303
3264
415596
334
35412
2856
1146
7576
176304
44154
2376
1151
51121
435851
5787
189836
628
47254
1191
14669
10691
172654
45789
1511
69473
14954
542973
431605
705939
3465
220922
329299
5553
4435
33923
3196
31652
48459
215233
230867
49298
103359
305
108070
315784
148785
53117
332
93283
174705
41132
162643
21339
6422
40
29478
193046
57523
57316
229142
500566
36515
6775
18386
197118
38753
16109
31026
20152
126592
17201
12165
166099
6814
79660
11629
734865
103418
7725
449728
14249
2659
1834
164857
431114
70025
115916
1383
3477
66486
42849
46980
513
5069
207447
299809
289124
21549
12309
552423
306727
25529
115762
17683
9380
264801
11340
8395
5621
4475
110871
2351
5232
30467
445896
573190
779
320246
19093
11774
128
2425
37672
855720
556778
48806
181969
7132
150062
700
13013
182606
345203
2815
319367
1676
1883
5612
274125
35524
19114
108015
12138
5521
6829
323583
644381
208576
10244
2995
75512
702766
4326
74665
421514
169020
48603
6717
6364
6402
9921
104146
21877
383065
5514
99432
1203
930
65753
55794
23393
14401
1703
39463
579396
148670
685
15367
32373
401717
89357
1476
594041
2431
241684
7228
1370
122992
224654
255978
178677
85189
13607
95640
687970
88568
9520
43340
84185
110190
1905
135977
828
327042
22009
124564
21
86461
2647
5576
184876
86
51706
96661
71910
34330
238651
194638
3858
879
35708
27506
674303
24957
301742
524823
149912
479
4180
102390
204773
511
237632
443296
71374
411114
123907
78832
3831
59322
3368
18550
762249
10300
358803
596585
52150
91744
415314
6341
12951
291820
11611
12092
135690
3434
150891
2711
90717
15687
107214
372784
524964
1346
135734
8941
137094
15775
183492
189279
453400
343497
73455
117308
413039
18929
31342
295405
14534
253734
82262
10469
198592
4357
223794
15119
1193
47051
177784
148019
147223
1058
446868
934
255202
22611
593989
40746
102898
49249
717
944799
97135
25906
2562
1313
30318
517194
14561
132869
22357
5668
57590
1994
2368
3017
4523
180838
512
1070
46848
101710
11112
11442
72391
40699
2020
5670
4390
282750
130606
82652
399347
10236
6623
567
4682
3024
238779
1923
31442
143386
9645
10096
150
86883
673736
20905
11737
23378
133796
199091
3359
5447
72315
355733
5908
373915
82
88676
373400
578629
4173
149911
1516
23943
153600
442583
67060
2792
7794
103804
3673
2736
5353
41366
8751
1714
131816
92970
53351
88396
11105
26066
8884
17402
260615
124320
187149
23777
128363
334223
50086
370738
6711
28390
306669
6735
74917
28072
296981
35486
32349
2589
96755
149520
66655
10112
135938
2342
7466
130456
46521
291
528013
26944
212291
7556
470700
9084
4778
27201
307728
547990
114257
134291
66628
108678
37768
1037
2467
23242
173927
4
84403
81192
464
1607
55745
390011
22782
7365
7585
207094
204615
231693
157806
8977
8435
2173
12589
36312
362338
36619
6891
113447
362555
67233
39252
643098
89045
138433
97240
122
6069
2762
96028
427047
357961
5244
102255
199334
44198
178589
6330
95742
11203
6326
10734
11652
213880
39638
14810
5111
49245
185566
144864
90601
288710
26060
42063
240861
163653
278964
350080
513639
196792
657120
6680
8526
248875
168331
99599
982
429165
137576
219876
82218
153934
658845
161293
43454
39632
36481
10456
12682
177
207342
31329
483323
697520
9489
5435
9333
49308
314720
12342
1015
8259
6673
97838
268555
206973
311619
8680
29040
763173
10472
492794
307646
28571
304584
58
193040
3805
5841
47197
98620
71306
4009
408676
41684
4861
224699
108199
11650
132977
5167
4485
2896
38831
1044
122185
8986
486564
36238
161404
5757
149765
545211
264119
438076
100267
72338
322222
29789
60113
159939
189031
192132
230457
35003
48359
31591
91450
98587
2092
20592
4395
29509
148033
4389
59314
70353
372
16631
6115
5053
21527
383603
11873
9858
554429
19706
5077
112903
5365
248989
408491
7200
8165
656103
150530
334950
23123
6507
284070
412280
391459
1290
370047
530131
6350
8534
15
42120
216319
80160
254566
10129
335783
71514
5586
405
242484
3047
397116
218126
279165
453795
38993
2726
6492
1048
1525
164239
527169
24444
121990
402262
207175
207
8697
269673
219135
149448
143486
331387
408744
9451
851
19660
371105
74313
69429
56704
57010
909
8144
12224
309952
209280
39294
617
511005
79032
70152
270675
29201
256344
25401
43806
210870
8711
74911
4499
158332
333
4912
121783
2188
13488
178417
4253
1484
919048
4628
4677
3387
222395
353815
93103
49
155231
300981
47340
764703
226143
413880
28684
42237
401659
6423
31704
3869
269848
139761
8667
430725
61622
81403
893
31743
10966
432764
233476
183590
238419
7254
28655
5475
518
106188
13698
321564
2507
51780
972
58968
156272
865820
17638
219080
183534
80015
118246
4677
2120
2667
5466
73972
31446
174272
51
84407
2989
772302
110497
12420
5872
15870
542696
107411
172618
1883
175532
60542
5144
87602
614561
6761
228025
3853
8526
44928
1878
32036
44192
2480
1052
5375
4777
751
5713
847
114544
16877
225654
1046
38947
8811
626
56953
1860
142678
125172
84434
1128
2567
329280
228286
425703
255598
17742
12786
16579
74471
206440
479111
37136
10215
248391
3717
2414
14446
9435
147816
21339
2016
11465
6878
29198
188818
456547
1070
140687
359
75660
1447
10232
2979
942
54050
10287
175111
259055
90443
19954
55835
919263
9882
36479
356945
8163
438383
148194
179554
245228
341080
2482
79798
136963
17586
46870
183173
31785
419965
36320
13689
321853
5558
43741
9199
15825
36935
360659
20895
363552
8024
463557
7039
1027
39292
480912
3308
2591
4575
274336
722
9748
151661
37038
165637
113949
44147
9151
68813
6319
228103
125
7401
88
67706
239307
464715
73836
1486
212633
1605
423101
427399
292
542635
196243
16136
166775
3062
303573
149984
79308
3520
5471
20484
190060
49798
274561
292621
3741
10258
54163
148384
6933
28820
311639
232306
239342
5664
98129
28677
4657
6107
78466
3189
7458
1678
43897
1479
977
2788
130139
8153
5861
3336
44103
492340
68443
6554
132477
128824
354431
6734
144594
128689
457890
88153
32633
10233
1461
2863
20875
29879
31765
10016
2422
1258
7039
133660
407475
99211
147861
76977
34146
10456
27
668616
169923
352336
1770
3502
11485
7156
193684
198866
396673
241631
293522
265186
2150
7585
278886
3494
25302
303760
77340
35894
9955
18071
3844
775516
7635
16466
31691
1912
4020
165389
415451
11060
8869
220894
371538
5442
661511
19732
18651
2566
10868
663729
39200
677
73354
111
245554
20163
555729
12464
84542
2978
589050
2762
10642
737198
96124
221816
38640
341877
99952
197106
684034
24095
8573
176344
403177
1996
4455
364041
820
617871
149333
128530
4523
1368
114546
70636
267625
121353
37119
114689
47163
198
7296
13274
42736
51871
987
7819
134446
24044
265206
2471
167026
9437
4509
3290
97298
7613
351634
362290
126570
83562
282083
1632
779350
11085
18954
116843
56183
265137
123682
368415
65639
239100
14647
561267
8604
238232
9146
7707
10726
21377
127597
445581
86302
74108
5471
31918
5031
2858
114481
47116
3936
296063
2491
49446
3076
2073
6333
107224
137305
9225
153880
396670
720
27882
52598
4611
496178
225050
6340
7038
39566
1590
133037
3819
32323
1692
104106
28579
126422
9301
112046
2877
190637
1276
29181
348763
6845
69367
145902
87569
341
287512
306173
35444
19332
147653
5919
304023
207350
7107
15039
32974
446
600341
2903
114770
457310
26379
3542
9584
296820
3278
149313
241135
12264
400187
11586
31819
146250
89883
5587
632366
327923
45113
35558
516268
17146
400313
580824
31352
7326
16402
169758
13684
22935
322521
358355
89245
707
521722
1404
5502
154608
45844
547241
19701
18899
568
6063
15613
184081
356934
12036
7872
38016
43101
5353
8288
7326
431
299039
284534
76555
87158
318642
113605
15749
10743
6983
182285
217738
10689
10939
1120
5916
40821
385810
2660
3608
14507
307272
175416
3189
463990
11349
211865
28442
276351
344622
69732
7458
77080
360893
28653
715208
66456
189
1448
65332
340011
10873
64228
6961
6252
14076
382675
10696
16988
205370
252416
208416
38210
396159
6150
2761
273059
2772
267439
4175
295049
380935
435219
2154
213331
3501
290747
5511
317696
738636
145386
102950
6937
16781
1803
56575
639
461405
413080
5004
316578
104546
388204
249340
67080
17791
4131
196468
1381
107537
5144
190171
400832
16937
9013
75555
216295
6096
3833
197712
2896
158433
1334
7751
292469
2643
792912
5955
23176
4893
60450
9232
9433
592552
7023
145001
37203
523720
145003
130326
11413
12498
1208
1493
46112
484
776322
756
184285
6541
28635
95857
587731
3875
7732
896916
10070
288850
7326
146798
18419
1007
324
389550
72538
5633
148002
58201
570984
40114
10552
16144
95072
5571
4440
52195
970
65661
163246
17029
43709
179191
23150
74222
16773
228464
4376
393120
419704
247675
188729
301102
16145
55636
9381
77996
1537
26154
3669
59643
433357
7917
81643
21964
476
9313
7703
5386
1337
48934
3122
64552
1268
233719
239829
37159
190890
9500
6234
347
18384
3226
35145
379468
3537
15486
8683
4227
95762
30596
433580
355578
6725
37881
97343
73750
10704
5180
45036
138252
27493
22716
182028
6329
213624
352339
506527
86547
49996
5495
107373
507549
5752
5040
264124
13568
727614
160007
1844
4352
445515
26569
321336
4767
2557
74535
264336
5218
201210
343954
164
7560
158238
231652
308461
5526
1089
11118
12467
718259
73282
24734
425821
143534
96838
17070
5446
3757
114427
296678
16227
45
298163
10328
1891
38927
44735
30971
17955
11206
315542
270726
6559
126357
410611
66919
222542
1217
28029
6738
955
3190
382736
168
406279
4327
2972
171718
6743
8279
431
109317
438252
107893
1047
4034
5245
263075
166324
2836
254975
5052
47040
67270
70434
3963
207285
18934
7499
45400
1544
185753
281062
1149
3364
6122
62476
11953
82132
534826
15283
3148
19100
188
119372
9153
191764
28397
2240
23771
8801
24950
183353
549
2346
30244
63909
12997
4772
5790
344414
1719
239577
705470
59657
59708
4153
317419
2208
78246
28525
37753
728641
142846
12541
76658
85209
11047
7921
5419
4470
8386
12495
96
323884
381562
27185
537414
2686
432263
885
93688
113482
59048
268201
90822
167841
50552
5420
27133
223111
195146
26140
15301
340372
70706
4288
20791
1394
329213
1156
554237
168469
133333
79286
26250
1624
4780
491202
24771
81707
253974
659321
562452
13686
4346
73670
421739
84510
27898
201
407175
87639
150434
11932
38225
101798
300147
24010
384994
5809
774895
210012
30963
3521
43017
2114
15821
86
376
8419
126060
8735
89485
132450
472914
30701
350001
6210
145615
5662
275778
261438
216740
10285
101285
139236
208390
52517
180688
260814
554164
13781
3426
284
248933
4446
16809
60289
5750
39882
6809
1621
127295
3784
647069
5294
277972
36189
25078
77872
103056
6583
4981
2624
152433
52531
19460
66658
13092
296339
621
2136
3630
200469
281377
314
122918
363503
1416
7303
26630
740298
663
4139
2873
34960
9253
4125
180475
107793
279231
7218
83605
258054
9859
114510
398448
84771
208588
48752
385019
388734
18580
477292
8699
23580
5573
194566
4246
6632
30527
16535
21992
4105
356840
201607
8114
404354
123263
429724
2806
9559
1845
110809
936
659
118676
470383
65171
121366
2444
8005
10536
288
12185
491515
15763
600163
29134
70991
244466
292036
4816
230718
116696
3940
75238
42651
150456
1170
6753
3010
11378
4780
159385
5663
99146
158148
67375
2554
298022
412554
11029
124401
134101
1704
24434
325807
356766
3553
6355
2917
3404
1389
429170
14273
32991
40061
436095
4901
5647
22091
22116
3832
294259
402797
125004
59643
13082
9173
21489
2138
135141
2430
188801
5405
55177
163851
25648
129947
2063
141356
805995
241697
433
226492
214579
210656
13071
194692
42620
1256
913
2614
177614
298990
625946
7383
3700
220
134582
140463
75828
137507
550028
11275
68411
514972
9853
7659
10370
460
43519
373699
27482
3640
49491
77857
55281
5966
7778
36097
11436
7436
11742
35903
378479
633934
42006
31920
157769
186
704327
166719
63497
9364
192327
595083
6033
119341
50856
7172
863
1100
63497
533631
147040
4569
330573
4361
560507
316
453
372486
2109
647
283182
162548
264874
118936
846
12440
130956
135114
8127
4292
3920
1878
177093
913
728901
10561
155356
537
77410
245564
72823
46500
3969
10698
53104
80052
33422
45827
2308
44845
8257
3777
4723
397504
55446
797
168237
241160
10078
981
68156
57161
157436
409564
6307
1908
42425
115284
247087
15894
323471
99117
490027
289
124002
46876
116756
3833
5556
12527
27695
324509
230000
32322
7051
39025
489995
106132
589946
68695
433207
8852
923
8459
136991
108
1847
9674
196635
195705
111770
180034
17130
1321
39051
14678
9499
999
15350
6714
112222
39116
123317
4330
4151
24386
350266
16114
16509
2657
48779
5926
1893
6261
5593
33708
23335
382553
469722
8639
19352
14745
115934
26208
5190
103591
21299
61788
2426
8461
478214
6624
240591
5007
6237
4422
16655
348113
40447
188273
25062
303208
530
97616
689513
4068
631283
7391
50190
516
6050
182368
350355
518
8839
321745
111744
11735
72838
117152
1002
295476
47487
28056
7493
588
6883
3609
50810
146962
3119
4908
3631
28492
3147
47592
284558
1715
8772
103951
486407
91967
63934
331022
2502
183525
358601
7111
140829
17099
470
5696
81190
164905
170298
18903
4800
149516
26981
13199
94788
187488
77166
242593
14866
81322
157798
6820
160739
5738
437119
45908
189800
276192
422325
212343
215738
58808
14954
32795
282728
6872
679349
402818
64010
154
92051
41222
225479
56244
43515
5402
104920
5604
67763
110817
95346
229710
160706
203818
467044
202909
512006
7491
328868
166712
6477
51162
92714
144365
6963
60790
46324
169
80208
126028
11590
141084
44866
7719
542104
294675
653595
48124
169549
10669
772
801685
278
6669
64631
170619
2755
5442
2082
130401
24163
13951
12350
21570
351
3101
346115
13961
10137
279902
22968
243961
391694
2902
4270
21552
284504
321641
6540
89
81225
346642
99832
532040
2594
6850
45206
61992
317859
132024
1568
2
255981
1061
2197
10420
93272
239788
16251
6098
42023
2456
245434
11690
35958
551704
92830
11889
44460
1669
79766
752876
185943
18075
158064
3930
9883
132940
6434
7025
374475
1031
7341
108303
6885
4328
8461
103450
428351
613413
1259
57067
37362
17450
69319
314719
326
780310
2422
207129
188622
146640
706943
1841
873553
61896
39133
174637
2421
160717
227936
343250
303397
373756
417804
150
154304
30333
63150
90583
24578
97751
113
417177
3213
1522
8366
3894
1264
180657
115625
756355
9524
31285
16245
1191
272
2388
265414
195486
95905
475831
9233
488862
716
10741
50778
5182
45793
80819
25684
800
6783
315571
8579
537062
13940
31895
475426
627269
2526
64396
507090
9265
