42348
94398
54499
33204
36103
373028
36489
79056
63414
1438
8037
10529
25
239794
437132
132935
212408
196234
7619
8557
4482
53174
303011
46398
52420
153021
927
82347
45566
23669
51
44559
38546
233749
6442
95037
387027
10922
78805
233478
3424
3188
7929
269353
291108
53656
546115
11683
219069
2010
6690
157085
269037
11222
9676
65096
38919
6941
2782
125051
42228
294
1897
7832
20199
4303
764768
1510
20247
3226
76312
257980
2169
46806
403021
13141
409627
49446
5970
255714
65335
311
90166
301863
348256
3222
3761
1385
2946
2592
16499
97838
19235
45984
211142
41399
4664
7139
6724
100160
615
1077
1903
1324
29585
7183
9285
445951
6135
2364
365542
177271
7296
294531
7821
86081
159194
29838
27281
427678
148
158007
531326
4554
139777
12815
119322
4076
172185
158227
6819
3641
4790
5530
7434
38855
22180
5729
475373
112023
229997
199797
187565
144950
1890
378214
10430
11623
201303
282156
554
7135
15539
26073
175262
808
7920
5501
66330
17670
87355
249
164949
292118
509
6612
167810
610186
306
469174
376293
90733
781232
6179
19297
193723
6506
10369
2098
11993
219189
2708
3130
51955
12741
984
1282
2161
134636
358630
106978
425436
462862
313264
77924
58222
11332
321434
211515
85
1593
255
174883
253716
95752
45973
3142
129
54814
414848
8971
223775
11199
49
1193
3166
31198
1760
307311
62893
249536
5823
7832
63176
101450
647
3536
94151
324667
227514
262326
5873
10529
7043
2346
10323
409625
194922
660970
11703
38516
268547
117896
7724
84532
626727
26111
234337
5292
11605
59939
38856
6549
164934
172843
48635
61057
342550
9258
2715
90338
17161
64678
144245
5524
627981
3681
3277
213983
23059
7491
98534
201300
423
18515
67869
929500
3281
1484
104854
79952
12726
13792
21632
671585
399444
26125
327218
40502
242316
360136
96237
5936
1765
140316
52553
65255
181996
7971
418
5111
131228
224700
4999
10592
18429
65094
14394
63118
22208
100383
6675
5122
732
221
89313
112196
643935
257092
176808
127362
598267
17702
164513
433365
10076
3571
117689
7453
87108
155320
191674
1255
88718
1634
1972
61954
118173
133114
211158
515844
77681
1398
153055
160887
167
93872
537685
326990
2258
1397
6564
375
25605
2844
24897
6266
17887
29231
19485
3294
37013
37761
544380
4399
307603
149583
151302
12001
20002
506405
504114
67652
228947
5872
6524
129272
274552
17837
234882
281637
32653
5023
304464
12142
50013
154405
8654
4307
133729
139269
236411
604132
82823
6690
200136
25040
9598
262755
58473
159115
28048
18216
51814
122471
5458
26516
271209
36974
474800
29557
3645
336278
442
186426
12770
3686
13003
158304
26242
190249
27955
61941
8219
218342
35039
48616
5421
148334
1386
85251
44405
94179
11184
169729
111125
5273
164540
12626
15823
33830
24309
291015
1459
16911
10984
9788
282669
292982
94727
3171
3807
20241
40326
114877
9247
16635
5287
950
1283
375
2361
34574
10453
132435
16801
142996
5263
101229
96805
56
253577
180199
43590
507
260168
4342
4090
2476
8438
14803
207220
434869
36292
68703
425820
656995
724
4603
68976
203854
40
11345
21691
6059
255524
272272
187353
11146
103362
2469
1630
33195
1933
400689
436003
137985
7352
220655
12698
12623
5415
13853
644
75367
207774
152049
142133
215749
23245
49652
159895
519672
4412
12644
75634
56574
3719
27850
3136
171507
508981
13194
6542
195546
9069
468249
1961
3053
878
441074
7208
3877
2643
428055
4772
58430
236935
7528
104148
226189
5208
262
4643
4901
197643
342296
56419
6304
126839
563027
4113
5612
4509
532024
48883
42987
125649
135795
10805
64780
3487
116255
116781
4883
1475
17451
15431
52048
356639
1809
7862
1281
10674
7263
27739
112310
92619
5349
199177
26752
490090
10095
36829
360
85566
138391
93770
7594
187590
131310
77335
23929
247059
2183
222210
9977
77794
97631
3675
895
119
102304
10980
8434
393317
27600
31714
141260
209037
108267
108951
355961
451519
49273
584904
5390
107739
260227
84694
406983
55609
56818
13736
50789
147342
33667
69332
82
259319
127972
4924
112517
460
51248
234001
236943
59279
5552
268380
33138
9389
331117
12
193237
582620
110185
36134
61611
35779
228682
389712
717
2165
64218
919
1938
5135
7361
5270
427900
113090
108465
7827
311
123209
3765
4003
8456
11684
2920
81381
41576
2686
264777
17280
307306
348385
5597
1161
231059
45
6283
2210
6816
108712
359638
172777
101144
15489
915529
10660
4585
47344
91734
91989
301574
35816
159106
27699
5543
66687
5377
11800
68918
36655
536
105580
791541
34065
5382
6262
1763
64116
9883
20312
415889
264678
7401
570473
7964
2067
231711
172217
3506
16704
8558
2313
71129
108903
255487
134745
215723
11122
74509
139764
136619
2087
234489
249626
12175
3325
8484
3752
146295
584
280750
57133
14313
50592
335388
3696
523882
131761
53133
6827
76013
1307
6302
7018
272522
315293
17359
6595
25696
76782
333211
17688
10311
699577
7025
13704
302379
8030
8692
3141
239162
91002
59909
172769
152655
10390
26644
35363
214162
2988
20009
33211
202706
160
3574
77650
222941
16663
3762
305423
165241
577330
5804
127
4567
5868
386
51530
96572
29990
902932
9876
6911
678972
151211
79113
30255
2480
8268
3857
135947
110925
1897
53991
652
324766
160778
123421
6862
32546
2269
347070
39729
289073
27246
200717
11753
200372
166708
17182
9269
1158
8665
45052
7737
163596
3343
371100
250231
85579
46012
429466
96324
824354
544584
42971
1220
136979
114386
277102
8723
2002
49396
195955
186630
371127
1689
3137
7384
131430
1152
43958
160679
2798
4551
26451
6769
4046
286664
757118
240370
35971
244570
1429
592
9320
76637
16086
43062
9769
4271
52318
2401
5123
537007
115066
386737
61235
343351
94966
5231
10408
177009
408462
179527
524225
76567
31254
20118
34856
991
22107
290520
4149
110001
575065
175161
8776
106026
11382
3687
11149
275337
40883
231689
3491
25749
9451
61180
15074
15730
8726
18009
67333
88310
58578
153264
61479
2475
47721
244322
285161
62919
45247
1923
16339
1099
39420
246092
8232
2039
47000
104822
18058
415
28408
60998
176122
706935
154750
342566
2309
180043
30844
261710
5762
16084
722
481344
2895
51330
9634
8672
3298
41176
631774
234250
7969
1383
37948
14325
2750
80595
95874
19258
1402
35835
256383
530486
24242
144520
295918
6717
345568
587366
575870
293562
3431
479410
61820
360400
61352
306589
776318
32298
4156
4746
84968
21116
66296
6332
457192
10200
3295
8674
4942
216923
13102
146583
224279
76706
5681
62484
1510
5403
2574
190181
113218
500336
2349
20996
7018
51307
117743
37393
773808
262191
493059
85029
7881
532706
83066
406012
228381
247224
136904
3780
365726
45333
217732
1109
234190
260420
391448
122175
71071
37675
22108
127
187075
90813
1792
11227
6762
10004
277429
6800
29059
5544
155304
6594
37542
7764
2583
220930
191557
7160
4725
121505
11741
365823
55883
6004
442341
543183
476779
4321
268818
88174
304090
200471
20854
5805
26761
127772
33572
13942
2952
340223
3630
253
2156
4586
261486
74570
96530
49257
90830
2210
142058
414859
113453
27707
136236
660901
32856
8192
282001
10009
835
7004
2897
757
823384
49414
529407
103142
5152
137939
8903
1263
7594
120523
234358
68533
882
594536
195213
387744
25139
5
343
73335
8133
13678
3833
22957
83593
43324
151179
30989
7873
5330
2706
953
221366
59284
559889
587348
178843
46759
13312
45502
131509
77271
160330
6774
194101
231678
72207
115617
120766
13529
32384
20783
5497
90395
135449
198413
200045
954
950
1718
3620
72556
40109
71033
8569
28806
66980
7852
8964
1073
13701
121154
211370
2272
149920
93033
202902
153031
73783
14929
79267
308962
32429
161632
2458
134462
7977
213438
78470
3142
541747
70203
129623
259703
416058
1010
352813
63441
8208
3012
3594
45648
2992
3266
2994
8578
372761
9318
1344
129
102076
3005
106743
41172
92039
6467
44004
6467
68226
479956
4495
42373
1069
2437
378223
22568
350016
272328
685145
4477
253284
11383
43217
238467
6385
105574
604641
84850
7766
249739
488372
107647
365874
2552
116006
107529
197145
8626
50053
456770
806
124652
484167
4439
360229
1011
19776
3939
157775
685
433485
247753
8011
1961
77597
316713
43563
14306
2513
878
3389
46116
16341
1834
422
183105
5010
333776
276750
15223
3049
5787
108933
18094
314893
330
224143
327232
20139
100423
84036
264933
111
116361
313090
199621
57237
2012
322191
37590
166334
61227
308628
6603
118497
9817
600
3606
126270
67095
580978
951199
477712
3321
79661
765
55025
112289
199
230391
497820
180785
13552
46052
40045
50065
41658
19057
101462
158430
115528
172131
5599
100632
3080
6323
2334
13085
197003
10031
400377
1927
358
204691
3184
388
8455
70105
696
1149
27400
14736
15119
32364
79756
208872
46908
67376
320750
28641
80630
52334
335054
183653
119475
8488
434602
149694
44391
159080
120901
1581
483567
111
316111
111346
219271
10131
59138
2565
136310
187880
449590
79641
7684
84964
1874
269946
38943
85107
54338
14210
1582
56465
261292
993
165124
10071
6268
183689
548851
69086
326312
66665
217606
3959
51235
62471
219936
1088
67319
3056
39828
4688
877
24901
710171
639623
55283
253944
541
242317
528260
24090
19336
395915
86626
4369
31778
9525
1830
10621
38140
12374
88060
4506
150
9752
342670
178949
1674
1390
2238
19744
97
500325
359010
241146
1551
59983
84856
94936
1114
80067
85161
225572
25363
31988
346859
347542
88794
854280
36300
3487
1570
10889
89584
4523
4068
16064
6790
1183
357264
720645
86511
44896
1794
209768
32178
37982
35520
170594
10136
303564
1029
244477
141777
67298
5598
33267
370512
188062
517439
233240
153170
80273
9280
231411
106477
246952
342404
255173
4676
2635
33813
1900
5877
731505
8159
744
555406
407534
316126
2104
8258
131640
11052
106468
71836
53775
6551
122924
177
10264
348898
2804
88700
7949
304406
62139
92990
558
57359
47890
2764
9909
474761
4931
176677
5288
53
93086
193165
8850
181671
475
67027
69696
48337
223852
16159
327442
26052
700
5742
28486
212075
228120
1107
30566
3045
340096
250831
44302
181267
209515
182290
92347
443573
11710
27214
4164
44142
66249
50377
8830
845
214414
294377
960
286449
8002
20687
3614
196921
766
5600
594005
3593
101116
950
91876
185113
143580
215395
48196
65883
2741
15302
38618
31267
3063
243571
17030
495710
1978
1225
33122
8058
210264
5677
1495
1242
14327
440
213359
955
7585
972
14043
1492
42292
2841
2316
7207
77475
42877
4261
204492
266252
659687
587
64766
685978
7187
179408
5539
31177
21809
7125
30671
39801
5788
4873
635746
109077
689924
51519
2689
113770
1301
118738
243333
154050
4717
303312
59234
48507
129962
216392
155411
84328
12768
770786
538506
2240
7756
124417
17010
284708
1223
335
1351
187427
106460
227342
254837
281294
8463
454871
65439
82810
4810
60031
100919
2933
167893
103744
50
729454
13290
433451
126838
7731
29799
10442
6455
181310
382546
16840
20802
773013
202009
3525
56577
212302
241852
278641
653241
131774
9113
118921
397160
9912
4024
132168
109484
26819
185741
1702
162431
18776
52125
10102
4205
3318
4532
134151
171132
39049
149541
460
525745
225
2623
4510
5455
6765
466657
50645
1647
34
5800
7189
113
32164
5122
206215
11220
384175
5887
3503
633454
146508
128060
4116
10513
93950
43932
5421
1251
103512
2684
62850
5460
630949
149627
57971
484040
199157
36723
182646
151586
4363
397977
260
124977
213771
1666
220
162895
6438
1727
457
157646
1479
7711
51172
459157
48930
88993
406795
486153
66292
4507
551
9750
243445
812244
351421
25460
163944
3022
3665
1732
798301
4716
9066
499180
109327
17914
17679
423020
276282
139873
2347
126556
65061
3526
7700
267194
1250
39828
545260
575277
133530
3212
45130
5317
11531
254012
504462
6541
114582
338087
934
232345
289423
5488
237078
68345
392
139427
451278
30754
5284
157009
11022
473676
393079
87295
105
202385
33791
56872
3656
3996
21292
239175
2648
4041
11839
148309
237292
36975
193591
641
5669
30038
23014
62590
70390
110532
114859
21443
19544
10186
10730
180869
85293
11979
13835
943
65749
116518
6318
5521
163292
455093
886365
62461
46625
3385
60203
30750
5094
142766
361727
17208
89790
361447
560
15217
83292
774
24276
160761
7964
4959
188442
8893
9541
120770
549465
231944
14637
2870
4208
16227
5950
39722
48604
206991
160937
37644
2119
177155
263913
281531
4679
3543
60086
417577
131800
72920
2940
1549
50319
5995
1977
1340
273736
8278
2962
3308
120102
1328
33135
54354
153204
48045
117
154
26137
13262
653502
153473
47153
13892
104830
4516
9053
4565
71809
10720
376830
6678
35914
5437
485238
9275
155762
38927
103390
1657
82351
2762
91672
10001
148563
286
13611
1753
5711
46097
5289
10277
222685
86260
130157
12444
45235
20279
51826
4610
310093
96957
223335
80701
279589
548855
339817
61777
1141
28435
24115
2669
129322
784756
446718
139413
594839
109
92853
14125
21254
450
328144
61419
40083
52956
117421
1880
17493
231196
2316
101991
18865
4587
422244
63
265555
1227
566
52360
340219
47760
630694
105585
160201
70457
19554
2720
180026
4479
12764
133212
160411
13070
240
4588
3283
115630
40031
372
142443
96751
7581
19526
2263
563832
243754
323785
144907
36018
6928
3626
327955
174281
8315
51058
356167
28211
9942
45594
158729
6833
234318
657614
39102
2260
1241
233990
23448
1991
734582
933
45634
7561
7428
1165
296323
221
50541
157240
528
49118
40035
10742
9375
4441
155232
199810
47955
23795
21293
111303
4420
3788
687487
95
238
15428
9496
9390
12904
156821
273778
141103
8144
749924
44514
1737
194821
19908
2218
183925
3085
39844
541655
2740
220463
22048
6217
24228
10361
16354
29029
516001
1108
480
48722
193013
112866
57356
126562
73203
933371
74578
90464
634641
3668
94814
120997
126903
250400
77938
746673
1114
80038
176043
140052
20836
141485
1313
325727
179246
321175
119199
12
96919
43044
258506
330341
19757
1304
14177
487114
442139
10855
4521
13418
1516
4810
56625
94026
4108
646146
12157
27346
330045
103208
3625
4074
3446
55813
8648
10350
15769
9236
119319
324053
4068
1116
1780
237554
638712
483
132141
249
2349
8191
230001
43853
1328
23235
1909
193490
39
61791
301589
10515
5701
6719
183292
22877
6772
85585
133776
4580
74754
56896
4945
2116
331348
6161
538
46913
90822
55858
2635
16005
4806
426
54010
5478
731004
122495
100731
1821
382461
96604
205403
38345
7072
18654
121941
809
4824
99812
2761
218
47728
59926
179925
3986
57281
188951
2963
94527
43080
8322
175959
41097
113264
2495
10595
52146
230391
26511
17278
1166
28832
18720
15304
143824
519501
558952
481951
11272
5863
18372
70558
3066
20955
129150
246221
1787
50383
5469
14289
59426
209067
5584
34090
226533
527697
240142
4581
32081
3500
4623
2251
89978
16965
112556
118959
6185
5012
3604
84949
8352
7649
84847
5610
35378
5299
4117
9024
16160
219376
119
9719
21309
170260
89276
385909
3204
415974
22532
497049
80589
8790
72177
744
288697
97450
26183
158512
5274
11
122265
470834
271780
4243
10761
73423
123437
6009
58855
409705
11391
11539
490322
262453
9084
142545
218765
80728
2654
242
78696
409563
58093
170685
232774
6503
18192
3881
87737
1914
2885
380996
316483
1713
8964
683707
229731
157075
5260
5160
6172
388382
12132
859486
4247
305968
154647
6103
159
1433
39404
112550
632
19620
4711
3076
194744
27338
32981
516642
2766
6040
3508
118956
260776
142891
104091
270
301920
400195
67064
615292
27847
5385
32781
277
1532
26066
11104
136283
96905
37728
1667
239855
10562
42339
142759
168773
261202
101712
118524
10550
4204
243527
48953
111522
2871
8059
25619
49662
56841
71631
770359
639944
9875
2469
10859
4475
5054
184484
21027
93733
24735
68302
175999
4558
917
8669
255504
252974
738562
1320
2830
180238
2358
438424
2746
153
36432
6629
64186
491114
311617
124285
85724
4255
641941
210231
63697
1523
107472
61245
2940
41188
325990
63839
10707
99422
198393
433919
50823
4767
26294
106365
87285
39162
14338
245243
427148
8675
50803
469215
383464
144559
210163
4118
24803
324
640
98257
17677
183441
11402
23710
110992
54252
4792
151083
65151
1133
72827
373039
184895
5521
54336
235505
1988
158881
1934
173626
1108
91392
4657
75
272414
13652
1949
1924
5401
29997
454528
128327
29535
8679
74497
48676
242047
36745
6261
1957
572569
58541
521831
1245
93026
356526
57202
9390
8766
350988
559416
19135
26096
163414
4385
57977
50002
5128
297930
73331
14007
1189
81451
836318
3456
285437
1709
468642
180210
31045
688704
1463
2238
34629
126806
112035
14245
195014
254827
41660
698401
347805
468146
197050
711
4541
14989
68248
61534
140706
1250
40293
8582
6018
64747
5323
320648
56622
169011
33042
56559
64383
871075
1119
10750
1332
191320
39550
2800
5774
5548
237493
11429
161907
3465
18949
3257
98889
11033
24517
210332
165091
252214
643113
27801
3
99928
4502
2046
5926
6245
239
232416
344334
41140
607
303284
119796
98767
168804
3424
3987
311054
27750
2494
23225
187035
26331
27888
67506
11218
7505
87837
44354
17917
207460
6177
79684
1722
5624
183212
126369
80245
5534
3196
153313
9387
1635
349915
7239
14181
76498
5436
1585
137499
38539
9568
296499
37989
193441
2563
234155
3575
441743
203309
175394
5065
339481
581
11874
8511
143355
277348
245
136046
7537
443644
272330
53158
17799
2378
542968
27770
263334
159548
299218
5494
49365
144444
16092
193729
123050
139466
25723
84566
197170
29249
42817
36069
115605
9683
4395
34114
449335
4249
402826
3213
471811
136354
76096
71254
252994
136956
9148
63202
402
179989
177003
6607
460274
49483
7190
15958
6126
5397
154025
650425
14273
4364
6559
122153
7025
3265
9241
118060
79454
391
1564
21021
104753
7125
6800
318623
529877
379
8038
59596
369
505873
5576
11575
108824
181562
24990
1764
27674
77589
2972
3622
759341
1086
20989
479880
808189
357651
3710
631299
1868
3688
501
2270
136620
45199
281586
613906
178437
81894
18971
244723
3010
171717
22603
304626
845
311250
28203
293
11364
144292
3722
106378
334081
236538
76278
3049
14148
27945
47007
4463
606523
23426
6025
3892
526861
747
7314
268410
30015
465612
1464
2139
155870
537383
7742
65271
3092
111977
218277
56897
4054
11231
12914
4110
50406
456221
3988
421900
1049
295
446105
575612
14280
347055
284613
7654
79135
134515
596507
605108
8559
147383
704886
4051
281858
21434
7342
48662
69408
277747
230192
263276
9250
22
8288
81262
9527
206113
151700
186219
34556
157730
258861
16838
174204
27968
37973
5651
111866
70137
32067
12638
64888
260108
203783
10
35515
264737
189539
100468
611245
187468
483
5707
8084
164804
178905
2866
5102
1057
766409
21904
27930
79939
9703
235339
374772
224346
6762
324454
157923
325452
329966
5974
377753
143747
3799
14788
5793
140209
15745
282
73635
98151
186610
156903
9809
123787
134666
11289
2453
7023
268834
10915
529
9416
5355
143557
9976
657935
176351
