7053
870
2149
748720
2452
3421
6471
467667
554847
67586
18870
229940
46808
293700
2509
119932
13840
1120
93693
152571
168857
204420
231147
620
2708
160690
115430
374172
59889
3717
373
282
24645
4808
133187
67576
225191
18108
5546
363381
577474
7352
125767
117822
21197
6006
11042
20821
163723
444755
1174
91609
1557
111656
139
484052
57720
23707
270289
6383
3839
3630
219076
56306
388727
257832
7438
46220
5665
294199
7729
29631
15309
417217
299568
149540
320990
202196
5416
3282
32445
1857
30336
111379
63076
479555
130269
118
330122
87854
13104
13568
195984
419383
392627
1745
565904
56625
464811
348393
3349
149031
1831
7119
96915
53626
224355
16217
134735
126010
2471
36454
6526
257832
3660
1339
345006
56998
211107
296897
42937
121246
193705
699
2640
84997
71575
88
83943
10961
7941
158080
4135
4085
61665
132547
417985
43840
18804
2668
797637
115126
9550
18871
62351
3521
664
60271
263929
412
9524
83330
5395
227096
2578
93539
106759
208380
298636
5322
3382
17241
536421
91325
3537
132431
451254
14035
299262
495264
444254
238214
11718
332243
81674
138854
6063
10831
24293
671155
285103
1123
15387
5940
107851
524875
219223
3882
150889
2255
12372
12151
108199
5183
173127
256442
34522
72050
288631
87261
408367
64503
3365
5512
9336
133643
256
237435
69808
23957
173214
512134
8879
52585
100163
85673
354283
347360
460706
425910
287269
1250
90483
3451
5915
24276
228404
178239
3238
243593
72549
398031
30020
14110
222414
498728
75670
5097
5471
3374
10956
163725
14001
9193
9694
170187
5478
175108
176699
287431
45064
577584
220
28246
2535
130849
1624
34516
11076
45978
24174
247688
82571
160919
8516
312839
126094
807466
264220
833368
209808
133219
12006
369741
2891
13154
59084
722460
283474
4635
35590
151718
7816
696318
34930
107421
219127
10201
13485
20954
535467
184306
41067
146917
17178
148856
72160
12535
190730
24001
34989
12534
333882
735182
458716
501
16872
11963
748518
957
3447
89053
5010
89309
1604
706752
483362
1563
29
165599
261038
126345
156468
50350
244772
2799
21737
288144
1631
58853
202201
31738
11739
548135
146843
173506
40
60413
1714
9467
168946
102505
75792
1367
18702
768449
205476
998
463316
1169
67885
59871
74360
73345
183527
414113
59050
44169
85302
210801
7452
6018
549956
8180
76298
10673
48800
6429
6313
177386
96361
240826
3571
95575
453378
79789
170306
14139
270
2393
10643
16198
68264
2109
83224
468795
388741
22127
4740
221180
121500
48895
172641
69700
32860
1617
8093
1140
330299
162240
44648
6560
2611
211601
96
38761
151180
103906
14222
166632
12458
652
171794
5376
85973
173253
457498
132804
473448
281618
10048
489321
277829
36971
178381
6935
30218
1395
20486
123133
42108
559632
9922
118147
4466
275747
208458
44343
361370
7623
100195
583600
1197
85305
6428
239
2640
13943
39140
621524
88418
66840
102939
7602
256583
819744
102944
13711
71643
357133
27
706
375762
530
97714
391231
54380
32834
85138
317647
319787
81789
7755
208
1398
57143
271415
5279
127596
121648
107070
632484
94259
157800
18776
7443
7335
15717
3648
63719
10012
581402
8914
57
24888
31211
53362
217533
60945
60350
12964
79848
259892
1889
42209
16427
155745
232179
768207
92205
298561
81577
93024
34084
3932
157757
1578
85258
103763
55020
110335
36125
392661
311
38011
157588
423186
336
54178
109
106110
224994
26481
16453
552973
395203
138
252705
189286
1090
1076
13403
97197
302843
7251
44662
41833
182646
83311
5528
24037
36149
11147
204871
403626
671859
319910
49916
4094
177195
187983
238
632983
296332
1488
215
174077
61650
75163
7477
725889
518441
30177
5831
1840
802
3900
118767
79689
553434
225590
5965
201640
547934
97247
75654
45928
3303
12326
12342
113633
1208
35350
102619
1828
44502
64768
72487
475299
19503
15211
27753
27452
132695
655230
15502
10632
11531
41619
57509
183548
2855
6078
3243
29453
157959
19310
116291
10077
139453
445147
10770
1526
347655
254003
1650
5646
3288
59048
167427
89413
159712
81652
90510
2660
404
78361
70078
2978
149807
187344
554271
33971
605
52532
246
5843
94357
91601
10749
5502
10094
97079
64211
146089
185272
229255
2958
304
3883
171107
281355
204630
25123
1334
57542
40908
4274
82701
20585
8370
10765
196576
10226
1465
3426
51067
83607
881838
458
10128
50209
8870
242
163493
78866
41907
88956
125246
130631
159754
18642
133772
1537
13459
50274
1261
145870
4334
6256
275709
2685
314862
121748
57192
251097
13641
247012
109920
3396
260878
1884
7629
7648
625873
124
332199
421188
4585
58326
123970
368196
126179
192298
1068
62534
3544
4811
14479
65454
759
58094
7081
42080
23753
10525
286595
126950
298905
1728
5477
91562
56881
360
7486
139727
5378
481489
134708
179229
69356
16706
4274
93754
44029
790135
2856
648
6248
2115
47639
3237
119689
2754
231661
64949
71228
2531
8923
399
159458
4218
22585
41
7813
2223
328141
8381
598973
194962
772835
20226
258750
161288
4719
66174
2096
385
34246
82764
26086
221328
7430
197094
19888
16401
6532
345081
179456
305636
2648
514228
7910
16554
192544
245173
62400
403689
19659
520587
58526
24813
139605
135691
96713
51629
4442
16787
23178
85875
39020
71952
40963
254166
216156
2171
11945
8725
121909
234837
6869
361
8173
5801
9905
573
61816
670
7688
14775
220953
20704
6366
83726
198601
4993
9605
355281
24618
564
8259
1144
451718
575584
8332
54202
1860
306750
93399
18160
252442
224460
130766
28302
45020
174556
43884
3780
92497
221022
393399
130779
292167
310599
2392
837999
414268
141339
459999
47291
507625
331937
277552
8148
52800
561587
87019
86823
653474
70794
125146
102244
2735
1276
385254
89052
9043
122928
207920
3882
8207
352948
1379
79848
31760
6295
2791
9012
53370
168864
9365
9231
111089
258632
957
302603
219083
6816
419392
16898
317673
114775
113536
3862
383315
310234
190624
220056
21462
11156
11901
1948
159978
2069
330819
23896
368112
92530
4642
68558
503251
10940
202675
136353
79040
11006
6202
20639
29084
198136
460749
112509
2886
345184
271458
4281
2231
94387
60437
427461
332736
676
71820
2599
9854
364761
3391
219236
4515
3060
341146
14685
35648
372
61052
366009
18048
652619
203301
2186
8195
256876
5700
62288
18890
133165
66523
130314
4862
3856
696
112711
361
64595
173712
50265
226271
2459
550824
247102
154915
443992
21409
103365
26066
34141
1834
151708
14161
2608
521290
7613
95955
5047
21510
150533
5328
317485
53796
314
30919
333828
5571
70664
8997
283512
1421
490786
262222
92469
160555
511886
59269
371956
3925
27476
52941
10965
268854
211477
23978
41617
109463
3947
138749
6243
452253
1319
465095
2666
2929
341640
476057
6772
71869
75650
8204
2721
515
136086
169328
372230
220275
17606
268331
199907
28604
93803
74476
16043
136607
272246
9747
73
4543
37328
2636
10299
6213
154162
72836
381456
19375
9839
15867
205206
8393
150284
175084
84117
7474
2439
301435
104
356966
4551
38780
119350
9386
21216
190899
156027
7446
595444
485095
1449
166806
49233
1786
3370
11171
1700
5443
58327
610180
3394
33220
251222
168301
390662
24594
15521
196941
27606
5647
40852
1854
202646
76943
708
30907
4325
788801
352353
431612
4170
28899
316700
1178
2283
4172
10062
14404
454606
444593
39590
25020
78853
8164
72680
86991
263522
42200
3916
324041
4311
134121
4883
384783
12223
7709
3008
6314
7325
207243
5507
67700
54294
43767
3020
244836
8314
51521
94381
3134
384426
49281
7480
817213
176067
60189
321819
34185
122414
74558
6169
144508
75963
120788
10274
32618
1445
51974
71404
48424
15536
67821
460111
604
684602
7958
10527
866
2227
28028
40209
657066
78045
154267
137775
283307
80986
209622
67521
29695
3978
27600
2523
38156
2357
14684
3494
2559
219
452756
107380
342724
73705
70686
9337
74597
5284
57511
321266
226480
2593
71363
19746
5242
3056
34574
14254
44538
74348
261269
233488
50014
1279
546849
1162
42585
5339
33221
31420
127376
280717
3493
49436
86622
643310
22317
247791
118403
5344
32231
701434
9881
34751
58765
10251
47074
51571
2705
3101
3072
1596
293385
184658
11894
6277
145921
9387
669389
44858
129964
564233
11414
5895
1730
349521
1760
4442
656050
15193
36340
177827
6816
479951
68182
186598
219947
183492
352130
275268
126700
2459
10413
27
12998
1256
10385
210726
46159
2512
373652
549
576
21608
22057
69385
74300
91207
17470
350575
404242
354130
1608
54376
293238
771672
1643
323004
3299
5742
215367
122402
6770
10914
8544
640309
651136
381541
54255
9376
152382
103220
47319
580509
149619
176062
718
16426
5225
69604
9335
32431
14185
155285
117493
68186
9763
8133
152962
347749
9121
16264
242246
5257
3656
19951
58
65750
5562
14263
181
635999
27260
41553
99127
9016
159136
47427
4772
2815
386582
529
253260
231406
48520
2005
213680
358891
309599
22180
2147
34860
701471
7320
194039
499127
7964
1021
2382
19886
2259
5268
72355
51093
681008
764198
390896
307685
945
20805
165
1828
221953
76172
314744
145807
667999
412604
59774
680
14308
106837
240818
2567
77510
75041
230162
270628
90545
62466
105019
166610
109246
115638
171353
23773
167699
6708
577389
165555
374116
82802
3359
63612
198647
5273
632
9401
53125
109
14138
3721
92
154813
208684
1898
140830
2691
12670
124707
179619
1849
333608
72569
1947
12296
81710
164728
1207
381104
274043
676395
21400
174189
375479
6697
11925
7889
197386
33027
381
10379
1147
10421
85115
188580
511846
35348
2979
108092
6189
13051
20097
164589
871259
17418
2004
211627
62903
71088
462814
671874
1073
74368
677
4885
88804
490505
387791
183745
143690
2782
527281
93119
197480
44756
535785
3870
293380
485144
282183
468881
191281
11095
95761
77029
13998
4506
139429
484874
257752
421603
86966
3338
5161
80261
4607
114708
480880
43571
132383
301
278614
95927
25331
104
11690
153739
130997
47933
3439
20366
9254
354168
550
3806
179638
223
6418
507603
90427
13793
88397
98214
4080
42835
58482
5031
1094
9807
141018
62186
172772
1272
333
52387
360
4135
1423
3426
63693
379953
54871
16181
27009
216763
107254
12678
2055
1787
942
7924
4889
7190
854
86105
1821
3070
14868
37235
7837
131027
117152
12313
6078
29918
632
20693
82131
2267
26896
45738
305602
240690
26736
458951
51691
7417
649475
1210
4523
1433
8865
8488
95
137005
15714
9923
20243
133653
269324
719439
5772
971821
3374
24195
683338
169230
414770
13465
249923
530
78667
145447
277070
9282
191409
54911
1461
27986
142510
10288
2128
32759
456286
6410
138606
61947
2613
5364
315069
817232
61
44965
15325
60682
104922
8501
36846
7048
598232
220600
5501
1505
33369
167671
817814
192158
151547
4889
5130
2983
3506
3079
49590
9914
1375
99557
68173
177281
100025
2913
9156
76804
502724
269332
392823
9041
12554
6343
131382
282106
15012
62510
4935
15748
1749
3076
90939
434015
3186
565658
232392
1368
3067
924
434817
515566
162162
8071
4429
3585
211087
4173
6932
2272
147
38384
13598
6870
123183
257286
66015
437204
33030
28335
121509
231252
174586
70386
12608
31389
316550
24636
284961
286126
770084
444457
57070
23902
2902
131801
271272
4153
221097
11971
38137
171900
450487
6196
33994
17172
5709
460997
7175
312134
526018
289975
16407
325339
939
8602
332754
416805
9649
1102
378393
221855
25100
514
92246
14973
64626
9179
26059
98420
146094
7767
70067
5799
29240
699
638397
632753
92730
239464
556757
164920
11138
2701
344962
56653
142703
11378
108618
54477
129476
217593
10627
10225
434
69936
4463
609928
2155
70702
3453
104262
19451
2141
166871
17332
1671
432996
141698
380380
29485
14396
64684
6499
852
310880
11840
346790
12775
6367
102788
492687
214882
290056
2597
1301
48334
391832
85060
397914
440369
437910
418455
108889
5211
8559
184820
3021
18064
174640
44838
174517
24269
1962
282709
12620
63625
4930
4657
12806
2760
242420
66089
209131
12591
623812
353447
3499
143649
659085
120915
36848
190769
108826
99205
88502
161015
17520
6124
377577
124208
206820
247069
67636
467193
2874
106182
436
99813
3815
14655
247684
400580
24235
13235
83492
84686
48013
511242
1456
207092
236557
6588
448515
10125
1398
475410
3823
237991
298264
342444
15798
3494
403502
1035
10705
70427
221619
118509
111633
193559
6663
7302
18202
151175
233783
19804
655801
11576
568
34004
56238
119102
4294
24615
924
19444
70251
75189
3609
103870
669
5287
153534
16314
68389
578559
100958
106390
19958
309
77359
5095
35066
77294
1143
119661
68205
5949
5534
142228
157796
140671
9723
5096
21711
390224
18
193064
49415
3445
9458
2472
132853
45381
12061
633
52640
276951
317745
186908
280914
34582
12237
95988
97878
5290
181077
10225
451322
7926
282910
51452
259532
12096
305129
2562
33510
8144
345862
2263
121781
188488
4524
104852
94
8101
145060
109459
5431
5548
441049
124866
125997
11483
13573
271122
84117
2732
2111
869682
94703
14457
4741
53962
15205
136128
118092
2000
1569
205249
1042
45775
14115
476755
3224
264997
291789
8811
18249
77256
2111
2791
51184
321415
85597
3233
22716
125252
33811
25867
3198
392767
204314
696548
35988
31480
9633
3899
120226
6765
77930
13968
1132
1647
6456
57467
371995
4424
737417
55875
1143
274168
8705
703
592
18093
77824
53662
2516
25184
5887
532652
686133
18149
254648
393195
199162
124859
217344
50909
39211
4592
3098
342474
7627
472905
386566
138660
222964
17294
475
557239
33389
17173
64084
13727
494558
355522
25105
1255
6956
34658
19818
28606
86649
85405
15527
458910
2761
52909
4961
5879
3370
2220
230222
107924
885956
953
3555
6149
9573
614200
57410
56102
27305
102130
4056
250706
450415
10677
218281
476368
77489
67499
11607
103302
550253
186053
319099
46923
2862
8793
190275
942
344285
8039
43587
23501
2662
15932
490
418668
4190
355775
1322
348479
269022
164088
39652
2015
4080
178836
37844
3698
158870
47768
82062
6172
436785
286102
5929
31568
358197
519113
4480
325852
194865
203886
551261
419812
47946
98468
407973
254766
55551
87376
4730
60583
65081
173028
152067
3595
35717
12989
7446
380230
45472
9594
238582
1267
1720
14934
4359
126017
214914
33521
290
7936
1111
28035
101751
757
194001
206180
7116
50156
221340
303917
51296
10755
102945
60903
6774
175459
2355
84614
937
69722
379377
389940
458344
23126
841738
8841
16587
141818
1290
118235
69371
3797
84924
97125
1929
24242
220012
81559
303575
372878
23571
196000
337483
110783
68377
142782
1362
3859
22055
87306
182171
848186
118263
14218
7284
15726
4078
1453
38842
64341
34525
7520
7736
113
157757
584364
64692
8116
112
20004
4126
4719
8805
224358
144426
1279
2815
132624
4784
28142
588490
7022
300979
38646
107510
152478
30405
34151
28302
1327
109899
616039
276093
25808
41273
23250
7909
154
72267
9477
170705
239253
10440
124736
29495
48885
361167
4869
105792
25170
226880
12187
4650
220988
22040
276782
5456
108857
289042
443678
7661
400794
602707
25780
44964
82282
198071
2248
97186
236182
83535
82618
275273
338066
25833
22745
73268
957
56193
11919
2663
149707
1991
1765
6742
321765
4731
990
27392
461820
154592
47882
41079
6419
147366
4946
33775
141483
443204
2393
112572
8818
8291
274258
69865
6365
14240
502185
56120
19202
6872
54817
21
9191
1752
216783
29735
13921
817
105301
10846
137468
8645
2296
84309
12139
43743
331996
186783
133910
850
9474
172035
8393
3161
21834
30680
9604
379098
5944
8177
119083
2298
131477
23327
679713
9612
1521
132462
14777
7992
992
226501
10359
1444
245320
68915
195978
241338
3005
159965
5557
115188
5608
60608
46925
234798
476372
291989
1659
250
44750
96128
84099
415793
455482
226224
142799
966
350225
260
59421
144738
15454
8066
6015
20017
83207
26545
229238
185301
180301
1914
293979
51229
767
9490
2231
382596
64405
420250
880
2026
3347
9852
1896
348137
18497
148252
172665
42593
54607
65148
3216
53954
90883
183811
4851
85302
234914
839
517
415709
228427
9895
802
16986
517111
235948
3492
11387
76966
303200
198363
4667
75918
149044
112798
613991
1016
465758
288705
511186
338827
440240
12597
89773
73820
3655
107
276460
3822
297
8745
307330
159830
108642
74645
6784
486127
216038
242717
33670
95730
10342
71993
40426
8349
50190
990
258045
1266
201221
247900
89037
138575
239387
294837
9542
23363
127789
21195
22686
100574
245862
7191
60337
269382
5297
3898
16823
210398
2266
23016
77062
201786
153780
3255
2951
51930
429
222744
27773
18705
3995
1045
313
253036
107543
662896
46545
4101
16487
27615
437414
334
350622
402222
30851
135891
34855
4002
7852
9069
620159
2859
8677
131978
8168
777
19357
198537
81938
68887
118172
3351
1817
460431
174336
3049
2057
509364
245578
39082
7074
125
12307
18745
127028
66044
374063
36322
516844
6275
420546
35506
102090
3469
4872
152
113753
901
722
245906
215494
940
111952
80284
38953
12795
273126
22310
74045
533
5169
170222
334231
124853
10708
4006
95122
126268
8839
24777
36290
1193
86736
2166
3610
387
4784
100729
4464
203512
3310
32732
5035
8656
47
66472
218781
254519
5530
3497
90002
79104
626439
182334
461727
136369
167990
73689
4052
65354
268295
7658
7431
72656
1299
183075
2334
107207
123892
1248
15532
300797
56333
4040
139219
349207
789436
341192
455
7547
2329
31978
94339
4766
115127
26651
40322
481092
574627
264305
149211
52030
349
91813
3435
84070
5726
88197
4228
27690
81503
233540
6072
33035
5800
357394
353918
88182
10541
124779
179179
433950
17333
38101
81543
10087
5144
1552
12679
272361
859810
4340
182623
43660
79313
7174
817447
6026
97173
3566
6924
5943
55551
10267
596249
40464
177970
7351
68710
3859
350080
7101
457712
457656
16564
10060
219941
12919
134199
2995
20740
10625
7033
10737
34909
185792
2408
7302
62530
175104
27969
88417
27747
1847
23792
1432
46664
14232
31014
185557
712377
42892
4487
15515
430570
103147
1907
5249
205832
3362
10385
41303
29575
2360
12535
2415
1271
3303
22052
46894
82849
1853
42831
4338
1834
11052
6754
3670
105199
261562
142128
868
61334
144740
2612
650908
305155
7112
83183
102
1465
96587
92125
442426
160692
619349
594642
1853
2752
261134
11115
4184
54
1742
2502
34183
374953
125602
5666
154235
431169
12
40958
291834
3114
292511
3874
195386
28529
145213
91608
26516
94250
6685
86999
21364
111413
362938
75192
8134
867
11596
160320
656461
58365
78173
80167
1792
29538
459712
3993
126967
87531
73430
29
8969
52744
54511
4205
159835
76236
218288
268639
393214
4826
8412
8842
12271
743617
45459
2191
116194
16212
26982
108877
1986
318402
163541
4677
2115
302704
5188
714
1914
14567
282935
37945
31981
1021
302276
202206
163
6932
173602
27902
462375
93270
37350
89317
66539
108223
205480
188929
112739
350743
61001
1370
458570
7726
284752
63083
3324
20061
19297
270270
22825
59894
103337
489196
405564
33919
493625
3423
141478
274
64253
58344
57985
6687
13890
9356
46790
1343
477285
200893
60162
29860
20229
32092
12405
12422
1929
4530
35715
6342
72906
23258
5137
1690
29248
304695
361758
83192
447
157569
367737
5705
510737
109230
3629
14734
183389
4176
1453
32237
19062
113301
46841
30372
38541
3581
45681
141741
4742
149469
2807
5006
435850
146350
140563
160893
7735
98694
8150
66019
2326
44013
164301
35153
34774
154608
429
5039
108148
22812
76161
191158
46
45603
91807
139977
82701
5064
8771
14822
1447
113861
33487
61339
372385
8612
12064
296882
8199
50271
3684
4982
4413
258919
33195
143673
10504
11568
195131
6978
117048
35838
123375
33185
8216
439
217917
13737
452725
19217
124257
313622
79673
414784
832
11772
94549
79041
58382
33304
73293
293615
115799
160164
79856
23809
141098
207
97779
73412
59076
226278
51270
50545
296049
155025
56664
9477
39624
165760
2492
11213
84007
8394
288486
57912
9615
12123
1098
412674
2792
214021
12256
367848
10508
3354
1453
29192
217302
42374
811
12315
198961
2247
5323
13070
75940
266406
2668
332924
163509
549662
5485
168673
36838
255
454474
85458
165427
68395
182071
18517
194532
3143
27049
7544
44527
20814
1223
4916
842145
141914
270510
120
6321
4243
363387
28977
5985
135762
69009
132145
219770
100463
10126
22631
6156
117
106988
6922
146224
106944
4644
4862
421765
6998
176584
1472
47726
13081
14179
7005
400432
2526
105479
16134
6120
14017
57646
109330
304409
191781
6514
310902
7874
40155
401513
5048
26583
2682
407053
119490
84115
15043
12015
222149
5254
8649
72173
27477
8681
526
1905
745884
210393
393648
6513
11203
81079
105964
22111
97358
767
61002
44556
57251
392874
69753
1336
8996
879
71336
2947
98840
4647
8644
108499
5282
68435
491199
122150
4953
103825
218723
426272
6345
3036
6335
70272
2501
22619
4068
47791
4499
19409
69376
4331
1632
10121
3509
1637
393007
386752
139603
94387
2991
195686
45116
2226
290121
3296
10377
644236
15089
49431
444577
2853
220438
12199
65180
1730
278654
534811
3913
2750
241119
119784
85033
34674
278306
5215
216401
100733
9128
29551
165124
2203
136487
395414
208159
14734
497001
153020
239419
33709
86387
21022
15530
4470
1108
9887
84838
306551
9930
25920
50323
5929
35194
245930
200
4086
7244
1579
2371
108061
53430
176777
6861
135963
207678
46061
34634
13031
4047
9535
36632
192193
185935
7427
1004
16509
624698
84213
362
85
56595
10129
243547
16171
310716
19715
257864
997
51047
125996
539391
3250
20265
17325
38072
1799
84764
291578
42192
37897
225540
9714
885
434453
84360
140824
23101
310673
509
239440
208698
470166
224267
166
51927
230420
14480
5467
13388
27544
12176
37646
9882
86681
244304
227720
981
4783
3337
142275
40572
4121
98177
41971
24200
419397
81710
47772
165604
405557
124531
55450
258772
35288
21825
60386
2570
5247
7270
84396
6204
144
253870
62802
323756
228776
536473
8046
10397
3823
7684
158465
146033
91297
44268
8811
1465
168986
16537
1583
66876
5081
92213
4816
3731
1552
245072
11326
102911
238274
70741
85708
1498
44687
38010
473453
575289
5753
117452
181280
149023
17147
8266
131871
65548
2689
83093
14709
835404
7155
25957
177156
157532
230413
562750
778
4063
10121
37988
3453
17993
18239
18402
688545
137267
273509
41212
382330
446448
631624
111630
171314
86188
475209
275967
137584
232335
5464
196841
2473
323419
118072
254146
701
31154
3493
63117
7298
174861
552240
41305
3307
103503
2253
1490
6414
1888
85274
71924
97371
311248
11205
174169
13861
16362
130546
406982
77003
164754
15633
36783
7425
121898
550776
4257
119778
10197
54478
138505
2182
6248
102647
77084
34571
597
164779
245433
18700
37953
271342
11783
116324
337
620
167118
1793
188
146954
63323
48
113012
1409
7253
271341
18217
14254
19510
665191
119675
11595
470929
461825
193744
148422
2275
114513
366
3030
91323
43602
7716
816690
84038
34684
462217
13524
700
44008
297
176620
136034
57526
89473
140245
230021
192147
187117
573567
9982
8950
3866
176011
32840
3286
206418
70126
110092
538611
7112
182867
83089
121008
902
96383
2122
200025
54927
3376
53895
11852
6224
7115
22436
195091
137188
4254
582203
105453
8625
2230
19373
9399
1012
253362
415327
7185
4153
40898
399450
150524
10661
158208
2393
99256
298423
1881
4148
137060
1145
616
99965
164872
26107
171533
1551
114132
93387
148042
882
170416
3229
123370
12632
76269
42743
922
221541
12582
27339
503389
10084
116274
93136
6720
427
735870
28649
15172
604475
72722
1616
1767
576
32795
8345
185796
194867
757
1892
27922
136550
626560
157587
299
240882
564924
106114
40626
39195
8547
87985
596940
7890
2065
249
261
753
1559
4801
9551
10916
187644
871456
265915
18544
3636
4960
284510
3084
959
11212
36395
27551
7023
81870
34475
85268
89690
47137
356173
15364
24082
104289
842704
485955
7271
180934
9124
473811
37736
25840
3223
646832
120772
160167
50181
85721
142986
186183
46191
50333
4793
974
46407
411556
458910
18226
2099
31157
13575
249687
6624
14411
8135
131149
4537
326444
738044
10243
352713
450082
147956
25582
448317
44552
26823
896
11390
20879
1587
505176
539444
315659
170
314
26149
6175
18582
70589
112164
7000
266398
9588
1551
31373
4051
11488
381
10471
51809
144977
11543
25003
410
236759
90622
86630
24957
349206
5620
39482
18964
3445
1901
3282
202369
2788
1700
207039
9497
5733
236947
307497
177033
45116
12424
144288
135842
20859
1901
8553
35053
191834
341247
2468
12002
12199
173339
295935
5048
111761
572495
10062
4199
9994
12011
196903
290394
21030
108019
493309
24788
35732
17962
431173
415798
11565
160812
2441
56154
435656
5726
597817
65685
48857
67390
459321
209244
639
513
151
40749
125067
42622
117073
30795
27923
16392
80566
1139
8865
133718
490927
5633
4319
160276
166381
464766
8308
644034
4593
85605
114179
64529
2522
640500
9926
2810
11238
5650
5594
3163
4431
6622
221086
5936
325
38033
703
19204
404443
355484
40646
227853
9824
197570
163226
12870
27237
3049
363345
13496
6533
5268
244215
200319
194406
137020
10339
449813
5449
104425
1051
385010
1036
327831
32628
29924
26000
3216
11635
16170
1233
1448
315938
263007
94943
574
23351
80501
78332
31298
69497
119288
580006
161539
35734
154276
97490
8730
5774
141623
7746
444409
1032
89896
198896
260473
3721
213647
285
5561
18158
6217
64174
502460
43485
2089
459604
630
177395
4442
35249
25543
3554
448509
868
