169
955567
432889
336076
12724
71941
4370
318315
53336
61630
749
47427
240117
72572
25397
87463
1366
227784
642600
440837
8220
6260
651
285
36501
9571
431157
3617
264661
1154
34705
52395
194299
1963
4153
6651
19664
256751
55227
490520
20537
2689
111722
6681
591659
53179
852460
2946
3169
82746
5324
11598
2917
5682
113858
686203
4287
60598
193722
6147
66768
286041
340
192382
3209
895
129268
165431
42772
7628
114039
128792
762
3459
4060
85843
10303
17750
502685
83652
91939
9005
37785
7690
35371
1836
124272
14455
305197
918
216435
486190
171622
764117
138737
85539
190248
112095
81931
127304
19603
141252
13537
9794
170795
22865
254801
52244
4394
726348
783512
51777
206986
5029
13012
1518
8656
135369
53485
2530
313238
12924
397343
8205
3318
3464
271634
13896
40256
10175
3628
76479
7767
239286
108639
530186
3459
187567
29945
1486
2676
64240
38660
3406
66808
4474
75823
1152
998
2970
896821
24178
587686
3073
66728
8052
8881
589035
409831
5139
264188
445307
1145
53691
6351
1526
387586
3232
47889
25351
501686
131763
531
1632
259150
299910
11091
86353
173825
163682
2200
656208
239
19
11019
6729
90672
2390
244542
335055
178108
75134
6377
146344
10058
4111
123305
273058
16544
1060
5897
6374
32995
1833
5716
1855
10034
444
52463
2323
586730
267743
23352
150676
13381
66269
729619
34906
32784
121337
532526
972
380659
20747
3695
8209
11731
182539
294899
22081
5748
49163
2985
74932
863971
50605
10342
22226
143990
44345
317812
5633
82781
819
493641
41530
142537
90798
94145
7061
30841
380464
6552
11393
61057
846890
340475
50051
120402
237353
28089
2334
5546
304477
102736
1974
45154
317211
488877
429
155525
201492
56667
452399
253642
75788
208118
87641
19
244023
453579
56990
56453
3852
8755
22016
11324
38644
3306
450370
6512
2043
58537
45688
7668
349782
168142
140172
1628
136113
6693
68684
58520
22703
45474
8789
38412
649674
225882
17
226799
11390
84953
537
2713
165118
330185
23109
2023
23218
51474
37058
2428
77877
19662
12526
8108
697220
147695
2374
62791
800
769920
36092
29908
30358
4594
113317
50768
83097
4340
11183
67486
33073
17253
208713
1243
5969
8073
110154
10663
285178
17980
24141
494749
3364
6003
1547
313784
13559
28022
28380
1870
102897
194642
151853
72042
2823
18276
102027
7156
7399
408365
251036
320255
85447
5917
1566
5678
2622
494316
2743
8984
201678
10807
104353
90389
12689
80845
16927
1480
1333
1244
12226
156370
2442
1066
224667
27879
71569
124
23840
47029
275620
178633
71296
3079
6250
241404
170223
58114
444922
59892
21267
148957
59598
91499
217
119317
2565
12008
146969
161582
1617
65825
525374
3777
7626
280613
6878
610965
968
4457
529346
69446
7482
6570
17160
29021
355646
540199
37003
167260
335869
13170
12490
860
3184
132779
126798
3585
53949
4383
11091
295742
5166
236315
292373
31694
5526
8133
1174
124375
13038
39817
11897
70523
3414
634545
221498
1152
107803
13932
8375
1225
1212
4501
212868
501096
281009
4261
291697
6667
69312
183688
363999
247088
40532
4724
484
47314
8293
47901
1046
48357
80638
185407
536907
157241
31217
27276
140692
237
263963
154816
3015
126866
5796
133441
3213
5397
132495
12620
10807
6448
2938
109139
224
4989
112564
162371
77819
349
53712
5796
126676
11339
408801
302367
117
1960
9070
13477
186527
312747
97084
289705
175925
478
102301
259066
2618
1077
4387
15340
3465
10037
2467
4379
5561
191733
60916
8715
630472
3681
100550
180862
3131
6078
5435
473972
200148
135376
342842
111750
11850
6367
45885
177306
17432
99315
1933
126499
325708
38946
8529
510372
6851
701111
99296
133551
10408
8771
37755
74228
171136
5443
133838
1622
58975
279075
1638
137845
2873
1125
728959
67495
152661
134527
18089
39818
1812
3659
86338
5855
17642
40167
315
189477
170529
412485
4560
777
62092
8276
172049
95834
103450
312
129861
2821
7873
121195
270147
4328
334759
23757
115625
38193
4121
5343
203679
8481
49140
558
298
65165
67863
3175
60893
6409
34510
239837
113296
62328
7830
138803
4971
4553
31665
127699
15048
664702
75274
6116
263722
615638
105163
69686
216250
3455
10473
1332
100759
147130
2171
1810
253469
574571
7679
8257
5530
6583
59808
87310
1725
167544
9084
324578
3822
166332
6829
12731
1649
143684
58
105959
45923
213
272413
4093
260995
2081
324681
8508
5035
327527
604
224481
504095
4686
7418
147522
4035
230922
5498
164199
436015
262698
11350
3423
801287
26627
167818
36379
698437
73
272075
50694
536274
403840
100455
2404
19633
47479
914
50344
1317
55548
43742
129521
11447
6167
18120
224647
6109
7901
10630
5143
62613
590281
679965
2695
7916
222741
249412
98074
127593
3553
2261
391950
1233
7336
3077
522
46154
680
5016
1356
19194
19934
3710
56289
377313
333482
111065
32291
2340
398190
83764
308854
2502
359358
280797
260261
1166
29469
5180
46536
7113
119368
705736
227039
359820
4840
13132
48651
15873
391
77495
3573
54622
24452
8213
64860
10042
28323
14915
1380
15391
43624
5875
3832
12308
2230
109468
6636
58481
1237
42763
362108
20333
15193
51396
163973
7545
579978
66395
145427
82474
45803
371785
8648
55113
93489
15329
570275
236291
3380
33719
3159
8067
577240
3146
32568
136716
211085
7883
2244
18828
452
3703
139347
4339
202515
9234
95933
123379
477743
5121
10074
8691
2210
21241
94148
7341
73224
233523
35663
126
540
422
2345
94909
7077
115002
99414
957
101630
624
175628
68371
162711
167677
241
829
6572
10668
4264
2435
487906
7009
310424
25041
3987
4754
88467
7989
25844
175495
106112
439427
22221
4307
61036
163468
9856
327979
40795
154948
18890
219292
146414
16352
282900
7401
9975
8016
10088
248398
38645
8258
277114
96295
706
222895
291904
361051
38567
14673
14590
8111
4754
4414
46443
492181
2138
2535
326989
353247
649
217252
166639
263671
70975
37224
7193
2027
25560
82198
90158
1097
21399
7868
5377
158347
1512
13680
507869
332481
190720
118661
1373
409588
9601
31009
505968
373
693215
4208
3644
15001
26360
239559
7535
530543
2200
86639
11821
182524
2891
48573
158373
1958
383044
263223
21722
397725
20914
102269
72510
14423
3728
5758
5496
2184
6427
385
405820
361304
34560
66296
145774
227717
34950
24612
7553
415450
108
394237
176674
89604
557727
107018
1929
157910
105400
906453
23173
12346
75367
7220
129357
5152
7343
3026
75700
40246
349439
313138
23199
795599
10546
77777
277497
3763
142
14536
25198
476087
17027
157
342306
172905
163872
93799
20480
6906
59710
136046
25996
58172
40952
323009
21673
477366
32489
19247
2693
155349
2650
7711
8305
110110
11788
117206
1651
347
252
514902
91901
22703
592
49788
50813
2731
7614
4952
4409
5221
389744
8866
12094
18756
34905
22197
83826
181
860197
2274
741579
2556
395694
2933
7221
8399
353086
2485
246262
759282
76762
38234
468817
50890
23973
10270
7191
319374
33067
12000
46882
9900
254884
3361
2133
446781
135
735703
504682
4496
16249
719079
17082
259
55000
4158
9273
63862
46733
172858
62631
9029
29750
30610
12184
451574
135940
101715
35929
74318
143552
2299
2255
11066
236598
13894
26379
10050
37495
158104
21127
201213
8841
57767
711
3101
4212
267503
5025
52433
2033
138940
47047
141288
8325
320119
428497
280603
11581
7257
13974
57524
14332
5970
63048
129374
43483
64758
43051
157262
32138
4188
147136
21282
244148
715
5721
347144
421667
9188
7676
8549
133120
74844
624979
1704
13009
313959
9759
4745
279148
15420
15427
98
25290
239887
61913
5278
470510
110566
7283
83951
68218
5022
436633
7317
90448
68770
180982
44034
601458
2684
33608
437678
10335
10929
460130
43
23857
63504
311068
479769
43647
10828
177870
6109
72143
93424
313493
290
96819
38113
2522
161144
156591
12147
3290
251665
180624
92759
110843
153348
13141
351420
21036
187467
269068
45654
76037
1397
203446
260355
2550
290498
2288
15276
3166
3351
24741
57269
64730
317962
101678
45163
383316
1093
360988
3075
436132
5017
469825
119377
191933
7547
66463
5239
39975
96175
759364
42727
145730
443116
15709
9563
9487
269736
41625
24138
1391
5861
25085
96567
24417
54097
8146
2019
12319
3625
132428
608983
459368
120534
18674
257280
58672
442269
3825
101390
4504
759
88521
47312
46161
90820
12920
39820
581501
10609
11881
205386
592238
13350
57616
24636
326622
1421
119835
575100
10154
1367
190359
59659
14107
10933
36969
147481
48676
84191
10219
89
26912
155037
68784
103466
867
407909
111046
10009
286029
3102
358231
51951
1078
8081
29931
5252
137071
9200
186640
1493
235738
4889
468258
59118
547822
123366
37238
853920
85279
5165
161670
1637
206035
203762
90433
52760
6028
5077
356356
293622
103291
7328
196810
1075
1005
14323
45059
46285
4306
14763
506465
116877
7748
29497
23786
783591
73411
283605
43958
350315
37699
563487
146930
324794
295766
157356
26779
2
819
106300
405472
397810
64525
44952
5087
21447
130676
12550
653
774
227881
135451
20449
185566
285465
4863
8508
894
2495
140215
144394
231182
6813
9874
28646
88419
198204
9244
433463
38903
68619
187775
183550
7199
7163
301342
186114
135288
30227
2560
278803
66020
2420
266471
72711
442174
230554
253258
874
140700
24115
197434
208390
321455
398
416668
185268
8034
49731
112467
6887
129714
2665
202400
12847
182385
129938
991
7593
7487
62251
66205
567996
42673
689146
9163
48977
165691
607012
53470
214309
7926
15243
66383
46376
415482
237099
138365
66710
8555
1290
4377
45985
107901
5711
5129
104939
24263
404368
1995
97
123095
89526
529760
4824
13637
11934
70728
56512
9023
822041
6788
315128
238647
345975
18477
320705
549562
5297
64574
37852
5234
368964
8190
58096
17594
11072
112
495008
76453
19599
199749
11504
45263
195008
190883
23211
191345
459
707699
165744
5184
658260
42601
50209
95631
21283
11434
446326
345653
8382
435955
180374
149
44448
261442
409275
361651
582786
65827
167026
12322
1231
190200
19663
18783
183288
1640
2710
148584
33148
10468
218574
126480
271508
13915
75227
48512
64351
5461
73539
46296
21993
38892
311
17108
18369
30195
141710
10776
13573
11844
11810
299381
4631
274280
13429
4679
102134
12137
82294
90836
1362
5291
1746
121750
33541
1626
424546
5693
68411
14121
26600
3818
70742
606737
50684
6033
32816
233820
465636
8934
22993
327034
76125
1746
81940
282748
8010
166166
216198
1425
183845
34684
505225
792804
4816
4604
366332
174470
29147
73680
10179
228186
143588
4573
305051
717061
3110
260367
6259
5154
162694
25534
144428
1619
3570
8444
59272
42647
219839
365185
22279
26009
215500
375501
5093
119476
5722
1177
70913
169740
7266
246491
9116
386027
1719
7078
12482
226992
596
473712
429
107859
3736
1807
738454
4460
1593
1996
53707
4801
1022
1576
325491
14268
279
1096
448268
165648
4850
5652
151188
108222
213963
327137
340982
25039
4706
7866
10802
99439
13505
119574
616779
212244
1402
5099
615
5411
131647
342802
37399
44555
185397
445992
201430
2269
8397
10649
16203
283045
24045
22529
100
633004
6324
32878
366328
81391
111983
252048
11199
23906
282621
47045
369100
13074
164019
86425
116630
601857
347047
17694
7188
113422
653
86670
525359
604650
198296
13198
45028
576
148993
659
395869
4287
1852
11710
271589
489757
101605
156719
94991
148634
12079
433821
86998
334427
197465
1655
88226
59395
4182
163552
914358
29531
7985
37246
13194
48583
14629
127832
4546
123768
310511
2433
4436
31495
8136
490698
162843
91673
708371
16856
1491
26235
65027
25676
91168
44611
119873
210586
2070
11019
972
10564
174272
209132
5738
557169
37442
2503
551
6434
136149
367465
48852
24035
7479
22422
421
148413
31187
78053
35239
390149
3491
16759
220827
206352
6933
266781
322029
3271
3380
114837
8533
14298
465082
42963
20760
105154
508307
516948
6543
446526
4858
2896
7760
43826
137600
2709
97811
11859
1774
6244
72677
1604
301388
5302
73007
18300
7308
29136
8468
52738
10061
26239
86775
4582
180727
40277
68851
37965
94491
150743
525149
134589
733667
190298
2101
100964
211397
148482
190963
282891
138359
155393
3182
71665
6635
431291
62063
32294
30179
267888
141436
255293
15443
878
468069
101709
112657
14851
74
30
17739
97231
8741
15983
2873
7351
96473
5102
5439
40820
321378
290693
5500
85416
69060
5076
31124
100750
311679
78445
39167
140602
614
223177
316925
48158
2952
13620
21348
37423
199844
87571
154684
534
6551
3405
1176
746003
126926
19740
2603
4874
43063
64230
261025
142807
235688
6611
23975
10470
81826
400530
102771
933
52
776554
585611
26388
136855
350591
456309
4715
230275
7384
20421
2576
17840
692
83187
155152
84897
7238
9977
335281
162114
156735
29640
299
954
890
2226
65422
37773
3646
738513
73541
3864
7567
20666
118084
68923
6986
180613
69778
233473
2005
5704
266140
500300
3182
546455
278307
1270
361187
175367
81508
159123
116421
15026
16463
445978
30022
5831
535918
716641
529539
206091
908
3565
51791
16173
178705
424934
529
25182
1376
9172
3190
7531
231947
445607
908
14305
3528
253421
418065
19558
156
355213
50461
18314
108430
76518
2787
345306
6061
455959
280090
188
123914
8978
100895
465057
799
269600
1199
283693
405449
244445
79920
25381
1587
69939
12779
4373
64284
22972
439317
3743
12270
221997
25875
3827
61585
296588
2743
1058
2370
213840
3103
162422
69018
599258
185930
133918
74031
4759
285929
4093
172046
66431
25618
66494
137431
32459
99155
78563
7475
4334
250215
22609
8050
189338
80315
58837
294213
12479
116986
209501
5042
360423
81835
1574
2060
79172
547678
775329
84263
9282
6655
313753
22900
10887
19463
13733
283376
1627
4515
95462
75758
18074
38994
30654
389
12569
328526
33896
6821
172276
6165
386344
101318
37251
66729
2956
1874
7220
2467
4987
2768
18423
19021
447917
400916
31
24437
134042
4926
101728
273604
58048
468743
142016
285983
448308
8070
22744
8060
24084
49287
15687
437351
162462
70025
4713
34784
198
77793
321145
721353
151997
436688
1378
62531
357785
5627
3436
202987
44509
187112
318383
138818
6066
400802
9852
149688
12880
14957
22293
351561
35019
7814
109677
12523
429756
163580
77320
53130
5009
40978
85167
1507
5092
9426
344839
51220
2900
45636
625849
24887
133
159185
144869
132588
10434
147965
23
189918
523338
469036
92336
614141
3254
8422
249566
261624
105894
419901
46742
110701
588
21412
249075
421904
1375
461158
375534
50427
887
53934
3991
345144
474
456511
63377
11376
77251
4541
172377
43703
174
4803
10224
2275
4146
2912
15338
632312
58512
11490
9230
52976
422690
27373
156970
147
7894
11089
5344
4777
312665
133771
192
199253
39856
6669
411905
362303
4321
65126
134858
444121
2264
155
5469
103
511443
139887
2831
8015
188948
36460
294977
847
526636
2851
22377
5021
142227
757
69648
763
806417
18639
9148
157372
51226
15251
1170
2845
12108
37023
148350
12788
395354
14421
36939
8096
49714
638180
414805
2603
123513
635795
835
105381
21804
12678
20970
34785
13309
454805
6961
1431
3242
22584
476850
152825
48029
2005
1797
113339
4050
5723
48928
20178
2688
58378
665466
3277
49118
170
5985
3520
342523
3232
1655
101757
7227
4917
180179
2623
177
37846
18707
155591
55484
15871
92485
9417
477914
5335
360
14497
8472
3689
52092
141377
14168
62719
125050
268645
7176
175558
2561
43554
50432
109804
7157
1203
3072
20601
18052
257608
236071
61036
77529
557896
44170
39457
3696
99724
230617
1563
225938
36658
107387
2758
134282
114096
663189
8490
117812
6687
76543
326237
9203
9170
4920
4111
5435
67335
116451
4309
5768
11091
4001
3282
6429
402799
3251
248184
91385
265672
148668
14492
135953
275488
412891
57796
7864
2490
2611
486481
245174
97784
94642
96799
95554
79893
584021
10329
259928
98174
686993
68961
637323
603
38507
157820
3783
10659
195157
421143
43400
49120
909685
15673
5509
1624
6101
384979
336349
18633
169276
3160
7593
317209
80383
427591
2023
30453
2624
225467
3016
92231
204630
9013
147111
5974
407
5052
13419
9053
144198
108608
275232
516
27182
5363
260495
464303
3693
94973
181396
56277
301595
847
390
39322
665479
10749
54893
133139
2515
45412
105734
18231
2956
146767
138980
32192
4228
446224
102558
352363
35059
459550
389
4231
13114
17169
57516
1560
15625
4657
138153
90097
9965
37235
69323
431399
169864
282527
123390
737
2155
326044
354794
35845
456875
19
185530
6205
96
357993
5530
64
105331
134866
446624
1304
7807
240661
10268
60010
21899
28704
134786
5392
164163
263657
9481
182298
628
385
1194
199919
270670
115432
286418
481292
6911
4632
486448
246789
141108
3912
2302
129231
26350
1577
1198
63697
73592
683754
21176
41117
36273
5909
377087
107861
469017
70943
311333
54281
2772
23699
256
88525
3429
216041
629503
344961
320021
144606
4106
77763
370391
1158
147778
146525
29374
38048
9329
3238
42895
433847
14962
268256
8757
25724
66464
235475
470243
800
5176
534
284445
16120
123328
7400
16752
39418
2335
9725
178396
5592
245219
9920
89448
11190
1830
96710
9929
265276
3342
195399
445370
2175
758150
6049
1464
2739
26310
279910
607571
67807
14711
722
5729
228219
372619
12568
94098
2355
10765
74115
132740
36134
383076
49377
51598
777290
218398
6054
1803
8576
36815
86184
6221
49007
8998
66074
153191
88704
101125
1774
376
495883
1378
3778
362382
28052
73019
10298
192306
56505
14544
974475
33421
1195
18072
16743
17436
315338
258209
3657
906
81348
17607
6356
374414
110943
5250
354090
7383
354052
4682
50274
86231
228027
3954
130034
55923
9864
83897
51212
1349
527162
65385
546295
55264
486314
864920
114531
29765
136401
5218
2632
60683
5131
263824
94501
7178
11495
289778
3870
9300
325939
5763
2116
724
14447
51842
3146
22554
560834
8868
1194
4006
178518
107169
210368
2676
137591
98227
40661
64029
664993
142618
415704
20852
35191
115672
3723
356019
24124
20901
27405
730591
468641
311
46492
86148
29969
3661
2250
4320
1807
8047
77463
469224
51309
192220
214317
48641
138687
4662
103544
40893
2788
36213
2447
133473
36
5076
979
57733
2929
378401
28540
342180
5529
19037
68563
1249
807617
178512
99483
638931
5678
2252
496038
4135
274993
258094
102566
219771
77042
12717
1184
237
350992
125992
114243
160143
2145
74617
41489
41571
339860
2099
249209
47157
76278
860724
154206
17009
2298
1341
36182
175169
8325
7127
103417
248402
118034
50851
13237
29828
307056
5846
97118
11184
45129
1241
172636
243278
5933
61729
47698
5595
261
140918
152521
5613
175679
11714
1626
374012
2699
57290
18586
265674
105291
17881
34295
90171
846
11014
476572
86
3478
2462
31655
1712
29892
428072
268263
250101
8709
12972
47485
119838
9137
9036
9341
32043
3441
72261
45522
11979
285261
30973
459
10555
55050
653006
20788
93586
287152
2139
48
7624
1779
3154
33882
124791
503437
2607
144100
195515
38241
398605
56405
296169
43569
52836
109093
30757
51331
67971
4128
115739
2713
313134
65755
17312
68494
418453
349321
457560
151657
511639
16951
95034
344916
8872
176815
70985
82919
15444
278685
8688
24267
39
107
258705
23833
5601
90598
44207
7327
2753
169
158
303435
14572
1885
307620
76157
7589
67230
77774
431748
165235
25230
106
531
525
296854
131304
290730
60653
33632
5059
14768
2648
2686
2481
624009
523678
263076
67934
74776
60791
80633
3285
1562
55995
10642
157872
43260
193066
411151
7035
5232
38822
174575
56705
8792
55546
39176
317268
140788
34197
1621
8529
477575
1104
62198
10562
393756
5953
246388
216
76144
11462
21655
18756
268786
621956
2248
32057
8286
7349
9347
7345
9412
91391
6127
7795
7069
1930
1226
99011
137439
59765
33787
37965
464
970
299232
282564
139733
18568
455135
12591
2659
4007
2739
17671
223917
12712
110199
15786
184301
318495
7763
48394
15418
8628
182431
252538
89078
343955
4212
4506
25691
135293
29271
326452
794541
579139
128070
3388
148282
302434
7102
14044
421046
305
404161
342427
5016
117331
41950
209952
312059
353474
101422
10689
12345
4429
5650
208824
308070
216666
160370
9916
6
314864
252225
570388
138468
162651
412205
5250
7960
64941
3049
492094
5934
7325
4051
5465
132525
58189
8865
141607
3961
690
71655
20739
32749
6215
57312
210528
2839
125242
337751
118500
461296
8014
94472
780
129244
30896
12438
3292
214170
169427
170080
376142
147636
22387
14470
12840
32230
440213
189988
95990
48171
1662
111112
9324
3943
128290
369
13029
17135
290
545221
29495
162925
5552
36062
24582
66583
2524
308781
206914
82098
694697
70032
4924
26969
45099
71461
1111
28845
129964
1307
7405
50015
433966
79513
132531
26276
34383
709922
485142
9594
512073
5409
82157
27293
4557
4350
53820
7691
849
959
10791
2660
45366
10940
9608
506256
60056
276063
113031
41211
11962
255469
5729
56885
96131
5605
3941
443974
4741
3606
35408
14825
3742
114060
72417
4816
92427
6713
6026
18422
285324
165968
12800
6755
6235
554287
172813
3132
628215
111669
347106
7772
3781
5656
55180
235568
16704
4371
10519
7813
16914
171441
9647
40986
313892
25059
84447
6568
3106
114506
1481
10682
17196
274594
77517
126998
90192
200737
1595
82202
293303
344780
9845
80809
98420
179350
128152
225827
197583
20623
12251
748
7772
8417
4
12346
166160
117883
154552
73164
10971
259027
326494
25323
10782
24105
253455
145068
6028
33893
412170
20015
3271
3517
929
55805
115138
34560
36394
137460
1702
461479
2225
39321
25209
300
41129
603651
7308
31438
1214
60617
7855
94286
638376
119198
395
78816
4623
496674
8890
86249
73338
6843
3919
2891
216977
162722
53315
183085
3716
14332
4570
250667
72642
71240
77627
213759
7533
18657
4923
269902
8734
709193
78065
122477
49139
1751
12973
11973
506706
7305
8690
169135
4396
57205
6467
49856
32849
331507
19357
145679
921
43903
189375
2202
476122
72793
67290
100013
137296
878
216751
20
218659
21907
7518
55470
70537
24193
9709
1883
26765
4317
4549
157874
86715
7604
3865
696512
58232
8226
405353
360475
963
35527
28497
279877
399544
84183
122392
245636
722
13546
70877
3830
12911
95783
8154
82113
119502
63640
17608
25147
6904
223179
80268
4633
404231
81070
8104
204537
1399
173684
54869
571238
94537
386
53044
144378
98100
8606
8149
184019
264511
14125
19213
70499
673078
20815
44087
87974
11549
75563
160973
8136
462
21132
3596
210499
5656
37763
30172
3288
1483
3519
13445
11493
4170
113476
1017
273412
56938
241605
4547
50085
9527
170822
282901
8396
290893
135000
113013
106066
269766
6390
37266
7853
28428
1885
74970
523331
514085
10126
226290
22707
95256
102975
17656
21060
9498
1037
23239
13418
312402
2159
40652
75465
22437
52193
11596
6735
144534
289782
6300
1710
38790
772969
34839
7591
6601
37720
43189
3548
7641
5869
1544
4298
160525
84889
395021
217999
150159
58750
33617
10260
53754
261703
3711
5027
170859
2774
372291
12982
1975
662659
535861
56327
458808
187099
73052
9271
23431
404278
38512
574862
2364
8673
200194
49449
591228
11256
493284
96685
66592
157608
276645
3574
10542
184906
501
277014
62930
766454
170268
13127
25199
3931
184921
4028
183985
8386
555076
2638
120459
233243
670690
54609
19779
419
219007
140415
6101
138382
288467
14566
508
675
163585
2997
134874
6798
362640
174876
5421
3622
181262
1490
14293
7215
6074
3480
52985
173071
10419
61423
121543
12762
83
522419
5716
209547
23112
52308
73055
13684
49429
677435
343643
4505
14193
2470
136193
21016
4149
66273
232928
57613
119997
771830
48602
116487
20980
9985
5687
194020
76301
98707
15317
623205
246493
1622
100
5614
116145
120910
19442
83849
2649
127030
16038
5486
316176
19665
171935
4873
649211
6626
71807
342214
5101
7212
74422
43665
4740
33066
1666
4674
361260
1279
4725
156011
3635
91644
2288
52301
545236
81231
378682
3880
199262
3899
1946
247146
237518
57724
70514
150377
24903
38863
1597
2032
4066
75765
454537
249168
11602
146246
511760
236164
68880
15662
725427
103089
115782
205956
389483
10035
538544
88942
15676
211193
90270
3214
10587
509822
4519
14732
215087
30050
458896
1581
175816
1995
1031
4807
22816
115718
36852
79328
42915
2781
133211
694725
94083
3531
22115
6107
10588
3452
5382
10460
48902
205228
30659
800374
1866
117590
449
297205
61067
260
487482
77128
147778
135098
148185
581825
36548
18552
1029
202231
120790
97611
5269
46863
3760
40153
10406
678019
7509
424124
341560
53976
3333
295778
5344
197549
392238
57227
308580
36957
187791
11970
34082
91691
558
167870
1603
527055
4010
116994
64405
5312
7368
293257
20757
149025
155106
347
299146
358459
6326
4129
144526
5250
438763
293
30156
102041
16459
493663
36354
109317
212795
146504
97594
12249
3493
126877
536262
1237
436786
13027
109736
643
270065
6464
512464
140211
4582
161764
116468
264400
306312
13686
244439
27482
5501
52290
59425
213689
566358
718232
19413
346583
149725
8158
354527
107932
1220
205649
530399
256167
300856
3366
12283
981
314808
199
638746
50826
10316
9833
240549
42232
1898
7288
2882
2036
135015
59265
55900
24278
2603
267706
405322
312458
32446
36266
6389
154697
3553
31
439935
160246
114503
83295
1244
12907
1787
341039
69407
9690
30455
8896
53298
13466
554
3429
57110
294589
1529
62829
164734
6297
6362
67901
33177
239370
49112
102873
9826
8549
24260
5044
267273
361922
