7372
32120
62047
855646
178774
313934
303594
168683
32201
46995
141174
293750
12357
45579
17401
64467
6824
2572
340345
6210
429229
3387
89898
276459
160825
87113
37642
111990
10348
110175
6764
570358
13425
4017
11478
38419
238815
880769
167186
242584
8034
1223
79514
1364
16291
395965
130938
215505
3563
2240
122396
176026
3195
1242
2725
4661
1616
83985
108568
9493
4771
145182
124702
112636
2001
4999
4933
5795
7254
1617
397163
25907
396081
7912
116354
146251
1010
21230
32854
425284
527683
161750
6939
96097
204727
595124
8927
117209
266966
8374
9667
155011
12188
19064
153078
2215
422414
8404
1819
756
51660
495845
49518
199366
210374
479861
419064
2029
130808
4307
511272
291774
166432
1802
42624
6317
40587
28105
64561
281116
21990
18663
224
44822
121145
426041
364955
108960
3102
9369
1749
96505
2013
88965
5914
1320
144657
1018
384728
493
14224
75109
192473
78015
134408
250102
196814
121072
37
55955
21120
166364
54369
402490
133551
12720
18095
3054
896
6035
84138
246993
11218
33772
7845
244373
17280
111075
241458
3858
5850
5018
322744
244721
2699
5157
2988
6273
8203
1218
264401
2170
1288
8110
53108
8023
155
148689
54224
675335
13466
10423
13064
2413
184499
93082
3697
67638
120254
58316
7545
789
831
140690
143011
61659
56691
58144
67044
11611
3626
17360
118516
626835
7167
7010
717972
224829
813
8267
10938
139513
10459
4552
698476
654248
560053
192350
3325
139195
47196
32231
72379
284158
181203
2789
86096
544351
1911
137559
1596
106455
704700
46817
188814
429309
14166
52151
16580
229689
45216
222744
282666
86630
11279
6448
2332
929
5888
24651
1476
30693
3684
4504
5602
247643
163310
548086
608627
889
5268
1891
6288
4165
6893
4027
74621
240600
131518
697
232081
5730
519
405339
3346
5318
2319
1543
5661
10511
36727
35460
358
8841
647842
1459
66475
47644
8210
281438
30484
199848
400578
110977
6006
19937
81605
155485
1601
451904
131504
451120
2892
548064
18856
6088
6144
4426
529124
12718
88524
93662
44635
5733
64501
5530
537350
383918
13902
786715
24789
138640
149852
106272
11694
404400
334607
18219
6797
87159
331166
451957
8095
4145
21919
685464
181114
220225
631539
39857
14268
259722
11066
102487
3698
255383
186372
10367
3314
4332
8480
279064
2789
5307
130
21677
9725
61346
451378
236
101380
553
14657
10619
270700
60903
6966
3270
91880
8019
35830
10271
3119
37941
339305
140267
440030
1593
41184
189996
938
147118
429260
185951
238013
49
1337
10704
77030
169577
2738
6281
190911
274990
247756
337648
128540
222014
883970
29266
576506
5296
5462
172499
1849
511502
3008
603022
2107
42983
429269
785914
228223
5449
2254
167603
5088
11101
120104
176866
168905
68080
205861
5044
457086
1698
3878
24956
47956
56382
17020
964
43105
151462
31367
406704
207211
394575
741099
8955
123449
487
460
93184
9313
281243
1241
55172
557
97183
912764
43981
10161
232197
14090
908233
23253
566482
7928
278679
602924
330261
8144
11429
80598
195946
5574
393249
5749
3784
90298
67394
4857
475104
19425
12689
236984
492930
7020
42845
40221
4639
71793
11483
821811
150183
6250
6474
418420
2612
581341
4743
238620
8699
5980
240346
13792
83745
553
674
24778
107590
867954
5280
8653
34372
72084
4739
1060
1353
542793
359723
5098
198459
158911
21500
69481
273581
5045
764
131332
148112
185346
132444
12008
29105
1541
2585
56267
12038
1778
8278
263247
5502
1431
38675
11052
115178
3902
389
11228
213010
234273
150016
122023
4809
111958
938
16793
35097
461612
8426
21914
3916
101617
1284
412451
194990
73216
80355
3064
1278
130608
843598
21252
38555
1926
89430
149043
334539
14923
100323
6356
692867
108761
56472
299920
664668
42575
10697
663380
670611
4915
12076
571921
29319
153757
12234
102849
162997
250522
6745
19234
296696
4995
3243
50357
311
139146
374253
193714
2550
393615
94554
332871
91193
15079
1412
133834
94925
61397
343441
143082
1136
24273
7603
1691
15442
420892
24379
12273
229841
88928
401639
3857
10007
7315
5843
985
268217
19075
68668
137700
186473
1664
2065
209242
262551
4641
2564
2879
357318
36433
42201
2627
230645
93288
204400
7708
289043
86383
174107
477845
211143
171990
88000
254847
51733
652008
295739
7319
11040
740152
13899
203674
277377
25248
517812
150856
32686
118885
7684
7895
24839
29831
24741
482534
743721
381749
180571
21285
10376
7874
14061
50852
12625
22595
88726
32979
6339
2224
152484
86158
44
240584
4348
189434
16630
125178
126779
58043
19618
6294
275984
2398
63849
183083
79
3150
455389
10384
322838
181303
87729
1555
412018
2573
257770
536632
4607
818450
111265
106296
13801
3473
69611
12779
20261
35571
454995
5625
82387
615564
225896
8604
50763
687
368056
151602
5588
59306
1509
12316
770543
228
74257
31210
4265
149318
20677
82013
198085
445452
19383
85293
824029
113812
216824
8614
9110
6138
98788
2720
2568
72916
58463
2264
2038
16512
124183
6619
2885
10054
23403
3383
17562
345749
7869
5171
2092
29076
84954
419
13571
293108
16552
346098
5034
707
646196
349122
6164
2305
2431
4451
200966
20087
639277
6483
2683
7867
31520
41622
9187
17360
313974
160211
203483
8734
76389
165136
305208
519810
3843
194517
25540
3050
91421
9304
482372
40944
177684
53689
188
341465
94131
124509
2954
1530
2528
45803
251091
2420
238058
172856
235781
44248
52726
231271
24265
206655
230290
690162
65417
91452
9687
15327
108192
129515
25454
4072
124459
4814
2005
15313
4675
4756
8133
10375
494895
60630
21169
1778
97473
117211
3914
585501
27688
14640
6746
40959
1255
146056
117012
236545
2460
341869
633088
368808
1556
1432
301869
2750
15597
128320
334510
110920
48278
89909
368821
3021
118507
18045
4892
579086
4869
131642
7985
270896
347879
45383
111708
284103
11933
29138
211339
10604
184389
8144
144
238389
118
2691
77286
116281
99792
49782
17149
37024
645030
11612
78595
274584
2435
45866
3369
5939
5735
293902
697
297216
404419
371467
239259
132902
2293
8223
254718
6073
9992
33712
47832
2029
78699
1212
530878
1481
15138
15907
2017
2043
994
378392
143832
321039
3523
144382
130793
14785
25149
106570
228698
5109
49252
5391
402159
485443
1063
303242
8846
364821
4090
532488
356702
126138
215215
164361
254194
13649
415021
44385
61199
8977
6398
86
116724
1438
3225
114
88777
45321
4912
95558
243680
277512
1308
106915
630
424196
138
12642
104842
68986
352212
54
203669
210603
8859
68321
113428
1102
7486
331750
86863
8564
182111
5391
7872
525898
10616
3
274284
57366
823642
7240
2637
465008
56058
209800
232722
20202
67315
112824
524267
2012
159409
27946
203418
338395
254938
318197
397498
124105
130862
231942
48427
101062
564049
299336
2457
18629
104847
17558
311344
26742
651924
48064
13227
25174
1957
44398
253755
273928
15011
9678
222767
3771
169496
4762
27511
10347
78084
11776
258754
6306
5923
132636
1272
177528
2737
64998
10713
12824
2335
9634
241796
3436
211881
26743
166817
150270
4156
253278
487063
2946
58738
183847
102736
39826
443401
20083
7181
8753
119461
7893
600365
25460
19567
61124
117998
333
164
139452
695816
118956
7260
13253
540504
42886
239551
64814
130472
205443
228844
7875
115635
278874
102969
344560
5652
12975
1940
369448
21649
1146
235426
25899
434071
379944
287645
7691
527052
85417
1367
91710
209431
280427
4449
5952
175592
74685
11151
171805
5206
161496
7677
361962
2777
24760
13296
109486
413980
760347
7814
10784
77669
464769
5296
2969
246029
237298
377972
72444
128737
46801
61813
1244
7308
260842
5856
2773
787
80903
4056
42328
157758
18169
82482
113563
5528
10284
3089
53821
866264
130663
93571
11765
694012
41757
245680
64865
10139
161584
224181
20323
407856
139390
25593
1205
455596
7185
575257
11210
569188
65091
508955
4488
14671
11050
105746
2971
27785
5543
92631
3975
191970
6004
3173
4177
60024
234336
13688
133791
175165
394971
3212
5606
13776
5331
80044
135242
385808
9150
3881
272662
1928
13212
294725
263245
5975
481890
49582
3525
65319
410
115134
215132
5039
11309
29440
54291
14505
10717
82743
108191
29679
28989
210008
5400
166847
22059
20696
5403
3255
12113
146
4341
237
176
500568
382616
314648
301498
13538
145580
32689
51446
1984
9174
772772
40397
446585
601
184413
1329
653582
11315
57767
3335
6991
3247
285685
11202
111924
429251
78309
4040
74637
33408
92162
105293
13600
5217
144939
428740
29530
50891
86175
32486
141719
4533
118265
321152
59254
39902
27
57628
661
17351
241769
8927
42309
12357
2596
553
445
5374
63291
74100
269729
297208
2270
15814
401694
12449
613445
7466
47692
27955
6862
142357
768532
4099
184285
419938
3334
190792
3272
50870
145338
262043
86584
11922
209839
47091
8079
173260
1205
37371
1354
17314
8959
28287
593402
247664
664
80387
358918
32607
149378
454644
45610
11621
285061
8177
422830
37694
218489
149175
10176
14504
123320
31529
5331
97690
44353
534421
3110
389
193
178452
7476
201497
4152
2421
1249
190092
65835
201491
3867
121114
7900
514486
59055
65741
60868
311442
531478
99034
7804
160689
229874
95556
231630
96122
4351
116112
10451
27721
192036
255154
124135
3615
6569
21415
472190
168421
186446
878
524978
335540
164
1051
17281
169872
1231
2012
77872
1535
4550
3962
79243
243222
93734
47429
191988
68352
23091
2705
542521
512784
127095
1852
8812
16630
8928
88155
96241
41525
444478
1016
18453
636141
5133
43383
38739
51875
67426
26132
15279
317572
101
162338
2390
52127
361089
8502
5224
681208
555028
254403
6934
2364
278443
137756
3854
526353
4058
4710
114356
9955
161419
418067
95181
282635
27920
32353
289853
164951
213835
11313
213766
2936
804
182040
389693
6577
311681
36977
65977
1875
354417
545
6604
45991
224661
158757
10452
10760
122572
5550
514241
48071
271280
515
2948
23715
628146
2232
67362
8969
21823
2914
75427
592587
472778
192519
11718
36991
10846
61803
2230
21719
87616
119630
561523
346569
4238
764776
274769
3964
174230
135756
1481
432328
15327
8138
28152
321344
403177
9130
35238
35334
27482
736
9171
11380
4366
189
28364
55987
6031
725043
5776
1041
643313
489592
615
14959
4222
106650
9743
320
137767
531423
237086
374352
941
4610
5944
161575
227966
8803
240619
8139
107259
39827
8308
82935
851
12433
85053
252522
10886
76280
162061
4822
62564
61341
5839
3865
55581
5045
214830
272071
272224
2014
171696
5035
111225
207215
30916
46046
3436
75992
104606
12969
192858
12904
32821
109959
155695
69738
14214
1666
14871
1024
401328
74896
189
95016
756
529690
43073
208736
24824
60724
354389
108584
122053
267676
259563
9824
136244
5100
11444
1585
550472
133036
380280
127
10884
48136
135670
2531
6250
52429
2947
269603
37518
5076
4189
120569
349871
173961
92574
129940
34
38938
62502
112903
43725
7321
559659
4084
431
42582
384987
112704
14586
434802
167467
693765
11991
5290
11738
21776
132481
203
10442
6204
44452
11311
20699
20976
36951
3265
29384
5977
301575
72289
288188
298328
350802
203463
9060
4993
61973
63478
3700
239201
579038
111803
25474
184492
85980
32682
102845
250005
201980
16179
93511
34479
117576
208579
6015
1596
569563
308921
1115
100892
12845
71416
1979
1805
19719
6427
230503
413693
322340
188497
1436
92058
90212
43790
12516
444792
50480
158041
4014
74194
629641
70852
180
112887
8693
131
36873
2715
9989
192724
1275
46312
184439
6397
240779
627785
92203
2595
1648
9666
54627
1836
2183
6499
884
426658
195673
164854
260075
40004
4087
359536
204632
71989
17813
275163
55497
3700
104513
54949
75491
45104
55731
303797
198749
39812
209265
118801
11067
4780
96624
13616
125566
74241
5175
9633
3109
26031
72145
90081
4768
2752
69799
499470
4348
468040
191342
7252
241569
1628
116162
7493
202505
594483
65700
17864
59765
8097
3645
281205
19987
3540
1002
2843
805702
5080
4677
166604
3458
8487
4589
55089
1893
6072
187671
70639
21609
13579
12175
215532
333233
183915
225593
516195
179154
9419
12888
9032
336824
92211
40015
23210
334174
9007
536169
8845
234640
133883
505858
1057
181675
186324
78768
145070
28683
31625
720487
14775
31151
253936
215596
12673
5372
7712
5797
359588
615639
17826
28196
4963
35996
84049
625861
351854
64249
84977
1207
760
63323
5159
116142
36278
117210
46376
30064
64
7728
9399
132103
245890
120752
7527
43273
494265
2888
13919
90129
126994
359557
163855
13901
8343
1425
1965
23652
34880
10662
161653
90510
32578
6252
93302
809
176089
80514
83694
4104
321463
176948
6093
142942
128433
65
148291
129381
44996
111047
7148
232519
8093
6433
198
15736
79781
212
497587
834
92910
76400
224417
5637
104372
351488
139270
266389
267443
257169
74173
602
123448
187414
3688
14257
127567
603193
591
3733
2584
83185
151608
268747
266932
239183
81143
213132
7423
7272
696032
8803
23503
83645
1585
3038
486756
327656
30297
27262
2991
294
31574
339682
130707
121840
87515
264044
4233
519
1417
366861
650754
43533
139796
268884
419066
4028
14905
57120
832
349
315540
1221
649
3291
8016
165061
58106
2964
89034
2102
6062
123917
2504
89037
2657
261262
84454
3551
42793
957
180588
129918
810
36782
222738
118
7496
5689
46643
66276
184189
631548
118000
715295
7192
4514
495341
367777
7488
16614
29397
72062
8630
34986
308104
3620
47925
16482
1506
109753
279294
76953
101329
42792
8028
360
1801
135266
105377
48266
188
4554
292
16685
60360
444573
143930
20722
5498
2082
5604
3048
5341
135468
2023
5239
441
508451
71401
132767
31399
250257
15905
40988
9394
19368
52905
93845
38455
4932
1265
12964
59854
47780
342202
13424
4877
32135
563219
2416
8537
534346
510995
105142
24192
85791
469001
79771
41431
15562
1265
21083
317663
119290
40655
162054
40998
3549
2974
4931
39433
18590
10452
45442
60875
5458
4076
459220
249932
32926
182023
312566
129790
2918
2956
94998
47702
803309
14023
146753
69423
141691
375577
449704
539537
8135
285711
554280
203810
501
38199
337495
252455
200460
557
418
704367
230200
7296
195817
90656
106626
112056
38629
132984
98968
48316
214749
19307
41667
11377
5555
2583
29
949
343991
457403
37955
3515
158842
61957
374366
5848
37142
35767
27279
7904
786368
48274
128935
141955
30505
331199
170864
7829
59250
5943
11225
176296
192560
150966
123319
143546
149573
27626
8325
83
162684
113467
12656
264993
7149
58592
36662
197
172700
2642
23000
670151
49804
89145
8608
81813
1014
510258
87451
393969
134289
326516
864519
7914
5062
52889
205361
26765
508049
35088
19708
139221
60099
4061
3613
452
252790
1722
52654
8278
75218
218
394288
4827
1089
4757
146665
2878
466
94269
649642
17772
4268
53098
10344
94248
4375
2000
85325
105638
205724
3210
157363
399735
238442
75597
6668
3736
1073
10244
136010
841736
111171
7744
359725
1154
89142
387030
103312
56075
210188
271223
1165
444022
145417
39524
30731
88190
261326
302529
124009
175943
138444
315256
269879
14130
10123
30586
122207
26535
1533
2302
5624
280210
2731
402655
109214
100014
452818
18930
1955
418791
117617
6391
105334
28301
139805
11727
73691
2093
200128
8029
3760
460697
70518
77035
6886
110574
154274
260787
12450
13106
280227
416
241324
26327
123700
4983
10057
358723
35582
12832
247775
13771
162030
69922
104406
51779
31217
309616
11851
411894
59333
20662
8870
585
11501
232849
595346
30453
126143
118232
13759
26450
45472
170474
47802
3120
226203
338323
7063
151588
560288
111938
5921
1054
6092
42573
1471
245757
2156
1208
4000
5325
7793
1953
853087
220334
102219
10297
311161
159065
8826
6736
684
186721
268957
195259
413
426116
284896
185
65615
182600
186651
56352
102759
218116
5508
28393
767320
265693
78243
55800
51792
8109
263095
26398
1939
39488
577638
142103
5904
4514
852049
16091
983
135047
7864
49505
98912
62264
874591
272516
176014
12466
5313
8555
126833
24233
115814
3449
15170
43355
7146
774109
455
138770
2759
473
11179
320847
245052
2831
19517
209896
342425
601345
62491
3294
7425
4922
10044
482793
42547
39140
508903
2695
36956
71174
22842
187340
177295
2487
531993
405898
60700
4207
129937
25186
59052
582125
49733
13160
117822
203910
581
114386
277465
64594
68387
737216
21299
58383
176489
87733
4826
59746
53425
50148
1057
153942
60418
8182
632039
6208
13779
139
822941
507529
28028
541313
20324
50735
1263
1315
253402
658
1560
971
47355
10512
131460
7048
23280
3490
9358
3288
8467
29309
35446
82010
8824
73480
15370
7125
135148
548394
17427
5553
320620
345025
4908
130199
152092
41165
42330
2553
4014
6813
3309
3334
5593
8991
6244
94983
3408
10213
2078
170433
51695
156027
331
49691
252837
284119
5589
210295
116289
388432
1650
1622
244177
228773
66976
241417
88877
11985
3839
1947
35856
85663
162098
4546
37733
54327
16691
151175
3155
209689
12606
192720
47222
189906
159179
8763
41071
366317
21146
5501
41377
5721
15674
208393
2722
97476
11667
38021
39629
53843
352866
335
1072
12528
8293
3160
11547
1031
12575
17428
316290
74611
507627
34985
697
40614
201750
14899
4343
13152
37312
1
9551
211974
275
9198
264224
787790
27951
25422
81248
156613
72748
99733
922
45948
30159
77784
359691
70217
104665
4194
3546
43060
279371
61716
7656
31510
422169
70113
4418
205870
7428
203838
74725
395
1106
559622
564989
121589
12731
335352
1540
4357
186617
283403
8958
25060
6480
96635
533510
12182
580826
20601
134905
312986
19617
393
32098
277017
217305
23051
53655
107939
6705
217398
8396
180223
167844
143818
16276
191850
516412
517812
2605
611413
246968
275
581785
43766
430194
457769
1825
9468
429
109866
194075
4854
4220
259292
1169
212412
2425
4676
2706
24273
11260
416883
438905
545538
2875
180013
2717
1789
11263
27939
89751
83270
3996
2092
853
78761
94889
7557
154970
9485
491
128312
4147
11991
85547
4132
12728
6269
854871
498973
122450
74483
23692
71984
122887
157912
38336
7365
3313
170295
106484
123693
134770
72173
126672
82384
3674
33337
187433
21432
120024
10600
26237
1668
4667
65756
16320
14333
859517
378728
244482
134946
144243
6399
37206
3079
60253
101598
307
99560
2910
352185
629391
58959
161172
67895
2040
2411
239706
4210
5317
307817
13541
41
1713
171867
226449
61987
29154
18329
712897
4354
4729
17034
259451
79831
237541
772
355205
590
1865
51145
1147
6181
1223
55459
29009
6345
53675
36758
9929
2180
2597
4065
8196
337101
161465
21508
128297
2327
19
3812
4949
3847
8417
129094
23921
2822
1207
2465
5263
513953
586
744
23300
305416
60971
778171
7954
231235
567553
201819
2379
363322
591
110530
33339
46880
68782
13978
3116
297224
3108
260711
411
718441
7413
358322
3630
129026
37254
245460
22817
12053
8110
46780
252890
124357
577625
48803
7901
1334
12597
7645
29067
4230
56019
591295
21629
258714
362
2930
63671
34094
832
64442
3014
267438
39413
575226
128
29309
692839
427445
23299
100485
9838
77651
902
67574
1846
16583
128062
622661
5474
7990
2879
1513
8025
148571
6384
672714
59388
1445
52283
33293
13247
56932
6660
132412
3336
5467
728
336934
240393
2107
156028
52821
23329
4522
100801
94998
184642
701828
161697
31363
159289
45312
8485
223688
17242
7516
70436
260111
11
74294
2649
72547
357514
63119
986
68
192195
290340
846
113847
388115
294613
189202
481642
661
7621
298640
2101
139746
198964
60451
4354
248867
87562
45160
84240
4191
17824
9291
56025
72729
8109
1022
27007
14318
186100
39871
56371
7025
18432
10650
11285
2987
58793
471677
126655
1020
51522
36721
36307
2756
103802
64083
225633
39374
847
397034
85712
126985
20134
49048
890
26150
661585
280075
6319
30228
5941
3854
599
2521
2137
114261
3228
29990
4684
16659
40486
168511
19753
57867
38182
67764
40117
550071
31706
12197
579934
2256
78328
399309
17731
332774
455960
169274
201256
60195
197250
2636
258568
459078
205
404705
383420
175568
111344
28728
621226
434
199342
40936
14387
35875
697
4477
242200
25704
4844
11580
195964
120950
379615
14015
6791
133773
5422
7837
4631
239789
30510
780
24834
15053
28632
53079
937
104832
414563
103202
11431
50616
2985
1035
503333
333505
86411
65934
4583
438831
121769
443241
39115
59301
6728
58532
9271
1312
532006
15599
11758
16613
356230
81923
133
495546
93763
279
36038
488940
15646
19301
40403
58312
7808
166945
21580
396399
16150
174380
254022
105871
19642
4608
417229
95324
339003
20311
4268
68578
39869
81902
571783
1726
2889
2579
278148
1744
284551
29411
3781
67417
308099
2809
302952
9464
11690
18633
41840
645
560009
102391
67055
41653
171638
58819
44356
105885
49684
18016
413
4081
14189
263716
9437
344037
67088
275269
283412
533664
5009
557240
143098
26125
374701
74461
37635
40451
2362
116145
332980
14510
106291
12698
53053
45445
8346
407982
62928
6287
284524
194807
161103
215737
65227
102030
351287
2585
21973
248369
10532
69893
116301
1018
15491
167280
546112
30625
476
80948
18180
27688
2384
114311
45801
3349
91164
18001
11053
109046
359943
10996
4648
164606
50425
158558
33449
242306
266448
9209
511422
376269
103475
301176
135062
5658
139594
125
359214
36956
94981
18345
241446
43732
2559
83813
30391
25223
118321
306661
783358
4459
45431
363633
434462
553765
7147
21208
96919
3610
79718
28
1041
438331
3038
6279
13852
5868
903547
1736
106095
149023
5227
534393
126
14007
1775
7125
3537
7639
777378
5108
188425
211647
87119
39801
1810
2753
4414
4428
6083
43613
139417
520749
123324
47430
626416
4030
83987
8710
265509
54378
244780
2078
630602
1512
1066
32485
7976
21063
24956
334616
720934
533637
13251
4015
50557
227948
257122
622151
23029
73783
1861
354118
37882
25344
123166
46639
554021
220239
458252
7837
407
69046
711002
308701
8966
161529
27710
60792
39034
615142
523
75638
84552
21912
14137
12867
3448
4331
136153
309599
3040
248682
354913
518513
8196
31966
86577
18047
46897
1872
1847
2476
1146
428221
101320
110388
221447
336
232735
418705
894205
408648
602071
351500
314665
391583
671677
174268
49275
175519
233653
303012
2670
2353
463910
7154
94247
7173
5008
30526
50126
13017
55873
3820
21377
853
10373
45566
2800
1404
516
33393
458
280364
11048
131214
237039
8030
96229
516443
273895
490552
409836
395360
7058
80786
125664
4602
3471
46710
17157
552929
412
47442
832
233993
7180
743555
55529
71193
3178
455953
155216
10272
4327
13549
8677
1075
2932
10872
750
398433
133991
2640
47080
3040
113586
10125
123867
10859
1053
230718
68129
9425
288653
549576
30324
22613
6337
1471
16086
131003
3988
41299
889239
21233
503
5222
641847
9269
172448
278213
32559
163026
48566
19996
48676
4668
29372
4469
7460
50417
7523
2882
79620
139
86117
40427
3949
126286
13948
6330
2412
257107
152551
34759
747
333204
116070
41653
818029
142926
89656
1558
7
42290
114048
58442
1078
31838
4597
71230
564089
556702
79385
448379
288707
279818
27895
56641
89979
84538
552146
2038
3506
116945
15378
3774
640297
592193
31041
3305
11343
122298
4050
90933
529088
12581
120773
710595
7331
37383
132642
52043
2937
308434
78742
253732
307086
6814
3674
72951
541152
341193
3780
760
19545
244177
400964
5925
38036
599642
3094
9263
47067
134830
402108
6927
466300
187189
87242
247286
57785
13079
78
60481
5523
133082
11432
136557
28783
2569
119438
38365
199683
53271
9052
3913
24683
631263
101688
140095
12279
373092
11466
279732
2975
444
45379
787
149684
5065
2072
3920
17477
1154
199695
76863
2359
76686
6028
3443
12529
24222
64817
6236
60451
1589
1589
273961
6318
21026
81192
127536
235244
2670
5887
3347
298674
660613
350815
16410
109807
385819
29994
9968
86856
106571
77310
2587
105584
21403
847
94105
6456
162775
45217
40994
392366
5749
5928
4201
3477
79792
628313
101544
371550
78289
10179
7541
448202
3597
8402
40821
9315
92300
67658
113808
334881
2290
231161
387
5084
450698
25001
440250
1384
31423
208896
530
593578
288717
81331
230937
14506
131726
45566
11798
12108
219788
256633
4360
53343
142347
204
1502
265199
11217
6882
6348
12700
4493
39878
7560
12140
130859
23289
31781
89
69310
361378
298299
2027
2859
8485
331154
301366
94631
30047
48875
5856
257212
267090
249588
4209
4644
172158
78010
829672
495369
6221
499266
37195
618997
320927
293818
165004
64195
10663
6006
171840
200911
116756
278141
71811
110633
43777
120837
16079
11509
11305
7159
55362
4453
10308
139331
21121
119687
56691
20190
177457
2704
7600
218003
3085
267
50157
64265
301
2554
2283
922863
10643
321772
69341
17914
2383
6809
14154
44374
42834
8099
52385
5584
386
8985
384117
8116
7511
54871
218854
241966
240780
3142
5831
2218
207911
1959
3098
18824
229579
12952
23343
94539
399339
26085
123191
154444
220084
340574
146894
37349
19359
3006
8899
4540
537159
9862
53371
61080
839112
4371
132571
18588
23510
952
30743
8497
282562
14241
22131
88378
11446
215280
63716
3047
1989
5062
1124
36273
187905
11240
54988
343307
86830
1750
130679
330470
162916
317413
207224
5205
386555
5105
5894
3329
3
9833
106790
350758
5835
92462
3276
6323
2638
5276
6360
3697
31550
3187
61394
9289
126237
861
333221
120129
1760
5830
165398
172770
42597
7036
71569
9543
262980
8178
1244
41353
9163
1257
63434
489
14559
4347
57535
70606
200024
6164
21044
13699
64447
7422
203749
26943
222213
7185
13864
75115
2257
5129
2440
227519
52981
182738
108635
367293
315835
1614
61189
576547
521976
428689
12375
348463
33121
24905
3087
299
130214
75108
17227
24676
200195
7460
209936
399432
5780
215
47893
382146
15139
499374
3167
10585
193355
10747
51393
178087
34291
224953
7028
4352
6937
15632
173477
9262
63864
6333
53988
316716
4475
123353
7347
210420
2079
225940
67142
3642
5249
557231
28326
101018
127987
37160
305021
339699
34169
8267
7495
451474
8833
11437
43003
128120
341078
80305
114170
32042
5875
4986
180349
49450
199790
10369
76885
235612
2427
19003
157436
138041
155177
145286
256380
56754
3731
5173
6161
790
241259
145410
27164
543513
10327
258717
3403
10733
262456
5262
643
20
2698
28951
112724
333826
100626
3797
7114
72607
262451
78336
33604
7155
397
71363
474767
1089
858
941
9789
2345
142352
1120
323685
34691
272111
425227
131041
123780
7389
4397
5623
145453
42482
88203
433041
173264
48709
52148
403698
682031
4267
89852
3920
185162
7972
2539
2942
3059
2342
9674
5814
2980
4226
8241
19875
169496
88961
6709
547899
121950
339980
7819
73060
5968
2037
50582
459746
759
662596
47410
11105
68956
29413
3701
12661
3282
47632
226567
329635
119874
159594
7879
418100
3747
5462
6927
377
955
107807
278788
210
142080
499611
62979
197746
8601
136551
3624
67755
161927
9907
7748
245178
134081
2118
8205
8164
219246
2801
2209
101372
5065
92996
4513
102409
166006
7704
9467
83695
2173
539977
13590
5622
3079
30619
115061
105146
212210
46337
767579
236602
342772
48548
18298
73899
413604
31270
82855
13590
3614
513307
12603
124047
21022
275892
755
2602
154545
11806
8677
284979
54199
98599
10101
44509
5154
59532
2438
27305
247
11571
741147
806916
545752
531712
382324
2652
123655
178806
3174
52444
106219
1398
214640
33383
113281
5477
407
562
569235
205680
72608
282296
5720
373470
630345
62425
94233
43231
156
2198
1824
35705
692
5717
20731
15926
167445
16328
29206
35840
2296
88366
226094
33061
37631
2890
519354
62991
5420
432557
11103
14112
554407
9564
773083
110885
216474
40997
28221
99477
16396
83575
25743
436038
102372
429465
257492
9853
3514
195581
147405
36335
20320
7821
85860
13468
246241
851443
9251
51963
763
397484
11134
38640
78609
84048
702141
64734
22187
4562
4944
585895
126165
219844
46983
1312
6629
589684
248923
288879
90432
5778
1423
255482
123885
16893
219888
23392
239354
6631
52275
187483
1685
34957
4221
14783
34726
252261
4447
1323
486452
12715
185635
770705
426
286503
429200
9442
10572
220104
158742
944
20322
260711
228571
259356
287135
1216
446657
4668
532879
582839
1257
2548
141102
2227
297394
107176
7100
129380
24696
57895
42590
138737
285551
317156
137418
29065
5359
319
33
3159
117369
9149
72111
101478
154278
491236
1823
59172
85406
121633
44455
385490
641812
5502
5360
3519
7020
49898
127443
6710
347463
37991
78530
15087
4733
299087
10603
6150
765
914
249094
4550
7464
24225
152379
87735
85385
381860
1083
221244
215642
289121
2092
60891
294
183987
11178
120992
241277
538925
7855
148527
102474
3036
7755
2818
17501
3874
339
15433
142876
43555
12237
1047
4079
139010
390
186420
37541
575013
57678
250198
7196
419
275722
1411
146072
596733
3840
41932
182201
2077
298563
406
84499
42143
3999
43885
21832
304768
2684
344494
83474
35200
190851
165896
2367
120605
73692
12063
43985
375735
41297
21711
3783
12654
4383
106270
624250
396026
53469
6706
19142
13907
457772
286148
68
155897
14043
4820
35199
42189
73
16586
745
99242
3941
19139
58050
47960
39938
228329
6124
5819
259796
185879
231194
193723
257198
18417
1679
41347
2520
3232
76227
4200
14161
8854
524215
119369
6644
2688
1574
351759
39416
71721
113488
664
502295
27873
7380
3251
190
280243
10379
34561
140628
156747
109503
244747
49606
4073
3796
15297
704932
2004
23096
389990
522702
3566
370240
173971
195894
4263
253187
3511
84381
286441
296356
82558
80937
448
5880
479032
3261
165353
195970
105200
5339
688833
138637
171203
627
81082
105220
135288
893
3668
44
20379
169235
1587
17992
330552
245839
11628
2270
367574
33055
2500
177021
3333
350145
4182
11877
56204
192928
1361
2090
462187
12348
3631
132638
3732
690
6918
3103
144794
472623
216796
269115
19794
261903
3181
114329
210368
1298
8794
861
91939
204794
136194
134038
179448
5491
7561
4506
158003
38274
29989
20517
123472
583029
3041
28113
1564
170940
8919
18219
3843
483703
4753
54805
150535
3260
742
12648
27971
9511
16226
503245
3356
2075
58322
32239
623886
204973
26636
17836
3940
327482
203072
365858
5416
6518
11367
507367
299543
11422
86334
2554
252502
376804
49
281
187950
9130
281478
1969
16916
5595
7396
6097
14653
85583
382512
944
51166
128135
1439
56782
49371
341897
646603
122026
2636
27719
4515
140262
111322
76443
4609
3097
86736
105941
4811
11013
2433
361184
277933
335643
230333
121017
365357
4454
129297
1244
3406
76706
46
14486
6017
1153
87852
11083
71536
46951
11808
5359
2667
956
40511
967
130888
3745
3091
142731
116616
219277
190064
807
11912
371399
118027
117858
108713
52908
4016
12460
3987
493011
3522
385104
15197
96529
310238
3173
300794
88194
5139
21801
273521
91339
935
1500
10217
123991
473450
4084
17199
772167
12268
2500
239820
254322
6032
3283
16989
71060
91095
9778
169905
181549
15257
5037
52391
460686
11475
25464
341043
111383
617871
365502
428065
1011
81792
1813
715814
670
1077
3359
8575
88997
363960
704245
21833
8015
5194
391014
363832
222563
343537
19614
3301
198108
201
99690
90119
1651
11818
281353
63681
54679
32367
159153
25045
2591
231283
267873
6404
3763
72804
665558
2718
195224
185347
98444
33284
8025
558004
125020
373291
477398
146559
2538
20076
159334
174236
1193
13177
5097
151584
4467
98002
37338
2968
553546
97797
47
325
191
6319
346869
80181
128331
68084
32867
14626
391146
25466
123
402708
585550
1941
119724
91054
41175
317548
887
264078
2484
6905
214742
633142
812
219595
688046
3322
707012
326698
4012
100640
154357
352261
283
283844
52817
4571
124825
71034
512059
34133
181814
166079
517835
2726
3406
287070
894
59816
27916
79021
101113
3184
507635
161668
3541
4898
25119
566040
22444
179586
8059
45774
39172
5713
6318
70388
2545
53923
300126
455080
4777
70585
33415
327038
141948
1883
53568
13775
104501
776340
682270
877
85810
5127
8100
80047
291
14682
284571
33729
107167
4567
633941
292384
5677
112034
448307
5124
89916
945
609389
230018
592327
1166
48473
142619
7725
150516
248500
11577
62331
283837
80006
4957
9605
61701
245616
60264
10233
197892
20790
122253
4036
168899
830
14379
616854
38189
3197
2334
238452
2406
7799
291160
241760
478369
46500
678258
808
2610
1511
275320
97225
1304
28081
72532
42638
15212
149911
1789
6678
283439
308294
8059
152156
62668
7304
13060
103008
367890
10548
2756
44930
6898
142355
280043
39479
4812
295298
20429
4579
43397
167801
8845
109600
110810
1385
8732
236464
7926
213073
86053
18109
1973
82625
802141
1141
2225
8440
24228
139873
48493
126455
33778
297639
186700
2734
357223
1423
859
112875
10428
305224
233170
715708
4766
28094
159034
439999
129796
392191
7045
132134
530062
50965
91615
375997
40776
111186
149416
55418
38656
86969
21451
3717
57854
445903
13417
206621
6840
144475
714774
398260
470551
129300
114679
113894
79355
9499
169969
12580
8366
867
56357
6281
1073
6977
518
132120
5594
54144
254842
80129
14012
182525
86528
122874
3671
216359
247440
4697
52730
16327
60997
49397
45076
5393
347790
51142
408499
2092
3781
45741
52520
325057
1446
5656
106719
2130
26887
364543
897238
19272
35622
5256
1404
14469
174690
81281
205202
113142
123011
65156
414495
72366
607
136225
39793
394786
2770
224339
202837
747438
22250
636019
217621
7618
28824
112976
5071
1345
34987
558931
83058
26815
75547
795059
38421
2528
4020
325
5739
87899
135
593637
98371
1742
405755
29127
151908
184850
84439
5333
7500
342957
3945
19520
12857
336730
6138
260738
217076
9316
82759
579798
4862
2798
92201
50569
1416
8831
162169
40449
4121
11617
1002
76
410832
90440
21337
455903
2221
110214
20079
348873
13397
9179
2254
2466
113765
17389
18078
83101
206382
87691
96813
49692
14523
570404
5689
10194
118051
151129
273209
87742
219779
183423
157876
1239
396032
176628
20707
177107
131071
34660
211577
271202
71234
9431
783483
413080
12494
36659
6836
424076
4148
455801
214
50861
20834
1713
117186
6749
170196
6286
140130
67007
26
92714
7834
30667
437697
6441
8596
341307
147740
8459
98474
96616
595
234661
7101
2693
319844
50882
412843
20096
33832
748
519949
5263
79301
2155
13546
335
1945
3027
73890
5753
4398
78913
108841
282395
234850
98608
31706
318610
89314
6955
388792
3998
53831
19813
6653
10254
57325
343525
58334
322463
762
38683
444176
22320
489
1274
133353
46246
352832
328089
151009
366396
4639
8846
860
13995
100451
657432
492690
5997
6693
5803
14575
233923
183770
3198
206667
210559
38749
153665
230216
6400
64624
162476
674
229073
1174
11954
24929
83060
156626
1390
5485
1550
327938
173911
331683
101554
140304
154251
681
11151
155365
37530
183058
6141
136597
444908
305232
152627
15448
25880
68107
159359
5202
3026
229197
208407
28419
96913
259411
488206
1991
55972
33023
44606
3563
8193
1054
1888
53582
84168
5208
5398
594083
11247
5076
794415
1695
83648
440051
241479
5449
262166
35121
247613
6059
1470
2599
224300
3873
280309
12366
1825
107369
35771
417
106586
721074
234606
11159
2027
383346
184130
2925
31690
5762
237142
5299
246032
110994
30608
8586
41350
571261
208762
55931
3054
177517
270578
108370
27618
10849
808037
9332
558
681725
231627
589
10687
777859
12388
2743
41088
420311
444820
136658
239333
59043
1956
91251
1709
2178
11667
26677
82712
44105
46509
574865
318624
35254
23128
335564
34468
2398
109400
35408
9433
2584
93672
185859
141429
10814
1701
63201
5828
90004
5407
516429
16643
8398
1460
33173
4027
46914
1191
5310
29452
44040
814500
2596
176
152988
60948
14850
169195
39612
22519
359833
1796
267447
62756
36333
132017
46276
181817
3683
169436
32627
26834
37604
12991
46403
8381
6996
78891
89560
325251
5032
66694
2558
781
283584
3663
44096
1296
70047
4949
163573
115619
709
75422
163157
203990
8125
390737
147872
12925
242342
30220
158879
678
326355
294145
12820
10392
2983
227
41374
8149
775
2051
35674
92109
5924
3956
316493
1581
178743
324078
25571
353692
20009
22823
35738
448357
249733
54907
7323
63628
728303
163920
259469
330475
395887
2694
7861
11604
180852
34894
6947
10106
12168
539
2815
716217
127632
148823
52787
28931
107191
6697
353675
34590
163204
1331
5212
8139
273001
82520
7442
14311
95403
9456
99123
54140
467715
303434
18723
989
110537
56656
1072
4320
470462
528192
254234
17986
253227
73426
576466
281674
177226
6773
62
82329
148285
8011
656230
1882
1083
248
9216
715672
11638
104039
73
2269
133362
7987
63922
13
10658
11686
15976
72821
246417
179270
2206
9584
60383
10954
696
132350
4532
569078
26763
18306
36974
5823
8569
10450
370
7691
319578
1148
81983
134111
333
1446
214
56600
21100
231753
92620
102915
270305
207552
293141
11454
10671
13378
27836
3365
351316
4301
93416
142146
3169
116183
326227
715731
214
2737
7372
45483
193590
62392
17969
443588
74019
26229
105431
5716
3234
253915
353
3493
58394
126049
713
564294
6388
244203
958
4645
737718
7977
27537
244693
8454
627983
2269
21664
299769
424863
444223
92868
294719
2480
1669
98649
43838
47679
31193
87304
31820
61610
349345
12060
931219
6310
56534
161382
62446
146268
670
78533
90290
102145
78383
173989
7383
155
169917
85685
11037
20900
7513
287560
112511
19071
140717
195253
74451
11454
70042
124678
8826
32600
15553
336168
223299
15703
522
237191
18470
85078
25858
180027
606
35881
4727
9336
12886
6370
119772
1671
7771
602176
435
2709
16456
8979
204413
7413
349875
435289
134524
228079
136214
171921
7165
221326
8267
308419
5069
366298
34407
3274
86175
436318
246489
156494
96138
5907
268390
45465
18096
3910
425
20506
58571
26
10557
203001
180299
6337
1514
180476
27170
158876
4812
277048
7214
85574
521
809
218609
57578
247452
2435
35738
1170
32544
375463
276493
77
6447
1491
331081
8002
2504
538814
1915
131472
12566
65411
4072
51896
106165
642299
156593
12926
387546
158075
3842
5487
109569
47373
37212
437014
6648
129041
703917
8303
4668
268150
40076
552037
77810
107
9187
5761
253117
4285
9421
450518
112401
100665
9208
6049
79334
125718
6750
152809
157422
13317
53174
6469
67695
13831
565
3186
79464
67026
5424
130696
53357
7316
53021
130931
41636
207484
1253
93333
4419
314669
18677
80524
7190
8748
306097
26644
43558
113558
101530
93953
9235
1622
2026
352501
205864
19001
13180
102046
98062
100899
7434
121159
5643
9539
98943
378215
70894
10724
2441
184235
15751
9127
155004
85034
12148
60903
528623
494
404642
230708
130665
2114
34985
2082
680025
1101
85352
14298
15008
7067
8808
3385
75663
544751
171033
223366
96263
4309
2194
23670
1504
349506
11341
84597
88337
2512
239139
3211
17510
1232
101649
182072
2050
16831
38892
9025
6173
73055
472668
356
107319
75768
2596
24908
47424
177707
796
58037
85118
124394
78541
222851
270906
3418
11406
2393
4690
98158
184264
14787
116596
270
183787
29882
250952
92647
5094
153278
14035
318819
23021
5287
586384
1214
136654
228835
719587
97891
33
144620
206284
38317
71370
287193
1481
13985
28651
877
10320
2929
9818
390
80593
210993
26317
260128
3469
161875
31300
721
2952
170729
42263
15192
80828
18892
8465
690
15990
190787
723986
2321
5431
114456
2177
5220
52661
8188
10316
20489
1059
12860
8036
427884
6066
267190
2228
2123
552670
34955
3431
15043
787761
22543
46833
284065
699
61003
110860
30030
10153
394936
5675
777
19
420174
71650
3694
3118
49540
144425
322948
1563
124944
523139
117855
20439
5643
2123
87561
2214
621773
3792
168430
93
66979
69789
47666
8978
96888
16532
61441
1094
33006
743316
15239
213353
3975
961
234998
34807
5367
995
20261
361918
1307
1918
121511
13900
451272
11242
9854
2125
943218
2038
9723
1370
18300
589950
31117
137447
86128
99642
836
16449
381203
212089
17144
58812
10999
3933
423716
52934
995
42103
304514
61608
275519
523
15444
172000
392438
64623
10493
224401
521946
49512
3314
11653
130714
28095
398216
1829
181489
216749
4003
384
63019
899403
135153
17394
35546
8897
231149
30605
3802
28912
4501
11635
12050
2284
203140
266663
577
11149
5727
295928
713584
30104
32452
76924
242629
192070
6239
133973
41695
44799
150853
10825
50326
204616
10162
7873
48697
42267
20162
82011
8193
14848
780284
235
412683
3736
348
845950
9311
179916
3950
690
87453
216817
197539
374009
4511
6707
35341
1269
2167
191685
8519
32510
7222
118678
178163
13222
695
8531
858108
58986
91
36712
24105
39915
6819
34311
4266
38192
387280
516
32780
158272
41441
9869
3852
26551
322661
1800
2413
440106
1580
89160
75323
470994
5451
265380
99840
1089
141589
40800
111802
5652
2659
445288
39047
254746
2943
82454
159385
4535
52664
2309
146087
149245
24224
45918
180950
32608
3188
20356
117160
8692
30153
347173
7141
61
807522
348126
445805
9640
1320
106684
1873
3017
5174
679476
249103
68209
82491
5612
7165
137226
244947
486
133995
191740
40752
199398
8212
2699
12998
103495
4313
2796
4159
4887
3661
59054
99855
5471
8125
6584
82844
8016
1650
13470
21938
109608
275285
8674
649
171453
533739
98055
8810
704661
39609
14958
1488
10281
1450
8458
29077
61030
1149
7486
496
235996
402588
6886
40826
130468
1885
166577
17514
7103
13827
93782
95512
1878
392230
696
2277
70730
294199
140021
1557
8605
563508
39253
25089
63107
11976
116638
31847
396600
19680
1171
149049
15192
256129
112606
1487
380
1515
8788
8286
344510
6002
87740
43248
267285
3617
19
469664
167293
5288
3900
28983
4944
17684
6563
101111
114660
2270
771
3219
183105
90
266116
16774
93633
843
5676
283021
199218
1383
2914
833
7551
252623
81175
12690
129183
121179
12693
54520
29883
1278
244334
72982
118538
556860
107822
247076
103303
554817
76654
173409
57435
198528
163408
140929
582
913687
94582
8257
115630
300018
3124
332512
605283
61
5774
46239
111120
569865
18821
11733
331003
5222
8226
6749
10266
653
2958
5795
284039
104779
440014
705562
277524
426211
4944
3146
417307
1361
18488
2586
23989
59132
59754
57484
2350
24548
1855
222419
429682
111509
10915
6143
6583
10286
2972
364353
1119
190408
95959
69474
4910
31609
88115
191143
58536
6468
983
522206
99681
313426
183285
72333
240283
245109
561619
25871
71134
99530
82219
4638
25548
76708
798667
45303
1861
4379
619268
1103
299641
903688
3904
193223
164653
8288
158712
154551
64761
13386
7811
90189
24475
34075
312658
532
2753
4226
485667
101144
225436
7579
907
166912
277697
309935
91489
10524
726004
3782
198241
22976
70673
7754
100615
5495
142953
224444
46828
424870
140230
95157
122270
5919
269829
20649
4774
52922
337165
36777
36726
6450
70405
31277
20055
6531
52119
993
18821
3882
3336
4490
150539
167345
1672
374355
5021
202859
6650
8535
47284
2001
7109
22796
245429
36803
1819
82574
212937
266512
2676
16927
15602
719
4199
470183
40118
2877
17153
133310
219805
2114
13620
23620
55407
254141
268934
2928
313
135914
3741
1057
8472
277363
27474
3583
160381
5415
83044
319823
8315
62178
627708
12236
17423
2170
212118
378446
2367
300365
31062
514168
4433
5164
38499
638
92923
538710
153355
2246
72217
3905
146032
164794
199931
91092
178863
40125
107730
52617
113130
528
20219
816
677
229726
37589
15163
184337
541040
5239
1254
13226
10629
435
22770
1192
10379
530560
66786
113141
3168
16500
230984
156768
4119
4538
641567
5702
501904
1374
215134
409579
280744
734302
14106
69608
5108
404
3458
109349
492083
208633
5779
1298
4327
160201
6174
7398
5190
409777
12114
119614
11174
169932
23872
3220
128800
2435
94856
209580
292197
122259
6440
134254
11631
110738
13338
461
165258
232625
260157
208180
8561
1179
236864
116075
174002
51484
122761
8961
1130
274989
89959
432011
332880
17398
97458
38934
7770
20627
37576
488
61
472946
70527
6412
2805
216802
12656
3443
2862
489209
354852
359346
202877
13586
71221
16095
1439
5458
401
11722
90
62811
4629
190802
37874
96063
230
155177
3749
432371
6676
13200
5225
38720
576357
955
2311
47566
5395
11419
28173
9695
14623
61496
122515
569988
6119
312524
495725
12566
127712
11758
369878
6430
103463
53367
697498
5823
346094
2453
7498
6434
46757
998
7502
42591
61089
8136
400435
150974
129271
121098
58452
51735
85516
62432
141684
8913
15010
63716
12984
125568
61130
9058
643748
452693
316200
4095
7812
10614
29459
75094
33493
452018
81094
117261
117276
69380
48783
7486
87304
342424
12419
109318
8008
36794
2307
49109
7099
155340
227039
25890
16768
397285
248908
8856
44155
73546
3793
595142
38661
9477
3299
179326
85797
287356
3166
4477
69251
40340
8194
442384
433645
1218
5749
113077
11055
431783
464137
353203
190711
2911
4875
16179
8178
223558
25622
717904
41068
114652
6788
174848
43663
11717
755517
132307
691013
22810
282590
129910
120062
500014
8260
12286
4524
25249
2876
450405
502831
71398
7574
2524
11653
195908
74725
2438
137947
264932
6264
31344
10796
991
749155
137325
479924
226
41
136416
71
21890
111310
9938
7561
8343
967
66932
577179
315917
471602
15071
200572
3731
144398
6875
193
152421
1770
2519
1816
96726
200794
2686
365502
2425
10262
50007
69068
98249
216016
6430
12077
5053
12553
13074
282147
358475
9502
2388
148446
653433
90754
798
157165
4788
2321
2293
7675
38606
14145
249
87671
42358
11978
5532
66892
152526
201773
2269
433617
186236
4047
116626
21480
479327
8173
239535
4643
1064
221
107276
4979
292215
390
5548
20168
2499
2854
7898
135236
3131
75869
131726
80809
7813
116784
6017
13827
7339
17446
5132
619301
25383
226482
6235
2970
37082
7203
1356
72815
122583
546273
818090
73844
236836
193441
26145
524
579501
7917
24309
92760
319471
8611
17522
2428
92063
89156
47263
1350
27954
110302
59154
645754
85504
110216
159000
152999
205791
6841
305308
7742
318877
50899
99267
34858
35255
537987
23515
44380
144938
19239
313254
517947
95642
296327
129159
8407
19566
30901
91571
114215
7454
496670
34499
217073
371801
8381
193508
77489
35368
239
3490
62986
451091
611524
142654
7429
508164
6209
43781
19988
2961
23255
1913
86814
5097
54096
406943
3760
381643
67875
106051
457268
328407
799318
166147
399202
540561
421863
617066
40251
1658
570
2549
4875
2933
152205
460161
180413
119866
37677
72352
29075
19481
460860
260839
220072
370718
90025
308697
456854
79051
23
2602
11745
8915
128488
132539
4586
6660
16934
8972
170439
591083
77614
4928
3645
63640
152437
13616
154
116614
748923
166750
225744
5691
694863
13065
20357
6367
3381
85177
426101
1657
428326
117732
723
925308
198873
28869
50036
1630
41310
354577
2407
11984
87979
21388
211
183663
157567
191643
179511
39605
4844
550473
215875
2452
252208
25257
65862
240718
71182
429712
47515
59626
280292
262436
1392
2971
5568
1342
58891
68478
176060
1086
201564
180228
2967
41176
59380
71721
499333
8367
2021
9633
315742
91343
207604
552690
30642
570
646
245
70312
68891
385528
744608
6735
9632
112983
1731
212709
18749
246946
5672
60701
35703
35454
372619
394960
104907
271981
9385
10405
3011
122364
20232
73881
47631
176232
63589
291
23314
1585
806870
27262
5629
55358
177101
32802
3954
190592
48936
358525
11152
62310
302386
26140
2459
78930
16945
39944
667640
188976
343508
148285
22757
3725
188609
4024
2357
12712
535828
264841
46111
517306
241223
15839
82996
165
46027
8642
8563
98910
34724
70105
283
290024
88420
30467
4475
4555
16780
6140
2418
103192
1208
10188
457884
4650
1990
76050
48371
8009
49694
452415
734489
5448
7869
137560
2471
16906
15508
151950
21288
51226
589520
113926
99102
599360
20736
788357
272
3113
298875
71659
3401
29395
54382
127233
9266
5336
1427
119615
314405
92214
84884
86584
129220
109363
87124
49476
473912
9926
2028
114541
89125
64122
107862
58690
136888
36695
1637
65506
1275
275
27200
25707
4798
44662
213138
470835
215148
3167
40127
145428
7050
97853
5154
42731
114127
69855
10545
357712
423808
305162
61445
13638
91253
178150
80267
1882
13944
3462
1656
2942
12561
123997
494770
4541
292
106564
208774
14575
939547
17644
9813
67719
265271
491
86195
16601
86841
48117
26969
28044
2463
33131
1740
130211
7222
315254
53495
135133
37227
224823
52650
3605
473178
25781
153910
5530
152852
115129
307645
358027
254444
303229
5648
8336
463458
16869
122666
389633
8342
17079
20208
45977
17598
11636
29968
4872
197795
3050
177469
32527
4814
177858
407304
9706
62937
69367
120710
115511
431863
150900
2690
12116
6969
14196
12242
267800
362666
4520
3507
6299
658
129087
65849
2220
288670
4407
128316
28273
328798
82279
10150
7447
210567
427969
3917
9227
468
665807
10168
409130
6403
10677
6535
316723
9921
6021
466112
13355
8661
154821
5853
107888
178086
4198
167999
70274
159902
105995
132421
55038
3278
3908
4318
393843
27311
53031
72833
999
137670
1117
120525
78509
343221
66159
76927
346323
6526
270488
6480
10020
10111
111545
142118
277675
165190
26911
150511
328347
1555
10094
38024
26054
264469
82463
86292
8889
8208
113013
121565
2545
585631
649
511836
12897
55160
5004
33250
617277
4103
380970
5100
115173
2434
11012
403982
105073
3995
137428
5764
165132
271291
7440
20874
341836
59500
88232
266318
9537
159455
108
1894
2578
131924
322
3872
15605
4049
140351
158618
151395
26902
6237
350
5140
152105
1569
17368
96455
1690
10585
648401
13568
193
83104
5522
39858
74933
500702
5505
6103
2771
164591
100846
346853
376970
1093
255562
17754
90554
15792
266081
11781
13114
2672
3193
171742
115286
634084
1194
113391
9575
89896
69913
89814
35042
250529
28476
6218
87
481541
2249
19338
466253
167633
108698
32212
4813
251
7228
32296
21369
6224
216831
8273
134373
3504
58065
145246
4862
371463
1512
266388
15295
1778
529
34520
1223
165149
146393
81960
341177
30784
79193
4709
104455
37454
440420
282475
617334
15381
12466
7539
152470
169012
4726
11821
94463
14224
50388
13111
53181
202144
117001
75359
1649
200
3451
133049
295211
7314
31564
136316
84641
888
57533
392830
739
426011
67326
1532
41588
1795
26039
25223
715
11532
108387
137751
52055
297283
216112
186712
2431
79101
396380
32130
235566
438283
403564
714032
78462
10430
99277
933
45595
140870
5787
98088
8478
3088
230683
73795
191257
3294
431
504
10923
577505
111724
97489
27831
26872
732300
29167
236935
205450
25623
65659
408621
20357
377068
310661
158863
5587
177580
2485
276387
6657
324425
4824
18822
344628
6819
116762
127
57805
87096
51231
93351
162576
861229
20048
167907
242181
86136
16272
2456
7126
16408
12062
868607
5937
2395
2346
50032
2389
5586
246
43796
103601
987
4845
2011
9302
114975
147013
6670
36374
5265
187137
43519
116222
58040
5150
1911
21933
4055
9342
412993
1785
23707
425338
1226
383519
100967
263336
14068
91529
13146
44840
9789
25622
30255
753500
275
7386
5139
8009
33587
41386
302492
52
1833
294
2704
55379
167720
8481
96611
81744
377139
172283
185978
18417
47997
11264
207143
201205
7239
1331
94981
546888
2464
255181
460113
900
177859
4466
283638
142939
24422
475406
526926
6000
499995
383
2805
125376
1847
125404
4163
132292
292052
91872
14853
76927
3203
3189
29968
279169
2618
387202
29305
572340
1873
175811
3775
237398
5340
528909
2676
7260
327142
265165
716
7264
427767
53640
72081
3003
45602
25652
182271
156538
264024
73760
207578
129299
188
394740
317209
183890
94801
9647
10913
567
151293
10741
601529
3554
226573
8982
5298
1901
17007
431345
27520
2999
17947
176097
182356
355851
47894
2893
46864
3344
202039
14935
262808
164217
97738
252
79547
1761
88080
4790
3605
1294
7492
519324
152873
2688
13898
593456
4545
105037
66484
22297
2670
20726
808
46620
31553
2098
285875
5170
23009
427002
662038
216401
838
989
158173
15142
3031
330981
242631
52744
66441
220
697205
36929
2520
196003
96960
191831
270389
181571
670306
5552
19742
5214
90303
13264
145788
121319
13861
28870
923
68949
199902
220576
650
4160
2519
7098
32979
83993
1149
63371
405135
196933
64867
174322
78473
166487
67482
406239
475633
30080
1197
346638
134150
486
336643
2310
8460
25288
977
108528
23606
1055
185644
270746
3995
212758
415741
54259
223298
410884
397017
833
124543
7863
83152
10731
381847
134626
57164
105156
85921
214127
68755
103928
76972
253220
9296
26645
303087
242162
415785
391280
201534
405252
37616
13971
300553
114140
3426
58830
79392
60302
175175
72018
3095
931
48752
1489
7503
25917
204340
30621
97598
6367
60532
3460
779631
19661
124338
5805
344966
2984
4117
392611
35570
395711
1247
199577
498223
203528
83993
6026
355079
377986
115255
10445
272
661354
9667
215216
193420
21606
60221
1131
4803
78
66813
22801
56166
197
230719
16166
405742
4120
63283
2929
1871
608
10628
6951
36482
225494
64623
38029
15628
3677
223153
305536
69858
7627
37299
106815
51854
20318
11879
223113
5482
10511
61956
98961
25505
923
476906
7921
490997
71545
205045
24353
16815
6729
7609
166498
19544
1244
45139
295022
99774
90314
66433
4891
53281
140448
20096
31596
193118
481
1855
10228
3572
4269
212941
171
2547
3841
311436
173246
20511
16253
22554
2949
2614
61595
170821
300806
119406
6385
19991
118773
22730
135857
787
60
50869
20140
30078
8512
2354
325887
152175
368094
239287
238857
427763
5367
4022
1440
305376
5783
768
8117
317927
347781
24330
3219
197571
1046
106342
228402
7846
318637
3314
296350
27804
390861
32
558482
2279
275
6721
5461
6099
32695
377990
85773
482
56610
11679
99127
3383
149792
263696
155729
46370
197717
6813
275611
74460
517198
2026
185672
212
5949
106877
9788
16796
105265
167
5060
2105
451459
17175
425123
43190
3083
6925
16984
191933
71198
98915
202449
126341
6043
7436
162902
207939
36960
1427
22919
123678
265348
305498
2324
22150
28417
14884
576
11121
5119
48270
128655
303322
493
645480
17265
46759
43224
656
149
98524
765267
127534
270988
3934
183891
8155
1717
110181
40070
148537
625
496490
626349
297301
102164
11769
78042
92903
81666
8210
227439
300243
5046
4
425765
523910
258674
208424
34871
9601
82188
164828
129722
30343
17569
282354
127555
662708
9783
39256
87522
365942
88436
216026
10337
14889
299282
14338
1938
2790
2277
30225
39764
7624
9172
106103
268689
5669
2632
18263
6794
4052
7960
15848
44584
1414
118995
16537
7824
9434
6737
1889
857087
196476
264851
12269
1769
1351
369578
4580
428421
6254
27291
182560
12417
111243
53331
588587
7490
4002
14399
3066
14898
6445
2639
7019
4917
673267
75481
62879
97492
403
2943
3853
6012
2969
261877
4804
562793
2753
874484
527674
391995
14056
264220
81950
180601
141854
205298
9022
141003
205174
168319
8557
19004
227441
44650
340696
9030
29481
71775
47693
114908
10844
57444
122079
83194
44515
57406
2811
595627
18783
80680
354
21152
36667
295325
18146
600214
57101
499227
1731
15756
592268
141786
7250
29091
210933
5924
696337
71716
42834
60515
11937
551403
23885
2204
18051
32498
23597
27803
12464
40616
254900
10127
7123
47727
182377
79353
1120
240125
150400
637553
149861
6671
546878
452553
64809
562
117766
468534
183946
1561
77970
257393
44557
54412
618
3960
29423
12607
63948
110006
441065
10070
492709
1034
286
2982
254656
208586
2737
11799
12973
3612
157765
764
11626
222455
2311
55303
2818
85859
400388
30458
3822
5844
60845
181706
31550
4578
63109
1739
54988
51930
28272
2491
173
9088
5861
1369
57534
9545
565918
487072
10266
65889
232952
10044
2552
6930
42950
169335
5386
4073
5308
216609
97056
317
993
404
6963
52069
2046
252889
51026
171430
62135
1440
837168
19261
1265
1969
10707
148109
392260
285843
162097
4383
6456
2446
50182
166583
3571
57951
18159
65557
131856
6837
1223
3980
130679
3564
116463
119477
33161
356309
136117
297256
3377
97751
194831
184210
176510
75512
13272
56649
25867
411751
2444
8245
8576
106477
49485
4461
300350
17
13539
4066
5035
20703
940124
91767
803
274565
10186
11331
6326
277204
38723
3726
503
82158
7168
3760
122927
37545
3659
29292
356274
2218
99915
8427
520
213372
4070
154305
412171
355035
493929
864
294
12259
1252
76057
1293
22160
180089
106487
135666
150120
9553
388582
700
170899
16597
4153
253584
240765
125
2277
7212
36207
41
133986
2786
502333
2078
49453
14948
200146
629
91434
256627
254979
28068
1899
199480
290
3770
208801
101578
12210
16941
300886
3514
563180
101333
161734
486011
416563
7583
101028
98839
211152
29178
308948
172
25901
152682
2622
73147
7199
8768
585
83768
19900
7320
91587
8845
54051
114943
1791
17617
467
74621
500996
243014
14060
2151
107508
12706
21011
14106
10384
37260
119042
5379
5541
56063
189208
252600
324651
15055
524735
67881
227684
39
168486
150984
34133
497545
524193
108370
31647
7877
143995
144768
89485
194464
7748
7427
2471
149781
5719
5850
1667
1261
2686
95737
517779
450154
15420
5348
617
82335
229821
46
33749
38065
8244
1693
43264
2497
1577
2388
64488
6099
11744
147192
137354
154636
6181
707515
126276
11391
724118
65209
68668
236837
117887
88875
210
243923
12860
10472
212233
240216
488898
147798
39980
305439
429
643380
196296
8278
6226
4745
601
20081
251050
35496
86439
78844
7359
66958
8629
181903
8385
1577
428304
407524
306420
325209
1524
5854
236731
532666
264
190137
3299
18801
235387
7251
97219
4016
134391
36124
249
903732
2619
84512
469812
8058
3723
4869
2920
230754
55245
82029
583
53355
71541
12458
81070
46054
313619
28135
76113
98188
308848
372001
196606
456317
138598
21313
52874
551210
32909
805
35354
3927
441266
4660
68658
7404
25744
8206
557937
205338
93318
82854
444757
7728
21247
507303
76622
8603
55917
11335
318434
44120
64412
122096
11165
8099
1715
15
421141
378071
103598
312315
16978
1502
19609
119
128748
99547
2713
137881
3340
12959
6123
271329
13743
63
67551
6521
216179
61893
50375
143329
10728
22924
7241
124032
48023
169690
217284
1556
49907
13214
1860
40287
144250
169924
29895
543527
13917
68258
62990
1822
7095
3077
5687
14297
11864
200241
2395
1518
90604
13761
226865
8149
181
113350
769
48577
291651
4452
40601
100886
186243
5686
2494
3951
159849
258083
226364
89693
239403
3272
95681
19632
109537
8283
26793
7660
33679
6148
478092
9979
3916
159039
272545
494
341297
176365
461
2226
1715
1337
177812
310702
183949
24568
1614
1930
5206
4442
7805
242592
227512
13420
3744
73805
4578
170315
111303
4450
182331
32415
304875
136300
7004
31464
4856
2991
85783
1966
34265
57054
15992
70677
22941
49748
1877
96719
302663
65557
1374
167075
17950
47833
287990
586392
5241
89516
23946
5049
163758
3134
125417
15650
32714
321465
9377
6717
3369
559187
30006
41050
7349
441851
54068
11153
436669
7660
524998
46201
498244
9015
114825
780258
2994
171
9489
9304
2405
2230
16491
230543
7339
483
35900
520051
147576
19234
151200
409955
458
72209
219422
13258
50185
102067
215129
3625
2115
1902
10361
2411
30874
381892
9990
23220
613131
453106
148483
7403
4631
221128
1162
679636
174244
21972
253
26389
5153
44554
72117
9099
101721
374828
214809
54409
2320
7975
145
25013
7995
52208
7811
200337
5483
79174
8947
106612
4018
90020
7862
790250
204746
228119
67055
94829
419779
700294
344679
6607
4361
3855
633555
5548
34038
5416
4740
205688
1844
5134
20269
3142
158243
5522
9710
914648
273857
195632
4998
193893
20984
1851
2128
30297
114588
57070
2861
30675
87147
32760
433709
5093
56850
120169
324265
7210
186890
939
34553
257627
140473
68208
265513
80312
3592
40481
318724
34086
396864
162471
336040
128937
229190
186367
260652
1548
122372
2550
388503
235090
97861
2205
2026
527
217652
391289
4719
5841
199916
3430
566782
4129
1683
328627
13494
403642
43417
65179
396655
36380
610876
387711
108034
239424
386
34570
35084
7232
89195
31622
14782
186285
12251
525
885611
91489
36434
7522
285
79510
746
220405
124327
40697
12222
178095
180486
5844
169199
144103
90165
3424
12297
9068
140945
9704
6788
410531
997
128188
413322
36838
154544
116805
3481
6935
278882
54794
82635
61692
57165
41366
6922
1691
199506
7420
16061
85184
41037
864
99908
129564
439531
2478
2719
1735
1088
97926
433192
2680
258039
9060
301688
2281
440990
3071
286911
9300
733324
558687
53890
92435
227018
197914
3474
213674
171884
14231
78425
677
235497
236035
110318
2052
461
3635
128895
44719
99064
329915
617543
2977
177349
5061
26400
96195
420116
226843
705434
55416
153172
137610
297476
308556
62956
108547
5871
194120
5560
10779
221347
121976
214393
19208
178229
726
46279
19534
150796
21411
178671
51459
6106
15928
355507
2258
213593
7567
1677
437
98666
469012
258
406899
111864
243964
137580
58947
13994
9690
559222
155799
9326
9834
5578
252128
7564
329716
752
73204
322788
6493
105973
52092
44745
21448
286568
69347
67913
378832
3275
93038
6279
11747
110990
202594
5498
2156
3264
349615
333732
1375
112551
339
1698
281436
29649
27728
5255
1885
196585
63223
2657
7341
4461
401294
275391
3144
2160
342909
317186
196269
423216
16336
266172
138300
1873
11488
241660
195345
94026
174356
256848
5428
23531
177602
223282
211415
112737
17105
597263
3970
28397
7015
128147
42868
247633
25513
717814
1705
27866
249698
101914
130207
10476
5012
251857
117337
869519
236319
3262
4585
2235
380485
222989
276115
40233
42297
101772
1489
1301
5604
23189
221983
24591
67766
363611
57556
90798
172155
10565
181061
72041
34934
15206
19011
105007
64305
8230
4093
4974
19235
52229
105014
1083
762918
8629
6098
16267
428
31078
673311
177424
1274
145913
53883
22126
189711
296799
216857
501280
68
24377
6161
196728
2795
1617
96142
64662
69210
43649
325046
7337
325985
1682
3634
126835
16280
2810
20834
362096
55115
9048
39998
711
756
155286
77173
43907
310990
106514
14373
29681
37087
758
476249
22576
20776
44536
36602
452974
515944
73130
61525
1097
252412
2866
798
1131
47291
2800
104687
525
65029
65416
2209
88100
6753
174541
41954
124069
18766
56287
1194
44104
233922
49929
375301
3242
168582
1727
57825
196300
2554
822
93299
219248
134024
539698
9007
315581
53683
81104
349320
11016
6332
104800
205822
298
145
3659
6485
92070
57895
3296
246615
94218
2487
139
175763
13748
6974
7653
481491
8759
6521
1866
169670
6367
4836
51370
221096
3719
30416
2817
2507
7172
203644
766306
106843
269330
2784
367914
83057
64169
260475
109371
18873
348452
69303
12229
186674
3150
111452
21379
13813
37276
4944
8162
53968
401167
12408
40682
119875
126698
148188
71680
60278
144237
52088
35150
8162
26518
299694
571297
199785
11558
50549
700446
2813
28312
3350
51690
35503
303632
1495
124858
587756
3803
7936
335105
365719
2400
12918
52022
46439
10382
106510
14162
2843
243130
9267
259561
134246
7520
4067
272
190714
87533
324161
69000
22515
230404
8461
3555
7557
146381
184237
101390
7215
10907
215729
157
68140
7549
352650
2268
14077
2348
8645
23147
2045
163465
79304
335823
56449
3576
413073
194
52221
4195
9644
53783
9058
383822
609455
407999
16328
437294
544852
6742
32500
50995
288194
353411
37266
101441
59439
69700
215945
132082
281939
2569
9722
4371
213693
9742
111912
76371
7796
101511
475162
17362
65599
69788
2091
32086
7234
37293
145777
400674
12970
562753
187736
453550
17275
83
14786
186752
6615
71209
997
4370
636037
36818
73395
4275
12574
540550
196840
26612
174728
511573
780
1268
268984
160554
396847
6528
4702
1487
6038
6041
