XDDDFEBDEHGHCBHXBHCGGEDGBHA
DEDXDFDEBAXFBAXXHFEGGXDDGDDGCGBFGFFFACGDFEHBBHEBFAEBCHEFDBBFGBDXXGHHFFC
EDEAADBHACCBBDGDDXD
DAFBCAACEXCGFBBEEFGDHAEAFFAXHGFDH
CEEABEXDBCCAHHGFHGHHBEAADDBGFBXDGDG
BHEEDXDDGXGCXHHAFXFXHHEDXDGCGDCDXDBBFEDGFECGGFXE
HXFHHXDEX
DHEACECHGHXXXHEGECHCXHXHDBFCEEGAXCDCDDGEECB
BBBBGAEFEEDXCCCDAXXCXE
FHBAFEAHFBDXEBAEBEGBXBEAAFFGDXBHBHFHHFGHCEGEDXBAAXBHEGAAFGFXDDDBHEXDAFXCFADXXGEBADHEHAEDFCFBDXGAG
FGDBHGCCGFBF
FCHAFAFDCDEDXGAECXGGHXEHFBFBCAACHA
AXEFADGDEEFGCBBEEGFFBGAECDCCDGGXXABDFFF
BHGFHDADAADDHGAFCFHAXGCCHEGHDHAEDGXBXDDHXGBCBA
EHDDGHBBHXCADCCXDCAAC
XHHAHCHHFXGCXEBCEFCEXCDBCDGBEBFFAEFCXEEDHGCBXCCHBABGFGGEHXXCGEXXFXFFGCCBCDBBXHGBGFGGAGGEBCFEEDA
HXXACGDXFAFGGHXHHXCHGACBXEHCGEHABHXXGXCAFXXDHDDDGEHHHB
DFCAGXHEDDBBCECFAXGDBBCHGACXE
HCXDCHGCEDEDXGCGFEHXBXBHEBDBCG
HGFBFGHGABC
XEFDBGBEADHCFAEXBHCFGGXCDXBAGFEHCGCEFXXBCEHDDFDAXDH
GXFDADDEHGDBXXFBDEAEDCFEHXFEBGAEAGECDAXCCBHCFGEXAHBBXHDEXAA
BHXDCHHBEFXFXCDXHXBCDDGBXGDFGXHCCCXAABBCDBGGXDGGAABEXFFCXFAEAFADECHHEDHHGFHEDHHCHHHXECA
HBBGHCHXXEGBAFAGCFHCH
GHXGGDHFDBAFBBHXCHBADHEACCEBFEEDAFDBXFXBCBEABAXFDFCXFDXBEFAGFAHCCGGCHHGDBGEDXDXCBGBFDFFADE
CGCDGAFDCXDXCHCAEFEGDCBEXHEBEBCCBXEBHXG
XDEEEEEXDHHEDFBAXEXGABEDACGXXXGCAXBECEEAFHDA
GEAGXCBGEXDEFBGBBDGCCXEEXAFBAGDAFDHAHADDHBHFB
AEHCDGXGGGXCCGCAHFHXDFCHDDEDFFHBXFEEBEE
CCFDGCCXGFECAXBGBABBFGHXDBCH
HDGEXXHBAHDDFCFFBGEEAFAGHABXAGGEDDAGDXBFCFXGFEHGEGBEBDHAHDFAAHGFBBBCBGCDFDDHFABFEB
BACAFBFABCEXACXHADHGCGCGEHGXHHCDAFADDFFXCXAHXDDBEGAXBGGCGFECBDAXDFEFCX
GCBBDGCCXABDDHGHACAHHXFGHDAAAHBHECCXAFEFGHBBGDDDXXHHGD
XEBBFXAFBFBFXDFDEFCBXDXCGBECAFFGHFCFXFBECGCEBDBGGBBHCBAHCDADXGDFEXDAGXHDXACDXCHAAEBGHAGFF
XEBGCBCFBDBDCFDBXGDHGEHHDGHBDXCHBDCABFGDHXFGHACHCHFFXXF
EAHCACHCDGBCACEBHAEDBGHCHXXFAXXAGCCACCDFHDBEFACHAXBXCGCAECBFXCBEX
AAEBCFHDGXXXHHDXGAAXCCBGBXHGEFXFGDDFGFDBAHCGDBCFBGECBCXGEEAC
BBCFDADXXXCXXDXGAEGCHXBGDFHAXEEFHCEHGB
GXDADECHXHCEFXF
CGDEGFDHDBGEAFDDCAXEHCGGBBHGXEEXGGBECFCHXGFDEDGBFHFFDABAFDHFHGCEFHFGGEABAACEBFAFEBED
ACDHEDFGHAEEDEDECADXFCHDCBXCBHX
BCEDXFEBDBDXGBAAGGFGXADFCAHGCHAECBGCEHAAXCHDEEBFDXDCCXFBEECCHGEEEEHECDGXFABCACAGDCAX
GEEDBEEDHGEFCEDFEDFADDCHBBFGXDFXDHGDDXHCAHDHDCXACHFEEAHFGXAFBDEDXEDXGBBCBEDACXHEFEXGHXAXBB
XDXXXAHACBCGAEFFHECHFGXBXXXDGXADDHDDHGHADEXABHDDHFXDBADCCDDXHGXAGEAADD
XXBCACBGXGEHCGFGAFHGCHGHCFDACCBEECCXXHBCXHXCDBHBGFGXGDHXFC
XAEXBGB
DAHADACGXAGDBHXEXDCDFBGCABCHAHHHHCCDBAAXEGCFXXDEFCDCFCE
BFEACHEBDXADDHAGBXEBXCEGXXFXCFFACFHGHCHEHD
ECXADFAGXAFHEGDHCAGEEHEBBEGFCAAEEFHGBXBEXDEEEFDBABDCHHEFXCEHFGBXCHGABEFGHFHGEECFHHHFEHAFAFHXGHAAHC
CFBEGHGGCGFBBXBGCFDADHCHGDAADBDHBFAXAEGXEGDCGEHBFEBDFDAXFDCGGHFCHDHBEAHHAXXADEGFXHFEBBFDDXFAHXF
GBDAAGAXXBBAHBFHXGAXBDXFHXHDXGFXEBBEBXEBCGDGDGBADXBBHFHFBFAEHECCFDDBCBGDFFHDAX
CCCFDGFHBADDGXDDDGXFDBEAAAHDEHEBFAXXDCCGHEGXHBGXBEH
GXHCGGFHDDGFFGHXDCGGBXGEDADAFXHGXFDGXADFCDCBXDFHCCDFEEABFBADHDFEHFGBDBBHCFBGAGDXFXEHBDD
FBGDBDBABDDCCHFEXEEGFADCAEHCBHCXHXGGEFCEBXHEGXCFBFXBXGHDBDCBGEFDG
CAXHFFHFGEXXAGEACBCXFHBGHHFEAEDHDHFCCFCBCHDHCDDBDFCFHCGXEGXBBBXBFABBACFADHGBFFAXXCXCE
DDCEECFABHEBDAAFDEDEHCABCBFBBBHGBHGAHAGDFEECGGBEHGGHHAG
AHFAHCAADXFEGACHEDBXADHEDAGCDBHAXEBFHFEGEXCAHGECXXXABCXEDEBBEFAHCEFFD
HDBEHBHFEXGHGBHADGCDXFDCBCFAFXDFFDEXDG
XXAFGA
AXGDAGAGGADAXGDDGCFECGAFXHCABCCFGFHAGCEEFABHDBGGHXCGHGAXDXFBBFXFBDHCXCD
BBAHHCFDBHECGDBFBCFAHGEFEHCGGXFCXHBDAXCFEBAGBBFDDBFHEDAGBXGAAGBDEHCGHF
CDBDXFFDAEDFAEXCFGADFXFFDCHHFCHXBADECFCCEDAGCDAFFAXBHHBFHXHCBE
FBGGBAHXEEHXAGDHFECADCHEHDFCHGDDGHHHBHXDEDACGA
EHGEHHDXFFBHAECCBCECFXBXDFCDDGXXAFXEEAFXXDEBGEECFAEDACDGEGGBHDXHGDAAHAFFC
GCCEEHGGAEFECBEGF
DXACXEDHGBBCFDDGGGEEHXFGDACFBBCGDBCBHEFXGAABCDGXCEGFDGDXGGADHCADDBACXBGXDCEHXBXXXXXDGACGEDXGBXC
FXHCBXXBXCHCBCCEDECAEBHDXFHGEHEFEBGEHCAHCBEHECXEDXFFBBDABDXGXEGGFCCBXBX
XBCXCADDAEFFBDHFXGGCFBFDHBCHFFAGHFCBEFEDDFGXHXEAHDXFDBCHFXHHHDGAEGABDAAGDBECEFDAEFAFXFFFFGDCXAED
DXBDHXXBAADGGGACCCBXFGBHBEDCCDFBFCXFEG
AHCFGXACABEAXXHBBDCCAFCXGXDAGGDEDXDBBDAFXGXDBFHXEDGDXFEFHBXDHCFEAFFAEGHXGXDGDFFBHAAHDDEDACCBCX
GDXXGDFGDCEB
DHFAFHADXGFCFFHXXE
BEXHDFXGCBCHHGEDXFACGCBCAXADCAXGEGGXXCFGHEHAFCHAFHHGAEABAXFBAEHXXGCCDXXGFCEBDXCDGBCEGHEXGCCAH
FDFXBA
FDHBXBGXCXFFXFFAXBEXXEX
EEXAFEADEAHDXFHGHADHCHAXHDEGGEACBFDDBDXEHEDCEC
DGAHXGFEEDAHGAXACAAFABHACBBBGXXXAACHEDAAEADACDFEBXDXXHCDEHCXEEEAEAHGHDXGBBHCCXGHFCCGCFBFDDEFBEHGHC
XXGACFXEEFDFXF
EXCFGEHXEEFGDCXXCBDEGGAECC
EBBBAGBEFEG
EFCHBHCEBFGCEDBEDXABCFAFHCHBGFH
EFBCABDAFFGAGEXXFGFFGCEGEBDEFGDDBABDEFFCXAAEBBBEFEGXDAHEFHEDBDFHHAEFAGF
XDHBDFADHDEFGGAEFFFEFHBFDEXAGCACXHADCCCDBGHGDBDEFDGGXHHAEFFXGAHEBHDDDGXEBXEAFAHHBDFDDEDFH
FFECFCFBXAHAHDGEFCHCFBEGHF
BBFDCBABCXEFBGAXDDEG
EECDCXCCGF
GHDHHGCBFHHXAFCGHDFEEXFDEDGEEEXXECXCADEGCEDX
XGGXHFHXFHXBDXADXABHAHGDEHCDCGHGGXDXCDBGXEBABXAFBFACHAXHEBFCDCFDHXXXXXCBACGAGACFXADDCDXFDC
AACGGFHFBFGFHECBXEHXEEC
GHHGXEEBHGXFCBFAGXXFHCD
ADADADFFGEGHBFXA
DCAGAFDAEXAGGXAFXXCBBEEHHXBFEHCDXHHHH
DHXAEFHBCCFXFXGBHDDEHHECXCHBDAGEABACGCHHFXAGXXGGGDDCBHGAEGBGBDEEDADDADEHDEBHFHG
EHXECBBXFCDFDXADGD
CXXXBDAHXEBCBGCGFGHDFFGFXAAXXFCGADDEHFAECXDFE
XHXCCADGBDH
CDXFHCCXHCEABGXAAFDDFXBEDBECFAXXCFGCCBEEXAEADDBFAFBGHHCGXCGFEXXAX
FEGXAFHHGCCBHEECECCCFCGEXAHGBDXBHDBHDDFBEABBCEHXGECFHHCXEEDHGCFXDGXXFDFFFBEFX
DXAGGCDCHHXDHHXGXCEDEHDHHXXEFCFEAXHHDABGCXH
GFBEH
