XDBXGCDBGE
ACEHBHGCFGDGEHAEAGGEAC
ADGAHBHEHGCXFHFDEFHDFGXHBAGEXFAHEFFBHCAXXCACACFXHGCBCA
DDGFHFBEHFXEDBGECDDXCF
GEHFHF
DBXXBECFCXGXAXEEBHBXAEAFAAHHBFXDCCXBBDDACFEAFF
GEDGHCCFXBXEDHHEXXAHADGXHAAFHEFCBAA
HBDAXCGDFXBDADDXDXFABFCXCEEDDHGFEGGCGFCAHACDAXEDFBECEXDBH
AAFDDCGABDCBCBFFGEHAXECFAECFABXHBHFCFDAEHEXAEXCXHA
GDACXEGXHGFAEBHFHGCEAFEHEECXHGXAEGGCXHXHXHEDHCFBGEDAFXCCCGEEABAFDFHDEEABGFHFEEBBXCACEAXGGBFBBF
BCBXADBGABADCCCCDBFCXDXHEGFBHFAAXGXXXDFHAAGCGXBCHXEFAGFAHECFEAHCCBHFAEXEHHBDBAAXFFADDDDXDH
DGAFDCBFEBHFCEBFABACEACEHXEB
XHGHGDBDXXHCHBFFEGCCFDBHBHBABAGEAHDFGGHFXXDCGEEAAXEBECHDEHXABABDAXXBCHGXAG
BFAGDFEFGGBEXCADXGEADDAEEBXEXDCFH
CBDCXAXGFDCCXHABHEAEAFDEDHDBFEHBX
AEAFFCFCABCFGEFGBAGCHEXDGACFGXGBCXFEHHEXHXCACEAXHXEXACBXFHDABHAXCBAACDFDX
EEGACFDABEXBGBFHXGABEGBEGHCAFDDDGBHDEXHCXEBHGFHCFDHEGBGA
DFABGDHGGCXHGBGBXEECHXCFFEGCBCBCBEGFXXDFCXACGGFDCBCBHFBEEBGBBECBCDE
XGDDFA
CAXXAGEXGXBACEXXAADEAEBABGHADDFGFF
AFGCDAFHDEX
ADCADADHXXXHDDBCADEXFFAXAHHGEH
CXDXHFGCBAXHDCAHGCFCEAGGCXXXGHEBXAGHXHGHAFBCEEAEHDAXGGGBGDDDDFHEDDEBFHDAXCCXBCAGAXDX
HFGGFAFAXBAXXBDEAFHHAAA
FXHXGFAEDCEAAXHDAACGGXXAFFEABFBCFCHXAAGHAABDCFGAFCBECBFDBFBGDHXDXEHGXDEXCGEXCABBDFCDCAGFFDDEFGX
GEFGCHCGDBHDGHHCAHBCGXFXFGCDHEEEBXDABDGAEHXEGDFGHGHCBEFCFXHG
FHXAGEGGHXCXXGFEXXDGXGEHEXFCAACGECAXCHBEGXHEFDDACCBHHBAXHBXCBAAXHBAAHHXDACDDXHG
ADCF
HXGGDDDXBCXFEHXAFEGCDHEEEXDXGBBGBHHEHXB
GADBEEAFDHFFAHBXHHXDBAHAHCXDCCFCGCCBGEXFAFCHGXXEEACDCGGGABAEHGAEXDEGAADGCHBAAECXGEDHEXFDGBBCHC
BGCHADAHBBAAXXDEAFC
XEXAEEXHEGEAFFCGXEGBDEGHCDAEFAHXFCAFXCAFCBDCAHBGDAEFBFDEAGGXDAGFGAXFXBEBFCFAXFXGXFHHXCDEDH
XXFFGCBXGBDGBAFABAGXEDBBGBBECABXCAXCHBGCBABGBEEAXEXCBEDBBXFXHBCXFADCDXDBAEDGHE
ECEBXGADDXXDAHGCDGBGAXBBEXEXAGXDHCGHHABCHGGXEHBDGDCFEFBDDEFDGHDHXXAAFFBFEDBCF
CFAXHHBCBHGXXAXDAAFGDFEXGDBBFBCAGHABCHDGB
GFXDACBDBHDBCHCXBECBDXHDGXCEDEBXAAGFXGHFGAGXAFFDHACXDEDFECDAGHCGECAHHCDHGHBXCBDX
GBXXCFGCECAHFEBEBEEXEBAHACEBGGG
CBDHFHXHE
BABDHEHEXXBAFDXHFBCHEXECBDGDHGCBFDBEACFDCEECEEDACGEFBDBHGCFACHGDEFEHDDEAHEBGFDXDHFFXFBHCHXDCACBBDXE
DCDHHXEBEEFDABAEFHDBHHDAXAGDGAECXEAFFDABEGEFXDGCDFFEBBEGAGFAGHXHF
HFXXEEDHFEEBDBBCXDGDGFFGAFEFAGCDGHXBCGFGFCCCCCAXXDHABD
EXCCBCBHGGHBHXEGGHXCDCEDDHAEAFADFXDCHXDXHEXCHHHCDDAXBBEHFC
CCGACCAEABFDCGXCEXHECADBXXGXEEAGFCHCXDE
HFAECXBFHAFXEXEHCACAEACDDXBXFH
CXEFBDACGHGCECHDDXCXGECDCDAXCBX
GEEFCBBAAEACAXBDAXEEFBACEBXCFXHGCFGBDHHHBXHXBBAGXXBBEDEABHGGECEGCEXFGAHABEGCAGDHFCFX
XCFDFCHFDFHEDEA
GEEFBXBHXGCXBBFHXBFBBHFXDHBXBHXDCCEFHCFXADHCBEGGHHBBCBDGF
XHXBHHAHHDBCBXDXHDBBDDDCDGHDBXGDEXGHCAHEEEX
HECXXAFEEDXDBGAFFBCCDBEEAXFEFDFAHACHGBEXHDABBHGHHDGBABDGCBEXFXHDAFGGBHDCCFCEAAXFBDXDCBAAAFXBEFEXHBE
CGDEDCHBEGDXEBC
ABAHXBACXEBCAAFACXCACCGFEAHGXAGXHEHBGFGDFEFDGCGAEEDDDHFA
FCDXDFDGBCFGXDGEGBHXDHDEHBXFEXXDCD
DGDHGHBEDHG
XAXDAAAHDHFXCBHGGFDBAFCCXAGDAXEEHHEDAXXFFCCEXEGFFXBDEEEG
DDCFADDFBDXBGDHDHAEEHGABXGDFEFHGDCXBG
DFFDBCCEBAXXADECAXXBEEAXDHGEGCEDHFBCXXXGDHFXDGCXCFFCBBHXDHDCHXCBDEDHXGFHHGACCAADCEHGA
EAHDCDBDDBXBGGAADXHDG
EEBBEXDCXBHHXACBEBFCEFEBXXBBAHCBDDCBGCXFFAEBFHHHBDGFBDHH
DACDBCBDDBDXHAECHDEDFFHEAAFCFFXGECDGEBDGHCGCBGBHCHEGCGEXHHGAHEFXH
XECXXBXBHEBGAAXXFDFG
BHDEGDGBBAHBFCHBAXXCDHEBDGFEBXEGGHGBDAFECBHEDCEXCHDEBBAFAFBFBEHXGFBFACXXEGAEHDFDAXXAAAFXXB
BDFEBHHFHCAECFFDCHBGEDGXFCHDCBDBACDBAHADXBXEGBDXFEGBG
XHCHFHEBAXBG
DECDFAGDHAGDDFFFFACDBBHECHHGEGGEGCBEDHFDEDAHDBCGHBFXXFAGAXHBXHAAXGHFEBEHXXXXCC
BBEFFDDXEFCCBFBXHXDHDABBGGEEBFXDFA
CDAFHEEAGACFABFFHXBXXECGFCH
GCDCDCDDBCAHGEGCGHDBDFEGDHAECXHHXFBDXXHGADFHCAHDDHHDDEFFXBFBHXDXBECBXBGHHDHXEGFFHGAACAEXGHADADE
DDDFCDECCBHFBCHFBBDBGHDAFBDXHEDXHCBHAABHDCHFXGFXFHCDDDBCEGHBABBACGCCFDEAGHAACAXXFAGBGEFGFCXCHCXEHHX
FFDBXGGDCCXGDAAFFEHGECEDEXEFCADHAGHXBABGAFFABFXGHAFFXEAGBGEAHBFGFGXBAGXHFCEGCBAHGFHDXADFBBCX
BEBCHDDGFGEFHCBA
HAGHCXGAXXDHDAHGHFFEXEXEEFFEGXXEGEXXHGXFEBXDFXAHABCFAGFADEGCGHBXGXXHFFEAFAGCGFHAGHFFGHE
GFEEHAGEBAGHAXEBDHEFACHGGFHGFEFXXCHCFEGB
XBEFACXXXAAACHBFBHADCBCECAX
CBFXFXXBECGXDCGDEFEXHEDHCGBFECDDAGAFGXGGXHXHAXXBEEDXECHDGD
BDDDCHXECCCFHCDHAGFCBACBAAFXHHFDHXDDGCBCCBBEXDFHEXFFEXC
GDBAGEGEBXBAXCDDBGCEDHHFGDXDGEBDHFCBBHFCFHBBADAEEGFCDBBDBXBEDXXGDFBGECD
DBFEBHGAAGAXDBFXXDDGXGCXGBBHBECHCGEBHBCBGXHDCAGGAXCFCXAEGFXGGHAEEECBDXXXDGFGCDACXEFAXCCEAXHCECFACA
HFFHGXDHXCEEDF
AGGEHCACEGCEAHXCXBD
AAXEEFABHGBDCBCCFBHEBDCGGGCBCEAECDFADXXEEHGXEEGEEDEHGG
FBXAFHCBCBHGADDHEACDDBFXFXGBFAHBXCCFAGXFCCXGGHAFXHAEAAA
XDCGCAGBCCGAGBDDBCGHBXCDFFDFB
ABAAXDHBCXEAHCDBBHCCFEECEEFFDEBEXDCXBHDXFDAGFCAFBGDAAAGCHFEBFBBECDCHAEBBCHEBAACFCXGBEXBG
DBCABXHDBHXEGEXH
BAEHAFAFFDHAAFBEFGXDBDEDHGECCDEBCDHDFFBXCEXXAHCBGHBDXX
DGGXBGAFCBEHBBBXCCCXCEGBBCHFXXCHXFBXXXXEEHFBXAXCXCDBAFFDGAXFAGECBHBXCGBFEDBBHAAEBADXEDGFFC
XXHAAEHFDDBACGXEEFEXGCAXHHDCEGXDAHABBEBGGXEHGDEGHHD
HCXEHHECGBGDEHDDBHFDHCFGEXCEGAAAEHHBGDAHGEEGXGF
HCFAEDHXXEDADFCXHHEGF
FBFBGXHCBXAECHHDHAEGACBGHAXEXCAHHCDF
GBDGFHADFXXAECBFEBHAGECEXCDGAFEECCDAGHGEHBHGDEXBCCGGXCGCEGGBCAHCFXGGHGCGDFGGXDDDGFCBB
FEBFADXFACBFEEXDXEDCDHDGGDEXBGCDFXGEXDCFDXHXFDXXXCDGACAFDGBGEACEDGGEHBH
XHFBADCDFDECDXFFXBBHCHFAXHFDAABXACAEGEGGHGAEDCHXCDFXBGBXHEGXXGFDDDAH
GCGHFADAGGXFBAAAGABEFFXEEAXFGFBDFHDEDFDDAGAEDXCXDXCHDECGHFCBCBFXHBCBD
EHDGGEBEDBGBDDGEACEBEFBCAXCDHCFAGGEDCCEDGHXAXXCCFBAXGGDDACCHXE
FBHEBHABEEGHEDGCAFDXHHXCXXCFXXAECFFGXEHXABGFEDXCHAGHEXCXEEXBHAGBFCD
DGEAHECCBEADGFDHHGHXFGEEBAHEEACXXFEDEXBBGBGCHFEFXFXADBADHDCCDXDFDDDBABBFGGBFAXHAXACFEE
HXDCC
GGDBAEGGFCGEGHAXEFAXAFBXBEEFGADCXXGEA
ECGFXDEFEGHXEXCEGGEBFAHAGGFEHAEFCFBBGFECDXEDFCHEGXHBCGCXAAXACXGHCCEDHEFAEDCGXGGDGBBBFGGGGF
CFDGEXGXCBAFAFCEHXDXEHEFGXFGCAEEDACEFHBAFCHXGCBABXHGCHHHCCFCEEEFHBCGFDCBFGXXHFBDHX
GEBBBAHFDACAFXCAAXFEACHGFHBBXCDADDXABBXAXCEAAXCEBFFEXCGXFXAGCHDECFAFHDBCADFXEXAFXXGEBBBBHFFXAEAD
AFDEDC
BEEXDGEHEBCGXDHGDXCEBDGFEACAEAFDACBFHFACXGBGXHBHDAEGCFEAHBFBDXBDFH
BFEAXDEHDFXDHBAHGGDADHEBXGGEHBECDBHFBFXXDXXHEFDCGEEXXHGXXBFAXFAAFCACDFXCBHBCGGBDDXGFDEFEEFEEADDBABH
BFFBBEBCABFXXFFDECDAXAFBBCCXCXXGDXFBGBG
HDFCCXECCCBHDGABAAHBCXBCDHDCCHBBAFBHHFDBCEHABEXECHABHDG
HBFGHCBGC
EDHDEDAADBCADFABBHHBAXDGDGAA
BEBGHFBFFBECEBFDABXEGCCBBGAAHDBHEXABGDGAGGFFGAFCDDEAXGDHDHBABDDFGXBEFBBCCG
CXHEGHHDXDGBFFHDDXEBGFHBXFEHXEHBEHXAXFDCABACGFCXAHDFAH
AAFEXCXDGXX
GXAXAEAACFAGCXHXBGXGHHHAABEBCHAHGCEEDBFHBGXDGEGHCBHFXDXBCFCGHHGBBHHDABEFEAAHCEAHB
XXGHGEFFCFDAXHHHHGAGEDEDXHBEDBCFXBBHGFFDBEFAGXCEXBBEXBCXAGGGGC
HHE
AAAXFDDBGDEHHHCXDCAHFAHXCEHCCGHBEGBBXCADEGCAGGCGHXCAXBD
DGFBAXFBACDGGBFEXGCGDCAGBXAXXADBHXFHHCCFBBABFHDABDFBA
DEFGHABXEEHXCCFEBECDCBDXFXBHFCCCXDGHCABBFXGAECDCHCCBXGGECHFFDEGGBFXXGACFEADXXDEABGEXXFEDBDG
EXGXEEBGG
HDBFFCFCAXDBDEXCAEBHGHACCADHFHDDBGGGXGCACACFADDHBFXAHBEFBCAC
CFAEADHHGEABCCEXFGBAXHEDHDBXEEAHHCXCBAAGAGFCDFXAAEFEHG
EBEFEFDXGHBGBBFAHDEDXHXHBACXBBHGABHAEGFFFEEBHHAXFEGBBAGBGXXFHFHEGHCCFFGDB
BXCEXADFCGDFCGXGEADAFAGADCEXDGCFCACHDAAHBBAEHCADEXAEXFHXB
XGDDDEHCHGADEGAXHEHFBACAAEXDHFDF
GAXEDDHXGHHCCAFXBDXFBEXBFDFFACXDDXBHDDEDECGBAEBDHCABAEHDDFFCEEDDEABFAE
BFXEDX
CGHDEDDDBEADAGCAFCEFAFGCXDAEHGDG
DGCEBFAFXFXBCFFAE
EDCXFADCEFCHEEADXEFGEGDGBAEEFAFABGBEGECGBEBXFHEXECFXCEEDGFF
GHCHFXDCFG
EAXADDHXACDBFHHXHDFAEXFDFCDXAEECXADCXFEHFGHCHCECCFHEEEEHAX
FECDBGXFCFFCDEBCCBBBEAEEDCCDGBCHXXCCXGAFFAB
CEDFG
EADGDF
GCEDHBCCGDD
CEBXFECFEACBFGXGEBBGHDHHDGFACDAGAGBABCFBXGHCAFABGGEDFDCGHDCAFXXEDCFBDXBHFDCGHABAGXCXCGXEHAFCAHAGG
XCFGEBXAAXBBXBXHHXBFCFEGEAE
XAECDHBEAHFFFAGGA
CCCHDXFFFBAAGXCHDEABEAHHGBXCXGAGGABHAFDBGDCACAFHGEXHXBXCHXBFABEH
EXHCFGGGBXBF
HBEAEFAAFHXHXGCAHXAFBXXXBHBDDADXGEBEFHXXGEHXDGCCDEDHXADEFCXFXXBCBCCCCFGCEADGBDAGGAAXHFCFEGAHDDDEGEA
DEHGAAACBCAEXBAABCBBAFFFBGEXCABGDBAAADGBDBAXXCGA
CEGADDEFGXECBAXFXEGEDGGBGC
CHXXCXEXAXCAEHBHABDFXFGEAHHDFABAEFXEHEFCDHFFFFGHXFDGBHCHHHECFGEFCEDEAGXCCEFEDFGHHHBAEBAFACGBGBEEGH
DEADDXFCHDGEHFEDGCXDFAFXDCBCGCFAGEFDBXHFDEEBHBXDHGGXBAAXFAEGEEG
XFCXHXHCCAEDFXBBBCFXXXCDBAGBADFCXEDFCAGHBGEGCFBFHFFDFGAEBCDDCBBBXGBECAHAEXCEB
FGEDBDDEHGFFGCGHFGXFEAGABHHDCD
XFFAGECFGBAEBCCCDGHEAFCEGFHXDDEXHEFCDXEHCAGDDFCBXEXCEABFCGDDEEDGH
ACFXECBD
FXEHCFXXDFFCDECEDECBCGGGHDHGXXBXXXDDDFCHDFFDEHABDXDDBFDE
FEBCEHFAHDGCAFDABFBGEGAFEEAFCBFCHDGFCABCAGFGDHEXFAEDCFX
EFFXBHBFBBFFDHFHEBXHHHGBHFDDXCXHCBGDACFFCAAGGBEFGBFBDHHHDCGXCEFAAD
CXEXEDF
FHGGCCDGCEXCHB
CEECXAABBDDECBXDBBXEGXE
FEBFAXXAFH
FAEHCFGBDHHEHXHDBBGACGXHFCHHECACDDBCBDBFDHAAEDGXHXXGCCFEDEACFBFHBXBEEXBBEBB
CFFFADDHCCBGDEXFCBEXGGFGHXXGCEFAAFCXGFXEHDECHXCEDCEADGCGFXGGAGEDFXEXBXFGXE
GXCDBGXEADHBBBHAFXXBEGGF
CADACGACAEFGBHGFAEBGHXAHBDAEHHGBXCCXXEXXCAXDFADGCBHGXGHDDAXEXCEEDXDAFFEHEGDACGA
DAAEGXGDACCECXDGHAEGBDCAHCXXFXFHEBBHXABBFHHED
BFEGBCCHGDEGDDBGFAE
EDHFFCBCCHBAEA
BEDGCBEHXBDDCHAXG
EBDHBFBB
FGCAECHGHDBGADDHXHBDHXXGEEBDHFEAACABEAHABEFDBEAFEFBXCDGEB
BHAGCAGABHHDGEDXCFFHGDEABEGAXBXACACHXHBAGDAFAABCXGCECFCCXCEBCXGFDAHCXHHFCCAABEGCHDFXXCEDXDB
FDGADGDHFCXABDHHXHHBBFFAEDGCCHXGFFAXAXEFBXEE
FGBHXXGXBAXGBFCAEXCEEXFAXGDDHFEGGADGDHHAEDBFGBEHXBDABBAXXBEFBHXDDG
XCAHBFEFEAGCHXBDBDHAHFHEEBCHEFFDEFBACGCCXXFEFAADFEBXDX
EDXHBACFDFEBGGGFGXHGFDFDEAEAGCDGHGHXGDBCBEFAXAACEGAHEFDAHFAEBXAHCEACBXH
DABEEDFFBCEAXEHEFDCDAGHEGAFHDCDEHECEBAG
XCEAEFDFABFAEDXHGFDBDBGHXXEHGFDAADDXEFHACBFEBGHGBCCBHGDAGFEFDEXDEXAXXXABCAEADGXBGDFDBAADHHXH
BFCAGEFHBDGEFFHGBHXCFCDCHCACBCCCXABDDHXHHEXABGBGHDFFEFBCXEBH
XEGXDXFXFFDHHADAHAFBHAAAFBXFGFHEBGCAHFFGBGHXEXABDHFBGBEEEFADGGAFGEFXAGBDFCAGGBGHEAXDXXBE
FBCBBXDAXHCHEEHBEADCAGXHFBEHAXHAGG
EXXEEGXXBFCDXHADCCBDFGFFBDDEFHGCGXHEXCCC
GFBAFFEXEFXXBHBXBFGBHEXFGBXXECBHBXBGBCXDEBHBDCHHDFGXBBEEBHDCGCDADXXFBEXBBABDCAFHEFEDBBXBHGABHEXBG
EBDDGFDDAEGXFABAAHHHBABDGHGCGFFAXFGDAAXEHDEXDDDDAECFHBXBFDBHFD
XEEBAFDAFHBXFFCECGXXFBDDDFBDXDEXHBXDXEXHDEBXDXDGFFHFGFHXXFACFABBBGCFEHHFGDGBECFHAAH
GXGABGHEEXGBDBDXCAXGHCGDCBBBGEECGDXXBBXEBCDFDFBAXCHBCHBCHX
CFFBGFDEGFDFDFHEXHEEEGBBGHEBGDFFAGGFGFGDFXGBCHXEHDEGGFEXHHGFFF
FXHEDGGBXGDGEDBACXCAEEBEGHEBGDCBXHXGGCGXXFDCDEXBDDDHBBEBGBDDD
EDBEDXECAHCFGEGXXEHGXCABGE
XDEEAFAGHDGBEFXBEAFGXFCDDHXHBHEHD
CDGEXHCCXDEEACEEH
XGDBXCHFXGBGDHD
XFACBDDACHBGECEHDDHBDXDCDXXBECXHFCFFCDDCXEXAFHX
DXXADFBEGHGGBDBHCHXFFCGACBH
HXHFXA
FAAGECCXBFHBAEABFFFHBCFEBBXEAEFEBDXXFEAAHDHGFGH
EGDDFAGFEGFHAXADXXCBADBDGCCDHEEGDGEGXCEAFBDBDECACFHADDAAFGBFFXXBXABHFCXAHEXDBCHCCABDECEEAGDXGBEF
GEGFFXD
CDHXABC
CEEFGDBDCGDXCEBGCXXFBXFFEEADACAXFEB
BAXHEDABHAAXHBDCEHCDDGGHHHAFDFGAEE
HFEHGHBFXDHACDGCAGBE
HHCEGDBFABGACCCDABXXHXFXHCDFGGXBFC
HHBGCHADGGHDGBEDCHHCCAGHBEDFXEB
XGAEDEBEGGGXBDXFEX
GDDGECAXCHXHFAXXDCBFGBGCGEHXXHDXCFXXAEAHBDHFBCXBGEAXXAHCAFBHEXBFAXEBDGFFFCGFECDHEBXAEDAECAFDXCHB
CBECAFAABECDFEHGEEHFEXHFHFAXXCGDDFHGBHGEEGBEGFFDFDGHCXGE
ACCGHAXGEDGHAGAGEDGGBCBDDFFXBGHCACFBBEXBGEXFFEHFEXXCAEEGHAHAF
CDGFABAFGFDAAHXFCXDDGCBEBHEXFGDAFBHFBGCDECED
XEHDXXC
CCFDEHGEXGXCFXFGXFHEEACHDFABFXHXDCAGGCD
AADHCGACXAGXDBXHCCECHGBEDEABHXEECFGDCCFGGBFGBEEDCXCXDHDBDEAXDHEEBGDAGDADCXHCDGBHCXXFF
EBCADXCFAXECGHGHHXEFBXHAXGBXDAAXAXABGDBBHEEAGBHEBCB
CBBHFGAHCXECHCGCCAAGXACBDCXCEHDBEGEG
HGABFCXXDCXXXBDBEFDXDBHABDHXXXXFXDFDABXD
XFFEHXDFDBABCXAGFXXGCFAHFAHHEFAAEGHGDCHXHHHXHHGDBCXEBG
GBDCFBGEXHABEEDADCXCHGHGDGAHFAEFABDAAHHHGXHAHEFHHHXEEDDHFAGACHXFXCEFFFGDHHXXCDFBXBGBXGDABEEG
CCDBXCFDAXEXXHFBDHEHXEECFGGDEFDBXCADXCFGFFAFXFXFHGXACDGFXCEBADDBXDEGXADBAGHBEEFBXHFCBAGXCFX
AFEAHGBHBXGXACDFXCXXFAEDG
DXBXAAAXXXBABEHHGAFAHXBCDCHXCHGGFBABAHGFBAXCFGGFEXGXDEAFEEXFCGCG
GGFHBEECGCCFXFCEGBXXXXBXFCGCEAGCEEXEBBGHHXBGEDCX
GBAXEGBCDFACAAHFEFFGCHFBFBFEHCGAXBEHHXCCXXDAHGEAEFGEXDFDGAFGB
FBCAXXCGDGEGAFHEFXDDBADCFHCXBFHAEHXXHFBEBADDAFCGEXDHBGDECHDAAFFDBDDXEHC
EHHHXAGDFC
DFAGAGEXGEAEHBECHHXFDXACFHABDCAXDFXCEFFCBABAAGEHCFEBDDBFDXFXBGBXCXGBBACACEFBGFCCXDGHCGXXFAAXHXXDBA
CEDDCFBFDGCCFXHBXFBHXBFXHCBXBHFXHACXEDFGXEXXEXFCDXCHAFXCGXXCAFBXEHHDAFXCDCECECCBHCHBGCGCDGDXHEG
ABHDHFFFCFBDEGXGHCHECCFXGBAABCDEGEGEBXCBDAEBCCBDGEHDEXCDDFAAEADCGHCB
GEFCDCDXGEEECCBDDBBBCXXDXHDBHHDFDGEGGDEABDDXHDCEA
BGDGBHHXHEGECXBDDDFAHFCCGCGGHFXEDHCXCGBBFBEDABBGHEDXBXAECCHACDFEGDAEAC
FFXGGEFEAHFEABFFEBBFBDEXEGHXHEDEXFXFXX
BAHAFXHBHXXBBBFHFCXHFAGGDFAEFXAXFHEACXCHXXXGACBBHBHAHDFCBBHCCXHGBBBCGFGEB
HHXXXXDXHGEBEGBGCHCDDFGAEXAGFEXDEFAEAHHHHCCCCDDHBFFGAGBAFXGXCFCCXFBFG
BCBHDAGBEHDXCDAHBGCGGEFHFHFAGAXCHADEACBAHGEDAGECDFBFXDEFAEEDFDEDAXGHXXBCXFFHECHDAXAECBCDFXH
XXCAAXGFDGXCBFGFHECBAXFAXBEBEBDDGDAEFAXFCAHHXBDEHHFCEHCEDDFEHBBFGEADEXBFDCFXCAEG
DAHXHEECGADGGX
HGCDDBBACAHXFGBBXHAHXBXGAFGCFFDEXAEXBFDGAADBBHXDEDGBFGHGHGXFDAXEX
GEEHDXBHAFGFEBHXEXEHGFGFEGHBGAXCABAAEEBHFEFAEHXFGDBBBHAXBGDXCG
DAXCABEGHFFCCCHXCGEFDDXHHDDHAHAAFGXCHFXFEHXEGAGCEF
AAEDGEBFFXXGGEFEAEGABXAXXFFEGECDAEDBCG
CDC
EFCDFXECGEABCFGHBHEBBXCBGDCFCEEXHHHBBDDBFBXBDXEHEHBFHBXEFFGAHEXBEBEBXGCXDEFFGCBD
XEHFAXBXCHFHCHDDXBFDCXGFGHXXDFDBDBGDGCEHFXHDXDCECXCXAFXGEEGAXBEXBFHBAFEAHFBDXEBAEBEGBXBEAAFFGDXBH
XGXGGCBDGDXDFHHAACBGDHAACHCEDGHCGDDFACHGHAGXAFXXAHDDGF
XEBBEBXCACCCHHCGHEGFAXCFCHAFAFDCDEDXGAECXGGHXEHFBFBCAACHAADGGXDXECCDHFEBCCCGGX
GAECDCCDGGXXABDFFFXFHEFXA
DAADDHGAFCFHAXGCCHEGHDHAED
XCBHXFECEHECAEHDDGHBBHXCADCCXDCAACAGGXBAGDDEHFXHEFHXFGXXXXFBXXXCGXECDFXCGDDHFEXFXFBFBHXH
GEHXXCGEXXFXFFG
EEBEGDCFGXBFCXHFEFA
XBEHCXXXCAFEFFXHACFFGFGDHEGFAEXBDEEFDEADEFXEXEACFHGEHDFXDGGGDDFCAGX
GAHXXHBXGAAXEDH
HBHDFBECDGEDBGFEDXDXBFEFCBGXDHDGAHDDGXHGFBFGHGABCECAEBHGHAXD
CFAEXBHCFGGXCDXBAGFEHCGCEFXXBCEHDDFDAXDHHEEEABHCBCHCXFDEBCAXXAECBAECBH
AEAGECD
AXEEC
ABEXHDCHDDCFHHXAXDGHXEGDBFCFCFEXEGXHEDHHD
CGHGXCFABBAAADGBGXBDXECAAAHHXXGXHEEAAEAHFBFHCCFFCGHFXHFBHXFHFAFXDBBGEGXXDXBAAFEBCDGGGHXGGDHFDBAFBBH
EBDDAFGAAEEAXCADHXADCXHXDEHDADFDCGHBDCDXBDHXXHCDEBXFEGGHXCHAHHDDEBX
XGEEAAHDEHEGEFAHBHDCEEEFFCXE
GBHBAHAHDHBXEBHXEBEXXXXFFAXGGGAFXDCHBDFAXFHABHDBFHEAAXABBXXCDHFGEAGXCBGEXDEFBGBBD
HEEGFAXAAXAEHAAFEXECHXGBGCDAEHCDGXGGGXCCGCAHFHXDFCHDDEDFFHBXFEEBE
BCCF
FFEEGBCDEAFBEHADXCBGHXDGEHDGEXXHBAHDDFCFFBGEEAFAGHABXAGGEDDAGDXBFCFXGFEHGEGBE
DXGAGDCAFGBXHCDECHEFHHFGHABCDB
DCEAAHCADEBEAEGGAXGHGEBHDXFBGEEHFCAFGCAXEDCGHHFHBEFEBBXEHCBEBHXAH
AHGDFHEHCFHBEFABDHGF
XADCFFEBCFGA
ACGGDCCDDGFGDBDHDFXFAFCBXFEFDGXEBAADAEEXXEHHEDEGGG
BFXHHXBXBDADBGFGEDADGHFDEFHXCAHCCCAXGEBGDGCEEFC
GBXAGAEHAADXDHHXHADEFHEDHD
CECBAHCCEGXBBABHEDXEEDADFEACCCBGDXBXHFEHGHBHDHADHBDDABCXEHHH
AFFDE
CDCHGFXAFAAEXAHFFFFAEDFB
BEFACHAXBXCGCAECBFXCBEXAACXFGDBCH
XXHHDXGAAXCC
CHXXGBBXBCFHXCECXBAGEEDCEHDHXEHEGFXXAEBBCFDADXXXCXXDXGAEGCHXBGDFHAXEEFHCEHGBCE
DADECHXHCEFXFFHECDGBBEEHGAEEDXEAGBAHHEGXHBCGCHHBGFGFGDDGEXDHCGGGGBXCFGXDXG
GCEFHFGGEABAACEBFAFEBEDAXXGCEA
GHAEEDEDECADXFCHDCBXCBHXCFCBBDCBECBBHGFACHEHGAX
FCAHGCHAECBGCEHAAXCHDEEBFDXDCCX
CCADEEEFXBFFGAEFFBCADEAEC
DGAAFHXDHDFFFGFBHEAHCXFCAXHXEHBCHEHCHFGF
FXXFDCFEFGEDCBXEHDAHXGDAAHHDGDDCCADXDED
AXDEACDAEFCXAFDGGXXDDXAFXGBDCXEBXBBXEAFHXHBHXDAGCXXCFCHAAHBAXFXCEGCHDCGBBFXXBDGCXXACCGXFDXA
DGDCCDFBEED
EBDEBEHCBBABDDDEHX
HDBCGFBBEGAHFFCDEXCBECA
HAFDAG
CGAEEEAAGCEXBCXFFHEECXCDDHCD
DADXDDFABBAADCHFEXXBCDAHFDBG
BECAFFCXBDXBBFACEDCBFBHDEXGEBGGAAEDHDFGXXXXAEABCAFBHBHFFCXEGFXHEFGHHFHGXAFGEDFCGFFBGXB
CAHEXBDXGDCXEFGXAHCEAFDAGCGHGDGDCCBDGXBACXADAXDBHDAAXBXHCFGHBXDDHHHHXGAHEAXDAHFCAACA
BBEDXCFCHXCDXFXXDXGGBEXEXXDEFHHGXFDEDBCABDABBAECHXEDDCEGEEBEDXBDDFCXAAXCBDACEBCHEBFDXFGDXHFDXAD
DXGCXXXGCCFHHCEHEXBBEGDDFAXXACBCBFEEXCFBHE
FFHDAXFF
CFDGFHBADDGXDDDGXFDBEAAAHDEHEBFAXXDCCGHEGXHBGXBEHHGDFHHEDDDHGGHBXEA
GGBXGEDADAFXHGXFDGXADFCDCBXDFHCCDFE
FABAHAGGFXBGCHBHHDEEXXHCEGFCXDGDHGFBGDBDBABDDCCHFEXEEGFADCAEHCBHCXHXGGEFCEBXHEGXCFBFXB
FXGXCHECBBCFBCAXHFFHFGEXXAGEACBCXFHBGHHF
DFBFGHGHEBCEHXDGXEHFBFXXCXGBBDFEHDCACHAHBABACFGXXCCAGFEXEDDDCEECFABHEBDAAFDEDEHCABCBFBBBHGBHGAHA
XFCBFEXHCBGFBGGABAHFAHCAADXFEGACHEDBXADHEDAGCDBHAXEBFHFEGEXCAHGECXXXABCXEDEBBEFAHCEFFDGE
BEHBHFEXGHGBHADGCDXFDCBCFAFXDFFDEXDGDBFGHFAADCABABBABABDCCBXHX
AHEDDDFFCFFG
GFHAGCEEFABHDBGGHXCGHGAXDXFBBFXFBD
XBEEGBBAHHCFDBHECGDBFBCFAHGEFEHCGGXFCXHBDAXCFEBAGBBFDDB
CGXFFXDGHAAHHDDGE
GHEEHBD
CEFAEFHGAHXBGDXHEBEFFBFHEBHXHAXXEXFBXABADXAEXCDGBAHEFCFDHC
ABCDDBHHHHFGCGCFECXCFBHXFHGBFCFCGHFAHAFHXEADDBBGFBGEXXC
EBXACBEXDXBFDHBHEBGCBXAAEH
HXXXXFFGDXX
EHX
CBAAEHHXH
BHDXHGDAAHAFFCHFFCCBCHFCGHFBGDEGEEAGFXBDCGEHBBXDBHFEAC
HEAAEEGFDEGFEGCAXHXABFBCXFHDGEHEFXHABDFEBBBXFXCHEBXHBBXXEXX
XDGACGEDXGBXCXEGFXEGXGFDBEFFHDCFACBGXBDFCCXCAXBHHDAXGFECXCFXHBEXDEBEAXEAHXCHHDFFBFE
XBEFXFXDDAGGGXEXGGHHFEBEEBEFGDDAHFDAEXAGBXXHDXAGADEBXEGFFAEFBBXDACXFBHAEH
DBECEFDAEFAFXFFFFGDCXAEDXDEDXBDBEADDHHEAFFEXGHEDBGDBFEGBGBEAXCEBEHXGEDG
BCABXGBXEBF
AFCXGXDAGGDEDXDBBDAFXGXDBFHXEDGDXFEFHBXDHCFEAFFAEGHXGXDGDFFBHAAHDDEDACCBCXX
DXXGDFGDCEBBDDEDDAXBHGFGEFDFCBHFHGBCBDCEHEFHEBXXAGEGEGBABEGBGFDGGFGHDBGEGXAHADD
DHACAEFAXEACBBFDFFHCXHEFHBBBXXCEFCXGCDDFFEBHBBCBXBXEXHXDXHAFDAXFXAGXHBDEAHXBAEAFEAAFCCEX
BDFXXDACXCEEBXHCXFBXFCEDEAXHBCXCGBFFDEXFH
BDFEAXHDBDAGCEDHFDGEXAACBDCAAAHCAXBG
BXDBCAEEGXBADBFFFFABBEEAGCGXGGXFDHXEGDHCH
EDCXEHBHXAFADAEHDGFXBBBHXGDDBGGCHGGDBXBXHGXEHBXAHCHHXGFAXDHEHEBCEECEGABCHBB
XEFEXADDEAXFBFBEXXBHBEAXHACCFXXBEGCHCCEXFXDDFDAHDFHA
FEDEGEDAEXDDHCXCCGXEHXBEAX
HEBCAXGAXGAGGFDEX
BEHEGXHFXGBBFGBGFFAHXXFDXBHACEBHXAHHDFFXEGBEEABDCEGABDFBDCECXAEHAFDAADABCDHGBXGCG
BFXDHCBBFHACCXCEEGXXCGBDXEDDXDGGDGAGDXDEXEAGGEBGFAEHEXEGBAGHDHHGCBFHHXAFCGHDFEEXFDEDGEEEXXECXCADEGC
XGDXGGXHFHXFH
EHGAAFEACDCGFFDGEDGHGHXAFDEHBFEDHADA
CEEEFXFBXHDDGFXBGXXDHBCXDDFBACDFEEBAGCDCHGGXAAEFFCGAXCBCGXEHFBEGXABGHHGXEEBHGXFCBFAGXXFHCDADAXADDXH
EGHBFXAHAFHEDEAGDADHEAAHAFEBCCGGDBECGFBEGGBXBDEDFABXADHBHDBCHCBFBHFEXGHCEAFCECXAGDXEHHG
HDEHHHXBBGDXACDBHEHCCDAEXAHCGBCCDXGHDEECAGCFBXEXCAACBBXDEAAHAEAFGHXHHHBBXXEBXFBHAXFG
DDAXBDEHCFEDBBCXB
XAXXXXCGBHBEBBCHDBCDAFHBHAXBEGFFXCFEHBADCAXBHXDDGGHAXFFAGDAAHEXCDEHHGDGHHAHECAXAEHFBDDGFHDBXFFAGBE
DHBDFFAXBCABAXGFDDAFHDECBFHGBCCHGHCFDHFDCAEAFBABDAHGFCCEBXGBGBEFAFFFCXBBXHCFXBFEHXGBADCBBAHAHDBGF
XXHFFEGBCFXAXCBFDCGBFAEGCDGHGGAAGHCXFHXBAAXXXFFCXXAGAFCAGHEBGE
DAGBBHXCGAFAHGBFBHHAEDAGEDECFBHBEBCXHHHEFDBFXFEHAXDAGB
BCHAGEDEAHEEACEDDAHXAXCDDAFCBHFBCXHEXDH
FHDDBDEHFBBDBHHDDDEAFBFHBDDEHX
HBXDGHFCGEHBC
DHABGBAGGACEAGDHHXAFFFCGEGHABXGXEABFGDFDXHHAAAXCEHAXGCDHBACDFXAHAGHDCDDCCXBGXBAABHFCDCGGADFXFDCAAA
DFBBEXBECGHHFFACBGADHADXCDGBFBBGGBAFFAAXCAAGDGECEFCH
CDCBDDABXDHH
FCHXXECDEACAAHADHCEBXHCHHEDHGDFAAXDDABDHFFHHGCGFAHEXGCCXXDFCHXHADGEBAEDXGCFFEAXAADX
GFDDCFADDEFAFBXBAADFFDBXAADXXG
GHGXHXADCDFXAXGHDAXDEHACFFGHCHDEXGCCEECBEGGCDEHBAEDCBXEDDHAHEXDCFXBGBHCHFDFG
BFGBBXGXEXFGE
BCXAGDXHDHXDBDBGXABAGBEFFHXAXBDECBDGFXAHCBXDEDDDBGBHXDCAEGAXCGGXECXAHGBHHEFFECXHCCFGBDH
DDCECBHAHBGAEGGFXEEAGB
FGDFA
AABDACXEFFXCXGAGCHEXAFBCXBAFCFDXCGGXAHGXDEBCXBAEDXAFACABACGDCXXHGD
XHEGEEDHFHH
XAEXBXBEBFXXXGBBEHBXGF
BBC
HHAEACFCBAGHEGAXCGDBFBHHAAFGAGFBGHAAXBCAFXFGHGBABA
FEGDFHG
BHHBAFEDXCGDAXGBDGFXAEDDHHEXFXFCXEXFFXCDFDEF
XBDFABEAHGXHHDEBAGEFBGFBGBEEFDDXXFXAHDBDEXAHHCEEBAEHHXFEXAGHDBGFCHGBEEFBGFFEHBFCFGBHGDXCFAEFEXB
CEXXDFFXFACGCCDXCXXACXDH
DGAFGXXFDB
XFBDGBBXAAAFHXFBFGDGGDCHBDFGDBFAGAHG
XCACACCXFXCXBADFECDXBXGXGFHGACEXFEEBBBFXDDGXXAXADGBG
BAFGGFDDXAHFDEHBHFHCAXXCADXGEBDXGGDFECFXXADBCBDHHBGCGBFXCXX
AHCHDGDFHGXEGXXDGGEDXHBBXAXFEXEXABCBDGXAAEAFCDGBBFGDBAAHCFHFHBDEFDDGHEEHCXEBHFGG
FFHBHBFBHDHDGDXBGDFXGAFXBDCEHHBBDCCAFGBBHABXGFECXEHFAGHXFXBHDACGBBXEHFCHFCHBEDFAFACAFDBXXG
GEBGCAXHXEHXAXHEABFDEHEGBHGFGCCEFBCBFGXCGDHCDDAXDHXEDACFHAXECDHEFXDEHGGHHEGBCGBCHBDX
DCCBXXEGGFHCXGXXCGXHEXAGDEGXXXEDHHEGCEXXFDBBECGBGDC
XDCHCBDXDEGBFGGHGBHFGFCDBDFEBBBEAXAHE
HXDDGDDEXAAGBGGAXGDCACFHCHDX
ADBXCDABFCFEXGAHHEXBBD
HFCEFBFDDEGEXCDABCECAGXDAGGDDEBDCECEFXAGDECD
CXXGCXCGHGFEFHAGA
FCGAAGEHBBAABFBXXHBXGAGDFXBHBGXXGACAFDD
GDBAXGXFGGAGBFDAFXCCXHAXGXFFAADBCDBGFAXDCBXAFAADEADFCXGECGGBXDAHABHH
FCAFGEGB
AXHXGXFCCHAEDGEECAHXCBEXFHXDCAAAFEBEBBEGFXAHHXXA
CEGBFCHAAHBECGDFDFEGAXEXGA
GFEDDFBHGFFCEHDD
HDGHGBAXEGCFHHDGXAFEBCEBHX
CAGFDXXGXBHAHXXBAHGCXFEGCDXHGEBDFDHDEXFGGADCFAXBBCHADDHGFFDEGCXBDXXDDBAGFFDXEGXCCHDBHXFCBH
CGACACHCXBHGEAGXXCCGEHBEFHAXDFFXEXDGHGFGXDBACBCBFFXDXHDE
AAAFGXCHXDDBXAFECDBDAEGGHFADABXCAEADFAADAXXEXCBFHXGFBEFXXBXGAXEDXCGHCA
CHGHBBBGFCAHFADBGEHHXHCDDXDHHFGXGHCFEEXAAAHHE
GFBXAAAXEBGADXAAFDHFFFADXFHDFAHGFFACGFDBFDXCEXHFCACGHCACFHGAFGGDCCBBCGHGXFXCDCCXHDFEBCXXACGCDF
XBCDABDDFXCFDBBECCECBEBFADHAHHBCEDCDHHFEHCXABCXHFCDDCHHDDX
HEFCHFBBEEGFBHBDHDFHXXCGHDEDXEGCEHCGEEHFDHHX
FEDBCEHGCDBFBFHABAHBCFHDFGDCDXACHDDFXDH
BHDCDCHXDHFH
BHCACFCBDBGCGGECHCHDEFAFXH
BAAXBCAADAEBXEHCGCHADXHGBCEXFEHFCGCCFGFXAAXCHDDGGDDEHEHAGDEBEGXB
AXDBXDXABBGXAXFAHAFHFGHFDDFDDEEXDDGXEBDHBHEHFCDADXDEBEEXDFFAHEDBABFXEXCHFFECCDDGAHAF
DGDDEEEHDFFCBXAGCDBHHX
FGBFEABXDHBDXACBHDHGFXGXHBHXFXEDGFDGECGFDDEAGCCXDFAEHEHGDX
CBHCA
AABAXXEXXFEADDGFBEDXABCFXAFCCXBHEGAGHXDEAXBEBDADDDAXBDXGCEFAFBCGXGAEXEGACBDBHEXAXFXCCCADFDXGFCGXF
BEHCDHAHGXECXCHAEGHHABXHEAXBFFFHDBEGG
XEAECCHHCEDGCFGDCECFBXHCFAFGBABGBAGBCHAEHDGGCCGHECEGCXDHAHCHBGEDFCEFXCCHHDXDDBHHBGHDBHHG
FDEGCBDCAXABEDBXECCGEAFCHXGCAFXFHAHBECFEBE
HAXDHBCXCEHFBGFGFXXHGXEFFCHGXGAAXXXGAXAHXABHXDXCFGXGCAHCXACDEHAFEHXDBXGGGC
AAFECHXBFAGAAXBEBBABCHFGBBFABA
BFECFCDBXXEHE
CDDXGEEXAXHGBGEGFGBAEXEFFDECXBHDHGEFDCXDFAABFXAXDABBBGEGHCBDGDHBFGBDDXAHAGXDGGFXDABHDFCCHXXBHCH
HEEHGFAFCEXGGDHXHAXDAXGEHDAHECBAGFGCFXACXFEXHDB
FXHBEAAHGDCGFFCXCDACDEGBGXXDHFXHXCXFCCDBBEBCGFCDEFEXABFXBEXH
HEGXGBXDHGGCGCBAGAXDAGADGHGDHEDGGHFEXAFCAFGHCCGGCFAECGCFCEXCBHG
BGCFHEBHEGXAGFAHXHXHHEEXXHECHDEXGDHHXGHGGGGGGBGCHGXEADCHAEH
CBEDHCXHECCXCEGHFXFFAGBABFCHFFAGEEBXAHDEEEFFBHBCHC
CCFFBHECDCXDBDXDFEGAEBFAGBFXDADFDEGHHFGGFXGAEEAADCBGACDEFBGBXFHHHAAFFFHHEHXAEGEAADBCXGHGBFD
DGAEBXEAXAFAFBFGDAAFFFXFDXEFDXHBEFDXEXDFEBFEAXFXAGXHACABFDCHBXDBDAFCGHHFBCFA
EEGDECGHHAEFXXGXDXXAAEBCHXCGHFBEHCDHCHXCHXFEX
EHEDCHAEGBB
CDBCABDEGCAGAXEEABGBAHCGXFHFAEXXGFGHAGGDXFAXFEFFBEBAGEX
EXDAFHHFAEBFEEFDBEHHFBEEAFABDFFFCFGDFFAGBAH
HXGDGBGHCAEBXCEHAFBEEHBAHDCGGEXXHFGAEEFDHFEBDBXCXGGCBEGFHHFHDBXGFBCACCFADAF
CFXBDXHHAXCHGGXXHGGFCBXAEAGEBFBBAHEXHAECDXAABBXHBXDBCXBBDXDFHHAHEABBCGFDXFHCDXHAAEHAHBADAHCA
BFAGXHBCGCEHH
FDXEHBCAFCFDHHGEFXBHDXBBDACBCGFDHXGBFBBBDFEXEDDCXCCXECFHBCEHABHXCFGA
HCGXAEBCDHHXCGBAHAABFAACFGFHBHGXGCEBFEDCCAXAFHHABGCACBCCBXAHBBEFA
HFFXXBFHXDBFGGBBBCACFDXX
GACDEGCABBXXXAXDEHFHAFGFDCDEEAXFEBCAGAADGBFABXXAHCCX
HCDDHGBFCEXEGEGXXCEDGFBHABAFGEFGBAFFBHCAEAEE
EXEE
BXAEGEGHGCXBCHEADDDFDGGXFXXFFXFXGEHAFHFFHFEBHBAGEDXGXAEXG
AFCAHADECXGXBFEGDCEEGBXXACHHGBXAXCBDCXGEXFXHABXAFBCCFGBAEACECDECGFXGDGABEGFCCAXXXEHAHFACXBGBB
HAGEGXFDFXA
XXCCFCCHFFAAECAFAABXADAEXECFFEFCDBFXFAAFBGEDGBCBDFGFFFBAGXXXA
GGGDXBHCAGBAFHFEGEXAHBXEBHEFCFCBACABBFDHEBDDXFCGEGCEGACDGGFXXAAEFGBGEDXBHDHFFGDEXHXFECGDXGDXDX
BXFFCACEXDABADHHCDCDFDEEAFGFXBAEXDCHHCHBCXFDFGFXB
ECCHAEDCGEHEDXCGCXDBGAXADFCAEBXCHXCXBHCXAHHXEGHAFCHBXBDXDGCDFCBACHHHEGEEGEEBCEDBHH
CDGFFAFACBCAAGBDCCCDFHBBDHAHDHAEAXCHHGEDCBFFHGFCGDBXXXGEXCFGHDBFBHBE
FHFEECCHFBCEDFDGEGHECGAEEXEFA
BHCHDGCAAXFCECDXAGABFBXFHXHDEAXCFXEBEXBDHCFXHBEAEE
DAHBXCGGAEDCXFBEXHHFGBCDXDECCBCAACGDCXXDXHABAFGHCFXEDXHFHBGBFFHGEBAAHXXFXBEBG
XEFDFG
GAXEFABDEBHEADEEADEBCXDBFFCFGEBFCAEAABCAEAFFHCGAHBFCFDCCAFFGDDBAHABHDHAHFXDBX
AHGHHECCHHDHGGFGGXBHDGXBHEGBGXEXDGCEBXHXGGAGGXDHXGEDABDCFAHEFGEDC
DFDCHDBXXAHFFDBFDCBEDDBHBBHBGAEEBFFBXXFDHFXHBBAFHBCXXBFDXDDGHEAFCEGHEFDFXADCXAXDBBEXGDH
XFXGCFDCEEHBACBCEBFHEEFXHDXABADBHGXEGEBGBXXD
CFFCAHFEEBEAHDAGFXEHBDAFGHEEGXFBDBFGAAFDFG
BGDEGEABBCEFXFAXABHBFCEAHDGBGDFEDHFXDBEEXGBGCCHFCXXCGCEC
EAXCECXXBGBHBFAF
XGXEBE
HBFCCAFXDGHFBCGHHAGHAFXHXAAXEGBFFBGDEX
EFDBCGEBDGCACBHHFDECADCABFCXGDCCCABDACDAAEAXFAGXGXGHEBXGCF
HGFCECEHD
BECGDCGEFFXAHACXAAXCDAFXFXHHEGGCGEAHXHEHCAEXXFGGXBEFXGCGCDBXXBECFCXGXAXEEBHBX
CBFHACDGDHXHEEXDDHHAGCXACHGEDGHCCFXBXEDHHEXXAHADGXHAAFHEFCBAAXBHADFHXGFBEAXBFXXDABEFEFCCDBBHDGHCFH
FCAHACDAXEDFBECEXDBHAADBDFHABHBGFBGGHCBABCFDACXXAXGXBGDXEHACDGBACEFXGEFCDXEDF
EGXEXCBGXDCFCAGCGCCAHDHEECXHFHBBDGDCBGAGXHGBEDXFBFHCXACAGHXFXCCAEHGDDHCBEHFAFGA
XGGBFBBFXFBCABEHABXBBFFFEEDFCBXDGCGEDDAAXCEEEXAGAAHFHFBFF
XEFAGFAHE
GCXXEEEBGXCDFDGGXHHFAFCCAXHDFCFEDGAFDCBFE
BGCEDXHAHAEXAEAGGBDXHGHGDBDXXHCHBFFEGC
ECGBDXEHADAFBAGGCBHGAFAXXHBXAFFBCABGGFGDAD
AFCAGXXBFBAB
EHABCHXCGGDEDGXFFEEDA
GAEGGDEEAEBXCXFFEXXEGGCBFXFXGFHA
HBHECEGAGEGGHEAHAEGBGDADBGDXEDDCDBHCAGDFXBBCAHBEECFHHXHBAAB
HGEDAEAAFCBCCG
CEEXXCEAAGHEAGDGFEDBXXDEFEFGECEAA
FGCFFXGHXBCCFCEGAFBEHFCEFCBEHXXFBCFDBGA
FGCBBBDCEDC
DBXCGAGXFGXCHFXFCFGXDEXXEA
CXACGGFDCBCBHFBEEBGBBECBCDEXHDB
FAFEBGAHCXXGBXFGBEFAXCACEACHFAEEGHGGFBGDCAADB
CEABADCAXXXAEEECCXXCDFXDCDABEFCEECXEC
FDACEAHGDGEFAHGFAXGDECEDEFHGDBXXBGDADCGXGFAEGADBDDCFGCECHHFCBFGHDXAEXXDBXHBHAEDBC
DBDDACDCG
DXBHCAAGXAAAHCEFBXHAEDGAABHCAADGDXHAXBXXFHADHGHHACFDX
ABHFGHEGFGHXEDDEGCHBXBBXCXXGDCXBHCXFABGBDF
DCAGFFDDEFGXHCDHFDFHDBGHCXBXEGBFHXGXGHF
DHEEEBXDABDGAEHXEGDFGHGHCBEFCFXHGDXBFHGCHGFBGBHAXBXDCGDXD
EXFCAACGECAXCHBEGXHEFDDACCBHHBAXHBXCBAAXHBAAHHXDACDDXHGAXXEHGXDCBBAXEHXG
DXAAGXFDDCCCDBDXEEHEGDCFAEDAXCGFEBBBBDDDXGXEAGCAEHXEDCXGCAGXDGXXFDDAXHGCCFHFDGEF
HHABACBXECBXCHAAXHBGXXACAXHCEXCCGBHEEFGAXDDHEXADXGHAEDEFAF
FHFEABFEBFFXEBHDXCDFCCAFBAEABEDBXFDABCXHADHXAXEXFXADFCHXFABGHEEBHDAX
XEXGCDFAEXAEHGDXGAFXCXDCBHHDDCGFBGXCHAABGBCFXCCGCCHEHCGXGAGDXDDCABGCXFFBHFGEFECFGCCEXGXHGBAC
DXCXCDDFCXE
HCFXEEBFXDABHFDDGHAXGGXAHBAHEEDFHXBABFDHHGCDBBCBBEGDXEDCDXHGEDXXAADEGEHDBFXGH
XXBBXFXGHXEADEAADCHDCA
GDBBFBCAGHABCHDGBHEGEAXGEBGDBFBBFBCBEBAGBHXBGBCBFAACGHCFXHAHXXAGXBAFEBCBXGAHAH
HCGECAHHCDHGHBXCBDXCX
XXCFGCECAHFEBEBEEXEBAHAC
BCFFBCBDHFHXHEBXBXDCDCDBGFXBCFGEFDCBXFBHCXBDFGDEEXABEHFGCAXCEAAHCDGEEGHADEBG
GDEFEHDDEAHEBGFDXDHFFXFBHCHXD
EAEDHGFXDCDHHXEBEEFDABAEFHDBHHDAXAGDGAECXEAFFDABEGEFXDGCDFFEB
DBHCB
GACXBHEGAFHBBFGCBDDHXCEXFEGBCCFFCFCCEEDFDXBGBHFCEEEBEAGADGA
GCFHBEDEBGXHEXGHBXBGXEFBXDFDFXACAGCAHGEGHCG
HGBEFFDGXAHDECEGDEXXAEECAAXCHEEDBBXGXEADCFFHXADCFAEGEDFXHFAECXBFHAFX
FBBDECEFAAEFHXHFCGCXEFBDACGHGCECHDDXCXGECDCDAXCB
BGEEFCBBAAEACAXBDAXEEFBACEBXCFXHGCFGBDHHHBXHXBBAGXXBBEDEABHGGECEGCEXFGAH
AXBFEFHFGHGAGXCFDFC
GAFCGDFFAGEEFBXBHXGCXBBFHXBFBBHFXDHBXBHXDCCE
CDBADAGDBBFFBGDXDEHXFCXHXBHHAHHDBCBXDXHDBBDDDCD
HEHDBEGFBFGECGDXBXHEC
HXACXADDHCXCCXBEEHXBDACHDCGAFEAEGXDF
XFGAXDFBFFCDFAGCGAHCAEBFXXEEGGFCFDGD
XAXFAHEHXCDAABDXEGDEBCDFBAHFFBAXCCFEDGBAHXGDHAGADBEAAAAEXEAEEBCDFGFXAHBGBDDHCEFA
HFFDBDAXDHGHHEFHEGEXHDFBECHFFBXECDXGDGFGBFCBEXXEDDGDHGHBEDHGE
AXDAAAHDHFXCBHGGFDB
XHEBHFEHAFDBGGDFXFXCHEEDCFECXHCFXDBHDDCFADDFBDXBGDHDHAEEHGABXGDFEFHGDCXBGBAGHBFFGEXDBABCBACE
BEEAXDHGEGCEDHFBCXXXGDHFXDGCXCFFCBBHXDHDCHXCBDEDHXGFHHGACCAADCEHGACADEFBEEEE
XBGGAADXHDGCXBCCXXAXEFDBABECBXFCAHCXXEEABAEBXXBHFEGGFCBGXGDXXCEEXBDBAXECECGCAXEDABXEE
CBAXFCAAEFGGHHCAEHXBECDFHFEHXDAXCCFHHAFDHADCDEBDFDGXCFBDFFXCAC
EEHAHGXEFGXFCCAEFHGEFGADAEBFXCDAXEHHFBXXCGDXXECEFGAFXGHXBFHGXABCHCDEBDCCHAEHHFFD
CXBEEACEAAAXGBBGEADXXEXDEXAEHCCADEDXCXCDDEXACCEGAXCABEEXXFCGCEEHAGCXDECBGBGFXAGBBCXFEECXCFCCFHEEEE
AHXFXDCBXXXHHDHAXDFEGBEHAECFHHECGXEDAEFEGCFBAAFDFCAGDXCFCCHHDDECEEGGEDEBXHEGEFXFFCAD
HHFGCGDCGDXFAEE
GDCBHAGAAGXCCADDDHHFFDGGFCXF
BXFHABEGEHDXXGFEDEEEAEAHCCEXCHFDDXHAEBAACCCFCCCGGDFCDBXBHEGXEBHFHGCCGEACFFDCFA
AXFGGHEEABFCCCGHBGHHFHGXHDGAFXFGBHAGFFXFDHXFCXGHACHCEDGFBFBDBACCXFHDEBADAF
GAXDGHG
CADDAEBFXAEAHEHCGHGFEFFAECDXDACBCFGXGDGGFCAAXXFEFXGFGFAFEXXCBAFHGEHCFGADCCHXBH
ADDGCADEHHADBDHDHEXAXGBDXHDFGEGCDDEDAEGEBFEFHXDE
DBHGHCDFAXFBFBBGGBABDEBGAEFXHDDEDEFFFCXFCBGGXHEBBCFXCCBEBXEXCXHABAAGBBGGBCXXCDBXHXAXA
HBHGXADXADHG
EHEHCBAXCCXDXAACBEDCAABDDHXGXDHAGFXDF
FEGBDCHAXAEXXAAEXGCXEXADFBFHBEAECHXHGEF
GBHEEXHEXAGBFCHDFHXGHAHDADFGHXHXEXAXAAXXHCBECADECEAGCBAEBHEEDHXGGHFFD
FBABEXADFBXDXDBHEDFXFFEBXX
DFHEXFFEXCHBCXXXHCBEBE
XCDDBGCEDHHFGDXDGEBDHFCBBHFCFHBBADAEEGFCDBBDBXBEDXXGDFBGECDBBDHCFDEADECEEEHDBBHBXFHXEXGEC
CHCGEBHBCBGXHDCAGGAXC
AGECF
EFCCBFXHXFXGHGDFCDEDBXFDFHGAFDDDAHFEFEXFDCGCCGEDFEDGBBFCAGGEHCACEGCEAHXCXB
XAAXEEFABHGBDCBCCFBHEBDCGGGCBCEAECDFADXXEEHGXEEGEEDEHGGA
BXAFHCBCBHGADDHEACDDBFXFXGBFAHBXCCFAGXFCCXGGHAFXHAE
FAAXDCGCAGBCCGAGBDDBCGHBXCDFFDFBABAAXBXBXGCADFDCGGBFXGCFCXXGDCCHCXBEXGBXXEEHGFAAECEAAEDFGXCXEGEHXE
CHAEBBCHEBAACFCXGBEXBGBEAXCGDDBFXCCXDGCXAHFXAXBCXAADCFHGBCCEXEEFAXDGFGGBBGXBCHGHFEDEXHGEFE
XBGXDXCD
AGFGGDBGEXBFFEFHDBEFGDEDFFDGBBXHCGCDGGEAAFEAECFDEEHEADECGFBDEG
CGBFEDBBHAAEBADXEDGFFCGBGAACDXXBBABHGHCDCAHFEDFDBFCHE
DAHABBEBGGXEHGDEGHHDGBXXBDCXHEHBCXBXCGDXDFGDGXXXDEAACDDCHXAFCGCDEH
FBAGXCDXDXCEADDFEBBCHXECECFBHECXAFAHHEHFAXAECGDXB
CGFFBBBHGXCEBCDFXAGGACEGHCXDABFEFEDXBAHFFGEEDFDBFBCHBXFFCXGFDGXGGGFBCEXDAHBFDDBDDGED
HFEDDHGFGEXDFHABECDAGHXFXBXFEAEBGXDCFFAGXGXEDCFBAHGBHFH
HDXEFEDFAFXEDEHH
ACEDGGEHBHHBDEAHFBDDCFXBXDGXGGFDDEXDXHAAEEXAFCHCCHGCFCDBGBFXAXGHEHDHHXH
GFDDDAHCFHDXEXACHXGBAAAHAEGDAXCCACGHGBHAFDCBDHEAHACB
XCXDXCHDECGHFCBCBFXHBCBDXDEDHCBXXXHEDBHXAFCBCAEAFCFBG
CFAGGEDCCEDGHXAXXCCFBAXGGDDACCHXEGGXCEGACCCCDCXC
CAFDXHHXCXXCFXXAECFFGXEHXABGFEDXCHAGHEXCXEEXBHAGBFCDEHGADHBFECABCGBDGDXXAHXCC
AHEEACXXFEDEXBBGBGCHFEFXFXADBADHDCCDXDFDDDBABBFGGBFAXHAXACFEEFCXAFFDBCXFFBHGGCFHFBFHXC
AAEXBCCGCA
DCXXGEACFHXEHCGCHGXCDFCHHGBDADXCHGCBACAFAXXHGHAXAGBDFDCHGFXFHFBAAXABFDXA
CEDHEFAEDCGXGGDGBBBFGGGGFXEBCHAHGAGFAEAFHXDHXCBCXHXAHFXCCBAFGXGBAEFGDHFBECEDHFDBDFFGAGCCGGCFHGE
CBFGXXHFBDH
XGEBBBAH
CHAEXCDEFAXCDAEGHCXBCFEXAGHDAHDXAXBDAXAEDBCCBHBBFCAAHXGFDG
ECEFHFAAHBHAFEXHHDXHDHXHEGDCDAGFAGADGBEEXDGEHEBCGXDHGDXCEBDGFEACAEA
HGAECHGCABXHDHGGBGDCD
GEEFCHGEDXFGGEEDCAAXXBXXXHGXXCGHXFAGGABFBFFGBAEXCGHCCDXHCFGXHGEHBBFXGHAXDXAFHAFAEA
BHGXXHFGDGDHCCADGEHECCGHHFGHDABXDCADBADEACCFXCCFXE
XCBAAXFXBADDFGECEHCXXGHHEGBBEEECGFHABACD
DDFGFCFXDBAXHAEEFHGEXBCAAHCHFBAAEFCXECCXGECH
BDXEGXHAAFDEAXXAHCGEHABFHGXAFBEBGHFBFFBECEBFDABXEGCCBBGAAHDBHEXABGDGAGGFFGAFCDDEAXGDHDH
BABHGCEXDDCBHEEECXHEGHHDXDGBFFHDDXEBGFHBXFEHXEHBEHXAXFDCABACGFCXAHDFAHAAACGFXHHBAFCC
DACAXFGFXFEBDEHXHGBDAEBCEFFADHFCCBBGGGHEHHXC
HCBHFXDXBCFCGHHGBBHHDABEFEAAHCEAHBBEHFCCGAFEHADBDXBDXXXECEXBCCBBFXECGG
GFFDBEFAGXCEXBBEXBCXAGGGGCBXCDAAAHCBCDXFEBBGGGAGBHC
GXXGDAFHFBCHXGFAXXCHAECHFHFBFFBBDBXCCCEHCCAGBXCHXXD
FHHFACEXABBAXBGXXGDAFGEEAGXGBFCXAEEXBHBH
AGXCCGBXFGCBCFXBBHDDHCXAFFAHBCXAABGEGCXCXBXXAFXXHCGFGGXHCDHXEEGHAXGCABBXECABCHBDXGDBEDFX
HXGCEHHEEFHCDHAAAECXAFXGAEHBBAEGABEEXEECFDDADAHADADCBCDBHXCXEGHCDGACDAACCGCGFGAHHD
FHDAHADFXBGCXFFAHEECAHGAXAXDDEECAABFCHFAGGGDFFEAB
XDCFHAEEFEEBEEAGAHGGXFABHHAFDHHHFXDEXGEXGCCGBCGDGHBHHFFBDGHHDXCGCBDEACFBDXFCD
ADDFBAFADXCEFXED
FXFFAGXAAXBEACGBXXCXACBDFBGFDGBBFXXEXABAGCAXFDHCGEHAABGDHBAXHBAHBEAEBCADHAXGHABBDGFFX
BHAEHGXACEEBXGFEXCFBEXBGGCAFEBBHCDFFBCFGAHCBFDDAGEHBCFCFFGAHDBHAGDCGEXEEEGXXXXDHCCADHEBBCACBXDBECCA
CAH
BAAFGXCFBHHDCEXHEXDGHDDCXHGAEAEDHCCXBAEAGHFHXBCBEBEDCCXGEHEBGAX
FDXBDAXAHFEXAEDDCGGHGFCAXGAHCEFXABAGEADGXCBGCFGEGEXGEAGBFBX
HCECAEHBHFHGCXEFBDEEXDBDAFDHEEFEHBXHXEEGHCCHADCEDFGCAECHDFXHGBEGDGCBADGXDAHBFXACGDGEDA
CDXXXEXBHAAGDBXDCACXHCHXXXGBCCFDAEBCXGXXAGXBECEADCEBCBHGEGXECXGDXXGFAFEX
DFEGAHHFXHGXCEDAGECEXHEXXAHAHXXXAXHADCHGGHXBABFADEXABFBFXXEAGDAC
FECCGCXHHXCBFECDBFAEACHCXFFGFCDADGBGFCBGA
HGHFCEDCFBEFCAGDBEFGDGAFDACHXACEAFFAGABXDEAXAHXBAFGXFGHXAHHBFCGXBXGHGBDHCCEGACCEBAEB
AHXEHHBDBHXXEEFCAEEAFAGABDDHFECXCGEAXCGHFAAAXXDBABAEAAHDGGAE
DFHXEADXHHFHAACEGHAHAFEDAABBABGEHEDXXDDXBBXX
XXEBFHFBBBAGBCHXCDBADFBHAGHEBFXHXFXHAADAHFECAHBBFFE
BXBXXEFEFBXBCGDAXBDGHBCAXEFAHDEAHGDECXCFAF
HXXGGCGCGFGHFECCCBXBCCEECCDHEHFCEACAFHXHHHGXEDGCGDDGHEGGH
XCCB
HHBGXAXGXCCCCHDBGEDFHGD
FCBAXEEGFGBXGFBXECXEDDFXGBDFXDGBHGCFGBGDADBGHECCFBDFXEGHCECFAGACXACBHGCECECAEFCHGDDBFDDHCEBCB
XDDAEEHBDBFXHGCEAFDGEGXXFFXAF
HGGXXECXDCGFEHCDAFHHEDAGXCGFCEBGFHHECCEXGAAHGFGGGXAFGCXAECFBACGEDEGCDHXXH
DBDFXGXFDBGBCBDXBACCDEABGDBBAH
XCHFGGFBHXEBFGXHGACHCXCBCBXBFBDHHDDEFCGH
BFEDGHEBCBGACDFDFDEHBCEXECCCCXBFXFFXHHEGCHFCXBXHHDCDCFEHCDAABXCHFBCHC
XBDGHB
GXCEFAADFHCECBGHDBFGDCDD
XAFFBGGFADAAACGEDEGDBAC
CCDGCA
GBGEAFADFACFBXHGGXXEFHGXEBGGXADABHGHXFAXDEGBXCGFHGEGAFGBCXGFDDAHXEFFAFCHX
EECGC
XBBEBBFDDGAEBBAFEHEXDDFGCEDHDHDBXHFXD
AAFCXGFXEHDECHXCEDCEADGCGFXGGAGEDFXEXBXFGXEHGFEBDXCEDBBXXGAAF
XBEGGFFAEAAHEAECAHEDHAFCCHXAEXXEACXGCXGAFBDCHXAAGEAXBDFEGHXHFEBAGHXXH
EDX
HFCCFGXXGAEFCDA
AAHXFHAEGXEXGEGADHHDEXDGFXCXCGADBGAACBCGGXDBFEGBCCHGDEGDDBGFAEXEGXGFXFFXBACACGGXACFEX
BBBFFADXFHGEAHBCGDFDXCBDBCAHHCXBABXC
EEFFXFFCBHFAEXXAFAEFCHFCCCADXHCXDGXCXAXGEHDEEAECCEXCCXBBB
FCBFCXFCXXEDDHAHAEXABBAXAACDXFDFAHAGBGXCXHFXBFBEDEEBDXGACCGDEEXCCDHEXCCGFBXCEXECBCAACBGBH
ECCHH
ACDDFFFBDDXABFXCD
BXEEDHGFBBHGBECHEGFACBFXCBGAEHXDDEGCHFBHBXXACBGDHEGBCEBAEEFDXBXXEDBEDXEDHBEHCHHEXDXECXA
HXABAGGCBFGCGDECGXXFH
CCXXFEFAADFEBXDXCECDCAF
FDFEBGGGFGXHGFDFDEAEAGCDGHGHXGDBCBEFAXAACEGAHEFDAHFAEBXAHCEACBXHXACCCBDGXFHAXG
HEFDCDAGHEGAFHDCDEHECEBAGCFCAGGHDFXGECDDGCGBEHCHGXBCXCEEAABXBGDGAAGGGBHGHGFFEFDHAHEGG
DEXDEXAXXXABCAEADGXBGDFDBAADHHXHBGFAHGADBDHHAEGHBFBAGFEXDFABXFFFXXEEDDBFGCXAEH
BGHDFFEFB
EXDBGXEGXDXFXFFDHHADAHAFBHAAAFBXFGFHEBGCAHFFGBGHXEXABDHFBGBEEEFADGGAFGEFXAGBDFCAGGBG
GDAHFFHBBFBCBBXDAXHCHEEHBEADCAGXHFBEHAXHAGGHXBCCHECBGAXXXABFFXBDHGEEBDCGDHAHXBCXAFFBHHXXBDX
CAEXEDXHBXHEBCXDDBGBCABGBGECGFEXCGFEBBGBXDCFBCHCXGEBHFHAEBXDEHDEEACBAFDDCXHBBE
XBHGABHEXBGCEXEXGXBACXEGFCEABGBXFXHXFHFHXGABDHBAADCBXCXXXBHACFGFCGBXXCDAHADFFHAXAXBXDHDDDGGADBCCX
XAGEXDCDFBDHDCHDECBEDCEHDEFAHDGXEXFFGAEEEXFGCBBDHDHEHFGGAABBGGA
XHGHCBCXEEEBFFDHXXHEFGXGHXCXHBXDEBBGBFEGEAEFBFGXFFCFGXDFHCGBGAFDCAGADAEDFFFFHCGDHEGXACADDHGXXCF
GXEFDXCBECCHECAGGCEGEHCEFEBBCEDCXX
DBAFDAAHCEHXGCEHHBEEGXHHFDEAGBBXCXXHDXBCEHCHEBBHFEBHGACEXBGHDFF
GAXBHEFXXHCGEAFFBDBXEDCXHBHGFXGHXECBXEDXDFHECCEHGXAHCCGEX
AGFEXXFGHHCGXXFDFECBCEFDBXHABFXEFEDFCCFDXFGBCCAGXECXXD
BCXEEHDXAXXCGFDDFEAEBBFCABXXFFHCEABAABHFEFGCAAFAAGECCXBFHBAEABFFFHBCFEBBXEAEFEBDXXFEAAHDHGFGH
EGDDFAGFEGFHAXADXXCBADBDGCCDHEEGDGEGXCEAFBDBDECACFHADDAAFGBFFXXBXABHFCXAHEXDBCHCCABDECEEAGDXG
HBCGEGFFXDAEFA
ABCFXCXHBXXAHHBFHEHFXEAGXGEGCABAFAXDXEXHDBFEDCHXABHFGXGEXGEBBDEBAX
BAHAGCDACEXXEHCXBEXGDEXBCHBGHBEH
CHAAGAXDGCABHBHFCXBECXBXCXHXGCCXFCDCGEBCEHGGEDCHDDABCHGFBEFXFDACEDXCXCGA
HGCAGCXHHXCXXXBHCFEAGGXBHEDEDBXXFAHFCGBBABAACHGCHXBDFDXCCHDBFXAXHE
XAGFEXGHEFXBFBFDECGAGXCAEADHCXHEHCAGDHXXAAAAHFFXEX
DFGGCDGHCBDHAHXHFXFBDFBHFEGFDDXBFFCEFCHEDDABECHXCEFCEHCCCDCHCCGAFGHEEDFCFDXDEGHCEXXHHGEBEBDFXXCD
EBDBXBDBHEGADCECGHAEFXEDFFEGDDDHHHBXCXBEGHGXDBCDXDGXBGFXAGCCFDEHGEXGXCFXFGX
CGFDAEGFHCBCBDDFEABHEDAADHCGACXAGXDBXHCCECHGBEDEABHXEECFGDCCFGGBFGBEE
XEFEHGEFDFDFHGGBDBHDCEDAFEFDEFECDEGXCCEBCADXCFAXECGHGH
GEBHHCEADHBDHACDAHABHXDBGFACEBGBDECCBBHFGAHCXECHCGCCAA
EXAECHEDBFEFXFFDEHGABFCXXDCXXXBDBEFDXDBHA
DFEXCFXADFCHABADXFFEHXDFDBABCXAGFXXGCFAHFAHHEFAAEGHGDCHXHHHXHHGDBCXEBGHCEFDEHHAGXEHCEABAFFGHDCE
GAHFAEFABDAAHHHGXHAHEFHHHXEEDDHFAGACHXFXCEFFFGDHHXXCDFBXBGBXGDABEEGXFEBEBGB
AXEXXHFBDHEHXEECFGGDEFDBXCADXCFGFFAFXFXFHGXACDGFXCEBADDBXDE
BHAFHFBECXFHBBGCEXFFXGCEAFEAHGBHBXGXACDFXCXXFAE
XFDXBXAAAXXXBABEHHGAFAHXBCDCHXCHGGFBABAHGFBAXCFGGFEXGXDEAFEEXFCGCGHHGGEHCAHFAGDDFCHEHDAHBBEFHFHAHFH
EXEBBGHHXBGEDCXDEAEXHBFHDFFAAXXXDDHFDDBGEXHDFHEX
BEHHXCCXXDAHGEAEFGEXDFDGAFGBAGFXXAF
GDGEGAFHEFXDDBADCF
XXHCCEABGHBGCBXXAXHCCBXXADGXEFBEGX
AEEGHXGFHCFBFGGGACEGAGDFAGAGEXGEAEHBECHHXFDXACFHABDCAXDFXCEFFCBABAAGEHCFEBDDBFDXFXBGBXCXGBBAC
AGFACBHEEHHFEGHXBHAAFGEGHHFCEDDCFBFDGCCFXHBXFBHXBFXHCBXBHFXHACXEDFGXEXXEXFCDXCHAFXCGXXCAFBXEHHDAFXC
XBXBDEEXDGECHGXEGFHXGXFABHDHFFFCFBDEGXGHCHECCFXGBAABCDEGEGEBXCBDAEBCC
BGBFXXDDEFHCAADAHBFDEBGEFCDCDXGEEECCBDDBBBCXXDXHDBHHDFDGEGGDEABDDXHDCEABHDXEF
HXHEGECXBDDDFAHFCCGCGGHFXEDHCXCGBBFBEDABBGHEDXBXAECCHACDFEGDAEACDEGHHXD
EAHFE
AXCCAHBXBFFFBHDGGAGFBCFXCXBAHAFXHBHXXBBBFHFCXHFAGGDFAEFXAXFHEACXCHXXXGACBBHBHAHDFCBBH
EGFGEDDDXHCHADHHXXXXDXHGEBEGBGCHCDDFGAEXAGFEXDEFAEAHHHHCCCCDDHBFFGAGBAFXGXCFCCXFBFG
BCBHDAGBEHDXC
XAXDBEFXBCGAGCAEAHBGAHDAE
HEFXDXCBXDEAXEBHHXAHCCXCFGAHCFCADBEEEFXBFGXDCDBDBHEBFDDEAFBHCFHAECCHCEDEBAXHADXXBXHHFHDCXCC
HGXBBEX
FEXGGHDCCDCCADCXFGXXHBEE
CECGHDXHFXCACGEXGHHFC
FBDHDFXXACHCFXAFBFHHBDCDCDDFABHBDBEXAEEFGC
FDABBGDEXFBGCHGDFHDDHCABFBGEGECGFBXGBFDGBBDFDEDXDFDEBAXFBAXXHFEGGXDDGDDGCGBFGFFFACGDFEHBBHEBFAEBCHE
AHHBAFDDGXXGGCHXEDEAADBHACCBBDGDDXDEAD
BCAACEXCGFBBEEFGDHAEAFFAXHGFDHFCCAXCGHCFBXBDHEGH
HHBEAADDBGFBXDGDGEXCCXXXXDGHFXGGFAEAXDDCHBEHFHEFXXDBEGCHHXGXHHDFCDFHHEEGABCBDXCAHHD
BEGFBFGCEEXGDFEECHDFHGABXGXCBBCFECFFXGDFADDDCAFDDCAAXEBDGEFDBEFCHEFHDDHAXXCDXAHDAABEGH
FBCXGCXGDFCDEDCEHHACBXDHFAABFDXXGFBAGCACBHDFCGHAEGDBFACAECXDBFBAE
ABDBFFFXFCDFAXBFBXAAXGGBGXHHDACBCCCFEXHADGXBAAB
AAFEHEAFDHHHGGAHHBCDEXBDAXBGADCDDXXAFHBEEBGHCEFA
XAXFCFCAGDEFACGBBFCXFGAXXHGEXGFCFEDGAEABDXFBGDDGBEADEGHFEAXEXHHAHCHHFX
FEXAHGFHBDXEXXEHHBDB
EAEHFAHDHCFGXHFBBFDFGXEGXCFFABXAFHBCE
BHADHCGFEBDFHFDBFEHXFHDXEGFBFEACBCCHGA
XEFXBCCACXAEHDDEAHFEAFECGHHHFABBHGCFXEDCXCXHHXDBGCECGAF
HHCDABHFXFEBDFACDGFXDXBBCBHHFACCFXECFDGEHHAGHGXGGHCDCHGEA
HBXDCHXECXAFEGHABDCXGCBHDEGBDAFCFGGEE
HXAHGECFGXE
ACBXCDDGXCGACHBXDGHEFHDAXABECHDEDGDEHB
XHXAXHCXBADDFGDEGHHECGXXADHXDCBFHBCEAGCDHBFDGDFGDHCGHGXCFABBAAADGBGXBDXECAAAHHXXGXHEE
AFAFECDCGXECXEBGCBGCBGECGCFCADDXFBHHHHDDAACDBEFBBFEGFEGGAHDFHXXGEBDDAFGAAE
BCHEAXXXFHEHGDHDGDAGAXGHGBXEXDHHEBBEEFXBBCBBBGABEFGEXFBHGXGEEAAHDEHEGEFAHBHDCEEEFFCXEHEXB
AHAHDHBXEBHXEBEXXXXFFAXGGGAFXDCHBDFAXFHABHDBFHEAAXABBXXCDHFGEAGXCBGEXDEFBGBBDGCCXEEXAFBAG
HAAFEXECHXGBGCDAEHCDGXGGGXCCGCAHFHXDFCHDDED
CCEDBCDXXFBCCFDGCCXGFECAXBGBABBFGHXDBCHGXHHBDGEEDDBAFEEBHXCAGAHGABBADHXXXADECEDXGBCXGDHCHGGBEDABBA
AAHGFBBB
ECHEFHHFGHABCDBBACAFBFABCEXACXHADHGCGCGEHGXHHCDAFADDFFXCXA
GHHFHBEFEBBXEHCBEBHXAHABHEDGCBBDGCCXABDDHGH
AEFGECCFEHAAXGBGA
FEDXGCECEGHGGGXDFXFAHGXHXCEFABACCDDCFBCE
EGGGBGEXDAEECHABBHEHHBADHGGHCGDBFADFFBAXCCXHXDFCCDFFCDA
CFCDAADCEXDAFABHDFCBGXXGAGXDGGDGGXXCBHFXXFFXABHGFAAEGGCBAEXHAEFBXEEBXGBCEEAXGEXEBEAGB
XFACABBFBHGHAEHHCGDDFADHGFHHDAABHAFDBBXDCXXHEDDDXEACXXBCGFBFDF
BFGCXAAFBXGGHCFDDXXXCXHEAGADCBBDXGBGHGXFGXFXBDADXHEAFAFFXEGHDDGEFFHXEXBHGCDAFDFAGEBGHDGXD
AFABGXGEDCGACGDEGFDHDBGEAFDDCAXEHCGGBBHGXEEXGGBECFCHX
XCHBFFBCGCAHABXXGGCGXEBCGCHFAADAAGXHCXCDCBFACDHEDFGHAEEDEDECADXFCHDCBXCBHXCFCBBDCBECBBHGFACH
FGXADFCAHGCHAECBGCEHAAXCHDEEBFDXDCCXF
CADEEEFXBFFGAEFFBCADEA
DBDGAAFHXDHDFFFGFBHEAHCXFCAXHXEHBCHEHCHFGFXGXGEFDHDDGEAGGCB
DAHXGDAAHHDGDDCCADXDEDXXBCEAEACGFDADEHHGXHXCEAEHXEFXCCGXEGCFDDXXEF
XDAGCXXCFCHAAHBAXFXCEGCHDCGBBFXXBDGCXXACCGXFDXAEHHBFBGGXC
DCBBCBXDFBEXBDBHCXBBCCXGXCHGFAEFDXGDEGCFEGBDCF
ABADHXGAXAEHDAFHDGXBDHEXCBEEAHXXXGGGGEEDDAAFDHEHHHGXAEFGABDBFEACHEBDXADDHAGBXEBXC
FEXCC
GEEAADEXC
HXDECECAFAEGACDXE
DXFECDEXGGAHGGGFHDAAHGBDFHXDEHXEEGBFXACEDCAGFEDEDBGGADCFBDGBBCBXDDHXBXCCDEAXAXBBHE
AADEEDFDHFCXE
DHHHHXGAHEAXDAHFCAACAGE
EDXCFCHXCDXFXXDXGGBEXEXXDEFHHGXFDEDBCABDABBAECHXEDDCEGEEBEDXBDDFCXAAXCBDACEBCHEBF
XBCEHGGAGHAHDXGCXXXGCC
CGDGDGBADXBBHFHFBFAEHECCFDDBCBGDFFHDAXFFFGHCXGGFDDCXXDXXEEEXHAAA
HDEHEBFAXXDCCGHEGXHBGXBEHHGDFHHEDDDHGGHBXEAHHBEHGEADAAGB
GXFDGXA
GCEDECHXCGEEFCXFABAHAGGFXBGCHBHHDEEXXHCEGFCXDGDHGFBGDBDB
AXFHEGDCFBBBBCAHEX
HFDFFXCBXCCCGXDFXFCGXEEHX
CHGFCABECDDGBEFDAFEEF
GEDHAFEDCAXFDFBCHFXGDXEHXCFGFDBBCHBCBAHHAHGHBBADXDHXCFGDABXAFHAGABEAFGXAAXE
HDHFCHDEHGHACDGFHAXH
FBFBADCGCHCGH
FCGGHAGADHDCCXHHECBHHFDACXBFABXXABAHXFGEHFEFDABBFEADDECHADAFHXFXFFHE
AGHXAEDXAGFXGBCCGHDXGAHAGHDGAGEXBFDFGD
HEGAECFBDXHBEXGAGEXXXBCCEHXBGXGAAAEFFBFBBF
BABDCCBXHXABCXDBGDAEEHGHXEXGGFHCCHXAGDHEDGDXDABDXCEHHXCGBXHGEFFDECXDAAXGHXHAGAEBABEAGDGAXHXDEDEAHF
DXHFCAGCGHCBEHD
HXACEGDEADEBCBXHFDXGACXEHEADEEDBB
FEHEDXGDGDFDBDFGXBAECBXFFCXAHAEAAXFBEFXBGGAGFECDCGFCXBFBFXEDBGBEXEGBEBFEBXXHFBEB
GGXBX
XDEDACGACFHCDXEXAGGFACXFGFXFGFB
XDFCDDGXX
ACGBXACXXHDBBXXXXADHAEHFXFEDEHXGFHACEACAXGCCEEHGGAEFE
EXDXCDXACXEDHGBBCFDDGGGEEHXFGDACFBBCGDBCBHEFXGAABCDGXCEGFDGDXGGADHCADDBACXBGXDCEHX
BHBXHXXEFEFBHFFBEEFXHCBXXBXCHCBCCEDECAE
DDFFHGBBGXCDXBFXXADEDBEDECAHXCHDDXAXHBHXBFXHEEHXHXXBCXCADDAEFFBDHFXGGCFBFDHBCHFFAGHFCBEFEDDF
FFEBAXXDFHHXXGABEGD
CAAFDFGAACCGECDHGHAAEAEBXEEECFADECAFHDGEXHHA
FXGBDCXBAXHBAHFHBGFXHFHFEHACDCDECXXCEADBAXXGDBHEEFHG
CDBAXCGHCGFHDDFAEADGEHEHBFX
XGDDGDGGXBXDDHGFAAHFAEFCEFGXFEACECCXXFC
EGGDAFGEEBEBHEDFDHBEEXFACXEFBXEFGCXBXBEFCXFEDGXGBAFXXABEEBEFDADEFXBBEHXXBCFG
CFAFBAEB
CDAAGAHAXFXEXCHGHHBECBBEDFHHECEFFDHBGEEBCDEEFHEGDAHFEDXBBEEXCABACAXCBFXBAEEXAFEADEAHDXFHGHADHCHAX
XFFFHBAEDCHHXFXFGAHXXEDGAHXGFEEDAHGAXACAAFABHACBBBGXXXAACHEDAAEADACDF
XBAHDGXEHFXBFFDBAFAGEGGBHHXDEEXBECEEHGCBCXFXHCFGF
ABXBEAGCBFFAFCXCEXCFGEHXEEFGDCXXCBDEGGAECCGXEGFXGXAGDGHDHHHEHXHBAFBCDECAFGHAXB
FDCHGDXECDXEGDBHGAXXHHEBCDDDDXCFGBFGCXBHCEFHCXHHAXECCFXBFBGAXFFDFCAGB
GBACDFCGECXFGHHBBGAHGGABHHCCHDFHCAGAFXXDXDAGADGCAGEFCCXFECDDCDHEBHAXXCBHXDGECBDFAD
CAAADDXEXHBCDDBHXXEEDHCDAEEXXFDEGHGHCHFBHXXFBHFFFHHXGBHDX
BBDBDGEHEBHCDXFCFHXBCDDBHFDCGXCF
GDGEXBEHGXDDXEXHBHHCGEEDCXFHCGCXXFHEHDGXACHDAGHXHCHHFBFBGFGBAHGBGXCDDGAHACEEEFXFBXHDDGFX
BBBDFDDEHXFAHAEFCDDDAEEHEGFEDFABCXBEXHGDGXXXGHCXH
DEGCXBBHCDBBADGDBEXXXEBABGAGAFAFCCBXHECXGADCAGAFDAEXAGGX
CCAXEDDB
BHFAHEDFFGCBFFAHEHFFCDHBECXCFHX
AGHHHFXBGBXFXCDXADABCBHHEBCCECBEGFGEXFDACGHDGCHFAAGAXCCFHDBEGBCFXHDEBDXHEGCD
DXCCHEXADBFAEXDDEBEBXCBEXCCFCHAADGHXFAXHXGC
CDBAHEHCGAEEADHBGGCDXFHCCXHCEABGXAAFDDFXBEDBECFAXXCFGCCBEEXAEADDBFAFBGHHCGXCGFEXXAXDH
GXAFHHGCCBHEECECCCFCGEXAHGBDXBHDBHDDFBEABBCEHXGECFHHCXEEDHGCFXDGXXFDFFFBEFXXDFHHFHB
HHXDHHXGXCEDEHDHHXXEFCFEAXHHDABGCXHXGECBAEFHBAHCBXXBFDGGHAEEHEEXEFEBBAXDBCGHAEAXDDAX
ECBHBAGBHBXXCFEEFGXXFDAFABDFDFBCCECGBEGEABBXCGAHDBBGADXFGBBBGAXFFEHDDEFXXDHDXXCDCBDG
ACCXBACCAGBDXBFHBXXGXEDBFFHGHBFEHGHBBFFFHHAXEEFGGEBHGDXDFHGAEBBEXEDHABGBAGGACEAGDHHX
AACAXFDFEADCXGDABCXHHXXGDFAADGBGAFHEFDXAEHCEAGXXGXEGHEBHBXXHAAXG
EBXBXGAEBAFFBAACFCDBXFBDBFGGCCAEXXAGDAFXEHXHCBBHHXFCHACDGAAFHFXBXXGGCDCBDDABXDHHAFDBFCBEGAAF
AHADHCEBXHCHHEDHGDFAAX
DXADDGCCEGEEHCA
HBAGBADC
GAHXBHCHXGHAHEEHDXDACFAAGGXECGBEAXHDEAXGDGAXHEGXHDABCXCCBGFXEHAXEHC
AACCFAECXCACDEGCFBFEHBGBXDCBHBCDFHCXDAXGADHXGXAFHBCXDGDBDXFBXEHECBCFBXBHXDXCXBBCXAGDXHDHXDBD
CEXADAXCDCCGXAHHHABDHBAXAGEXAXDHHDCFXGXXEFXFAHGHHBDEDFGHDDGBCCXEXEEGHHCFGDDCECBHA
EDEFFHBACBDCHBFGDFAXACBAAXHDDXFEHAHFGCDXGGFECFDFGXAFHHXAXDXXCCFGEECBBEXEBECE
CGDCXXHGDCGCDGCEDDDXBHFBHDC
CCDGXCHBECDEGDGCC
FHEABAAHDHHBEFF
ABXHHXDXGXAAAHXCGXHGEADGF
AFXFGHGBABAGCHDXGDHHDXEBCEADDCABBCXBHDADGBDBFAHDXEGFFADCXXACXBC
FXADBGFEFEDBBAXGBGHCFXCGCFFHGBBGEGFDBCGFHAEXXHFFGFXEXHDEEBDGXFCDXGCFHECFCHDHXHXHDCEBCBGH
AHDCDCEHFCBXHHHDDFDXGEDGXAADBDHEFCBABGCGGEGGGAHHAAACFHBEHBCHCCAB
XCFDBFFAXFBXHBDBDFFDCGXFDDAHEHBEGDGDFXXXXAXDXEHDDDXEFGHDGEADCCDGDHF
GCCBGCDAFGCBFEHGFDABDDXGGXDBGECGHEF
CBGEAFHXCBECGEHFGXCXGECFBFECHBECADDFGHCDFCCXHGDFH
DHBGAFED
GBDGAXAHAGGCHHBGBGAXGHDEBXCCHXXBDFBHEDFFXHD
DHHHXHEHBHCDEBXDCXCHAGDABGGEFBEXFGEEAFBCHHGBXFCXEXBEHABHFHXCDEAXGCGDAEHDDBDDXGEHAACDXXBCGEBXAGHXAB
EFGHFACDBEAHCFBFGCXXDBDDGHHGCFDHAXGBAGEABEXGFBAXHDEAFGGBBHHXBEDDB
GCHGFHXFXXECGXGXGGFBDDXEBFCBEGAHGEEB
EGHHDXCEBDCXFGBXGEBGHAHXHHFEXX
GFEXAECHEGXHDCGXDHGAHBEEHCBBXABXDCBGCCBBBFEAABCDDAXGCAXAHHADGBDC
XHABAFHDHHEGCBHF
DGBXBEGFECDGCFFDGEEEAGGXHBACAFGCBBXEAFEXHBHBBBEGEHGEXXCDBEDBGBH
XDXADXAAFGDFHAAFFHHGXDEAEFFHGBCEFFDHAXXFCEGHDBCDHEXDCDEXXCEXBBXAXEEH
DDACGHFFDGHCBHDG
ADDAEBACBXGDCEDDCFEABGCDBFXHABEXBHBCBCAHXDEFEACEHXABFDDEBABXFGDAXAEXDDXHXXFGAFEXDEEXECHEGACXXAEH
GEHECXADCHDCBCAHFCDGHCCGXDHDHDGHGBAXEGCFHHDGXAFE
BEDCXXCAGFDXXGXBHAHXXBAHGCXFEGCDXHGEBDFDHDEXFGGADCFAXBBCHADDHGFFDEGCXBDXXDDBAGFFDXEGXCCHDB
GBHEBGCGACACHCXBHGEAGXXCCGEHBEFHAXDFFXEXDGHGFGXDBACBCBFFXDXHDEAAADCFFGBBXCGXACAHBEACHHXDAXAXHF
AEADFAADAXXEXCBFHXGFBEFXXBXGAXEDXCGHCAFFCDBGBHXFEDEA
DBGEHHXHCDDXDHHFGXGHCFEEXAAAHHEHGEGXAABGXHAHXAADHBXXGFDDADXAEDHEGFFHGEBXHBBCXGEFAFCFFFAEGDFD
GGDCCBBCGHGXFXCDCCXHDFEBCXXACGCDFBBFEABBBDEFDECEHAFGAGCGG
ADHAHHBCEDCDHHFEHCXABCXHFCDDCHHDDXGHDFFDGECCDDGXEEXBGDEXFHGBCDACDFCDAHGCGXEBBBHXECGHBFD
BBXEXFABAGEFXXBAHEBXCAAGHXAEEFCBEXXDHXGHHHAX
GCAHDCECXDGXXEHAEEFHAXAEHHABGHAXAAEFHXECDFCACHEXAHDAFEGCBHHCGEGXADBHBCCE
DCEFDFHADCFFFGGXCABFDCAFGH
GEAGFDBAHHBDBFCEBCGB
CBBEDEHBEGBXCBDFHAXXDCBCCAHDGEDCBBAXDECXFXAGCBFEDHXXAAXBBBFFFEE
AGFEXAHFECFDBHGHHCA
EFDBBBBABEDBBCGHDGFCFCGFCBHDEHXFDGEEXADFFXHDACDCDDEGEGHEHAAAFEEEHGXDHCEEFFXCGHXH
HGFXXGDGEFFAXXXBCAXCGECAXBBA
XBEEHFGAEXXFHEHACBHDEAXXBXCDFBDX
CCCADFDX
FCEHCXBEHCDHAHGXECXCHAEGHH
ADXXDXDCCCC
FXXHCCXDAXEBGGEXHEECHDXDBAHFEECCAHHAXHDAHXEDFFGFHXEXBGBBDHXAFGFEBG
XGCHGDXEBXBXFHGGGXBHHGFXDFFBAXFEEXHEFHADXFDCX
XEXAEGBXFXFAEBGAXFHCDEDHDDCEGGXGXEBGHCXHFAXGGFXBHCXGHFFACEGXEADCXXABG
XCGXXCGGXEFEXAAHBHAEBHACHCGCGBAXCXBGXBXAHAFAXDHBCDBGCXCDCAH
ACCDBCEDBXXFGFCDDXGEEXAXHGBGEGFGBAEX
FCAGBEADGXGFXCFEXFAAAXCHFHFABDXHFFGEXFHHXCCHBDFGADCHHFBFAXFADEXCEGGEDCDGGHEEHGFAFCEXGG
FGBDAXD
BCACXGCECBDAXEGAEXABHECGFXDC
CFEHABHGCBXEGAFBHABHBDGDBXCEXXFXBAABFADEHFBCGBHCEAFFHEDHDCFG
CACAXAHFEGBGDHCDAEHAX
CEBXFEDHEEEDDAFBHFXBBCHBEEDAAADHDXDECXHXBXABEHHXXCDDEXXAFCBAFXDAGEXB
DCEDDHFCCGBEHDHXEGHADDFGXCHXDACDBHFHFBCHDDDGDHXHEHEXCGHAHGBFEGCBHDGDBFCDHHEABFGBXBEBCC
DFXDGEDX
FECGAEHAFGAEFFFCAF
ACFFDEHBXDDGDBFAAXXCGDAEBHHGHHHHBEAAADHXEAXFXFBXEACADHBBBCECCAFDFXDAADBAGAGXFXFXDFFDBFDGFHGAD
HGCFFG
GHCDCADDXEHDGAAXXGBFBBXXXHAAFHGXXXFDAFFFXFDGXHEFBCXFCCDHAEFEDHEADBFCHBEGDEHFDDE
GHDFHFGXEFFGBGHCFHHACGHFXAFADX
ECFCXBGGAHBEDF
BDHGHFAXHDBGADDCDDBXBF
GEXHDDAGFBDACCECXGEXHBDGXHCADACHXGXFEH
DFFAGBAHDXCHHEHBXE
EBXCEHAFBEEHBAHDCGGEXXHFGAEEFDHFEBDBXCXGGCBEGFHHFHDBXGFBCACCFADAF
CFXBDXHHAXCHGGXXHGGFCBXAEAGEBFBBAHEXHAECDXAABBX
EDXHDGEHHFXFCG
FCECAHGBCGEXEFDCXFAXCABFDAXXFAAXCA
GEAGBGBHFHCFXFGDECAGCFGGHBAXCDGDDDHAXDBBHDGCFCAXHDFCFHDFHEXEEXDXAGHGXXAXEDBCHXH
EXXCABEGGGDBXDCGAACHAAECFCDCGBHHGBCCDDBEFXACGDACEEAEDEEDXAGDBDCXHFFXXBFHXD
CCHHDCDEAECHBFGACDEGCABBXXXAXDEHFHAFGFDCDEEAXFEBCAGAADGBFABX
ECXXEDHCDDHGBFCEXEGEGXXCEDGFBHABAF
FFCHBFCHCEGADABXEXEEEDACHHHDHXGBFGCAXDBD
DGGXFXXFFXFXGEHAFHFFHFEBHBAGEDXGXAEXGAAFEXABCFFDEBDGCEFCCHBEXXXFBDGXXCFEEFGHCDGEXAGEADBFFDHXECAAHAH
ECGFXGDGABEGFCC
FFXXAGCGCAXEDHHXHAGEGXFDFXADXFFDFXGADFAGBADEAGXXBFCFCFEXGDAHCDXDFAXBHHDHEFGHGHX
FFBAGXXXAHHHEXBDBFXGAGFXGHGXAXXFCBFCXFGFX
ACABBFDHEBDDXFCGEGCEGACDGGFXXAAEFGBGEDXBHDHFFGDEXHXFECGD
XFFHHGBXFFCACEX
FAXADGEEGEXCXBBFCXXCD
ADGFBEFBHHBHXHGXEDHAEXDAADGFDGAFDGHECHDXAXAFHGADCHEGAEBBDEHAG
AHB
BAFBBGEAFEBEEHBADHBDXCDEAEGEGCHDHFXCABC
FAAGDCXHFAEFXAHHHEBGGHEABAGABHEACGAXCED
HHHXHGBBADDAXCXXHDHBBHCEEHFBGDACCDGBHDCGBEDEFDHBHADDDGDADFBACGEAAXFADBA
FEFCXFFEBEBHEXAFDFDFDCCHGCGCB
HHFAFCAEXHXDXFDCADD
GGBHBFGCGGBEBGGHXGADGBAGXBDXFCHADDEDCFEEDADEDCHCDFAEGADFAHCCDEFXDF
CHGBFBDGXXHEGXGABEGGAEHHAHGGBBDB
FFHDXFEACGXDEAHBEFDBAHDHCGGHXBDGEBXHEAHBEABHAGXHABABCDHHBXCEEXFBEEXHCHFFGDGFEEXGXEHDGFCCEBHEDFCEBHX
XAXGEHCBFEBCEXCGFEBCFXCXECFBFDBEFHGXADCFXCHAEGFGABFGFBBCBECGFBBAH
DHCHXBGCFDBAHGGFHFHCXHGXAHG
XDBEGBCEGDBCXDHBAFFHCAEGEGEHDFGHHEGEFBHBXHBGFGXCFCHHBXGDAHBDBEX
HADEFBHCXEXCEADBFHFGHCECHXDAX
XXHCXBBFXFACGFEXCCACCXXFGFAHEFCGCXXGBHAXCDFFXCDDGDEDBDAGEHEHXXXDHGECHBX
HHACDEHAXDGFEFFDAXFXBXXXBCBFACXEAFBAAECCAEEEBDHACBAHBGXAHX
XDXXHFHXHCAAGXFHFAHGCBFEADAFDFAADFEABCGDCBHAFCCBGGBCEBXBGHBECGDCGEFFXAHACXAAXCD
AXFXCGGFXEGBDADCGXEXAXXHCFECBFXBH
BDXHBXDDXXEBEAFACHAHFHDEDCEAXFFHGGGBBHDHGGXXGDCEGXDHFGEEXHHB
HCFFXDDBACCE
EGAXFDFXXHACFGAFEBGEFXGXXFGXCHAADGDDBHCFCHCEHCDBXGXAFABGAHFEXDDBHBXGHAXHDXEHADFEXEXCCFDGAXB
BECCBAADFAXHXBGXXBEFDXDGFEXFXHAE
ECDXFDEADXHGXDXHXEHFHABCBDDEFCGBAFCXFEDHFEXBEFGCEGFFBEDDCDE
BGFCEAGAXFBXBXGGEACADGAHEFGFGGAFAHDXHGDAHAFBBDFGHGXBHC
DEGFXXAAXEFFFEFBADEHXHGHDCBGFXFFEDHDBXCHXFXXDDHGCC
EXBGADXBDEBCGEBBGEDXBEXGXGHGXDCXAFFEDXEDXCDGFCFDFDEGGHBFBHDEECGFXGEH
CHCHFHEEHBCGXBBDXECABXGDAEAFXABCEGGAFHFHECXCHD
FDAFFDABEGEGXHFDHBDCCBXHCGAEGGDEE
CAHXXXCCDABBBXEHCCAGHXGAHBHECEGAGEGGHEAHAEGBGDADBGDXEDDCDBHCAGDFXBBCAHBEECFHHXH
HAADHGEDAEAAFCBCCGAHCAEXHAACGCAHDHDCBXHAHCDGAHGFCAADDDHCGFDAFXXHGGFAHCFEBAHEXGFBGEHBGDXAG
EADDCXCGAFXAHXXHDABFGEEEDGDDABBDCEGXDXGBXFBCBGGAB
DXXBHXGHFFDE
CGCFBHXCGHXXXDFXCAFDFHABHDDXACHADHADCAXGEBXEXFHHEDACGFBDADCADADHXXXHD
DDEAHXXCHFACXGXDGCXDXHFGCBAXHDCAHGCFCEAGGCXXXGHEBXAGHXHGHAFBCEEAEHDAXGGGBGDDDD
CGAXFBXCGDAHEBAHECBAEGFHFGGFA
CCADACHHFDXCGEFAAFXHXGFAEDCEAAXHDAACGGXXAFFE
ABACEXBGDACBEAAHFECHFCECFEDA
AEABCGFXHHBFDFHAF
HEGCACGHGXBHAEBBFGEGDFEXCEGBFBCGXBHCHHDEFXBGEEHFGDXEHCAX
CAFXEHBGCDEFFBBEBAXDGXGXCXXEHGCXXCBFXXFXCAXDFHDFACECAGDAABECDCGDFHFGEXHXAGADDGFFFAF
DXHXHAABADABXCBXACHECCFCCDEGFXHHFHDDGXCFGDCCAHEGG
HDCAHADDGDEFHBADHHAFDBXCCFGCAFEDXGXDFDXECDGADEECBEBEBHDBCACGEHXGBXAEDGBHFADCBDHCBHGBFAAFFGEBAFAEC
EDCXHBFCDDGXFACEEGAFFEDXAACAGDXHGXEXAEEXHEGEAFFCGXEGBDEGHCDAEFAHXFCAFXCAFCBDCAHBGDAEFBFDEA
BEDDFHCEAFC
XEABGXAEHACDFEHFCBECCXXXCCHEBFFHHHHACAHFH
FDXDXDGHFDAGCDAGBAXXDGAXDECHCHXBAEDAHDDEGFGBHXCXDCAADACXGHCDGFDXHADHXDXAGHEGHBXCXBDDBAXCE
DCFBBHH
CHCEEFXGCHEHCDXGACXAGBEGCEAGEABBFDEGXHDBXEAFFFFDBBDEDCAHAAXDCEAGGHXDGFA
AEDAHBCEFXEEBXBBDGHFXFFFDDHXDGHCFHAFD
CECHXCEGBEHGEFBBDABAEGADXECG
DAGA
HDXHHBEXGF
DHGHBXCBDXCXXGFGHAHAAGGGXXBHCCGBADXFCEHHCEHGBHBHEFXDAHEDXAEBGHGFGDGXHBAGHHCHEFBEXFBBFFHAFBEDEHAXGF
AXXHCGCHGAHCXHGEFHCEBBBAHFF
HXHDEDGDXDEDAGCHAFAEEXDCBAEEEXFEHFECACXFFD
ECFDHADEDHDACAXXAEGXABXHCG
XDGCDFFEBBEGAGFAGHXHFDDBBXCHDGCCCEXEFEEDBCGDHADHDAHFEXXBCFHEHGFA
CCCAXXDHABDCBFFEFXDDHGGFBXDHFBFHBHBXGACAAEBDHBFXXDDXCAFGGDFE
DAXBBEHFCAFHXFFAGABGHFHGBCXGCAEEXHDDXGCAHDFGFEXCDFDFXXGHXA
GECCCGBEXFCAAHBBBF
FHFECDEXAXHGHFHFDBBDBGDCFBBHABFEEGXFFGHGHAFAAXBCGABAFHCAXHXEXHB
GHXGHEBFDFEXFDBGEDXEBBCECAXGCHGBXCFGAGHABABCHBEHHDDFGXXD
GEEFGXHAGGDCAGXFHCCFDEFAHHCEDGXHCCHHXCDXEXHGGAEGEBAHCABHGHFBBDHECEGCBHXBXFBBXBGCF
EFGECDECCEECDGBDECGDXBFGBEADBFFXXDHCAHADDFFCFDFBBDHHBXDGXXBAGBAAECACDFGEXCFADGXXCCEFHAFEHCEEXDC
EAHDXCEGAGHDGAABACGBGEGHAABDCFHGXBXFAXFGCHBCHEXCDHHDADBXXGABADDDAAACX
FDXDDFXHEXAFXFBAXGHFBXEAGCHFHFADHGXGGACGFHD
EFEFHXBHGEDXFBHCBCEGDHBDDDFCXFCCEFCHDXXFCDACHFAAGGGHXE
GFBXFCD
GHHBHEHAEGGGGDHAXXGBAHDCBEFBCFBEXXEFGFXEXGHXFGXXACBCHEXHBDAHCXEECEHDXBDGADCXFXEBDCAAXAFAEAEXCBBABFE
XFCBCCEGGDGEGGHHEGHBBEBEEDDHXACFXBHGDDGXGFHXEBFCABBAAG
DGDHAHXFGFHGGXGDBCAAAHBFCGBDDBDDFBHBGGHAEDDDHEBCXBHHDDAGEHDFEXEEBCCFDXC
XFFFEXGFCFFHAEXDEXHDBHCGAFEGGDDCAGDAACBCCFFAEXHDDXBXEEEBFCXXGXBEBXXGGHCGBCDGXECXXBXBH
DBHAAXBCFCXBHDEGDGBB
XGBHEGDFBAEGGDHHFCDXBXBHGEDHACAEDGDFEAXBGFXBXFAFHCXCFGXECXHAGEGDXFBEHHDC
BGAAEGFXHHXCXHGGCX
XAFXEGHBFXEDGDCGBFGAGHFABXGBFAFDHDXDFFEAXDECXEGGCGADAXCHDECDFAGDHAGDDFFFFACDBBHECHHGEGGEGCBED
GHGXFAEHDEFEBC
HBACGCHFGCFAAHGFEDEBBDFFGBBDCFCHDHCBCEEDCHCDXXGFABBEFDDXCEDCACDAFHEEAGA
BAABCAGHBBBBEFHBGGCDCDCDDBCAHGEGCGHDBDFEGDHAECXHHXFBDXXHGADFHCAHDDHHDDEFFXB
CBGHHXCAXDXXBDGGGFAFCCDHAAEADXFDAXAFADDDFCDECCBHFBCHFBBDBGHDAFBDXHEDXHCBHAAB
GFEGHCFCXCGEDH
XGBCCAEADXCBXBXFHACGAACDAFXGCDHXDEDGDGFFBCCXBAACHDBFXFEEFHDAACCAGFBGDFAGBHEAFDXBDXHADEFCA
AEGEEFEEEHCCAGCXCFXECEXXXADFHXBCXDXCHCEAGEXHXHGAGBAHGXXGFCXBCEE
DCGAFDEBHXXAGEFXGBGCCACADDBCCBHGHDFBDGGHGCACDGCHXEAHBAAFAAFDHBFXHCBXFGXCAFCAFBHCDXH
HEEG
AGAECBFAXDDCGHAXXGCFDEABXGDBFCECEBCBFXEBAFABFCABDDDAACEGBADGAXEDEAEAXCBFX
CXGBDEFDXEHHDCXXGBFGEFCCAEFHXHFCBXFHBDBDABHBFDHBDXXXEHBDDDCHX
AEEGCGEGGABAEHAEBAAHXGGAFGHFXHEBEEHHBDGCGXBCCXDBGDBAGEGEBXBAXCDDBGCEDHHFGDXDGEBDHFCBB
GCBCGDBAXFBDHXEFCBHXDBDFADHHCBXBEXDBFEBHGAAGAXDBFXXDDGXGCXGBBHBECHCGEBHBCBGXHDCAGGAXCFCX
CFHAFFXGXBXAEHDXXDXECEEHAEDBHADEEDAGDGAGXAEFHFFHGXDHXCEEDFFHHHXA
ACEGCEAHXCXBDAAXGCGAEGHEHFBAFGEFC
BDCGGGCBCEAECDFADXXEEHGXEEGEEDEHGGAEEAAFFCFBFCXEBDGAAEEBDXAEHBGEDXXFFEFHXAFFEHHDAAXGACAAADE
FHAEXEFFHACXEXBAHGBEFHAXEDCACFAAEDXXHFEBE
DCGGBFXGCFCXXGDCCHCXBEXGBXXEEHGF
AFBGDAAAGCHFEBFBBECDCHAEBBCHEBAACFCXGBEXBGBEA
ABXHDBHXEGEXHXACGADADDEGAAXGCDHXEBBHDBHCXFBCBFHDXDXGGFGCXFBXGHBCXXBGXDXCDAXGCHEGHCEEEX
EFHDBEFGDEDFFDGBBXHCGCDGG
XAXCXCDBAFFDGAXFAGECBHBXCGBFEDBBHAAEBADXEDGFFCGBGAACDXXBBABHGHCDCAHFEDFDBFCHEHADABXCBHC
XEHGDEGHHDGBXXBD
ECGBGDEHDDBHFDHCFGEXCEGAAAE
GGBHXCGBXBXXHCHCFAEDHXXEDADFCXHHEGFAEAEHBDBEDACAGGBGACDFAGHGAXCGFFBBBHGXCEBCDFXAGGACEGHCX
DAHCFHDFEHFDCCFFBXCDHCDBDHXCAEFFHHFXHFHHHEFADAEXH
GHGCGDFGGXDDDGFCBBDGCGADDEFFXECCDBBCDAXDEXHECXXHBHGXHXAHAGEBGCDHDXEFEDFAFXEDEHHAFCBDHCBBGDEE
EAHFBDDCFXBXDGXGGFDDEXDXHAAEEXAFCHCCHGC
AEDCHXCDFXBGBXHEGXXGFDDDAHCFHDXEXACHXGBAAAHAEGDAXCCACGHGBHAFDCBDH
DAGAEDXCXDXCHDECGHFCBCBFXHBCBDXDEDHCBXXXHEDBHXAFCBC
FBCAXCDHCFAGGEDCCEDGHXAXXCCFBAXGGDD
AGEG
DXXCGACGFBBXBGAFEEFXHFGGHEXXGHXXFFECCHGFGDACHCDXXEXCXGXAECFADDGAFDCEGDGEAHECCBEADGFDHHGHXFG
BABXGBDAEXCHDDBABBBDFEG
EHAXFXAGXCFFFFXCGGGCGXXADHEBAH
ACGCADAXAGGHBFBBBFHDABFHCEHBFDFXBXCDFADDDBBCEAFBFXXDFECGFXDEFEGHXEXCEGGEBFAHAGG
CXDFFAGABBXCXEXBDFHBGBHEGXGEGHAXDAEFXDE
BFGHHEAXFBACEGHDDHXECCCCGEHGBXBXDBDACACBFEHFXAGDCFGCEBABXHABDCDDCCEDCXEHCBXGHGXGGEEAXDXBC
HXBC
CXXXBEGEGFHBBGDDHDXAHEXFDXEGDAAHEHFFFEGADBCBAAXXFAD
XFA
GFEAXAGXHHFBXGDXDAXDDBBEHABHEXEABHXFAAHHF
CXBGECGXEFACXBEAXFBEFDHGCEEEXCHHXBXXFEHDGXEGDH
EXAFBXAACDXHDAXXCGCEBHEEFGXHDEBXCCCAEGCDFGDAAFAGAGCBBAXBBXHABGGAHGEXEA
FAECDECDCACXDDFECXXXFDBBBDXXH
EBDFADFAFBDFBEDBFHHEEDDCEXC
FEEFEEA
HFDACGBFFBBEBCABFXXFFDECDAXAFBBCCXCXXGDXFBGBGFBDFFGCFFFEGXHECE
AHBCXBCDHDCCHBBAFBHHFDBCEHABEXECHABHDGDGEHFBGHFFXDEFBAAXBEXXXXXCHEGXFBBCFAABGCHEXXXBXFHBGBBHA
FFBDDGCXDADBAXFBGAGBFAXDHDDXEDGBAFADCDBBFX
XEBGHFBXAXBFFHEDBFXBHEAEBGHCDCEAFHFHBXHAXHG
CDCXXXAAEEXEBAXHGAEA
HDFAHAAACGFXHHBAFCCDAFXDAHXGGHEECDBBHBEACBFCGDE
DHFCCBBGGGHEHHX
GHCBHFXDXBCFCGHHGBBHHDABEFEAAHCEAHBBEHFCCGAFEHADBDXBDXXXECEXBCCBBFXECGGHGGDBCGAHAFGXXBHDEFH
AGGGGCBXCDAAAHCBCDXFEBBGGGAGBHCXFDHEAXGDXFGCHGAHXBFACBGGXDBGAGXBCEFFFXBXFAHEX
CHXXDDFGAFFCFAGBXXCHFBDEAGHCCXCHHEDBEACHBXGEXABXDGGCEDDACDHCAHHEXBXXGXHADCEXXDAFDFDXAECEBH
AGXGFDEHHDBFBDAHCDGADHBACGFCFECFXXXBDEBGDGEEFDDFEDFFHBEGBFAAFAHXHGDADBX
EACHACCCBCCFDEBEDADAXABAXFB
BHXCXEGHCDGACDAAC
BEBFCFCDGDFHDAHADFXBGCXFFAHEECAHGAXAXDDEECAABFCHFAGGGDFFEABGEFGFACCGCCBGCADE
HGGXFABHHAFDHHHF
BFDAFDCHEEEHBHGEGXGGCHDFFGGHXBXEXFDABHXGBHEGADDFBAFADXCEFXEDDDDGAHEAABXCXBHEHXAEEFGHDB
GFDGBBF
XXFDAHCXECXCXDBFBXACBEGDHAFXDFGBDFDDEADGAGXGADCFBCCGBHAEHGXACEEBXGFEXCFBEXBGGC
ACDDBDEFCCDECFC
FAEGGHCDBAFBGAEBXCFXBAFDGBXHHADXDFCAFEFBBCHFDGGAADDXAH
HHAAXCFDAFCEDG
GEFFFBCAFXXGCFCGAF
AFDAXHECHHFHE
EBXFHEXECFXCEEDGFFHGFDAEXBGDHFA
EBBXBAABBAGXBFDGXCXAEAFEBXCCFCFBFBGXDDHFXDXHFXGBCCCGBADEXAEAGGFDEHGXFCGDHCFGA
CCBBFHCBFDDFAFGDEDXFB
