XXBAGBAAECACDFGEXCFADGXXCCEFHAFEHCEEXDCCAGBDFHCECGXDXAXFAHEHXCDAABDXEGDEBCDFBAHFFBAXCCFEDG
DADBXXGABADDDAAACXDDXBBXEFCBADXDCEBHGDEXCAHFFDBDAXDHGHHEFHEGEXHDFBECHF
CDBABFXXFXCEXCEDDGFXXFFGGFDDDGG
CDACHFAAGGGHXEHGBFXFHXHEBHFEHAFDBGGDFXFXCHEEDCFEC
FEGCDDCDHXECAHFXXHXXEXG
CHEXHBDAHCXEECEHDXBDGADCXFXEBDCAAXAFAEAEXCBBABFEFAFEAFGHHEHCHHGGCHGXECECCEDDGAXEGEGDEBHX
GFH
FBBXEAHDACFDGDHAHXFGFHGGXGDBCAAAHBFCGBDDBDDFBHBGGHA
XHDHGAHBDDGEDHAFAGFCBXDDXEGAFHXXFFFEXGFCFFHAEXDEXHDBHCGAFEGGDDCAGDAACBCCFFAEXHDDXBXEEE
XABFBHBBBBDGFBDBEHEGFBFEFADDXGDBHAAXBCFCXBHDEGDGBBAHBFCHBAXXCDHEBDGFEBXEGGHGBDAF
AEDGDFEAXBGFXBXFA
CEEXGCFXAGHGAEDHHGACFEGXEBGAAEGFXHHXCXHGGCXEAAECCDBEXXBDHBHGGDEHDX
ABXGBFAFDHDXDFFEAXDECXEGGCGADAXCHDECDFAGDHAGDDFFFFACDBBHECHHGEGGEGCBEDHFDEDA
EHDEFEBCXBAFHFXDHBXAAGXGCDCXGHDGHEEBBEFFDDXEF
EEDCHCDXXGFABBEF
HXHEBHEAEFCCGBACHABAABCAGHBBBBEFHBG
HEFEDEHHDEAGFDEBBEXDXCBFFGFAEXGGFAHH
HBBGAHBFABFFEFFFHHEEFEEXBGGDECEDGXDFFHXAFXEEFDA
ADAHHFCCACEFFFHGXHFDDXXEDBHEDXXHGFACEGHXHD
XFCXGHACHCEDGFBFBDBACCXF
DFXDAHCHGAXDGHGA
ADDAEBFXAEAHEHCGHGFEFFAECDXDACBCFGXGDGGFCAAXXFEFXGFGFAFEXXCBAFHGEHCFGADCCHXBHEXXCFADCDDEBGHX
DHEXAXGBDXHDFGEGCDDEDAEGEBFEFHXDEEBFHDXHDAGGBGEBHHBFCHCBHACXXGBDCD
EFFFCXFCBGGXHEBBCFXCCBEBXEXCXHAB
AAHCDFHDEXHEDDGEHADAHBHGXAD
HFFGHEHEHCBAXCCXDXAACBEDCAABDDHXGXDHAGFXDFGCHEDAGFDAHAEAACDHFHCXFEA
BFHBEAECHXHGEFHEGCCDGCCEDB
FCHDFHXGHAHDADFGHXHXEXAXAAXXHCBECADECEAGCBAEB
GFAFDFBBGACXFBABEXADFBXDXDBHEDFXFFEBXXBAFCAXGHXADCFHXCFAEGC
EDBHBCHFHBDGDHEDD
GEBDHFCBBHFCFHBBADAEEGFCDBBDBXBEDXXGDFBGECDBB
FEBHGAAGAXDBFXXDDGX
HGAHDBEBDXGGXBBGBEBECGHECFEAHBAGECFHAFFXGXBXAEHDXXDXEC
DBXFDFHGAFDDDAHFEFEXFDCGCCGEDFEDGBBFCAGGEHCACEGCEAHXCXBDAAXGCGAEGHEHFBAFGEFCGEBHH
GCBCEAECDFADXXEEHGXEEGEE
FXGHHFBXAFHCBCBHGADDHEACDDBFXFXGBFAHBXCCFAGXFCCXGGHAFXHAEAAAGXFHAEXEFFHACXEXBAHGBEFHAXEDCACFAA
BXBXGCADFDCGGBF
FEECEEFFDEBEXDCXBHDXFDAGFCAFBGDAAAGCHFEBFB
CFEHEGFXDD
BHCGAADGBCDDADFDHDXABBXXXEGXEDCGBAEHAFAFFDHAAFBEFGXDBDEDHGECCDEBCDHDFFBXCEX
HAGEBFGDX
FHHBEHCFCXXBDEXDDDEEEBEFHHCEGCDCEGCADH
EABXHEXEXADBGXXDCEECDACECDFAHAEBBDHEDHXBAAAHDCGXDXXEEBGXGAAFGHXHDAGHBFDCABHEACGXHBBHXFFGAHBDD
CCHFHGHBGFACDE
ECHECBAGXHCFGABHFCFBXEAFDCGAECCFEXGABXXXCECDEGBCAAGEHCDXAFCBDGGBBAFBFBGXHCBXA
DBGDGDFXEAECFECXBEEXGDBFCGBDGFHADFXXAECBFEBHAGECEXCDGAF
BBEEHAB
XCCAXXGEDDDBBCDCBDBCCGFDBADEHCCBGBDHEBGDCGXXFBDFCXBAAHHCAEBCDBAHFAXEGEHFEXBDCFEFXCHDBH
EFCXHBEGEDGDCAABAGCGXBXABXHGECFXFAGHDCHEGCFAEGXC
EFXBFBXECCEXAAAGXABACCCGXFDBXFEFXBAG
BDFEBDEFBAFFG
EAXEEDBXFEAAXFBAHAAX
ACDHABFFFAHXHCGADBAEBGCABAFBDXHBEADEDEXDXXGGGHCDCGG
ECECBDAEGGAXCEBBCAEFXFECEDAGCHXHHBDXEAEFBBXEDDDEGHCXAGGCCFEDHAGGXBGCBCXDGDBACEHDGCHGGCHXHHC
GFDBXHHBCFBFACBHH
EXXDACFCDAXHCXBDAXGEFBCBCEBFEGCFEBFHBEHBBEEDCFAXEFF
ABFDEXECDBGHGHFFAHDAGBABGEBBDBFHDEDHBEXECEGHHEAFBDACAAEXCEFEADGEXFHAEEFXHFEFAGEGDBEAFGFGDGEHA
XDBFCFDHDGFHEGDEGCGCXDXEBCXABDAEBACHEGXDAHHBBHBAFCEXXAXXCCCDHCHAGFCHEBX
GHEXFEDAEEGABXCFCCXHDDXDXXDFEHXXFADHAAFADECXGECGGEF
FDAHAFEAAHFHXACDHEXAGHBHBXXHEEEGHACFFHH
CFHGEBEDHBEDDEEDBGCXXHXXHBAEXFCXGABXCEAEBCDAHDDEAEBAABCFCAGFEAXAGXHHFBXGDXDAXDDBBEHABHEXEABHXFAAHHF
CXBGECGXEFACXBEAXFBEFDHGCEEEXCHHXBXXFEHD
FXBHFXEXAFBXAACDXH
FAXHEHGDCGBACXFEGABEEXEXBEEGCHHFAXAECXEXBAHBXXGACBFAGFDXB
CHFXEGDEDEAEXHXCDBXHCCHXBDHBBGEBDFADFAFBDFBEDBFHHEEDDCEXCAHCXHCABECEXFCEHCCFCGXXHDBH
GECBEACFDXGFFDFEGHEEDEHBHEEDDXHFEGGCDGBCAHAXEXHXGGBEDXDECEACHEFXBDGEACFBHEDACHGDCXDXFCFBHHDCFHBXF
AGHDCGDCFDCCHABEFGFAXHFXCEEXE
XFHBGBBHAGDEEDCFE
DADBAXFBGAGBFAXDHDDXEDGBAFADCDBBFXCGCHDGXGECGGDGHBBAEBGCACEHFFBXXADGDFBGGEDXHGEAHEG
AACCDGCXDDHACAEEBDBAAEDDHBHEEXEDDCAXDEABXFGDGFEGCCXFHAAFHDGBA
BDHDGCFGBXDHBEFEXEXFGBXFCHFXDEGXGGXXCACDDAXDBCDXBXCDCGHXDEABGXCAFFBHEA
FGEFFCGDHGHDBGGXHFDCAGGA
BAAHEEGGXCXDABG
HHAEXFXAAAFBGFEXEHCGHHHEHBGFXGEDGADDHCDHFGHXDAGEEFEHHXECHACGGFGXGGCEXGABCBGHEBXBBGCACDHXFCDXAH
GGBCAHGAFHBDBCHXHAFFXEHXBFEXHHHFCDBA
CDHCAHHEXBXXGXHADCEXXDAFDFDXAECEBHADXHEXCBDDBEGEFXAXDAEDXXBHGFEGAGXEEXXCCHEXHCGEXDGDGGDBCHEAEA
FAHXHGDADBXCFFBAAFFGFFGHCBCBABAXABECGGEHGEEFXHEXBAAGAFAAGGGBDABEXXBCFCABGBFEHCXBAXGGXDEDAX
AECGFHEXACHGHFA
DHDEAECACHGAHDEFFHXFEHFAXCBBDBHAFXEACXE
BDGCHCDXGDHFFHEFHXDFBGDDXEDH
HHDXCGCBDEACFBDXFCDAEBGCFDABHBHDECEXDBHABCAABGFHEGCDAAGCAHGBCFDCXCHHBHB
XABECFEBGEGAHCDAAGHBGBEBDBADGCACCFABBAGDGXCGHCXGGCEAFEBHHDHFFEDHXEDHCFXCF
HFXXGBXGFXDDGFEHAGFEGEBACCDBBDFAXHFBBXFAXEFHGXCCCXGDDXBGBFFDGCEBFAFXFXBCFFAEGBFH
FADCEFCHEEADXEFGEGDGBAEEFAFABGBEGECGBEBXFHEXECFXCEEDGFFHGFDAEXBGDHFACBBDGFACXEDXBE
DGXCXAEAFEBXCCFCFBFBGXDDHFXDXHFXGBCCCGBADEXAEAGGFDEHGXFCGDHCFGABFEEGGBGGHEG
AFGDEDXFBXFXXBX
ACFGXXEGHECHXHFXABDXHAXEGDABHBCCEADGXFHFFCXAABE
EHEFFBHDFGEFXHXFFEEECBBFDGCEDGBHACEDFCBFBGCHXFCAHXEAXHXFAGDBXFXABXFGXGXAGGAXDXHFDFEFAEABECEA
DXAXFDHHXDCEEGEECXAEEGGHBCACHAAFXEGGACBXFGGHCAEBHAFEAXECHHDXXGAEXCGHDCG
XDBBFDHGAHHFBGXGCFHFDBBAHBEAEFAAFHXHXGCAHXAFBXXXBH
DHHAHFBABD
BFCGXBXGHGBDHCCEGACCEBAEBADDGBDXEBGBDCCGFXCCAAFCAEBEFDCFCFHC
AXCGHFAAAXXDBABAEAAHDGGAEEAXXCAEAGGAFAAACCG
AHAFEDAABBA
BXFGBFXHHHDDBHHXXEBFHFBBBAGBCHXCDBADFBHAGHEBFXHXFXHAADAHFECAHB
CCCBBXBXXEFEFBXBCGDAXBDGHBCAXEFAHDEAHGDECXCFAFFXDCHFHFHGHXGHAFFGXG
CCEECCDHEHF
GBAECCDCGGGHDDXHBXHDFGFFFDXCCBFDBHHABHDFBFFXDBXHBAFCHHECFBFFGHDBHDHCFFEHHXXB
XHEDAHBHXXDFGH
BGDADBGHECCFBDFXEGHCECFAGACXACBHGCECECAEFCHGDDBFDDHCEBCBXEBAGCGXXEDEDDFHAGHHCCEFXXGAX
FHHFXCAFBAHGGDFBEDBGC
DAGXCGFCEBGFHHECCEXGAAHGFGGGXAFGCXAECFBACGEDEGCDHXXHBCEXXHGXEBHXFGHXCFFBXCACHECXAGBEEEDDXCEXAFHGDE
CAADAXFGFGXEGXHDGXBCEFHFAHXEBBFXDCGDACAGXEBEEXG
CGFFFFFBGBXXXX
HEGCHFCXBXHHDCDCFEHCDAABXCHFBCHCEEEHXXGCEHFAAGXDAGEXF
XBEEHHXEXDXFDCFDHABAFADGFEFFXCXDHBCGH
HEAHXAGDEGFCCFGECEXFDGXDFEHHXEAXFGGXEGDDEAEDFDEDDBXGEAXXFHXDF
BXABECEDCXGHGFEHHHDDHDDXEBCCCAHHGEECHHDCHECBXXBCFGHHHEBCAACEXXCEBG
XCBXAEHGEFAXCBDXCDDBCFEEHADDCEXHCBEEDDHCBAXGDBBDACFDHBFXHCADACGACAEFGBHG
CXABFEXCEXHFXGGXBDEEXCBFDEADXC
AHXAGBBGCAGHEBDF
DEHEXAGDDG
FFXADGAXAAA
GGGBAGEGAGEDXACGCCAABEXBXXHHFXXHDAAHHHBFXAGAEFHCCEXEGBEFBFAEDDHHEFAFDB
CHXXDDXCDDHXFAGFGB
DEAHDFHADFDXCHBADGGBGHBHAHGXBEDHGGXBBDBXGCDAAEABAAGABDHDCDCCBAHHEHHDDBHAGCAGABHHDGEDXCFFHGDEABEGAXB
HFEABXGGHAFHAAFACEXXEDBAEGHXADEGFADFXGAGGHGE
AAGXCBFHEDCBFGGGGHHHAHFFGCEHAXGGGXGE
DDEEAXXGDBFCBEACGAXHGGHCFCECEFHHDHFBHCAECBHEDBXXABFFGGCDBEAHFHGEAXHBCEBAGEHDAHHAHHHBHDXXDXHXCAHBFEF
DAHGEHHXCFEAGCGXDBEGBCAXFXBAGFEECHCFAAADCADDF
FBFBGDAECGCDDFBBCFBEFCGXGXADFHEFFGXGEHHHECXCAGAAEBXF
HCGGFHXXDDDAFBAADBAFFABBXHCCBGXCXXGBADEHCFGDXACDHEGDGAGDCAEXCEAEFDFABFAE
GFGBAHHFBFDDFBGBHHAADFXDCDAXBCDBFGEXEEHGHFAHCDXFBHHBAXXXAAHEAD
CCGGXGAEXDAACHFXXXCECXDCXDFFFCCGXXEXXAEXEXE
AXDF
HBDAFEECHGDHAFXF
FXECHXXCDHFFHAXDFCHGDGBCGBDAABDXDXAAACFDFEGDDAHEHCABDFHBGDGXACGGCHF
XGFFACBDACGCFCAFCGHGHBGCGHFABGDBGFGAHDH
ECABHEEFFEEFAXEXFDHXGHEEBXFFGDFCXGEFECGACAXCCEDDHGDFBFHGEGBEEBGXAGACHCDEDAXEBADEGE
GCDADXFCGGGEBFCDXCGCDXGFDDFAFCCFCBCHGEHGXDGGDCEHHBFAEGEFDEAFHAHXDGB
AFXBCCCEDBAFDFFCBDGFAEFCCFACFFAAFACGCCHABEFXHBXBAEXDFGAEACHEGEEXHFAHGCGFCDBXXA
GAEXGFABAXBGXXBXBHHAEXFFEEFFCFCECBCCBXDHBCEXGXACXBFBDBBBCBGFCGDFF
CGGHFBBEDEBCGEHXEAEEHHFAHXDXH
FCGCCBEXEDXXGCAHGHDCFXGCFECXBHEXG
GEAEFBFGXFFCFGXDFHCGBGAFDCAGADAEDFFFFHCGDHEGXACADDHGXX
BXGXEFDXCBECCHECAGGCEGEHCEFEBBCEDCXXBCADXAAXAXXXDFXDGE
EEGXHHF
GXXFDCDEXBDDDHBBEBGBDDDCDBGXAGBADFEHCHGAXBHEFXXHCGEAFFBDBXEDCXHBHGFXGHXECBXEDXDFHECCEHGXA
GGEFFAAGFEXX
CXGDEHHXCFCBEBBFAXBFEACCHBCDHCXECFFCEBEEAFCDEDXGBCXEEHDXAXXCGF
XFCAFDXXXEFBFXCCGEDADAACGCFHHEAFCAFXDEEHDCEDXAABCCCXBECAHCXXABCDDFXBCAAAGXGXCHGEGDDFAGFEGFHAXADXXCB
AXBFHEEGGBFHFXDFAXACADXHXAEXECGAXDA
AEGHXGDDDDAHHEBAAFXXEGBFADAGHABHHXACCAGCEFDFCCHHCDHXABCFXCXHBXXAHHBFHEHFXEAGXGEGCABAFAXDXEXHDBFED
BGFABGCH
CEHCDDGGHHHAFDFGAEEDAXDDFXXEXDABEHBAHXGBBECFGCHAAGAXDGCABHBHFCXBECXBX
GBDBEEEXAEFBBDDEBGHXAHBEDHFDXGXACFCXXFAXXFDEXBECHGCAGCXHHXCXXXBHCFE
CBB
DGHXCXAFXEXXHBBGHDAGFAEFGBHHDHFFXABHXEEXXCEAXCHCDBXGBHXCXXHHXGEFEHEFBAXGEXG
BFDBDCFEFACA
BGFDDHBCGCGACBFAGGFBBAHEBEGHEXXGCCG
EGFFDFDGHCXGEAFFHXAFDGBDGAHACHBCHCFGEBDGGGHGFAFXGBHDEHGBEECDGHXBB
AEEGHAHAFFBDGFCEAHDBAAGAGFGDBHFXCGGCCGHDADEFXEHFHCFCE
BCDXXDFDDHXFBBHBDDAHGDDAHHFFEAXBBC
CEGGXXFACHFBAABBXGDEGEFCBCXBAGFEHBCFGAACHXFFEFDXADHGGBH
HEHCEXFXXXDHBXCABXDCGCHEA
GDADCXHCDGBHCXXFFHXFEBGFEFXCAHFDGBCXXBXFAXXEEBAAEABECHXBCGHCAHEFCEFGGCXDABCXEHFGD
FHFXAFDEAAGHAGBHDHBHHCCBGAAH
FXFEAGGFXHBCGHCBBFABHDFDHXDXBDEACHBBHHFBFEBGCACGGADXAFBDHCEFADBFF
FACHGDEAXDDDX
XHHGDBCXEBGHCEFDEHHAGXEHCEABAFFGHDCEDXDGAXGFCEAADBDDGGADCXFBBDCGBXDDAXAFGDDCFCEGDHDDXXXAHDEGEHBHCBA
BEEGXFEBEBGBAXCXBDGBHBCDXCHFGHHXCAHXEFXEX
CFGFFAFXFXFHGXACDGFXCEBADDBXDEGXADBAGHBEEFBXHFCBAGXCFXAGCFBXGDCGHX
ACDFXCXXFAEDGDAEGAEABXXBFEGGDDEAFXXBFEXFXAFHHGEACEBHGXAXBGHHGHBCEEHADGCDD
CGCGHHGGEHCAHFAGDDFCHEHDAHBBEFHFHAHFHCEHBEHFBBC
GEDCXDEAEXHBFHDFFAAXXXDDHFDDBGEXHDFHEXBXDBXFAEDXAXDH
AEFGEXDFDGAFGBAGFXXAFDHCGXXDGCDBBDCEBAEDAXEXGECDDEFAGHXEDBEDFHGDBBBHHCFBDAAGXECHDBCDFFEHEDADC
DBXXXFAXXFDCAFEAFAXEAHBXDEHXABEXHAEABG
HAEFEXBAAHCBFAHCHDBDEEEGXHEXFGHEEFXFBHAEHEFFXEHXFDEEEFABBCGDBEAFECDHCHCXDGHXE
BEDEDAGEF
HCBXBHFXHACXED
CBXXAGDBAEHDGECCEGXEBEAAHBDGDGACEEXBXBDEEXDGECHGXEGFH
CEBCACX
CXEEGBEGCCXECABHDXDACADAADDHCDCBHXGAFHXHGBDDXBCAHHFDCEEAADFGBXFAXXFCEDEFXBXFXEEDG
HDGGBCGGEFABH
CGCEXGBBEXGHCEXCHDXCXCGDGFFXHCXDDDFCGAGCAGF
DHCEBGBDXBCDEDAFDFDXHAHHXACEABHGHHCAXBGXHBADDCBEEBBDHEHAFEFAHEEAGHXDCCACEFFHF
AEDXGCBDHAFCEXFHHDHDEHBEXDCEGACBHGEHEDAHG
DHADEHXAFEFADFHAHDCCGFDFBHHXBXFFGHBFBXCGHHB
AFEABGFGDHFHHXXBFEDFEEGEFDFCACAXXBCBBCHHHCFEGGB
GAXCADCDCGHDGEHC
GHEGCHXADCFEGEDXABCFDGDXHDXEEDDCEAHFBXAECAHFXCABGGGDCHDGBHXFFXAGAEAEFDGXAXECCHFE
FBAFACAGFHXGGBAEGAAGCBBDAHHXDDGEHHBBCAEGFGXCBBCADHABHXXDHBCCFEHHGDEEGEEADBFCHXXGB
CBEDEFEGFECHEAEFDFFGGAGFBDHDFXXACHCFXAFBF
GEXFEFGHDCADDHHBAXAFBCHGFDABBGDEXFBGCHGDFH
HGEEABHBBDFDBBAXFBBCXXDXFAFBFDXHHXDFXACAHBXCBFBHHDHXXXGFBCXCCHAGFFCXEDCGAHCAXXEGDAHHBAFDDGXXGGCHXED
BAADDDAEEXDDHFHFHDAFBCAACEXCGFBBEEFGDHAEAFFAXHGFDHFCCAXCGHCFBXBDHEG
GHHBEAADDBGFBXDGDGEXCCXX
DDGXGCXHHAFXFX
GGBFHFHEHHEGXHDBCBFFCDEHXHFDHXFHHXDEXDDGAAXBFCXXBXBCHXFFXEFXBBEXFCGXFBFEBEBDGCABCHCE
HECAGCXAFFFXABAFXCCDBXDCEBECEFCXAFEGFCDBFAAXHBCFCDGXHEXHXHEHXXEBGXAECHFGCAABHHCBBAHFEGAEB
FEFBBHXHXAEGCBACDG
CFBDXGAGXHEEGHFFHGXEHE
GAAFXEFEHBXCFCXEHHBDXBDCEGFXAAFAAECHHEXCBFHGDCXFFFHHGGHAEBAACBG
EEABBGDGCEFCDGACAACGBFAADHHAXBDGHFFHEDEB
BCXGXXBXDHEFGXCHEBFDFCBFDHBGGBGAHAXXBBDBXBBXBEEBDFF
FBGHFDEAGEXCGFHHCFHAEFHBBGXCEEXDEXEGDXGXXEXEGDEBHDBCDGAGGEFCDBFCGHDBC
CHHBFGCCDADEDADGBBHCAGDHXBBEAEFAXGHHXAGCXACXGBGGGHADBGEGCBDXEXEBGGDDXHGDXFACH
GEHABGCBCXHFCAEXBHDXADXEDGGCAEECFDGCGHFGGCFGHDFBGEHBGFAAHBXDCHXECXAFEG
EAHXGFXBBGFFH
DHEFDGCD
