AHEAECAHEDHAFCCHXAEXXEACXGCXGAFBDCHXAAGEAXBDFEGHXHFEBAGHXXHCEBHAGG
EHEGD
AEFCDAA
AHXFHAEGXEXGEGADHHDEXDGFXCXCGADBGAACBCGGXDBFEGBCCHGDEGDDBGFAEX
DHFFCBCCHBAEAEXXXFECBDBBBFFADXFHGEAHBCGDFDXCBDBCAHHCXBABXCXCGEXGX
CBHFAEXXAFAEFCHFCCCADXHCXDGXCXAXGEHDEEAECCEXCCXBBBEFGXFXDFEGHXEXABACCFEXAXAAAEBDHAXDAHCHDFHXXGCXE
EDEEBDXGACCGDEEXCCDH
BXEEFCBDBDBBEDEAAEBEXDECCHHAAEBAXEGXDDABGBAHCGFBEBFDCGHFCHEBFFADDGHHX
BHXCDXEBHCFDDBDBBXABECHDCHEFCCACCDEXCGFCEXXEXCXDBCBAGDGAHXCFFABECCCBDDGHBDGXAEGDDAXEHCBFDGAAFFDCG
XAXHEBXHXCBXFGHXEGXXBHFBXCEGAXEHBEGXBAHFXHFDGXADAEAGHBDEBFCGDDHHFC
AHFAGDXEEXDECBBAHDXBDCAGFECFEEDGHABCFCGGAXDGDEHBEDEXBCEAEEEX
EXDFCFHGHFCCGEDFFFAXHEGGBAABGDGHBDFHHFFCHAXFBGCEXHXEACGEACHHAXEEFBXH
ABAXAXBHBHCGBDBBGBAGEXEBBDFHCHBACEBADCDHHHBDAFEECHGDHAFXFDFCFFDGFDDEXXAXDDFGH
DGBCGBDAABDXDXAAACFDFEGDDAHEHCABDFHBGDGXACGGCHFXHGGFBEEABHFGFAXFHGHFBHFHFGXBHE
BGFGAHDHHFEBGCCGEGCDAAXDAXBXDDCCBXGAHEAFDHHXHBH
ACAXCCEDDHGDFBFHGEGBEEBGXAGACHCDEDAXEBA
GAF
CEEDCHGCEFEHDCHBFAGHEHCFCDGXFHEXCEHBGXBGXFFBEHXXGEXACXFBCFDCCEAGAXHBAFXBCCCEDBAFDFFCBDGF
CXHEBAAGCHAFHAEHEEGAXXXFDBDHABHXCEADABGAFXXBGAFGHEFHEHXBHAGAEXGFABAXBGX
HDDDGGADBCCXXACGABBEDXEBEXDBGFBHEAGXDCXFBDDECBAEHXCCC
XFGCBBDHDHEHFGGAABBGGACGHGFGFCGCCBEXEDXXGCAHGHDCFXGCFECXBHEXGHGACDBEHEEEFGDFX
FHCGBGAFDCAGADAEDFFFFHCGDHEGXACADDHGXXCFCGCDEBABXFFDCXFHHFHHCDFC
FEBBCEDCXXBCADXAAXAXXXDFXDGECHXFBDABCAHBEEFAEXEXEFCDFGCEEBAXCDCAFCDBHGEEDFAFGEFEDADDGXADHCECGFGDEDB
FDGXDGGCXXGCBCEDGCFFGDCXABFXHHDADCCXBXDDXEGXGECXXEGXFACBDDACHBGECEHDDHBDXDCDXXBECXHFCFFCDDCXEXA
CDGDXXADFBEGHGGBDBHCHXFFCGACBHXBGDHAXAADXGGXCEDXAFAAHHHDCDHXCCBGFAHFXGXFHFAAEEEXHBDBEXEFAX
XFBDXEDACBGXGHECXBDEGBFFBGDCGDADEXCECCFAAXHDEECAAXFCHHGFCGAXBEADAEFGEBGDGAXXCFAFFEDCDDCCEDGH
HHBGACFAFGHGDHHGDHFFBXCDBAGXBHHEXHEEXCAHAAAHEDGDCF
HXEAXXACXFDCBCFD
XEEECBAXCGBFBGEAECFXFEAGXFFDGCXBGDBGDXDHFBAABFABEEFADGXDXCCDEFCBHDDAEHHBGCHADGGHDGBEDCHHCCAGH
DDDCXAC
GHAAHBXBEFHAHDDCDGGDDGECAXCHXH
CAHHGEXCXCXBBDGAFGFHECFEFAAGDFGXCEDBBFAXEXEEAXDGXABHCFDHFHCCHGHCDEGG
DXFACXEDAEFCXBAHEBDGAA
AAHFFXEXHXHDFECGFEEFAXDBGGEGBDG
HFEGFDDXBFFCEFCHEDDABECHXCEFCEHCCCDCHCCGAFGHEEDFCFDXDEGHCEXXHHGEBEBDFXXC
DEBDBXBDBHEGADCECGHAEFXEDFFEGDDDHHHBXCXBEGHGXDBCDXDGXBGFXAGCC
AFFGBDXXAGXBCFBCGFDAEGFHC
HEBFFCDCBGXHFAFEBFAEXCBDHDFXEGDEGHDDFDA
DFADX
GEXEXDDHGDDFXEFEHECBBHFHEHBHBD
HFGCA
HEAXXFGBEDEXBGBEDFAGCBDGHAFFADXBDBFGFCEDABXCHBAACABGAGXCFHGFADCDFCX
GGCXDABCXEHFGDE
HFXAFDEAAGHAGBHDHBHH
EGBXACDFXFEAGGFXHBCGHCBBFA
BDHXXXXFXDFDABXDBGGHBCXDHBAGFBAHDXXCFEEBXADDCXFACHGDEAXDDDXXBDXEEFGCBHGBGD
DEHHAGXEHCEABAFFGHDCEDXDGAXGFCEAADBDDGGADCXFBBDCGBXDDAXAFGDD
XCEFFFGDHHXXCDFBXBGBXGDABEEGXFEBEBGBAXCXBDGBHBCDXCHFGHHXCAHXEF
ADXCFGFFAFXFXFHGXACDGFXCEBADDBXDEGXADBAGHBEEFBXHFCBAGXCFXAGCFBXGDCGHXAFEAHFXGEF
EDGDAEGAEABXXBFEGGDDEAFXXBFEXFXAFHHGEACEBHGXAXBGHHGHBCEEHADGC
XFCGCGHHGGEHCAH
CCFXFCEGBXXXXBXFCGCEAGCEEXEBBGHHXBGEDCXDEAEX
GBCDFACAAHFEFFGCHFBFBFEHCGAXBEHHXCCXXDAHG
FAFCFXXGHFHFCHHFBCAXXCGDGEGAFHEFXDDBADCFHCXBFHAEHXXHFBEBADDAFCGEXDHBGDECHDAA
CHXBHXFFEEEHHHXAGDFCHGFHAXCXDXACDCHFX
HXFDXACFHABDCAXDFXCEFFCBABAAGEHCFEBDDBFDXFXBGBXCXGBBACACEFBGFCCXDGHCGXXFAAXHXXDBAFCXE
CFBFDGCCFXHBXFBHXBFXHCBXBHFXHACXEDFGXEXXEXFCDXCHAFXCG
EBEAAHBDGDGACEEXBXBDEEXDG
ABGXGFXCECEBCACXXGCCCEHHXFECFEEGBEBABFDAABEXBBFXFBHEXDXDDBEBGBFXXDDEFHCAADA
GBXFAXXF
EDGXHHXXCXDAFXHDGGBCGGEF
ABGCGCEXGBBEXGHCEXCHDXCXCGDGFFXHCXDDDFCGAGCAGFDGFCCHGHCGFEGBADHAECFAGXCFXHABDXFBBFXXHEXCXEXA
BEEBBDHEHAFEFAHEEAGHXDCCACEFFHFECBGHFEHDADFHBDBGEGDCBCGAEFGHAFXFHCBCEAGCGBAEDEGABXXAEBDGBGAGFH
EDBFBBCFADHFBEGEAHGGBDBDFBGBDCBFDHBDBHXCXFAXCFCADGACXXAGGGGEEEEHGG
HBGDADHEECAFDGFDEXEBAHECDDCHBDGFHEXAXD
BBCEBEEFFECAFEBHAEDFDHEFXDXCBXDEAXE
CGGDAGEEXECFCDECEAHCFBFXHCCFXXEXDHBGXBCXFBAABD
BEEAXDBBBDHDDXEFACHXHGFBEFADGABGBDBBXFFEXGGHDCC
GEEADBFC
EHCFDCBEDEFEGFECHEAEFDFFGGAGFBDHDFXXA
EXECXFCBCGEXFEFGHDCADDHHBAXAFBCHGFDABBGDEXFBGCHGD
CGHGEEABHBBDFDBBAXFBBCXXDXFAFBFDXHHXDFXACAHBXCBFBHHDHXXXGFBCXCCHA
BCHEBAHGEAGECDFBHHXXGHFXGH
GEBXGDHBDEDAAXHHFBDXDGGCGCXDFHDEAAEFDEHHXDBXCFXXFFACHAGGFCXGCEEABEXDBCCAHHGFHGHHBEAADDBGFB
DGHHHBHEEDXDDGXGCXHHAFXFXHHEDXDGCGDCDXDBBFEDGFEC
HXHFDHXFHHXDEXDDGAAXB
HGHXXXHEGECHCXHXHDBFCEEGAXCDCDDGEECBEGEXH
AEFEEDXCCCDAXXCXEEDBADGABDEBAXBACBHCEHCCAAGDHBAEGBXGFXDHGBGDCBBBAADGGCXEAAHGGEBDXGCXXAAXFEFBB
XGEBADHEHAEDFCFBDXGAGXH
DBHGCCGFBFGFGAAFXEFEHBX
GAECXGGHXEHFBFBCAACHAADGGXDXECCDHFEBCCCGGXHXCAHFAECHEEABBGDGCEF
EFXAEAABXDHAAF
FHAXGCCHEGHDHAEDGXBXDDHXGBCBAXGDBCGCEBCFEBBFBHFXAXFDHHBAH
DDEHFXHEFHXFGXXXXFBXXXCGXECDFXCGDDHFEXFXFBFBHXHHHGXDBHGXBGHD
FGCCBCDBBXHGBGFGGAGGEBCFEEDAD
XXACGDXFAFGGHXHHXCHGACBXEHCGEHABHXXGXCAFXXDHDDDGEHHHBEGFFHFDH
DDBBCECFAXGDBBCHGACXEXFCEAFHXGECDAHFXGCDBBXEBCEBBFCEXCCFBDXACXGGGBFHFDXCECBAAGFBADBX
CEEFHXBHGEEGGCHDAFGXBGXBCAEXXEHFBAXHAGEXAHXGFCXXAHADXGXFDHHFBXBXHXA
GEEHHAHFCFGBXGGXEBFDAFGBFEBCXHGBXXEXECA
CGGEXCFBBXGCBAAGDAAFCGGCDDGEFDAACHFHBDGHCFAACCAEHBFBBEFBXFEBHEXEDGFECBAHDFXBGGGGFHAAEHXBCBBCAFCDH
GCFXGFCXDHXGHBEDAACDXGDACAGCGFGFFXXFXFHXFBGFDFFAFGGAXBABCXHBEBDCFABXCXFFCDDFXBXDAFEHBG
CEXABFBFXBBHHEGXXBECDHXDCGFXCXDDGXABFDHXB
GEAFXCACGXXBHGEXCDE
AAGCFDBDXDBFAFFAFHEABFGEEHFBFECXCFEFF
EBDGHFFXAACHBGAACBXXEBEEXHHHXDGXBEAEBHFEBDHHBDBDFGBDCCXEGXBXGDD
FEGFHCDBEAHFXXBEDEXHHHACGXBCHAHXCFCXCXEXDCFFHXEGGXD
GXGDBBCAHXEXFHEFB
CACHDHXFDDEGXFCHXCBFEEEAFXFHGHHXCBDXBCBXECAHXFFXBDAFFXAHDGHAXCACCXFDHXFGAX
HBGGDBDXBHHCDCEBBGGCCXCACFDDXDXDHX
ADBXXXFGBDECBBADDAAGEDFDXAGBXEHGDGAAAEFHFEEH
FXXDHGG
BGDDDXXHHGDGCEBDGFAXXEGXEAHCDFEEBEFHECBFDEHGAFXXEGGXHAXCEEHHBXGAXFBFXAHXDEGXXX
AGXHDXACDXCHAAEBGHAGFFECGHFGFABXEHAEEXXHXDHCBGDDFXXDAGCXAEEEHHXDXHGABGBDDGGEAFXDXXADECBGGXAFFDEFEAD
GFXAFAAEXAHFFFFAEDFBBCGAAXAXCG
CGCAECBFXCBEXAACXFGDBCHXBDDBEHXAXXFEHBEDCCGEGHHEDHEXCAXXHEEFEEDHBBFGHGCAAEGGHGAXXFA
FBGEXCECDFFBBHXDGABCCAFXCGHEFGXABFAHXHDFECFCDBAGFBCCFEBXFBEEDAXCXDEFFBEEDDDDXFGHDDBXE
HCCBBBHHHHBDAXHEBFDFDFHDHXDDFCFAEGXCAEXXXGAECXDFEBEHAGCACEEABXDBDCHXHHFGCXDBXGHEDDXDHXGXAECDE
FCAGXHBDHBABHAHHDXACAHXCGGFBBAXECBGFXAHDDCXDDEGGAHEEDDAEDADBHHAFCEXXGHCCHFXBGBCEBXC
DAEEBCFGBXCFBHEXXCBXADGCFCXDDEXGAGXXD
GGAACXFXXFXDDCCDCXCADHBAEDF
HFBAAGGEXBXGCDEACGDGAFDDFXDHDAXBXHGFDXXBBBCBFBAEAFHBDEBBXGBBGBAGEEBDFEDBXEAXBCHGHDA
CGCDFEEXHFCADGAHBEEDBADXHFFEXHDBCGFBBEGAHFFC
HXHEDDEFHAFDAGAHACCCAADFCABFEGEFCXXGFHXDAHBACBGCCAC
XEADBFDHXXCFHAGAHXHFGXHXBDCCCDCXFADFEACHCDEAFBDXDBAAXBEEHXDECECAFAEGACDXEHBGHFXCXDHEDHHHXFDAA
HGBDFHXDEHXEEGBFXACEDCAGFEDEDBGGADCFBDGBBCBXDDHXBXCCDEAXAXBBHEAAECCBEHDX
CXEDBXDFCHEDCACEADDFAAFAHCCBDAHAEBDEBACFGADBGHXBXAC
CAGXDFDEGBXFFEEFXGFCFFDCBBXXCHCBCXDEEDXFXFAEFXEA
CEBCHEBFDXFGDXHFDXADDXCFGGE
GCCFHHCEHEXBBEGDDFAXXACBCBFEEXCFBHEDDGDABGXGHXBHDHGEEFXXEXXCCCCFAAABEFEFCHAFXXADG
FCCE
HBGXBEHHGDFHHED
DDGFFGHXDCGGBXGEDADAFXHGXFDGXADFCDCBXDFHCCDFEEABFBADHDFEHFGBDBBHCFBGAG
GFCXDGDHGFBGDBDBABDDCCHFEXEEGFADCAEHCBHCXHXGGEFCEBXHEGXCFBFXBXGHDBDCBGEFDGFAGDGGFXHCXE
AGEACBCXFHBGHHFEAEDHDHFCCFCBCHDHCDDBDFCFHCGXEGXBBBXBFABBACFADHGBFFAXXCXC
DDDCEECFABHEBDAAFDEDEHCABCBFBBBHGBHGAHAGDFEECGGBEHGGHHAGABAADFAFDCECCFBGCBCHABBCDADFBGGAHCCXFACCC
XCAHGECXXXABCXEDEBBEFAHCEFFDGEXXDBBXHCHXHEGAECFBDXHBEXGAGEXXXBCCEHXBGX
HFAADCABABBABABDCCBXHXABCXDBGDAEEHG
GFAXFHCGEBGECHHGDFHGDFXDDGEXGED
BDHCXCDEGEDBAGXCGCFCXBDEFDADHCGCDAHHGGXHXCEADBGHEAH
BBFDDB
CGXFFXDGHAAHHDDGEHGCCDBDXFFDAEDFAEXCFGADF
BCAXGGGCBGDDADDGAEEDFCFEDACAFHCGEBCDBEEBBFBGGBAHXEEHXAGDHF
AEADXGXGFCGGFDFHGGEDEDGXHABXCEHGEHHDXFFBH
ABEGBEDEXXBEGCBHFBXAACGBXACXXHDBBXXXXADHAEHFXFEDEHXGFHACEACAXGCC
DDGEHFXCXEXDXCDXACXEDHGBBCFDDGGGEEHXFGDACFBBCGDBCBHEFXGAABCDGXCEGFDGDXGGADHCADDBAC
DBHXGEXGHBHBXHXXEFEFBHFFBEEFXHCBXXBXCHCBCCEDECAEBHDXFHGEHEFEBGEHCAHC
DBEDECAHXCHDDXAXHBHXBFXHEEHXHXXBCXCADDAEFFBDHFX
HHBHXHHGHBGCHCXGAEDDCDDFCFFEBAXXDFHHXXGABEGDFEADHAHFAFFHCABDCFAACACBXCCCFXEXCAXDXBD
EXHHAAGHXHAEEEBXCEDGBXHEEXXXAGXABEAHCFGXACABEAXXHBBDCCA
HGFBEFAFHFAHDDDBDACFXXHBCGBDGFDGCFCGBDHDBCBFCAADFDBFDFEXXCCEACEXHAHAEEB
BAHGDFEFCEFEACDHFAFHADXGFCFFHXXECGCGEDEHXEBDBCGBXGAFHFXFEXABF
AXGEGGXXCFGHEHAFCHAFHHGAEABAXFBAEHXXGCCDXXGFCEBDXCDGBCEGHEXGCCAHGBXEBABGBCGFFDGCCDCDCDX
ECHBCDAFFGXHEBDAXEDBDFDGCEXHABH
BCHHCFFEEHBGEBHDCBFHB
XDFDXHEGCBADHEDAFAXDXBGAXGBGHXDXAABGXDAACADAFHDCBHBEXDBEHDAHCCCACADCFDC
GBBHCCXGHFCCGCFBFDDEFBEHGHCXCHFFD
XEEFDFXFCCFXHCDBHCDHHBXXFCHCHHXCFBHECCGXCGFCXDGDBXBCDCGEFDGFXCFAAHGAXBACAHBBECEBDAFECEBABEDD
CBFBBXBEBGHGGXFEXFACAGFFDX
AXECCFXBFBGAXFFDFCAGBHEABEAFHCBFAHFXBEHEGXHFXGBBFGBGFFAHXXFDXBHACEBHXAHHDFFXEGBEEABDCEGAB
XCBHXDGECBDFADAAFABEGGBBBFBXBFXDHCBBFHACCXCEEGXXCGBDXEDDX
FBHFFFHHXGBHDXXXXCBHCDGBXBEXAFEGGGFEBCGEXFHEFEFCFBFCFBGHXBXFFDXHEAGBFEXGDXGGXHFH
FCGEHGAAFEACDCGFFDGEDGHGHXAFDEHBFEDHADAFHCCAEGCXGBDCEHBHGEXGBXXEDABFFHAXCBADFEFFHDGAA
EFFCGAXCBCGXEHFBEGXABGHHGXEEBHGXFCBFAGXXFHCDADAXADDXHGDFXGGAGAXFCBCADXADGCAADAGCXFFHHXBHXH
FBEGGBXBDEDFABXADHBHDBCHCBFBHFEXGHCEAFCECXAGDXEHHGBECDDXXBEHHXAABCFCGBFEACXAGFXEFFHBDGBGCAXDFGEB
EXCAACBBXDEAAHAEAFGHXHHHBBXXEBXFBHAXFGHBABCECGAEHDCGFGEFAXXAGDDHHEFBCDEEBGGAA
GCGAAGGCGDEBXGXBEXBEDEGXDDHHB
AXFFAGDAAHEXCDEHHGDGHHAHECAXAEHFBDDGFHDBXFFAGBEXBCBAGEDBFAGFCHEEDADFECFEEFDBFFDHBXGHGAEBECADGEEEEDD
FCCEBXGBGBEFAFFFCXBBXHCFXBFEHXGBADCBBAHA
EHBHCXXHFFEGBCFXAXCBFDCGBFAEGCDGHGGAAGHCXFHXBAAXXXFFCXXAGA
HEFBGDCXDDAGBBHXCGAFAHGBFBHHAEDAGEDECFBHBEBCXHHHEFDBFXFEHAXDAGBXFGAHCECEDC
EACEDDAHXAXCDDAFCBHFBC
XGFEXGFHDDBDEHFBBDBHHDDDE
AXCCGHHHBGDHBXD
HGAEBBEXEDHABGBAGGACEAGDHHXAFFFCGEGHABXGXEABFGDFD
XGDFAADGBGAFHEFDXAEHCEAGXXGXEGHEBHBXXHAAXGCEGEFXAGCFADEAAFDFBBE
FBDBFGGCCAEXXAGDAFXEHXHCB
XGGFABEAEGXACCGCXDX
CDGDGABCXAGAEFFAEGHFAEHDAEAAGAHEEABBDGGGDFGBFXAXA
FAAHGHEGFFXBEECHBAGBADCHFBBCFAFXXGADHCDBEEABDAAHHFCXHBCAGFBCAXDXDAAGCCHBEACFXFFGHGX
EHAXEHCAAFFEXCXHBEABCCFXBDGDBHEGBBEBXFEEGFEDADHEDGDHGEAGXF
XDGDBDXFBXE
GBEXEADXCEHHHEDHXEBAFHFXHGHHHHCEXADAXCDCCGXAHHHABDHBAXAGEXAXDHHDCFXGXXEFXFAHGHHBDED
CBGHFFHEBXBXFXBGDBCEXFGFEDGCEDEF
CEXXEDDBDBCEGHCAABDACXEFFXCXGAGCHEX
AXXBXDXCECXXEF
CGCBXGEHDBDGXXHDCGFDCDFBCGBDCFGGBGBXDDXGCGGXAEXBXBEBFXXXGBBEHBXG
ABBCGDACAFEFGXCFCCABXHHXDXGXAAAHXCGX
GHAAXBCAFXFGHGBABAGCHDXGDHHDXEBCEADDCABBCXBHDADGBDBFAHDXEGFFADCXXACXB
EFXADBGFEFEDBBAXGBGHCFXCGCFFHGBBGEGFDBCGFHAE
XXGCCECXDX
FEXAGHDBGFCHGBEEFBGFFEHBFCFGB
GHHHXXCFCBFDCEXXDFFXFACGCCDXCXXACXDHHDFDHEXGBBECCGDCXXAAAXEFHCHGBFDEAHHGHFBC
GACEDHFGXDXEGGDGEGFGBECXG
EBE
GXGFHGACEXFEEBBBFXDDGXXAXADGBGEFXHHGHXCABDHCGEGXFB
AXXCADXGEBDXGGDFECFXXADBCBDHHBGCGBFXCXXEBAXBH
DFHGX
BHDHGBBAFFEDHXAFCBCFDACEBFHEACAXCEHHCBCHFHAAGBCECDHHDCHFFGFFDGFBBGCFXFFHBH
XCBXXEFBFAB
GEEBGAEDDFBCFFHGFFAXBGXBFAXHDEXBAHEACDHBXEBFGXBDDXACEGBEGBAXXHEAAXDAEXFDFGEBBEECDGBFDXABGDACHDBGX
DXHEBGXBHEGAHGDXBGCH
CXABHXCGGAEDBCADHHEEGXCEGE
DBHFFCXGCXXECAHEHCHHGEEXBCBDFBHDEBDGCEFXXEEXEHEGXHHDGXGFFFDXBFXBEXGFBFXG
AFEHFGAHBEGXGDFABXHFBXHHHXCDBAXXGGCCGHHFACDGBDXGGHDABEFBFCXADBDGH
XXGEEHFDXHHFEGGFGHBDCCHFXBBXXEDABEBECFXDFXHHFXDXGDXBCHCFFDEGCXXGCXCGHGFEFHAGADFHXAXXDGEEAEEG
XXHBXGAGDFXBHBGXXGACAFDDHBCAHHGXHHACG
FDAFXCCXHAXGXFFAA
DHEDCFXAHDEBDCCAAGDAXHEBXDXXED
GACXAGXHCEACFXEHAXHXGXFCCHAEDGEECAHXCBEXFHXDCAAAFEBEBBEGFXAHHXXAFGCEDFFAADBHBHEEHAHDFCXBHAX
EHBHDEFDGEFCGBBBGDBGCHAGXX
GFGDHXEACCF
EBHXFAXDHXDHGCGEGBXBADCFGXCCFHBXCHXEGXBECAGHHFDAGAAEBFDABXBXGGBCHFECHAXHBBFHDEEGGH
XCCHDBHXFCBHFHAFABFFXGGXGAHHXBFXXBECDFABBGEGCXEDGHEHDEEFBXF
BFFXDXHDEAAADCFFGBBXCGXACAHBEACHHXDAXAX
XCAEADFAADAXXEXCBFHXGFBEFXXBXGAXEDXCG
XECCHGHBBBGFCAHFADBGEHHXHCDDXDHHFGXGHCFEEXAAAHHEHGEGXAABGXHAHXAADHBXXGFDDADXAEDHEGFF
GFDBFDXCEXHFCACGHCACFHGAFGGDCCBB
XXGEFHXEFEEXGDCBH
DXBABGFHFHHEDADDFHXBHDBBAEBDXBBCAAFGAGDXXBDEHGGCDGEHADECGAEDHEGXH
XFGFCEGHXDBFHCBDHHDHCEXHBBEGDHBBHGBGXHDBG
GGFFCCDXDEDGFEDXADCEADADCECDHCHDE
EDABFCAEGGHDDXBFEGHHGCDBHCACFCBDBGCGGECHCHDEFAFXHXAABGFAFXACEHCXBHFFABFXHCFHAEHDDFHFB
FGFXAAXCHDDGGDDEHEHAGDEBEGXBACHXHDAFCXHDAFAFBAGDDHXAEDDEHCCBBEDEHBEGBXCBDFHAXXDCBCCAHDGEDCBBAXDECXF
HFFECCDDGAHAFEHBDCCCDBAGFEXAHFECFDBHGHHCACGBBXGGFXCDBEFHDB
GFCFCGFCBHDEHXFDGEEXADFFXHDACDCDDEGEGHEHAAAFEEEHGXDHCEEFFXCG
XBGHGFXXGDGEFFAXXXBCAXCGECAXBBAAEGCDDHE
EXXFHE
GAEXEGACBDBHEXAXFXCCCADFDXGFCGXFBGDAEGADHFCXXFGACCFDFBXDCAXXGDEGBBHCHBFABEGXEDGEDDHGCACAHBGEGHCXXC
EXHEAXGFGACDHDHFFHGCFGXFHXBADFGCHHDXFGXGFFFGBXBBBFBBDXBCGDCHCFDAHGAFBXCFBBE
HAFHGAXFGGDFADCEFADBHBEXBCHADGE
XFEXCGXGHDHGAGDHXCXEFGHHHXACGBHEXADAFCFBXDFAHXHFEGAEAAECXAACXDXBEDHHFFAHGAHBHHXGAADAGEGHBXHAXCCHAXD
CHCGH
FECEBHDCDCCBFCFEACHXCBXBHBCGFBBFHEFXDCEEEFDHGAGGACABHXGBGAAHG
HHHDFXHXEDXGDXBXXAGAHXECHAEHABXDAFFB
XXBHCHFCCGXXFDFGAHHHGCXAFBAHDXDDADCXBAXEH
CFXACXFEXHDBDHDXGAABHHBHGDFGFEABHCHEHGEEDAFBBFDAF
CDBBEBCGFCDEFEXABFXBE
XEHEGXGBXDHGGCGCBAGAXDAGADGHGDHEDGGHFEXAFCA
CXXEXFFEACABBECEBAEBGXBGCFHEBHEGXAGFAHXHXHHEEXXHECHDEXGDHHXGHGGGGGGBGCHGXEADCHAEHFGGB
HCXHECCXCEGHFXFFAGBABFCHFFAGEEBXAHDEEEFFBHBCHCFFEGXGCFEBGECEDBAXCAC
BFAGBFXDADFDEGHHFGGFXGAEEAADCBGACDEFBGBXFHHHAAFFFHHEHXAEG
DAADCEXFGFDHHDGAEBXEAXAFAFBFGDAAFFFXFDXEFDXHBEFDXEXDFEBFEAXFXAGXHACABFDCHBXDBDAFCGHHFBCFAC
EGDECGHHAEFXXGXDXXAAEBCHXCGHFBEHCDHCHXCHXFEXCGCXBFACHCXEECGGCEFGAHFAAG
CABCEADFHCEXAFCBDHGHFAXHDBGADDCDDBXBFCGXXDBAHDBHAFFHXGHCAFEEHGFAEBAAXBHDDCBBBCCBCDBB
FFGBCFEXGFGHEGEADCGFEAHDXAFDDX
DGAHACCDEXACCHX
XCXGGCBEGFHHFHDBXGFBCACCFADAFFDGEBAXBAXXFXHGXFCHDFEEXCADGBGBBAXCDBAGFBBAAEBGDEAEEFCBBEXDDFDADCABC
CGFDXFHCDXHAAEHAHBADAHCAXEEXXFEFHFGDBABBBEHGXDXHBBEGCHACHEFCFGAACXGHCEEDAHCGCGXBBGGBDHDD
ECAXFEFCDABFXBGHFHXFCCAFGEEBFADCHBFACDAADCDCBXBFXGXFHHCEADGBHADXAADGGAXGGCGFEXXHHA
DXHCCCHD
XBGGDHEXGFEBEHAHDAAGAGGHBHDXBGECCBFHAXGCCAGCFEAHHFGCFDABFCHAXFDHBADHXACCBEFDBDGEEDEFCHDCEEFGACDABEG
DCGACCDEHAAFHEGDGGFEACXCCXCDFGXFDXXGHGHBDHXDHEFEBCCCHCEFEEHEAHFHAXFHBGDCHHDACEFEA
EDBCEXXEBDGXHCCDGECBFHEXHABXHGDFCBAECAAEXEGGBBGDDCAFEABCFBXXCCHDCDCCFXFCCH
EXABGACDXHFFCFCDCCHXEEDAHCEGAGEGCHACDEACAAXCAHFBFDECCDAXHBHCHAFHXX
CCAGBXHBCGEXDCGECAAFBEFDBXEAHXACGCXFADAEXFDHGDHBXEBAEADBHFGDXHFXCXBDX
DCDAFGCXECDAXHBDXEFHDXFCEGEXEDBFHXDBGE
EBEHFD
HBBHCADGEFAHCCXCCEXGFEGHGDBCBHAHFABXXBGEBGXGXFAXEABEFAAGBCHEFHGBGBEXHDADXCGXADGGBFABBXFBDC
BADHB
AAXXXXCXDBBXEB
FGAFGXBCHCCCHCBFC
DBHHAHHGAEGXBGFEAHBHAFFHDXBBXDADEGAGADFBDXGXXXGGGDGFHHCHDAHXDBEHGDBEGFBGHHHXAEEDH
BFGED
DGEGHEC
EABXBBCABHCHDGCAAXFCECDXAGABFBXFHXHDEAXCFXEBEXBDHCFXHBEAEE
DAHBXCGGAEDCXFBEXH
GHHDEFDGXEEXEAAEFHEFAFFGADCCBEXHGDDCXCECXBCCGFAXACGXBCDCXCBXEFDFGHEBCGECHCCXCADCCAXCBFEHCGDFXHC
BFCAEAABCAEAFFHCGAHBFCFDCCAFFGDDBAHABHD
GAGCEDBDAHGHHECCHHDHGGFGGXBHDGXBHEGBGXEXDGCEBXHXGGAGGXDHXGEDABDCFAHEFGEDCBXE
CHDBXXAHFFDBF
HEDDDXCEDBGBEAFADACHGDCGGCFEDHCCXXXBDBAGHHFBGX
EFBCBEHGHEDCABBAFADEFHGGFFHBXECHEBBEHAEHEDXCGBBXGEDGADADBG
GHDXAHDHDFHBCAEFGCDXBDAEDFBHBBGHDACFGBXEFADHBCBACXGCBBGDEGEABBCEFXFAXABH
DABACDGXXHXCBFGCBHCFBBHCEEBECGXAEF
EFBX
AGBXXCAXXXXXEEGXBADBXHBFCCAFXDGHFBCGHHAGHAFXHXAAXEGBFFBGDEXCDBCFHGBEDFAFEGD
FDECADCABFCXGDCCCABDAC
DAADACACFHHBXGAXFFEHHGFCECEHDBCAHXBHCEEXFBABGA
AXCDAFXFXHHEGGCGEAHXHEHCAEXXFGGXBEFXGCGCDBXXBECFCXGXAXEEBHBXAEAFAAHHBFXDCCXBBDDACFEAFFD
EDGHCCFXBXEDHHEXXAHADGXHAAFHEFCBAAXBHADFHXGFBEAXBFXXDABEFEFCCDBBHDGHCF
GFCAHACDAXEDFBECEXDBHAADBDFHABHBGFBGGHCBABCFDAC
CFABXHBHFCFDAEHEXAEXCXHACEFBXHCEGXEXCBGXD
GCEAFEHEECXHGXAEGGCXHXHXHEDHCFBGEDAFXCCCGEEABAFDFHDEEABGFHFEEBBXCACEAXGGBFBBFXFBCABEHABXBBF
CCDBFCXDXHEGFBHFAAXGXXXDFHAAGCGXBCHXEFAGFAHECFEAHCCBHFAEXEHHBDBAAXFFA
XHDFCFEDGAFDCBFEBHFCEBFA
HAEXAEAGGBDXHGHGDBDXXHCHBFFEGCCFDBHBHBABAGEAHDFGGHFXXDCGEEAAXEBECHDEHXABABDAXXBCHGXAGEXAHDDCDHHGCXF
ADXGEADDAEEBXEXDCFHBEBBEAXHDHXFBBACFCACAGHCBBECEHDCFDBEAHGHGHAXHDHHF
XXCFXCDEXEFGHHHBAXGHDBCA
HXCACEAXHXEXAC
XCAGGADGAFEDFAEGXGEEEGACFDABEXBGBFHXGABEGBEGHCAFDDDGBHDEXHCXEBHGFHCFDH
XHBBADFABGDHGGCX
GEDEXXBABEHXCCBHEBEBEDBXCXHDCEDAGFXHHECEBECXXBBHHCFEHEXFXGDDFAFEBGAHCXXGBXFGBEFAXCACE
ABGHADDFGFFADHFEAAGDCEABADCAXXXAEEECCXXCDFXDCDABEFCEECXEC
FDACEAHGDGEFAHGFAXGDECEDEFHGDBXXBGDADCGXGFAEGADBDDCFGCECHHFCBFGHDXAEXXDBXHBHAEDBCBBBDAFEAH
EBGGAAFDXFAAGFCGEGXACEDXABXXEAEHEXGAGBDHAGADDHXDAFABDACHEDBFGDXDEXG
ECHAGBBGEEFXGCBFAGGBEEAEHGHDCECDHCCBFEXCDXGDHXAXEXXBEBGEXXCHDFBXGHHHBXGEFXCAFXE
XDBEXXCCBDDHAHHEDFDEFXBGHEXDEXHCXCHEAHGCEFXAGDEXHXAADDEDXXHC
HGXDBFGCAXXCDEEGAEGXGCGAAHCHABXECDAGGAEGAEEXBFCBGGCXFGEHBCHXEEFGFXFHDCAHADDGDEFHBADHHAFDBXCCF
EEX
ECHFCACFXCXXCDAEHFADHDDXXXXDABBHFFDDDECHDBEEAGAGHFAGH
FFAAXBEHGHAAEXDXCDFFHBBCCGHECEXBCAAECHDAXBCAXGFDHXECHFEHHXDXEXBGCCDXHBCFBEAHGCFHG
AXFEDAXDXEDCCEEABGFGF
FABGHEEBHDAXFCAHFHDFCBACDHEBHFDEFXBBEXBBHA
GFBGXCHAABGBCFXCCGCCHEHCGXGAGDXDDCABGCXFFBHFGEFECFGCCEXGXHGBACDXAHFEBXFDCDGHHFFXHGCAC
FDEBCFABHHGFXXADCCB
FHXBABFDHHGCDBBCBBEGDXEDCDXHGEDXXAADEGEHD
BCFFDXXBBX
CBHGXXAXDAAFGDFEXGDBBFBCAGHABCHDGBHEGEAXGEBGDBFBBF
BECBDXHDGXCED
XHXACBCFBGCHCECACAFGAEDFXGCAEFAFGE
