EEHAGEBAGHAXEBDHEFACHGGFHGFEFXXCHCFEGBDCHAXAEXXAAEXGCXEXADFBFHBEAECHXHGEFH
BHEEXHEXAGBFCHDFHXGHAHDADFGHXHXEXAXAAXXHCBECADECEAGCBAEBHEEDHXGGHFFDXGXXCHABGEXHXBBGCBD
XFFEBXXBAFCAXGHXADCFHXCFAEGCHDEXBBFDXBEHHDCDBBHEXBFDCHHHAHDXFGEAFFBHXGA
GHXGCCXDXXEEXHCFECEH
HCFDEADECEEEHDBBHBXFHXEXGECAGFDCCDCFEHXGDAEHCAXFGFCAHDGBHHGACCCBEBAFXECEHFEAFGCXEXBF
EAXHCECFACAXAGDDGXXXBCCDXGBBXDEADFXDFXDFXDCXAABGEGDFXXFHECXHDFEDGFEXEEHFHBGAECXHCGHAGECEADX
XFGAHBD
FCCAEDEFGGDFDCBBHAECCCHBACDBHCBEXDEHAFAEADGGXDAABHAFFAADCAXEAEFHHHF
FCGXCAXHEGGGADCXAXAGAACECEXDHBCCAFDCHGFGHDHGFBEXDECCDFXCGGFFEGHDAFEFAAFBEBGXGXB
CXDGAEEBXXEX
CBFAAEFHHXHAEXECEDAHHEBDEFFGEHFHAGAGAGBBGAADBDGXBFFCXXCXEXDCGHHBECGXFDHGGCXCXDHXGHA
BHXEBFEFXHBGGCGFGCCDDEDGFFEBCBXBCCBAGHBADGGDXDAAFDEBAHBFFEFABAEGHCGAXDHFGDHGDXAAX
FGBCXEBHDAFCGDAEGXFCFGCBXDGGAAEHHXBCCHDEFHAEACHDGEEBGCDFGCFXCEFFECHECBAGXHCFGABHFCFBXEAFDCGAECCFE
XFABDXDEBEFFFBEACXFGEDHCHEBGFHBDACDCDFXXEDAADBGDGDFXEAECF
XBHDBABHFBHBHDGHCGAFAXXCDEBCDCXFFDEAHEXHXCBBEEHABGFFXBGHGDXDEEBEFEEEFFHDECXECXBFGHXEDCBHXXHG
XFBDFCXBAAHHCAEBCDBAHFAXEGEHFEXBDCFEFXCHDBHXXFXGBCHCHXEFEAEFHXHBBXAEDGHHBDXGXHFBADC
GCFAEGXCHDXCEGGHFXGAFAAHBAEFB
CCGXFDBXFEFXBAGEHDGCBCGEAXGHGAXFBEXGHA
AAXGEAFAABDAEXAEHCHABEXGGCBBHFCGAXCACCGADFGEBFEFBGEFDGDDGCAFDDHBXXHFAHDFCHDXFHDAEDDDCDEFEEGGE
ECBEDFFXCCBFECCAFDEXABDGGHCBBEDXXCGACGFBBXBGAF
DDCFGHHFGXXXBGDGCCBEEGHCHXAGEEHHCBAEGHBABEHAFHFCXDGDHXFDCGAEEBDAGBAGGGHDD
EAHADBFHHFDXEGDXCAHHXGC
CCBGAFAHCFDXCCCHXXBBXXFFXAFGBBFGACGCADAXAGGHBFBBBFHDABFHCEHBFDFXBXCDFADDDBBCE
ACBAHDDCBEFHXFBCBFDGDHEBHXDXHAGABXCXDFFAGABBXCXEXBDFHBGBH
BFFBDBDAXXFFCBHBBFGHHEAXFBACEGHDDHXECCCCGEHGBXBXDB
GAEAEBCFGCHFHHGAHBABACXGABHEFHEGBFEDBDEHCBGBFFF
HDABGDGBGHDGCXXXBEGEGFHBBGDDHDXAHEXFDXEGDAAHEHFFFEGADBCBAAXXFADHDAGDXABADD
GFDGHDHXEAEHBCGCDABBCGHACGBDFABXGEFCGFGXGFHXEDCFAXECFEBB
DFX
EEXCHHXBXXFEHDGXEGDHCDADBBAAXBBGXABXFHFCXXCGA
GXHDEBXCCCAEGCDFGDAAFAGAGCBBAXBBXHABGG
AGFDXBFFAECDECDCACXDDFECXXXFDBBBDXXHHXEDAXAADGEGECEEGGGCXBDFCXBEXFBDFAECBGA
FCEHCCFCGXXHDBHHCBE
EACFDXGFFDFEGHEEDEHBHEEDDXHFEGGCDGBCAHAXEXHXGGBEDX
FXEAAEGDXXCFHDABC
XECHABHDGDGEHFB
BGCCEX
DEDAADBCADFABBHHBAXDGDGAABGBHDDCDGEGAGEDBABCHHFFBEDFAGDXXCBEXHBHAHHEXHFAFEHCAAHEDDDCAXEBG
GXBEFBBCCGAHDCXXGDCXCXEEGEDCCGHGXBEACGFCDCXXXA
XFDC
ADAEXAXDX
FXGCFAFCBEXHFFXBGXAXAEAACFAGCXHXBGXGHHHAABEBCHAHGCEEDBFHBGXDGEGHCBHFXDXB
ECEFGGBBBGEDABBADCAGGXCEDXXGHGEFFCFDAXHHHH
HAHDXBDDGBBDDBCXBBEFCAXDBACFXBADXXFAHGFABFFFEHHEXAAAGBDEHHCFBBBEHFFDDEGXXG
HCCGHBEGBBXCADEGCAGGCGHXCAXBDBXEEEDGEE
CDGGBFEXGCGDCAGBXAXXADBHXF
GGEBAHDCBCDHFDGADCDEFGHABXEEHXCCFEBECDCBDXFXBHFCCCXDGHCAB
CHGBABEGEDEEBXFBAEGCCFBHF
XEXBACBEHXFHXHDAHXCCAEFFGCXDFHCXBCBXHDBFFCFCAXDBDEXCAEBHGHACCADHFHDDBGGGXGCACACFADDHBFXAHBEFBCACB
FAEADHHGEABCCEXFGBAXHEDHDBXEEAHHCXCBAAGAGFCDFXAAEFEHGCBCGHAEDCX
BGBBFAHDEDXHXHBACXBBHGABHAEGFFFEEBHHAXFEGBBAGBGXXFHFHEGHCCFFGD
DBXCEXADFCGDFCGXGEADAFAGADCEXDGCFCACHDAAHBBAEHCADEXAEXFHXBAHHBDCXXFDAHCXECXCXDBFBXA
EXDHFDFCAHCEHXAHGDAFFAFBEADBHXEEHDGABGBECEDDBCBCAHEACBHDFEB
AEHDDFFCEEDDEABFAEGGHCDBAFBGAEBXCFXBAFDGBXHHADXDFCAFEFBBCHFDGGAADDXAHXBAAEFGBAAFGXC
HCGXXXFAGXXHFEFHEGGXXAADFDEEHDFXCHGCDDDEBDHDDXEFFBGXB
AAFAGEBHADFGCFDCXHHEBHGFHECDHXXGXCHAHCXBAFBHECEGCBBXBXBBFHCHDBHCECAEHBHFHGCXEFBDEEXD
DDCHFGFDCDGBFGXADFGEEGAHGBFCHEADGDF
GCEDHBCCGDDACXGAXAEXAFBGHXDGCEHFEGDXHGAFEXCADEAGFEXEXFXFXEBHHCD
FDCGHDCAFXXEDCFBDXBHFDCGHABAGXCXCGXEHAFCAHAGGAFEHHBXFAFXEXBGDGDXGADCDHACDAFGGXFGABACCAXDDACCBCAF
HACXABCDEEFEBGEXEBCDEGBCXDABDE
XEBCXBXFFXXDGDXXCGFG
XBFABEHCGDFGH
GGBXBFBCHACGAADDXDDCFFDEEAEHXX
BHBDDADXG
ABDCXFHFXGDFXEEXAFGDAFFCBFCBABECEEEGCHGXAFHXHAFFAAFXCECDHFGFDGBEDAD
BGEAAAE
DBABAEAAHD
FHAFDFHXEADXHHFHAACEGHAHAFEDAABBABGEHEDXXD
HDDBHHXXEBFHFBBBAGBCHXCDBADFBHAGHEBFXHXFXHAADAHFECAHBB
CCBBXBXXEFEFBXBCGDAXBDGHBCAXEFAHDEAHGDECXCFAFFXDCHFHFHGHXGHAFFGXGFFCCFFE
HEHFCEACAFHXHHHGXEDGCGDDGHEGGHCFFEEEEFDABGDAEDDXBCGDEFXFBBCXXED
FGHDBHDHCFFEHHXXBBDCBADBFCXXXHD
CHD
ADBGHECCFBDFXEGHCECFAGACXACBHGCECECAEFCHGDDBFDDHCEBCBXEBAGCGXXEDED
GCEAFDGEGXXFFXAFFHHFXCAFBAHGGDFBEDBGCXAHEXHDFHBHEGGCAF
EXGAAHGFGGGXAFGCXAECFBACGEDEGCDHXXHBCEXXHGXEBHXFGHXCFFBXCACHECXAGBEEEDDXCEXAFHGDEFXADABEHGCECHAGBH
XBCEFHFAHXEBBFXDCGDACAGXEBEEXGFHEGEEGXHXFDBXBFFDEHGGCDBBBDGGHCBEGAAXBGHHBEHXGFFBBGB
FCDGFACGBAD
EXFDEXCGBDCXDDDBFDEBABAAABDDHAEXFHBDBBHGDFEBF
AXXCCGFAEHCFGBDHHEHXHDBBGACGXHFCH
DDEAEDFDEDDBXGEAXXFHXDFBEEBCAGDAGHXHGCXBDXXDDDXCCFFFADDHCCBGDEXFCBEX
XBCFGHHHEBCAACEXXCEBGHBEGAGDHXDAGFBBXBBXCFDGCXAXBFCBXBGXCDBGXEADHBBBHAFX
DHBFXHCADACGACAEFGBHGFAEBGHXAH
XHFXGGXBDEEXCBFDEADXCAGEECGXHFEDDCBXGEFBFXHFCCFGXXGAEFCDAAEGXGDACCECXDGHA
DHHDEXDGFXCXCGADBGAACBCGGXDBFEGBCCHGDEGDDBGFAEXEGXG
CBCCHBAEAEXXXFECBDBBBFFADXFHGEAHBCGD
AHBEHFDBAGDBEBADCEEEFFXFFCBHFAEXXAFAEFCHFCCCADXHCX
FEXXBAXFBGGBACXEGFXEEDHHXFCBFCXFC
BBXFXEA
HXHBAGDAFAABCXGCECFCCXCEBCXGF
DFXGAGGHGEAAHDFEGFCXBEDHHHHFDGADGDHFCXABDHHXHHBBFFAEDGCCHXGFFAXAXEFBXEEDHGFBBHGBECHEGFACBFXC
XFAXGDDHFEGGADGDHHAEDB
CEBAGEHDAHHAHHHBHDXXDXHXCAHBFEFEAGCHXBDBDHAHF
GXDBEGBCAXFXBAGFEECHCFAAADCADDFGEDXHBACFDF
DDFBBCFBEFCGXGXADF
GXCCFBEBGGGDBDGAHACAHGCHCGGFHXXDDDAFBAADBAFFABBXHCCBGXCXXGBADEHCFGDXACDHEGDGA
EHECDEGBCXCFHACCCDGFGBAHHFBFDDFBGBHHAADFXDCDAXBCDBFGEXEEHGHFAHCDXFBHHBAXXXAAHEADAF
GGXGAEXDAACHFXXXCECXDCXDFFFCCGXXEXXAEXEXEAEBEEECAHFFGHGGBHACXCXGHCCFCCEXDBGXEGXDXFXFFDHHADAHAFBH
FAACXBCFCGABFEXGCCHHFDGBEAXGGXXECBFDH
XCCAEGDHEXBDGHFDXGDDXHHCGCCDDDHBBDBHXAXDEGDFGXAAFEABBGXBXGCXGAXFEXXEEGXXBFCDXHADC
EBGCBCHDGFFCGFXFDGBDEEEGFBAFFEXE
CXHDGCABAHDGDGCEHGXDEXDXEDXCEXGBXGHDGGDFCEXDBFDCDDBEGHADFXHBFAHDABDEXCXBCAHHHDXGHABGBDCHEBDDGFDDAEG
BCABAAGDGXACHHGHXHCAFXCXDACFXDFXDFFHFCBGXGDDXAGBXCFXEEBAFDAFHBXFFCECGXX
HBDFFCXHGFXCEDCHCBFEFAXDGEHBHCGCHCECXHAGXAHDDHBCFGGCFGHBXECDAAGGXGABGHEEXGBDBDXC
ACBGEFDEXBCEBXEHGDHDDXDHEHXHCHFHGDXEGDXGXCFFBGFD
XFHFAFCXDCGDBB
DXGCEFXCC
BFBBFDGBFGFCFHCXAGGEEEFXXFGXGFFBEFHFCCEGEAGXCXHXBAAECAEC
BGGEHXXGGGEEECFAFCXCAFCBXAXGFEGH
CEEBAXCDCAFCDBHGEEDFAFGEFEDADDGXADHCECGFGDEDBDXHABDHFXGHFEFGXXFXEHEBXXEEXGDXAEBFEXGDBXCHFXGB
XXEGXFACBDDACHBGECEHD
FGHDGHXFFAHDGXGABCXEDFECXAFCDGDXXADFBEGHGGBDBHCHXFFCGACBHXBGDHAXAADXGGXCED
BACACDGGDBFEHEEXHACDCBHBAGHAABDBDGDDDFXXAAFXF
DXFADABBFXBXDBHDFFBBCCDHDGXHAGADBXEECAFXDGADEAAGHBGEFAEEFBBDFHABCBD
BCHCCABDECEEAGDXGBEFHCXGGBEAGXFAFGHDGGEHGCABXEHDFEXXGEBXGDXDEC
AAAAHCXCFEBXCXAXDABXAHEHGAHXEEECBAXCGBFBGEAECFXFEAGXFFDGCXBGDBGDXDHFBAABFABEEFADG
HFDGEFXHXBGFHFD
FFXGBHAHGBFCDDHGBFFBBACFDDXEHAE
FDACEDXCXCGAGHFEDFEGFBAECXEGFGCAHHGEXCXCXBBDGAFG
CGBBABAACHGCHXBDFDXCCHDBFXAXHEBA
GFEXGHEFXBFBFDECGAGXCAEADHCXHEHCAGDHXXAAAAHFFXEXHXHDFECGFEEFAXDB
FXFBDFBHFEGFDDXBFFCEFCHEDDABECHXCEFCEHCCCD
XEEGHFCFGBDX
GDGXGHCGFECGCBHCXHXGEGEGFFXDHBAHDCGFXAHEDBBGABAFAXCCXHDDGGDGDEEABFHGFHFHEHDHFHCFCCA
GXXFCCXDHXBAXXCECBBFHHFXFCEEHEBFFCDCBGXHFAFEBFAEXCBDHDFXEGDEGHDDFDABGF
DXXGBGXBBBCHEDECDCBCBGXFAFCXCGXHDHDDXBAXACBHFDCAGFDFHGEAXEAHEEH
XHDBXFGFHDHGGEAAGDHGGAEXCDABGAHBBHABAXXDDDEE
HGEBGEFXFXBFBCBDXCADADBXDFBCFCHCCHDDHABHEHXDBBEXCHBBCFEDHGADFEXCFXADFCHABADXF
CFGEGHFDAXEXCFAGXBECAGHCGGBHAFFFGEHXGFGGGXGXHDCEGDXHGBDCFBGEXHABEEDADCXCHG
GXXXAGXABXFDDCAGGGXBECGBHGGDCBDHFGHAHAGGFCEEBCCCFFGGDDBFCBEDHXFEDACDBHCCDBXCFD
AXADFGCXHGBGXBAECFH
XHXAXGEAXFEFXEAAGHEHXBXGADGXAFDDDACXGXHHBDFCDCBXEBHGHBFGDFCCXEEDCCBFDF
XADBCDXDHBABHBGXACCHXCEAAAXDDDACXGGEA
EBAFGXCBHGBBXXEHEDFFXXDAFEBGEECCDGGDBEXCAGBDBBFFCECFXBFEBCFCEBFCFABADHCGEBFAHEF
DCDDGBBFDBCFGBAHDAXBFDEFCAEACGHBCCEBGHXXBCFEGHADDBGGDEBDHXFGHFAFCFXXGHFHFCHHFBCAXXCGDGEGAFHEFXD
FDADECXXHCCEABGHBGCBXXAXHCCBXXADGXEFBEGXACCHXBHXFFEEEHHHXA
EGAGDFAGAGEXGEAEHBECHHXFDXACFHABDCAXDFXCEFFCBABAAGEHCFEBDDBFDXFXBGBXCXGBBA
EAGFACBHEEHH
CFBGDXGAFCHDFGDCBBXXEXBCDHEBAFEXXHCXXCHFGEXHBDCHGAGXDHCBXXAGD
BXDGFB
DBAHXDDEDXCHFGGCGXXCCADHGHHHXCDCBHDHCEX
CBAFACBAEGDBEBFFEEBBEACDHXDAEFHAAHXEEDEBGXHFCXGGHHDHEHGAGGCHXXDAAGCEHFCFXECEDGXHHXXCXD
CCBGFFHHBHFBCABGCGCEXGBBEXGHCEXCHDXCXCGDGFFXHCXDDDFCGAGCAGFDGFCCHGHCG
CDEDAFDFDXHAHHXACEABHGHHCAXBGXH
BADFEXFDDHHGBXXCDCCGDACFGDHEEAGFCCG
EFAHGHEBFXXCBAFCGDXGFDDBAXHGDHAEBGFAGADFGEDHADEHXAFEFADFHAHDCCGFDFBHHXBXFFGHB
CBDXBGDDAFEABGFGDHFHHXXBFEDFEEGEFDFCACAXXBCBBC
GGGECXFHHGAXC
AXEDGBGFBXG
BFGBFGGEAHECBXDFXADBCFHHCDDDBDXDEDFGABCAFEAGHCEACHBEXEDGECGFCCXAHCB
AXGHXXBCXFFHECHDAXAECBCDFXHXXFFACHEHDHFGGHDGXFGXXDEXBHCHEEHHEAGDAXGFAGDXEECBGGFGBFHBDAGBC
BFGEADEXB
HHECEECBHDAHXHEECGADGGXFCFEDBBFAEGAEHXBXFABCBGH
AFGCFFDEXAEXBFDGAADBBHXDEDGBFGHGHGXFDAXEXDHCXDXXXAXHECEGXHXCDHXH
FEGHBGAXCABAAEEBHFEF
CFDFCHDDDCDAFBX
GXBEDCEEACXFG
EFDBBFGBDXXGHHFFCC
DEAADBHACCBBDGDDXDEADEFAAXHXFHEGECCXHEDACAADFXXHAEXDXF
AXCGHCFBXBDHEGHFDBHAABBCHGCEDDHXXBFFGAGXBDGGEDHXFCABHBFXBGBDXCDXBBCCHFGBDCXXDDGFEDXBCCXECFXEHFAXBXC
GCGEGHF
EEXGDFEECHDFHGABXGXCBBCF
ABCHCEDCAFDFGAXDXEAXFDXFFBC
XDCEBECEFCXAFEGFCDBFAAXHBCFCDGXHEXHXHEHXXEBGXAECHFGCAABH
GEBDXGCXXAAXFEFBBHXHXAEGCBACDGFDGHAHAHDDCCHFAEGHAHDCBDAAGFFCECGEFAEDEEXCACGAGFDDAACAAFEH
DCAFGGGXHF
XFFFHHGGHAEBAACBGCCACEXHHAHXFBCEAAABHEXEAXXBAAGEHDAEFCECECGFBXHCECBFHFDAHFFHC
GFGGDXCHHCHEDAXDCBECHBBEECCBHAGECGDH
ECAHCEFHXGDFAGACDGGEHFXGCXDCHCHXDHXGCXCDXCCGDBFBHADHCGFEBDFHFDBFEHXFHDXEGFBF
BAEDEEGFAXEFXBCCACXAEHDDEAHFEAFECGHHHFABBHGCFXEDCXCXHHX
DXHGDXFACHHCDABHFXFEBDFACDGFXDXBBCBHHFACCFXECFDGEHHAGHGXGGHCDCHGEADEXEFDBGBEADHCFAEXBHCFGGX
EGBDAFCFGGEEBCAGDXFEHGHDAHGGGXFDADDEHGDBXXFBDEAED
BCBDXCBHHCDCFDBHAXEECXBCBDEFDDB
CFHHXAXDGHXEGDBFCFCFEXEGXH
DFGDHCGHGXCFABBAAADGBGXBDXECAAAHHXXGXHEEAAEAHFBFHC
ECXEBGCBGCBGECGCFCADDXFBHHHHDDAACD
XBCBBCAFCDHHFGHCGFXHB
XGHBEDAACDXGDACAGCGFGFFXXFXFHXFBGFDFFAFGGAXBABC
GDDDHDBXAXDEECAEHFCHXXDACFEHFC
DDACAX
EDFGFECXGDEFBCHGCBCEAFGGGBDCHGXA
CCCCAXGDCBGEAXXXXX
BEDACGXXXGCAXBECEEAFHDAHXAHBBEHXDBGAEHEEBDFFGCC
XAFBAGDAFDHAHADDHBHFBACGXHDEHHHEAFHFADGGEEDFFDBHDDDGECGGCBHCGGHCBAGCFHCXHDBGGXCEHXDBECEXG
GBXXEDCGBEBAXHCCGCFAHXDDECGADGCGXABCACHDHXFDDEGXFCHXCBFEEEAFXFH
BGGFEHFHDEHGDECXCCCADHACCDCEFFGAHEAEEFX
HFHGDXGDDFEFDXXBGXEFGADBEHEXDECEHHFHXCFGHADBXXXFGBDECBBADDAAGED
HGAFEDXDGHGEAAADCGCBFGFXXDHGGBHEBEAGDDDECFXCHDGACHCHBCABFHDCCBCXXCXGGXCXDFAHBHC
GXHAXCEEHHBXGAXFBFXAHXDEGXXXACGBXBAFEXBGAAGEHGXXGAHFHGDHGFCECBAHCCEGXBBABHEDXEEDADFEACCCBGDXBXHFEHG
DDGGEAFXDXXADECBGGXAFFD
ACDCHGFXAFAAEXAHFFFFAEDFBBCGAAXAXCGFHFECBEXGFXCDEABEXHBEFDBXEHBCDDAAXECDCHBFFHGHBBC
DHEXCAXXHEEFEEDHBBFGHGCAAEGGHGAXXFAGBHXAFG
CDFFBBHXDGABCCAFXCGHEFGXABFAHXHDFECFCDBAGFBCCFEBXFBEEDAXCXDEFFBEE
FHFGXCHEHDHXDHCCBBBHHHHBDAXHEBFDFDFHDHXDDFCFAEGXCAEXXXGAECXDFEBEHAGCACEEABX
DDHEECGGCHGAHD
EXHFGCAGBXCXEFDCXCEXXGXDFDDADECGGFXAEAGHEFFCDXACAECXCXAE
FFXGCHCBCAHHCGXBXEAAHEFEXBDFECFBBXFXHDFBDDGXHCBADECHBDGHBGBFEEBHAGX
BGEBGEFXDCCAGAHFAAEECEBCEDDX
BCBEDACXHEFEXGHXAXBBXXBXEEXAABFHECX
FHECHFGXBXXXDGXADDHDDHGHADEXABHDDHF
FFDFHEEXGXGEHFFDAAFHXXBCACBGXGEHCGFGAFHGCHGHCFDACCBEECCXXHBCXHXCD
CDBBCECXFXCHBXAEXBGBEADADAFHGAXHBXXCGBBEDEHFXEFDADXDDFABBAADCHFEXXBCDAHFDBGCHXXDDF
XBDXBBFACEDCBFBHDEX
FXCFFACFHGHCHEHDHFXABEACXEDGCHBXBECCGDCBGGCGFAACHAFCXFCHBEHCCAHEXBDXGDCXEFGXAHCEAFDAGCGHGDGDCCBDGXB
FEHAFAFHXGHAAHCXGECHGDHFHGGGGBHFGDAEXAGCEAAECBBEDXCFCHXCDXFXXDXGGBEXEXXDEFHHGXFDEDBCABD
AXXADEGFXHFEBBFDDXFAHXFHGHAAXEXDXEADEGFBHXBCEH
FHXHDXGFXEBBEBXEBCGDGDGBADXBBHFHFBFAEHECCFDDBCBGDFFHDAXFFFGHCXGGFDDC
XDDDGXFDBEAAAHDEHEBFAXXDCCGHEGXHBGXBEHHGDFHHEDDDHGGHBXEAHHBEHGEADAAGBHEDBCFABDFEAGXXAF
CCDFEEABFBADHDFEHFGBDBBHCFBGAGDXFXEHBDDEBHXEEXEXHBFFBAHCCCHEXDBFCGXGFFXD
XGGEFCEBXHE
HXXCBCAHFXGXCHECBBCFBCAXHFFHFGEXXAGEACBCXFHBGHHFEAEDHDHFCCFCBCHDHCDDBDFCFHCGXEGXBBBXBFABBACFADHGB
CCAGFEXEDDDCEECFABHEBDAAFDEDEHCABCBFBBBHGBHGAHAGDFEECGGBEHGGHHAGABAADFAFDCECCFBGCBC
XADHEDAGCDBHAXEBFHFEGEXCAHGECXXXABCXEDE
BBFCADBXCCFHDBEHBHFEXGHGBHADGCDXFDCBCFAFXDFFDEXDGDBFGHFAADCABABBABABDCCBXHXABCXDBGD
CFFGHGFAXFHCGEBGECHHGDFHGDFXDDGEXGEDBXDBGFBCHGBBAHXAHFEFE
BDEFDADHCGCDAHHGGXHXCEADBGHE
AGBBFDDBFHEDAGBXGAAGBDEHCGHFFECEBDGDAGBAFCBFEHEDXGDGDFDBDFGXBAECBXFFCXAHAEAAXFBEFXBG
HXHCBEXGHCXFBXCCXDFDHDDHBEBAXCBDDFGHBBDGGXBXXBCBXBHAFEFXEXXBAHCDFFXEHDGEHGXHGHAXBBXDAECFGAXGFCCXF
GCAGFCBAAEHHXHEDEEDXHAAGFAGAGGGFFEFGDAHGEEHXCCGCAHGXEEAHHDB
BXDBHFEACDCAAHCCGBCCXCHFFBGHACGGFXDFBHCDGGGXACEGGBCXHAFAGCCXGEBG
XEXXFECEXHCDBHBGFFCHEEGDGHEEECXEFBFGXFCHGXEXFXXFECEGGEADXEC
CXCFXHBEXDEBEAXEAHXCHHDFFBFEFXXDXXHBBACHHCCDHHX
HFEBEEBEFGDDAHFDAEXAGBXXHDXAGADEBXEGFFAEFBBXDACXFBHAEHBEHBG
FDAEFAFXFFFFGDCXAEDXDEDXB
XBAADGGGACCCBXFGBHBEDCCDFBFCXFEGABFXHFAXEBCABXGBXEBFEDFDCGHAHHHCBGBBXBAAHCEEGGGCGDHBX
FEFHBXDHCFEAFFAEGHXGXDGDFFBHAAHDDEDACCBC
AGDXXGDFGDCEBBDDEDDAXBHGFGEFDFCBHFHGBCBDCEHEFHEBXXAGEGEGBABEGBGFDGGFGHDBGEGXAHADDEGAAFCDAD
EACBBFDFFHCXHEFHBBBXXCEFCXGCDDFFEBHBBCBXBXEXHXDXHAFDAXFXAGXHBDEAHX
HXDCCXAXCEBBDBDFXXDACXCEEBXHCXFBXFCEDEAXHB
EHEFCCXFDGCGBDFEAXHDBDAGCEDHFDGEXA
AEHGEAAFEEADBXBXDBCAEEGXBADBFFFFABBEEAGCGXGGXFDHXEGDHCHCBAFCXBFDAGEDACGDDGGCEBGBHDBBCHFXHHEC
XBXHGXEHBXAHCHHXGFAXD
GBEDHBBXBFEAHXDBCXEFEXADDEAXFBFBEXXBHBEAXHACCFXXBEGCHCCEXFXDDFDAHDFHADGBCHGEACDHDBFCFFHHCGXCGADBFCD
FAHEBDAH
GFDEXXCFCXGGDAHEEGHEHDEXXDBGXXBXAFCBBDXBDHGGXHDGGCACEFCHEXEDXEAGFCACBAABAAXACFXDHGGHBHXHCCDG
EBEXAAFAFHCDGBFDEHBCEEXDCHEHAH
DXDEXEAGGEBGFAEHEXEGBAGHDHHGCBFHHXAFCGHDFEEXFDEDGEEEX
FDXHEAGBFEXGDXGGXHFHXFHXBDXADXABHAHGDEHCDCGHGGXDXCDBGXEBABXAFBFACH
CXGBDCEHBHGEXGBXXEDABFFHAXCBADFEFFHDGAACGGF
GAXCBCGXEHFBEGX
CDFGGXXFDCGEXCEBHCEXCCEEHADADADFFGEGHBFXAHAFHEDEAGDADHEAAHAFEBCCGGDBECGFBEGGBXBDEDFABXADHBHDBCH
EBCBGCBXFGEBACXABFAHFXDGGFHDEHHHXBBGDXACDBHEHCCDAEXAHCGBCCDXGHDEECAGCFBXEXCAACBBXD
DAFGADFCXECGGDHDHCAHGHXXABAFDDAXBDEHCFEDBBCXBXABDCEFHGGBHBEFB
DBCDAFHBHAXBEGFFXCFEHBADCAXBHXDDGGHAXFFAGDAAHEXCDEHHGDGHHAHECAXAEHF
BDXHXGHBCCHCXBXDHBDFFAXBCABAXGFDDAFHDECBFHGBCC
GFGEXFDCDEFDACXAHHCGECEXAXXFBXBDXCCC
XFDDFEFEEBHECFHDHAF
CGDEABCFXFXHCFEECDFEAGAEDEXGBDH
HAEEHEEXEFEBBAXDBCGHAEAXD
HAHECBHBAGBHBXXCFEEFGXXFDAFABDFDF
XEEBEEBDXAAHCHXFFXGDBEAFGCHDBDEABCABGHHDAXXHEFBEEXEDHXA
EGADAGEAXXGHBCDXHFFCBDBCCGHEXCFGFGBBCCCGXXXDBCFFXXGXFHGCEHFBXCAFDFDABHD
CEGAEHXGXBXDAAEFBAXCFAFEDHHADEGEGFXHFAAAFEBECCGBCHXFBXEDCFX
FCAHGEABFD
CCAAEHEDEDGXDEADXBEGAAXGXFDXXGHHBBDDAACDFCGHAEHHX
CCCHXBCGADCACAFABBGDGHHEHHXEAXEFAECXCAXBX
HGCHFHAXAXABBHDADDCXCDHEXXGXAXCCAAGXGDBCXXBFABGHAHHAFB
XXDXBEBGD
CFCBDCFGGHA
XAADXHGEDBDXDDCGAGEFBFABDXHBGEAHBHHFHFBDEAEAGDDAXFBEABBAXFXHCDBXXEBFXAG
CCXGGHCFBCDEAXBFEGCBXXABCDDAEFXHBGXDDHDHBHDAHGBCBBHXC
CXGDBBXEBDBGCGCDG
EBACEGGGFXADBEHBGEHXEAFABHECBEBXHBGAXAECHADFHHE
ECXAHGBHHEFFECXHCCFGBDHXXBHXEF
AHBGAE
HBACBDCHBFGD
HCAABDACXEFFXCXGAGCHEXAFBCXBAFCFDXCGGXAHGXDEBCXBAEDXAFACABACGDCXXHGD
XHEGEEDHFHHXXCBGHBCCDGXCHBECDEGDGCCGDCAEXAXXDDEHGEHAEHBFBAX
XEAAGDBHCDDGAECGDXBHXBFCFBGBAEEGFXDBBAFCEFEBBAGACDGXEXAEFCGXHCBBAFFHHHBEGBXGEC
FFBHEADHAFDEXFXDGCBHXHCEDXHDHFCCGDGHCBXGCDFBBHBXHDCCBBDEDFCGFHHXGBFDDDHEHDEEXFEXBGDDFGGGEXEC
AEXFBHDFHEEDECBCDBGGFCAFBAGEFHXCEBXXDDXFBDGBB
FAAFAGBHDCFGFFXBEXHCBHCAXECGHXCACACCXFXCXB
AGCDEHDHXHDFCGBAEDBCBDDBBHDDFXXHAXAFHCBBAFGGFDDXAHFDEHBHFHCAXXCADXGEBDXGGDFECFXXADBCBDHHBGCGBFXCXX
AHCHDGDFHGXEGXXDGGEDXHBBXAXFEXEXABCBDGXAAEAFCDGBBFGDBAAHCFHFHBDEFDDGHEE
DGFBBGCFXFFHBHBFBHDHDGDXBGDFXGAFXBDCEHHBBDCCAFGBBHA
XXXCDGFDGAFBGBAHBEHAGHBXABGCXGHEEBXGCAACEACHDXGHGEBGCAXHXEHXAXHEABFDEHEGBHGFGCCEFBCBFGXCG
FDEHGAHGDFBHABCGAGBEFGFXDXFGXFGGFFDBHBBDXXEDCC
DXFFHFAGXXXBHGFBEDDCHHXFFFXBFGGDHEDXXCDDCXBHBH
GDHXBEEDXXXBEBAHFGBBGCBAXHHHCXBHHDXXAGAHXDDGDDEXA
FHCXHAHHDEABC
FBFCXADBDGHX
XGEEHFDXHH
CBHHCHGDDEGGAHDC
HHCGAHDE
HBACAFGCBBXEAFEXHBHBBBEGEHGEXXCDBEDBGBHAXAEBXAADCEDDAAGEFXCXECACGEFDGFGDGEGAXAGFCXDBCFHGCBXAECXDF
EXBBXAX
BFEDDACGHFFDGHCBHDGADDACXXFEBDEBHBBFGXABDFBBXGDAEC
XBHBCBCAHXDEFEACEHXABFDDEBABXFGDAXAEXDDXHXXFGAFEXDEEXECHEGACXXAEHHCFCFEFEBXXAGFEDDFBHGF
CGXDHDHDG
DHXCBFEGCGGFFHACDBEDCXXCAGFDXXGXBHAHXXBAHGCXFEGCDXHGEBDFDHDEXFGGADCFAXBBCHADDHGFFDEGCXBDXXDD
HXFHCHBXFDEEDFCGBHEBGCGACACHCXBH
FAXFFDEEHBDCBCGAXFCHGBHXHGH
ECGGDFDDXXEEFXCFCDAAACXXGDXHXBBACDEFDFAFFBGHAFACAE
XDCHEAAGXHHAFDHGFCEAEHGEXFCGAEXGEBCFXEXGBXXDXXAEFE
EAHBEBXAXFBFGACBHEDH
BCDXDGAEABXGGXEEBAAXHHBDXCXABECHEEFCCABFCACBGEXFBXGXHGGXEDEEGXAXCFBAAEFXCECCADDFGBBBDCEGXCDBXFXEDGD
XDAHHCGCGGDXAFFCEDBEXDHCABFEHDEAFCFFFHFEDFBGFEEXFBEAFDEEXDGGBBFGXFGFCEGHXDBFHCBDHHDHCEXHBBEGDHBBHGB
FBEHHHGGFFCCDXDEDGFEDXADCEADADCECDHCHDEGEABEFFCXHGBHDCDCH
HHGCDBHCACFCBDBGCGGECHC
GGBAAAGGBAAXBCAADAEBXEHCGCHADXH
FBBABCFGCEHEBCFCDCAHXDXFFHDGFGBXFEDBBBHXHAXDBXDXABBG
HAFAFDXCGCXGADGHHFFDXDXEBXHHGBDBGHBHAFXFAXBDBFCXCGDH
DABEXDGBHEECFDCCXCXAEXFGFDBDGHCCECHCHEFBGGXFGBFEABXDHBDXACBHDHGFXGXHBHXFXEDGFDG
DGXXHHDCEEEHFCABGXGEHECBHCAEAEEDDCBBDCFDDCGECBBACFDFADFFGXFCHAXFDBGAXGHBEAXB
DAXBDXGCEFAFBCGXGAEXEGACBDBHEXAXFXCCCADFDXGFCGXFBGDAEGADHFCXXFGACCFDFBXDCAXXGDEGBBHCHBFABEGXEDGE
HFGHEAGAGBFDFGEDXEEXHEAXGFGACDHDHFFHGCFGXFHXBADFGCHHDXFGXGFFFGBXBBBFBBDXBCGDCHCFDAHGAF
BABCDCXHAFHGAXFGGDFADCEFADBHBEXBCHADGEEEHDFHFCDDGHACEFBFFCDDXDBDAAHBGH
XADAFCFBXDFAHXHFEGAEAAECXAACXDXBEDHHFF
AGHADBGGAHAADXXBXECFDAHEGEFEFCHCGHDCAHBFBFXBFEDFXGAFGXFBXEFE
CGFBBFHEFXDCEEEFDHGAGGA
EABGXEBHACGBHHHDFXHXEDXGDXBXXAGAHXE
GGFXDABHDFCCHXXBHCHFCCGXXFDFGAHHHGCXAFBAHDXDDADCXBAXEHFEEXBXGHBFBCHDBEHAABFGEGHDDCEGAXX
CHEHGEEDAFBBFDAFFHCGGXFHDFHCXHXABGGECEDEFXCDCDBHXXDD
FEAHADHAXXBDFHEDCXHCFAHAAGFEDHDBFHXFGACAHFGFXDBEFDGDAHDFXDFBGAXHXEFDDEXFFAXDFDHGFH
HEGDBDDCHHHHHCHAGCGCABBGACBAHHEEAGEFGGG
FGDFDGAGADEABEFGADFCHCGFAFBCCCAGXGBFDXGGHHCHFECEHCACDB
AXCACEDEHEEGDAEAECCGFDHHXGHFCCAAE
CBGACDEFBGBXFHHHAAFFFHHEHXAEGEAADBC
XFGFDHHDGAEBXEAXAFAFBFGDAAFFFXFDXEFDXHBEFDXEXDFEBFEAXFX
CFFDAXACXDGDDDFXFXAGFGGHBEHCEEGDECGHHAEFXXGXDXXAA
DCEDHBXGHBDDEHEGDXXEGCFAEHEDCHAEGBBFBGFFBBCXFECACXCABCEADFHCEXAFCBDHGHFAX
GDXFAXFEFFBEBAGEXHDDAGFBDACCECXGEXHBDGXHCADA
BDFFFCFGDFFAGBAHDXCHHEHBXECX
XCEHAFBEEHBAHDCGGEXXHFGAEEFDHFEBDBXCXGGCBEGFHHFHDBXGFBCACCFADAFFDGEBAXBAXXFXHGXFCHDFEEXCADGBGBBAXC
XHAECDXAABBXHBXDBCXBBDXDFHHAHE
ADDGFHHDCGEFXGAXFECDHADCEEABFAGXHBCGCEHHAH
XEHBCAFCFDHHGEFXBHDXBBDACBCG
HDGCFCAXHDFCFHDFHEXEEXDXAGHGXXAXEDBCHXHCGXAEBCDHHXCGBAHAABFAACFGFHBHGXGCEBFEDCCAXAFHHABGCACB
EEDXAGDBDCXHFFXXBFHXDBFGGBBBCACFDXXHAAECXFXCGHBBFDEXBA
HAFGFDCDEEAXFEBCAGAADGBFABXXAHCCXGAXDBHXXFCECCHHGBFG
DGFBHABAFGEFGBAFF
CEGADABXEXEEEDACHHHDHXGBFGCAXDBDBCHGAFXDGDGHHCBADGAEXDGBDBXCGBCHFACXCEADCDFBXGGBCCHDFGDFF
HBEXXXFBDGXXCFEEFGHCDGEXAGEADBFFDHXEC
ACECDECGFXGDGABEGFCCAXXXEHAHFACXBGBBBACXHBAEGEFEXDGHAXHFDAACEXXCACEDBDFGFEHDCHABA
DXDFAXBHHDHEFGHGHXDGEEHXHDAGXDCBCHEXG
GAGFXGHGXAXX
XEBHEFCFCBACABBFDHEBDDX
CXBDXEBEAEHFFCXHAXDCBBXADXBEFGHCEGBBDFCXBXGXF
CGXHDCCHEABDDFAXADGEEGEXCXBBFCXXCDABXXXGGEDDEXXXCFCEDECCHAEDCGEHEDXCGCXDBGAXA
FHGADCHEGAEBBDEHAGXGBXXACGDDAHGFFFEGHBDAGGEGFFBFBFDHBBHXDGCDGFFAFACBCAAGBDCCCDFHBBDHAHDHAEAXCH
XFAFEBCCGXXXHHBFABXBAECXGHXHXGXXFHFEE
EGGCHBAXCGBFBGBXEABXBBCABHCHDGCAAXFCECDXA
HABHCXCGFDFXAXBHCBBADHFDBACGBXAXBDAHBXCGGAEDCXFBEXHHFGBCDXDE
EEXEAAEFHEFAFFGADCCBEXHGDDCXCECXBCCGFAXACGXBCDCXCBXEFDFGH
AXEFABDEBHEADEEA
FBHEXFBCCECBDBAEXAACDECXACCGGBAXCHXCDEECCCEFGDCDABXHGAGCEDBDAHGHHECCHH
FGBHCFFFBEHHXDGF
GGCAHDHGBHGFFCBDCDDFCXXXCAAFCEEXHAEGXGXGHHXXHXD
DCAEEXEGGDDDGABADXFXACHAHAGDHXGXFECAHGEEAFEBXHXXGGHCXDEFBCBEHGHEDCABBAFADEFHGGFFHBXECH
BHBXGFFGXDXEHDHXFFHHADFHXFGHDXAHDHDFHBCAEFGCDXBDAEDFBHBBGHDACFGBXEFADHBCBACXGCBBGDEGEABBCEF
HCAXABDDABACDGXXHXCBFGCBHCFBBHCEEBECGXAEFGDEEAXCECXXBGBHBFAFECHCCGXEHEGGXHEDDHHXGD
BACGEAGXDAAXCHXGGGHBCAFHBAEDDECDDXXCHEFCFAACEHBHGCFGDGEHAEAGGEACEEHADBGCDDFE
FHFDEFHDFGXHBAGEXFAHEFFBHCAX
HEAEAGAXGHEDEFDDGFHFBEHFX
AXCBDEHDXGHGEHFHFBCXXXCBEFXHGAAHCBGBAACEDAEBBBXEEFFXGEDBAFXHA
FFDCBHBBFGX
BXEDHHEXXAHADGXHAAFHEFCBAAXBHADFHXGFBEAXBFXXDAB
FCXCEEDDHGFEGGCGFCAHACDAXEDFBECEXDBHAADBDFHABHBGFBGGHCBABCFDACXXAXGXBGDXEH
AEHEXAEXCXHAC
DACXEGXHGFAEBHFH
EGDXCBDBABFGHXCAFHXAGFEGGBGDXXBHAHFCHEEBHBDFDCCFHGFABACBCGCXDDCAEAEDAXFEBCDBABCBX
ADHHABADGEEEHDHGEGXGDBCBGCAAXXXB
GAEFXCGBGDXBFEHGBXGCXXXBDBFXDXEXEXHFFFXGDCCAXEAFGFCECFFBACHEBCDBGCEDXHAHAE
DCBCFHDDFGBGEG
GGHBFBHDEECGFXGEHFXFDADCCDXFHECGEXCAFBEHXAC
AFXABCEGGAFHFHEC
GEDHFDAFFDABEGEGXHFDHBDCCBXHCGAEGGDEEAEBXCXFFEXXEGGCBFXFXGFHADEFCXCHXDGCHGCADACCBHEABBCBXCXBAEEGF
AGDFXBBCAH
CBBGC
FFHFGAAFGBBDAXAACEHEEFCEEXXCEAAGHEAGDGFEDBX
BFBCDCHDGFACFGCFFXGHXBCCFCEGAFBEHFCEFCBEHXXFB
XHXCHAFGCBBBDCEDCXCXFHAHEDHDXGGGGFDHGXCBXCADHAEFDDCDEDGHHCGFFGC
GHXEFECBGEBXGBXBFCEEFCFCDADGHFDAGGAFXAHEABFFDFDDCGGAXAEFHDXAHXADAXGADGGHDDEAHXXCHFACXGXDGCXDXHFG
EDCBEHEAGFBXGDXEFEHDCFGBXBAHGFEFGCHBXBDFXEHAFFXFDEHDHHCGAXFBXCGDAHEBAHECBAEGFHFGGFAFAXBAXXBDEAF
GEFAAFXHXGFAEDCEAAX
EXACEFBXDFCCBABACEXBGDACBEAAHFECHFCECFEDAXCA
BCGFXHHBFDFHAFBCDFAFHGHGXFACEEGHHDEDCBBCXBXGFHXGFBGGECDBEHCCXXHEG
EHCAXFXAXCDBCFECGGEGXEFDEHGXEBFBCGHFFXBBEXEGXFADXGFXGEBGFFHEAAEXBEAH
DFHFGEXHXAGADDGFFFAFXBGDGAABAHACFFGEABFCBFDAFECHXGGDDDXBCXFEHXAFEGCDHEEEXDXG
DHHCGGBEXDGADBEEAFDHFFAHBXHHXDBAHAHCXDCCF
BEBE
BEDXEAGBFDDHDXCBFXCGCAHECFDECGECCACCCBXDAAFXEEDCXHBFCDDGXFACEEGAFF
AGHACEA
AXGFDHXECHFEHHXDXEXBGCCDXHBCFBEAHGCFHGAAEGDAXBXGDFFHCABHAHGECCBDFFCEBAAHEXEABGXAEHACDFEHFCBECCXXXCC
GADCCGGGDAEADCDFD
FFHFFD
EHCGXGAGDXDDCABGCXFFBHFGEFECF
EEEBBFXGEBAEDXCXCDDFCXEFBGGCCBGEEAEFDEB
GHAXGGXAHBAHEEDFH
HHABCHGGXEH
HGEDGCXAXHGFCGFDXXG
HAXEGEGCGDBEGCADGGXEBGEHXAAXAACEFCAXHDXBHXEAFGABBGXFBGFXDACBDBHDBCHCXBECBDXHDGXCEDEBXAAGF
FBGCHCECACAFGAEDFXGCAEFAFGEBXEFGDEFGHGCAEDGAGBXXCFGCECAHFEBEBEEXEBAHACEBGGGFGHDDDEBCBHCGB
CDCDBGF
FDXHFBCHEXECBDGDHGCBFDBEACFDCEECEEDACGEFBDBHGCFACHGDEFEHDDEAH
ABFAFAXGCAGCDGXGBHEAEDHGFXDCDHHXEBEEFDABAEFH
XBGEFAHFXFHAABHDACAFAHBFFXXFEEDCCXX
DCGEXGACXBHEGAFHBBFGCBDDHXCEXFEGBCCFFCFCCEEDFDXBGBHFCEEEBEAGADGAH
CFHBEDEBGXHEXGHBXBG
XBCBXFCFAXAECHEAGBAFGEHHGBEFFDGX
