HHFDDAXDBAHECEXDAFABHCBFDCCB
ADEDCHCDFAEGADFAHCCDEFXDFBGDEDXHDXEGCCXHACHHHFCDGAGCHBEBBDDDXDXFA
BHHB
EAHBEFDBAHDHCGGHXBDGEBXHEAHBEABHAGXHABABCDHHBXCEEXFBEEXHCHFFGD
BCDDBFCFDHXCEGXDGBFCGBBGXXAXGEHCBFEBCEXCGFEBCFXCXECFBFDBEFHGXADCFXCHAEGFGABFGFBBCBECGFBBAHDDFDBBHFE
DBAHGGFHFHCXHGXAHGAECCDGFCDEBAXHDBEDGXXFCCHDGXBDHGXCCGDXFCGXCHG
GXCFCH
GDGHDAGBHCFFHAD
BACDECDEBAAHDCGCFDBBEXHXAGXXHCXBBFXFACGFEXCCACCXXFG
HAGBCBHEDCEBDCHEHCCHGHFFFAFBHFHBGFGABEGEFDBDCH
GEAEHBDAFHFCDCHHXXCEBGXDDECHABXAFXXACXEEFDDFDHGAEHFXDBEFDCXDXXHFHXHC
AFXXC
HGCFGDGEHAEAGGEACEEHADBGCDDFEGFAHCDFBDHDXCAHCXGFBCDEEDFFCX
CACACFXHGCBCAEBHXGGBCBDXCDEHCFBEBBDGDEFDHBXXXHDCXACBFAAEGF
HXFAX
EDAEBBBXEEFFXGEDBAFXHADEXXEDEEGHECCCXBEFGFADAXDCBFABXFADHGAECHFCBD
XXGEGAXBGGBXACHDGAFFEBBF
DGHCFHEFFGAAEAXCBXBXAHCEEXAAECEAXACGEHGCHHBFEFBFGHABXHACHXXHHDHBAFEHGAFGXEDHAF
DXEDFGHGCDAXH
XDCFCAGCGCCAHDHEECXHFHBBDGDCBGAGXHGBEDXFBFHCXACAGHXFXCCAEHGDDHCBEHFAFGAAHHEGECGAGXF
ABEHA
BADCCCCDBFCXDXHEGFBHFAAXGXXXDFHAAGCGXBCHXEFAGFAHECFEAHCCB
GXCDFDGGXHHFAFCCAXHDFCFEDGAFDCBFEBHFCEBFABACEACEHXEBBDCGCXCEFCFFXBEEHCFBEXCGBFBEBAHCAFBXHHGXFDDAHCC
AAXEBECHDEHXABABDAXXBCHGXAGEXAHDDCDHHGCXFFDDHCFB
DAEEBXEXDCFHBEBBEAXHDHXFBBACFCACAG
DEDHDBFEHBXXCAAGFDFECFEHGGHXXCFXCDEXEFGHHHBAXGHDBCAGCFAFCEXDHCDAAGXGBBABFABXEAAABGXC
CCCEFXBACHBEHBEFBHAXCHECHFBXDBEECB
HDEXHCXEBHGFHCFDHEGBGABDFCHEDHHFGDDEDBXCGAGXFGXCHFXF
BCBEGFXXDFCXACGGFDCBCBHFBEEBGBBECBCDEXHDBGFXHBHEBFAGCXHAHBGAFXBFF
EACHFAEEGHGGFBGDCAADBFHACEDAACGXACCCFFHDBXGGBAEABCDFCCBGCXHGADHEBFGBAFABFXDBX
ECFCBXDFDXBFXBHBABAHDHXECCFEEEBFEHFCFFBDFEE
GHDXAEXXDBXHBHAEDBCBBBDAFEAHCBHHAXDBXAEAXEFHCCXEF
EDXABXXEAEHEXGAGBDHAGADDHXDAFABDACHEDBFGDXDEXGCAFAHXBHCGDXCFCEFCHEGCACGHGXBHAEBB
CBFEXCDXGDHXAXEXXBEBG
XHXXDGXHBXGGEBBFFAHEACXBXDBEXXCCBDDHAHHEDFDEFXBGHEXDEXHCXCHEAHGCEFXAGDEXHXAADDEDX
GEXHGXDBFGCAX
FEDBXFXDXXF
BAAXHBA
AGEHHAEDFEGHADCFGBDHEBDXBFEGHDXAAGXFDDCCCDBDXEEHEGDCFAEDAXCGFEBBBB
XFXBEFDXXBADEGBHEBFEFHFFXHCAXXAFGHEGCGAXBFCHHABACBXECBXCHAAXHBGXXACAXHCEXCCGBHEEFGAXDDH
AXAXBBXADHDCAXFHFEABFEBFFXEBHDXCDFCCAFBAE
ACDFDBXFAXEBXAFGHFFBBHXAHAEEXCACHGBADGHABXEXGCDFAEXAEH
XFHHXCDEDHEBDGHFXFHBEXBEAABEHGCEBEHEBGFEBFXEAFFBHFEABHEHCABGCF
BEDBBXFXHBCXFADCDXDBAEDGHECBHCFXEEBFXD
AHGCDGBGAXBBEXEXAGXDHCGHHABCHGGXEHBDGDCFEFBDDEFDGHDHXXAAFFBFEDBCFFDXXBBXFXGHXEADEAADCHDCAHBXXEGFAX
HABCHDGBHEGEAXGEBGDBFBBFBCBEBAGBHXBGBCBFAACGHCFXHAHXXAGXBAFEBCBXGAHAHDX
GECAH
DEFGHGCAEDGAGB
HDECFXAECGCDXDBFBBADAGAGBCFFBCBDHFHXHEBXBXDCDCDBGFXBCFGEFDCBXFBHCXBDF
BFDBEACFDCEECEEDACGEFBDBHGCFACHGDEFEHDDEAHEBGFDXDHFFXFBHC
GBHEAEDHGFXDCDHHXEBEEFDABAEFHDBHHDAXAGDGAECXEAFFDABEGEFXDGCDFFEBBEGAGFAGHXHFDDBBXCHDGCCCE
BBCXDGDGFFGAFEFAGCDGHXBCGFGFCCCCCAXXDHABDCBFFEFXDDHGGFBXDHFBFHBHBXGACAAEBDHB
CHXDXHEXCHHHCDDAXBBEHFCAFHXFFAGABGHFHGBCXGCAEEXHDDXGCAH
FCHCXDEXAFCBXBGGAGECCCGBEXFCAAHBBBFDDDHBH
EXAXHGHFHFDBBDBGDCFBBHABFEEGXFFG
GXXACAFFBEXAXCCDBAFGBXFEXGHXGHEBFDFEXFDBGEDXEBBCE
EABHGGECEGCEXFGAHABEGCAGDHFCFXXFGEEFGXHAGGDCAGXFHCCFDEFAHHCEDGXHCCHHXCDXEXHGGAEGEBAHC
ABGBGHHCFGXEFBEHGXBBAHX
ABDDBFCFBEXDBEBBEXEHFBEEHXCCHDAADCCCXHFEECDADFCAECFADHGEGXBFFFEDCEXACDEAEFCFBXECAGHFHEGBHGCCBDX
CDGGFBADHHBFXFBGFXAAXAXHBEBBXAADGECGHDDBHAFCBEEDXGFEEXGGHCHXGFFAXAXHHAXAXDFDXD
FHBEDFAAGCDFXXGCDGACHGGAGAAFGBBBEAEBCGXEFEFHXBHGEDXFBHCBCEGDHBDDDFCXFCCEFCHDXXFCDAC
GAAXFHEGG
XFXHFHXHGHHBHEHAEGGGGDHAXXGBAHDCBEFBCFBEXXEFGFXEXGHXFGXXACBCHEXHBDAHCXEECEHDXBDGADC
FCXDBHECADFHFDADDEDDACCFXFCBCCEGGDGEGGHHEGHBBE
DBBXFGEAECEBGEDHECBCDFBBXEAHDACFDGDHAHXFGFHGGXGDBCAAAHBFCGBDDBDDFBHBGGHAEDDDH
AHBDDGEDHAFAGFCBXDDXEGAFHXXF
CCAFFHXCCXFDAFAFXXBGEECCBFEXHEXHDAAGDEBCCCACDDDHCFBDXXABFBHBBBB
XFCDFBAGBXXBCBCAHGXXHBGAADXGHBEXDGAHGXHHXGBHEGDFBAEGGDHHFCDXBXBHGEDHACAEDGDFEAXBGFXBXFAFHCXCFG
XAGHGAEDHHGACFEGXEBGAAEGFXHHXCXHGGCXEAAECCDBEXXBDHBHGGDEHDXAEHHXDAXXDXDHDXCADHCBXHCHFHE
DAXCHDECDFAGDHAGDDFFFFACDBBHEC
GGFBBBBEECAXGHGXFAEHDEFEBCXBAFHFXDHBXAAGXGCDCXGHDGHEEBBEFFDDXEFCCBFBXHXDHDABBGGEEBFXDFAFXAGXCGADF
CFABFFHXBXXECGFCHHFHABFHBEFADHCCFHGECEACHXDACAFBDDDBEGCFHFEADAFBBBGBBBCGGGXXGGX
DXBECBXBGHHDHXEGFFHGAACAEXGHADADEBBBXFECBFEFDCFGDXEHBDGHADEBAGCBAFFEDFABFX
CHFXGFXFHCDDDBCEGHB
ADXAGEEGXFAFHXAAEADBHAHBBBCBCEXEGBXFGGAFFDBXGGDCCXGDAAFFEHGECEDEXEFCADHAGHXB
ADEFCAACCCHDCCCGAFECFXFEXCBCFDXAHDGCEFEEXFGBCXDHAFXDDEXBEBCHDDGFGEFHCBAXAHXBEHFBHDDHADCXDDGDG
XEEFFEGXXEGEXXHGXFEBXDFXAHABCFAGFADEGCGHBXGXXHFFEAFAGCGFHAGHFFGHEHEHCBAXCCX
GHAXEBDHEFACHGGFHGFEFXXCHCFEGBDCHAXAEX
XAAACHBFBHADCBCECAXAGXXGFXCGB
GXDCGDEFEXHEDHCGBFECDDAGAFGXGGXHXHAXXBEEDXECHDGDXEEDFDBGFAFDFBBGACXFBABEXADFBXDXDBHEDFXFFEBX
XDFHEXFFEXCHBCXXXHCBEBEDB
DDBGCEDHHFGDXDGEBDHFCBBHFCFHBBADAEEGF
EFCBHXDBDFADHHCBXBEXDBFEBHGAAGAXDBFXXDDGXGCXGBBHBECHCGEBHBCBGXHDCAGGAXCFCXAEGFXGGHAEEECBDXXXD
ECEEHAEDBHADEEDAGDGAGXAEFHFFHGXDHXCEEDFFHHHX
CACEGCEAHXCXBDAAXGCGAEGHEHFBAFGEFCGEBHHXFEFHACFDXF
DXXEEHGXEEGEEDEHGGAEEAAFFCFBFCXEBDGAAEEBDXAEHBGEDXXFFEFHXAFFEHHDAAXGACA
AAGXFHAEXEFFHACXEXBAHGBEFHAXEDCACFAAEDXXHFEBEBAHHGGFCFGFGFHBFFFAEEGCHGEFCCBXGXACFCAACBDHF
CXEGEHXEFBACBBBXCBFAAEFHHXHAEXEC
AXCGDDBFXCCXDGCXAHFXAXBCXAADCFHGBCCEXEEFAXDGFGGBBGXBCHGHFEDEXHGEFEABHXEBFEFXHBGGCGFGC
EXGDGBCCDHECEDEEHC
BXHCGCDGGEAAFEAECFDEEHEADECGFBDEGFHEDCBXXDAACCEBECXHGDFHBHFABEBXBCEEXDGFHFADGGEDEBGFFCGABABGFXFFBH
BCBCDFXEHEECBEFXDCDCFXEXAHHXBEHDDEXGBCAABEEBXXADFDFXCBCCADDAXECBDG
ABXAHEEFGHCFGFEE
HECXAFAHHEHFAXAECGDXBFHGABBGXXXFHBFEDAEX
GACEGHCXDABFEFEDXBAHFFGEEDFDBFBCHBXFFCXGFDGXGG
HHHEFADAEXHHFDFHBAHHFEDDHGFGEXDFHABECDAGHXFXBXFEAEBGXDCFFAGXGXEDCFBAHGBHFHBEBGGG
DFAFXEDEHHAFCBDHCBBGDEECABAEHBFAEBHDCEHHEHBCBBHGAACCDAGFFFFGHFXFEEHGEEAXCFCDBGFXDFCC
EDAFFDDDBCXAF
HXGBAAAHAEGDAXCCACGHGBHAFDCBDHEAHACBHBGDDFF
DECGHFCBCBFXHBCBDXDEDHCBXXXHEDBHXAFCBCAEAFCFBGXGXCHCXFFCBC
HXAXXCCFBAXGGDDACCHXEGGXCEGACCCCDCXCFEGEFGGBFFBFDFAFCXDGHGCBXAEHGGEXXDACFCDAXHCXBDAXGEFBCBCE
DHBFECABCGBDGDXXAHXCCFDCCABFD
FEDEXBBGBGCHFEFXFXADBADHDCCDXDFDDDBABBFGGBFAXHAXACFEEFCXAFFDBCXFFBHGGCFHFBFHXCAACFCFFHBXXXDBFC
AXGGBCGFHFFXEFEDFXDCEHABHFDHABEBFDFCGDHDEXACEBGHFXDEEEGGBXAFAEGX
XAFGBFCAXCDBHAHHBCEE
BFGGGGFXEBCHAHGAGFAEAFHXDHXCBCXHXAHFXCCBAFGXGBAEFGDHFBECEDHFDBDFFGAGCCGGCFHGEBEDHBEDDEEDBGCXXHX
GDHAFFXEBFAXDGAFBDEDCGHXXADDXABEAEAFCAADFXBEGCBFHHDDAXFFDCBGADGBBAABGXHXAGGXCXBGECGXEFACXBEAXFBE
CFGEEBFBFEGGECEXCBGHFXBHFXEXAFBXAACDXHDAXXCGCEBHEEFGXHDEBXCCCAEGCDFGDAAFAGAGC
XBAHBXXGACBFAGFD
HDCHFXEGDEDEAEXHXCDBXHCCHXBDHBBGEBDFADFAFBDFBEDBFHHEEDDCEXCAHCXHCABECEXFCEHCCFCGXXHDBHHCBE
EACFDXGFFDFEGHEEDEHBHEEDDXHFEGGCDGBCAH
AGBFGBFXDDXFFXEAAEGDXXCFHDABCBGADAGGXDEHHXXGHX
FFXDEFBAAXBEXXXXXCHEGXFBBCFAABGCHEXXXBXFHBGBBHAGDEEDCFEXABCFBEGHFDXEADEFDBHC
DGBAFADCDBBFXCGCHDGXGECGGDGHBBAEBGCACEHFFBXXADGDFBGGEDXHGEAHEGAAFBEDFHED
HACAEEBDBAAEDDHBHEEXEDDCAXDEABXFGDGFEGCCXFHAAFHDGBAXEGBHFGHBXBDCCDCBXDGHXXXFGAGBCXFDHXFAXAH
DAXDBCDXBXCDCGHXDEABGXCAFFBHEADDHDXFH
DHGHDBGGXHFDCAGGAEAFDCCCHEAFDAEHEEEFFBCAAABCGHCBFBGGDEXFEFGCCGXEDXEBBEBBHBDXBAFDFECBEBHGHEAXDHD
FHHACXHAEFBHBCBXXEXFEFXDDAFHAXBGXCGGEBAHDCBCDHFDGADCDEFGHA
BXBBDFEBADXBEXEHFFCFBGAEEBAFBDEADCHGBABEGEDEEBXFBAEGCCFBHFXCBBFAECD
XFHXHDAHXCCAEFFGCXDFHCXBCBX
GDBCHEAEADXDDBDEADCGFGAEEADG
GFFGHCBCBA
DAXABAXFBXGFFXCDGBHHAFEFAAFHFHXHAXBEXBBAEACHBCFGBHHAXFFEGBDABAECGFHEXACHGHFADDBCACXFBDCEDDCAGGDXCDG
AXCBBDBHAFXEACXEEEHAXBXXCEBD
FHEFHXDFBGDDXEDHDBBEFHFGECAAEGBCEFBACBHAGX
ABHBHDECEXDBHABCAABGFHEGCDAAGCAHGBCFDCXCHHBHBFABHFDCBHCXAGAEAACGGHEHXECFBHFEBFGXBEACXDH
CGHCXGGCEAFEBHHDHFFEDHXEDHCFXCFDAHBCXG
GFXDDGFEHAGFEGEBACCDBBDFAXHFBBXFAXEFHGXCCCXGDDXBGBFFDGCEBFAFXFXBCFFAEGBFHAEBFCGFFCCABECXHCHECEECCAF
FABGBEGECGBEBXFHEXECFXCEEDGFFHGFDAEXBGDHFACBBDGFACXEDXBEBXHBEFCADCBHFFAFG
BFBGXDDHFXDXHFXGBCCCGBADEX
FBCHFXFDGFHCEFFGECXACC
DCCDGBCHXXCCXGAFFABFCHDHFACFGXXEGHECHXHFXABD
XDAHBFX
AGHGBDDFCDXXXEXBHAAGDBXDCACX
EXEXFXFXE
BGGEDFDCGHDCAFXXEDCFBDXBHFDCGHABAGXCXCGXEHAFCAHAGGAFEHHB
XAAXBBXBXHHXBFCFEGEAEHACBEGCHADAEEAHHFAEEHB
AGGABA
AGXCHDEABEAHH
HCAEBHAFEAXECHHDXXGAEXCGHDCGDBEEDXDHAD
HFBGXGCFHFDBBAHBEAEFAAFHXHXGCAHXAFBXXXBHBDDADXGEBE
CXFHFXGDFXEEXAFGDAFFCBFCBABECEEEGCHGXAFHXHAFFAAFXCECDH
CFCFHCADAHBGEAAAEDEFBACAADEHDACCABFBAXADHFDFAAXFDHBABDEEA
BBFCHHDCHBDEBXBCXXFAHFHHHBCHXXCXEX
AHBABGBGAHFCBXFDXGEXAADABACFEBCEXGCCCCBGXH
CDBFBFHHADEEDGEFADCDFBECAXCECFFAGAA
FXDCHFHFHGHXGHAFFGXGFFCCFFEDGGAFCEBEGGDGBDDGCEHFHHBXGCHHXAGDCHCCDEABHEACDDBGFHECGBDBEFXHC
DDHXBXGEBFGDXDDCEEBHFGEBCEFXEBDBAHEEBGHBDCXXBFFAXEXADHXDBH
AGEDHHBXFAFGXXHDEBGBC
GEXDAHEFGXGBACFHEECDCBBDFA
GHHCCEFXXGAXEFDGEFAGEAGHCEAECXEHFGADHDDDDFCGCDHFAGFEFDABG
GHHHEEDHFDEC
CFBACGEDEGCDHXXHBCEXXHGXEBHXFGHX
BACCDEABGDBBAHXBFAHHDEDDC
BFGXHGACHCXCB
EXHCAXFGGFGBCEFEBFEDGHEBCBGACDFDF
GDGXBFBAEEEEXBAFCCXGGDHEGXEXBFGG
CBGDACFFCAAGGBEFGBFBDHHHDCGXCEFAADFHCECBGHDBFGDC
DFXAFFBGGFADAAACGEDEGDBACFFBCFEDCGDAHGXBAEECFBBDXHFHXFCFGGXDABAFHFBBHDDXFFCDDGHDFHXABXCEHFH
DXADDXAXEGFGFCFGGEXFGHGXDBEEEXGGFXAGGGXEGDEDCECECXGGGXHEAAXBXEEDCFX
EBECDGEBHCEEHGD
DFADBEACAFCGEXCFEDHFFGFDHXCCHHGAFXGFFEEBFAAHABDADCHEDGXAEXABCADXAFXCBXHDDFBFXEBAGAAFHEAH
XCBDBHECXXDDGXDEHEXAGDDGDDFAEDADXAAFG
HBACHDXHCEBAAHFFEACHXXGBGBDCGXDAFDGBCEGADECAGFBHXCHCGAGGECXDXGCA
AFDBFDAHEDDFHEDXGADDHBGAAHEBDHBFBBGHFXCBGCGDCHFBDDAGEBBXXCCC
BDHFEAACABEAHABEFD
CDCCBAHHEHHDDBHAGCAGABHHDGEDXCFFHGDEABEGAXBXACACHXHBAG
HAAFACEXXEDBAEGHXADEGFADFXGAGGHGEAAHDFEGFCXBEDHHHHFDGA
HFFGCEHAXGGGXGEDDCCADGHEEGF
BEACGAXHGGHCFCECEFHHDHFBHCAECBHEDBXXABFFGGCDBEAHFHGEAXHBCEBAGEHDAHHAHHHBHDXXDXHXCAHBF
BCDAHGEHHXCFEAGCGXDBEGBCAXFXBAGFEECHCF
AAAXEAHGAFBFBGDAECGCDDFBBCFBEFCGXGXADFHEFFGXGEHHHECXCAGAAEB
GCHCGGFHXXDDDAFBAADBA
CCAHCXGEEDBDBHBFHAGBGXCEHGAEFG
CGGAXDGDEHBEDEXBCEAEEEXXAHXFXGCXXFFHC
DFFFAXHEGGBAABGDGHBDFHHFFCHAXFBGCEXHXEACGEA
EGXFF
XXXBHHAHCAAXBGBGEHDXDCFDC
DHHAEG
GBHXCFCDCHCACBCCCXABDDHXHHEXABGBGHDFFEFBCXEBHECHGBFGEDGBDGXXADAGGDAAAAGEEHGGCCHBFDAGHBHXXCCEXBDG
BGBEEEFADGGAFGEFXAGBDFCAGGBGHEAXDXXBEDXFGXXEABGFBCCDBHAXBACGDGXGDABXACHFAGFFFCAG
GAXXXABFFXBDHGEEBDCGDHAHXBCXAFFBHHXXBDXFECXCEEDCHGCEFEHDCHBFAGHEHCFCDGXFHEXCEHBGXBG
BCHCXGEBHFHAEBXDEHDEEACBAFDDCXHBBEGBFDFCFCXEHFXXCXHEBAAGCHAFHAEHEEGAXXXFDBDHABHXCEADABGAFXXBGAFGHEF
GBXXCDAHADFFHAXAXBXDHDDDGGADBCCXXACGABBEDXEBEXDBGFBHEAGXDCXFBDDECBAEHXCCCGGHFBBEDEBCGEHXE
ABBGGACGHGFGFCGCCBEXEDXXGCAHGHDCFXGCFECXBHEXGHGACDBEHEEEFGDFXDBAHEXEXBBEXFBACBDXGEFXHBDCH
XACADDHGXXCFCGCDEBABXFFDCXFHHFHHCDFCDCEBFHBFEXGFXXXAAD
AXXXDFXDGECHXFBDABCAHBEEFAEXEXEFCDFGCEEBAXCDCAFCDBHGEEDFAFGEFEDADDG
CAXGBDBFCEFXDBFDGXDGGCXXGCBCEDGCFFGDCXABFXHHDADCCXBXDDXEGXGECXXEGXFACBDDACHBGECEHD
FGHDGHXFFAHDGXGABCXEDFECXAFCDGDXXADFBEGHGGBDBHCHXFFCGACBHXBGDHAXAADXGGXC
DFBACACDGGDBFEHEEXHACDCBHBAGHAA
HDHGFGHHCHXAFHDCDXFADABBFXBXDBHDFFBBCCD
DGEGXCEAFBDBDECACFHADDAAFGBFFXXBXABHFCXAHEXDBCHCCABDECEEAGDXGBEFHCXGG
XDAEFAFCFDGFFDGEEADGBXFCDGXHACXHHDFABAAAAHCXC
HDBFEDCHXABHFGXGEXGEBBDEBAXGFDACFBAAGXBCDAF
BEXGDEXBCHBGHBEHFGAAHEAHHBEXFCGAFBBHBGEXFCGAHFFXGBH
CGEBCEHGGEDCHDDABCHGFBEFXFDACEDXCXCGAGHFEDFEGFBAECXEGFGCAHHGEXCXCXBBDGAFGFHECFEFAAGDFGXC
DFDXCCHDBFXAXHEBAH
FEXGHEFXBFBFDECGAGXCAEADHCXHEHCAGDHXXAAAAHFFXEXHXHDFECGFEEF
AHXHFXFBDFBHFEGFDDXBFFCEFCHEDDABECHXCEFCEHCCCDCHCCGAFGHEEDFCFD
XDBHDXFHFGGFDXXDGCCDEDEBDBXBDBHEGADCECGHAEFXEDFFEGDDD
GDGDEEABFHGFHFHEHDHFHCFCCAXEGAFFGBDXXAGXB
ECBBFHHFXFCEEHEBFFCDCBGXHFAFEBFAEXCBDHDFXEGDEGHDD
ADADFADXXGBGXBBBCHEDECDCBCBGXFAFCXCGXHDHDDXBAXA
EHGCHEFBHFCGBBAFACEBBGXHDBXFGFHDHGGEAAGDHGGAEXCDAB
FAXXDGABFHDFHXDAHGEBGEFXFXBFBCBDXCADADBXDFBCFCHCCHDDHABHEHXDBBEXCHBBCFEDHGADFEXCFXADFCHABADXFF
FGEGHFDAXEXCFAGXBECAGHCGGBHAFFFGEH
BHCFXXCHFDXGDHFXGFDHEHBFXBGACFDDADEXEGFGXXXAGXABXFDDC
CFHFEBXBEHGFFFEDFGCXEADXXFAEBBDEEXCCBHXFBHEHDGG
HEHGAFXEFDDXHGEFHA
EFCGDBXXDGXEDEDEEFEGXFDFDAFCDAFFAXBDBGBDFEAHHFAADGHFEFHCGEXFAXHEXXDXGFDBCXFHEECDDDEEDCFXXADBC
HXHEBABDDFDCEXXDEDAAFDFFGAEXFFAAEBAFGXCBHGBBXXEHEDFFXXDAFEBGEECCDGGDBEXCAGBDBBFFCECFXBFEB
XCEBBAGCACAHDGBXBHCGBHDCDDGBBFDBCFGBAHDAXBFDEF
GAFAXXGHXEDBXGHXHECFBDAFDCFHGABGGACBECACECDGXG
EFEBFHEDBAFGBXCDFXCEFHFXHHDCFAEFBDEBXACFECXEXDXCFGEGBEBAFFXDCDFFAAEEGHXGFHCFBFGGGACEGAGDFAGAGEXG
DXDXBAGGXBAHHAGHGAHXECEXCHEACHEB
AHACCCFAEABCXHGGDEFBDGEBBDGDBBABHAGDGBBGGCFBGDXGAFCHDFGDCBBXXEXBCDHEBAFE
HCEGADEGHFDFEBHEGFFBHFGECHBAHHBXDGFBXEEBBEDCDAFDXHHFHAEBFABXDFBDX
CDCB
DFDEBBCBAFACBAEGD
CDHCCBXXDDAEFGGHCDCXAAXCFFFDDFXGC
BACBFFXXCHDECXBHBXXACABBHGAEDXXDCACBFDFBGGXEBBCC
FHBEXFDXXDXGBHCCHHCACBDDGBFCABGBXCXEBXFFXGHHGBEADDEXGFDGDDFBFBDEHAGACHCFBE
BBHBCBDXXFCFFDAFEXCXHAGABHCDGGGHC
AGDGABGGCEEGXHCDCDGXBCDCCGFG
XXEAGADEGBGCGCGGXDAFFDEFXHHXECDCEXXFCAFEBFDAECAF
BBHBHAHDFCBBHCCXHGBBBCGFGEBXGCEAEXAXCGXCHBXFXAHEAHECBAHGHXDCAFCAD
HHHCCCCDDHBFFGAGBAFXGXCFCCXFBFGBFGG
DAGBEHDXCDAHBGCGGEFHFHFAGAXCHADEACBAHGEDAGECDFBFXDEFAEE
FAFAHAGBEFABEHCCGXEGHAXAXBDBFCBGXXCAAX
HCFHAECCHCEDEBAXHADXXBXHHFHDCXCCXCECGGDHFAGGXXAGEXDXCXDBBCBB
CHCDHGGDED
XAXFAFHCBHXBDFCCEBGXEDXDHAE
EFDEGD
HBDCDCDDF
ADDHHBAXAFBCHGFDABBGD
DXCBXXGHFCGHGEEABHBBDFDBBAXFBBCXX
GXHXCDHXHGGDGCHAEAECAECCCGXGGAHGBAHBBEEGABCH
DXCGBA
XCABEGHFFCCCHXCGEFDDXHHDDHAHAAFGXCHFXFEHXEGAGCEFAACBHGBEGXHHXGAC
AEGABXAXXFFEGECDAE
DHGHCDCCDFBXFCAHGACFGHFXGX
BBXCBGDCFCEEXHHHBBDDBFBXB
FXBGBDXCDXBBCCHFGBDCXXDDGFEDXBCCXECFXEHFAXBXCHFHCHDDXBFDCXGFGHXXDFDBDBGDGCEHFXHDX
HBAEXEXFAGBDBEADCBHHCXHCCDFGHDDXDDADXFEBFBDAACCHDXCEXGXGGCBDGD
EXCGDAFEXEXDAAEEEDGHXBFDFAAEGEGFHXACDXXEFXFCXEBBEBXCACCCHHCGHEGFAXCFCHAFAFDCDEDXGAECXG
FGHDGABHXBAAEGAAXEFADGDEEFGCBBEEGFFBGAECDCCDGGXXABDFFFXFHEFXAEAABXD
GAFCFHAXGCCHEGHDHAEDGXBXDDHXGBCBAXGDBCGCEBCFEBB
CXDCAACAGGX
HCHHFXGCXEBCEFCEXCDBCDGBEBFFAEFCXEEDHGCBXCCHBABGFGGEHXXCGEXXFXFFGCCBCDBBXHGBGFGGAGGEBCFEEDAD
XXACGDXFAFGGHXHHXCHGACBXEHCGEHABHXXGXCAFXXDHDDDGEHHHBEGFFHFDHBXXBFHBXABHEBEXGCEFXCBEFCADFDHXBE
AHFXGCDBBXE
HEBDBCGDHEEAHGDABXHBECCDCGAGBEHACFCDAFDXCEEFHXBHGEE
HFXDDXCFHDEXDEADXGDGCCABGABFXAEGHCEFACGAHXBFCXGGACADXGXA
FFFGDAGHGCEBBXFXBCAXACEBCDHBFGEDXGXCAEFCGGEXCFBBXGCBAAGDAA
CEFEEHHFDCHAABGA
FFCXFAEAFADECHHEDHHGF
GDGGDGGGEFAEAHBBGHCHXXEGBAFAGCFHCHHFXHHBGDBEAXGBGCFXBAEXCAFFHBGGCBADB
BXFXBCBEABAXFDFCXFDXBEFAGFAHCCGGCHHGDBGEDXDXCBGBFDFFADEXHFXDFAEFXEDFGFECXGDEFBCHGC
BEBCCBXEBHXGFECCCCCAXGDCBGEAXXXXXBHDAFHGAHHFADBHACCAXGBADCFBXGCBCXBDECDCCEBDGHFFXAACHBGAACBXXEBEE
BGGGAFHXXDCDBGCAXFGXBHHHCXDDEBXBXXDCFHHFEGFHCDBEAHFXXBEDEXHHHA
EHXDBECEXGCEXECBXHECCEBDFBHFGXGDBBCAHXE
GCGXABCACHDHXFDDEGXFCHXCBFEEEAFXFHGHHXCBDXBCBXECAHXFFXBDAFFXAHDGHAXCACCXFDHXFGAXBBHCHBDAXGDAHFCBB
GGCCXCACFDDXDXDHXAXBDCFAHEHCFBEFDDAAHCEXBDADEXCBDBCFAACGGDCC
HXFCEXDHGFCBCACEBXCFXGFXDHAADFFXFFBEGBXFXFFBFXHHXBXBDADBGFG
XGAGFGCFDCGHECXEEEAGBDCXGEGABHEGBXAGAEHAADXDHHXHADEFHEDHDBHA
BAHCCEGXBBABHEDXEEDADFEACCCBGDXBXHFEHGHBHDHADHBDDABCXEHHH
AFFDEFEADDGXFGFACBABGGXEACXXEXFHAAXAEFHEDDGFECHDXGFECAEGDDBCEEXEGBCFEXAAXCXEFGEXDGDFEBFGBFBAHEX
GCCDHCBDEGEHFDFAAGCHDXEAEGEH
BHXAFGFBDDGXGXBHAGFFFXXFHXCEHFAXEABBXEDGFDFBXXCEGFFXGEHAGCCDAXBHBCDDBHCHDXBBGHFBBBFCEGGCCCHBHEFEADX
CBGBDHAGDGBEXAFXAXDG
CAEXXXGAECXDFEBEHAGCACEEABXD
DHEECGGCHGAHDCEGAHFAHGXFDCAEFDFCAGXHBDHBABHAHHDXAC
AGHEF
CEDXCEFAEDEHCFFFXGCHCBCAHHCGXBXEAAHEFEXBDFECFBBXFXHDFBDDGXHCBADECHBDGHBGBFEEBHAGXEHXEHGAXHFFAXFGGAA
EECEBCEDDXEFECEAFEDCAGAHFBAAGGEXBXGCDEACGDGAFDDFXDHDAXBXHGFDXXBBBCBFBAEAFH
BFDD
HFXDBADCCDDXHGXAGEAADDBBCFXBEHEHCFFDGHEAGHFDCFADHAFFGHCFXEDDEFXBBFHXGCHEHXHEDDEFHAFDAGAHACCCAADFC
XBCXFFHEECXCDDHCDDAEXEEEAGXEADBFDHXXCFHAGA
DBGCHXXDDFEGEDBBXAFCXAEGEFDCXHHEHHAAHDBBGHGXGDECACFFABFBBDXFECDEXGGAHGGGFHDAAHGBD
CGFFBGXBFFBCDCED
GDCXEFGXAHCEAFDAGCGHGDGDCCBDGXBACXADAXDBHDAAXBXHCFGHBXDD
GGGGBHFGDAEXAGCEAAECBBEDXCFCHXCDXFXXDXGGBEXEXXDEFHHGXFDEDBCABDABBAECHXEDDCEGE
DDXFAHXFHGHAAXEXDXEADEGFBHXBCEHGGAGHAHDXGCXXXGCCFHHC
DGBADXBBHFHFBFAEHECCFDDBCBGDFFHDAXFFFGHCXGGFDDCXXDXXEEEXHAAADBCDHBDAAXXAFHFCCEFCHXEHBB
GDFHHEDDDHGGHBXEAHHBEHGEADAAGBHEDBCFABDF
DCBXDFHCCDFEEABFBA
GGFXBGCHBHHDEEXXHCEGFCXDGDHGFBGDBDBABDDCCHFEXEEGFADCAEHC
XGGXGXFFFHGDXXGFHXXCBCAHFXGXCHECBBCFBCAXHFFHFGEXXAGEACBCXFHBGHHFEAEDHDHFCCFCB
XDGXEHFBFXXCXGBBDFEHDCACHAHBABACFGXXC
EAFCBCBHDDBFDGHADGDHHAFHFBFFXXADEBADBBGBBGFFDXXFCBFEXHCBGFBGGABAHFAHCAADXFEGACHEDBXADHEDAGCDBH
CFABAGCBBBDECEHDBDCHACEXAGDBBFCADBXCCFHDBEHBHFEXGHGBH
AXXEDCAFEDEACXXGCAGXEHHXXAFGAAAHEADADHABAXDEECFDHAHEDDDFFCFFGHGFAXFHCGEBGECHHGDFHGD
AXDXFBBFXFBDHCXCDEGEDBAGXCGCFCXBDEFDADHCGCDAHHGGXHXCEADBGHEAHGXXEBXDGHXACEGDEADEBCBXHFD
FECE
XFFDAEDFAEXCFGADFXFFDCHHFCHXBADECFCCEDAGCDAFFAXBHHBFHXHC
BBFBGGBAHXEEHXAGDHFECADCHEHDFCHGDDGHHHBHXDEDACGACFHCDXEXAGGFACXFGFXFGFBGBDFHBCXHAAGCHADFAEGB
GEECFAEDACDGEGGBHDXHGDAAHAFFCHFFCCBCHFCGHFBGDEGEEAGFXBDCGEHBBXDBHFEACDCAAHCCGB
EGFEGCAXHXABFBCXFHDGEHEFXHABDF
ADD
BAGDBHXGEXGHBHBXHXXEFEFBHFFBEEFXHCBXXBXCHCBCCEDECAEBHDXFHGEHEFE
XBFXXADEDBEDECAHXCHDDXA
FXCGHCCBGDBGDGDXC
BDBCCXEHEEDCX
DBEHG
CHCEXGHHDAXXHAC
XAGBXXHDXAGADEBXEGFFAEFBBXDACXFBHAEHBEHBGD
DAEFAFXFFFFGDCXAEDXDEDXBDBEADDHHEAFFEXGHEDBGDBFEGBGBEAXCEBEHXGEDGCFXBXHXGGXGGBDXBHGAGBBFBCEXGGEA
HCEEGGGCGDHBXAHGGCEBXAXCEXGAXXGAHXXCEGEEFAAXDBHBFFBXFHXCFXX
EDHHXHXGEHCXBAXBDHGHHDEGFGDDBCEBEEXCBCXDCGGDADHDHDGACHDEHDHXHXHGEEDGHXABADBCDAAGAH
ADCFFEBGBDGXAEDCDFCGGXEBCXFGDFXDXEGBFCGFXHCGCXGDDX
HAFDAXFXAGXHBDEAHXBAEAFEAAFCCEXCXAGFBFBXFCCCEDFDDEGGFCHCECGBXXFHXGGHCXDGAG
DXAXDECEAHFXBGDBCCAXAFBXX
AAAHCAXBGEGHCFFCC
GXBADBFFFFABBEEAGCGXGGXFDHXEGDHCHCBAFCXBFDAGEDACGDDGGCEBGBHDBBCHFXHHECGBXGXXHDCEAXFBDXHXAFDBC
HEBCEECEGABCHBBHCAHDABBCACXGGBXCGEFBCABDAFFGAGEXXFGFFGCEGEBDEFGDDBABDEFFCXAAEBBBEFEGXDAHEFHEDBD
CDGADHXBAXDHBDFADHD
XCHHADCCHBCG
DEXXDBGXXBXAFCBBDXBDH
FFXEGBEEABDCEGABDFBDCECXAEHAFDAADABCDHGBXGCGBEE
DHCBBFHACCXCEEGXXCGBDXEDDXDGGDGAGDXDEXEAGGEB
BHCDGBXBEXAFEGGGFEBCGEXFHEFEFCFBFCFBGHXBXFFDXHEAGBFEXGDXGGXHFHXFHXBDXADXABHAH
FFDGEDGHGHXAFDEHBFEDHADAF
EEEF
BABXDGFXCABBBDFDDEHXFAHAEFCDDDAEEHEGFEDFABCXBEXHGDGXXXGHCXHXCDFGGXXFDCGEXC
DBEXXXEBABGAGAFAFCCBXHECXGADCAGAFD
CXAFEFDCCAXEDDBBGGAXCBDEHBGGGEDHXAEFHBCCFXFXGBHDDEHHECXCHBDAGEABACGC
GGCEFFHBBXX
FGEXFDACGHDGCHFAAGAXCCFHDBEGBCFXHDEBDXHEGCDXAFFFCXXXBDAHXEBCBGCG
CBEXCCFCHAADGHX
AXFGXHECDBAHEHCGAEEADHBGGCDXFHCCXHCEABGXAAFDDFXBEDBECFAXXCFGCCBEEXAEADDBFAFBGHHCGX
BBCFHXFEFEGXAFHHGCCB
GFBXXEEECXHXEFGFHGECXXCXFGHCBADX
ECFEEFDBFFDHBXGHGAEBECADGEEEEDDEFFHXFXGHGGGADGXFFBEDDBGGGEHGXCEADFBGXXADEBH
FFXDAGCHGFGAFDFEXEFHGGFCDFHDFHXEADGAGAFBGFADAGGGAG
XAGAFCAGHEBGEEADECXAFHAEADHXXGXBACBADHECADBGBCCFEDBDCAHBDHDHDAXEA
GBXFGAHCECEDCCAXCEDABBAHFBDADFXDDEFXGCCEDHBEBBGFHECXCEHHGEBBAXHHDXCCXXFBCGEEFGADXECH
HGACXFHEDHCDGEFECDFXA
HADAGDECEXCFAAHFCCXXEHEAA
XBCGXDDFHBXEFHAG
AHAGHDCDDCCXBGXBAABHFCDCGGADF
FADEAAFDFBBEXBECGHHFFACBGADHADXCDGBFBBGGBAFFAAXCAAGDGECEFCHFEAXHDAEHDGDADHB
FCBEGAAFABAEGFGCGGFXDCXXCHGEADBDABEBGEGFDFHGABCHXFFAEHDBFDB
ADGEBAEDXGCF
CAXHAAXXGFDDCFAD
FBCAXDXDAAGCCHBEACFXFFGHGXHXADCDFXAXGH
XCXHBEABCCFXBDGDBHEGBBEBXFEEGFEDADHEDGDHGEAGXFHECXCEXGEGCFCFBFGBBXGXEXFGEGFEXHBBDBDBEBEE
GXABAGBEFFHXAXBDECBDGFXAHCBXDEDDDBGBHXDCAEGAXCGGXECXAHGBHHEFFECXHCCFGBDHXXBHXEFAFBDFCDHXXCCAHXH
HXDAHABGAABFXDXDCDXBAHFEDXHXHBXHDHXADGDBADXXXBFXHCCBEBGBCXGBHXGBABGDBBABAEBGGECBECHA
EGHAXXXFGEBFFGGXFXBAGGBGXFXAECEBAEGDEAFEFH
BEBBFAEXXCDEBBXCAEGXAXHECHDHCGCABFFCGXBHHBAFEDX
EEDFXEHGHCACAFHGGFBCFXEFDXCCDBHCHFHXBDFABEAHGXHHDEBAGEFBGFBGBEEFDDXXFXAHDBDEXAHHCEEBA
BGGHCXDFHEDDFHGEHBBDCBXCCXDCXBCHBGHHHXXCFCBFDCEXXDFFXFACGCCDXCXXACXDHHDFDHEXGBBECCGDCXXAA
ADBCDEGHBHHDAGGEGHHEGACEDHFGXDXEGGDGEGFGBECXGCBGGCGHDFDEGFDXFXGC
DGEBCEXEAADHEHCDBDDXXXAXEEGFHXHFXGGAGAXCXGXGXEDBCECEEBHAXAGCEDDXFDGCHHGXH
CBEBEXBADFDFGCECFDHGXE
EEEEBGCXHXAEFXEDGEAHADFEHGGXHHBFAFBGFAXEEGGHXHGCCGBHCCXDHDHHHXHEHBHCDEBXDCXCHAGDAB
XBFCBBBCBFFAAHGGGFBXHECFDCDGACGCXXXFBAFHXBHCDGFDXFFBHBDAAEXADHBBXDXCFDDACEFGHFACDBEAHCFBF
XEXDXHFFHGGFEXHEAHHBAEDABXGBCDABXGAXCFHDCGGECDDHDGCHGFHXF
HBDXXBFBEFCDHXFAXHEXFHCGXXAHEGHHDXCEBDCXFGBXGEBGHAHXHHFEXXHECEACFGCHXGDBHX
DHGAHBEEHCBBXABXDCBGCCBBBFEAABCDDAXGCAXAHHADGBDCGGECAGXXBDGCFBGDCBHHCHGDDEGGAHDCXXFHADD
EXEAFAEHFBEGCAGHDXBFEBGCCGBHCCXFECHDEHEFAXACBBAAHBGDDAA
GEFXCXECACGEFDGF
EFFDHAXXFCEGHDBCDHEXDCDEXXCEXB
BXABBFEDDAC
XDC
XHGFDBFXEAXXAD
EADFCXGECGGBXDAHABHHAFAAHCDBAXBDBAFGEHAXCBCFEADGACXDXHHEDGADXCEGE
ECXGXFGDXAEDHFCDGEAABBFXGCCBAXDDAGBFADFXXHGFHCFFXDGCFCFCBFDXEBCXEBXFCCDAEDDDDGA
FACCEHGEDHXXCFDFHXFDDHECDBGCBDAFEFFFHAX
BHHBEBAAFGHBAXEXCFBCEEEDGXAFBXXHXEFBXDXFEXBHFFDBXCX
HDH
AEXEEECHGDAFDBEGGCBXXEDFXEXHCFXCBHFCDECCXGGEHHCCEADGFHAAXAHHGCCFADDADHXF
GABFDXEAXAEDAAFFBXAABAGFAEGHHXXBDCCEXCCGFDEXEXDGDEXHBXXCGHHDADEXACXHDCEAFXCC
DXBHH
HFCGFEGCXAAAGXCGHCDHAABHEGAGBAADBBFDHGBDADXACBXCHXEGHCCFBXEFEDHD
AFCFFFAEGDFDHHXAFGBFHFCFDEFEXFFBEACEFEGXFHF
DFBBFEABBBDEFDECEHAFGAGCGGAXDABBXFCBF
DHHFEHCXABCXHFCDDCHHDDXG
EFCHFBBEEGFBHBDHDFHXXCGHDEDXEGCEHCGEE
GHHGDFFEDBCEHGCDBFBFHABAHBCFHDFGDCDXACHDDFX
HGBHDCDCHXDHFHCGFEFDFEBGHFHHCFGAFBCDADXDGXABHGADXAFCDBXGFXEAEGXF
CFHAEHDDFHFBEHDXAXBFXDBHHBDCXCDADBCCCHFEEAXADEAAFGGEAGFDBAHHBDBFCEB
EHCC
XDDGXEBDHBHEHFCDADXDEBEEXDFFAHEDBABFXEXCHFFECCDDGAHAFEHBDCCCDBAGFEXAHFECFDBHGHH
XAEFDBBBBABEDBBCGHDGFCFCGFCBHDEHXFDGEEXADFFXHDACDCDDEGEGHEHAAAFEEEHGXDHCEEFFXCGHXHBXGXBHDDHAE
AXXXBCAXCGECAXBBAAEGCDDHECBCGDCDAFBFDCAGECXFEDBHXGDGGBXXAGBDGXHGDCACGCBDHG
XEDHAXFDEXXF
DCAXXGDEGBBHCHBFABEGXEDGEDDHGCACAHBGEGHCXXCCAGCAGCGHEFBXBXGGXHFXHGDDXEFBGHFXDBBGH
XGFFFGBXBBBFBBDXBCGDCHCFDAHGAFBXCFBBEDEXFDEBGHHXDEXAHDEBXFXHCXFGADCGCCDEDGGFDBXFAF
EFBFFCDDXDBDAAHBGHAEBAAFEGGEDFGBGXHXECAACFXFAXXXXBH
DHHFFAHGAHBHHXGAADAGEGHBXHAXCCHAXDAFBHGEXAGEDEAGXGCHDDDFAHFAGECXXDXC
GEGFCAEDAGCCXXGXEHHEAAXGBHEHEAGHXE
FBEEGXCDAHBCGGAFXADXCBGACGACXEADDBFHEX
FGDFFHGDAHDCFGDGXFXAGEADDCEBABFXGXXCXDCCDEXHFBEEAGBBCDXACEHXDFBXFCCEAXEHFEDDF
BAGEGEXAAEGAHHEGFDDXFBXAEBHHCFHBGDEAEFHC
HXXDDGCFBAEBAXDBDXFCBFEBFDFXAAHGHXDDEGDXDHAFAGDHDGXECDXCHABBGGHDEHFDFDCABDCXDDAFBDHDCEDDHFCC
BDBGFGXDBGAHFCFAEGHXAEFDGCGAHGDHHHHGEBGFDBDB
CFCHGHEDDBGFHGADEBFF
AGXGBFDXGGHHCHFECEHCACDBECF
ACEDEHEEGDAEAECCGFDHHXGHFCCAAEBEXXF
DEFBGBXFHHHAAFF
CGGXGEAFHDAADCEXFGFDHHDGAEBXEAXAFAFBFGDAAFFFXFDXEFDXHBEFDXEXDFEBFEAXFXAGXHACABFDCHBXDBDAFCGHHFBCF
CEEGDECGHHAEFXXGXDXXAAEBCHXCGHFBEHCDHCHXCHXFEXCGCXBFACHCXEECGGCEFGAHFAAGFECFCXBGGAHBEDFXXBHGDAG
HDBGADDCDDBXBFCGXXDBAHDBHAFFHXGHC
XHBDGXHCADACHXGXFEHHDEEDEFD
DXCHHEHBXECXGFHBADGHCDCEXEFHHGDDGAHACCDEXACCHXGFDHHFECHGGDDGBC
XGFBCACCFADAFFDGEBAXBAXXFXH
XXHGGFCBXAEAGEBFBBAHEXHAECDXAABBXHBXDBCXBBDXDFHHAHEABBCGFDXFHCDXHAAEHAHBADAHCAXEEXXFEF
GCEHHAHXCDGFAXFDHBDHXDAEGBXBCEAAGFHDBBDHXX
BBBDFEXEDDCXCC
XDXAGHGXXAXEDBCHXHCGXAEBC
GGGDBXDCGAACHAAECFCDCGBHHGBCCDDBEFXACGDACEEAEDEEDX
CFHHHEBGCHBDBCEDHCCHHDCD
ACDEXCCFAEFAHBABBAFHAHHBGCDACFHDEHBDABCXDEFBAXFXXAADBECXXEDHCDDHGBFCEXEGEGXX
GAGFHDDABACFFCHBFCHCEGADABXEXEEEDACHHHDHXGBFGCAXDBDBCHGAFXD
FXFXGEHA
CGCCGCADGXABDGBXXFDXXAFCAHADECXGXBFEGDCEEGBXXACHHGBXAXCBDCX
FXFCXEACDC
GGBBGDDCAFEABCFBXXCCHDCDCCFXFCCHHCFBHEFEDFGDFDFE
CCHXEE
FCGEBXFBBHBEA
BCDXAAFCDCHAHGHDXBGABAXB
DAFBCDDBBCAHXXGBDHCGBXDDAXXEBGFXCDCFDXDGXXXCAECHGCHGGHGCDFAAAGGHEAGCEAFXBGGFDEHACE
DHHBHAFFDHDDEFCDGBHCDXFHXGHBAFXBBBBGAFH
DCDEAHFXAAGB
BXBXXEDECCEGH
FXBAEXDCHHCHBCXFDFGFXBHAFGACEBHCDGBXFDFXHBCFAAEDFACEXFGDFGGXFXADDXCHDAAFXBD
BDXDGCDFCBACHHHEGEEGEEBCEDBHHAHHGAEGXBGFEAHBHAFFHDXBBXDADEGAGADFBDXGXXXGGGDGFHHCHDAHXDBEHGD
BFBHBEGGDHCBFFDBFGEDBCHCGCFHACGCCDX
XGXFEHFXAAGAXAXAEDFBDEEDXDBXCAAFEXCEGXBE
HCFXHBEAEEBABCXFCHACDAGGXX
XHHFGBCDXDECCBCAACGDCXXDXHABAFGHCFXEDXHFHBGBFFHGEBAAHXXFXBEBGGCE
DFGHEBCGECHCCXCADCCAXCBFEHCGDFXHCCXFFCAAGFAHAAGDF
GAHBFCFDCCAFFGDDBAHABHDHAHFXDBXADCGDCBFGXBBCHGHHHCFBHEEDHDEHHCCECFGEGBBDHFCHGXDBHHXABX
CFAHEFGEDCBXEADBXGBAXAEHXEHBEXEDXFBEGBHACCBDABGXAXDAHXBEAGDXFGEBXXBEECDCAGFHCGCDEGG
ADCXAXDBBEXGDHHDEHFEHFCCGEFBBFXXEGCXGGDBXACEBBGDFCHHBHEGGDGHDAGBHCFFHADEFBHCXEXCEADBFHFGHCECHXDA
GXXHCXBBFXFACGFEXCCACCXXFGFAHEFCGCXX
EBDCHEHCCHGHFFFAFBHFHBGFGABEGEFDBDCHHHACDEHAXDGFEFFDAXFXBXXXBCBFACXEAFBA
CXEEFDDFDHGAEH
CAHDDCFEXDBXGCDBGEAFXXCGHFDHEHCDAHACHHAAGCBABEHFEBDCHEEBBEXEBDEBFXDAEHXBF
DEEDFFCXFAAEBGAFHFEBECBDBDHCFEHBFECXXEECXEHCXCDBDXHBXDDXXEBEAFACHAHFHDED
EAFBCCGFFEDBGFGXFXGEXBBFEXGCFFBFEGXHCFFXDDBACCECHAEGHAGDFAAEHFACEHGXXHHAXHXFXAADCEXBBAXFGF
EHCDBXGXAFABGAHFEXDDBHBXGHAXHDXEHA
GCXFXHEXCXHCHDBECCBAADFAXHXBGXXBEFDXDGFEXFXHAECFEBDHCADBGCGEGDXCBDBABFGHXCAFHXAGFEGG
DHFEXBEFGCEGFFBEDDCDEBHGFCAHAEXEEEDDHGAFABHAGCAHEHHAXE
HDXHGDA
DCCDHHCFGXDCGEDEGFXXAAXEFFFEFBADEHXHGHD
EDFAFCCDFEFDAEGGCHXXXGFEEEXBGADXBDEBC
XDHDBBHXXACHXXDHDGEHACCAGADFEEFHHGXG
FEBGGFEEXXHCXFDEHXB
GBFBEBAHCAFBXHHGXFDDAHCCAADCEGAGDCBXAE
ABDAXXBCHGXAGEXAHDDCDHHGCXFFDDHCFBE
AEEBXEXDCFHBEBBEAXHDHXFBBACFCACAGHCBBECEHDCFDBEAHGHGHAXHDHHFCH
CFXCDEXEFGHHH
BCXFEHHEXHXCACEAXHXEXACBXFHDABHAXCBAACDF
GEEEGACFDABEXBGBFHXGABEGBEGHCAFDDDGBHDEXHCXEBHGFHCFDHEGBGABD
ABGDHGGCXHGBGBXEECHXCFFEGCBCBCBEGFXXDFCXA
GFXHHECEBECXXBBHHCFEHEXFXGDDFAFEBGAHCXXGBXFGBEFAXCACEACHFAEEGHGGFBGDCAADBFHACEDAAC
XXAEEECCXXCDFXDCDABEFCEECXECGEA
CEAHGDGEFAHGFAXG
FXGDHBCGEXDFDDHGADXFC
EAEHDAXGGG
DEHDHHCGAXFBXCGDAHEBAHECBAEGFHFGGFAFAXBAXXBDEAFHHAAADGBXHGECBXXAAXGEAAXHHXEADDCF
BFBCFCHXAAGHAABDCFGAFCBECBFDBFBGDHXDXEHGXDEXCGEXCABBDFCDCAGFF
GFDCXBGEFGCHCGDBHDGHHCAHBCGXFXFGCDHEEEBXDABDGAEHXEGDFGHGHCB
DCGCEGBFHXAGEGGHXCXXGF
DXGFXGEBGFFHEAA
BECDCGDFHFGEXHXAGADDGFFFAFXBGDGAABAHACFFGEABFCBFDAFECHXGGDDDXBCXFEHXAFEGCDHEEEXDXGBBGBHHE
EXDGADBEEAFDHFFAHBXHHXDBAHAHCXDCCFCGCCBGEXFAFCHGXXEEACDCGGGABAEHGAEXDEGA
AFFGEBAFAECXBXGBBAFHDDGDEBGCHADAHBBAAXXDEAFCECDACCDXCCCA
FFCGXEGBDEGHCDAEFAHXFCAFXCAFCBDCAHBGDAEFBFDEAGGXDAGFG
AFCDCABHGACXABEGC
HFCBECCXXXCCHEBFFHHHHACAHFHGXDDBEHXAEADF
DAGBAXXDGAXDECHCHXBAEDAHDDEGFGBHXCXDCAADACXGHCDGFDXHADHXDXAGHEGHBXC
HHDDXCDBADCFBBHHAGBXCDFCFGHDFEEXAFGECGXCFCAH
EABBFDEGXHDBXEAFFFFDBBDEDCAHAAXDCEAGGHXDGFAACXADBFCXXH
EBXBBDGHFXFFFDDHXDGHCFHAFDFHX
HXCEGBEHGEFBBDABAEGADXECGXAHAEEXDHCDEGCCECBCDAXCEADDEFBECEADBHEHXDHCHBAHCEA
DFEEEFEGCHXEGHDXADFGBXBFXDXHGBGXBEXBHDEHFXGGEECHHHDAECHEDXEDDDAXBBCXHBGFBHABGFGBCDXFFDXGABF
XCACEEAHEHFEHBGXAADGXCX
GBFFFADEXAEXAXBHBFHXBFCAECBCGAABDDAEFAFDCCHFXCDDXEBDXDCGEXGACXBHEGAFHBBFGCBDDHXCEXF
XHXEECAECEBDDGCFDDBDGXGABABDAFAGFAGCFHBEDEBGXHEXGHBXBGXEFBXDFDFXACAGCAHGEGHCGDXXGGEEHHAGDCFGCE
EXXAEECAAXCHEEDBBXGXEADCF
CGHADXCFBBBGCXGAFABHXCDXCXFBBDECEFAAEFHXHFCGCXEFBDACGHGCECH
DGAEGXDEHEFAXEHBGEEFCBBAAEACAXBDAX
BXADAGDDHECXGFECHDHGGEHHGABDCHHXHXBFAABGBHAEBXXABCFFDAXBFEFHFGHGAGXCFDFCHFDFHEDEAH
EEFBXBHXGCXBBFHXBFBBHFXDHBXBHXDCCEFHCFXADHCBEGGHHBBCBDGFDDXXGX
AHHDBCBXDXHDBBDDDCDGHDBXGDEXGHCAHEEEXGCFDEFAGCEXBGHADGXFFHBCCADDXAXAEXAFBCECBXBEXXGC
HHDGBABDGCBEXFXHDAFGGBHDCCFCEAAXFBDXDCBAAA
CEDFCFFGBACGDEDCHBEGDXEBC
ABAHXBACXEBCAAFACXCACCGFEAHGXAGXHEHBGFGDFEFDGCGAEEDDDHFADFBCEDEXGFEHFDCGDGXBDBDCDGHD
EXXDCDXHDGHBBXDDXHAEBAAAXEEHCXCXFGHGBXFGXXGBGAXFFBEH
XADXXDFFGDHCEGXEHCCCHEXEHACBXHGXEDCBXBEAFEGACFDXBXAHFCAGXDCGBHXHDDGX
DXAEAGXAGCFFXABBGDGDFBBHCGEXBGCHHB
BDFXFGDFEEDDEXDXXXFXEHBGXCGGGHAFFXABFCDHFBEBGDEXCCCGEGDA
ABCFBDFGXFFEGAX
EFDBABECBXFCAHCXXEEABAEBXXBHFEGGFCBGXGDXXCEEXBDBAXECECGCAXEDABXEEFEEDX
CAAEFGG
XGECD
HDDXBXEEEBFCXXGXBEBXXGGHCGBCDGXECXXBXBHEBGAAXXFDFGBXBCXXCEEFDCDFFCFCHFDBCEEHACBGGCHFDEEXDHB
