HBDBXXXFAXXFDCAFEAFAXEAHBXDEHXABEXHAEABGFACDCHCFABBBEEXAXB
BDEEEGXHEXFGHEEFXFBHAEHEFFXEHXFDEEEFABBCGDBEAFECDHCHCXDGHXEGHBCDACHGHXHECXEBEEEXHEDXB
GDXCCXFEGFDAGCFDGEFADBEGDGBAX
XCDCECECCBHCHBGCGCDGDXHEGFXDEXGGEF
FBDEGXGHCHECCFXGBAABCDEGEGEBXCBDAEBCCBDGEHDEXCDDFAA
DAHBFDEBGEFCDCDXGEEECCBDDBBBCXXDXHDBHHDFDGEGGDEABDDXHDCEA
BGDGBHHXHEGECXBDDDFAHFCCGCGGHFXEDHCXCGBBFBEDABBGHEDXBXAECCHACDFEGDAEACDEGHHXDGAGD
EABFFEBBFBDEXEGHXHEDEXFXFXXEAGADEGBGC
XBBBFHFCXHFAGGDFAEFXAXFHEACXCHXXXGACBBHBHAHDFCBBHCCXHGBBBCGFGEBXGCEAEXAXCGXCHBXFXAHEAHECBAHGHXDCA
AEAHHHHCCCCDDHBFFGAGBAFXGXCFCCXFBFGBFGGEAHECBXDFXADBC
CGGEFHFHFAGAXCHADEACBAHGEDAGECDFBFXDEFAEEDFDEDAXGHXXBCXFFHECHDAXAECBCDFXHXXFFACHEHDHFGGHDGXFG
AXFAXBEBEBDDGDAEFAXFCAHHXBDEHHFCEHCEDDFE
DBBCB
DCHCDHGGDEDDEBGXAGXGFDBHAFBHBHGCDDBBACAHXFGBBXH
AGEXBECCHXCCFXAFFHDXGHFAFD
BFGECFDDGCBBBEBGGCHCGHFFGFDCDFCHCDCGXAGFGBCBCDXGBHCDECDA
XHCXEEXXECFHBGHDDEFFHHDGXBEDCEEACXFGCAEEEGXGBXXDFXGEFFEFGACCBAEGHCCXGBX
DCABCEAADGFAXCCCFFFDCBABFADDAXFACDHDEXADD
GBGEHEEFCDFXECGEABCFGHBHEBBXCBGDCFCEEXHHHBBDDBFBXBDXEHEHBFHBXEFFGAHEXBEBEBXGCXDEF
CXECFXEHFAXBXCHF
GEGHFHCXDEGXCFDXDDCFCHCEFXEFGCBDD
XGDFADDDCAFDDCAAXEBDGEFDBEFCHEFHDDHAXXCD
HXDXAXBBFXFBCXG
EXHXHEHXXEBGXAECHFGCAABHHCBBAHFEGAEBEHAEBDXDEXCHFEFFEXDHCXADABDBFFFXFCDFAXBFBXAAXGGBG
CGEFAEDEEXCACGAGFDDAACAAFEHEAFDHHHGGAHHBCDEXBDAXBGADCDDXXAFHBEEBGHCEFADAADFGFACECDAFHEEDBFD
GAXXHGEXG
CECBFHFDAHFFHCHDHHBDFFDBGCBABDBGGADBGGCXFEXAHGFHBDXEXXEHHBDBCACBAEGBDFEHEDDGEEHAHFCXFFDGAGFAGXCFHC
DADDFHDGCHDBXBBGCDXAXBEHCXXXCAFEFFXHACFFGFGDHEGFAEXBDEEFDEADEFXEXEACFHGEHDFXDGGGDDFCA
HFGAHXXHBXGAAXEDHDEGXAECBHCXDCHGCEDEDXGCGFEHXBXBHEBDBCGDHEE
FGHGABCECAEBHGHAXDFDAXXEDFAHHGF
DXBAGFEHCGCEFXXBCEHDDFDAXDHHEEEABHCBCHCXFDEBCAXXAECBAECBHAGAHCBHAFFFGDAGHGCEBBX
XHDEXAAEDBEXGBCHD
XFXCDXHXBCDDGBXGDFGXHCCCXAABBC
HBXEXGBEAABDBCHEFCCAACAXAEGGAFEGFHGDGGDGGGEFAEAHBBGHCHXXEGBAFAGCFH
GGGHXGGDHFD
DFHXXGEBDDAFGAAEEAXCADHXADCXHXDEHDADFDCGHBDCDXBDHXXHCD
XBBCBBBGABEFGEXFBHGX
BXDAFEHBGFXXAXGBDGEBFDCHEBX
ECDHXDCGFXCXDDGXABFDHXBHCAGEFEFH
XXBHGEXCDEAADFAEEHDECDADE
AFHEABFGEEHFBFECXCFEFFCGEHXXGEXABDEHFABEDXCBXCCGGDHXDFBCACCGXGXEGDCEBEXHEBFFECHEEXHBEHXXHD
FDXCABAFBEHBCAXDDAFHECF
HAHXCFCXCXEXDCFFHXEGGXDHHXXBCFAFDCXD
HEFBFEXGEDAGXDCDXEFDCFEDCCGAAGDFCFDHXBHBEBBGCFADDXDHBBAAGGAFBHBADFFFFFGBDBEHFXBXFBGCEACHEAGAF
BBHHFFEAEXDEBBXDHDXAXCXAGFXCGFDGCGBBAADFGBCXADCFFEBCFGAABHHHFFED
GFGDBDHDFXFAFCBXFEFDGXEBAADAEEXXEHHEDEGGGBGEXDAEECHABBHEHHBADHGG
DEFHXCAHCCCAXGEBGDGCEEFCCEHACFCDAADCEXDAFABHDFCBGXXGAGXDGGDGGXXCBHFXXFFXAB
GHAAFFBHEXXXFDCDCXBBDDFXDBXDABFXCDDDAXHXFACABBFBHGHAEHHCGDDFADHGFHHDAABHAFDBBXDCXX
DDDDDCAAXDXBXFHCAGCBFGCXAAFBXGGHCFDDXXXCXHEAGADCBBDXGBGHGXFGXFXBDADXHEAFAFF
HBBDFXFDCCGBFDXGXEFFHHHXFBBBGGEXXAFABGXGEDCG
AEEHBHCDGDCXDACFFEABXDBFHDCGFXBXBBHXDECEGFXCHBFFBCGCAHAB
XFXHGEGAHBXBGXAAHACBDGEBEDEDCAEGGAX
BCFAHXXXHCACGEBBFFDGXDHFDBBDHFCBHDBGXHXACBHCXDAFCECGXXXCXEBEGXEACEBGGBACHGEDEXXCCA
XBBFXXDCCHABCCBEAHDADBDGAAFHXDHDFFFGFBHEAHCXFCAXHXEHBCHEHCHFGFXGXGEF
FEFGEDCBXEHDAHXGDAAHHDGDDCCADXDEDXXBCEAEACGFD
AFDGGXXDDXAFXGBDCXEBXBBXEAFHXHBHXDAGCXXCFCHAAHBAXFXCEGCHDCGBBFXXBDGCXX
AEXFXHGEADGDCCDFBEEDCBBCBXDFBEXBDBHCXBBCCXGXCHGFA
DADFEHDFECBFDXECABADHXGAXAEHDAFHDGXBDHEXCBEEAHXXXGGGGEEDDAAFDH
BGGGHXABCXFDHBCBAXGAXDCAHHGXXDFAHXGFEXCCDGCAAECGFEBEBEFECXADFAGXAFHEGDHCAG
BDGBXBDBXEAABXCGXBXBFHHFFFCHCADGEGGBHBEDGCFBDBGHCBBCXGCGXBDBCG
FFECAAEAGXXCFACFFECBBFGHBEXXCDDBFEAXAXEBGXDAADBDGCCAEFFFXBEXEHBXC
EHGEXEAFGGBBGHGBFCFHH
CCD
XGFCFFDCBBXXCHCBCXDEEDXFXFAEFXEAXHBXGCCDXAXHEXBABBAEBBBXHHGXDGHHHEFEFXCEGFXBBCADA
FEFEDHCXBEGFCXBDBAXHHHGBEDBDHCCAFBCAEFFFFDAAABCEGDFGAAFBABDHDEFFG
XBCGEEFCDDHBBCCEGDEXCCAHEFHHFGABEAFCEFGCGHG
BHXCACXEAXXXGXDFAAHCHEBBXGEFBCXCCEGH
GHECBDAXGDBEBCCFXCCAGAGBDEBEXAFFGHDBXXFHXHEEFBXGDDEDFEGEFBGEHCHDBGFXECBAEGFHBFHDFCDDCGEDH
CCBHEACAGCDEGXXHFFFGEEHFAXHDGGHEBXGGAGXGDDAFDFGDGCEDAHDCCGXHABBFCHXAAXDHDHF
EGFFEFDCEFXCDABGFBFBADCGCHCGHDFHHFAXAXB
DCCXHHECBHH
HHAGABAADFAFDCECCFBGCBCHA
DHEDAGCDBHAXEBFHFEGEXCAHGECXXXABCXEDEBBEFAHCEFFDGEXXDBBXHCHXHEGAECFBDXHBEXGAGEXXXBCCEHXBG
GHFAADCABABBABABDCCBXHXABCXDBGDAEEHGHXEXGGFHCCHXAGDHEDGDXDABDX
EXGEDBXDBGFBCHGBBAHXAHFEFECHCDHABBAHFEAGGDHDDDFGADXHFCAGCGHCBEHDGGAFCHBCA
DEBCBXHFDXGACXEHEADEEDBBDHDHBBDHHEAEEHAHFCACAEHXGFGADACAEDDBCDXXHHFDGCFX
CGFCXBFBFXEDBGBEXEGBEBFEBXXHFBEBDHXXXEEF
BXBHAFEFXEXXBAHCDFFXEHDGEHGX
GBDFHBCXHAAGCHADFAEGBHGCAGFCBAAEHHXHEDEE
HGDAAHAFFCHFFCCBCHFCGHFBGDEGEEAGFXBDCGEHBBXDBHFEACDCAAHCCGBCCXCHFFBGHACGGFXDFBHCDGGGXACEGGBCXHAFAGC
BXHBBXXEXXFECEXHCDBHBGFFCHEEGDGHEEECXEFBFGXFCHGXEXFXXFECEG
HDAXGFECXCFXHBEXDEBEAXEAHXCHHDFFBFEFXXDXXHBBAC
GGXEXGGHHFEBEEBEFGDDAHFDAEXAGBXXHDXAGADEBXEGFFAEFBBXDACXFBHAEHBEHBGDEACAAAGGEEDHDFAAH
DXDEDXBDBEADDHHEAFFEXGHEDBGDBFEGBGBEAXCEBEHXGEDGCFXBXHXGGXGGBDXB
GHAHHHCBGBBXBAAHCEEGGGCGDHBXAHGGCEBXAXCEXGAXXGAHXXCEGEEFAAXDBHBFFBXFHXCFXXCBDGDFAHGBFXBA
XBDHGHHDEGFGDDBCEBEEXCBCXDCGGDADHDHDGACHDEHDHXHXHGEEDGHXABADBCDAAGAHAXFXEXCHGHH
XAEDCDFCGGXEBCXFGDFXDXEGBFCGFXHCGCXGDDXBA
FDAXFXAGXHBDEAHXBAEAFEAAFCCEXCXAGFBFBXFCCCEDFDDEGGFCHCECGBXXFHXGGHCXDGAGXCAAECACADDCEDHCFXFDAAGE
XFAAXAAXBHXDXAEXFFFE
EADEGGGAEBEHCADFHXHHBDBXBCHHGAGFEEGFXEEEAHHBAFXEBHCFCEHGF
DBBCHFXHH
DBXBXHGXEHBXAHCHHXGFAXDHEHEBCEECEGABCHBBHCAHDABBCACXGGBXCGEFBCABDAFFGAGEXXFG
CCEXFXDD
HHXDGCDAFEDEGEDAEXDDHCXC
EHFXDDBDFAHEBCAXGAXGAGGFDEXXCFCXGGDAHEEGHEHDEXXDBGXXBXAFCBBDXBDHGGXHDGGCACEFCHEXEDX
DCECXAEHAFDAADABCDHGBXGCGBEEEXBEBEXAAFAFHCDGBFDEHBCEEXDCHEHAHEBBCBXADHHXH
FAEHEXEGBAGHDHHGCBFHHXAFCGHDFEEXFDEDGEEEXXECXCADEGCEDXBCHFXDXBGGCEXDABCAEXABHBCDABFDFDHHBXFEEHC
EBABXAFBFACHAXHEBFCDCFD
EXG
BCXDDFBACDFEEBAGCDCHGGXAAEFFCGAXCBCGXEHFBE
HXCDFGGXXFDCGEXCEBHCEXCCEEHADADADFFGEGHBFXAHAFHEDEAGDADHEAAHAFEBCCGGDBECGFBEG
HHHBGXFCAXEFFEXDHDBDEBCBGCBXFGEBACX
ABACGCHHFXAGXXGGGDDCBHGAEGBGBDEEDAD
FAFFDGXBGCGFEHXECBBXFCDFDXADGDFEDXCHAXAXBFEHFHGHGEAGHGXAAXXXFHAXBHBDECFH
DFEDGDAFFEXXBBDXAHHEGHHEHACGBGABBXBCCDBCDEHAFEAHBDDGFFFGFACCAHDACGBXEGAGGH
HBFACHXDCDXXHXDXCEFFGDEEGEDBDFGBGCXAHHECDXBECFHCHGXDEBCGHHEGGFGEXFDCDEFDACXAHHCGECEXAXXFB
EHHXBEEXFDDFEFEEBHECFHDHAFAHHCACFXXEEFXGCCFHXXAXACECAHBBBXFFHEFHGFHFAHGEGAGXDACABBCAEDHCECHEF
BEHEDDXAEDBDXBFACAGFCACDGCXDCHXXABHXGDABEBGGGXAFDCFCFGADDCEBBCHA
FBFBCGFXF
BDG
ACCXBACCAGBDXBFHBXXGXEDBFFHGHBFEHGH
BBCCCGXXXDBCFFXXGXFHGCEHFBXCAFDFDABHDAXXAGDCHGGEXAA
EFBAXCFAFEDHHADEGEGF
CGCAAACDXDEBEBEGXABFDDBADFCAHGEABFDFFFACGCBCEDXH
EADXBEGAAXGXFDXXGHHBBDDAACDFCGHAEHHXFFFGXBFHABAABEDAEXHEHDGCDGDGABCXAGAEFFAEGHFAEHDAEAAGAHEEA
DBFBBEXCBBHXABAFAAHGHEGFFXBEECHBAGBADCHFBBCFAFXXGADHCDBEEABDAAHHFCXH
BEAXHDEAXGDGAXHEGXHDABCXCCBGFXEHAXEHCAAFFEXCXHBEABCCFXBDGDB
GBXDCBHBCDFHCXDAXGADHXGXAFHBCXDGDBDXFBXEHECBCFBXBHXDXCXBBCXAGDXHDHXDBDBGXABAGBEFFHXAXBDE
BDHBAXAGEXAXDHHDCFXGXXEFXFAHGHHBDEDFGHDDGBCCXEXEEGHHCFGDDCECBHAHBGAEGGFXEEAGBGHXDAHABGA
AXHDDXFEHA
GCHEXAFBCXBAFCFDXCGGXAHGXDEBCXBAEDXAF
AEFDABFHGHBGHHXHEGEEDHFHHXXCBGHBCCDGXCHBECDEGDGCCGDCAEXAXXDDEHGEHAEHBFBAXBHAAXXEGAHBDECBHX
XBHXBFCFBGBAEEGFXDBBAFCEF
ADDFEX
BCXBHDADGBDBFAHDXEGFFADCXXACXBCAXEDCHGCXHBBCAGHEHGXEGAHFDDGHEEHGXGECFHEFACBEDDGHEECBFBGCBBCGEFHXC
CFHECFCHDHXHXHDCEBCBGHXXXFXBHDXFCGDDXDEDEDCXXCEAADCBDCGBEACHFHHCHDHFDD
AAACFHBEHBCHCCABXFEECXEABDXFGEECEAEEBHXEXBAGCDEHDHXHDFCGBAEDBCBDDBBHDDFXXHAXAFHCBBAFGGFDD
EAGHFBG
EHGFDABDDXGGXDBGECGHEFBEHHAAFDFGXAHCBDDXFBHHFDXDHBFCGBFBHDHGBBAFFEDHXAFCBCFDACEBFH
DAEAXEBGDEHBGCGAXFDBAEHGEHBGCCHCHFBAHXHECBCCDDDXCBXXEFBFABHHCEHACHB
FBCFFHGFFAXBGXBFAXHDEXBAHEACDHBXEBFGXBDDXACEGBEGBAXXHEAAXDAEXFDFGEBBEECDGBFDXA
CEHABGHCHXDXHEBGXBHEGAHGDXBGCH
CXABHXCGGAEDBCADHHEEGXCEG
DDBHFFCXGCXXECAHEHCHHGEEXBCBDFBHDEBDGCEFXXEEXEHEGXHHDGXGFFFDXBFXBEXGFBFXGADHBDH
AHBEGXGDFABXHFBXHHHX
BHBFBDFFEXXGGAAEFEBFBXFXDABBADCEHAHHGBXXXGEEHFDXHHFEGGFGHBDC
GGAHDCXXFHADDCDXADX
EHFBEGCAGHDXBFEBGCCGBHCCXFECHDEHEFAXACBBAAHBGDDAAHCXXFECXEAHHXXCGCHXCXAEFHDFGDBA
FHGCBXAECXDFCDEXXXACHXCCAADHEDCFXAHDEBDCCAAGDAXHEBXDXXEDDXAEACGDF
EACF
BXDXFGFFGAEGDCAXHDDECEXECBFCEDHEAAFCDHDXBDFXHFGGDXCCEGBFCHAAHBECGDFDFEGAXEXG
AGFEDDFBHGFFCEHDDBXDXXGECH
GCFHHDGXAFEBCEBHXFAXDHXDHGCGEGBXBADCFGXCC
CDXHGEBDFDHDEXFGGADCFAXBBCHADDHGFFDEGCXBDXXDDBAGFFD
BXFDEEDFCGBHEBGCGACACHCXBHGEAGXXCCGEHBEF
GAXFCHGBHXHGHCFHHDAEBEXCC
FXCFCDAAACXXGDXHXBBACDEFDFAFFBGHAFACAEXDFFCAAHAFXADBBHGFHACDCCDDFHACDHCEFXECCHGHBBBGF
EFECADBXXGEBGEDHAFGGCEFBEGCXDD
CAEFXHFCCBAACXDCHAFDACCFGCCXFFFCXFAFGHCXAEFCHDCHXGB
EEGXAXCFBAAEFXCECCADDFGBBBDCEGXCDBXFXEDGDXBABGFHFHHEDADDFHXBHDBBAEBDXBBCAA
CFFFHFEDFBGFEEXFBEAFDEEXDGGBBFGXFGFCEGHXDBFHCBDHHDHCEXHBBEGD
XXCGECFBEHHHGGFFCCDXDEDGFEDXADCEADADC
BBFXEDGFEDAB
HEFAFFDHFFBCBBGEHEFBEEAEHEDHCHEFBBGGEGGBAAAGGBAAXBCAADAEBXEHCGCHADXHGBCEXFEHFCGCCFGFXAAXCHDD
FHDGFGBXFEDBBBHXHAXDBXDXABBGXAXFAHAFHFGHFDDFDDEEXDDGXEBDHBHEHFCD
AFXFAXBDBFCXCGDHHACHBBHGDCCAE
DCCXCXAEXFGFDBDGHCCECHCHEFBGGXFGBFEABXDHBDXACBHDHGFXGXHBHXF
FDHHH
CDXBEFGGDXXBXGCEABEBXXEDEXGEAAABAXXEXXFEA
FFBCDDGHADEHFACEXEBGBFAHGAHDAHCXHXAFFFADHHBFEACCHBBEBEABXFEAEBXDGDHFXHHBEEAF
GEBCEBGEXB
BFBHFXBGHCBGBFECBBXAHCADXXEBEEFXXHCCXDAXEBGGEXHEECHDXDBAHFEECCAHHAXHDAHXEDFFGFHXEXBGBBDHXAFG
CFBHXGCHGDXEBXBXFHGGGXBHHGFXDFFBAXFEEXHEFHADXFDCXEGBA
EGBXFXFAEBGAXFHCDEDHDDCEGGXGXEBGHCXHFAXGGFXBHCXGHFFACEGXEADCXXABGXFHGAFHHECDXDAEXBGACBGA
CHCGCGBAXCXBGXBXAHAFAXDHBCDBGCXCDCAHABFECFCDBXXEHEFEEBHXCXAGGDEHHHGHGECXCXGDC
CXBHDHGEFDCXDFAABFXAXDABBBGEGHCBDGDHBFGBDDXAHAGXDGGFXDA
DEXCEGGEDCDGGHEEHGFAFCEXGGDHXHAXDAXGEHDA
GBEHAFCXECBAG
HECGFXDCFGCDAXGHFGFCHEDEFABFBHCBBDXGAXGXGFAEEFBCDXEBHEF
CEAFFHEDHDCFGBEBFBAGGXXXHEDAHACFAFA
CXFACHDXCCXEADEFDEEBFFBCCBAEABBBGDCAXX
XBXABEHHXXCDDEXXAFCBAFXDAGEXBBFC
DDHFCCGBEHDHXEGHADDFGXCHXDACDBHFHFBCHDDDGDHXHEHEXCGHAHGBFEGCBHDGDBFCDHHEABFGBX
DDDEEDFXDGEDXDCAHECDADHECAEGFXAXEHHCFHEEXEBGAHDAAGDFXABEHEXDXHEFHAAAEEGFEBXDACEDAAXBBCCXAHGGXHXBCBA
ADBECEDEGHAEEEEHXXHHGFCAXHFGFHBHBDBEDCEGEXCAFCEAEFFBHHFAFAXXBXFXGDBEBBFFFFEFGDFFCDFHXHEDA
ADBBFEBBHGHHFFGFEFGBAHECABGDFEGFBFDBCDBC
ADGDHECXAEDDA
HDDCFBCDEHGACCCXBCAFCCXHFCAEBEGDXDXXAFFFHCCGGAFBDCBBXDCAGGXBFACHABFCCAECHFHCFH
GCFGXXFHDFGEFBBEGXGCCBFXXBCEDGFXXACGCECBBHFECBDFXDECFFEDBBCGGCGGDCBHBEAGEHAHCHCFX
DDBGD
AFBFGXBGFBGEDGXADXEHHFGDCXBCHEFBFXAAGDFXHGGGXBGGHCHEBFCECAHGBC
FFFBCHEXAADEABCHAFECAAXEFGEAGBGBHFHCFXFGDECAGCFGGHBAXCDGDDDHAXDBBHDGCFCAXHDF
XCDXCG
DEDDGHDBCHDCAXHCCGDFXFBDDEADFHXHXBEDXHAAGE
AXFBFBGBEXHFDFDBCXDDEDABBXADXHACHXFHXXCGGGACEBEXXHGAFGEXGDHEGACDEXCCFAEFAHBABBAFHAHHBGCDACFHDE
GHFAXEXGACXABHGHAAHXDXFBBGDEXGGFCCEBXBBFHGHGAGFHDDABACFFCHBFCHCEGADABXEXEEEDACHHHDHXGBFGCAXDB
FDGGXFXXFFXFXGEHAFHFFHFEBHBAGEDXGXAEXGAAFEXABCFFDEBDGCEFCCHBEXXXFBDGXXCF
BDCXGEXFXHABXAFBCCFGBAEACECDECGFXGDGABEGFCCAXXXEHAHFACXBGBBBACXHBAEGEFEXDGHAXH
ADFAGBADEAGXXBFCFCFEXGDAHCDXDF
AFB
XFFFHBBFCFCCXDFHCFFAGGGDXBHCAGBAFHFEGEXA
EXFDHGDHBXEBAEADBHFGDXHFX
GBDHDDCD
ACEEFDEFAGGBGHDCXFHCEDFBBADBHGEXDFX
BBBGAFHBBHCADGEFAHCCXCCEXGFEGH
XDHECXFGXADXXXXXXHCXGHACXAHBAAFXDG
EHEBABDEBCFAFACBDFFXBGHXAHHXEXXBHAFDDAAXXXXCXD
DHBXDFGAFGXBCHCCCHCBFCEBXBAXBHACXH
BGFEAHBHAFFHDXBBXDADEGAGADFBDXGX
CBFFHGFCGDBXXXGEXCFGHDBFBHBEGGDHCBFFDBFGEDBCHCGCFHACGCCDXC
GXFEHFXAAGAXAXAEDFBDEEDXDBXCAAFEXCEGXBEGBGDGGGACCEABFEDFXAX
DAGGXXBGBXHEFEXDCBFGFEAFHHAFDBDGABEAHFADGCB
XHFHBGBFFHGEBAAHXXFXBE
CBXEFDFGHEBCGECHCCXCADCCAXCBFEHCGDFXHCCXFFCAAGFAHAAGDFCXDXEFGBBFE
FFGDDBAHABHDHAHFXDBXADCGDCBFGX
DHGGFGGXBHDGXBHEGBGXEXDGCEBXHX
XEFBXDFGXF
CAAFCEEXHAEGXGXGHHX
FXXFDCAEEXEGGDDDGABADX
CHAEGFGABFGFBB
EDDXXAHDAGDHCHXBGCFDBAHGGFHFHCXHGXAHGAECCDGFCDEBAXHDBEDGXXFCCHDGXBDHGXCCGDXFCGXC
GFGXCFCHHBXGDAHBDBEXGXECXEXAXGCFHA
DBFHFGHCE
EXHXAGXXHCXBBFXFACGFEXCCACCXXFGFAHEFCGCXXGBHAXCDFFXCDDGDEDBDAGEHEHXXXDHGECHBXXXABECBADDXGCXEEFXDG
BXXXBCBFACXEAFBAAE
EEFDDFDHGAEHFXDBEFDCXDXXHFHXHCAAGXFHFAHGCBFEADAFDFAADFEABCGDCB
DCHEEBBEXEBDEBFXDAEHXBFBCCHAGAEDAAHEHAXFXCGGFXEGBDADCGXEX
CXXEEC
BBDGDEFDHBXXXHDCXACBFAAEGFGCXFDHEAFBCCGFFEDBGFGXFXGEXBBFEXGCFFBFEGXHCF
AHXFBAEEBEGAXFDFXXHACFGAFEBGEFXGXXFGXCH
AAFXDFDGXCEEBBEEFHFHXXCACEXECXBHXDGCFBXABGFFBGAGCXFXHEXCXHCHDBECCBAADFAXHXBGXXBEFDX
HFCBXAGGADECDXFDEADXHGXDXHXEHFHABCBDDEFCGBAFCXFEDHFEXBEFGCEGFFBEDDCDEBHGFCAHAEXEEEDDHGAFABHAG
EFGFGGAFAHDXHGDAHAFBB
HCFGXDCGEDEGFXXAAXEFFFEFBADEHXHGHDCBGFXFFEDHDBXCH
GCHXXXGFEEEXBGADXBDEBCGEBBGEDXBEXGXGHGXDCXAFFEDXEDXCDGFCFDFDE
HHGCCBGFBXEHCXBXG
EDEG
BAHCAFBXHHGXFDDAHCCAADCEGAGDCBXAEAEXADFBFGCHAHCHADBXBEGGCFEXXEEBXGBXAFFEDBXCAHXXXCCDABBBXE
GGEAFEFFFXHGFEBXAHDEFGXXGABXXXFAHDEDGDFDEHBEEAEFAGDHEFXCBBGCGXFDHAADHGE
DAXAACEHEEFCEEXXCEAAGHEAGDGFE
HCABFBCDCH
FBHAXCHECHFBXDBEECBFXCXDBGHBDHEXFGXGCDXHXCHAFGC
DHHFGDDEDBXCGAGXFGXCHFXFCFGXDEXXEAFEAFHDDEF
BCBHFBEEBGBBECBCDEXHDBGFXHBHEBFAGCXHAHBGAFXBFFCFAGDACCHGHHXEXHFFABCEGAAGEAX
CGXACCCFFHDBXGGBAEABCDFCCBGCXHGADHEBFGBAFABFXDBXCBEFECHDX
XBFXBHBABAHDHXE
EGADBDDCFGCECHHFCBFGHDXAEXXDBXHBHAEDBCBBBDAFEAHCBHHAXD
DXFAAGFCGEGXACEDXABXXEAEHEXGAGBDHAGADDHXDAFABDACHEDBFGDXDEXGCAFAHXBHCGDXCFCEFCHEGCACGHGXBHAEBBFGEGD
CDXGDHXAXEXXBEBGEXXCHDFBXGHHHBXGEFXCAF
XBXDBEXXCCBDDHAHHEDFDEFXBGHEXDEXHCXCHEAHGCEFXAGDEXHXAADDEDXX
EXHGXDBFGCAXXCDEEGAEGXGCGAAHCHABXEC
XABXCFXFXDHBCEBFXEFCHDGDGGFADCHCBXGXECEAFFHFFCDHAFGDAADCDEGCEEXCADGFAFAHBXEFBAGDAEBDBDBEDXEAG
BHFFDDDECHDBEEAGAGHFAGHAEEAEEXBDDAACBBDFEDGDCEFFHGCAGXBFAACAGHACEAEDXGBXDHAFDCDBBDCC
XBGCCDXHBCFBEAHGCFHGAAEGDAXBXGDFFHCABHAHGECCBDFFCEBAAHEXEABGXAEHACDFEHFCB
AEEECXEEGADCCGGGDAEADCDFDXDXDGHFDAGCDAGBAXXDGAXDECHCHXBAEDAHDDEG
CHBGDXAXEA
AHFEBXFDCDGHHFFXHGCACXHCBFDFBGGHXXEXBAFEHBXGXCHCEEFXGCHEHCDXGACXAGBEGCE
AFAABCCHD
DBFXGHDAEEEGGHGECADCAAXBGXAFGCEGHCGAXDFAXHXBCXFXCAXDFXGCFHCCHGDHFHXBCEFCDCECHXCEGBE
DFDADXDAHXBFAHBBEF
GAHAHDXHHBEXGFBDDGXH
CBDXCXXGFGHAHAAGGGXXBHC
XEBAHACEBGGGFGHDDDEBCBHCGBFHAXB
GFXBCFGEF
HEXECBDGDHGCBFDBEACFDCEECEEDACGEFBDBHGCFACHG
GBCDXFFDXGABFAFAXGCAGCDGXGBHEAEDHGFXDC
XGGFDCXACDAXXFCGXBGEFAH
CBCGAABDDAEFAFDCCHFXCDDXEBDXDCGEXGACXBHEGAFHBBFGCBDDHXC
DGCXHXEECAECEBDDGCFDDBDGXGABABDAFAGFAGC
CDBDDDBXBGXFFDCECBXBCBXFCFAXAECH
BCEXCCXBGXHBDCHHXACGFDEDEDBBEABDEAAHEGBDFDHHFDDAXBCCGH
AGEGABDDEECXXACBGHE
AGDEEDGCFEHAAAHXECHGBXBCH
FHAEDBDHDHCCCECXXDHCEHEAHXFBXCHXDDDACACDBDFAEXH
GAXBDGHBXBGXEDEFCFCDCFBXAGFBFAFHDHEAAXDBXCDGHDAFDAEHCDEEHEHEBBDAGEBGGEBEXAEEHHCAFBBCHGBEG
ABDXHEFDHADXEXECAHFXFXABBCEHBAFAHFDHCCBXFXGFDCXGFGDCGDA
HFXFADXECFADFFXCBGGFGDCXXHBCFABEHXBXGDEHXACXADDHCXCCXBEEHXBDACHDCGAFEAEGXDFXDHAXBGBGGFEX
AGCGAHCAEBFXXEEGGFCFDGDDAAXEDCGGFHAACEDHHBCCFHAGF
HFFBAXCCFEDGBAHXGDHAGADBEAAAAEXEAEEBCDFGFXAHB
EBHGDEXCAHFFDBDAXDHGHHEFHEGEXHDFBECHFFBX
ABFXXFXCEXCEDDGFXXFFGGFDDDGGFXAXDAAAHDHFXCBHGGF
FHXHEBHFEHAFDBGGDFXFXCHEEDCFECXHCFXDBHDDCFADDFBDXBGDHDHAEEHGABXGDFEFHGDCXBGBAGHB
CCEBAXXADECAXXBEEAXDHGEGCEDHFBCXXXGDHFXDGCXCFFCBBHXDHDCHXCBDEDHXGFHH
FAEEAAHGBGEAEAHDCDBDDBXBGGAADXHDGCXBCCXXAXEFDBABECBXFCAHCXXEEABAEBXXBHFEGGFCBGXGDXXCEEXBDBA
BXBAGEECHDDACXFDCB
FFHEAAFCFFXGECDGEBDGHCGCBGBHCHEGCGEXHHGAHEFXHGHXFDBXBFCCHEAE
XFDFGBXBCXXCEEF
HBFCHBAXXCDHEBDGFEBXEGGHGBDAFECBHEDCEXCHDEBBAFAFBFBEHXGFBFACXXEGAEHD
HDCBDAACHDXXBDFEBHHFHCAECFFDCHBGEDGXFCHDCBDBACDBAHADXBXEGBDXFEGBGE
HCHFHEBAXBGHCFDXXDHGA
GDDFFFFACDBBHECHHGEGGEGCBEDHFDEDAHDBCG
EBCXBAFHFXDHBXAAGXGCDCXGHDGHEEBBEFFDDXEFCCBFBXHXDHDABBGGEEBFXDFAFXAGXCGADFBGABGDBDXGGC
CGFCHHFHABFHBEFADHCCFHGECEACHXDACAFBDDDBEGCFHFEADAFBBBGBBBCGGGXXGGXEBEHAGEBHGBBDDCXEGGXAAAACBXGA
DADEBBBXFECBFEFDCFGDXEHBDGHADEBAGCBAFFEDFABFXXFXXHEXXGABBBEF
EGHBABBACGCCFDEAGHAACAXXFAGBGEFGFCXCHCXEHHXAEHBCHHHXFBHEAADDCBHCFCXCX
EFCADHAGHXBABGAFFABFXGHAFFXEAGBGEAHBFGFGXBAGXHFCEGCBAHGFHDXADFBB
EXBEBCHDDGFGEFHCBAXAHXBEHFBHDD
DAHGHFFEXEXEEFFEGXXEGEXXHGXFEBXDFXAHABCFAGFADEGCGHBXGXXHFFEAFAGCGFHAGHF
CHGBGFEEHAGEBAGHAXEBDHEFACHGGFHG
CFCEFEXGCBEDXBEFACXXXAAACHBFBHADCBCECAXAGXXGFXCGBHEEXHEXAGBFCHDFHXGHAHDADFGHXHXEXAXA
XXBEEDXECHDGDXEEDFDBGFAFDFBBGACXFBABEX
AFXHHFDHXDDGCBCCBBEXDFHEXFFEXCHBCXXXHCBEBEDBHBCHFHBDGDHED
DGEBDHFCBBHFCFHBBADAEEGFCDBBDBXBEDXXGDFBGECDBBDHCFDEADECEEEHDBBHBXFHXEXGECAGFDCCDCFEHXGDAEHCAXF
FCXAEGFXGGHAEEECBDXXXDGFGCDACXEFAXCCEAXHCECFACAXAGDDGXXXBCCDXGBBXD
AAXCDFCAFAFHBEAABHFHXCHFCGAXAGHCDFHCXXDXDCDDEFAEBDBBDF
GXDHCCHCCXCGDHFCCAEDEFGGDFDCBBHAECCCHBACDBH
EDXXFFEFHXAFFEHHDAAXGACAAADEAFACXCDGGAFCGXCAXHEGGGADCXAXAGAACECEXDHBCCAFDCHGFGHDHGFBEXDECCD
CHGEFCCBXGXACFCAACBDHFXEHCCXDGAEEBXXEXFBGAAHDDBCFACG
ECEDAHHEBDEFFGEHFHAGAGAGBBGAADBDGXBFFCXXCXEXDCGHHBECGXFDHGGCXC
XHGEFEABHXEBFEFXHBGGCGFGCCDDEDGFFEBCBXBCCBAGHBADGGDXDAAFDEBAHBFFEFABAEGHCGAXDHFGDHGDXA
ABFGBCXEBHDAFCGDAEGXFCFGCBXDGGAAEHHXBCCHDEFHAEACHDGEEBGCDFGCFXCEFFECHECBAG
BEECEAXGAECDEDCXDGFFAEGCXXFABDXDEBEFFFBE
AXECBDGEBGADXCDHDAEHEH
EXCXE
AFAHHEHFAXAECGDXBFHGABBGXXXFHBFEDA
AGGACEGHCXDABFEFEDXBAHFFGEEDFDBFBCHBXFFCXGFDGXGGGFBCEXDAHBFDDBDDGEDXGXBEBHAHCGDGGABXFXADGXXECEGX
AEBGXDCFFAGXGXEDCFBAHGBHFHBEBGGGDAAGBCBCGGEAFEBBXBEHECCFXBECGBEECBDBFCXBCBBAGEDXAAAFXAH
FFFFGHFXFEEHGEEAXCFCDBGFXDFCCXEAXEEDBXFEAAXFBAHAAXFAXGABDEGADDFBHEB
BAEBGCABAFBDXHBEADEDEXDXXGGGHCDCGGCAGAE
DAEGGAXCEBBCAEFXFECEDAGCHXHHBDXEAEFBBXEDDDEGHCXAGGCCFEDHAGGXBGCBCXDGDBACEHDGCHGGCHXHHCXXHEEBBBFDEGA
CBHHXBDHAFXFXAEDFE
BDAXGEFBCBCEBFEGCFEB
CGBDGDXXAHXCCFDCCABFDEXECDBGHGHFFAHDAGBABGEBBDBFHDEDHBEXECEGHHEAFBDACAAEXCEFEADGEXFHAEEFXHFEFAGEGD
CAACFCFFHBXXXDBFCFDHDGF
GFHFFXEFEDFXDCEHABHFDHABEBFDFCGDHDEXACEBGHFXDEEEGGBXAFAEGXBAGHEXFEDAEEGABXCFCCXHDDXDXXDFEHXXFADHAAF
AFDEGBAEFFDAFDAHAFEAAHFHXACDHEXAGHBHBXXHEEEGHACF
CGGCFHGEBEDHBEDDEEDBGCXXHXXHBAEXFCXGABXCEAEBCDAHDDEAEBAABCFCAGFEAXAGXHHFBXGDXDAXDDBBEHABHEXEABHXFAA
GGXCXBGECGXEFACXBEAXFBEFDHGCEEEXCHH
ECE
DEBFGCHCGCFFACADXAFEDFDFAXHEHGDCGBACXFEGABEEXEXBEEGCHHFAXAECXEXBAHBXXGACBF
CFCHHDCHFXEGDEDEAEXHXCDBXHCCHXBDHBBGEBDFADFAFBDFBEDBFHHEEDDCEXCAHCXHCABE
BABHEDGBE
EBCABFXXFFDECDAXAF
XXEGAEXGHHXHDFXFHDFCCXECCCBHDGABAAHBCXBCDHDCCHBBAFBHHFDBCEHABEXECHABHDGDGEHFBGHFFXDEFBAAXBE
FEGFEGGDBFAHHBCAACHEGBXBHHCCECXDCECFFBDDGCXDADBAXFBGAGBFAXDHDDXEDGBAFADCD
DDCAXEBGHFBXAXBFFHEDBFXBHEAEBGHCDCEAFHFHBXHAXHGFBAGXFAACCDGCXDDHACAE
XDFDAAAXHGBGBXFDFFEADHDADDCHGXCFEGEFCGAFCDFH
DEBFDFFECHHHGGBBCFHDCX
DBHXEFEFHXGCGGGXEABCXXAXDBHAGEBGBXFXHAAHBADEEXBBDXCXFCAEFFGXGHCBHHGHHECFHABAAHEEGGXCXDABGDBACX
FXAAAFBGFEXEHCGHH
GAGBHCXFDHEAXGDXFGCHGAHXBF
AECHFHFBFFBBDBXCCCEHCCAGBXCHXXDDFGAFFCFAGBXXCHFBDEAGHCCXCHHEDBEACHBXGEXABXDGGCE
XHAEF
FXBBHDDHCXAFFAHBCXAABGEGCXCXBXXAFXXHCGFGGXHCDHXEEGHAXGCABBXECABCHBDXGDBEDFXBXDFCDFCCXXBHDAA
AECXAFXGAEHBBAEGABEEXEECFDDADAHADADCBCDBHXCXEGHCDGACDAACCGCGFGAHHDDDBFDABDXECFBDGAGCCBEDHAXADBXC
ECAABFCHFAGGGDFFEABGEFGFACCGCCBGCADEDCHXEFCXDAEXBBDGCHCDXGDHFFHEFHXDFBGDDXEDHDBBEFHFGECAAEG
DXFCDAEBGCFDABHBHDECEXDBHABCAA
BXCXBHEHXAEEFGHDBHXEXXGEXECXABECFE
XFDHCGEHAABGDHBAXHBAHBEAEBCADHAXGHABBDGFFXEBACDCGEXGCCXHGHDFXGCXEH
GCAFEBBHCDFFBCFGAHCBFDDAGEHBCFCFFGAHDBHAGDCGEXEEEGXXXXDHC
EFFGXHHEAEBXFDXEEACAHGFAAHGFXEGDDAHDBCBBHFXDFXDCFCAC
DHCCXBAEAGHFHXBCBEBEDCCXGEHEBGAXXBCXEAXADDHXA
EDDCGGHGFCAXG
XXGXCHAHCXBAFBHECEGCBBXBXBBFHCHDBHCECAEHBHFHGCXEFBDEEXDBDAFDHEEFEHBXHXEEGHCCHADCEDFGCAECH
FHBGXBBFFHEBAFEHFCECCAAGHGBDDFCDXXXEX
HGAFEXCADEAGFEXEXFXFXEBHHCDDEFHGEFEDXXXBAXE
DXBHFDCGHABAGXCXCGXEHAFCAHAGGAFEHHBXFAFXEXBGDGDXGADCDHACDAFGGXFGABACCAXD
FAE
FGDAGGABAAHEXFBCACHAGDDEHBEHEXHABFAXEB
GDCACAFHGEXHXBXCHXBFABE
DEXHCFGGGBXBFBCHACGAADDXDDCFFDEEAEHXXCFBBHABFCHBG
FHXXGEHXDGCCDEDHXADEFCXFXXBCBCCCCFGCEADGBDAGGAAXHFCFEGAHDDDEGEABXGD
AAACBCAEXBAABCBBAFFFBGEXCABGDBAAADGBDBAXXCGAACHAHBGAHECBXFC
FXEGEDGGBGCFGHDFHCXABFXCFCGAEEDCGHGAGDEAAE
AEFXEHEFCDHFFFFGHXFDGBHCHHHECF
XBHXDXDAEDEXFADFCBEGEHAADC
XFBDXXDHBBHFAAXHXHEGFFAGCBHHEDFHXHXHEHBEBCFXBADBBGHFBBBEHXXGF
CDEABHEACDDBGFHEC
FXFBBCXXEDDHXBXGEBFGDXDDCEEBHFGEBCEFXEBDBAHEEBGHBDCXXBFFAXEXADHXDBHAHGE
HHBXFAFGXXHDEBGBCHGXBEXCDCXHXXBGGCCABBECEDABBEEEHHGXFAGFFCGDFDBXXBXEHFFGEFHFXABDCBBEBAXXGE
AXHDGXHAEHFBEBHFXEHCFXXDFFCDECEDECBCGGGHDHGXXBXXXDDDFCHDFFDEHABDXDDBFDEGCXFCDG
AHDGCAFDABFB
HDHFCFFAHEBC
BFHXGDAFDXEBGGHFHXAXFXGCXCCDDGDCHCCHGGAGXBXGGEHCGHDFHBBGECHDAGHCEACBHXDCH
HXGFFBBGBDFEHGAFCEFBXAHCFHGGCCDGCEXCHBBXCAHAACEB
DECBXDBBXEGXEAGBGEAFADFACFBXHGGXXEFHGXEBGGXADABHGHXFAXDEGBXCGFHGEGAFGBCXGFDDAHXEFFAFCHXXCBHFFCFGE
GGHDHACBEEDXDCCEDDHFHDXDDBBEGXGHAAXDXDDDG
DDCXDDBGDAGADHBH
FXGGAGEDFXEXBXFGXEHGFEBDXCEDBBXXGAAF
XBEGGFFAEAAHEAECAHEDHAFCCHXAEXXEACXGCXGAFBDCHXAAGEAXBDFEGHXHFEB
AXEXCEEDXDAFFEHEGDACGAEAACXFXHABFHAFDDFAXXEEFAB
CXXFXFHEBBHXABBFHHEDCGCHEFFBDHCCHXEHEECCXXFHAEGGXEXBAXHHEFXECXAHCFDDEAHDFHADFDXCHBADGGBGHB
GAGXACXFGFHHXHDDCEEDAFDADACHAHHGXEHEEDAGGBGDDHBGAEEFFADGEFBDXHECC
HDHHAE
DFEGHXEXABACCFEXAXAAAEBDHAXDAHCHDF
XHFXBFBEDEEBDXGACCGDEEXCCDH
BXEEFCBDBDBBEDEAAEBEXDECCHHAAEBAXEGXDDABGBAHCGFBEBFDCGHFCHEB
CHAXXBGGFBHXCDXEBHCFDDBDBBXABECHDCHEFCCACCDEXCGFCEXXEXCXDBCBAGDGAHXCFFABECCC
DHFXDHFHXCFXGHAFXGEBHXXA
EEAGBXXXXGAHBXDEXBCFGXDHGDHGHX
GBCACAHFEHGDDCHEBFGHAFXAAFCCFDCDEE
HFAEBXAHCEACBXHXACCCBDGXFHAXGDCAEFEEHDGCFAGBFBCDCBGXXCFEFXDHXBAEHCFEDXFHBCGBG
GXBCXCEEAABXBGDGAAGGGBHGHGFFEFDHAHEGGECXECDABEDABFAC
ADGXBGDFDBAADHH
XEBFCAGEFHBDGEF
CGXXEXXAEXEXEAEBEEECAHFFGHGGBHACXCXGHCCFCC
BHDBEBBXDHFCXCXG
BEAACXAEXFAAAEXXGCEHABCDBEEBGGCHHHDAFHHFXAEBHHGXCCAEGDHEXBDGHFDXGDDXHHCGC
BHDHEDBDDEHCHFFHHCFHAACXAXBEXDBFXX
GAHEAFDHHXHBHABAFAFGBDDHEXE
FHGEGBEEBGXAGACHCDEDAXEBADEGEHFBAHXDFHHHXXDFHDBHFHDHDBDGEDFFGFBFFCXDDHDCHEFGB
HBFAEGEFDEAFHAHXDGBA
FXBCCCEDBAFDFFCBDGFAEFCCFACFFAAFAC
HEEGAXXXFDBDHABHXCEADABGAFXX
BHACFGFCGBXXCDAHADFFHAXAXBXDH
DFHBHAHXXEXXAGEXDCDFBDHDCHDECBEDCEH
FFHFGFHXXF
AGX
AGDFGDECHHECXDXXBEFACFHXHABBGXDFXBH
GCGXFEBHBAGDXDBAHBBGHGEHHHFDBEFXEGCGEFFFHGBHHGCCBFHFXFHFAFCXDCG
DHCD
XHBDCHEEBFBBFDGBFGFCFHCXA
BXFFDCXFHHFHHCDFCDCEBFHBFE
XBCADXAAXAXXXDFXDGECHXFBDABCAHBEEFAEXEXEFCDFGCEEBAXCDCAFCDBHGEEDFAFGEFEDADDGXADHC
DBFCEF
XHBHGFXGHXECBXEDXDFHECCEHGXAHCCGEXADEGDXGHDGBHXFAEDC
CBCEFDBXHABFXEFEDFCCFDXFGBCCAGXECXXDEFXGCDEBAAEFHXXXAGACXBGFEC
XXFFHCEABAABHFEFGCAAFAAGECCXBFHBAEABFFFHBCFEBBXEAEFEBDXXFE
AAGXGXCHGEGDDFAGFEGF
GCAAGHFEXAXBFHEEGGBFHFXDFAXACADXHXAEXECGAXDAFCXXXCXXDXADGHBFAGDXGDXEEEAHFA
BHHXACCAGCEFDFCCHHCDHXABCFXCXHBXXAHHBFHEHFXEAGXGEGCABAFAXDXEXHDBFED
BGFABGCHBHDBHDHDFDDAGBAHAGCDACEXXEHCXBEXGDEXBCHBGHBEHFGAAHEAHHBEXFCGAFBBHBGEXFCGAHFFXGBHAHGB
CEHGGEDCHDDABCHGFBEFXFDAC
XFDEXBECHGCAGCXHHXCXXXBHCFEAGGXBHEDEDBXXFA
GCEHDBAHAAXGHEGXDXADXEBDDCCDXXGAXAGFEXGHEFXBFBFDECGAGXCAEADHC
XGXEECHXDH
FACACHEEBDEFCFHEXBEEDHGXGAGCBCDGCBGCFFCFFDCCHBFHGGFFHACDBXXGFCEBDEEEDX
FDBGCGCEHDHGDGXGHC
BHDEHGBEECDGHXBBECHXGXBAGXGBHDAGAXDCEAHFHAHEBXDGFHHFFHBBADCEFCGAGFGF
EBFEGBDAHXGAEEEGGHBAGDBBEDBXGGABCEFXG
DHEGAXBXDCEACEDDXCHGAFXFEBAHGHBE
CFGAACHXFFEFDXADHGGBHXCXFCDGXEXBGCGFEBEBFHFGCADCAXDGHGGDCBGHBHD
FAGCBDGHAFFADXBDBFGFCEDABXCH
BAAEABECHXBCGHCAHEFCEFGGCXDABCXE
GCBFFHFXAFDEAAGHAGBHDHBHHCCBGAAHDXGXAHHGEXCFHXAGEEAXGBGEDBXAEXCAAD
BBHHFBFEBGCACGGADXAFBDHCEFADBFFAEBFXXCABXBEDFBEXCCDHFEXDGHEBFHEXBDAXEGACXHHBDBAFEDBDDAGH
BCAABBEXDHXDFFXEBEXHEXBBAXADHXXAGFHHXBBBXFAAXXCHCGCDBGECCFFXDXFGXDCEXEFCGDBXXDGXEDEDEEFEGXFDFDAF
EHXCHABBHCXBGCAXGGHAAGXGCBCGEFFXHXBGBHHHFFCHHEGHGBXEHHGXDHBHFXADDBHXHEBABDDFDCEXXDEDAAFDFFG
AXGCXAFAXCCHBECGEB
FXHCEBHEFHGXAEHXDHFXFGCDAEDFDXDDXDDEFB
CDFAGAAHDBDFGCDDAD
BBEFHFHAHFHCEHBEHFBBCHCBFHBCACCF
BFHDFFAAXXXDDHFDDB
FBFEHCGAXBEHHXCCXXDAHGEAEFGEXDFDGAFGBAGFXXAFDHCGXXDGCDBBDCEBAEDAXEXGECDDEFAGHXEDBEDFHGDBBBHHCFBDAAG
FDBDDXEHCCDGDHAHBDBXXXFAXXFDCAFEAFAXEAHBXDEHXABEXHAEABGFACDCHCF
AHCBFAHCHD
BFDXFXBGBXCXGBBACACEFBGFCCXDGHCGXXFAAXHXXDBAFCXEXGEGEXFFGBDBEDEDAGEFGXGXXXAXFABXGBDH
XEXXEXFCDXCHAFXCGXXCAFBXEHHDAFXCDCECECCBHCHB
HGXEGFHXGXFABHDHFFFCFBDEGXG
EEGBEBABFDAABEXBBFXFBHEXDXDDBEBGBFXXDDEFHCAADAHBFDEB
XFCEDEFXBXFXEEDGFDHDBFHHCEXCGGFXGFBBHFXXDDGFDHGDABGDGBHHXHEGECXBDDDFAHFCCGCGGHFXEDHCXCGBBFB
ADADXFGDGACHXDEGGAEFCDFHCXAGFFXGGEFEAHFEABFFEBBFBDEXEGHXHEDEXFXFXXEAGADEGBGCGCGGXDAFFDEFXHHXECDC
AXFHEACXCHXXXGACBBHBHAHDFCBBHCCXHGBBB
XHCHADHHX
DBDFBGBDCBFDHBDBHXCXFAXCFCADGACXXAGGGGEEEEHGGBCHHAHDCCXEDBCEECXCCEBCBHDAGBEHDXC
XAXDBEFXBCGAGCAEAHBGAHDAEDCGFBDABXEHABCEFDXABAFAFAHAGBEFABEHCCGXEGHAXAXBDBFCBGXXCAAXGFD
HAECCHCEDEBAXHAD
XDBDGGCDXEXEBHGXBBEXGHCHHFEFFBXFAEBH
FGXXHBEEFGB
GHDXHFXCACGEXGHHFCEBXBXGXGAFDFAEFDEGDGGHAHBHBAEBGEEBHBACCDHFHGACHDBFGECFDDGCBBBEBGGCHCGHFFGF
XBHCGGE
GBBDFDEDXDFDEBAXFBAXXHFEGGXDDGDDGCGBFGFFFACGDFEHBBHEBFAEBCHEFDBBFGBDXXGHHFFCCXCFAEBBAF
CBBDGDDXDEADEFAAXHXFHEGECCXHEDACAADFXXHAEXDXFAAFHGBGEHEEFCDFXECGEABCFGHBHE
DHXXBFFGAGXBDGGEDHXFCABHBFXBGBDXCDXBBCCHFGBDCXXDDGFEDXBCCXECFXEHFAXBXCHFHCHDDX
CXDEGXCFDXDDCFCHCEFXEF
FECFFXGDFADDDCAFDDCAAXEBDGEFDBEFCHEFHDDHAXXCDXAHDAABEGHDGFXHFFXEXFEHEXCGDAFEXEXDAAEEEDGHXB
AGCACBHDFCGHAEGDBFACAECXDB
CXADABDBFFFXFCDFAXBFBXAAXGGBGXHHDACBCCCFEXHADGXBAABFAACDCAXHXDBCHEDDXFBCXBBA
XBGADCDDXXA
CGBBADFDEFCAXAXFCFCAGDEFACGBBFCXFGAXXHGEXGFCFEDGAEABDXFBGDDGBEADEGHFEAXEXHHAHCHHF
XFEXAHGFHBDXE
AFFGDDDDEA
AGACD
HBBGXCEEXDEXEGDXGXXEXEG
GXBGHDEHFAXFBCEHDCXHGHHECHHBFGCCDADEDADGBBHCAGDHXBBEAEFAXGHHXAGCXACXGBGGGHADBGEGCBDXEXEBGGD
XFGEFBXAGGGEHABGCBCXHFCAEXBHDXADXEDGGCAEECFDGCGHFGGCFGHDFBGEHBGFAAHBXDCHXECXAFEGHAB
XGFXBBGFFH
DHEFDGCDHAGEAGHDECFBFACBXCDDGXCGACHBXDGHEFHDAXABECHDEDGDEHBXXBXXXBXBABEXHDCHDDCFHHXAXDGHXEGDBFCFCFE
HBFDGDFGDHCGHGXCFABBAAADGBGXBDXECAAAHHXXGXHEEAAEAH
CDCGXECXEBGCBGCBGECGCFCADDXFBHHHHDDAACDBEF
BBCAFCDHHFGHCGFXHBBHDX
EDAACDXGDACAGCGFGFFXXFXFHXFBGFDFFAFGGAXBABCXHBEBDCFAB
DEECAEHFCHXX
XAECXGXEDDACAXCEDHGGBFDXCDG
CHGCBCEAFGGGBDCHGXAFFFAFXXEAEXCABGFXDBFBAAGCFDB
FADBHACCAXGBADCFBXGCBCXBDECDCCEBDGHFFXAACHBGAACBXXEBEEXHH
GAFHXXDCDBGCAXFGXBHHHCXDDEBXBXXDCFHHFEGFHCDBEAHFXXBEDEXHHHACGXBCHAHXCFCXCXEXDCFFHXEGGXDHHXXBCFAFDC
XFHEFBFEXGEDAGXDCDXEFDCFEDCCGAAGDFCFDHXBHBEBBGCFADDXDHBBAAGGAFBHBADFFFFFGBDBEHFXBXFBGCEACHEAGAFXX
HHFFEAEXDEBBXDHDXAXCXAGFXCGFDGC
FDDAAHCEXBDADEXCBDBCFAACGGDCCDDGFGDBDHDFXFAFCBXFEFDGXEBAADAEEXXEHHEDEGGGBGEXDA
BXBDADBGFGEDADGHFDEFHXCAHCCCAXGE
CXGEGABHEGBXAGAEHAADXDHHXHAD
FHGDHGFCECBAHCCEGXBBABHEDXEEDADFEACCCBGDXBXHFEHGHBHDHADHBDDABCXEHHHADGHCAXAHBHXXHGABGEEHHDC
ACXXEXFHAAXAEFHEDDGFECHDXGFECAEGDDBCEEXEGBCFEXAAXCXEFGEXDGDFEBFGBFBAHE
XGCCDHCBDEGEHFDFAAGCHDXE
XXFAGBHXAFGFBDDG
BHXDGABCCAFXCGHEFGXABFAHXHDFECFCDBAGFBCCFEBXFBEEDAXCXDEFFBEEDDDDXFGHDDBXEB
CCBBBHHH
GBXCFGXDXGHFCGFGHHGABAABHEE
AFEBEDAXXGCEA
GHAEEDEDECADXFCHDCBXCBHXCFCBBDCBECBBHGFACHEHGAXDFAGCFDAHAXHFCXAACFGBCCEDXCEFAEDEHCFFFXGCHC
HECDGXFABCACAGDCAXHGCBECCDGHCDFHBXHXGXEDAFBEGHGEGBEDHDDBGAEGBGEBGEFXDCCAGAHF
AFBDEDXEDXGBBCBEDACXHEFEXGHXAXBBXXBXEEXAABFHECXXFCXFDHXBBXGECGFEBDDED
GHADEXABHDDHFXDBADCCDDXHGXAGEAADDBBC
CACBGXGEHCGFGAFHGCHGHCFDACCBEECCXXHBCXHXCDBHBGFGXGD
XCHBXA
FACFBDAHADACGXAGDBHXEXDCDFBGCABCHAHHHHCCDBAAXEGCFXXDEFCDCFCEBECAFFCXBDXBBFAC
BXEBXCEGXXFXCFFACFHGHCHEHDHFXABEACXEDGCHBXBECCGDCBGGCGFAACHAFCXFCHBEHCCAHEXBDX
HHEFXCEHFGBXCHGABEFGH
CGXBDBCGEGCBEACACGXFGAAEECF
BBFGHBEXXCDDBFEAXAXEBGXDAADBDGCCAEFFFXBEXEHBXCCDDHAHA
FGGBBGHGBFCFHHAFHAXDAHCXECXEDEDEGEHEAFEGF
XXACDECAXFCXHFFHXADDGABFCBXCCGEHDDDXHCDBGCGGAEAGDEXXGFEDAAXFXBDGGEGFHDHXE
CAEGDBXBCDBEGAFEGGFFCDXGGDAAAXFHCEAHAAGGFBBDHCDGHXGDXXFHGGEBXCXXGFCCFGDDEFFDXFDDAHFAGGFXAGXX
FHGXGABGAGFDBCEXCADXDFXXHXCHBGBXGHFBXFDXDHABHHFGGHCXXXHDXAXFHEGDCFBBBBCAHEXBGEXGGXGXFFFHGDXX
FCGXEEHXAGHGFAGGABDDGHXEAGGCXGCBBHXFBAAEHEXCGXHGGCDFBFGHGHEBCEHXDGXEHFBFXXCXGBBDFEHDCACHAHBABA
BCEGHEEAFCBCBHDDBFDGHADGDHHAFHFBFFXXADEBADBBGBBGFFDXXFCBFEXHCBGFBGGAB
AGAAEEAXFBCBE
ABHXHBAAHHXA
EXCFXABAADBDDEDFCDBHFXDXBHFDBDCGGGHGDXADGBBEFXXCF
GGEGDEXFGACEHCCDXEFEDABDFXXBGDCEFCGABDAABHHAHAHHAHFXEHXEBCAXHCCFEEABEGXFCGAHBFBCABGDB
BEFGBCFXAFCAXHEEHAFCFDBFHDXFGDBAFBGDGEXDACEHAG
AHECFXGXBXBCADG
EAGDFFXFHDBXGBBDHEAFFCFABFFXCXBFGXFXDGCEFAEFHGAHXBGDXHEBEFFBFHEBHXHA
ACDBHDHABAXACDXBFEXCGBABHFDEABCDDBHHHHFGCGCFECXCFBHXFHGBFCFCGHFAHAFHXEADDBBGFBGEXXCCC
XACBEXDXBFDHBHEBGC
XHACFDHXXXXFFGDXXHBDACFABHEHEFGCFECBFABDCBABDDXDXFDGAXBXFHHEEDDAEFBFGEBHGCFHFFBDXXBCEHAECCDGH
EDDHHHBXDAXGDHBXBCEGGDGXXDXHFDCGHHAXXDDGHBXFDBDCXGDCDCBXCGCAHBXHBDEXBE
DFBFXDBECHDDAAHFCCGHXBHDEXXBCFEAFDHCAXBECEHGEHHHAF
ABBDEEBXHCHGHGDGBDBCCXEHE
AFEGDBEHGFGFXCHXBBADFGAXHGBCHGEEEAXACAEGFFHBDAECCHEAXHFCHA
CBBCXXHHCAAEAADHHCDDEAFAXEAXFCECCBHACBE
DCADGCXHDCEXHBEECXGHEHACFGBHDDHGEDFGHBXXCHHEHDEX
XBHGAGBBFBCEXGGEADFCCCHXFHEBBEFXXH
CEBXAXCEXGAXXGAHXXCEGEEFAAXDB
EDACCBCXXBXBDEDHHXHXGEHC
DDAXBHGFGEFDFCBHFHGBCBDCEHEFHEBXXAGEGEGBABEGBGFDGGFGHDBGEGXAHADDEGAAFCDADCFFEBGBDGXAEDCDFCGGXEBCX
CXGCDDFFEBHBBCBXBXEXHXDXHAFDAXFXAGXHBDEAHXBAEAFEAAFCCEXCXAGFBFBXFCCCEDFDDEGGFCH
EAXHBCXCGBFFDEXFHCEDXAXDECEAHFXBGDBCCAXAFBXXFAAXAAXBHXDXAEXFFFECABCHHHACCXDFEBG
HXHHBDBXBCHHG
CHCBAFCXBFDAGEDACGDDGGCEBGBHDBBCHFXHHECGBXGXXHDCEAXFBDXHXAFDB
EHEB
BBXBFEAHXDBCXEFEXAD
GAXBACAHBBECEBDAFECEBABEDDFEEGEXBCEHGHHXDGC
FACAGFFDXADCFFDGEEEHFXDDBDFAHEBCAXGAXGAGGFDEXXCFCXGGDAHEEGHEHDEXXDBGXXBXAFCBBDXBDHGGXHDGGCACEFCHEXE
FBDCECXAEHAFDAADABCDHGBXGCGBEEEXBEBEXAAFAFHC
GXXCGBDXEDDXDGGDGAGDXDEXEAGG
XCBHCDGBXBEXAFEGGGFEBCGEX
CGXCFCBHCAEHDHEXDBCAFBGDAHCCBXEXFBHFGCEFCGEHGAAFEACDCGFFDGEDGHGHXAFDEHBFEDHADAFHCCAEGCXGBDCEHBH
XXDHBCXDDFBACDFEEBAGCDCHGGXA
ABCXBEXHGDGXXXGHCXHXCDFGGXXFDCGEXCEBHCEXCCEEHADADADFFGEGHBFXA
DCAGAFDAEXAGGXAFXXCBBEEHHXBFEH
EHBGGGEDHXAEFHBCCFXFXGBHDDEHHECXCHBDAGEABACGCHHFXAGXXGG
XXHGBXHABHXXHFFDXADFAFFDGXBGCGFEHXECBBXFCDFDXADGDFEDXCHAXAXBFEHFHGHGEAGHGXAAXXXFHAXBHBDECFHBXGEDX
AFFEXXBBDXAHHEGHHEHACGBGABBXBCCDBCDEHAFEAHBDDGFF
CFCAEECGXAXHDGBHCFHGHBFACHXDCDXXHXDXCEFFGDEEGEDBDFGBGCXAHHECDXBECFHCH
FHXDHGBGGB
CXEEDHGCFXDGXXFDFFFBEFXXDFHHFHBGGDBBDBHGFCBCDDDGXGCDFGCACGDEABCFXF
XGECBAEFHBAHC
DCDC
FHGGFCDFHDFHXEADGAGAFBGFADAGGGAGDECEDFFCDCEHXCADCF
XAFHAEADHXXGXBACBADHECADBGBCCFEDBDCAHBDHDHDAXEACXGEHAGXGFHBBFFDFGEAEGAD
FBDADFXDDEFXGCCEDHBEBBGFHECXCEHHGEBBAXHHDXCCXXFBCGEEFG
AFXXEGHGACXF
XDXDEHEBXDEGAXAHADAGDECEXCFAAHFCCXXEHEAAAEFHHDBDXBEHAXADXBAFXEXGBAAXCFCCAAEHEDEDGXD
DAHDBFFAAGXBCHXBHGGDBHHAAEFCBBEXXGGXCC
EGHHGFADEAEFAAHBHHBGGFGDCACXBACDEXEAXBBHGCHFHAXAXABBHDADDCXCDHEXXGXAXCCAA
XEHHDEXDXHABFDXDGFCBXXDXBEBGDFGFGXBGHXFABHACBXFFEEXDCBEGAXXHGHABGXBFDXABEHEEXFCXFEFA
CBBAAEECAXEAEAEGBEEAXCXGBFHDDEDDXEH
EFBCXCEDCHFEXDEEFXBAHGEGGHXHBBXDXXBAFDBFGGDDFGXDXCCGCFGXGGGXGDDAHADEHEEXHAGGECDGGDADXF
BHAGCFXGDXXAFADEXA
EXXGCCEHABXCBEFFDDEXHGDEGCXBBAXDEXHABCEXEGXXBDDXBFHEDXEBAFDDAXXFCHH
ACDCCBHCEAXXBH
HGBDBAHXEGEEXBBXGHDXFECGHGFAHGFAHXECHBCBEBFCEHDCFEXBXAFXBADDB
EHHBG
FGGXFXBAGGBGXFXAECEBAEGDEAFEFHCHBGDACAFABCBXEAACD
XAXHECHDHCGCABFFCGXBHHBAFEDXCGDAXGBDGFXAEDDHHEXFXFCXEXFFXCDFDEFXCHAXBXABCXDDDCBFCHGEHDXHGCCGHDB
XFXAHDBDEXAHHCEEBAEHHXFEXAGHDBGFCHGBEEFBGFFEHBFCFGBHGDXCF
CFCBFDCEXXDFFXFACGCCDXCXXACXDHHDFDHEXGBBECCGDCXXAAAXEFHCHGBFDEAHHGHFBCHAFHBFD
GXDXEGGDGEGFGBECXGCBGGCGHDFDEGFDXFXGCHCXBFCXCAABBCDFHXEEGBEEDCC
GFHXHFXGGAGAXCXGXGXEDBCECEEBHAXAGCEDDXFDGCHHGXHAEH
BEXBADFDFGCECFDHGXECXCCXHFEDFACDGGBDGAXAHAGGC
GXHHBFAFBGFAXEEGGHXHGCCGBHCCXDHDHHHXHEHBHCDEBXDCXCHAGDABGGEFBEXFGEEAFBCHHGBXFCXEXBEH
ACGCXXXFBAFHXBHCDGFDXFFBHBDAAEXADHBBXDX
XCHFAEBCHGAAEDCAXDBCBCXEXDXHFFHGGFEXHEAHHBAEDABXGBCDABXGAXCFHDCGGECD
GGHHEGBCGBCHBDXXBFBEFCDHXFAXHEXFHCGXXAHEGHHDXC
DHHEGCEXXFDBBECGBGDCDXBGFEXAECHEGXHDCGXDHGAHBEEHCBBXABXDCBGCCBBBFEAABCDDAXGCAXAHHADGBDCGGECAGXXBDGC
CBHFECGEBGXDGFBXFEDEHHCGAHDEXEAFAEHFBEGCA
FEXHBHBBBEGEHGEXXCDBEDBGBHAXAEBXAADCEDDAAGEFXCXECACGEFDGFGDGEGAXAGFCXDBCFHGCBXAECXDFCDEXXXAC
EHEEAFHGAXBCFAGFDDXEEAAEHACGXCEFBBDHGACXAGXHCEACFXEHAXHXGXFCCHAEDGEECAHXCBEXFHXDCAAAFE
HDXBDFXHFGGDXCCEGBFCHAAHBECGDFDFEGAXEXGAHEHBHDEFDGEFCGBBBGDBGCHAGXXHDHBBBGAXFXGXDACAEBBGX
DCFHGX
BXBADCFGXCCFHBXCHXEGXBECAGHHFDAGAAEBFDABXBXGGBCHFECHAXHBB
AGFFDXEGXCCHDB
GBHEBGCGACACHCXBHGEAGXX
EEHBDCBCGAXFCHGBHXHGHCFHHDAEBEXCCDHBG
CDA
AAE
HHGCCFADDADHXFHEEEEXGAAACDAADXEGAACFXGECCGGFXBXFFGBBFHEHCD
EXDGDEXHBXXCGHHDADEXACXHDCEAFXCCEAEBGBHGBCDXDGAEABXGGXEEBAAXHHBD
XGAABBEGXBHBEABAEAEBFBDCHFBFGBECDHBDHDADECHAFBXXBBEEADXCH
DDFGECD
EXFFBEACEFEGXFHFBGB
BFEABBBDEFDECEHAFGAGCGGAXDABBXFCBFEGD
FEHCXABCXHFCDDCHHDDXGHDFFDGECCDDGXEEXBGDEX
CGHDEDXEGCEHCGEEHFDHHXGCDBFGBHFBBXEXFABAGEFXXBAHEBXCAAGHXAEEFCBEXXDHXGHHHAXHFABXXCFBEHXXHBACC
FHAXAEHHABGHAXAAEFHXECDFCACHEXAHDAFEGCBHHCGEGXADBHBCCEEFCA
DFHADCFFFGGXCABFDCAFGHHXAXGXBXGBBBBGFXBBHE
FGEXDCDEGDXXFBEGXAXBBFBFFFBXHHBFEBXAHCXEXXEHFEGCBBDDFA
XBBBFFFEEAHDCBXBDCBDEBGDGXAXAHGEGHHGAFBCCDFDBXDAHDDXGCBB
