XDXFBBFXFBDHCXCDEGEDBAGXCGCFCXBDEFDADHCGCDAHH
XFCXHBDAXCFEBAGBBFDDBFHEDAGBXGAAGBDE
GEHGCCDBDXFFDAEDFAEXCFGAD
CBCAXGGGCBGDDADDGAEEDFC
ADXAEXCDGBAHEFCFDHCACFXBXGXDDEHFHFGCAEADXGXGFCGGFDFHGGEDEDGXHABXCEHGEHHDXFFBHAECCBCECFXBXDFCDDGXXA
CGBXAC
DGEHHXBXEXAXGAXGCXCAHFECFC
FABDCBABDDXDXFDGAXBXFHHEEDDAEFBFGEBHGCFHFFBDX
AXGXGADEEGBGEDDHHHBXDAXGDHBXBCEGGDGXXD
BGHHXFGDAGAHFFEDCCHXHBXHGEHEHXGEEFDHXGXFAXXDDFBFXDBECHDDAAHFCCGHXBHDEXXBCFEAFDHCAXBECEHGEHHHAFXCGH
EEBXHCHGHGDGBDBCCXEHEEDCXEBGGDGHGGFGBBEEEGHADDDEFFCGCCAXABAGHGGFBXACFFFCAAFDFGAACCGECDHGHAAE
ADDXFBBXAAFDXACEFXFXGDAFXGBDCXBAXHBAHFHBGFXHFHFEHACDCDECXXCEADB
CXXFDDGDDCGBCD
HAXBBEXFCGHHHABAFFFGXDDCEXGDDGDGGXBXDDHGFAAHF
FDAGBCXHCDAEDEBXBAEEGGDAFGEEBEBHEDFDHBEEXFACXEFBXEFGCXBXBEFCXFEDGXGBA
HHXABDXDXCXAFDCXDBXGDGDGCBCFAFBAEBBBAAHAGAXAHCCFGCGBBHBEEGBAGFCBXDGEXCHHCXF
DEEFHEGDAHFEDXBBEEXCABACAXCBFXBAEEXAFEADEAHDXFHGHADHCHAXHDEGGEACBFDDBDXEHEDCECXDFDXHEGCBAD
GAXACAAFABHACBBBGXXXAACHEDAAEADACDFEBXDXXHCDEHCXEEEAEAHGHDXGBBHCCXGHFCCGCFBFDDEFBEH
FEEXXGACFXEEFDFXFCCFXHCDBHCDHHBXXFCHCHHXCFBHECCGXCGFCXDGDBXBCDCGE
AFBCDECAFGHAXBA
DCHGDXECDXEGDBHGA
DCGGDHEDHFHDGCECAHEXBEBDCEEFGEACBEEHDCHBEAGCAGHECEDGBACDFCGECXFGHHBBGAHGGABHHCCH
GCEECBAHFAFXFAXAFFEC
GHGDBDEFDGGXHHAEFFXGAHEBHDDDGXEBXEAFAHHBDFDDEDFHGDCFDFDEHABAGECHAFGBGGGHDXHCHCGCCCGGXHCDDBBB
GDGFXG
FXFFHXGD
BDXH
CBFHHXAFCGHDFEEXFDEDGEEEXXECXCADEGCEDXBCHFXDXBGGCEXDABCAEXABHBCDABFD
HGGXD
DEHBFEDHADAFHCCAEGCXGBDCEHBHGEXGBXXEDABFFHAXCBADFEFFHDGAACGGFHFBFGFHECBXEHXEECHDDHXHCXGHEEFXDEDFDG
HCDADAXADDXHG
GHBFXAHAFHEDEAGDADHEAAHAFEBCCGGDBECGFBEGGBXBDEDFABXADHBHDBCHCBFBHFEXGHCEAFCEC
FAHFX
HFXAGXXGGGDDCBHGAEG
XXHFFDXADFAFFDGXBGCGFEHXECBBXFCDFDXADGDFEDXCHA
HXEBCBGCGFGHDFFGFXAAXXFCGADDEHFAECXDFEDGDAFFEXXBBDXAHHEGHHEHACGBGABBXBCCDB
EHFDFCXFEHFFXCCCFCAEECGXAXHDGBHCFHGHBFACHXDCDXXHXDXCEFFGDEEGEDBDF
FDHEXCGDDEDXBDGCXBGFHXDHGBGGBBFCHBFCFEGXCHAEXAGGXXAGXEAFXXXEHHXBEEXF
GFCBCDDDGXGCDFGCACGDEABCFXFXHCFEECDFEAGAEDEXGBDHFACGBCGBCDCCGFDHXFHGAXAXBEADFEXDXEBCBEHEDDXAEDBD
DBAAECBAEABFFXXHXGDHABGXFHADDC
BGADXFGBBBGAXFFEHDDEFXXDHDXXCDCBD
XACCXBACCAGBDXBFHBXXGXEDBFFHGHBFEHGHBBFFFHHAXEEFGGEBHGDXDFHGAEBBEXEDHABGBAGGACEAGDHH
XAACAXFDFEADCXGDABCXHHXXGDFAADGB
ECCGBCHXFBXEDCFXGFFDHGABDHDDGAFHFEBXBXGAEBAFFBA
AGCEDHBAHFBCXEEEAFHDFHFACXDEDGEHXGGFABEAEGXACCGCXDXFEHEDEBFHACAGGXFCHXXECDEACAAHADHCEBXH
GGGDFGBFXAXADXADDGCCEGEEHCAGBAHEEXBFABG
CFAFXXGADHCDBEEABDAAHHFCXHBCAGFBCAXDXDAAGCCHBEACFXFFGHGXHXADCDFXAXGHDAXDEHACFFGHCHDEXGCCEECBEGGCD
FEDADHEDGDHGEAGXFHECXCEXGEGCFCFBFGBBXGXEXF
XBBCXAGDXHDHXDBDBGXABAGBEFFHXAXBDECBDGFXAHCBXDEDDDBGBHXDCAEGA
HGHHBDEDFGHDDGBCCXEXEEGHHCFGDDCECBHAHBGAEGGFXEEAGBGHXDAHABGA
AXHDDXFEHAHFGCDXGGFECFDFGXAFHHXAXDXXCCFGEECBBEXEBECEBHBFBEGDHAHFXCFXBEDDBDAEGHAXXXFGEBFFG
ECCXHAFHBFFCDADGBHCDHHDACBCXBEBBFAEXXCDEBBXCAEGXAXHECHDHCGCABFFC
FECGEDFCDGBEEDFXEHG
EXAEFCGXHCBBAFFHHHBEGBXGECGDBFCAHBAGECGGHDDFBFXDFCB
XHDHFCCGDGHCBXGCDFBBHBXHDCCBBDEDFCGFHHXGBFDDDHEHDEEXFEXBGDDFGGGEX
DGAEX
HDXFCGDDXDEDEDCXXCEAADCBDCGBEACHFHHCHDHFDDFAAFAGBHDCFGFFXBEXHCBHCAXECGHXCACACCXFXCXB
AGCDEHDHXHDFCGBAEDBCBDDBBHDDFXX
EADCCDGDHFCFFCHFEAGHFBGCGHGEFEXEAHHFBB
GECGHEFBEHHAAFDFGXAHCBDDXFBHHFDXDHBFCGBFBHDHGBBAFFEDHXAFCBCFDACE
DCEDAEAXEBGDEHBGCGAXFDBAEHGEHBGCCHCHFBAHXHECBCCDDDXCBXXEFBFABHHCEHACHBDGFDGDDDEEXCHXC
FAXHDEXBAHEACDHBXEBFGXBDDXACEGBEGBAXXHEAAXDAEXFDFGEBBEECDGBFDXABGDA
BGHCHXDXHEBGXBHEGAHGDXBGCHBGECGEFHCXCDBFAHDBCXHXFCCXBCBFCXDBDDBHXHDFEEDXFFH
XXFBHDCGBCBXDFXGEBCCAHDCHEFGBHXHEXDBDBGBGGDHX
BFXGADHBDHFGCXDXHEXFBGGGEDDGDDBHCECEXHXFHGDDAFHCXHAHHDEABCDBE
CXADBDGHXBHXCDDHCGGACD
GFGHBDCCHFXBBXXEDABEBECFXDFXHHFXDXGDXBCHCFFDEGCXXGCXCGHGFEFHAGADFHXAXXDGEEAEEGFBDGEDEXEGFEGEHEX
GACAFDDHBCAHHGXHHACGGEADXAFXDAXHEAXXABEFEXHGFDBFXEAXXADCAEDFEHGAHHEXDADEE
HHAFAAHCDBAXBDBAFGEHAXCBCFEADGACXDXHHEDGADXCEGECFGHEDXEBACXDXFBXHAABCDEHFFBEDEXADGDF
DFXXHGFHC
HCDFHECEHEBHFXADEBDDGCEBHFDXHDGBAFACCEHGE
FGXDGCGCGBXHFG
XFGBXXFFAGHEEXAFHDGDBAHAACXGDABXEGHHBFFAHBXAXBBBXFBCCDHFCADXGCHFHDXHHDHACAHCCFBCXAXEXXHCFGGXGBDA
EXHCFXCBHFCDECCXGGEHHCCEADGFHAAXA
GEHGEXAHHAXEGCGABFDXEAXAEDAAFFBXAABAGFAEGHHXXBDCC
AXEBBHFDCBXFH
HCAFFCDBGBHXFEDEABCHGDXAGXBBHXDGDHF
GHCFEEXAAAHHEHGEGXAABGXHAHXAADHBXXGFDDADXAEDHEGFFHGEBXHBBCXGEFAFCFFFAEGDFDHHXAFGBFHF
GXFXCDCCXHDFEBCXXACGCDFBBFEABBB
FXCFDBBECCECBEBFADHAHHBCED
EHGGCDGEHADECGAEDHEG
FGXFGFCEGHXDBFHCBDHHDHCEXHBBEGDHBBHGBGXHDBGHHGDFFEDBCEHGCDBFBFHABAHBCFHDFGDCDXACHDDFXDHEBDBHXG
XDHFHCGFEFDFEBGHFHHCFGAFBCDADXDGXABHGADXAFCDBXGFXEAEG
XHCFHAEHDDFHFBEHDXAXBFXDBHHBDCXCDADBCCCHFEEAXADEAAFGGEAGFDBAHHBDBFCEBCGBF
BBEDEHBEGBXCBDFHAXXDCBCCAHDGEDCBBAXDECXFXAGCBFEDHXXAAXBBBFFFEEAHDCBX
HFECFDBHGHHCACGBBXGGFXCDBEFHDBDDFDFHGFEBDCBCEXHGCCEDDGXGXAFHAEDCDHCXCDAAAGCCCXCXEDBCHXEHX
GHXHBXGXBHDDHAEEAFXCFXBFDCFEAXEEA
EGCDDHECBCGDCDAFBFDCAGECXFEDBHXGDGGBXXAGBDGXHGDCACGCBDHGECXBADEHCD
XFBAAFAHHCHECGFDXEXECHXGDDCEXDDFEBXDCHGHDFXAFFFHFXCF
GHEFBXBXGGXHFXHGDDXEFBGHFXDBBGHFDGXDHEFBBCDBXBBEAHEFGAEEA
HGAFBXCFBBEDEXFDEBGHHXDEXAHDE
DBHBEXBCHADGEEEHDFHFCDDGH
AGDHXCXEFGHHHXACGBHEXADAFCFBXDFAHXHFEGAEAAECXAACXDXBEDHHFFAHGAHBHHXGAADAGEGHBXHAXCCHAXDA
HCGHDCAHBFBFXBFEDFXGAFGX
CBXBHBCGFBBFHEFXDC
DDBHGDHFFXAEABGXEBHACGBHHHDFXHXEDXGDXBXXAGAHXECHAEHABXDAFFBCGXXFGDFFHGDAH
FGAHHHGCXAFBAHDXDDADCXBAXEHFEEXBXGHBFBCHDBEHAABFGEGHD
FGFEABHCHEHGEEDAFBBFDAFFHCGGXFHDFHCXHXABGGECEDEFXCDCDBHXXD
HFEAHADHAXXBDFHEDCXHCFAHAAGFEDHDBFHXFGACAHFGFXDBEFDGDAHDFXDFBGAXHX
BAGHBXCHAXFCFGXCGHEGDBDDCHHHHHCHAGCGCABBGACBAHHEEAGEFGGGGHXXHCF
GADEABEFGADFCHCGFAFBCCCAGXGBFDXGGHHCHFECEHCACDBECFXFCECBC
EGDAEAECCGFDHHXGHFCCAAEBEXXFXCGGHGGDGBDAAADGFDCXCACDCAAEXFEHDHBDEEXAFCDHAAXDCXCHXC
AEGGEGAEXCXBBDXXGEGCCBGHCDCADDXEHDGAAXXGBFBBXXXHAAFHGXXXFDAFFFXFDGXHEFBCXFCCDHAEFEDHE
FHXXEGBBEFBGAFFXGHDFHFGXEFFGBGHCFHHACGHFXAFADXGAEFHBHHEX
BEDFXXBHGDAGDEBHADXXHDCGEXFDEXEBABBCGAAGFD
GHCAFEEHGFAEBAAXBHDDCBBBCCBCDBBGEHEFEXXDEHDCDCABB
GFEAHDXAFDDXEDFDXXFHCDEXFGAHEEDDACFGHHEHDEFEDHCGADXHABADCGDXHXBGHAXC
GGDXE
CHDFEEXCADGBGBBAXC
XHAECDXAABBXHBXDBCXBBDXDFHHAHEABBCGFDXFH
EFXGAXFECDHADCEEABFAGXHBCGCEHHAHXCDGFAXFDHBDHXDAE
HDXBBDACBCGFDHXGBFBBBDFEXEDDCXCCXECFHBCEHABHXCFGAGXHEECCFBDDXAHGEDAAEDAAFEHEXEXCXHFCGXGBAFEBXAG
HABGCACBCCBXAHBBEF
XHFFXXBFHXDBFGGBBBCACFDXXHA
CDEGCABBXXXAXDEHFHAFGFDCDEEAXFEBCAGAADGBFAB
BECXXEDHCDDH
FCCEBXBBFHGHGAGFHDDABACFFCHBFCHCEGADABXEXEE
BXAEGEGHGCXBCHEADDDFDGGXFXXFFXFXGEHAFHFFHFEBHBAGEDXGXAEXGAAFEXABCFFDEBDGCEFCCHBEXXXFBDGXX
XCBDCXGEXFXHABXAFBCCFGBAEACECDECGFXGDGABEGFCCAXXXEHAHFAC
EDHHXHAGEGXFDFXADXFFDFXGADFAGBADEAGXXBFCFCFEXGDAHCDXDFAXBHHDHEFGHGHXDGEEHX
XXAHHHEXBDBFXGAG
HFEGEXAHBXEBHEFCFC
BAEADBHFGDXHFXCXBDXEBEAEHFFCXHAXDCBBXADXBEFGHCEGBBDFCXBXGXFFHHGBXFFCACEXDAB
ADGEEGEXCXBBFCXXCDABXXXGGEDDEXXXCFCEDECCHAEDCGEHEDXCGC
CHDXAXAFHGADCHEGAEBBDEHAGXGBXXACGDDAHGFFFEGHBDAGGEGFFBFBFDHBBHXDGCDGFFAFACBCAAGBDCCCDFHBBDHAHDHAEAX
GGXFAFEBCCGXXXHHBFABXBAECXGHXHXGXXFHFEECCHFBCEDFDGEGHECGAEEXEFAX
HCHDGCA
ABAEDEXXFHABHCXCGFDFXAXBHCBBADHFDBACG
HXAXDHFDBHGBXCDXXBXBBXGGHHDEF
GXXDDXDAXBCXBCACAHADEBBFBEHXFEAEABEHEGFCAFABXHBEXGDEXGBCGCFGAXEFABDEBHEADEEADEBCXDBFFCFGEBFCA
AACDECXACCGGBAXCHXCDEECCCEFGDCDABXHGAGCEDBDAHGH
GDEBGEFGBHCFFFBEHHXDGFHCFFDEXXEDHDGFXEFBXDFGXFAFADFGCCGACHDHEDFDCHDBXXAHFFD
CCHE
DDGABADXFXACHAHAGDH
FBBCBECGFBBAHDDFDBBHFEBEXBHHEXDGBGDDEADHACAFXCGFBCCEXG
DBEDGXXFCCHDGXBDHGXCCGDXFCGXCHGHXFEFDXCGDEABCEEHDDHCFHCBEXCFGFAECEDB
HGACFDDXAXCXXXXGHHXHADGBDGEEADAXHHXDAEFHGXDHEDCHEBXGHHBGBXBBAGBXABCEFBXADGXGXAXEXEXCCCXGXEBEFXG
CCAFXDGHFBCGHHAGHAFXHXAAXEGBFFBGDEXCDBCFHGBEDFAFEGDABCFAEBEBGFGCHXFBXCXABBAAXADGAH
XGXGHEBXGCFDHGFCFCGDCFAGXXGFHCBXE
ABGAADFEAGFGXFDCDHFCGABDGCXAXCBDEHDXGHGEHFHFBCXXXCBEFXHGAAHCBGBAACEDAEBBBXE
DCCXBBDDACFEAFFDCBHBBFGXEEGEDBCBAADAXDEBAAXFCAFGFADEGAEDGXXGEGAXBGG
XDABEFEFCCDBBHDGHCFHEFFGAAEAXCBXBXAHCEEXAAECEAXACGEHGCH
GHCBABCFDACXXAXGXBGDXEHAC
HEXAEXCXHACE
ACXEGXHGFAEBHFHGCEAFEHEECXHGXAEGGCXHXHX
GBGDXXBHAHFCHEEBHBDFDCCFHGFABACBCGCXDDCAEAEDAXFEBCDBABCBXADBGABADCCCCDBFCXDXHE
BCBGCAAXXXBDFCDXAHBHXBEECFHXFHFGDGCXXEEEBGXCDFDGGXHHFAF
XEAFGFCECFFBACHEBCDBGCEDXHAHAEXAEAGGBDXHGHGDBDXXHCHBFFEGCCFDBHBHBABAGEAHDFGGHFXXDCGEEAAXEBECHDEHXA
DADFAHXXEGBAXFBFAGDFEFG
HCBHEAXCHBADDFBDCFFADXCDCBDCXAXGFDCCXHABHEAEAFDEDHDBFEHBXXCAAGFDFECFEHGGHXXCFXCDEXE
CFGXGBCXFEHHEXHXCACEAXHXEXACBXFHDABHAXCBAACDFDXCCCEFXBACHBEHBEFBHAXCHEC
GHCAFDDDGBHDEXHCXEBHGFHCFDHEGBGABDFCHEDHHFGDDEDBXCGAG
XCFFEGCBCBCBEGFXXDFCXACGGFDCBCBHFBEEBGBBECBCDEXHD
DFAFEBGA
GEXGXBACEXXAADEAEBABGHADD
CFCXAFGCDAFHDE
DADCADADHXXXHDDBCADEXFFAXAHHGEHFXHBBXHAEACGEFFBHAGFCADHFXGDHBCGEXDFDDHGADXFC
EAEHDAXGGGBGDDDDFHEDDEBFHD
AHEBAHECBAEGFHFGGFAFAXBAX
HHFDXCGEFAAFXHXGFAEDCEAAXHDAAC
FBXDFCCBABACEXBGDACBEAAHFECHFCECFEDAXCABFHDXDGXEHGFADBFXDEAXDGCEDEF
EEGHHDEDCBBCXBXGFHXGFBGGECDBEHCCXXHEGGDFAXDHABFECFDCAHHCHGXDECDCGCEGBFHXAGEGGHXCXXGFEXXDGXGEHEXFCAA
EXBEAHEGBDHC
XHXAGADDGFFFAFXBGDGAABAHACFFGEABF
ECCFCCDEGFXHHFHDDGXCFGDCCAHEGGFDBAGAHDHHCGGBEXDGADBEEAFDHFFAHBXHHXDBAHAHCXDCCFCGCCBGE
BCACGEHXGBXAEDGBHFADCBDHCBHGBFAAFFGEBAFAECXBXGBBAFHDDGDEBGCHADAHBBAAXXDEAFCECDACC
XHEGEAFFCGXEGBDEGHCDAEFAHXFCAFXCAFCBDCAHBGDAEFBFDEAGGXDAGFGAXFXBEB
HGACXABEGCGDBEGAFGXXFFGCBXGBDGBAFABAGXEDBBGBBECABXCAXCHBGCBABGBEEAX
XEECBXDBXCDGDEXXAHEXAFBAAGHGFECEBXGADDXXDAHGCDGBGAXBBEXE
XCEXXEXBGDADGGFH
FCFGHDFEEXAFGECGXCFCAHHAXEGEGCGDBEGCADGGXEBGEHXAAXAA
XDCEAGGHXDGFAACXADBFCXXHCEHXEDDXGHDEGEXBDEDDBGGFDBAGXHXACBCFB
XGDBXEA
BAEGADXECGXAHAEEXDHCDEGCCECBCDAXCEAD
HFCDBEDADBGDGDGDEGDCXBDADFEEEFEGCHXEGHDXADFGBXBFXDXHGBGXBEXBHDEHFXGG
XDBGGGXADEG
DEHAXGFADXGFCFXDABAEXDXAGBGCEGXGDAHXXEAEDXAGFGCBDBEXAFFFEECGBFFFADEXAEXAXBHBFHXBFCAECBCGAABDDAEFAF
HEEGHHEHXFDBGXHGFAFFAEDBGBEFCDHBCHEHHGXXGDGCXHXEECAECEBDDGCFDDBDGXGABABDAFAGFAGCFHBEDEBGXHEXGH
CECBXBCBXFCFAXAECHEAGBAFGEHHGBEFFDGXAHDECEGDEXXAEECAAXCHEEDBBXGXEADCFFHXADCFAEGEDFXHFAECXBFHAFXEXEH
ECEFAAEFHXHFCGCXEFBDACGHGCECHDDXCXGECDCDAXCBXHHCAFGXXACAFFBEXAXCCDBAFGBXFEXGHXGH
BDHHHBXHXBBAGXXBBEDEABHGGECEGCEXFGAHABEGCAGDHFCFXXFGEEFGXHAGGDCAGXFHCCFDEFAHHCEDGXHCC
GXXEXBXBGFXAFHDXAXGABGBGHHCFGXEFBEHGXBBAHXABEBCEFGECDECCEECDGBDECGDXBFGBEADBFFXXD
EECDADFCAECFADHGEGXBFFF
DDXAXAEXAFBCECBXBEXXGCGDXCGFEEDFBCDGGFBADHHBFXFB
FCEAAXFBDXDCBAAAFXBEFEXHBEFHECBAFBHHDDCBFGBXXFCAAXAFGXAXAEGAXDDFHBEDFAAGCDFX
BHEHHAXGBXFHACCBDBBDFBXGFCBCXCDHDGBBHXCXGEBEBEHDBXHGXECAEXXXEGHCBCEG
CBEAABCGDFFXFXHFHXH
FGXXGBGAXFFBEHGAXBBDAGHEDFHHECBBFFF
EXEHACBXHGXED
EDHBA
EEHGABXGDFEFHGDCXBGBAGHBFFGEXDBAB
ECAXXBEEAXDHGEGCEDHFBC
HCHHGGCHGXECECCEDDGAXEGEGDEBHXHGGBCGGFAEEAAH
ECBDADCEHEDHHDHXCFEAAFEGFHEEB
BDDFBHBGGHAEDDDHEBCXBHHDDAGEHDFEXEEBCCFDXCGGGXGBHDFGEDACDBCBDDBDXHAECHDEDFFHEAAF
BCCFFAEXHDDXBXEEEBFCXXGXBEBXXGGHCGBCDGXECXXBXBHEBGAAXXFDFGBXBCXXCEEFDCDFFCFCHFDBCEEHACBGGCHFDEEXDHB
BHEDCEXCHDEBBAFAFB
XCFGXECXHAGEGDXFBEHHDCBDAACHDXXBDFEBHHFHCAECFFDCHBGEDGXFCHDCBDBACDBAHADXBXEGBDXFEGBGEXB
HFHEBAXBGHCFDXXDHGAHDBDGAGXBXCEGCBDGHCHHCHFGHEBDBCXAXBEFHFBGXCXEDEBGEEDAAXCFAXXGXBGXBFFHC
HDDEBDCEFFEAEXXBDBXACGHHGCBGGBAXDGAHBFHEBDXHACHXEEC
GGCFHEFFGXGACEXBCEABBBFXGHCBCAXFXBFFAGEEDXBGCFDFDCADAABEEHEEEFHHCEHCHXGXXXACGCGHE
BDDCXEGGXAAAACBXGADABCBEEBDCBGGCDHBXHHCCXCBDGAXCCFHFGFXEC
DFABFXXFXXHEXXGABBBEFHXDXXBGEFDFFGECADDAEBFXAEAHEHCGHGFEFFAECDXDAC
HBCHHHXFBHEAADDCBHCFCXCXCDFAEBACGBBEBCFAXEEGXHGADDGCADEHHADBDHDHEXAXGBDXHDFGEGCDDEDAEGE
BCXCGEFDDBHGHCDFAXFBFBBGGBABDEBGAEFXHDDEDEFFF
ECHGBXXCGXBDGXHEEBDXFDABFXAHAAHCDFHDEXHEDDGEHADAHBHGX
AGHFFGHEHEHCBAXCCXDXAACBEDCAABD
GGFHGFEFXXCHCFEGBDCHAXAE
XXAAACHBFBHADCBCECAXAGXXGFXCGBHEEXHEXAGBFCHDFHXGHAHDADFGHXHXEX
XHAXX
BFDHB
XBACDXXHFHGGXAEEGCG
DHHAXXFDADHACGXFXFCFGACGDDXAGDHGHBBDXEEDFBEGBAHBFAHXHCAGHFBXXAGGG
EXCCCDABCHXEDBHEBBFHD
CAAGGFDHFDXFXADHEACFFAHDHCGFXEDDFG
AEFACFF
DECEFXGXDXCGHCFEDEXXFHBDCGE
GDAEHCAXFGFCAHDGBHHGACCCBEBAFXECEHFEAFGCXEXBFXAXGBGBGFFEBFHHDCGDEEFFBBHEBXECAEDEXDHBAFDAGEABHHHXAXF
FHEC
AGHCDFHCXXDXDCDDEFAEBDBBDFHXBDAFFXFGAHBDDFFACBCAHHHDXAXEDACBFFGXEAE
BHCBEXDEHAFAEADGGXDAABHAFFAADCAXEAEFHHHFAFHEFXBFCH
GGADCXAXAGAACECEXDHBCCAFDCHGFGHDHGFBEXDECCDFXCGGFFEGHDAFEFAAFBEBGXGXBFXECECCEGGCB
FBGAAHDDBCFACGCFHDADBCCHCDXHC
HFHAGAGAGBBGAADBDGXBFFCXXCXEXDCGHHBECGXFDHGGCXCXDHXGHACGECXEGAEFEHHF
GFGCCDDEDGFFEBCBXBCCBAGHBADGGDXDAAFDEBAHBFFEFABAEGHCGAXDHFGDHGDXAAXXHXFXHEFBADFHHACCEGFXHFBEB
GGAAEHHXBCCHDEFHAEACHDGEEBGCDFGCFXCEFFECHECBAGXHCFGABHFCFBXEAFDCG
FAEGCX
XXA
FCGCDEHEEAHHFEDEXXXABXAHEEFGHCFGFEEXCXE
AFAHHEHFAXAECGDXBFHGABBGXXXF
EBCDFXAGG
AGFXEXEDAHCFHDFEHFDCCFFBXCDHCDBDHXCAEFFHHFXHFHHHEFADAEXHHFDFHBAHHFEDDHGF
BBDGCGADDEFFXECCDBBCDAXDEXHECXXHBHGXHXAHAGEBGCDHDXEFEDFAFXEDEHHAFCBDHCBBGDEECABAEHBFAEBHDCEH
GFDDEXDXHAAEEXAFCHCCHGCFCDBGBFXAXGHEHDHHXHCEBEDAFFDDDBCXAFXXHCEAAFACDHABFFFAHXHCGADBAE
DHEAHACBHBGDDFFBGFHDDBBFXEEDBBXECECBDAEGGA
HEDBHXAFCBCAEAFCFBGXGXCHCXFFCBCXDXDDBFEGACHHEBABFDCXXHX
CEGACCCCDCXCFEGEFGGBFFBFDFAFCXDGHGCBXAEHGGEXXDACFCD
CXEEXBHAGBFCDEHGADHBFECABCGBDGDXXAHXCCFDCCABFDEXECDBGHGHFFAHDAG
XADBADHDCCDXDFDDDBABBFGGBFAXHAXACFEEFCXAFFDBCXFFBHGGCFHFBFHXCAACFCFFHBXXX
HXCXAXGGBCGFHFFXEFEDFXDCEHABH
CHGCBACAFAXXHGHAXAGBDFDCHGFXFHFBAAXABFDX
CCEDHEFAEDCGX
HXGEDDBCFFFFCCFDGEX
XDBDACACBFEHFXAGDCFGCEBABXHABDCDDC
GBFEDBDEHCBGBFFFBBFEHXHBHXBCFGXXECHCHEGGXHHDDDXAGCHAEXCDE
AAHEHFFFEGADBCB
ACBFACFXFAHDHAXADGGFDGHDHXEAEHBCGCDABBCGHACG
XFAAHHFFCEHCFHFCGFFHBCABAXCDHDDFXCCFXGBCGGFA
EHDGXEGDHCDADBBAAXBBGXABXFHFCXXC
EFGXHDEBXCCCAEGCDFGDAAFAGAGCBBAXBBXHABGGAHGEXEADECABCFBBAFFBEDCBEBXDHXEGEAGGXAGXAXAAXCGXCXGC
GGGCX
DDCEXCAHCXHCABECEXFCEHCCFCGXXHDBHHCBECAAGXAHGDXAGCFCCBCFBGCCBXBDDHHHFBCEFAFAXCHXC
GGBEDXDECEACHEFXBDGEACFBHEDACHGDCXDXFCFBHHDCFHBXFACGXAHXAGEFFDACC
FGFAXHFXCEEXEXEFEHGGFAHBCCBBDHXABFXBHCDABCHAECDEBDAEBGXHACXGXCFDADGHBXDDDEDGBBDXFGA
CHFEBXDDEEXGEBDHXEHHHEBFHCADCXXADGCDADCBEFEXBFXGCFAFCBEXHFFXBGXAXAEAACFAG
BDGHCFXFGGXAAXBHB
AXEGBHFGHBXBDCCDCBXDGHXXXFGAGBCXFDHXFAXAHDADECFBDBXFHBHGBBCABCHAAGGGGHAHDXBDDGBBDDBCXBBEFCAXDBA
XADBAFFXCAGBACBCCCAGGFAAAXFDDBGDEHHHCXDCAHFAHXCEHCCGHBEGBBXCADEGCAGGCGHXCAXBDBXEEEDGE
ACDGGBFEXGCGDCAGBXAXXADBHXFHHCCFBBABFHDABDFBAXCDCGAGXCCG
XCCFEBECDCBDXFXBHFCCCXDGHCABBFXGAECDCHC
EBXFBAEGCCFBHFXCBBFAECDADFDXDADBAFFCAXHFEEXGXEEBGGDBCDEFGAAXDBECXBFCXDHDAFFABBDFBBEHHHCHFXAFADE
DDHBF
HCDXBCBEAECFAEADHHGEABCCEXFGBAXHEDHDBXEEAHHCXCBAAG
CBHEDCDAFDHB
FADDBCACXFBDCEDDCAGGDXCDGXXAEEHBGFAXGABFCC
EHAXBXXCEBDGDCAGXDXEHEHBCBBBEECADDHGFFAHCG
CEFBACBHAGXABDXFBCXCXEBBABFAABHDDCHFEAADFEXHEBDXBEFGFBGEGECFAHFBGFGADAGAAB
GGHEHXECFBHFEBFGXBEACXDHBHXFDHCFCAAGEDXEDXXHBGDXXDFDXFEEADXFGHGCCGXBHXBABHFFBFXEDXAHXXCDBX
BEADAGCAFCEFAFGCXDAEHGDGBXFXCGAAGGGCFEGACDEXDACBAFXGEFFFBCAFXXGC
CEECCAFDAXHECHHFHEGBFDBCCCXDGFCHBHEEXDXHACXXHDD
FACBBDGFACXEDXBEBXHBEFCADCBHFFA
CFBFBGXDDHFXDXHFXGBCCCGBADEXAEAGG
XFDGFHC
BCCBBBEAEEDCCDGBCHXXCCXGAFFABFCHDHFACFGXXEGHECHXHFXABDXHAXEGDABHBCCEADG
BCGCAEFAACXEHEFFBHDFGEFXHXFFEEECBBFDGCEDGBHACEDFCBFBGCHXFCAHXEAXHXFAGDBXFXABX
AFXXXFHXAXGXGCFCXX
AHAHXXXAXHADCHGGHXBABFADEXABFBFXXEAGDACXCBFHA
XHHXCBFECDBFAEACHCXFFGFCDADGBGFCBGADHDAFGXAGGHDFFXBCGAHBHAGBAFBXAFCXGGFXEXEX
EAXAHXBAFGXFGHXAHHBFCGXBXGHGBDHCCEGA
EGADXDDAHXEHHBDBHXXEEF
GABDACXEADHHGCBGBEFXCAXFGXAAABXHHAHADAAEXFHAFDFHXEADXHHFHAACEGHAHAFEDAABBABGEHEDXXDDXBBXXXCGCGG
FBBBAGBCHXCDBADFBHAGHEBFX
XGCXEAFHAGCBEAGDCCCBBXBXXEFEFBXBCGDAXBDGHBCAX
BHAGXACGXXDEXXAFCHXXGGCGCGFGHFECCCBXBCCEECCDHEHFCEACAFHXHHHGXEDGCGDDGHEGGHCFFEEEEFDABGDAEDDXBCG
HBAFCHHECFBFFGHDBHDHCFFEHHXXBBDCBADBFCXXXHDAGBABBGDFEGHCCACXFHAFDHDBDA
FAXGGDFCACFACDFBDHBEGEXDAHEFGXGBACFHEECDCBBDFAHXBFBGGFDCFBCXEHGAXHCAHFB
EAECXEHFGADHDDDDFCGCDHFAGFEFDA
DHGHHHEEDHFDECAGEEBHCXCHFEGBXGCFGBBGDHCCGGGHGBBXEGEFFAGCAGXDGXCCBBGFGXAGFXE
EFXADABEHGCECHAGBHGBFHXGDAFDXEBGGHFHXAXFXGCXCCDDGD
EGEEGXHXFDBXBFFDEHGGCDBBBDGGHCBEGAAXBGHHBEHXGFFBBGBDFEH
FACGBADHCEECGFXBEXEEDXBEHCEECXAABBDDECBXDBBXEGXEAGBGEAFADFACFBXHGGXXEFHGXEBGGXADA
BGFGXCAAFBXCFEBCGBDEACXDEGBCHFAGHDCAFXBEFEECGCAECXXGGHDHACBEEDXDCCEDDHFHDXDDBBEGXG
DAADXXHXGXDDCXDDBGDAGADHBHGEHHAHCDAECAXFDHECDHGCCBXXGEEXGGHFAGFCCFDDCAFEADFADGGBFBEFAD
FGDFCDEGAAXHFCHAGGEXDBAACXADBXDXDDBGDXBADGEXFFGBXAXHGEFFXADGAXAAACHH
BAGEGAGEDXACGCCAABEXBXXHHFXXH
HAXGGGBCEAHFFCDEBXGFFBXCBCCAFGGGFACHHBCHXXDDXCDDHXFAGFGBXCAGBXGXBAHBFGC
ADGGBGHB
GAGXACXFGFHHXHDDCEEDAFDADACHAHHGXEHEE
GAFXCEFGXBHCDDCCAHBFHXXFGBEB
EFGXFXDFEGHX
DHAHAEXABBAXAACDXFDFAHAGBGXCXHFXBFBEDEEBDXGACCGDEEXCCDHEXCCGFBXCEXECBCA
AEBEXDECCHHAAEBAXEGXDDABGBAHCGFBEBFDCGHFCHEBFFADDGHHXGGDAEEXBDFGEXCEXBEAECFXBFD
EFCCACCDEXCGFCEXXEXCXDBCBAGDGAHXCFFABECCCBDDGHBDGXAEGDDAXEHCBFDGAAFFDCGEFXDHBEDXAGEEHG
XEGXXBHFBXCEGAXEHBEGXBAHFXHFDGXADAEAGHBDEBFC
HXFGGAEAHFAGDXEEXDECBBAHDXBDCAGFECFEEDGHABCFCGGAX
HEHBGCDHDGBEACDFACEXDFCFHGHFCCGEDFFFAXHEGGBAABGDGHB
DCGGCXBGAGCCHGFXGXXABHDAEGXFFXXXCXGABAXAXBHBHCGBD
DCFDCBBX
AEGHBFBAGFEXDFABXFFFXXEEDDBFGCXAEHGHFBEGHDGF
XEBHECHGBFGEDGBDGXXADAGGDAAAAGEEHGGCCHBFDAGHBHXXCCEXBDGBHECHCXAEHHAEHXXEAHEBGFEDHXHGCABHDBXCECXH
XXEABGFBCCDBHAXBA
GXHFBEHAXHAGGHXBCCHECBGAXXXABFFXBDHGEEBDCGDHAHXBCXAFFB
GGADDGDCAEXEDXHBXHEBCXDDBGBCABGB
XBGBCXDEBHBDCHHDFGXBBEEBHDCGCDADXXFBEXBBABDCAFHEFEDBBXBHGABHEXB
HEBDDGFDDAEGXFABAAHHHBABDGHGCGFFAXFGDAAXEHDEXDDDDAECFHBXBFDBHFDAH
EBAFDAFHBXFFCECGXXFBDDDFBDXDEXHBX
HCBF
FHCHGEBECEGHBGEFEHGFXXAGDFGDECHHECXDXXBEFACFHXHABBGXDFXB
GGCGXFEBHBAGDXDBAHBBGH
XFGGGCHCFCFFHBHDCCCGHB
FXDBAHEXEXBBEXFBACBDXGEFX
GDHEGXACADDHGXXCFCGCDEBABXFFDCXFHHFHHCDFCDCEB
CEDCXXBCADXAAXAXXXDFXDGECHXFBDABCAHBEEFAEXEXEFCDFGCE
BHFEBHGACEXBGHDFFCFCBFCDHAGFHCAXGBDBFCEFXDBFDGXDGGCXXGCBCEDGCFFGDCXABFXHHDADCCXBXD
DGBHXFAEDCFXFH
FDBXHABFXEFEDFCCFDXFGBCCAGXECXXDEFXGCDEBAAEFHXXXAGACXBGFECHBXEGXCA
BAABHFEFGCAAFAAGECCXBFH
DXAABCCCXBECAHCXXABCDDFXBCAAAGXGXCHGEGDDFAGFEGFH
CAAGHFEXAXBFHEEGGBFHFXDFAXACADXHXAEXECGAXDAFCX
HXGDDDDAHHEBAAFXXEGBFADAGHABHHXACCAGCEFD
XEXGXEHGXXDGCEEFGDB
XXEFHBACEBXXCBXCCXFAFAEAGCDHBAXHEDABHAAXHBDCEHCDDGGHHHA
XGCHCDFHFEHGHBFXDHACDGCAGBEXBAGHHBGACHABFFEACGBGAEXXAEDCHGBDBEEEXAEFBBDDEBGHXA
GBFFXCGBXEAECEHFAFBXHGXGBDBGEECEEBGEXXXBHBEBCACBB
DGHXCXAFXEXXHBBGHDAGFAEFGBHHDHFFXABHXEEXXCEAXCHCDBXGBHXCX
HGGXBDCXGACDACFAGHBFDBDCFEFACACHEEBDEFCFHEXBEEDHGXGAGCBCD
HEXXGCCGCHXEEGBCGBFCCXAEFBAGBCEDHFBABFBFDBGCGCEHDHGDGXGHCGFECGCBHCXHXGEGEGFFX
GXBAGXGBHDAGAXDCEAHFHAHEBXDGFHHFFHBBADCEFCGAGF
FCEBFEGBDAHXGAEEEGGHBAGDBBEDBXGGABCEFXGXDCCEDEXHBGAACXBXAFDEXGGHCABXFBXDHXADADFA
XHGEXEXDDHG
HXCXFCDGXE
XDHBXCABXDCGCHEAHEAXXFGBEDEXBGBEDFAGCBDGHAFFADXBDBFGFCEDABXCHBAACABGAGXCFHGFADCDFCXHHFGBABFXCXXHH
EFAXXDDCAAHXAHGGEGBFBBFGHFAXXBXGADDHGBFDGBECCHACHEHCBXGACGBAAHCCHEECHBXGAHAFFDBC
AGEHXFCGFBBDGFCEEGXBEBEBCEGEGAFF
DHFEXDGHEBFHEXBDAXEGACXHHBDBAFEDBDDAGHXFFABCGXDBDBAGFCCCDGCEEBAAFXGX
XAGFHHXBBBXFAAXXCHCGCDBGECCFFXDXFGXDCEXEFCGDBXXDGXEDEDEEFEGXFDFDAFCDAFFAXBDBGBDFEAHHFAADGHFE
CGEFFXHXBGBHHHFFCHHEGHGBXEHHGXDHBHFXAD
FBXGGADAXHHAFXBBAFXDFACGCCHAXGCXAF
AXEXGC
XFXAFHHGEA
BAHGFBAXCFGGFEXGXDEAFEEXFCGCGHHGGEHCAHFAGDDFCH
BXXXXBXFCGCEAGCEEXEBBGHHXBG
DHEAGBAXEGBCDFACAAHFEFFGCHFBFBFEHCGAXBEHHXC
BDHXFGHFAFCFXXGHFHFCHHFBCAXXCGDGEGAFHEFXDDBADCFHCXBFHA
BGHBGCBXXAXHCCBXXADGXEFBEGXACCHXBHXFFEEEHHHXAGDFCHGFHAXCXDXACDCHFXDAGBXFBEFABXBECXAXFHA
FCBABAAGEHCFEBDDBFDXFXBGBXCXGBBACACEFBGFCCXDGHCGXXFAAXHXXDBAFCXEXGEGEXFFGBDBEDEDAGEFGXG
XBHFXHACXEDFGXEXXEXFCDXCHAFXCGXXCAFBX
DGDGACEEXBXBDEEXDGECHGXEGFHXGXFAB
XXGCCCEHHXFECFEEGBEBABFDAABEXBBFXFBHEXDXDDBEBGBFXXDDEFHCAADAHBFDEBGEFCDCDXGEEECCBDDBBBCXXD
CEXCGGFXGFBBHFXXDDGFDHGDABGDGBHHXHEGECXBDDDFAHFCCGCGGHFXEDHCXCGBBFBEDABBGHEDXBXAECCHAC
FCDFHCXAGFFXGGEFEAHFEABFFEBBFBDEXEGHXHEDEXFXFXXEAGADEGBGCGCGGXDAFFDEFXHHXECDCEXXFCAFEBFD
XXGACBBHBHAHDFCBBHCCXHGBBBCGFGEBXGCEAEXAXCGXCHBXFXAHEAHECBAHGHXDCAFCADDGGBFF
CDDHBFFGAGBAFXGXCFCCXFBFGBFGGEAHECBXDFXADBCFHHCDDDBDXDEDFGABCAFEAGHCEACHBEXEDGECGFCCXAH
EDAXGHXXBCXFFHECHDAXAECBCDFXHXXFFACHEHDHFGGHDGXFGXXDEXBHCHEEHHEA
EFAXFCAHHXBDEHHFCEHCEDDFEHBBFGEADEXBFDCFXCAEGDABXXCCBHFXCHGDFXCECEXECXFCBCGEXFEFG
GHEAHFGXHCDACBEGBHFADCXFDXCBXXGHFCGHGEEABHBBDFDBBAXFBBCXXDXFAFBFDXHHXD
CHAEAECAECCCGXGGAHGBAHBBEEGABCHEBAHGEAGECDFBHHXXGHFXGHHCBBXEGBBGBAAD
HHFBDXDG
HXEGAGCEFAACBHGBEGXHHXGACACHAEGAFBAECXXBXACBEFDEGAGGBCGHGXBXCAHGBFCBDGHHHBHEEDXDD
HEHECGEXCDCXGGBFHFHEHHEGX
XDHEDCXEHBGBGHFGECGGHFXHDHEACECHGH
DFXGBHDEG
DCX
XCFDXDDCFCHCEFXEFGCBDDXHBAEXEXFAGBDBEADCBHHCXHCCDFGHDDXDDADXFEBFBDAACCHDXCEX
HFFXEXFEHEXCGDAFEXEXDAAEEEDGHXBFDFAAEGEGFHXACDXXEFXFCXEBBEBXCACCCHHCGHEGFAXCFCH
AAXHHEHXFXXABEXFFGH
XHADGXBAABFAACDCAXHXDBCHEDDXFBCXBBADXHEEXEHBDADFCCCBHGFHDADAADDHGAFCFHAXGCCHEGHDHAEDGXBXDDHXGB
ECAEHDD
BGDDGBEADEGHFEAXEXHHAHCHHFXGCXEBCEFCEXCDBCDGBEBFFAEFCXEEDHGCBXCCHBABGFGGEHXXCGEX
XCFH
EDADDFH
FEBDFHFDBFEHXFHDXEGFBFEACBCCHGAGCXFCFFEBFACDHBHABXHAAHFCXDXDAECGHFGGCEXFBEDXXEXHFGAH
AFGBXEACXDGDHBHDFBECDGEDBGF
BHHFACCFXECFDGEHHAGHGXGGHCDCHGEADEXEF
HXECXAFEGHABDCXGCBHDEGBDAFCFGGEEBCAGDXFEHGHDAHGGGXFDADDEHGDBXXFBDEA
DFBCBDXCBHHCDCFDBHAXEECXBCBDEFDDBFEFDBAXBHXDCHHBEFXFXCDXHXB
EDHHDXHFCFXXEEBAAABDEHBXEXGBEAABDBCHEFCCAACAXAEGGAFEGFHGDGG
FBHXFHFAFXDBBGEGXXDXBAAFEBCDGGGHXGGDHFD
DFHXXGEBDDAFGAAEEAXCADHXADCXHXDEHDA
GAXGHGBXEXDHHEBB
ABCXHBEBDCFABXCXFFCDDFXBXDAFEHBG
CEXABFBFXBBHHEGXXBECDHXDCGFXCXDDGXABFDHXBHCAGEFEF
GXXBHGEXCDEAADFAEEHDECDADEXGFCAEDHCCXDGGCAEAEGDDFH
EHXXGEXABDEHFABEDXCBXCCGGDHXDFBCACCGXGXEGDCEBEXHEBFFECHEEXHBEHXXHDEBAFFEEGB
EHBCAXDDAFHECFGAFBFDFFAXCEDFGXFAG
GGXDHHXXBCFAFDCXDXCAXGHDHXBFHXEBBXCXHADCHAFHEACHXFDEDDGGBCGGHFEADEDDDCEAAHCADEBEA
DFFFFFGBDBEHFXBXFBGCEACHEAGAFXXGGAGCACDHCBBEEBBXXBAEAHGDFHEHCFHBEFABDHGFEAEFGECC
CFGAABHHHFFEDXGCECEGHGGGXDFXFAHGXHXCEF
ADAEEXXEHHEDEGGGBGE
HHXBXBDADBGFGEDADGHFDEFHXCAHCCCAXGEBGDGCEEFCCEHACFCD
AADXDHHXHADEFHEDHDBHABAXBFHXFBEECGCEBCCEABGHAAFFBHEXXXFDCDCXBBDDFXDBXDABFXCDDDAXHXFACABB
HXX
GFACB
AHFFFF
CDFHDBEFACHAXBXCGCAECBFXCBEXAACXF
FHDGXXXHHDXGAAXCCBGBXHGEFXFGDDFGFDBAHCGDBCFB
HXEHEGFXXAEBBCFDADXXXCXXDXGAEGCHXBGDFHAXEEFHCEHGBCEXABCAGXDXCAGAEDCABHCEXCDCACCBDGA
GBAHHEGXHBCGCHHBGFGFGDDGEXDHCGGGGBXCFGXDXGHFCGFGHHGABAABHEEFDCECHADEXFCADBGAFEAEFAABEDDHEECGGCHGA
XFEXHFGCAGBXCXEFDCXCEXXGXDFDDADECGGFXAEAGHEFFCDXACAECXCXAEDDGDFFBBFAGBAHDCXGAXDGDC
XBD
CBECCDGHCDFHBXHXGXEDAFBEGHGEGBEDHDDBGAEGBGEBGEFXDCCAGAHFAAEECEBCEDDXEFECEAFEDCAGAHFBA
XBBXXBXEEXAABFHECXXFCXFDHXBBXGECGFEBDDEDHXADCCXBFDDDDFDCEDFFXDBFCXFHCAAXBGGFGDXCGCDFEEX
GHEAGHFDCFADHA
CCBEECCXXHBCXHXCDBHBGFGXGDHXFCEACDXHCGAEEEAAGCEXBCXFFHEECXCDDHCDDAEXEEEAGXEADBFDHXXCFHA
HFDBGCHXXDDFEGEDBBXAFCXAEGEFDCXHHEHHAAHDBBGHGXGDECACFFABFBBDXFECDEXGGAHGGGFHDAAHGBDFHXDEHXEEGBFXACE
HEFFCDHXFDBHADBACFHDDEHXXFGHHXEEXXAXABDBGBAADEEDFDHFCXEDBXDFC
GAHEAXDAHFCAACAGEXDDAGFB
XCDXFXXDXGGBEXEXXDEFHHG
FCHDHBEAHHAXXADEGF
XGCDCDCDHXCAGCHGBDAAGAXXBBAHBFHXGAXBDXFHXHDXG
HCDBBDXGFDEH
CGGAEAGDEXXGFEDAAXFXBDGGEGFHDHXEFXCHEEGCFBCGDAXGXHXXFHBHHBAAACGFBGADAAXHXXEEGFXXGBHHBXGGXHCGG
CXXGFCCFGDDEFFDXFDDAHFAGGFXAGXXAGCEDECHXCGEEFCXFABAH
FXXHXCHBGBXGHFBXFDXDHABHHFGGHCXXXHDXAXFHEGDCFBBBBCAHEXB
FDFFXCBXCCCGXDFXFCGXEEHXAGHGFAGGABDDGHXEAGGCXGCBBHXFB
FADGDDEFXGFXEDCDCFEHGDBEBGEFXFDGADHFBEFXXBXXBDHBABGAGDADABCEGHEEAFCBCBHDDBFDGHADGDHHAFHFBFF
FEAGAHADDXBDHFCAFBBHEHCBBDECHCBBFAXAGAAEEAXFBCBEAGGDDBFAGGDXCEEH
XFBAADXHECDDFDBFDDBGEDABBHFHHHXCEAFBDEBCEHXBGDGCFBFGHDDAXXEDCAFEDEACXX
EEXHXBGGFHFCHAAXGDAGAGGADA
XEHXEBCAXH
EXCFXA
HCDH
HXEXGGFHCCHXAGDHEDGDXDABDXCEHHXCGBXHGEFFDECXDAAXGHXHAGAEBABEAGDGA
GGDHDDDFGADXHFCAGCGHCBEHDGGAFCHB
EADEBCBXHFDXGACXEHEADE
AFCBFEHEDXGDGDFDBDFGXBAECBXFFCXAHAEAAXFBEFXBGGAGFECDCGFCXBFBFXEDBG
DDHBEBAXCBDDFGHBBDGGXBXXBCBXBHAFEFXEXXBAHCDFFXEHDGEHGXHGHAXBBXDAECFGAXGFCCXFDFEHXFEAACGDG
HEDEEDXHAAGFAGAGGGFFEFGDAHGEEHXCCGCAHGXEEAHHDBEEEEGGCAFEBFAXFFHCFFHX
HFFBGHACGGFXDFBHCDGGGXACEGGBCXHAFAGCCXGEBGXGBXGXBGDGXBXFCHGGFFCCDXDFCCCXHCDEEHHAFGCEGBDXXEGACHHGAD
XECFXFEEXBCBDCXXAAGABBFFDDGXGGXGEGEBHDBEABGDAFEGDBEHG
CHCEXGHHDAXXHACGECEGBDDDFDAECXFCCGDFCDE
BXDACXFBHAEHBEHBGDEACAAAGGEEDHDFAAH
DXDEDXBDBEADDHHEAFF
BXFGBHBEDCCDFBFCXFEGABFXHFAXE
BEAXXHBBDCCAFCXGXDAGGDEDXDBBDAFXGXDBFHXEDGDXFEFHBXDHCFEAFFAEGHXGXDGDFFBHA
CEXHAHAEEBBAGDXXGDFGDCEBBDDEDDAXBHGFGEFDFCBHFHGBCBDCEHEFHEBXXAGEGEGBABEGBGFDGGFGHDBGE
FDFDAXFDHACAEFAXEACBBFDFFHC
XGFCEBDXCDGBCEGHEXGCCAHGBXEBA
DHDEFCHGFEEXEXEFBECHBCDAFFGXHEBDAXEDBDFDGCEXHABHBBFBXXECHBBCGBFBFBDDEHEFC
EFCDFEFBFCDAGXDBDCHEDHGHGBDBAAEHGEAAFEEADBXBXDBCAEEGXBADBFFFFABBE
DCHBBXBFXHGEFFHFDXGEDCXEHBHXAFADAEH
GHCDBDXGFFXHDBEBGFHXBEXXGFXFGBDAEGGGXFHA
CGFCXDGDBXBCDCGEFDGFXCFAAHGAXBACAHBBECEBDAFECEBABEDDFEEGEXBCEHGHHXDGCDAFEDEGEDAEX
FFDGEEEHFXDDBDFAHEBCAXGAXGAGGFDEXXCFCXGGDAHEEGHEHDEXXDBGXXBXAFCB
HXAHHDFFXEGBEEABDCEGABDFBDCECXAEHAFDAADABCDHGBXGCGBEEEXBEBEXAAFAFHCDGBFDEHBCEE
XDGGDGAGDXDEXEAGGEBGFAEHEXEGBAGHDHHGCBFHHXAFCGHDFEEXFDED
HXBXFFDXHEAGBFE
XEXFBHFGCEFCGEHGAAFEACDCGFFDGEDGHGHXAFDEHBFEDHADAFHCCAEGCXGBDCEHBHGEXGBXXEDABFFHAXCBADFEFFHDGA
AEFFCGAXCBCGXEHFBEGXABGHHGXEEBHGXFCBFAGXXFHCDADAXADDXHGDFXGGAGAXFCBCA
GDADHEAAHAFEBCCGGDBECGFBEGGBXBDEDFABXADHBHDBCHCBFBHFEXGHCEAFCECXAGDXEHHGBECDDXXBEHHXAABCF
EHCCDAEXAHCGBCC
HFHGHDDXAXEXDFXDEAAEHBDHDAFGAD
AXBFEHFHGHGEAGHGXAAXXXFHAXBHBDECFHBXGEDXAXXXXCGBHBEBBCHDBCDAFHBHAXBEGFFXCFEHB
AFEAHBDDGFFFGFACCAHDACGBXEGAGGHGBGEAGDEAXXXGXBDXHXGHBCCHCXBXDHBD
CXAHHECDXBEC
CXBGFHXDHGBGGBBFCHBFCFEGXCHAEXAGGXXAGXEAFXXXEHHXBEEXFDDFEFEEBHECFHDHAFAHHCACFXXEEFXGCCFHXX
AGAEDEXGBDHFACGBCGBCDCCGFDHXF
GHAEAXDDAXCFEFBAHEXXGXFXHCAHXHDBAAECBAEABFFXXHXGDHABGXFH
AHDBBGADXFGBBBGAXFFEHDDEFXX
HEFBEEXEDHXACCXBACCAGBDXBFHBXXGXEDBFFHGHBFEHGHBBFFFH
XXXDBCFFXXGXFHGCEHFBXCAFDFDABHDAXXAGDCHGGEXAACAXFDFEADCXGDABCXHHXXGDFAADGBGAFHEFDXAEHCEA
FXGFFDHGABDHDDGAFHFEBXBXGAEBAFFBAACFCDBXFBDBFGGCCAEXXAGDAFXEHXHCBBHHXFCHACDGAAFHFXBXXGGCDCBDD
ACAGGXFCHXXECDEACAAHADHCEBXHCH
GDF
BBHXABAFAAHGHEGFFXBEECHBAGBADCHFBBCFAFXXGADHCDBEEABDAAHHFCXHBCAGFBCAXDXDAAGCC
XHDABCXCCBG
CXFEFABGEAACCFAECXCACDEGCFBFEHBGBXDCBH
XEHCGEXHACHFFDCFECCDXBAXXGDHXXBBBGBEXEADXCEHHHEDHXEBAFHFXHGHHHHCEXADAXCDCCGXAHHHABDHBAXAGEXAXD
GGHBCXFGADCBAAGBGDXFBGCBGHFFHEBXBXFXBGDBCEXFGFEDG
BAHXCCEXXEDDBDBCEGHCAABDACXEFFXCXGAGCHEXAFBCXBAFCFDXCGGXAHGXDEBCXBAEDXAFACABACGDCXXHGDCGCDGCEDD
HHXXCBGHB
EBFXXXGBBEHBXGFEEFHEABAAHDHHBEFFXXXGBAHCHXEAAGDBHCDDGAEC
FFDBXHXHEABFHAFBBHXXBDCHBBCADDFEX
BCXBHDADGBDBFAHDXEGF
XADEBHAEHXEFXADBGFEFEDBBAXGBGHCFXCGCFFHGBBGEGFDBCG
CGADXXGCCECXDXEHXADGBBHEFXXXCGAEHEGGGEGFEHXFDEXFGAHDCDCEHFCBXHHHDDFDX
EDFBDAFHBGGBAE
HEXGBBECCGDCXXAAAXEFHCHGBFDEAHHGHFBCHAFHBFDHDBD
EGGDGEGFGBECXGCBGGCGHDFDEGFDXFXGCHCXBFCXCAABBCDFHXEEGBEEDCCXEXCFGFCHAHXDBFXXHXXBEFGBHCB
HAXAGCEDDXFDGCHHGXHAEHBCXBEBAEAHFCBGEDCEGXGFFAGDHBGAFEDHEXDADAGACHFD
HBGBGAXGHDEBXCCHXXBDFBHEDFFXHDDDDBCGCGXXAECEXEAXFFAHHABHHHXGCCGHHCADBFXBHCXDFDHXXGDAEGDDBAHCF
XGCGDAEHDDBDDXGEHAACD
ADHBBXDXCFDDACEFGHFACDBEAHCFBFGCXXDBDDGHHGCFDHAXGBAGEABEXGFBAXHDEAFGGBBHHXBEDDBHFFCXGCXXECAHE
GXGGFBDDXEBFCBEGAHGEEBCDFDDBFGBEBGDHBXHCCHGAX
XHHFEXXHECEACFGCHXGDBHXEXHABBGCDFGGGABHBFBDFFEXXGGAAEF
DDAXGCAXAHHADGBDCGGECAGXXBDGCFBGDCBHHCHGDD
FBXFEDEHHCGAHDEXEAFAEHFBEGCAGHD
HBHBBBEGEHGEXXCDB
FHCHDGXDXADXAAFGDFHAAFFHHGXDEAEFFHGBCEFFDHAXXFCEGHDBCDHEXDCDEXXCEXBBXAXEEHEEAFHGAX
DGHCBHDGADDACXXFEBDEBHBBFGXABDFBBXGDAECBXDXFGFFGAEGDC
ACEHXABFDDEBABXFGDAXAEXDDXHXXFGAFEXDEEXECHEGACXXAEHHCFCFEFEBXXAGFEDDFBHGFFCEHDDBXDXXGECHDFGF
HDGXAFEB
EDCXXCAGFDXXGXBHAHXXBAHGCXFEGCDXHGEBDFDHDEXFGGADCFAXBBCHADDHGFFDEGCXBDXXDDBAGFFDXE
FDEEDFCGBHEBGCGACA
EGEHCGFAX
CAGFFDCHECEXAXHEGHBDCEFDE
XBFHCHHXXFFC
ADGFHAA
XFGEHGEXAHHAXEGCGABFDXEAXAEDAAFFBXAABAGFAEGHHXXBDCCEXCCGFDEXEXDGDEXHBXXCGHHDADEXACXHDCEAFXCCEAEBGB
GFDEHDFEFAAHXFHFFXDAABGGDFXGAABBEGXBHBEABAEAEBFBDC
GHCCFBXEFEDHDFAF
FFFAEGDFDHHXAFGBFHFCFDEFEXFFBEACEFEGXFHFBGBGGCACEEBCAHCACFAAHECFHHA
XDABBXFCBFEGDDXBFXEBBXDAFEBFFDBBXDGHDDECCFFBDCXXCBEHBGXA
HGBCDACDFCDAHGCGXEBBBHXEC
FGBHFBBXEXFABAGEFXXBAHEBXCAAGHXAEEFCBEXXDHXGHHHAXHFABXXCFBEHXXHBACCGGAXA
EHHABGHAXAAEFHXECDFCACHEXAHDAFEGCBHHCGEGXADBHBCCEEFCAEDXAEBXGDHHGFABXBAADXDBCEXHXCHXBXEB
GFXBBHEGHCGEAECHBCXXGGXXAEGEEXDDXBGBXBGCXHABAXHBBGBAXHXEEXEDAACCH
EXGGCFBDXBHBHBGHCBHBDXEDAGCCHGFHADGFFHXBCEBABXBGHXGGGCDXBEFGGDXXBXGCEABEBXXEDEXG
BAAAHFFFXFXCBXFFBCDDGHADEHFACEXEBGBFAHGAHDAHCXHXAFFFADHHBFEACCHBBEBEABXFEAEBXDGDHF
XGGBBBAHGEBCEBGEXBXGEFDCGHFBEHEGCBBGEADXXDXDCCCCDHBFBFXEAECCHHCEDGCFGDCECFBXH
ECCAHHAXHDAHXED
ACBCEGDEXHDBFGBACFCFBHXGCHGDXEBXBXFHGGGXBHHGFXD
CXHAHCADFGACDAHBHGEXXEXAEGBXFXFAEBGAXFHCDEDHDDCEGGXGXEBGH
BBGXADFFCHHGGBBGCXAEDFXDAFXADADFXCGXXCGGXEFEXAAHBHAEBHACHCGCGB
AXBDBXHHXXDACAXXDDEDBEEDEDEAGACCDBCEDBXXFGFCDDXGEEXAXHGBGEGFGBAEX
FCAG
CBAHFFFXXGCBXCAACHBDCGCADGXGCCFAFCGGAEXGDFAHAFBGGCBCAGCAHFAGXBHDFBFXFGFBGFAXCXDXFEFGBDAXDCFEBGHFGBE
DAXEGAEXABHECGFXDCFGCDAXGHFGFCHEDEFABFBHCBBDXGAXGXGFAEEFBC
HFBCGBHCEAFFHEDHDCFGBEBFBAGGXXXHEDAHACFAFAFEGFXGBGFBGCAX
EFDEEBFFBCCBAEABBBGDCAXXBEXEBCGDBGFEXCBXAGBGAGGBAXCGBEDFBBEHGGFHGBBXFBFBFBGXGDADBE
AXHBBDGGEFGBEEXBDEGCGCXAH
HAHGBFEGCBHDGDBFCDHHEABFGBXBEBCCBDDEDGEDBXADCBEABDHFFCHGHADCXBBEGCHBCEHFDXAADEDFAEGDCBEXGCGGXAACCC
FEBXDACEDAAXBBC
EEFGBFFDXDEBAADBECEDEGHAEEEEHXXHHGFCAXHFGFHBHBDBEDCEGEXCAFCEAEFFBHHFAFAXXBXFXGDBEBBFFFFEF
HFACEGCDGEDFFADBBFEBBHGHHFFGFEFGBAHECABGDFEGFBFDBCDBCABDEGCAGAXEEABGBAHCGXFHFAEXXGFGHAGGDXFAXFEF
HHDHXBAGEXDAFHHFAEBFEEFDBE
GGXBFACHABFCCAECHFHCFHHFXHXGDGBGHCAEBXCEHAFBEEHB
CEDGFXXACGCECBBHFECBDFXDECFFEDBBCGGCGGDCBHBEAGEHAHCHCFXBDXHHAXCHGGXXHGGFCB
BADCXDBXHHAGXFDCAEDXAADHGEDXHDGEHHFXFCGXFGFADDGFHHDCGEFXGAXFECDHADCEEA
XCAHCE
GBGBHFHCFXFGDECAGCFGGHBAXCDGDDDHAXDBBHDGCF
EAFDGHXCDXCGBCBBHFEXFGXBACXAFDBDBGEXXCABEGGGDBXDCGAACHAAECFCDCGBHHGBC
EFHBDCHAEBHABXDAAGXDFDCFHHHEBGCHBDBCEDHCCHHDCDEAECHBFGACDEGCABBXXXAXDEHFHAFGFDCDEEAXF
XDEFBAXFXXAADBE
XFBBGDEXGGFCCEBXBBFHGHGAGF
EHFAH
ABEGBFHABFECDAXADCCHHHDHAFFFFGFEDHGDDAGHGHGBEGAXGCACCFFFDACGCCGCADGXABDGBXXFDXXAFCAHADECXGXBFEGDCEE
FHXCAEGGHBXAEEDDEGFXFCXEACDCCHEEHHB
CAFEABCFBXXCCHDCDCCFXFCCHHCFBHEFEDFGDFDFEBFFAHCXAXXCCFCCHFFAAECAFAABXADAEXECF
CDAXHBHCHAFHXXFFFHBBFCFCCXDFHCFFAGGGDXBHCAGBAFHFEGEXAHB
FDHGDHBXEBAEADBHFGDXHFXCXBDXEBEAEHFFCXHAX
HBDXEFHDXFCEGEXEDBFHXDBGECCCGXHDCCHEABDDFAXADGEEGEXCXBBFCXXCDABXXXGGE
HHBHXHGXEDHAEXDAADGFDGAFDGHECHDXAXAFHGADCHEGAEBBD
BDCBAHBBAAGBHHAGXCCCDXEB
HBDXCDEAEGEGCHDHFXCABCXAECEAXFAECGXXBDBCE
GGHEABAGABHEACGAXCEDGBBXBHBBAHEAXFEAFBBCXGFCCDXBHEAXF
DGBHDCGBEDEFDHBH
FHFFHDAGXDCEHDAAFAAXCAFEFCXFFEBEBHEXAFDFDFDCCHGCGCBDDDADFXCHDG
DXFDCADDDHGGCGHFHHGXEHHF
XGADGBAGXBDXFCHADDEDCFEEDADEDCHCDFAEGADFAHCCDEFXDFBGDEDXHDXEGCC
XGABE
FEXFGGCGBHHDHDFFHDXFEACGXDEAHBEFDBAHDHCGGHXBDGEBXHEAHBEABHAGXHABABCDHHBXCEEX
HDDDBDEGCCEGBCDDBFCFDHXCEGXDGBFCGBBGXXAXGEHCBFEBCEXCGFEBCFXCXECFBFDBE
CGXEADXCHXDABFCHACHFAXBEDD
BEAG
HBCXXBFDXDDGHEAFCEGHEFDFXADCXAXDBBEXGDHHDEHFEHFCCGEFBBFX
BFHEEFXHDXABADBHGXEGEBGBXXDFGXFFDXGCCGAXBACDECDEBAAHDCGCFDBBEXHXAGXXHCXBBFXFACGFEXCC
AEBXBAFHAGBCBHEDCEBDCHEHCCHGHFFFAFBHFHBGFGABEGEFDBDCHHHACDEHAXDGFEFFDAXFXBXXXBCBFACXEAFBAAECCAEE
FDHGAEHFXDBEFDCXDXXHFHXHCAAGXFHFAHGCBFEADAFDFAADFEABCGDCBHAFCCBGGBCEBXBGHBECGD
BFBCCHAGAEDAAHEHAXFXCGGFXEGBDADCGXEXAXXHCFECBFXBHBEEDBXHBDECECEDABFABDDXCBFHACDGDHXHEEXD
HGGXXGDCEGXDHFGEEX
EGXHCFFXDDBACCECHAEGHAGDFAAEHFACEHGXXHHAXHXFXAADCEXBBAXFGFCDFXEFHEFDAEHFXAHAHDBFEH
GHAXHDXEHADF
XFXHEXCXHCHDBECCBAADFAXHXBGXXBEFDXDGFEXFXHAECFEBDHCADBGCGEGD
XEHFHABCBDDEFCGBAFCXFEDHF
BDXXCFGBHCHXXHXGHBBGFCEAGAXFBXBXGGEACADGAHEFGFGGAFAHDXHGDAHAFBBDFGHGXBHCEHD
FXXAAXEFFFEFBADEHXHGHDCBGFXFFEDHDB
AEGGCHXXXGFEEEXBGADXBDEBCGEBBGEDXBEXGXGHGXDCXAFFEDXEDXCDGFCFDFDEGGHBFBHDEECGF
XBXGCHCHFHEEHBCGXBBDXECABXGDAEAFXABCEGGAFHFHECXCHDXHAXEHABCHXCGGDEDGXFFEEDAHXC
GGDEEAEBXCXFFEXXEGGCBFXFXGFHADEFCXCHXDGCHGCADACCBHEABBCBXCXBAEE
HCAGDFXBBCAHBEECFHHXHBAABDCCBACAFAFEFFHAGFACD
HAACGCAHDHDC
DBXXDEFEFGECEAAD
GCFFXGHXBCCFCEGAFBEHFCEFCBEHXXFBCFDBGAAHFEEEHFCEFEBXDDABCXBDDHHHHAHDHEBBXFFXD
AEFDDCDEDGHHCGFFGCCGXCGCFBHXCGHXXXDFXCAFDFHABHDDXACHADHADCAXGEBXEXFHHEDACGFBDADC
ADAXGADGGHDDEAHXXCHFACXGXDGCXDXHFGCBAXHDCAHGC
XGDXEFEHDCFGBXBAHGFEFGCHBXBDFXEHAFFXFDEHDHHCGAXFBXCGDAHEBAHECBAEGFHFGGFAFAXBAXXBD
DXCGEFAAFXHXGFAEDCEAAXHDA
CEFBXDFCCBABACEXBGDACBEAAHFECHFCECFEDAXCABFHDXDGXEHGFADBFXDEAXDGCEDEFX
EGHHDE
FEXCEGBFBCGXBHCHHDEFXBGEEHFGDXEHCAXFXAXCDBCFECGGEGXEFDEHGXEBFBCGH
CXXCBFXXFXCAXDFHDFACECAGDAA
DDEDXXHCGHFBEGXFEAHXBCCHACDXHXHAABADABXCBXACHECCFCCDEGFXHHFHDDG
HBCHXEEFGFXFHDCAHADDGDEFHBADHHAFDBXCCFGCAFEDXGXDFDXECDGADEECBEBEBHDBCACGE
DDHDXCBFXCGCAHECFDECGECCACCCBXDAAFXEEDCXHBFCDDGXFACEEGAFFEDXAACAGDXHGXEXAEEXHEGEAFFCGXEGBDEGH
EGADHFXFH
AAEGDAXBXGDFFHCA
BGFGFAEEHFCHBFDAAGFFDAXXDFXEAEFCBGAECAEEECXEEGADCC
HEFFAACHEFX
XCCGCCHEHCGXGAGDXDDCABGCXFFBHFGEFECFGCCEXGXHGBACDXAHFEBX
CXEFBGGCCBGEEAEFDEBCFABHHGFXXADCCBGDXBAXGEBDCFEGGFG
BEGDXEDCDXHGEDXXAADEGEHDBFXGHDAEEEGGHGECADCA
ADCHDCAHBXXEGFAXFACFGEHGXCDGAXHCBHBCEEGGXFGCGFDEFAGHEFEGAEBHDBDFDA
HXXAGXBAFEBCBXGAHAHDXHHBEXGFBDDGXHAEDDFCECEHDAXAXDHHEGXFFFHXABHAFCDDFC
HGBHBHEFXDAHEDXAEBGHGFGDGXHBAGHHCHEFBEXFBBFFHAFBEDEHAXGFADXGFCFXDABAEXDXAGBGCEGXGDAHXXEAEDXAGFGCB
FXADACCXDBEECCCXAGDDCFAFDXGBCGHCHECAEBEFAABHXFBAACHEEGHHEHXFDBGXHGFAFFAEDBGBEFCDHBCHEHHGXXGDGCXHXEE
EXDGABHXEBHXHDGHFXAHADXAXAXCAHXCDBDDDBXBGXFFDCECBXBCBXFCFAXAECHEAGBAFGEHHGBE
CHHXACGFDEDEDBBEABDEAAHEGBDFDHHFDDAXBCCGHADXCFBBBGC
CXXACBGHEFXEHCBDFDXBAAABCGXGHXEEXFCDFAEBGEBXGGDGAEGXDEHEFAXEHBGEEFCBBAAEACAXBDAXEEFBACEBXCF
XGFECHDHGGEHHGABDCHHXHXBFAABGBHAEBXXABCFFDAXBFEFHFGHGAGXCFDFCHFDFHEDEAHCCGEGCFXHAGGE
FHXBFBBHFXDHBXBHXDCCEFHCFXADHCBEGGHHBBCBDGFDDXXGXABDDBFCFBEXDBEBBEXEHFBEEHXCCHDAADCCCXHFEECDADF
EXBGHADGXFFHBCCADDXAXAEXAFBCECBXBEXXGCGDXCGFEEDFBCDGG
HDAFGGBHDCCFCEAAXFBDXDCBAAAFXBEFEXHBEFHECB
CHBEGDXEBCFBFXXEAFDCCFFADABEFAFFHGCAXHAAHEDCXBHEHHAXGBXFHAC
EDDDHFADFBCEDEXGFEHFDCGDGXBDBDCDGHDCGEXBEXBEXFBXGEBGDECBEAABCGDF
XCXFGHGBXFGXXGBGAXFFBEHGAXBBDAGHEDFHHEC
HCCCHEXEHACBXHGXEDCBXBEAFEG
AEXDXXHAGCEAFEHEEHGBDXHXDDXAEAGXAGCFFXABBGDGDFBBHCGEXBGCHHBGXDEDHDDCCEDCDEDXFAGGDEDEFH
GGHAFFXABFCDHFBEBGDEXCCCGEGDAABAEEBDHGXDGCABFHCBHCXXGGHAGBXHBFFXCCFFHECHHHFBXXCGEG
EEEFCCGEEGFAHAHFCFAXXBAEECCACGDBDXAFXGXDEEEFEFGFEBADHXHFBABGXHDHXFCDFBAGBXXBCBCAHGXXHBGAADX
BEBBXFHFGEDGGBHXGDHGABAFXHHGGCEXHBXCGFAGEAECXHHXCBCXBBCDDXCACEEXGCFXAGH
FCDXGGHAECFFFADEAAXFCCGGAEDGFEEFXAFXEGHBFXEDGDCGBFGAGHFABXGBF
CAGXFHFCCBAHFXECFBHG
GFXAGBBCXFEECXCFCCFHEEEEADEDXEXBEFXBBDBADEACHGHXACFGGFCAHEHBACGCHFGCFAAHGFEDEBBDFFGBBDCFCHDHCBCE
XHEGEFXFFCADXDXHXHEBHEAEFCCGBACHABAAB
EFFEDBBDBXGBXHEFEDEHHDEAGFDEBBEXDXCBFFGFAEXGGFAHHGBGHAXCXEXDDHDGDGDCCDCCBGHHXCAXDX
XDFFHXAFXEEFDAADAXXXFFF
CEFFFHGXHFDDXXEDBHEDXXHGFACEGHXHDHGFDHF
ACHCEDGFBFBDBACCXFHDEBADAFDEXXHGCEAEBAAEHCAFFEFDXGBGXHFCADEGEXAAEXHBXGCBFC
FEAXXAXXXHDHEFDGBDBEXDFCCFAEHADFAFBBFCXXFDEEFEEHBCXDBBFFDAFCGEDEXFDGDBBAXABGXGHAHHAGB
CCEF
DXHDAGGBGE
BGGBABDEBGAEFXHDDEDEFFFCXFCBGGXHEBBCFXCCBEBXEXCXHABAAGBBGGBCXXCDBXHXAXABXXHBABBEDBDF
DCXABEXXFHBBFAXEGBFEAXHBDHDGDXADGX
DFGCHEDAGFDAHAEAACDHFHCXFEAXGFXGACFDBBXGGGCHFFEDFFGDCHDH
BEGAHFA
HDADFGHXHXEXAXAAXXHCBECADECEAGCBAEBHEEDHXGGHFFDXGXXCHABGEXHXBBGCBDGGDCCGFBFDFFDHDEAHBGD
XCFAEGCHDEXBBFDXBEHHDCDBBHEXBFDCHHHAHDXFGEAFFBHXGAHXAHF
CXDXXEEXHCFECEHDFEBCADCA
EEEHDBBHBXFHXEXGECAGFDCCDCFEHXGDAEHCAXFGFCAHDGBHHGACCCBEBAFXECEHFEAFGCXEXBFXAXGBGBGFFEB
AGDDGXXXBCCDXGBBXDEADFXDFXDFXDCXAABGEGDFXX
CGAXAGHCDFHCXXDXDCDDEFAEBDBBDFHXBDAFFXFGAHBDDFFAC
DEFGGDFDCBBHAECCCHBACDBHCBEXDEHAFAEADGG
HDAAXGACAAADEAFACXCDGGAFCGXCAXHEGGGADCXAXAGAACECEXDHBCCAFDCHG
CFGFGFHBFFFAEEGCHGEFCCBXGXACFCAACBDHFXEHCCXDGAEEBXXEXFBGAAHDDBCFACGCFHDADBCCHCDX
GEHFHAGAGAGBBGAADBDGXBFFCXXCXEXDCGHHBECGXFDHGGCXCXDHXGHACGECXEGAEFEHHF
GFGCCDDEDGFFEBCBXBCCBAGHBADGGDXDAAFDEBAHBFFEFABAEGHCGAXDHFGDHGDXAAXXH
BCXEBHDAFCGDAEGXFCFGCBX
GFHFADGGEDEBGFFCGABABGFXFFBHEFCFBXXXBCCAGGDEDFEBEECEAXGAECDEDCXDG
CAABEEBXXADFDFXCBCCADDAXECBDGEBGADXCDHDAEHEHCXFX
EAAXDGCGAEXACFDBDBDDHACGHXGBGGXEGXACXXDE
HDFAGBAEEHDXXCEFGADHCCXABEEEAXEFAXFHHDEHEDHDEBFHDBAXBDEECHBHGBXHGEXEFADFHEXHACGEGADDE
XECEGXACBCEEFEGFDEHGCBFXBEB
GBHFHBEBGGGDAAGBCBCGGEAFEBBXBEHECCFXBECGBEECBDBFCXBCBBAGEDXAAAFXAHA
FFFGHFXFEEHGEEAXCFCDBGFXDFCCXEAXEEDBXFEAAXFBA
EAAFACDHABFFFAHXH
BHAF
DEDFDDAG
FAHAEGHHBEHAEHGAEHEBHBXDEBXEHDGGEBEDB
HDXFHDAEDDDCDEFEEGGECABXBXEGAFBDCAFAEECXABEHHDAGEGEDFBHEBHABEEGHEDGCAFDXHHXCXXCFXXAECFFGXEHXA
CHCDXXEXCXGXAECFADDGAFDCEGDGEAHECCBEADGFDHHGHXFGEEBAHEEACXXF
DDBABBBDFEGCFABAXAHXADGXE
XCGGGCGXXADHEBAHAFCFEDADEHDGEXXEGGDBAEGGFCGEGHAXEFAXAFBXBEEFGADCXXGEACFHXEHCGCHGXC
XCEGGEBFAHAGGFEHAEFCFBBGFECD
BDFHBGBHEGXGEGHAXDAEFXDEEAHGDCADXGFBHXGEDDBCFFFFCCFDGEXGXCBAFAFCEHXDXEHEFGXFGCAEEDA
BDCDDCCEDCXEHCBXGHGXGGEEAXDXBCGBEFXHEBCFXXGCDHGXGEBBBAHFD
AEXCD
DAAHEHFFFEGADBCBAAXXFADHDAGDXABADDHEECDBBAXACGBBHFEECEFHFAAHBHAFEXHHDXHDHXHEGDCDAGF
XECFEBBDDGFFGXHBFHHGEXHBXBFBCBAEAXAHGAECHGCA
BXGGDFEXFHEXGEEFCHGEDXFGGEEDCAAXXBXXXHGXXCGHXFAGGABFBFFGBAEXCGHCCDXHCFGXHGEHBBFXGHAXDX
FCGAAFAXBHGXXHFGDGDHCCADGEHECCGHHFGHDABXDCADBADEACCFXCCFXEDFEFAXXEGAEXGHHXHDFXFHDFCCXEC
EECGFHABACDHEDDEFXGEBEXDACCGGHGBEFXABBXAXXACDFEHBFGHCBGCCEXBCDAAXCFFEGFEGGDBFAHH
DGAABGBHDDCDGEGAGEDBABCHHFFBEDFAGDXXCBEXHBHAHHEXHFAFEHCAAHEDDDCAXEBGHFBXAXBFFHED
DCXXGDCXCXEEGEDCCGHGXBEACGFCDC
EHXAXFDCABACGFCXAHDFAHAAACGFXHHBAFCCDAFXDAHXGGHEECDBBHBEACBFCGDEB
HFCCBBGGGHEHHXCDXEFDBHXEFEFHXGC
BBHHDABEFEAAHCEAHBBEHFCCGAFEHADBDXBDXXXECEXBC
EDBCFXBBHGFFDBEFAGXCEXBBEXBCXAGGGGCBXCDAAAHCBCDXFEBBGGGAGBHCXFDHEAXGDXFGCHGAHXBFACBGGXDBG
FBBDBXCCCEHCCAGBXCHXXDDFGAFFCFAGBXXCHFBDEAGHCCXCHHEDBEACHB
BHBHACXFFHGXXHAEFXEXGGDXDBXFGGADBBXAXCHHCFDAXGXXEAGXGFDEHHDBFBDAHCDGADHBACG
XECABCHBDXGDBEDFXBXDFCDFCCXXBHDAAACAGAGEHAGBEEACHACCCBCCFDEBEDADAXABAXFBXGF
CXEGH
GFFAEHAAEBEBFCFCDGDFHDAHADFXBGCXFFAHEECAHGAXAXDDEECAABFCHFAGGGDFFEAB
XDCFHAEEFEEBEEAGAHGGXFABHHAFDHHHFXDEXGEXGCCGBCGDGHBHHFFBDGHHDXCGCBDEACFBDXFCDAEBGCFDABHBHDECEXDB
GAHEAABXCXBHEHXAEEFGHDBHXEXXGEXECXABECFEBGEGAHCDAAGHBGBEBDBADGCACCFABBAGDGXCGHCXGGCEAFEBHHDHFFEDHX
DFXGCXEHHFXXGBXGFXDDGFEHAGFEGEBACCDBBDFAXHFBBXFAXEFHGXCCCXGDDXBGBFFDGCEBFAFXFXBCFFAEGBF
XFADCEFCHEEADXEFGEGDGBAEEFAFABGBEGECGBEBXFHEX
BECEXBAFFHC
HEBGAXXBCXEAXADDHXACDBFHHXHDFAEXFDFCDXAEECXADCXFEHFGHCHCECCFHEEEEHAXAHFBCHFXFD
FCDEBCCBBBEAEEDCCDGBC
XHXEEGHCCHADCEDFGCAECHDFXHGBEGDGCBADGXDAHBFXACGDGEDAFEBCGCAEFAACXEHEFFBHDF
HXXXGBCCFDAEB
EFHGEFEDXXXBAXEBXEXGBAHFABAHHBXFHXCDADFEGAHHFXHGXCEDAGECEXHEXXAHAHXXXAXHAD
GGXFGABACCAXD
FAEEHBAHHACXABCDEEFEBGEXEBCDEGBCXDABDEBCCFXEHAXFBBCEBFAHGHFCEDCFBEFCAGDBEFGDGAFDACH
DAEBA
EXFDAEGCACDAFADXEBAEGFXCHFDXBGDXFBFDGCFBBBAXFXAD
GGHCFEFFFFXHFCAXDGEAHHAEBDAFGGXEDXBBCDXABCHXCAAXCXGFDAHACXCCGACDCGXXADB
HHBAAAEHCECAEEFHAAFGABBCEDCXGGXFHXGGXBXBCGAHBDCXHEGABHDAHAXDAFGADHFXGC
CAACXCHEDXFHDEEEHCDDHBBCBHHXHEHFAHDXHDCEAABHAGXACGXXDEXXAFCHXXGGCGCGFGHFECCCBXB
