HXGEDHHGFAGAHXXDXAFECGAEHAFGAEFFFCAFFFEGBCGBXXDHHXEXACEFHXACXGDHFXGBCGAAFBBBCAXDD
FBXEACADHBBBCECCA
AFCDHAAXDCXCHXCACXHCCFCAFFCGEAGHGCFFGHGFHXFEDXCBDXFADAHGEBXEGAGAFDFHXFCGHADEEEEEDGGCAG
CXFCCDHAEFEDHEADB
XEGBBEFBGAFFXGHDFHFGXEF
CHCXEECGGCEFGAHFAAGFECFCXBGGAHBEDFXXBHGDAGDEBHADXXHDCGE
FCGXXDBAHDBHAFFHXGHCAFE
DGXHCADACHXGXFEHHDEEDEFDBFFGBCFEXGFGHEGEADCGFEAHDXAFDDXEDFDXXFHCDEXFGAHEEDDACFGHHEHD
BCXHEXFAFXEADADEHDCGFBBEAXEGGDXEFXDDCCDAEDCXHGGXDFXBADEGGEACGH
DEAEEFCBBEXDDFDADCABCFHXEEAGBEBGAACXAXBAEAXFAAHCXXDXDBDHEBFBGEGDHDDBBBEGDFGAFFCGFGHEABHDXBCCB
AHCGCGXBBGGBDHDDHBEDXXDFEABDEGHGAFXD
CCAFGEEBFADCHBFACDAADCDCBXBFXGXFHHCEADGBHADXAADGGAXGGCGFEXXHHABXBAFFGECCFDBEFGDHAEFBAEBA
ACECHDXGHAGHCBFGGBAXDFFACFGHA
HHFGCFDABFCHAXFDHBADHXACCBEFDBDGEEDEFCHDCEEFGACDABEGBFHABFECDAXADCCHHHDHAFF
CCXCDFGXFDXXGHGHBDHXDHEFEBCCCHCEFEEHEAHFHAXFHBGDCHHD
AGACACEDBCEXXEBDGXHCCDGECBFHEXHABXHGDFCBAECAAEXEGGBB
XFHEFADAHECX
HDBBFCBGFXGDEDB
ECBAXDFAGEXBGBEBGFXFCHCAXBBHGAXBDBAABCDXAAFCDCHAHGHDXBGABAXBBAAGFHBGEFFDXGDGBBXH
BXDDAXXEBGFXCDCFD
XDFDFDEADEGFEEFFGHEGHAACXHGBFEGXACDDHFAGFGAEXDHHBHAFFDHDDEFCDGBHCDXFHXGHBAFXBBBBGAFH
DCDEAHFXAAGBEXEEDCXCFFGXDHECXFGXADXXXXXXHCXGHACXAHBAAFXDGGDCGECHCBFGFAF
CBDFFXBGHXAHHXEXXBHAFDDAAXXXXCXDBBXEBAHXXHXEFBAFFDFEGFGCXE
AXBHACXHEHGCABCXAGGGBBXXGBADCXACEDABEXDGDGHHHXHGBBADDAXCXXHDHBBHC
FBGHHHXAEEDHCXHXXCFFFHF
FHACGCCDXCHXDXBDDAFHACAEACBAXHCCBBXBGBAFAHXXCHEEGXGHEDHHFAFCAEXHXDXFDCADDDHGGCGHFHHGXEHHFDDAXDBAHEC
DXFCHADDEDCFEEDADEDCHCDFAEGADFAHCCDEFXDFBGDE
FBDGXXHEGXGABEGGAEHHAHGGBBDBDXDXDDCABHHBHABBCDXBADHBBHHXXBBHXXHBCAXCXABGACGGACECFEXDBFFCHBEEC
EXH
EGCCEGBCDDB
CECFGEGBBDHFCHGXDBHHXABXBGEDCAHXBFEFCADBAHGFDECBAHBXCGXEADXCHXDABFCHACHFA
XDAHXB
BAFHBCXXBFDXDDGHEAFCEGHEFDFXADCXAXDBBEXGDHHD
XGCFDCEEHBACBCEBFHE
BXGEDGADADBGHFBF
AHDHDFHBCAEFGCDXBDAEDFBHBBGHDACFGBXEFADHBCBACXGCBBGDEGEABBCEFXFAXABHBFCEAHDGBGDFEDHFXDBE
BBHCEEBECGXAEFGDEEAXCECXXBGBHBFAFECHCCGXEHEGGXHEDDHHXGDBEFDHACXXAEBBFAHHCGGFADGCAHDDCFEXDBXGCD
CFAACEHBHGCFGDGEHAEAG
BAAXADGAHBHEHGCXFHFDEFHDFGXHBAGEXFAHEFFBHCAXXCACACFXHGCBCAEBHXGGBC
HFXEDBGECDDXCFXGDAGGCFXXGFEHAEDCAADFCHXFAXGBACBEXFCCADXH
EDBAFXHADEXXEDEEGHECCCXBEFGFADAXDCBFABXFADHGAECHFCBDFXHCHABCHHGGAAFXDFDGXCEEBBEEFHFHXXCACEXECXBHXD
FGCBFACBCABFAHXXHBGDEECDBDHXAEEDAAFXCXGEDBADCDHXDHFCBXAGGADECDXFDEADXHGXDXHXE
GAGADBDFFACBHBCCGXCDHGCBDXXCFGBHCHXXHXGHBBGFCEAGAXFBXBXGGEACADGAHEFGFGGAFAHDXHGDAHAFBBDFGHGXBHCE
EGFXXAAXEFFFEFBADEHXHGHDCBGFXFFEDHDBXCHXFXXDDHGCCCXXHEEXBDCCFHXBECCDABGDHEDXXGDXXEAGCBD
EDXCDGFCFDFDEGGHBFBHDEECGFXGEHFXFDADCCDXFHECGEXCAFBEHXACADEABFXCHXADAFCAGXXBFBABCBACFFCFHHHCBHEAXCH
DAHXCHDBCCAGEEFEDDGDACHHFEEXGXDGF
ADEFCXCHXDGCHGCADACCBHEABBCBXCXBAEEGFADHAGCBFFDECC
CFHHXHBAABDCCBACAFAF
BCCGAHCAEXHAACGCAHDHDCBXHAHCDGAHGFCAADDDHC
FCDXCFFEFHCAGECDDFGDFBHDBXDCFDXXHEADDCXCGAFXAHXXHDABFGEEEDGDDABBDCEGX
FFXDACXEBBHCDDXXBHXGHFFDEXHFEEXCFHFAECHDCFADHDBAEDHXXAFDABDABFEAHHCFCXAFGCDAFHDEXABAXEAEGD
XXHDDBCADEXFFAXAHHGEHFXHBBXHAEACGEFFBHAGFCADHFXGDHBCGEXDFDDHGADXFCXACDEADHDHBCEBBEG
HEDDEBFHDAXCCXBCAGAXDXGDHHDXAEDBFDXBHCA
FHHAAADGBXHGECBXXAAXGEAAXHHXEADDCFCGXFGFGEAECGFABHFGHEGFGHXEDDEGCHBXBBXCX
GXDEXCGEXCABBDFCDCAGFFDDEFGXHCDHFDFHDBGHCXBXEGBFHXGXGHFXDCCCXGBABHCAHBDHXEEHDDGAGGA
CFXH
BFHXAGEGGHXCXXGFEXXDGXGEHEXFCAACGECAXCHBEGXHEFDDACCBHHBAX
EBHEDFABXBAAGEHHAEDFEGHADCFGBDHEBDXBFEGHDXAAGXFDDCCCDBDXEEHEGDCFAEDAXCGFEBBBBDDDXGXEAGCA
DEGBHEBFEFHFFXHCAXXAFGHEGCGAXBFCHHABACBXECBXCHAAXHBGXXACAXHC
DHEXFDGBBCHCEHFGAXAXBBXADHDCAXFHFEABFEBFFXEBHDX
EHHGECHDFXACDFDBXFAXEBXAFGHFFBBHXAHAEEXCACHGBADGHABXE
BEBFCFAXFXGXFHHXCDEDHEBDGHFXFHBEXBEAABEHGCEBEHEBGFEBFXEAFFBHFEABHEHCABGCF
BEDBBXFXHBCXFADCDXDBAEDGHECBHCFX
ADDXXDAHGCDGBGAXBBEXEXAGXDHCGHHABCHGGXEHBDGDCFEFBD
GFCGFDXXGXACCHCCFHHBCCFAXHHBCBHGXXAXDAAFGDFEXGDBBFBCAGHABCHDGB
GFXDACBDBHDBCHCXBECBDXHDGXCEDEBXAAGFXGHFGAGXAFFDHACXDEDFECDAGHCGECAHHCDHGHBXCBDXC
BXXCFGCECAHFEBE
BFBBADAGAGBCFFBCBDHFHXHEBX
BDHEHEXXBAFDXHFBCHEXECBDGDHGCBFDBEACFD
EDXEDDDAXBBCXHBGFBHABGFGBCDXFF
HXHABXXCACEEAHEHFEHBGXAADGXCXHEXGGFDCXACDAXXFCGXBGEFAHFXFHAABHDACAFAHBFFXXFEEDCCXXDBHCBHAFGBG
EGAFHBBFGCBDDHXCEXFEGBCCFFCFCCEEDFDXBGBHFCEEEBEAGADGAHFEXCCBCBHGGHB
GHBXBGXEFBXDFDFXACAGCAHGEGHCGDXXGGEEHHA
HDECEGDEXXAEECAAXCHEEDBBXGXEADCFFHXADCFAEGEDFXHFAECXBFHAFXEXEHCACAEACDDXBXFHFECDEXAXHG
GCECHDDXCXGECDCDAXCBXHHCAFGXXACAFFBEXAXCCDBAFGBXFEXGHXGHEBFDFEXFDBGEDXEBBCE
EABHGGECEGCEXFGAHABEGCAGDHFCFXXFGEEFGXHAGGDCAGXFHCCFDEFAHHCEDGXH
EEGXXEXBXBGFXAFHDXAXGABGBGHHCFGXEFBEHGXBBAHXABEBCEFGECDECCEECDGBDECGDXBFGBEADBFFXXDHCAHADDFFCFDFBB
GEGXBFFFEDCEXACDEAEFCFBXECAGHFHEGBHGCCBDXFXXHEEAHDXCEGAGH
FXAAXAXHBEBBXAADGECGHDDBHAFCBEEDXGFE
DCBFGBXXFCAAXAFGXAXAEGAXDDFHBEDFAAGCDFXXGCDGACHGGAGAAFGBBBEAEBC
FCBCXCDHDGBBHXCXGEBEBEHDBXHGXECAE
EXFBXGEBGDEC
BAAAXEEHCXCXFGH
HBFXFFXECEABCCBDGXADXXDFFGDHCEGXEHCCCHEXEHACBXHGXEDCBXBEAFEGACFDXBXAHFCAGXDCGBHXHDDGXEAXCEC
XAGCFFXABBGDGDFBBHCGEXBGCHHBGXDEDHDDCCEDCDEDXFAGGDEDEFHDHFAAGHABXFEGGXGBCHCGFFFHGDEAACECCEEDD
XDGCABFHCBHCXXGGHAGBXHBFFXCCFFHECHHHFBXXCGEGCCCAFFHXCCXFDAFAFXXBGEECCBFEXH
DBDXAFXGXDEEEFE
CXCFDAGECGAHABFFDGGFXEGADFHCEXDEHEAGXHGXXFAAFFBEBBXFHFGEDGGBHXGDHGABAFXHHGGCEXHBX
BFXFHXXDXXGDHEDEHXBEXFDGAEFFXEGCHFBGFCDXGGHAECFFFADEAAXFCCGGA
BGFCXBCDACXFBXDCHDFEFBXCCEFFGHABFFCHCAGXFHFCCBAHFXECFBHGHAHADBGFXEGCAEFDFFXFCC
EEADEDXEXBEFXBBDBADEACHGHXACFGGFCAHEHBACGCHFGCFAAHGFEDEBBDFFGBBDCF
EEGGEDEBXHEGEFXFFCADXDXHXHEBHEAEFCCGBACHABAABCAGHBBBBEFHBGGCD
EDEHHDEAGFDEBBEXDXCBFFGFAEXGGFAHHGBGHAXCXEXDDHDGDGDCCD
EEXBGGDECEDGXDFFHXAFXEEFDAADAXXXFFFAHADDFHEFDEEBGCDBGCBBHDHE
ACEGHXHDHGFDHFAFGFCBXGEXGHBFBFGXGBCCAEADXCBXBXFHACGAACDA
AFFEFDXGBGXHFCADEGEXAAEXHBXGCBFCDGAAEECFXDXXCAHCGXXCHXXFXDAHDAEAAEGEEFEEEHC
EFEEHBCXDBBFFDAFCGEDEXFDGDBBAXABGXGHAHHAGBFFHXEEHEADDCGA
CFDCGBXAXFABFBHEEFEAFDHEECDFDXXDFFHGHEAEGHEDBXXDBACCAXCHGBCAGEXCCEXEACECCBEEHBGHEEGFC
AECBFAX
XDBBXAXCHEXGAAXBEDBCBDEDHEBAGDHFCABHEABXF
AAFEBGDFEDCACHDEHAFAEXEGDHHFFXXCBGGDEBXXDCFBAEECXCXBGABBXCDCHCHACDBHXGXXBACDXXHFHGGXAEEGCGEGGABAEH
ADHACGXFXFCFGACGDDXAGDHGHBBDXEEDFBEGBAHBFAHXHCAGHFBXXAGGGCEFFFBACFGAXDCGCBCGDBAXFBDHXEFCBHXD
DXCAFGGEBEDAHDXCXBGHAAECEHHCAHDGF
XGBADDBXHXBFBEHXEXDXDEFXDXCDXGDFXDECEFCCBFXHXFXGHGDFCDEDBXFDFHGAFDDDAHFEFEXFD
EHEBXAFC
CCDGGGFCCECFACBCXXDBAGBAHH
ABHHHXAXFDGCAHBBEGXDDGBGCGAGBDECFEGAHXADHBGAXBXDXCXFGGACDACEEBEXG
XAGCEAFXXXHEHACCHEXFBXBXEBAFEBDGXCAABXFXACACEXGFEAHHEBFCXBHFDBHDHXEFCAXABA
DAADFEDEGDFGGHBCDEGCDBEBBCCFDBFEXEXB
FHHGGXCFDAEHDXAAXGBHEDXEDECBGFFCDHFBHCGAADGBCDDADFDHDXABBXXXEGXEDCGBAEHAFAFFD
DACCBBCFHDDHAXGFXEEG
DGBCFCEGEBDHBGAFBXCHGAFHHBEHCFCXXBDEXDDDEEEBEFHHCEGCDCEGCADH
EABXHEXEXADBGXXDCEECDACECDFAHAEBBDHEDHXBAAAHDCGXDXXEEBGXGAAFGHXHDAGHBFDCABHEACGXHBBHXFFG
ADDDHCCHFHGHBGFACDEHBGGBEECEGFEHFBGAFGECXAGEBHACAFGGBHXCGBXBXXHCHCFAEDHXXEDADFCXHHEGFAEAEHBDBEDACAG
HDHAEGACBGHAXEXCAHHCDFHEXDEFAXAFBAGFXEXEDAHCFHDFEHFDCCFFBXCDHCDBDHXCAEFFHHFXHFHHHEFADAEXHHFDFH
DFGGXDDDGFCBBDGCGADDEFFXECCDBBCDAXDEXHECXXHBHGXHXAHAGEBGCDHDXEFEDFAFXEDEHHAF
EDGGEHBHHBDEAHFBDDCFXBXDGXGGFDDEXDXHAAEEXAFCHCCHGCFCDBGBFXAXGHEHDHHXHCEBEDAFFDDDBCXAFXXHCEAAFAC
GDAXCCACGHGBHAFDCBDHEAHA
EDXCXDXCHDECGHFCBCBFXHBCBDXDEDHCBXXX
GBDDGEACEBEFBCAXCDHCFAGGEDCCEDGHXAXXCCFBAXGGDDACCHXEGGXCEGACCCCDCXCFEGEFGGBFFBFDFAFCXDG
GXEHXABGFEDXCHAGHEXCXEEXBHAGBFCDEHGADHBFECABCGBDGDXXAHXCCFDCCABFDEXECDBGHGHFFAHDAGBABGEB
HDCCDXDFDDDBABBFGGBFAXHAXACFEEFCXAFFDBCXFFBHGGCFHFBFHXCAACFCFFHBXXXDBFCFDHDGFHEGDEG
EFEDFXDCEHABHFDHABEBFDFCGDHDEXACEBGHFXDEEEGGBXAFAEGXBAGHEXFEDAEEGABXCFCCXHDDXDXXDFEH
FXCAHGACAAFDEGBAEFFDAFDAHAFEAAHFHXACDHEXAGH
CEDHFDBDFFGAGCCGGCFHGEBEDHBEDDEEDBGCXXHXXHBAEXFCXGABXCEAEBCDAHDDEAEBAABCFCAGFEAXAGXHHFBXGDXD
AXFFDCBG
AFHDBCADFXEXAFXXGEBBBBHFFXAEADAAXCBBCFGEEBFBFEGGECEXCBGH
CHCGCFFACADXAFEDFDFAXHEHGDCGBACXFEGABE
FBDXBDFHEG
EAXDEHDFXDHBAHGGDADHEBXGGEHBECDBHFBFXXDXXHEFDCGEEXXHGXXBFAXFAAFCACDFXCBHBCGGBDDXGFDEFEE
CFDAHFDACGBFFBBEBCABFXXFFDECDAXAFBBCCXCXXGDXFBGBGFBDFFGCFFFEGXHECEAGBFGBF
DHDCCHBBAFBHHFDBCEHABEXECHABHDGDGEHFBGHFFXDEFBAAXBEXXXXXCHEGXFBBCFAABGCHEXXXBXFHBGBB
ECFFBDDGCXDADBAXFBGAGBFAX
HEXHFAFEHCAAHE
HDHBABDDFGXBEFBBCCGAHDCXXGDCXCXEEGEDCCGHGXBEACGFCDCXXXAAEEXEBAXHGAEADXDF
HAAACGFX
DGXXHEEDACAXFGFXFEBDEHXHGBDAEBCE
CHAHGCEEDBFHBGXDGEGHCBHFXDXBCFCGHHGBBHHDABE
ADCAGGXCEDXXGHG
BCABCHAAGGGGHAHDXBDDGBBDDBCX
HXFXEFAHDAXADBAFFXCAGBACBCCCAGGFAAAXFDDBGDEHHHCXDCAHFAHXCEHC
BBEBBHBDXBAFDFECBEBHGHEAXDHDGFBAXFBACDGGBFEXGCGDCAGBXAXXADBHXFHHCCFBBABFHDABDFBAXCDCGAGXCCGB
CCFEBECDCBDXFXBHFCCCXDGH
EADCHGBABEGEDEEBXFBAEGCCFBHF
XEXBACBEHXFHXHDAHXCCAEFFGCXDFHCXBCBXHDBFFCFCAXDBDE
DEADCGFGAEEADGHGDHBBXFBEBAEAXHAHHGBHHCDXBCBEAECFAEADHHGEABCCEXFGBAXHEDHDBXEEAH
GXDEDAXECBHEDCDAFDHBGFEBEFEFDXGHBGBBFAHDEDXHXHBACXBBHGABHAEGFFFEEBHHAXFEGBBAGBGXXFHFHEGHCCFF
FFDBXCEXADFCGDFCGXGEADAFAGADCEXDGCFCACH
XACDDDAFDGAFDDCDFCGHXXGDDDEHCHGADEGAXHEHFBACAAEXDHFDF
GAXEDDHXGHHCCAFXBDXFBEXBFDFFACXDDXBHDDEDECGBAEBDHC
ADXFGHGCCGXBHXBABHFFBF
ABFHCGHDEDDDBEADAGCAFCEFAFGCXDAEHGDGBXFXCGA
FXFXBCFFAEGBFHAEBFCGFFCCABECXHCHECEECCAFDAXHECHHFHEGBFDBCCCXDGFCHBHEEXDXHACXXHD
HFACBBDGFACXEDXBEBXHBEFCADCBHFFAFGBEBHCEXGDXHDGEXHEFFFHBFECDECAHHGHCBHBEFHDXXXHXEGCXHHEH
GHEGEAHBCXBDCFDXGEFDXHGCGFBDFDHEEHDHCEBXFECFEACBFGXGEBBGHDHHDGFACDAGAGBABCFBXGHCAF
ADFFAGHH
BCFGDCEGEXG
DFCBFBGCHXFCAHXEAXHXFAGDBXFXABXFGXGXAGGAXDXHFDFEFAEABECEAEBAXAEFG
XDCEEGEECXAEEGGHBCACHAAFXEGGACBXFGGHCAEBHAFEAX
AEGXHGFEADXGHEFEHXDBBFDHGAHHFBGXGCFHFDBBAHBEAEFAAFHXHXGC
XEXCABAGDBEDHHAHFBABDCXFHFXGDFXEEXAFGDAFFCBFCBABECEEEGCHGXAFHXHAFFAAFXCECDHFGFDGBEDADE
GEAAAEDEFBACAADEHDACCABFBAXADHFDFAAX
CGXDAXGBAABBFCHHDCHBDEBXBCXXFAHFHH
DBEGAHBFFDAHBABGBGAHFCBXFDXGEXAADABACFEBCE
FFEEEBBECECDBFBFHHADEEDGEFADCDFBECAXCECFFAGAADEXFBDXXDHBBHFAAXHXHEGFFAGCBHHEDFHXHXHEHBEBCF
EHFHHBXGCHHXAGDCHCCDEABHEACDDBGFHECGBDBEFXHCHDBBECHCEEHBCEBAGCEXAHH
BCEFXEBDBAHEEBGHBDCXXBFFAXEXADH
HDBDAGEDHHBXFAFGXXHDEBGBCHGXBEXCDCXHXXBGGCCA
DCBBDFAHXBFBGGFDCFBCXEHGAXHCAHFBGACFXCGAHA
DHDDDDFCGCDHFAGFEFDABGHDDDG
EDHFDECAGEEBHCXCHFEGBXGCFGBBGDHCCGGGHGBBXEGEFFAGCAGXDGXCCBBGFGXAGFXECXHABABHDHFCFFAHEBCXGFBHEADEC
EBGGHFHXAXFXGCXCCDDGDCHCCHG
HXFDBX
BCHFFGFEEHDBDXEFXXBFXAAEXFGGBFGXHCCBBEHFCDGFACGBADHCEECGFXBEXEEDXBE
DEBABAAABD
FEFFXCXDHBCGHXCABXAXXCCGFAEHCFGBDHHEHXHDBBGACGXHFCHHECACDDBCBDBFDHAAEDGXHXXGCCFEDE
AGHXHGCXBDXXDDDXCCFFFADDHCCBGDEXFCBEXGGFGHXXGCEFAAFCXGFXEHDECHXCE
HXDAGFBBXBBXCFDGCXAXBFCBXBGXCDBGXEADHBBBHAFXXBEGGFFAEAAHEAECAHED
GFAEBGHXAHBDAEHHGBXCCXXEXXCAXDFADGCBHGXGHDDAXEXCEEDXDAFFEHEGDACGAEAACXFXHABFHAFDDFAXXE
DCAHCXXFXFHEBBHXABBFHHEDCGCHEFFBDHCCHXEHEECCXXFHAEGGXEXBAXHHE
ACFEXCGEADFDXDFCGAGCFHBDBAFBHCFXBGAGXACXFGFHHXHDDCEEDAFDADACHAHHGXEHEEDAGGBGDDHBGAEEFFADGEFBDXHECCG
DHHAEDDCDGGCDABAF
CFEXAXAAAEBDHAXDAHCHDFHXXGCXECDCCXHXDAFFHECCGAFEDCFBFHGGEAGCCFEBEAFXHBXBXDDEEAXXGDBFCB
DABHXAGBHGGCEABFCGDFDCBGEFDECGDDCHXACCCXEEH
EXCEXBEAECFXBFDCDXFXAFHCBBHGFGAGXAFGBCFBEHEHFGBFEGABCFAFEEXDX
BDGXAEGDDAXEHCBFDGAAFFDCGEFXDHBEDXAGEEHGXCDGXBFXGEFHDADCGXCCFBEBGGGDBDGAHACAHGCHCGGFHXXDD
FCADAADHXCCAHCXGEEDBDBHBFHAG
CFEEDGHABCFCG
EFEHEHBGCDHDGBEACDFACEXDFCFHGHFCCGEDFFFAXHEGGBAABGDGHBDFHHFFCHAXFBGCEXHXEACGEAC
GXFFXXXCXGABAXAXBHBHCG
DXDCFDCBBXACDFCDGEHAXDHAXEGEGGXDCCBBBEHFEACXCFXECHXXCDHFFHAXDFCHGDGBCGBDAABDXDXA
AAECGCDXHFFGXXEAHGCGBEFFHAGEHGDCXGFFACBDACGCFCAFCGHGHBGCGHFABGDBGFGAHDHHFEBGC
EFFEEFAXEXFDHXGHEEBXFFGDFCXGEFECGACAXCCEDDHGDFBFHGEG
HBADBEFFAEGEGDHXBDXAGAFFGCDA
HGCEFEHDCHBFAGHEHCFCDGXFHEXCEHBGXBGXFFBEHXXGEXACXFBCFDCCEAGAXHBAFXBCCCEDBAFDFFCBDGF
CXHEBAAGCHAFHAEHEEGAXXXFDBDHABHXCEAD
CBXCXXXBHACFGFCGBXXCDAHADFFHAXAXBXDHDDDGGADBCCXXACGABBEDXEBEXDBGFB
EDCEHDEFAHDGXEXFFGAEEEXFGCBBDHDHEHFGGA
AHHFXAXHGHCBCXEEEBFFDHXXHEFGXGHXCXHBXDEBBGBFEGEAEFBFGXFFCFG
XFAGXHDHCHDEAHADCDGCCCCGEHGGBHXAEAHHGHG
GDFXGBCHXEHDEGGFEXHHGFFFGGDCBHHGXHEXCDBAFDAAHCEHXGCEHHBEEGXHHFDEAGBBXCXXHDXBCEHCHEBBH
CDBGXAGBA
HCFGEGXXEHGXCABGEFDCCADXDFBHECXXGXAGHEDBEBGDGEFCGBEGDGBHAGGEFFAAGFEXXFGHHCGXXFDFECBCEFDBXHABFXEFED
CXECF
ABABDDCCEHDFGHHECXXEDXAXXEFA
FAEACHFHFDCXCHEEFBDAGAAGHECGGBACEACEXDBDHEAHXAABEEEAXBEAGGXDAHEDGCDXEAACFFFEXGXFBHFC
BCECEXFXAXHGCBHAAXCGBFHHCCGCEFCAEAEAGAGHCABBEFAAXCAEGHXGDDDDAHHEBAAFXXEGBFADAGHAB
GGEFEEFFGBCFXEXGXEHGXXDGCEEFGDBDCGDXCEBGCXXFBXFFEEADACAXFEBBEDBCB
ABHAAXHBDCEHCDDGGHHHAFDFGAEEDAXDDFXXEXDABEHBAHXGBBECFGCHAAGAXDGCABHBHFCXBECXBXCXHXGCCXFCDCG
DDEBGHXAHBEDHFDXGXACFCXXFAXXFDEXBECHGCAGCXHHXCXXXBHCFEAGGXBHEDEDBXXFAHFCGBBABAACHGCHXBDFD
XEBDDCCDXXGAXAGFEXGHEFXBFBFDECGAGXCAEADHCXHEHCAGDHXXAAAAHFFXEXHXHDFECGFEEFAXDBGGEGBDGFXHHDEDXEGEF
EFCHEDDABECHXCEFCEHCCCDCHCCGAFGHEEDFCFDXDEGHCEXXHHGEBEBDFXXCDCCECHEEEGHCABFCBHDACDBCEDX
EGDDDHHHBXCXBEGHGXDBCDXDGXBGFXAGCCFDEHGE
XXAGXBCFBCGFDAEGFHCBCBDDFEABHEDAADHCGACXAGXDBXHCCECHGBEDEABHXEECFGDCCFGGBF
XCFBXEFEHGEFDFDFHGGB
HDDXBAXACBHFDCAGFDFHGEAXEAHEEHXXDBEGHGGEBHHCEADHBDHACDAHABHXDBGFACEB
XDDDEEDCGCHCDEGXBEGFGEAFEXAECHEDBFEFXFFDEHGABFCXXDCXXXBDBEFDXDBHABDHXXXXFXDFDABXDB
FFEHXDFDBABCXAGFXXGCFAHFAHHEFAAEGHGDCHXHHHXHHGDBCXEBGH
BDCFBGEXHABEEDADCXCHGHGDGAHFAEFABDA
AGGGXBECGBHGGDCBDHFGHAHAGGFCEEBCCCFFGGDDBFCBEDHXFEDACDBHCCDBXCFDAXEXXHFBDHEHXEECFGGDEFDBXCADXCFGF
AACXCXCGFDAEHFADEDDAXHDXGDBHAFHFBECXFHBBGCEXFFX
EEDCCBFDFBXBBBHAEFCAEXBHXAXFDXBXAAAXXXBABEHHGAFAHXBCDCHXCHGGFBABAHGFBAXCFGGFEX
EXHXXCXFFCXEBXGGFHBEECGCCFXFCEGBXXXXBXFCGCEAGCEEXEBBGHHXBGEDCXDEA
XEGBCDFACAAHFEFFGCHFBFBFEHCGAXBEHHXCCXXDAHGEAEFGEXDFDGA
CHHFBCAXXCGDGEGAFHEFXDDBADCFHCXBFHAEHXXHFBEBADDAFCGEXDHBGDECHDAAFFDBDDXEHCCDGDHAHBDBXXXFAXXFDCAFEA
HFXDAGBXFBEFABXBECXAXFHAEFEXBAAHCBFAHCHDBDEEEGXHEXFGHEEFXFBHAEH
FCCXDGHCGXXFAAXHXXDBAFCXEXGEGEXFFGBDBEDEDAGEFGXGXXXAXFABXGBDHXGDXCCXFEGFDAGCFDGEFA
FBXEHHDAFXCDCECECCBHCHBGCGCDGDXHEGFXDEXGGEFDEECDXHXAFCFFXEHBAACFECCHDHCXFGBACBFFXXCHDECXBHBXXACABB
GHCBHHDFEAEXCGCCBFBDDCEEFHBEXFDXXDXGBHCCHHCACBDDGBFCABGBXCXEBX
CHCFGGEDDAFXAFFHFXHGXXHBGBEFHCEXGHBABBHBCBDXXFCFFDAFEXCXHAGABHCDGGGHCAXEDEBHH
CEEGXHCDCDGX
HEDEXFXFXXEAGADEGBGCGC
BBFHFCXHFAGGDFAEFXAX
CGBAEDEGABXXAEBDGBGAGFHGDCDEGFGEDDDXHCHADHHXXXXDXHGEBEGBGCHCDDFGAEXAGFEXDEFAEAHHH
GEEEEHGGBCHHAHDCCXEDBCEECXCCEBCBHDAGBEHDXCDAHBGCGGEFHFH
CAEA
EBHAEDFDHEFXDXCBXDEAXEBHHXAHCCXCFGAHCFCADBEEEFXBFGXDCDB
HBGXBCXFBAABDECGADEBGEXXBHACEAFXDBDGGCDXEXEBHGXBBEXGHCHHFEFF
DCCADCXFGXXHBE
BCECGHDXHFXCACGEXGHHFCEBXBXGXGAFDFAEFDEGDGGHAHBHBAEBGEE
BEXAEEFGCEHABGHHCBAXHFGXEXXDDDFEBDEHGHCBHXBHCGGEDGBHAHCEXEXE
EBAXFBAXXHFEGGXDDGDDGCGBFGFFFACGDFEHBBHEBF
AXXEGDAHHBAFDDGXXGGCHXEDEAADBHACCBBDGDDXDEADEFAAXHXFHEGECCXHEDACAADFXXHAEXDXFAAFHGBG
BXBDHEGHFDBHAABBCHGCEDDHXXBFFGA
XXDGHFXGGFAEAXDD
EDXDGCGDCDXDBBFEDGFECGGFXEXCEGDDHCBEBHAECGDFBEGF
BCHXFFXEFXBBEXFCGXFBFEBEBDGCABCHCEDCAFDFGAXDXEAXFDXFFBCHBBHBGFCXFGXACHEFH
BFAAXHBCFCDGXHEXHXHEHXXEBGXAECHFGCAABHHCBBAHFEG
AAXFEFBBHXHXAEGCBACDGFDGHAHAHDDCCHFAEGHAHDCBDAAGFFCECGEFAEDEEXCACGAGFDDAACAAFEHEAF
FGGGXHFGGXEGBDHDAHBEAXEHFFAFCGBBADFDEFCAXAXFCFCAGDEFACGBBFCXFGAXXHGEXGFCFEDGAEABDXF
CHDHHBDFFDBGCBABDBGGADBGGCXFEXAHGFHBDXEXXEHHBDBCACB
FAHDHCFGXHFBBFDFGXEGX
GCXCDXCCGDBFBHADHCGFEBDFHFDBFEHXFHDXEGFBFEACBCCHGAGCXFCFFEBFACDHBHABXHAAHFCXDXDAECGHF
FXEDCXCXHHXDBGCECGAFGBXEACXDGDHBHDFBECDGEDBGFEDXDXBFEFCBGXDHDGAHDDGXHGFBFGHGABCECAEBHGHAXDFDAX
XBHCFGGXCDXBA
FCFGGEEBCAGDXFEHGHDAHGGGXFDADD
BGBHBHFCDDDADFBCBDXCBHHCDCFDBHAXEECXBCBDEFDDBFEFDBAXBHXDCHHBEFX
CFEXEGXHE
FGDHCGHGXCFABBAAADGBGXBDXECAAAHHXXGXHEEAAEAHFBFHCCFFCGHFXHFBHXFHFAFXDBBGEGXXDXBAAFEBCDGGGHXGGDH
AHDFHXXGEBDDAFGAAEEAXCADHXADCXHXDEHDADFDCGH
BXEXDHHEBBEEFXBBCBBBGABEFGEXFBHGXGEEAAHDEHEGEFAHBHDCEEEFFCXEHEXBFGADBDEECBD
XEBEXXXXFFAXGGGAFXDCHBDFAXFHABHDBFHEAAXABBXXCDHFGEAGXCBGEXDEFBGBBDGCCXEEXAFBAGDAFDHA
ECHXGBGCDAEHCDGXGGGXCCGCAHFHXDFCHDDEDFFHBXFEEBEEFBXEHAFGCDGXXDCHBABBEHGBXBFXXGBXXEDCGBEBAXHCCG
XCAGAHGABBADHXX
DAGDXBFCFXGFEHGEGBEBDHAHDFAAHGFBBBCBGCDFDDHFABFEBEAFXAEEFBFCCFAGDADBHFHFHGDXGDDFEFDXX
DFFXCXAHXDDBEGAXBGGCGFECBDAXDFEFCXHFBEHDFFHACBBFHGAFEDXDGHGEAAADCGCBFGFXXDHGGB
GDDDXXHHGDGCEBDGFAXX
BFXDFDE
CECDHXGHCDEFCCBGABCXCBDEFEBDHBBHHBGEBAGEXAFXEFXDDFFEDGFHAEHDGDAC
AGBEAXAEXBXFEDGAHXCHECHBHHGGFXGDGEGXGAXGDXEACCHFGFCBGAGDBGCCBDCEAHCA
XGEXEBEAGBBEFAXBXEBDXFACXXAHEEAEEXCGDDBAABDADBEGEEF
XXHEDDDXEACXXBCGFBFDFGXHBFAAGEECHXXGBBXBCFHXCECXBAGEEDCEHDHXEHEGFXXAEBBCFDADXXXCXXDX
EFFHXEXBHGCDAFDFAGEBGHDGXDADECHXHCEFXFFHECDG
DHDBGEAFDDCAXEHCGGBBHGXEEXGGBECFCHXGFDEDGBFHFFDABAFDHFHGCEFHFGGEA
DAAGXHCXCDCBFACDHEDFGHAEEDEDECADXFCHDCBXCBHXCFCBBDCBECBBHGFACHEHGAXDFA
HGCHAECBGCEHAAXCHDEEBFDXDCCXFBEECCHGEEEEHECDGXFABCACAGDCAXHGCBECCDGHCDFHBXHXG
ADDCHBBFGXDFXDHGDDXHCAHDHDCXACHFEEAHFGXAFBDEDXEDXG
BBECBDAEXGACABHGXAXCBXDXXXAHACBCGAEFFHECHFGXBXXXDGXADDHDDHGHADEXAB
EGFGCFFDFHEEXGXGEHFFDAAFHXXBCACBGXGEHCGFGAFHGCHGHCFDACC
BFDGEXFEDGXGHEFCDBBCE
EGCFEGBDCFACFBDAHADACGXAGDBHXEXDCDFBGCABCHAHHH
GEEDDAAFDHEHHHGXAEFGABDBFEACHEBDXADDHAGBXEBXCEGXXFXCFFACFHGHCHEHDHFXABEACXEDGCHBXBECCGDCBGGCGFAACHA
HGBXBEXDEEEFDBABDCHHEFXCEHFGBXCHGABEFGHFHGEECFHHHFEHAF
ACGXFGAAEECFBEGHGGCGFBBXBGCFDADHCHGDAADBDHBFAXAEGXE
EXEHBXCCDDHAHAGHHBBHGHGEFGDBAGGAXXAXBFCXGCDCDCDHXCAGCHGBDAAGAXXBBAHBF
GXBAXBHFCGBGHBFHCDBBDXGFDEHFXHFCAHXCBGHGCBAADGDGECHGDEXXXCCGHAFCCCFDGFHBADDGXD
XFHBHHBAAACGFBGADAAXHX
BBDHCDGHXGDXXFHGGEBXCXXGFCCFGDDEFFDXFDDAHFAGGFXAGXXAGCEDECH
AGFDBCEXCADXDFXXHXCHBGBXGHFBXFDXDHABHHFGGHCXXXHDXAXFHEGDCFBBBBCAHEXBGEXGGXGXFFFHGDXXGFH
XEEHXAGHGFAGGABDDGHXEAGGCXGCBBHXFBAAEHEXCGXHGGCDFBFGHGHEBCE
GEFXFDG
AHGHBBADXDHXCFGDABXAFHAGABEAFGXAAXEDEDGFFDCXXGAFHDGGAA
HEGEEADAHFGAHGHXGGXEXAXBGDGEDBFXGEEHCAAXCHACXDABHBECDABHXHBAAHHXAXXFEXFBAADXHECDDFDBFDDBGED
FDBDCGGGHGDXADGBBEFXXCFHHGHBC
XFGACEHCCDXEF
XHAHGXBDCFFGDXBH
XGAAAEFFBFBBFCAGEBFEHBDEBFXEBHXAHCDHFBCAHHGGFAXCAHHBCXHBXXACEXXG
HHXCGBXHGEFFDECXDAAXGHXHAGAEBABEAGDGAXH
DHDDDFGADXHFCAGCGHCBEHDGGAFCHBCABCCFEXXXHBCAFEGBCADCGXXGHDEFBGXBBCACCGABGFXFAC
HXGFGADACAEDDBCDXXHHFDGCFXFDEFHCGGGECXBHECDXDXHBECCGBBXXCE
DHXXXEEFEDXFADHXXGXCGEBFDDAECDHDHDHGDCG
AXBBXDAECFGAXGFCCXFDFEHXFEAACGDGDCEGCBGBAADXEHADHHDXCXHHAGDHCGEBFHFABHBCXADGEXCGCCDHBAXGXGADEEGBGED
XGDGBHDABHHEXHDEFBEHHHXFBGHHXFGDAGAHFFEDCCHXHBX
GXBGDGXBXFCHGGFFCCDXDFCCCXHCDEEHHAFGCEGB
FXXFECEGGEADXECFXFEEXBCBDCXXA
XEAHXCHHDFFBFEFXXDXXHBBACHHCCDHHXDGHCHCEXGHHDAXXHACGEC
BXXHDXAGADEBXEGFFAEFBBXDACXFBHAEHBEHBGDEACAAAG
FFFFGDCXAEDXDE
DHXXBAADGGGACCCBXFGBHBEDCCDFBFCXFE
EAHCFGXACABE
AXXGDBHEEFHGFBEFAFHFAHDDDBDACFXXHBCGBDGF
HHECE
GGXBXDDHGFAAHFAEFCEFGXFEACECCXXFCCDHHAGHGCX
EBHEDFDHBEEXFA
EHBHDXBCXEH
DDBCEBEEXCBCXDCGGDADHDHDGACHDEHD
DGGFGHDBGEGXAHADDEGA
CAEFAXEACBBFDFFHCXHEFHBBBXXCEFCXGCDDFFEBHBBCBXBXEXHXDXHAFDAXFXAGXHBDEAHXBAEAFEAAFCCEXCXAGFB
ACXCEEBXHCXFBXFCEDEAXHBCXCGBFFD
DGCGBDFEAXHDBDAGCEDHFDGEXAACBDCAAAHCAXBGEGHCFFCCCXEADEGG
FFABBEEAGCGXGGX
HGEFFHFDXGEDC
FBEHGHCXCHFFDGHCDBDXGFFXHDBEBGFHXBEXXGFXFGBDAEGGGXFHAFHGBEDHBBXBFEAHXDBCX
XCFAAHGAXBACAHBBECEBDAFECEBABEDDFEEGEX
BEBGHGGXFEXFACAGFFDXADCFFDGEEEHFXDDBDFAHEBCAXGAXGAGGFDEXXCFCXGGDAHEEGHEHDEXXD
XFDXBHACEBHXAHHDFFXEGBEEABDCEGABDFBDCECXAEHAFDAADABCDHGBXGCGBEEEXBEBEXAAFAFHCDGBFDEHBCEE
XDGGDGAGDXDEXEAGGEBGFA
DGBXBEXAFEGGGFEBCGEXFHEFEFCFBFCFBGHXBXFFDXHEAGBFEXGDXGGXHFHXF
GEHGAAFEACDCGFFDGEDGHGHXAFDEHBFEDHADAFHCCAEGCXGBDCEHBHGEXGBXXEDABFFHAXCBADFEFFHDGAA
EFFCGA
HGDGXXXGHCXHXCDFGGXXFDCGEXCEBHCEXCCEEHADADADFFGEGHBFX
ADC
XHCH
XEBACXXXEBAGDHHHBHFAHEDFFGCBFFAHEHFFCDHBECXCFHXXDGDGDDGHEEDHFXDADABF
BHHEBCCECBEGFGEXFDACGHDGC
GCAFEAXEGCEXXXBDECFEDDDHCGFEEXDXCCHEXADBFAEXDDEBEBXCBEXCCFCHAADGHXFAXHXGCFBGAFCDXHXCCADGBDHFHCD
HCCXHCEABGXAAFDDFXBEDBECFAXXCFGCCBEEXAEADDBF
AABFGDGFEBBCF
GXABCFEBACGGXEEDGFBXXEEECXHXEFGFHGECXXCXFGHCBADXXFECHDBCGGEFBXHGXECEG
CADGEEEEDDEFFHXFXGHGGGADGXFFBEDDBGGGEHGXCEA
DCBBAHAHDBGFFXDAGCHGFGAFDFEXEFHGGFCDFHDFHXEADGAGAFBGFADAGGGAGDECEDFFCDCEHXCADCFX
AFHAEADHXXGXBACBADHECADBGBCCFEDBDCAHBDHDHDAXEACXGEHAGXGFHBBFFDFGEAEGADAGEAXXGHBCDXHFFCBDBCCGHE
HECXCEHHGEBBAXHHDXCCXXFBCGEEFGADXECHXCFAXEDCEGAEHXGXBXDAAEFBAXCFAFEDHHADEGEGFX
GCAAACDXDEBEBEGXABFDDBADFCAHGEABFDFFFACGCBCEDXHCABXCHHAAGCEDHBAHFBCXEEEAFHDFHF
AEHHXFFFGXBFHABAA
CAFABBGDGHHEHHXEAXEFAECXCAXBXGHFDEFAXACFXGFBADB
CXCDHEXXGXAXCCAAGXGDBCXXBFABGHAHHAFBGAHXB
EBGDFGFGXBGHXFABHACBXFFEEXDCBEGAXXHGHABGXBFDXABEHEEXFCXFEFABGEAACCFAECXCACDEGCFBFEHB
FHDDEDDXEHCGEXHACHFFDCFECCDXBAXXGDHXXBBBGBEXEADXCEHHHEDH
XDXCCGCFGXGGGXGDDAHADEHEEXHAGGECDGGDADXFXXAHFGGHBCXFGADCBAAGBGDXFBGCBGHFFHEBXBXFXBGDBCEXFGFEDGCEDE
CCEXXEDDBDBCEGHCAABDACXEFFXCXGAGCHEXAFBCXBAFCFDXCGGXAHGXDEBCXBAEDXAF
AEFDABFHGHBGHHXHEGEEDHFHHXXCBGHBCCDGXCHBECDEGDGCCGDCAEXAXXDDEHGEHAEHBFBAXBHAAX
DBHCDDGAECGDXBHXBFCFBGBAEEGFXDBBAFCEFEBBAGACDGXEXAEFCGXHCBBAFFHHHBEGBXGECGDBFCAHBAGECGGHDDFBFXDFCB
XHDHFCCGDGHCBXGCDFBBHBXHDCCBBDEDFCGFHHXGBFDDDHEHDEEXFEXBGDDFGGGEXECECADEDXGFCCECAEBEEHHEF
AFBAGEFHXCEBXXDD
CHDHFDDFAAFAGBHDCFGFFX
BXFEECX
FAXFBXHBDBDFFDCGXF
XHCGBECFXHHFCFEDXCDXXDGGHFXFCXEFFAAFBEFEDGAGCCBGCDAFGCBFEHGFDABDDXGGXDBGECGHEFB
BGEAFHXCBECGEHFGXCXGECFBFECHBECADDFGHCDFCCXHGDFHEDEHXAGDDCEDAEAX
ACHFDDBHXHABCGDCBGFFGBEEBDEGCDAGXGBEBEEFHFHEXACFCBCAXGEEBGAE
HHHXGCCGHHCADBFXBHCXDFDHXXGDAEGDDBAHCFBDFHH
AEHD
DXFFBHBDAAEXADHBBXDXCFDDACEFGHFACDBEAHCFBFGCXXDBDDGHHGCFDHAXGBAGEABEXGFBAXH
GAXCFHDCGGECDDHDGCHGFHXFXXECGXGXGGFBDDXEBFCBEGAHGEEBCDFDD
XCEBDCXFGBXGEBGHAHXHHFEXXHECEACFGCHXGDBHXEXHABBGCDFGGGABHBFBDFF
BBBFEAABCDDAXGCAXAHHADGBDCGGECAGXXBDGCFBGDCBHHCHGDDEGGAHDCXXFHADDCDXA
FAEHFBEGCAGHDXBFEBGCCGBHCCXFECHDEHEFAXACBBAAHBGDDAAHCXXFECXEAHHXXCGCHXCXAEFHDFGDBAXGXFGGAGBFDAFXCC
XXACHXCCAADHEDCFXAHDEBDCCAAGDAXHEBXDXXEDDXAEACGDFCAFGEGBADDHHXAFFGAHEDGCFAGFAECHGGGB
CAAAFEBEBBEGFXAHHXXAFGCEDFFAADBHBHE
FDFEGAXEXGAHEHBHDEFDGEFCG
DDBXDXXGECHDFGFGDHXEACCFXEDAEFXDBBEDCFHGXGEXEBFG
GXCCFHBXCHXEGXBECAGHHFDAGAAEBFDABXBXGGBCHFEC
DXXDDBAGFFDXEGXCCHDBHXFCBHFHAFABFFXGGXGAHHXBFXXBECDFABBGEGCXEDGHEHD
DBACBCB
CCDHBGFBAAAFGXCHXDDBXAFECDB
FAFFBGHAFACAEXDFFCAAHAF
HAFDHGFCEAEHGEXFCGAEXGEBC
CDBBBBFHGXEADCXEAHBEBXAXFBFGACBHEDHCFEEXDFCAEFXHFCCBAACXDCHAFDACCFGCCXFFFCXFAFGHCX
FBXGXHGGXEDEEGXAXCFBAAEFXCECCADDFGBBBDCEGXCDBXFXEDG
DXDAHHCGCGGDXAFFCEDBEXDHCABFEHDEAFCFFFHFEDFBGFEEXFBEAFDEEXDGGBBFGXFGFCEGHXDBFHCBDHHDHCEXHBB
FHHXXCGECFBEHHHGG
CHEEXAGBHHCBFHAH
EAFXXCEDBCFBFXCADABHEFAFFDHFFBCBBGEHEFBEEAEHEDHCHEFBBGGEGGBAAAGGBAAXBCAADAEBXEHCGCHAD
FGFBBABCFGCEHEBCFCDCAHXDXFFHDGFGBXF
XHHHBGDGFBHCAXXXDBFHAFAFDXCGCXGADGHHFFDXDXEBXHHGBDBGHBHA
CCHCHDDCHEXXHFGDABEXDGBHEECFDCCXCXAEXFGFDBDGHC
BDGDBGXHXBXXCBBHDAHFFDDDFA
DGFFHXBCEBABXBGHXGGGCDXBEFGGDXXBXGCEABEBXXE
XBXFBAAAHFFFXFXCBXFFBCDDGHADEHFACEXEBGBFAHGAHDAHCX
DHACCHAFGGCCBAEEGDBACAACHCAADDAHXFGCXGGBBBAHGEBCEBGEXBXGEFDCGHFBE
GBFECBBXAHCADXXEBEEFXXHCCXDAXEB
HBBXGXBBDGEHBFGCFBEEFDGAFDHFDFBFACBCEGDEXHDBFGBACFCF
XGXEGGHDGXHBDGCGXXFHCGGBCAGCXHAHCADFGACDAHBHGEXXEXAEGBXFXFAEBGAXFHCDEDHDDCEGGXGXEBGHCXH
XADFFCHHGGBBGCXAEDFXDAFXADADFXCG
DXBHFXXCBAAFEXGADXEAXGEEEHHAXBDBXHHXXDACAXXDDEDBEEDE
FACHA
FBHGEXAGEDEAGXGCHDDDFAHFAGECXXDXCCCHEFECBAHFFFXXGCBXCAACHBDCGCADGXGCCFAFCGGAEXGDFAH
XABFBEHEAHEAECAXXCGX
EXEHEDEXCXAGXBXHEXGDBXXCXBEAGBEBAECHAFXHFAXCBGDEHCAHECFEHABHGCBXEGAFBHABHBDGDBXCEXXFXBA
ACHAFDGHDBXBEGXFCCGDXGGECHCACAXAHFEGBGDHCDAEHAXACXFACHDXCCXEADEFDEEBFFBCCBAEABBBGDCAXXB
BXABEHHXXCDDEXXAFCBAFXDAGEXBBFCDBDEFFCGXBDGXCCXABHDHHFFBXAXHBBDGGEFGBEEXBDEGCGCX
CGHAHGBFEGCBHDGDBFCDHHEABFGBXBEBCCBDDEDGED
DCAHECDADHECAEGFXAXEHHCFH
BXXDHHXEXACEFHXACXGDHFXGBCGAAFBBBCAXDDAE
XEACADHBBBCECCAFDFXDAADBAGAGXFXFXDFFDBFDGFHGADGCFAGCGDXXDXXBBFEEXAEDADCHCGGCFHADXXFXGFHB
ADEEEEE
GXHEFBCXFCCDHAEFEDHEADBF
EGBBEFBGAFFXGHDFHFGXEFFGBGHCFHHACGHFXAFADXGAEFHBHHEXBGXAEEEFDEACEXBGAEXDXBBHCHDXCXCCX
BBCGAAGFDHGXFDXCGDDECBAAXGFDXFBBEFA
BCDBBGEHEFEXXDEHDCDCABB
GFEAHDXAFDDXEDFDXXFHCDEXFGAHEEDDACFGHHEHDEFEDHCGADXHABADCGDXHXBGHAXCCHXBHXXBBXFXAGEB
XHGGXDFXBADEGGEACGHECFCCGFGGGBBXD
DADCABCFHXEEAGBEBGAACXAXBAEAXFAAHCXXDXDBDHEBFBGEGDHDDBBBEGDFGAFFCGFGHEABHDX
CEEDAHCGCGXBBGGBDHDDHBEDXXDFEABDEGHGAFXDFFAAHCGBGADBFBDAFBAAXFBFBGBEXHFD
HHCEADGBHADXAADGGAXGGCGFEXXHHABXBAFFGECCFDBEFGDHAEFBAEBAABHFGDAHXACGAGGCHEFA
DFFACFGHAFDGHAEXACEFDACXXXBABDEFBFXHAEBBDHCDCDFGEFXCEHFAHABCCEDDAEGGFEADADBFXBBBXAEGEGHGCXBCHEA
GHGHGBEGAXGCACCFFFDAC
FEEHEAHFHAXFHBGDCHHDACEFEAHBEFHDBCXEHGDBFHXCAEGGHBXAEEDDEGFXFCXEACDCCHEE
GDDCAFEABCFBXXCCHDCDCCFXFCCHHCFBHEFEDFGDFDFEBFFAHCXAXXCCFCCHFFAAECAFAABXADAEXEC
CCDAXHBHCHAFHXXFFFHBBFCFCCXDFHCFFAGGGDXBHCAGBAFHFEGEXAHBXEBHEFCFCBACABBFDHEBDDXFCGEGCEGAC
HFFCXHAXDCBBXADXBEFGHCEGBBDFCXBXGXFFHHGBXF
HEABDDFAXADGEEGEXCXBBFCXXCDABXXXGGEDDEXXXCFCEDECCHAEDCGEHEDX
GHECHDXAXAFHGADCHEGAEBBDEHAGXGBXXACGDDAHGFFFEGHBDAGGEGFFBFBFDHBBHXDGCDGFF
FCAEXECAHXHEEEFCDDDFGCXXDCDFAGGXFAFEBCCGXXXHHB
CAXDCADEEFGHGFFHBCGCADEGGCHBAXCGBFBGBXEABXBBCABHCHDGCAAXFCECDXAGABFBXFHXHDEAXCFXEBEXBDHCFXHBEAEEB
AHBXCGGAEDCXFBEXHHFGBCDXDECCBCAACGDCXXDXHABAFGHCFXEDXHFHBGBFFHGE
XACGXBCDCXCBXEFDFGHEBCGECHCCXCA
DEEADEBCXDBFF
ECBDBAEXAACDECXACCGGBA
AEGEGFDDEXEDCEDEFABFGFCHEBHHXAGBGGDEBGEFGBHCFFFBEHHXDGFHCFFDEXXE
HGFFCBDCDDFCXXXCAAFCEEXHAEGXGXGHHXX
XXFDCAEEXEGGDDDGABADXFXACHAHAGDHXGXFECAHGEEAFEBXHXXGGHC
EXBHHEXDGBGDDEADHACAFXCGFBCCEXGBGGBHBXGFFGXDXEHDHXFFHHADFHXFGHDXA
EFDXCGDEABCEEHDDHCFHCBEXCFGFAECEDBDHAFGHEX
AXCXXXXGHHXHADGBDGEEADAXHHXDAEFHGXDHEDCHEBXGHHBGBXBBAGBXABCEFBXADGXGXAXEXEXCCCXGXEBEFXGFFFGGDDFG
BCGHHAGHAFXHXAAXEGBFFBGDEXCDBCF
GEB
XEEAEDGGAGAEADEAXXEGXFEEGABXAEDAADACACFHHBXGA
FCCBGGBCEBXBGHBECGDCGEFFXAHACXAAXCDAFXFXHHEGG
GBDADCGXEXAXXHCFECBFXBH
BDXHBXDDXXEBEAF
AEGFGCXFDHEAFBCCGFFEDBGFGXFXGEXBBFEXGCFFBFEGXHCFFXDDBACCECHAEGHAGDFAAEH
AFEBGEFXGXXFGXCHAADGDDBHCFCHCEHCDBXGXAFABGAHFEXDDBHBXGHAXHDXEHADFEXEXCCFDGA
HDBECCBAADFAXHXBGXXBEFDXDGFEXFXHAECFEBD
DEADXHGXDXHXEHFHABCBDDEFCGBAFCXFEDHFEXBEFGCEGFFBEDDCDEBHGFCAHAEXEEEDDHGAFABHAGCAHEHHAXEDEADHH
AHAFBBDFGHGXBHCEHDEXEEAAHDDXGAEFXCGBGDXBFEHGBXGCXXXBDBFXDXEXE
HGCCCXXHEEXBDCCFHXBECCDABGDHEDXXGDXXEAGCBDCBCFHDDFGBGEGDHFEGEDDCCFXEEC
EHFXF
HFHEEHBCGXBBDXECABXGDAEAFXABCEGGAFHFHECXCHDXHAXEHABCHXCGGDEDGXFFEEDAHXCHDBCCAG
BXCXFFEXXEGGCBFXFXGFHADEF
ECEGAGEGGHEAHAEGBGDADBGDXEDDCDBHCAGDFXBBCAHBEECFHHXHB
AADHGEDAEAAFCBCCGAHCAEXHAACGCAHDHDCBXHAHCDGAHGFCAADDDHCGFDAFXXHGGFAHCFE
DFGDFBHDBXDCFDXXHEADDCXCGAFXAHXXHDABFGEEEDGDDABBDCEGXDXGBXFBCB
BHCDDXXBHXGHFFDE
CGCFBHXCGHXXXDFXCAFDFHABHDDXACHADHADCAXGEBXEXFHHEDACGFBDADCADADHXXXHDDBCADEXF
HFACXGXDGCXDXHFGCBAXHDCAHG
BXGDXEFEHDCFGBXBAHGFEFGCHBXBDFXEHAFFXFDEHDHHCGAXFBXCGDAHEBAHECBAEGFHFGGFAFAXBAXXBDEAFHHAAADGB
XGFAEDCEAAXHDAACGGXXAFFEABFBCFCHXAAGHAA
HFECHFCECFEDAXCABFHDXDGXEHGFADBFXDEAXDGCEDEFXCHGFDCXBGEFGCHCGDBHDGHHCAHBCGXFXFGCDHE
FAXDHA
XCDBCFECGGEGXEFDEHGXEBF
XEHGCXXCBFXXFXCAXDFHDFACECAGDAABECDCGDFHFGEXHXAGADDGFFFAFXBGDGAABAHACFFGEABFCBFD
CCDEGFXHHF
XFGEHBCHXEEFGFXFHDCAHADDG
FFCDHAFGDAADCDEGCEEXCADGFAFAHBXEFBAGDAEBDBDBEDXEAGBFDDHDXCBFXCGCAHECFD
AGHAEEAEEXBDDAACBBDFEDGDCEFFHGCAGXBFAACAGHACEA
AXGFDHXECHFEHHXDXEXBGCCDXHBCFBEAHGCFHGAAEGDAXBXGD
CCEEABGFGFAEEHFCHBFDAAGFFDAXXDFXEAEFCBGAECAEEECXEEGADCCGGGDAEADCDFDXDXDGHFDAGCDAGBAXXD
FCHFXEGBDDHCDHAXHFBXCHBGDXAXEAADAXBFDEXECGXDAGGDFFAFGFXEHDBHHDDXC
XBAFEHBXG
AXGEBDCFEGGFGEHDHAGEFXXBXXBAFAABCCHDBBXHHGDACCCHHXDHA
ADCAAXBGXAFGCEGHCGAXDFAXHXBCXFXCAXDFXGCFHCCHGDHFHXBCEFCDCECHXCEGBEHGE
ADXDAHXBFAHBBE
XGAHAHDXHHBEXGFBDDGXHAEDDFCECEHDAXAXDHHEGXFFFHXABHAFCDDFCDHEGBDXDGHAFCHBACCHDXG
GDGXHBAGHHCHEFBEXFBBFFHAFBEDEHAX
XAAXXHCGCHGAHCXHGEFHCEBBBAHFFGDGDCBHXAHCEEHF
HAFAEEXDCBAEEEXFEHFECACX
CAGECFDHADEDHDACAXXAEGXABXHCGFXCFEAXHXEXDE
GFAGHXHFDDBBXCHDGCCCEXEFEEDBCGDHADHDAHFEXXBCFHEHGFAFFFEXDEBAEHBBXDCX
XDDH
HBHXEGGHXCDCEDDHAEAFADFXDCHXDXHEXCHHHCDDAXBBEH
CECCGACCAEABFD
EEDBBXGXEADCFFHXAD
XCFBBBGCXGAFABHXCDXCXFBBDECEFAAEFHXHFCGCXEFBDACGHGCECHDDXCXGECDCDAXCBXHHCAFGXXACAFFBEXAXCCD
BACEBXCFXHGCFGBDHHHBXHXBBAGXXBBEDEABHGGECEGCEXFGAHABEGCAGDHFCFXXFGEEFGXHAGGDCAGXFHCCFDEFAHHC
AGFBXEEGXXEXBX
BHXDCCEFHCFXADHCBEGGHHBBCBDGFDDXXGXABDDBFCFBEXDBEBBEXEH
HDBXGDEXGHCAHEEEXGCFDEFAGCEXBGHADGXFFHBCCADDXAXAEXAFBCECBXBEXXGCGDXCGFEEDFBCDG
XHDAFGGB
GFE
DGDDAAXEDCGGFHAACEDHHBCCFHAG
AHFFBAXCCFEDG
DADBXXGABADDDAAACXDDXBBXEFCBADXDCEBHGDEXCAHFFDBDAXDHGHHEFHEGEXHDFBECHF
CDBABFXXFXCEXCEDDGFXXFFGGFDDDGGFXAXDAAAHDHFXCBHGGFD
HXH
DBDCDXCHHCHEFA
XXGBAHDCBEFBCFBEXXEFGFXEXG
GXCECHFEBEGAGGDF
CFDXBXAHFCAGXDCGBHXHDDGXEAXCECHADFDDHABEHXCEDXEDFHHBBHFGGBHEBCB
HDDCCEDCDEDXFAGGDEDEFHDHFAAGHABXFEGGXGBCHCGFFFHGDEAACECCEEDDHDDFABDXBXDAXHDHGAHBDDG
FFXCCFFHECHHHFBXXCGEGCCCAF
CGEEGFAHAHFCFAXXBAEECCA
EEDXFAACGHXDBFACBCXCFDAGECGAHABFFDGGFXEGADFHCEXDEHEAG
BDFFXCACCCBADCXCGCFAFFFCGXXHGHADACBGGFEED
EHHFBXXCGDXXECEFGAFXGHXBFH
EDADEGEHDBHEBEABGGCCFCXBEEACEAAAXGBBGEADXXEXDEXAEHCCADEDXCXCDDEXACCEGAXCABEEXXFCGCEEHAG
EHHDEXFBFCAXEXBEHCXXEXGAEXCGBAB
HXEBCHF
BDGHCHHCHFGHEBDBCXAXBEFH
HBFXXFAGAXHBXHAAXGHFEBEHXXXXCCGEHDDEBDCEFFEAEXXBDBXACGHHGCBGGBAXDGAHBFHEBDXHACHXEE
XGGCFHEFFGXGACEXBCEABBBFXG
GECEACHXDACAFBDDDBEGCFHFEADAFBBB
HHDDEFFXBFBHXDXBECBXBGHHDHXEGFFHGAACAEXGHADADEBBBXFECBFEFDCFGDXEHBDGHADEBAGCBAFFEDFABFXXFXXHEXX
HCDDDBCEGHBABBACGCCFDEAGHAACAXXFAGBGEF
BCEXEGBXFGGAFFDBXGGDCCXGDAAFFEHGECEDEXEFCADHAGHXBABGAFFABFXGHAFFXEAGBGEAHBFGFGX
XAHDGCEFEEXFGBCXDHAFXDDEXBEBCHDDGFGEFHCBAXAHXBEHFBHDDHADCXDDGDGXCCAECHGBXXCGXBDGXHEEBDX
AHABCFAGFADEGCGHBXGXXHFFEAFAGCG
CDXHDCCHGBGFEEHAGEBAGHAXEBDHEF
ABGHBCGFCFCEFEXGCBEDXBEFACXXXAAACHBFBHADCBCECAXAGXXGFXCGBHEEXHEXAGBFCHDFHXGHAHDADFGHXHXEXAXAAXXHCB
XECHDGDXEEDFDBGFAFDFBBGACXFBABEXADFBXDXDBHEDFXFFEBXXBAFCAXGHXADCFHXCFAEGCHDEXBBFDXBEHHDCDBBH
XHBAFGGGDFXGBCFDACCDGFHXGHX
XBEDXXGDFBGECDBBDHCFDEADECEEEHDBBHBXFHXEXGECAGFDCCDCFEHXGDAEHCAXF
FCXAEGFXGGHAEEECBDXXXDGFGCDACXEFAXCCEAXHCECFACA
HFFHGXDHXCEEDFFHHHXAAXCDFCAFAF
XBDAAXGCGAEGHEHFBAFGEFCGEBHHXFEFHACFDXFB
XXEEHG
FXXFBDFXGHHFBXAFHCBCBHGADDHEACDDBFXFXGBFAHBXCCFAGXFCCXGGHAFXHAEAAAGXFHAEXEFFHACXEXB
CGHBXCDFF
XABABAAXDHBCXEAHCDBBHCCFEECEEFFDEBEXDCXBHDXFDAGFCAFBGDA
ACHEGCDXCDCFEHEGFXDDGGAHAAECXFHBAXDHDBCABXHDBHXEGEXHXACGADADDEGAAXGCDHXEBBHDBHCXFBCB
CDHDFFBXCEXXAHCBGHBDXXEHHXEHAGFGGDBGEXBFFEFHDBEFGDEDFFDGBBXHCGCDGGEAAFEAECFDEEHEADECGFBDEGFHEDCBX
BHAAEBADXEDGFFCGBGAACDXXBBABH
XEEFEXGCAXHHDCEGXDAHAB
BDDFBXDGXGXHGEXHCXEHHECGBGDEHDDBHFDHCFGEXCEGAAAEHHBGDAHGEEGXGFBAGXCDX
XXEDADFCXHHEGFAEAEHBDBEDACAGGBGACDFAGHGAXCGFFBBBHGXCEBC
FAXAFBAGFXEXEDAHCFHDFEHFDCCFFBXCDHCDBDHXCAEFFHHFXHFHHHEFADAEXHHFDFHBAHHFEDDHGF
BBDGCGADD
FACBFEEXDXEDCDHDGGDEXBGCDFX
HDBHXXFXGBCHCHXEFEAEFHXHBBXAEDGHHBDXGXHFBADCDF
FAEGXCHDXCEGGHFXGAFAAHBAEFBFFXFGEXXXGDXEXCCBXCFGFHCFBHDDXAGGCGHFADAGGXFB
AAXHACXACXBFABCBCHFCG
HFCGAXCACCGA
FCXADCXCBBXAHHHGFBAHHFECACGCFDXABGFFCDDFADHHEFXABXHFBECBEDFFXCCBFECCAFDEX
ADHFFXXDBADHXBHAGFAHHXCEFCDDCFGHHFG
XHHCXXHEEBBBFDEGAABFDGGEBAAFDXACBGCCGAEFFX
GFEFGBDXHFDHCEGCGBC
BEEDCFAXEFFAGGECCXAXCHFCGDEEDHAHXEBCGBEEEGGECDGBCAHACHDDCFAGEEAXAHCFHDCABHCCXDACCEGDDCXFCHDXEGAAH
FGDGEHAEHXEFXEDBCGGCHECCFHFGBBGEFXECEACEEBFCHXXADBEEXXAXFCGBEBEBFFBDBDAXX
CHEBXHDCFGGDACCDABXFEFFGXBEEEGBBGHBDXDFBGAEAEBCFGCHFHHGAHBABACXGABHEFHEGBFE
FCFXGEBFBCCCHDABG
FHHFDGXGECHDBHBHCGDBHFGGFDXGBACDGFEHAXGBGACCFBAFDECACBFACFXFAHDHAXA
GXHHFBXGDXDAXDDBBEHABHEXEABHXFAAHHFFCEHCFHFCGFFHBCABAXCDHDDFXCCFXGBCGGFACGDXXCDEDF
DADBBAAXBBGXABXFHFCXXCGAHFDXCBGFAFFCHFBDHEAAGACAHFGXAXXBEGAXHHADHCXCFDCBAGFEGE
AFFBEDCBEBXDHXEGEAGGXAGXAXAAXCGXCXGCHHHFGEEAFBXGD
FBDFAECBGADFGBAFDFHHCFEBDBBECXAEHXAXHXXADFX
CCBCFBGCCBXBDDHHHFBCEFAFAXCHXCHCECEDDCXGAFFCGFXHDGAADGDCBAFDCEBXEEGFDBGBDXEGXHAAFDEAXXAHCGEHABFHGX
AAXDXFGC
XEXEFEHGGFAHBCCBBDHXABFXBHCDABCHAECDEBDAEBGXHACXGXCFDADGH
DXGHGAHHDDFBCECCHFEBXDDEEXGEBDHXEHHHEBFHCADC
GAAFBEDFHEDBABACCBXBAACEDBBGCCDCXXFAXBCAEXAHBDGHCFXFGGXAAXBHBECGXEBAHXCECEBFHBBGEHGCXHD
GAGBCXFDHXFAXAHDADECFBDBXFHBHGBBCABCHAAGGGGHAHDXBDDGBBDDBCXBBEFCAXDBACFXBADXXFAHGFABFF
CAGGFAAAXFDDBGDEHHHCXDCAHFAHXCEHCCGHBEGBBXCADEGCAGGCGHXCAXBDBXEEEDGEEAHCHEXCXHFHHFACEXABB
ADBHXFHHCCFBBABFHDABDFBAXCDCGAGXC
EHXCCFEBECDCBDXFXBHFCCCXDGHCABBFXGAECDCHCCBXGGECHFFDEGGBFXXGACFEADXXDEABGEXXFEDBDGCDHXGCEHHEEFHCDHA
AXDBECXBFCXD
GHACCADHFHDDBGGGXGCACACFADDHBFXA
DXBCBEAECFAEAD
GGBDABEXXBCFCABGBFEHCXBAXGGXDEDAXECBHEDCDAFDHBGFEBEFEFDXGHBGBBFAHDE
XCDGXXAEEHBGFAXGABFCCCDABGEAFCBHHDFFDFEBCGCGXFGEECCFFDBXCEXADFCGDFCGXGEADAFAGADCEXDGCFCACHDAAHBBAEH
GAFDDCDFCGHXXGDDDEHCHGADEGAXHEHFBACAAEXDHFDFCAHCEHXAHGDAFFAFBEADBHXEEHDGABGBECEDDB
EDECGBAEBDHCABAEHDDFFCEEDDEABFAEGGHCDBAFBGAE
BXBCFDACFEXFGDAXHFXEACFCHHBGXGFHAADHHFEHHAAXCFDAFCEDGHCGXXXFAGXXHFEFHEGGXXAADFDEEH
GCDXGHEFFF
XDGFCHBHEEXDXHACXXHDDGAFCXECXEBGGBBGHCGDEGDBFXBEDAGE
FGBE
BGXDDHFXDXHFXGBCCCGBADEXAEAGGFDEHGXFCGDHCFGABFEEGGBGGHEGEAHBCXBDCFDXGEFDXHGCGF
DFCFGXBDGXBDXGADXHDAEXCFXXABCEGXGXFFAAEHAEAEHCDBHBDHGEFHADFFAGHHGFDDEFCHHDHXADHHCGXDEHGADAFABHG
AFC
DBXFXABXFGXGXAGGAXDXHF
FCXXADABDEDADXAXFDHHXDCEEGEECXAEEGGHBCACHAAFXEGGACBXFGGHCAEBHAFEAXECHHDXXGAEXCGHDCGD
DBBFDHGAHHFBGXGCFHFDBBAHBEAEFAAFHXHXGCAHXAF
BAGDBEDHHAHFBABDCXFHFXGDFXEEXAFGDAFFCBFCBABECEEEGCHGXA
CGFXCCAAFCAEBEFDCFCFHCADAHBGEAAAEDEFBACAADEHDACCABFBAX
AGGAFAAACCGXDAXGBAABBFCHHDCHBDEBXBCXXFAHFHHHBCHXXCXEXAXCAEHBHABDFXFGEAHHDFABAEFXEH
BCEXGCCCCBGXHXECGEEGGAECXBHXDXDAE
FBECAXCECFFAGAADEXFBDXXDHBBHFAAXHXHEGFFAGCBHHEDFHXHXHEHBEBCFXBADBBGHFB
HXAGDCHCCDEABHEACDDBGFHECGBDBEFXHCHDBBECHC
BFGDXDDCEEBH
CBADBFCXXXHDAGBABBGDFEGHCCACXFHA
CFEXDFFFAXGGDFCACFACDFBDHBEGEXDA
EBCBXEBAGCGXXEDEDDFHAGHHCCEFXXGAXEFDG
XCAFBAHGGDFBEDBGCXAHEXHDFHBHEGGCAFCXHFADHGHHHEEDHFDECAGEEBHCXCHF
DHXXHBCEXXHGXEBHXFGHXCFFBXCACHECXAGBEEEDDXCEXAFHGDEFXADABEHGCECHAGBHGBFH
FHFAHXEBBFXDCGDACAGXEBEEXGFHEGEEGXHXFDBXBFFDEHGGCDBBBDGGHCBEGAAXBGHH
BFGXHC
EHXXGCEHFAAGXDAGEXFDEXCGBDCXDDDBFDEBABAAABDDHAEXFHBDBBHGDFEBFAXXAFHAE
EHCFGBDHHEHXHDBBGACGXHFCHHECACDDBCBDBFDHAAEDGXHXXGCCFE
GDAGHXHGCXBDXXDDDXCCFFFADDHCCBGDEXFCBEXGGFGHXXGCEFA
ACEXXCEBGHBEGAGDHXDAGFBBXBBXCFDGCXAXBFCBXBGXCDBGXEADHBBBHAFXXBEGGFFAEAAHEAECAH
BHGFAEBGHXAHBDAEHHGBXCCXXEXXCAXDFADGCBHGXGHDDAXEXCEEDXDAFFEHEG
GAEFCDAAEGX
FHAEGXEXGEGADHHDEXDGFXCXCGADBGAACBCGGXDBFEGBCCHGDEGDDBGFAEXEGXGFXFFXBA
EAEXXXFECBDBBBFFADXFHGEAHBCGDFDXC
HFDBAG
FBDDAGEBBXXCCCCEDGCAABACHABABG
FDBEAFEFBXCDGEBCXACFEHABXDECCDDFDGXCECAECHEBBXFXEADXDEAHBADAAEFXHFCAXFFBFHBFGHDBADBHBDXFXEAEXX
CHDF
XBED
GGGGHHHAHFFGCEHAXGGGXGEDDCCADGHEEGFXCAAHFDBCHFFDFG
CEFHHDHFBHCAECBHEDBXX
ACCCXEEHCXAGCGHACXEXEAHFHDG
XAFHCBBHGFGAGXA
CXDBCBAGDGAHXCFFABECCCBDDGHBDGXAEGDDAXEHCBFDGAAFFDCGEFXDHBEDXAGEEHGXCDGXBFXGEFHDADCGXCCFBEBGGGDBDGA
DAEAGHBDEBFCGDDHHFCADAADHXCCAHCXGEEDBDBHBFHAGBGXCEHGAEFGFHHECEHECDE
EDEXBCEAEEEXXAHXFXGCXXFFHCXXGXA
XHEGGBAABGDGHBDFHHFFCHAXFBGCEXHXEACGEACHHAXEEFBXHFBAHAAEGCXXHEDBEHBAHCXCEGEGXFXEFACBFDAXDFDXEA
FEECHGDHAFXFDFCFFDGFDDEXXAXDDFGHEHEFHBEAACXAEXFAAAEXXGCEHABCDBEEBGGCHHHDAFHHFXAEBHHGXCCA
BHFGFAXFHGHFBHFHFGXBHEBHDHEDBDDEHCHFFHHCFHAACXAXBEXDBFXXHAGCADXBDFXEXAEXGEAHEEBGCBCHDGF
CBXCBCGFHXBFFBCDACCXFDCXHDGCABAHDGDGCEHGXDEXDXEDXCEXGBXGHDGGDFCEXDBFDCDDBEGHADFXHBFAHDABDEXC
AHECGDGFXBGABXHXGGDHXDFXXHCAHBCABAAGDGXACHHGHXHCAFXCXDACFXDFXDFFHFCB
XFHDFHXEXAGABXBDACXFCDCECHXXBFBFHBDFFCXHGFXCEDCHCBFEFAXDGEHBHCGCHCECXHAGXAHDD
GDECHHECXDX
HDXCAXCGXDABBBDXHDDGGCGXFEBHBAGDXDBAHBBGHGEHHHFDBEFXEGCGEF
CCGHBGGXEEBCG
EXBBEXFBACBDXGEFXHBDCHEEBFBBFD
XXCFCGCDEBABXFFDCXFHHFHHCDFCDCEBFHBFEXGFXXXAADECXEBGGEHXXGGGEEECFAFCXCAFCBXAXGFEGHFCCBECFHFAXFXCFDG
EDFAFGEFEDADDGXADHCECGFGDEDBDXHABDHFXGHFEFGXXFXEHEBXXEEXGDXAEBFEXGDBXCHFXGBG
XEGXFACBDD
AGGBXDGBGFFGHDGHXFFAHDGXGABCXEDFECXAFCDGDX
XAGACXBGFECHB
FFHCEABAABHFEFGCAAFAAGECCXBFHBAEABFFFHBC
CAHCXXABCDDFXBCAAAGXGXCHGEGDDFAGFEGFHAXADXXCBADBDGCCDHEEGDGEGXCEAFBDBDECACFHAD
DAFCXXXCXXDXADGHBFAGDXGDXEEEAHFABBDCEXFEHBCGEGFFXD
CDHXABCFXCXHBXXAHHBFHEHFXEAGXGEGCABAFAXDXEXHDBFEDCHXABHFGXGEXGEBBDEBAXGFDACFBAAGXBCDAFBCAHEXDBF
HBGHBEHFGAAHEA
DGCABHBHFCXBECXBXCXHXGCCXFCDC
BDDEBGHXAHBEDHFDXGXACFCXXFAX
XHGXGBDBGEECEEBGEXXXBHBEBCACBBECGXFXFDXCXAGCEHDBAHAAXGHEGXDXADXEBDDCCDXXGAXAGF
DBXGBHXCXXHHXGEFEHEFBAXGEXGXEECHXDHDAFAAGHC
BDEFCFHEXBEEDHGXGAGCBCDGCBGCFFCFFDCCHBFH
BFCCXAEFBAGBCEDHFBABFBFD
CFGEBDGGGHGFAFXGBHDEHGBEECDGHXBBECHXGXBAGXGBHDAGAXDCEAHFHAHEBXDGFHHFFHBBADCEFCGAGFGFGCDGCGEAGXXFC
EEGGHB
AHGDDAHHFFEAXBBCBHDHEGAXBXDCEAC
BXGDEGEFCBCXBAGFEHBCFGAACHXFFEFDXADHGGBHXCXFCDGXEXBGCGFEBEBFHFGCADCAXDGHGGDCBGHBHDDFHAXXHDFG
FADXBDBFGFCEDABXCHBAAC
ABECHXBCGHCAHEFCEFGGCXDABCXEHFGD
FHFXAFDEAAGHAGBHDHBHHCCBGAAHDXGXAHHGEXCFHXAGEEAXGBGEDBXAEXCAADBEGBDEGCBXFXFH
GADXAFBDHCEFADBFFAEBFXXCABXBEDFBEXCCDHFEXDGHEBFHEXBDAXEGACXHHBDBAFEDBDDAGHXFFABCGXDBDBAGFCCCDGC
XBBAXADHXXAGFHHXBBBXFAAXXCHCGCDBGECCFFXDXFGXDCEXEFCGDBXXDG
BFFAHBBXBFGAGXHCAEHXCHABBHCXBGCAXGGHAAGXGCBCGEFFXHXBGBHH
GCXEGGAFGFHBBGGEXFGBGCHAHFBXGGADAXHHAFXBBAFXDFACGCCHAXGCXAFAXCCHBECGEBXXFFGXFCXFDHACDBEBDEEHFEXCD
FDXDDXDDEFBXEEXDEADEBBDHFEEAEAGFBDXHGEHDGHEGFEBCHXHGCEDCGHADCAFBHGAFAXXGHXEDBXGHXHECFBDAFDCFH
EADXBAE
BXAFBDBFXBGBCADCGB
XHAFDXGBHGDBHFHXEBBGBECDABCDDHAEECDFCGEGEBCXGDDXBEEGGFGEEAAHBCBXEXFBGEGBCDABBGCBH
DXFAXGEAXGGADEXCAFCFXCDFACHAFACABHDFBHXDAGAEEGHCDAXE
CHCCCCEGCXDHGCCXXGEGFCDHDGXGDDEBCCCAEXBFHBBGA
FECDHCHCXDGHXEGHBCDACHGHXHECXEBEEEXHEDXBHXAFFHGGCEEXHAGXDGDXXBGCEHEF
XGFXAHBGFFBXBFXHFC
CDGDXHEGFXDEXGGEFDEECDXHXAFCFFXEHBAACFECCHDHCXFG
DAEBCCBDGEHDEXCDDFAAEADCGHCBHHDFEAEXCGCCBFBDDCEEFHBEXFDXXDXGBHCCHHCAC
DDXHDCEABHDXEFBBXCHCF
XBDDDFAHFCCGCGGHFXEDHCXCGBBFBEDA
DXFGDGACHXDEGGAEFCDFHCXAGFFXGGEFEAHFEABFFEBBFBD
FFBHDGGAGFBCFXCXBAHAFXHBHXXBBBFHFCXHFAGGDFAEFXAXFHEACXCHXXXGACBBHBHAHDFCBB
DEGFGEDDDXHCHADHHXXXXDXHGEBEGBGCHCDDFGAEXAGFEXDEFAEAHHHHCCCCDDHBFFGAGBAF
XEDBCEECXCCEBCBHDAGBEHDXCDAHBGCG
XBCGAGCAEAHBGAHDAEDCGFBDABXEH
AXEBHHXAHCCXCFGAHCFCADBEEEFXBFGXDCDBDBHEBFDDEAFBHCFHAECCHCEDEBAXHADXXBXHHFHDCXCCXCE
BBEX
FEXGGHDCCDCCADCXFGXXHBEEFGBHFDDXAXFAFHCBHXBDFCCEBGXEDXDHAECDXCHBHHGAGEXBECCHXCCFXAFFHDXGHFAFDBEHGA
FDDGCBBBEBGGCHCGHFFGFDCDFCHCDCGXAGFGBCBCDXGBHCDECDACFFBGCXXCFDFCHDDDCDAFBXDXXXDAXCABEGH
CAEEEGXGBXXDFXGEFFEFGACCB
AFFGEEXHBBDCABCEAADGFAXCCCFFFDC
DACAADFXXHAEXDXFAAFHGBGEHEEFCDFXECGEABCFGHB
EDDHXXBFFGAGXBDGGEDHXFCABHBFXBGBDXCDXBBCCHFGBDCXXDDGFEDXBCCXEC
CBDXCAHHDBGCGEGHFHCXDEGXCFDXDDCFCHCEFXEFGCBDDXHBAEXE
DCAFDDCAAXEBDGEFDBEFCHEFHDDHAXXCDXAHDAABEGHDGFXHFFXEXFEHEXC
HHACBXDHFAABFDXXGFBAGCACBHDFCGHAEGDBFACAECXDBFBAEAEEBGGEFDBBXAXEXGEAAXHHEHXFXXABEXFFGHDG
ADGXBAABFAACDCAXHXDBCHEDDXFBCXBBADXHEEXEHBDADFCC
EBGHCEFADAADFGFACECDAFHEEDBFDHECXGXCBHXFECEHECAEHDDGHBBHXCADCCXDCAACAGGXBAGDDEHFXHEFHXFGXXXXF
DGBEBFFAEFCXEEDHGCBXCCHBABGFGGEHXXCGEXXFXFFGCCBCDBBXHGBGFGGAGGEBCFEEDADDHAXHDBEE
FGGHXHHXCHGACBXEHCGEHABHXXGX
EACFHGEHDFXDGGGDDFCAGXHEDDBBCE
GAAXEDHD
BHDFBECDGEDBGFEDXDXBFEFCBGXDHDGAHDDGXHGFBF
HGEADEXEFDBGBEADHCFAEXB
XGCBHDEGBDAFCFGGEEBCAGDXFEHGHDAHG
FEXCHAHFBGBHBHFCDDDADFBCBDXCBHHCDCFDBHAXEECXBCBDEFDDBFEFDBAXBH
HXEGDBFCFCFEXEGXHEDHHDXHFCFXXEEBAAABDEHBXEXGBEAABDBCHEFCCAACAXAEGGAFEGFHGDGGDGGGE
HFAFXDBBGE
HHHHDDAACDBEFBBFEGFEGGAHDFHXXGEB
HDXCXAAFBCHEAXXXFHEHGDHDGDAGAXGHGBXEXDHHEBBEEFXBBCBBBGABEF
XFFCDD
CHXXDA
ECXGXEDDACAXCEDHGGB
XGDEFBCHGCBCEAFGGGBDCHGXAFFFAFXXEA
BGEAXXXXXBHDAFHGA
XGCAXBECEEAFHD
FGEAGXCBGEXDEFBGBBDGCCXEEXAFBAGDAFDHAHADDHBHFBACGXHDEHHHEAFHFADGGE
DFCHDDEDFFHBXFEEBEEFBXEHAFGCDGXXDCHBABBEHGBXBFXXGBXXEDCGBEBAXHCCGCFAHXDDECGADGCGXABCACHD
GBCXGDHCHGGBEDABBAFAGCGBGGFEHFHDEHGDEC
FEBEAFXAEEFBFCCFAGDADBHFHFHGDXGDDFEFDXXBGXEFGADBEHEXDECEHHFHXCFGHADBXXXFGBDECBBADDAAGEDFDXAGB
XDGHGEAAADCGCBFGFXXDHGGBHEBE
XXHHGDGCEBDGFAXXEGXEAHCDFEEBEFHECBFDEHGAFXXEGGXHAXCEEHHBXGAXFBFXAHXDEGXXXACGBXBAFEXB
HAAEBGHAGFFECGHFGFABXEHAEEXXHXDHCBGDDFXXDAGCXAEEEHHXDXHGABGBDDGGEAFXDX
AAGBECXFAFCCFACDCHGFXAFAAEXAHFFFFAEDFBBCGAAXAXCGFHFECBEXGFXCDEABEXHBEFDBXEHBCDDAAXECDCHBFFHGH
HHEDHEXC
AHCGDBCFBGECBCXGEEACXBFXHAXBXCFBGEXCECDFFBBHXDGABCCAFXCGHEFGXABFAHXHDFE
GAEDCABHCEXCDCACCBDGADBAGB
EGXHBCGCHHBGFGFGDDGEXDHCGGGGBXCFGXDXGHFCGFGHHGABAABHEEFDCECHADEXFCADBGAFEAEFAABEDDHEECGGCHGAHDCEGA
GCAGB
HGFACHEHGAXDFAGCFDAHAXHFCXAACFGBCCEDXCEFAEDEHCFFFXGCHCBCAHH
XFABCACAGDCAXHGCBECCDGHCDFHBXHXGXEDAFBEGHGEGBEDHDDBGAEGBGEBGE
CHFEEAHFGXAFBDEDXEDXGBBCBEDACXHEFEXGHXAXBBXXBXEEXAABFHECXXFCXFDHXBBXGECGFEB
HDDHGHADEXABHDDHFXDBADCCDDXHGXAGEAADD
XXBCACBGXGEHCGFGAFHGCHGHCFDACCBEECCXXHBCXHXCDBHBGFGXGDHXFCEA
EXBGBEADADAFHGAXHBXXCGBBEDEHFXEFDA
HHHHCCDBAAXEGCFXXDEFCDCFCEBECAFFCXBDXBBFACEDCBFBHDE
XFXCFFACFHGHCHEHDHFXABEACXEDGCHBXBECCGDCBGGCGFAACHAFCXFCHBEHCCAHE
ABDCHHEFXCEHFGBXCHGABEFGHFHGEECFHHHFE
EACACGXFGAAEECFBEGHGGCGFBBXBGCFDADHCHGDAADBDHBFAXAEGX
BEXE
DCAEEHGEXEA
CBFDXBGHCCECGGCCDAHXFEEXBEBDGFFFXFGDCCBBXXX
AEFXEAXHBXGCCDXAXHEXBABBAEBBBXHHGXDGHHHEF
DCDBXXCHBXECHAFEFEDHCXBE
BHEDDGDABGXGHXBHDHGEEFXXEXXCCC
XHAAADBCDHBDAAXXAFHFCCEFCHXEHBBCEDGDCDEEBXHBEEXAGDCGGCXABAACBFCXBFGEBHXCAC
XXAFXFHDGCACXBEDDDGXDAHXHEEDFGGHECBDAXGDBEBCCFXCCAGAGBDEBEXAFFGH
XDBFCGXGFFXDXHHHDFCXFBCDFAGEGDBFCFDEHFXHCEHCGXCEHHEFDFECCBHEACAGC
GBHFXGCACHBBGXFFDFBFGDDBEHCEGFDDFCGCXGBEXHXDFEXFBGAHDCBGDAXDXEXGCEGF
CFXFBBCEEFAXHCDCDAXBFEGBXGFCGGHAGADH
FEECGGBEHGGHHAGABAADFAFD
XFEGACHEDBXADHEDAGCDBHAXEBFHFEGEXCAHGECXXXABCXEDEB
BFCADBXCCFHDBEHBHFEXGHGBHADGCDXFDCBCFAFXDFFDEXDGDBFGHFAADCABABBA
BAXDEECFDHAHEDDDFFCFFGHGFAXFHCGEBGECHHGDFHGDFXDDGEXGEDBXDBGFBCHGBBAHXAHFEFEC
DEFDADHCGCDAHHGGXHXCEADBGHEAHGXXEBXDGHXACEGDEADEBCBXHFDXGACXEHEADEEDBBDH
HEDXGDGDFDBDFGXBAECBXFFCXAHAEAAXFBEFXBGGAGFECDCGFCXBFBFXEDBGBEXEGBEBFEBXXHFBEBDHXXXEEFE
XBHAFEFXEXXBAHCDFFXEHDGEHGXHGHAXBBXDAECFGAXGFCCXFDFEHXFEAACGDGDCEGCBGBAADXEHADHHDXCXHHAGDHCGEBF
GCAHGXEEAHHDBEEEEGGCAFEBFAXFFHCFFHXGDGBHDABHHEXHDEFBEHHHXFBGHHXFGDAGAHFFEDCCHX
GBXGXBGDGXBXFCHGGFFCCDXDFCCCXHCDE
FGXFCHGXE
FCCXCAXBHHDAXGFECXCFXHBEXDEBEAXEAHXCHHDFFBFEFXXDXXHBBACHHCCDHHXDGHCHCEXGHHDAXXHACGECE
XXHDXAGADEBXEGFFA
XHHHDGAEGABDAAGDBECEFDAEFAFXFFFFGDCXAEDXDEDXBDBEADDHHEAFFEXGHEDBGDBFEGBGBEAXCEBEHXGEDGCFXBXHXGGXGGB
FDCGHAHHHCBGBBXBAAHCEEGGGCGDHBXAHGGCEBXAXCEXGAXXGAHXXCEGEEFAAXDBHBFFBXFHX
BXBDEDHHXHXGEHCXBAXBDHGHHDEGFGDDBCEBEEXCBCXDCGGDADHDHDGACHDEHDH
GGFGHDBG
DFDFDAXFDHACAEFAXEACBBFDFFHCXHEFHB
DXCDGBCEGHEXGCCAHGBXEBABGBCGFFDGCCDCDCDXXXDBFXAGDHXDCCXAXCEBBDBDFXXDACXCEEBXHCXFBXFCEDEAXHBCXCG
CCXFDGCGBDFEAXHDBDAGCEDHFDGEXAACBDCAAAHCAXBGEGHCFFCCCXEADEGGGAEBEHCADFHXHHBDBXBCHHGA
HCBAFCXBFDAGEDACGDDGGCEBGBHDBBCHF
HGGDBXBXHGXEHBXAHCHHXGFAXD
GBE
DGDBXBCDCGEFDGFXCFAAHGAXBACAHBBECEBDAFECEBABEDDFEEGEXBCEHGHHXDGCDAFEDEGEDAE
CFFDGEEEHFXDDBDFAHEBCAXGAXGAGGFDEXXCFCXGGDAHEEGHEHDEXXDBGXXBXAFCBBDXBDHGGXHDGGCACEFCHEXEDXEAGFCA
EHAFDAADABCDHGBXGCGBEEEXBEBEXAAFAFHCDGBFDEHBCEEXDCHEHA
GDXDEXEAGGEBGFAEHEXEGBAGHDHHGCBFHHXAFCGHDFEEXFDEDGEEEXXECXCADEGCE
GDXGGXHFHXFHXBDXADXABHAHGDEHCDCGHGGXDXCDBGXEBABXAFBFACHAXHEBFCDCFDHXXXXXC
DABFFHAXCBADFEFFHDGAACGGFHFBFGFHECBXEHXEECHDDHXHCXGHEE
CBFAGXXFHCDADAXADDXHGDFXGGAGAXFCBCADXADGCAADA
FEBCCGGDBECGFBEGGBXBDEDFABXADHBHDBCHCBFBHFEXGHCEAFCECXAGDXEHHGBECDDXXBEHHXAABCFCGBFEACXA
HCGBCCDXGHDEECAGCFBXEXCAACBBXDEAAHAEAFGHXHHHBBXX
AHGHXXABAFDDAXBDEHCFEDBBCXBXABDCE
CGBHBEBBCHDBCDAF
GBGABBXBCCDBCDEHAFEAHBDDGFFFGF
AEECGXAXHDGBHCFHGHBFACHXDCDXXHXDXCEFFGDEE
FAFHGCFDHEXCGDDEDXBDGCXBG
CEHXGECFHHCXEEDHGCFXDGXXFDFFFBEFXXDFHHFHBGGDBBDBHGFCBCDDDGXGCDFG
EAXHHDABGCXHXGECBAEFHBAHCBXXBFDGGHAEEHEEXEFEBBAXDBCGHAEAXDDAXCFEFBAHEXXGXFX
EEFGXXFDAFABDF
HCXEEBEEBDXAAHC
GBCCFEDBDCAHBDHDHDAXEACXGEHAGXGFHBBFFDFGEAEGADAGEAXXGHBCDXHFFCBDBCCGHEXCFGFGBBCCCGXXXDBCFFXXGXFH
EEFGADXECHXCFAXEDCEGAEHXGXBXDAAEFBAXCFAFEDHHADEGEGFXHFAAAFEBECCGBCHXFBXEDCFXGFFDHGABDHD
FFACGCBCEDXHCABXC
EGAAXGXFDXXGHHBBDDAACDFCGHAEHHXFFFGXBFHABAABEDAEXHEHDGCDGDGABCXAGAEFFAEGHFAEHDAEAAGAHEEABBDGG
EXCBBHXABAFAAHGHEGFFXBEECHBAGBADCHFBBCFAFXXGADHCDBEEABDAAHHFCXHBCAGFBCAXDXD
AXHEGXHDABCXCCBGFXEHAXEHCAAFFEXCXHBEABCCFXBDGDBHEGBBEBXFEEGFEDADHEDGDHGEAGXFH
DGDBDXFBXEHECBCFBXBHXDXCXBBCXAGDXHDHXDBDBGXABAGBEFFHXAXBDECBDGFXAHCBXDEDDDBGBHXDCAEGAXCGGXECX
FGHDDGBCCXEXEEGHHCFGDDCECBHAHBGAEGGFXEEAGBGHXDAHABGAABFXDXDCDXBAHFEDXHXHBXHDHXADGDBADXXXBFXHCCBEBGB
EBECEBHBFBEGDHAHFXCFXBEDDBDAEGHAXXXFGEBFFGGXF
XHAFHBFFCDADGBHCDHHDACBCXBEBBFAEX
XEGAHBDECBHXXBDDBEFXXHEACCHEFECGEDFCDGBEEDFXEHGHCACAFHGGFBCFXEFDXCCDBHCHFHXBDFABEAHGXHHDEBAGEFBGF
BFBBBXFFHXCFAGHHFBDXGGEXBDFBGGHCXDFHEDDFHGEHBBDCBXCCXDCXBCHBGHHHXXCFCBFDCEXXDFFXFACGCCDXCXXACX
HGDGAFGXXFDBDEEEHBBDA
AAFHXFBFGDGGDCHBDFGDBFAGAHGCFAFFBFEDFFBCFBDGXEEBEHGXGXCXBXAXCCBXEDGEBCEXEAADHEHCDBDDXXXAXE
DHCGEGXFBFCFAAEXHCXHDHHBDGFDXEAXXFEBDXBCFHXGGBXECBEBEXBADFDFGCECFDHGXECXCCXHFEDFACDGGBDGAXAHAGGCH
XHHBFAFB
FHFHBDEFDDGHEEHCXEBHFGGGXGBGBGCDEXBCHDBHEGCHFAXXBFCBBBCBFFAAHGGGFBXHECFDCDGACGCXX
BHDACGBBX
BGCXGHEEBXGCAACEACHDXGHGEBGCAXHXEHXAXHEABFDEHEGBHGFGCCEFBCBFGXCGDHCD
GAHGDFBHABCGAGBEFGFXDXFGXFGGFFDBHBBDXXEDCC
DXFFHFAGXXXBHGFBEDDCHHX
CCAHDCH
XHHDGXGFF
HGAXCXBACBAXCXHAFEHFGAHBEGXGDFABXHFBXHHHXCDBAXX
FFEXXGGAAEFEBFBXFXD
