DXBCCXECFXEHFAXBXCHFHCHDDXBFDCXGFGHXXDFDBD
CEFXEFGCBDDXHBAEXEXFAGBDBEADCBHHCXHCCDFGHDDXDDADXFEBFBDAACCHDXCEXGXGGCBDGD
EXCGDAFEXEXDAAEEEDGHXBFDFAAEGEGFHXACDXXEFXFCXEBBEBXCACCCHHCGHEGF
AXEXGEAAXHHEHXFXXABEXFFGHDGABHXBAAEGAAXEFADGDEEFGCBBEEGFFBGAECDCCDGGXXABDFFFXFHEFXAEAA
DDHGAFCFHAXGCCHEGHDHAEDGXBXDDHXGBCBAXGDBCGCEBCFEBBFBHFXAXFDHHBAHHXCBAXFCXFBGHFDEAGEXCGFHHCF
DFXCGDDHFEXFXFBFBHXHHHGXDBHGXBGHDEHF
CBCDBBXHGBGFGGAGGEBCFEEDADDHAXHDBEEAHHGDDBDFFH
ACBXEHCGEHABHXXGXCAFXXDHDDDGEHHHBEGFFHFDHBXXBFHBXABHEBEXGCEFXCBEFCADFDHXBEADAGHXEGXECBFXCXGFCBFFGBB
XACXGGGBFHFDX
GBEHACFCDAFDXCEEFHXBHGEEGGCHDAFGXBGXBCAEXXEHFBAXHAGEXAHXGFCXXAHADXGXFDHHFBXBXHXAXH
EHHAHFCFGBXGGXEBFDAFGBFEBCXHGBXXEXE
EFCGGEXCFBBXGCBAAGDAAFCGGCDDGEFDAACHFHBDGHCFAACCAEHBFBBEFBXFEBHEXEDGFECBAHDFXBGGGGFHAAEHXBCBBC
CXEHGGCFXGFCXDHXGHBEDAACD
BHDFEAHBXCBCCACCFCGBACFAHACACHEAXDAHEGDDDHDBXAXDEECAEHFCHXXDAC
CXGXEDDACAXCEDHGGBFDXCDGFDXFXFCAEHH
GBDCHGXAFFFAFXXEAEXCABGFXDBFBAAGCFDBDXDBFAFFAFHEABFGEEHFBFECXCFEFFCGEHXXGEXABDEHFABEDXCBXCCGGD
XDGXBEAEBHFEBDHHBDBDFGB
DEBXBXXDCFHHFEGFHCDBEAHFXXBEDEXHHHACGXBCHAHXCFCXCXEX
HECCEBDFBHFGXGDBBCAHXEXFHEFBFEXGEDAGX
DEGXFCHXCBFEEEAFXFHGHHXCBDXBCBXECAHXFFXBDAFFXAHDGHAXCACCXFDHXFGAXBBHCHBD
XBHHCDCEBBGGCCXCACFDDXDXDHXAXBDCFAHEHCFBEFDDAAHCEXBDADEXCBDBCFAACGG
FEEHXFCEXDH
BHEBEAGDDDECFXCHDGACHCHBCABFHDCCBC
FHECBFDEHGAFXXEGGXHAXCEEHHB
BHCBAHCDADXGDFEXDAGXHDXACDXCHAAEBGHAGFFECGHFGFABXEHAEEXXHXDHCBGDDFXXDAGCXAEEEHHXDXHGABGBDDGGEAFXDXX
AGBECXFAFCCFACDCHGFXAFAAEXAHFFFFAEDFBBCGAAXAXCGFHFECBEXGFXCDEAB
XFGDBCHXBDDBEHXAXXFEHBEDCCGEGHHEDHEXCAXXHEEFEEDHBBFGHGCAAE
BFXHAXBXCFBGEXCECDFFBBHXDGABCCAFXCGHEFGXABFAHXHDFECFCDBAGFBCC
CDCACCBDGADBAGBCHXFBFH
CHHBGFGFGDDGEXDHCGGG
FDABAFDH
CGXEBCGCHFAADAAGXHCXCDCBFACDHEDFGHAEEDEDECADX
CEDDEDXEDDXBCEDXFEBDBDXGBAAGGFGXADFCAHGCHAECBGCEHAAXCHDEEBFDXDCCXFBEECCHGEEEEH
AEFFBCADEAECEHEAGGEEDBEEDHGEFCEDFEDFADDCHBBFGXDFXDHGDDXHCAHDH
DGEAGGCBDAG
XGDAAHHDGDDCCADXDEDXX
DEACDAEFCXAFDGGXXDDXAFXGBDCXEBXBBXEAFHXHBHXDAGCXXCFCHAAHBAXFX
EXXGGHEEHCCBHXHXEXHAEXFXHGEADG
FEEHCXBDFEBDEBEHCBBABDDDEHXDEBXHGEGHHFDADFEHDFECBFDXECABADHX
FAFABDFFCXHXHD
CXXG
CDDHCDDAEXEEEAGXEADBFDHXXCFHAGAHXHFGXHXBDCCCDCXFADFEACHCDEAFBDXDBAAXB
BBGHGXGDECACFFABFBBDXFECDEXGGAHGGGFHDAAHGBDFHXDEHXEEGBFXACEDCAGFEDEDBGGA
DBACFHDDEHXXFGHHXEEXXAXABDBGBAADEEDFDHFCXEDBXDFCHEDCACEADDFAAFAHCCBDAHAEBDEBACFGADBGHXBXACBFDXB
FDEGBXFFEEFXGFCFFDCBBXXCHCBCXDEEDXFXFAEFXEAXHBXGCCDXAXHEXBABBAEBBBXHHGXDGHHHEFEFXCEG
CHBXECHAFEF
BFEEXCFBHEDDGDABGXGHXBHDHGEE
CXXD
DGXFDBEAAAHDEHEBFAXXDCCGHEGXHBGXBEHHGDFHHEDDDHGGHBXEAHHBEHGEADAAGBHEDBCFABDFEAGXXAFXF
DFEEABFBADHDFEHFGBDBBHCFBGAGDX
CXDGDHGFBGDBDBABDDCCHFEXEEGFADCAEHCBHCXHXGGEFCEBX
GFHXXCBCAHFXGXCHECBBCFBCAXHFFHFGEXXAGEACBCXFHBGHHFEAEDHDHFCCFCBCHDHCDDBDFCFHCGXEGXBBB
ACHAHBABA
BCEGHEEAFCBCBHDDBFDGH
AFHDGGAAGCCHCFEAGAHADDXBDHFC
XAXBGDGEDBFXGEEHCAAXCHACXDABHBECDABHXHBAAHHXAXXFEXFBAADXHECDDFDBFDDBGEDABBHFHHHXCEAFBDEBCEHXBGD
HGHBCBDHFAHGFFEXCDHBAEXGEEXHXBGGFHFCHAAXGDAGAGGADAXGDDGCFECGAFXHCABCCFGFHA
HBFBCABGDBBXDHEF
FXAFCAXHEE
GAHEADH
EFFDECXDAAXGHXHAGAEBABEAGDGAXHXDEDEAHFEAGDFFXFHDBXGBBDHEAFFCFABFFXCXBFGXFX
FEGBCADCGXXGHDEFBGXBBCACCG
AHFCACAEHXGFGADACAEDDBCDXXHHFDGCFXFDEFHCGGGECXBHECDXDXHBECC
XXHFBEBDHXXXEEFEDXFADHXXGXCGEBFDDAECDHDHDHGDCGABXEXHACFDHXX
GFCCXFDFEHXFEAACGDGDCEGCBGBAADXEHADHHDXCXHHAGDHCGEBFHFABHB
EEAHHDBEEEEGGCAFEBFAXFFHCFFHXGDGBHDABHHEXHDEFBEHHHXFBGHHXFGDAGAHFFEDCCH
XGBXGXBGDGXBXFCHGGFFCCDXDFCCCXHCDEEHHAFGCEGBDXXEGACHHGADXCXGEAHCDXFGBFGGEACABBDEEBXHCHGHGDGB
HDBEABGDAFEGDBEHGFGFXCHXBBADFGAXHGBCHGEEEAXACAEGFFHBDAECCHEAXHFCHAAEXFXEGGBEACAADDXFBBXAAFDXA
XFCECCBHACBEBFEXHFXGDFGCDCXCXGC
HEHACFGBHDDHGEDFGHBXXCHHEHDEXXEDHAXBBEXFCGHHHABAFFFGXDDCEXGDDGDGGXBXDDHGFAAHF
FDAGBCXHCDAEDEBXBAEEGGDAFGE
XCBDGDFAHGBFXBAAEHBHDXBCXEHHXBFCECCDFBFFDFHHXABDXDXCXAFDCXDBXGDGDGCBCFAFBAEBBBAAHAGAXAHCCFGCG
HBECBBED
CGGXEBCXFGDFXDXEGBFCGFXHCGCXGDDXBADEAXAGADEBC
DEAHXBAEA
CXAXCEBBDBDFXXDACXCEEBXHCXFBXFCEDEAXHBCXCGBFFDEXFHCEDXAXDECEAHFXBGDBCCAXA
CBDCAAAHCAXBGEGHCFFCCCXEADEGGGAEBEHCADFHXHHBDBXBCHHGAGF
BAFCXBFDAGEDACGDDGGCEBGB
GDDBGGCHGGDBXBXHGXEHBXAHCHH
XFHAFHGBEDHBBXBFEAHXDBCXEFEXADDEAXFBFBEXXBHBEAXHACCFXXBEGCHCCEXFXDDFD
XDGCDAFEDEGEDAEXDDHCXCCGXEHXBEAXDC
BCAXGAXGAGGFDEXXCFCXGGDAHEEGHEHDEXXDBGXXBXAFCBBDXBDHGGXHDGGCACEFCHEXEDXEAGFCACBAAB
AADA
BEGGBBBFBXBFXDHCBBFHACCXCEEGXXCGBDXEDDXDGGDGAGDXDEXEAGGEBGFAEHEXEGBAGHDHHGCBFHHXAFCGHDFEEXFDEDG
XBXFFDXHEAGBFEXGDXGGXHFHXFHXBDXADXABHAHGDEHCDCGHGGXDXCDBGXEBA
DAFHCCAEGCXGBDCEHBHGEXGBXXEDABFFHAXCBA
GCDCHGGXAAEFFCGAXCBCGXEHFBEGXABGHHGXEEBHGXFCBFAGXXFHCDADAXADDXHGDFXGGA
HAFHEDEAGDADHEAAHAFEBCCGGDBECGFB
XHHHHBGXFCAXEFFEXDHDBDEBCBGCBXFGEBACXABFAHFXDGGFHDEHHHXBBGDXACDBHEHCCDAEXAHCGBCCDXGHDEECAGCFB
FXDEAAEHBDHDAFGADFCXECGGDHDHCAHGHXXABAFDDAXBDEHCFEDBBCXBXABDCEFHGG
BEBBCHDBCDAFHBHAXBEGFFXCFEHBADCAXBHXDDGGHAXFFAGD
ACGB
GBHCFHGHBFACHXDCDXXHXDXCEFFGDEEGEDBDFGBGCXAHHECDXBECFHCHGXDEBCGHHEGGFGEXFDCDEFDACXAHHCGECEXAXXFB
EHHXBEEXFDDFEFEEBHECFHDHAFAHHCACFXXEEFXGCCFHXX
AGAEDEXGB
GGHAEEHEEXEFEBBAX
FXBHGADADHHAHECBHBAGBHBXXCFEEFGXXFDAFABDFDFBCCECGBEGEAB
CHXFFXGDBEAFGCHDBDEABCABGHHDAXXHEFBEEXEDHXACCXBA
GEAXXGHBCDXHFFCBDBCCGHEXCFGFGBBCCCGXXXDBCFFXXGX
CGEEFGADXECHXCFAXEDCEGAEHXGXBXDAAEFBAXCFAFEDHHADEGEGFXHFAAAFEBEC
BEBEGXABFDDBADFCAHGEABFDFFFACGCBCEDXHCABXCHH
AAXGXFDXXGHHBBDDAACDFCGHAE
GGXCCCHXBCGADCACAFABBGDGHHEHHXEAXEFAECXCAXBXGHFDEFAXACFXGFBADBFBBEXCBBH
XAXCCAAGXGDBCXXBFABGHAHHAFBGAHXBHCHXGHAHEEHDXDACFAAGGXECGBEAXHDEAXGDGAXHEGXHDABCXCCBGFXEHAXEHCAA
CCFAECXCACDEGCFBFEHBGBXDCBHBCDFHCXDAXGADHXGXAFHBCXDGDBDXFBXEHECBCFBXBHXDXCXBBCX
AFHFXHGHHHHCEXADAXCDCCGXAHHHABDHBAXAGEXAXDHHDCFXGX
ADCBAAGBGDXFBGCBGHFFHEBXBXFXBGDBCEXFGF
DGFBAHXCCEXXEDDBDBCEGHCAABDACXEFFXCXGAGCHEXAFBCXBAFCFDXCGGXAHGXDEBCXBAEDXAFA
EFDABFHGHBGHHXHEGEEDHFHHXXCBGHBCCDGXCHBECDEGDGCCGDCAEXAXXDDEHGEH
XXGBAHCHXEAAGDBHCDDGAECGDXBHXBFCFBGBAEEGFXDBBAFCEFEBBAGACDGXEXAEFCGXHCBBAFFHHHBEG
XFBXGFFBHEADHAFDEXFXDGCBHXHCEDXHDHFCCGDGHCBXGCDFBBHBXHDCCBBDEDFCGFHHXGBFDDDHEHDEEXFEXBGDDFGG
HBDDGAEXFBHDFHEEDECBCDBGGFCAFBAGEFHXCEBXXDDXFBDGBBXAAA
AGBHDCFGFFXBEXH
ECXEABDXFGEECEAEEBHXEXBAGCDEHDHXHDFCGBAEDBCBD
DDXEFGHD
FAAFBEFEDGAGCCBGCDAFGCBFEHGFDABDDXGGXDBGECGHEFBEHHAAFD
CBECGEHFGXCXGECFBFECHBECADDFGHCDFCCXHGDFHEDEHXAGDDCEDAEAXEBGDEHBGCGAXFDBAEHGEHBGCCHCHFBAHX
GBEBEEFHFHEXACFCBCAXGEEBGAEDDFBCFFHGFFAXBGXBFAXHDEXBAHEACDHBX
AHCFBDFHHAGDXBXHDCHCGAAFEDXBFHGCFAHXXAEG
DDGAFABXGABBXGEHFXEDBHXDGDHFGEGABHEXCXABHXCGGAEDBCADHHEEGXCEGEBEBXEFHDFHBGXEX
EHCHHGEEXBCBDF
BEGAHGEEBCDFDDBFGBEBGDHBXHCCHGAXCXBACBAXCXHAFEHFGAHBEGXGDFABXHFBXHHHXCDBAXXGGCCGHHFACDGBDXGGHDAB
BADCEHAHHGBXXXGEEHFDXHHFEGGFGHBDCCHFXBBXXEDABEBECFX
XCGGGCDFFXFEBEDXCHFFHEFXFEDGBGBCDCEAFAFCGAAGEHBB
AAHCXXFECXEAHHXXCGCHXCXAEFHDFGDBAXGXFGGAGBFDAFXCCXHAXGXFFAADBCD
CFXA
GFDDXEEAAEHACGXCEFBBDHGACXAGXHCEACFXEHAXHXGXFCCHAEDGEECAHXCBEXFHXD
EAAFCDHDXBDFXHFGGDXCCEGBFCHAAHBECGDFDFEGAXEXGA
GFEDDFBHGFFCEHDDBXDXXGECHDFGFGDHXEACCFXEDAEFXDBBEDCFHGXGEXEBFGHFXFGBXXFFAGHEEXAFHDGDBAHAAC
BFDABXBXGGBCHFECHAXHBBFHDEEGGHEAFXXEGCDFBGXGXAEXEEECHGDAFDBEGGCBXXEDFXEXHCFXCBHFCD
DEEFBXFGEEGBAGXCXAAXFGEHGEXAHHAXEGCGABFDXEAXAEDAAFFBXAAB
AFXCXBGEFDDXEGAXEBBHFDCBXFHDBAGDFHBHGDDAGBHABFD
GDXAGXBBHXDGDHFCGFEGCXAAAGXCGHCDHAABHEGAGBAADBBFDHGBDADXACBXCHXEGHCCFBXEFEDHDFAFDEGACDX
FDHHXAFGBFHFCFDEFEXFFBE
FEBCXXACGCDFBBFEABBBDEFDECEHAFGAGCGGAXDABBXFCBFEGDDXBFXEBBXDAFEBFFDBBXDGHDDECCFFBDC
XEEXBGDEXFHGBCDACDFCDAHGCGXE
HHXGCDBFGBHFBBXE
FHABAHBCFHDFGDCDXACHDDFXDHEBDBHXGXEGD
HCGFEFDFEBGHFHHCFGAFBCDADXDGXABHGAD
XACEHCXBHFFABFXHCFHAEHDDFHFBEHDXAXBFXDBHHBDCXCDADBCCCHFEEAXADEAAFGGEAGFDBAHHBDBFC
DDEHCCBBEDEHBEGBXCBDFHAXXDCBCCAHDGEDC
DBABFXEXCHFFECCDDGAHAFEHBDCCCDBAGFEXAHFECFDBH
HGDXAE
XDHBDXACBHDHGFXGXHBHXFXEDGFDGECGFDDEAGCCXDFAEHEHGDXFBGFXCACCDDBGBHXXB
DCGECBBACFDFADFFGXFCHAXF
XDEAXBEBDADDDAXBDXGCEFAFBCGXGAEXEGAC
BXDGDHFXHHBEEAFCGBFCEHCXBEHCDHAHGXECXCHAEGHHA
DXXDXDCCCCDHBFBFXEAECCHHCEDGCFGDCECFBXHCFAFGBABGBAGBCHAEHDGGCCGHECEGCXDHAHCHBGEDFCEFXCCH
DGDHHXGDDHDHBGGBFDEGCBD
EFHAD
BHGEXXEXAEGBXFXFAEBGAXFHCDEDHDD
EBHFFECBDHGBBGXADFFCHHGGBBGCX
AAXCHFACBAFAHCHXXDXBHFXXCBAAFEXGADXEAXGEEEHHAXBDBXHHXXDACAXXDDEDBEEDEDEAGACCDBCEDBXX
CECEHXXXDDDAGGECHFFCHXFFXFCAGBEADGXGFXCFEXFAAAXCHFHFABDXHFFGEXFHHXCCHBDFGADCHHFBF
AGCAHFAGXBHDFBFXFGFBGFAXCXDXFEFGBDAXDCFEBGHFGBEHAFCXECBAGXCFHGHBFXHBEAAHGDCGFFCXCDACDEGBGXXDHF
XGXGFAEEFBCDXEBHEFFCADAXCEDBXEHEGXGBXDHGGCGCBAGAXDAGADGHGDHEDG
BGCAXCXECCXXEXFFEACABBECEBAEBGXBGCFHEBHEGXAGFAHXHXHHEEXXHECHDEXGDHHXGHGGG
FBFBFBGXGDADBEADGCBEDHCXHECCXCEGHFXFFAGBABFCHFFAGEEBXAHDEEEFFBHBCHCFFEGXGCFEBGECEDBAXCACEDEHE
FXDADFDEGHHFGGFXGAEEAADCBGACDEFBGBXFHHH
AACCCGGXGEAFHDAADCEXFGFDHHDGAEBXEAXAFAFBFGDAAFFFXFDXEF
DFXXBXHDBEGCXBCDACHHCFFDAXACXDGDDDFXFXAGFGGHBEHCEEGDECGHHAEFXXGXDXXAAEBCHXCGHFBEHCDHCHXC
EGCFAEHEDCHAEGBBFBGFFBBCXFECACXCABCEADFHCEXAFCBDHGHFAXHDBGADDCDDBXBFCGXXDBAHDBHAFFHXGHCAFEEHG
HCADACHXGXFEHHDEEDEFDBFFGBCFEXGFGHEGEADCGFEAHDXAFDDXEDF
HACCDEXACCHXGFDHHFECHGGDDGBCXHEXFAFXEADADEHDCGFBBEAXEGGDXEFXDDCCDAEDCXHGGXDFXBADEG
BAAEB
XHBXDBCXBBDXDFHHAHEABBCGFDXFHCDXHAAEHAHBADAHCAXEEXXFE
CGCEHHAHXCDGFAXFDHBD
GEFXBHDXBBDACBCGFDHXGBFBBBDFEX
DFHEXEEXDXAGHGXXAXEDBCHXHCGXAEBCD
GGDBX
DXHAAGEAXAEXGHGHBGGEDEEFHBDCHAEBHABXDAA
HXFHXXCGG
HABXBAFFGECCFDBEFGDHAEFBAEBAABHFGDAHXACGAGGCHEFABXGXBGHFAXEXGACXAB
EFDACXXXBABDEFBFXHAEBBDHCDCDFGEFXCEHFAHABCCEDDAEGGFEAD
ADC
GDGGFEACXCCXCDFGXFDXXGHGHBDHXDHEFEB
EEGXBBCFBGDCGCDAFCGDHXGGEFAGACACEDBCEXXEBDGXHCCDGECBFHEXHABXHGDFCBAECAA
DFXBHHBXFHEFADAHECXFEEEEFGH
FXGD
ADBECBAXDFAGEXBGBEBGFXFCHCAXBBHGAXBDBAABCDXAAFCDCHAHGHDXBGABAXBBAAGFHBGEFFDXGDGBBXHEFBEAXXCXHXXFX
CFDXDGXXXCAECHGCHGGHGCDFAAAGGHEAGCEAFXBGGFDEHACEEFDEFAGGBGHDCX
CDGBHCDXFHXGHBAFXB
HHBEXCEDCDEAHFXAAGBEXEEDCXCFFGXDHECXFGXADXXXXXXHCXGHACXAHBAAFXD
BEHEBABDEBCFAFACBDFFXB
FGDFGGXFXADDXCHDAAFXBDEXDDHBXDFGAFGXBCHCCCHCBFCEBXBAXBHAC
GXBGFEAHBHAFFHDXBBXDADEGAGADFBD
GEDCBFFHGFCGDBXXXGEXCFGHDBFBH
XXFHFEECCHFBCEDFDGEGHECGAEEXEFAXGXFEHFXAAGAXAXAEDFBDEEDXDBXCAAFEXCEGXBEGB
FXHBEAEEBABCXFC
GAEDCXFBEXHHFGBCDXDECCBCAACGDCXXDXHABAFGHCFXEDXHFHBGB
CCGFAXACGXBCDCXCBXEFDFGHEBCGECHCCXCA
DEEADEBCXDBFFCFGEBFCAEAABCAEAFFHCGAHBFCFDCCAFFGDDBAHABHDHAH
CEDBDAH
BGGDEBGEFGBHCFFFBEHH
DHBCGGCAHDHGBHGFFCBDCDDFCXXXCAAFCEEXHAEGXGXGHHXXHXDXFECCHCCHEDDDXCEDBGBEAFADACHGDC
XFECAHGEEAFEBXHXXGGHCXDEFBCBEHGHEDCABBAFADEFHGG
CCEXGBGGBHBXGFFGXDXEHDHXFFHHADFHXFGHDXAHDHDFHBCAEF
EEHDDHCFHCBEXCFGFAECEDBDHAFGHEXAEFEEXBHFDBBABDGXCHCAXABDDABACDGXXHXCBFGCBHCF
HBGBXBBAGBXABCEFBXADGXGXAXEXEXCCCXGXEBEFXGFFFGGDDFGGFHXBACGEAGXDAAXCHXGGGHBCAFHBAEDDECDDXXCHEFCFA
AEBEBGFGC
DCCCABDACDAAEAXFAGXGXGHEBXGCFDHGFCFCGDCFAGXXGFH
EXFBABGAADFEAGFGXFDCDHFCGABDGCXAXCBDEHDXGHGEHFHFBCXXXCBEFXHGAAHCBGBAACEDAEBBBXEEFFXGEDBAFXH
AFFDCBHBBFGXEEGEDBCBAADAXDEBAAXFCAFGFADEGAEDGXXGEGAXBGGBXACHDGAFF
DBBHDGHCFHEFFGAAEAXCBXBXAHCEEXAAECEAXACGEHGCHHBFEFBFGHABXHACHXXHHDHBAFE
GBACEFXGEFCDXEDFGHGCDAXHFDBGFAHFHFFADBGCCAGBDDEGEHEFGHEHGXDECXBGEGXXGFBXHXBXGAF
AEHGDDHCBEHFAFGAAHHEGECGAGXFXCXGACHBEDGEG
EDFCBXDGCGEDDAAXCEEEXAGAAHFHFBFFDHXFHEEXCFAHADFFEDGACBCBDBHBEADDDXDBBXDHDBBHXXACHXXDHDGE
DAEEFHAXHBXCGGEFHFEBGGFEEXXHCXFDEHXBHEDEGCXBFXXEFXBDHGXEABXFFADFCDA
GDCBXAEAEXADFBFGCHAHCHADBXBEGGCFEXXEEBXGBXAFFEDBXCAHXXXCCDABBBXEHCCAGHXGAHBHECEGAGEGGHE
XGABXXXFAHDEDGDFDEHBEEAEFAGDHEFXCBB
EEFFHFGAAFGBBDAXAACEHEEFCEEXXCEAAGHEAGDGFE
HCABFBCDCHDGFACFGCFFXGHXB
EECBFXCXDBGHBDHEXFGXGCDXHXCHAFGCBBBDCEDCXCXFHAHEDHDXGGGGFDHGXCBXCADHAEFDDCDEDGHHCGFF
HEGHXEFECBGEBXGBX
BHEBFAGCXHAHBGAFXBFFCFAGDACCHGHHXEXHFFABCEGAA
EDAACGXACCCFFHDBXGGBAEABCDFCCBGCXHGADHEBFGBAFABFXDBXCBEFECHD
DXBFXBHBABAHDHXECCFEEEBFEHFCFFBDFEEHGBCACBDDCHXEDACEBFEBGEAEXAGAEGGADXBFAC
AXEFHCCXEFCDDABXXHAXBCBHXCXEDADABBFBEXAECXAAGCBEGCBDBCDHFAEABCGFXHHBFDFHAFBCDFAFHG
GXBHAEBBFGEGDFEXCEGBFBCGXBHC
GEXXCHDFBXGHHHBXGEFXCAFXEHBGCDEFFBBEBAXDGXGXCXXEHGCXXCBFXXFXCAXDFHDFACECAGDAABECDC
XHCGHFBEGXFEAHXBCCHACDXHXH
AAHCHABXECDAGGAEGAEEXBFCBGGCXFGEHBCHXEEFGFXFHDCAH
AFFHFFCDHAFGDAADCDEGCEEXCADGFAFAHBXEFBAG
HFADHDDXXXXDABBHFFDDDECHDBEEAGAGHFAGHAEEAEEXBDDAACBBDFEDGDCEFFHGCAGXBFAACAGHACEAEDXG
DHXECHFEHHXDXEXBGCCDXHBCFBEAHGCFHGAAEGDAXBXGDFFHC
ABGFGFAEEHFCHBFDAAGFFDAXXDF
BACDHEBHFDEFXBBEXBBHAHEXHEFFAACHEFXGFFHFFD
EHCGXGAGDXDDCABGCXFFBHFGEFECFGCC
BBFXGEBAEDXCXCDDFCXEFBGGCCBGEEAEFDEBCFABHHGFXXADCC
DFHXB
ABCHGGXEHBDGDCFEFBDDEFDGHDHXXAAFFBFEDBCFFDXXBBX
CBHGXXAXDAAFGDFEXGDBBFBCAGHAB
BGXFBG
CEHXEDDXGHDEGEXBDEDDBGGFDBAGXHXACBCFBGCHCECACAFGAEDFXGCAEFAFGEBXEFGDEFGHGCAEDGAGBX
DECFXAECGC
HXDHCHBAHCEAXDGCCXGDFGCGDGDBABDHEHEX
XDXHGBGXBEXBHDEHFXGGEECHHHDAECHEDXEDDDAXBBCXHBGFBHABGFGBCDXFFD
XHABXXCACEEAHEHFEHBGXAADGXCXHEXGGFD
EXAEXAXBH
BCGHCHECAEBEFAABHXFBAACHEEGHHEHXFDBGXHGFAFFAEDBGBEFCDHBCHEHHGXXGDGCXHXEECAECEBDDGCFDDBDGXGABABDAFAG
CAHXCDBD
HDXEBBXCCHEDECHHEHCHGCADAAXGBCEXCCXBGXHBDCHHXACGFDEDEDBBEABDEAAHEGBD
CDGGXXXAFDEBBDAGEGABDDEECXXACBGHEFXEHCBDFDXBAAABCGXGHXEEXF
EFACBCBDBXBFFHAXFEXFGDCAXDGCFFBAB
DDACACDBDFAEXHXAHXEH
HBXBGXEDEFCFCDCFBXAGF
BXCCGFGAACHFBDEGFDDFHGABEBFFXGBGBBXHAFBDBFBBDXFBDGEEXXHDEGHXAFABDXHEFD
DFFXDBFECGCXHHACDGBXDFACGCGDEEHGCXHCFEFBCEXBBHCHFXFADXECFADFFXCBGGFGDCXXHBCFABEHXBXG
XFEGAEXAXFGEDBEXDFBGHHDC
BAGBAAECACDFGEXCFADGXXCCEFHAFEHCEEXDCCAGBDFHCECGXDXAXFAHEHXCDAABDX
FHGXBXFAXFGCHBCHEXCDHHDADBXXGABADDDAAACXDDXBBXEFCBADXDCEBHGDEXCAHFFDBDAXDHGHHEFHEGEXHDFBE
EGCCDBABFXXFXCEXCEDDGFXXFFGGFDDDGGFXAXDAAAHDHFXCBHGGFDBAFCCXAGDAXEEHHED
XFXCHEEDCFEC
FEGCDDCDHXECAHFXXHXXEXGFDCXDGHADXEGCFCGXDEXCEDFFDBCCEBAXXADECAXXBEEAXDHGEGCEDHFBCX
CHHGGCHGXECECCEDDGAXEGEGDEBHXHGGBCGGFAEEAAHGBGEAEAHDCDB
HDHXCFEAAFEGFHEEBBEXDCXBHHXACBEBFCEFEBXXBBAHCBDDCBGCXFFAEBFHHHBDGFBDHHD
ACDBCBDDBDXHAECHDEDFFHEAAFCFFXGECDGEBDGHCGCBGBHCHEGCGEXHHGAHEFXHGHXFDBXBFCCHEAEE
FDFGBXBCXXCEEFDCDFFCFCHFDBCEEHACBGGCHFDEEXDHBEDCXFHBBGHCCGEDADEG
BEHXGFBFACXXEGAEHDFDAXXAAAFXXBB
DFEBHHFHCAECFFDCHBGEDGXFCHDCBDBACDBAHADXBXEGBDXF
DHCBXHCHFHEBAXBGHCFDXXDHGAHDBDGAGXBXCEGCBD
HGEGGEGCBEDHFDEDAHDBCGHBFXXFAGAXHBXHAAXGHFEBEHXXXXC
EBBEFFDDXEFCCB
CHCDXXGFABBEFDDXCEDCACDAFHEEAGACFABFFHXBXXECGFCHHFHABFHBEFADHCCFHGECEACHXDAC
CXHHXFBDXXHGADFHCAHDDHHDDEFFXBFBHXDXBECBXBGHHD
GFAFCCDHAAEADXFDAXAFADDDFCDECCBHFBCHFBBDBGHDAFBDXHEDXHCBHAABHDCHFXGFXFHCDDDBCEGHBABBACGCCFDEAGHAAC
ADBHAHBBBCBCEXEGB
CCXBAACHDBFXFEEFHDAACCAGFBGDFAGBHEAFDXBDXHADEFCAACCCHDCCCGAFECFXFEXCBCFDXAHDGCEFEEXFGBCXD
EXHXHGAGBAHGXXGFCXBCEEBFHAGHCXGAXXDHDAHGHFFEXEXEEFFEGXXEGEXXHGXFEBXD
CHXEAHBAAFAAFDHBFXHCBXFGXCAFCAFBHCDXHDCCHGBGFEEHAGEBAG
DABDHFGXCABGHBCGFCFCEFEXGCBEDXBEFACXXXAAACHBFBHADCBCECAXAGXXGF
XBECGXDCGDEFEXHEDHCGBFECDDAGAFGXGGXHXHAXXBEEDXECHDGDXEEDFDBGFAFDFBBGACXFBABEXADFBXDX
HXDDGCBCCBBEXDFHEXFFEXCHBCXXXHCBEBEDBHBCHFHBDGDHEDDCGXHBAFGGGDFXGBCFDACCDGFHXGHXGCCXDXXEEXHCFEC
BDHCFDEADECEEEHDBBHBXFHXEXGECAGFDCCDCFEHXGDAEHCAXFGFCAHDGBHHGACCCBEBAFXECEHFEAFG
EFAXCCEAXHCECFACAXAGDDGXXXBCCDXGBBXDEADFXDFXDFXDCXAABGEGDFXXF
GAXAGHCDFHCXXDXDCDDEFAEBDBBDFHXBDAFFXFGAHBDDFFACBCAHHHDXAXEDACBFF
HBACDBHCBEXDEHAFAEAD
EHH
HAFXHAEAAA
XDCGCAGBCCGAGBDDBCGHBXCDFFDFBABAAXBXBXGCADFDCGGBFXGCFCXXGDCCHCXBEXGBXXEEHG
CAFBGDAAAGCHFEBFBBECDC
GFXDDGGAHAAECXFHBAXDHDBCA
BBXXXEGX
DXEHBAXDFAFCHFDACCBBCFHDDHAXGFXEEGBHXFGFCHCEBDEHAGE
XCHGAFHHBEHCFCXXBDEXDDDEEEBEFHHCEGCDCEGCADHCFBXDG
XEXADBGXXDCEECDACECDFAHAEBBDHEDHXBAA
XXHXFXHEFBADFHHACCEGFXHFBEBHHEACGDCEBFGDCDGACEADDDHCCHFHGHBGFACDEH
CHECBAGXHCFGABHFCFBXEAFDCGAECCFEXGABXXXCECDEGBCAAGEHCDXAFCB
GFHBDACDCDFXXEDAADBGDGDFXEAECFECXBEEXGD
BHBHDGHCGAFAXXCDEBCDCXFFDEAHEXHXCBBEEHABGFFXBGHGDXDEEBEFEEEFFHDECXECX
CCBGBDHEBGDCGXXFBDFCXBAAHHCAEBCDBAHFAXEGEHFEXBDC
CDCFEDDCGEFCXHBEGEDGDCAABAGCGXBXABXHGECFXFAGHDCHEGCFAEGXCHDXCEGGHFXGAFAAHBAEFBFFXFGEXXX
EFXBAGEHDGCBCGEAXGHGAXFBEXGHAFABXCADAAXHACXACXBFABCBCHFCGFAFHFDFFFAHAEGHHBEHAEHGAEH
DDGCAFDDHBXXHFAHDFCHDXFHDAEDDDCDEFEEGGECABXBXEGAFBDCAFAEECXAB
DGGHCBBEDXXCGACGFBBXBGAFEEFXHFGGHEXXGHXXFFECCHGFGDACHCDXXEXCXGXAECFADDGAFDCEGDGE
CGAEEBDAGBAGGGHDDCEBABXGBDAEXCHDDBABBBDFEGCFABAXAHXADGXEEFHHHFHDXABBCXEDAAFGCEA
DEHDGEXXEGGDBAEGGFCGEGHAXEFAXAFBXBEEFGADCXXGEACFHXEHCGCHGXCDFCHHGBDADXCHGCBACAFAXXHGHAXAGBDFDCHGFX
CGCXAAXACXGHCCEDHEFAEDCGXGGDGBBBFGGGGFXEBCHAHGAGFAEAFHXDHXCBCXHXAHFXCCBAF
EFHBAFCHXGCBABXHGCHHHCCFCEEEFHBCGFDCBFGXXHFBDHXHXBBGAGDHAFFXEBFAXDGAFBDEDCGHXXADDXABEAE
XCEAAXCEBFFEXCGXFXAGCHDECFA
CDDDEAGCXADCXGXXDXDDBGCHXFBA
GFAGADGBEEXDGEHEBCGXDHGDXCE
BFBCBAEAXAHGAECHGCABXHDHGGBGDCDHGCAFDHCBDDHHCGBFEAXDEHDFXDHBAHGGDADHEBXGGEHBECDBHFBFXXDXXH
XHGEHBBFXGHAXDXAFHAFAEAEGHXEDGHEHHDXF
ADGEHECCGHHFGHDABXDCADBADEACCFXCCFXEDFEFAX
FXBADDFGECEHCXXGHHEGBBEEECGFHABACDHEDDEFXGEBEXDACCGGHGBEFXABBXAXXACD
CXECCXGECHBEDHDEDAADBCADFA
HCGEHABFHGXAFBEBGHFBFFBECEBFDABXEGCCBBGAAHDBHEXABGDGAGGFF
EACEHHBABEHGFGBABHGCEXDDCBHEEECXHEGHHDXDGBF
CEDGBBBBCDBXCBEFFXBBGDAXCFEADAEXAXDXEGHFGAAFEXCXDGX
BGXAXAEAACFAGCXHXBGXGHHHAABEBCHAHGCEEDBFHBGXDGE
BGEHGCXHDHECEFGGBBBGEDABBADCAGGXCEDXXGHGEFFCFDAXHHHHGAGEDED
DGBBDDBCXBBEFCAXDBACFXBADXXFAHGFA
BCCCAGGFAAAXFDDBGDEHHHCXDCAHFAHXCEHCCGHBEGBBXCADE
FECBEBHGHEAXDHDGFBAXFBACDGGBFEXGCGDCAGBXAXXADBHXFHHCCFBBABFHDABDFBAXCDC
HABXEEHXCCFEBECDCBDXFXBHFCC
BAFBDEADCHGBABEGEDEEBXFBAEGCCFBHFXCBBFAECDADFDXDA
HXCCAEFFGCXDFHCXBCBXHDBFFCFCAXDBDEXCAEBHGHACCADHFHDDBGGGXG
BAEAXH
CGGEHGEEFXHEXBAAGAFAAGGGBDABEXXBCFCABGBFEHCXBAXGGXDEDAXECB
GFHEXACHGHFADDBCACXFBDCEDDCAGGDXCDGXXAEEHBGFAXGABFCCCDABGEAFCBHHDFFDFEBCGCGXFGEECCFFDBXCE
FAHCGFHAGFBXFAHXACEADEAXFEXCEABEXACDDDAFDGAFDDCDFCGHXXGDDDEHCHGADEGAXHEHFBACAAEXDHFDFCAHC
DDHXGHHCCAFXBDXFBEXBFDFFACXDDXBHDDEDECGBAEBDHCA
DXFGHGCCGXBHXBABHFFBFXEDXAHXXCDBXBCFDACFEXFGDAXHFXEACFCHHBGXGFHAADHHFEHHAA
DEXDACBAFXGEFFFBCAFXXGCFCGAFEDXAAFCFFDEGCDXGHEFFFXHDGXFBBCCBBDBAAFAGEBHADFGCFDCXHHEBHGFHECDHXXGXCH
AGEDHCHCGAGXXEXBEDHXDCDEGDCXXAECFXDGHGB
BHBEFHDXXXHXEGCXHHEHHXCXHAXCFXXHAGEBHXGXAFXFCGCEDHBCCGDDACXGAXAEXAFBGHXDGCEHFEGDXH
FACDAGAGBABCFBXGHCAFABGGEDFDCGHDCAFXXEDCFBDXBHFDCGHABAGXCXCGXEHAFCAHAGGAF
FGEBXAAXBBXBXHHXBFCFEGEAEHACBEGCHADAEEAHHFAEEHBAHHACXABCDEEFEBGEXEBCDEGBCXDABDEBCCFXEHA
FXXDGDXXCGFGAEDFBCBFHEAHGBDC
CGGEFFAFHXABDAEXFDAEGCACDAFADXEBAEGFXCH
ADBBHGXXBCFFECBDXAXCDFHGGHCFEFFFFXHFCAXDGEAHHAEBDAFGGXEDXBBCDXABCHXC
AAFEFFCHXXABXEEFAEXEHCDAXCHHBAAAEHCECAEEFHAAFGABBCEDCXG
XFCGXHXHBXHEHFDHDEGDBFABXHFEFHFCCXAHGCAHECAACXCHEDXFHDEEE
GEXHDXDECGGXGFGCAEHCEFGDCACGAFHAXXDHFBXEACBE
FACGBGBEEGHECADBXDFFXHCBACEHFGXDFDEEFEFHFGFDCDBBGFXHCCCFE
XDHGGXBAAXFAEGEEGHDFXGAGBFFCBAXEEGFGBXGFBXECXEDDFXGBDFXDGBHGCFGBGDADBGHE
EBCDDCBBBXGBEC
CGABDXBXFGEDBDDEHGFFGCGHFGXFEA
HFBGGHEHXFFAGECFGBAEBCCCDGHEAFC
FFCGDFDBXXBXEHFF
FXCGAHABGEDBBDFHFBDAXH
FEFDABGHD
HHEEDHFDECAGEE
CGEDEGCDHXXHBCEXXHGXEBHXFGHXCFFBXCACHECXAGBEEEDDXCEXAFHGDEFXADABEHGCECHAGBHGBFHXGDAF
XEBBFXDCGDACAGXEBEEXGFHEGEEGXHXFDBXBFFDEHGGCDBBBDGGHCBEGAAXBGHHBEHXGFFBBGBD
CDGFACGBADHCEECGFXBEXEE
DDBFDEBABAAABDDHAEXFHBDBBHGDFEBFAXXAFHAECDXGHBHGBCGBXBBBHAAHXBGFGXCAAFBXCFEBCGBDEACXDEGBCHFAGHDCAFX
BFHBXBEEXBBE
XCCFFFA
HHGEECHHDCH
DEDCECECXGGGXHEAAXBXEEDCFXCBXAEHGEFAXCBDXCDDBCFEE
EAFHGDFEGDBAXHGEDCFFDDDFAG
GFFEEBFAAHABDADCHEDGXAEXABCADXAFXCBXHDDFBFXEBAGAAFHEAHXAGBBGCAGHEBDFBCDCXXCEBCHXGECB
ADXAAFGXCXFDBDBXXXFAXDGGABFBAHBHBHAHXBAAEHBFHDXBCBFHEGGEFBBHFCHCFX
DXGCAEXEEDHADCBEDGCBEHXBDDCHAXGCGBDCGBEHGAHBEHFDBAGDBEBADCEEEFFXFFCBHFAEXXAFAEFCHFCCCADXHCXD
EXXBAXFBGGBACXEGFXEEDHHXFCBFCXFCXXEDDHAHAEXABBAXAACDXFDFAHAGBGXCXHFX
BADBHBDXFXEA
BEGCHDFXXCEDXDBXEHXBHBDAFXAXXBDXFD
BBFFAEDG
EEGFXCAAHFDBCHFFDFGBHXXG
DHFBHCAECBHEDBXXABFFGGCDBEAHFHGEAXHBCEBAGEHDAHHAHHH
HGHFDGFDHEAGCHBCDAHGEHHXCFEAGCGXDBEGBCAXFXBAGFEECHCFAA
AXEAHGAFBFBGDAECGCDDFBBCF
BFXGEFHDADCGXCCFBEBGGGDBDGAHACAHGCHCGGFHXXDDDAFBAADBAFFABBXHCCBGXCXXGBADEHCFGDXACD
GFHHECEHECDEGBCXCFHACCCDGFGBAHHFBFDDFBGBHHAADFXDCDAXBCDBFGEXEEHGHFAHCDXFBHHBAXXXAAHEADAFHH
XGAEXDAACHFXXXCECXDCXDFFFCCGXXEXXAEXEXEAEBEEECAHFFGHGGBHACX
EGFEEECEBBHDBEBBXDHFCXCXGGGAFAEACBXFAACXBCFCGABF
DBEEBGGCHHHDAFHHFXAEBHHGXCCAEGDH
FAXFHGHFBHFHFGXBHEBHDHEDBDDEHCHFFHHCFHAACXAXBEXDBFXXHAGCADXBDFXEXAEXG
AFGBDDHEXEGGHHCBXCBCGFHXBFFBCDACCXFDCXHDGCABAHDGDGCEHGXDEXDXEDXCEXGBXGHDGGDFCEXDBFDCDDBEGHADFXHB
CAGFADHDXXAHECG
FFCHCFAHDGFBHDGAGXFFXEFDXEADAFHFFFABGGFGBEEACXEGHAXABFCXGCCGAEDXFHDFHXEXAGABXBDACXFCDCECH
BXBACAGDGCAEFXFCXEA
CBXDHBCEXGXACXBFBDBBBCBGFCG
XCCCGGHFBBED
DHEHF
FHAAHHFX
ABGHEEXGBDBDXCAXGHCGDCBBBGEECGDXXB
DXDHEHXHCHFHGDXEGDXGXCFF
BFHFXFHFAFCXDCGDBBEXDFGDXFFCHCXFCFCHGHDHHGGDBDXFBFCDBGGBCCCFXHEDGGBXGDGEDBACXCA
FACAFGDCHFEBXGXFFGHD
XFGFEAFBGFCHDGHXDFFGGAXXAFBDEAEBCFBXD
DCHDCBABDDXXDBACAHGHHCBCHXBACBXAEDFDCGCGXDHCDGEXHCCXD
DXAEBFEXGDBXCHFXGBGDHDHDEFGHEAFDBHGBCFXBDBEXDAHDDEXBEXAFGGFEXBXGDADGXXXFAEACHF
GHDGHBDBFXDXFHAABGDGHHDAGAAEDHHBFGBCXDAAXBDBAHDXFFBHXAGAGHEXFDAA
EEEXHBDBE
XXAAFXFBDXEDACBGX
BXDBHDFFBBCCDHDGXHAGADBXEECAFXDGADEAAGHBGEFAEEFBBDFHABCBDCFGF
CABDECE
DCEXFEHBCGEGFFXDAEFA
ABCFXCXHBXXAHHB
CEBGCXXFBXFFEEADACAXFEBBEDBCBXBGFABGCHBHDBHDHDFDDAGBAHAGCDACEXXEHCXBEXGDEXBCHBGHBEH
CHAAGAXDGCABHBHFCXBECXBXCXHXGCCXFCDCGEBCEHGGEDCHDDABCHGFBEFXFDACEDXCXCGAGHFEDFEGFBA
XXXBHCFEAGGXBHEDEDBXXFAHFCGBBABAACHGCHXBDFDXCCHDBFXAXHEBAHGXAHGCEEEG
BFDECGAGXCAEADHCXHEHCA
HXDHDAFAAGHCB
DEFCFHEXBEEDHGXGAGCBCDGCBGCFFCFFDCCHBFHGGFFHACDBXXGFCEBDEEEDXEEGHFCFGBDXHBHDXDBHDX
CGCBHCXHXGEGEGFFXDHBAHDCGFXAHEDBBGABAFAXCCXHDDGGDGDEEABFHGFHFHEHDHF
DGCGEAGXXFCCXDHXBAXXCECBBFHHFXFC
FXGXDCCEDEXHBGAACXBXAFDEXGGHCABXFBXDHXADADFADXXGBGXBBBCHEDECDCBCBGX
HFHEHBHBDGXHFABFAAEHGCHEFBHFCGBBAFACEBBGXHDBXFGFHDHGGEA
XEFGXEABABHAH
XCFHGFADCDFCXHHFGBABFXCXXHHCXEXDXEAFAXBAXCHGHXDEGEHFDABGXGDXB
DHGBFDGBECCHACHEHCBXGACGBAAHCCHEECHBXGAHAFFDBCAHCBDEFHGBXEHGFCCCFXGBHCFXXCHFDXGDHFXGFDHEHBFXB
EAECDXFHBXBBCEDCECEXAHFADXECFHFEBXBEHGFFFEDFGCXEADXXFAEBBDEEXCCBHXFBHEHDGGXCDHAEHCG
DDXHGEFHAHAFCEGX
XDGXEDEDEEFEGXFDFDAFCDAFFAXBDBGBDFEAHHFAADGHFEFHCGEXFAXHEXXDXGFDBCXFHEECDDDEEDCFXXADBCDXDHBABHBGXA
EXXDEDAAFDFFGAEXFFAAEBAFGXCBHGBBXXEHEDFFXXDAFEBGEECCDGGDB
DDEXXBHDBC
FBXEEXDEADEBBDHFEEAEAGFBDXHGEHDGHEGFEBCHXHGCEDCGH
AFEFHBGXACAEGFGBBHXBBGXDDEHXFFCHGCGEADXBAECXEA
BDBFXBGBCADCGBHDAAHXXEDCXBBAGACGGHXHFBABFXBXAGCAEDBHGDXCFXXHDXCCCHHEHCCAABXFGXXAGEHCCBFBABXHFBF
XBDAXHCADXHADCBBAXFGGAEGFAGFDEBAEGBAEGDHAHACCCFAEABCXHGGDEFBDGEBBDGDBBABHAGD
HHBHEECCFFFFCAGGXCXHEBDACBXHEGGXDFCFHCEGADEGHFDFEBHEGFFBHFGECHBAHH
DXHFCCDBAHXDDEDXCHFGGCGXXCCADHGHHHXCDCBHDHCEXFEAXEABACXEEGBEGCCXECABHDXDACADAADDHCDCBHXGAFH
GGHHDHEHGAGGCHXXDAAGCEHFCFXECEDGXHHXXCXDAFXHDGGBCGGEFABHFCFHXHCGCDXGFXAFG
DXCXCGDGFFXHCXDDDFCGAGCAGFDGFCCHGHCGFEGBADHAECFAGXCFXHABDXFBBFXXHEXCXEXABHCBBEBCDAGCAAXCCAHB
XDCCACEFFHFECBGHFEHDADFHBDBGEGDCBCG
XDCEGACBHGEHEDAHGXDABGDFAXHDADDGFBXAFCGEDBFBBCFADHFBEGEAHGGBDBDFBGBDCBFDHBDBHXCXFAXCFC
AFEAEBDCFBBFFDDFGHXHBGDADHEECAFDG
CHBXFDFGAEFXBDHXFCGXACAHBBCEB
BXCCDEFCABDCXXCXXBXXFAEHHHXFXDCGGDAGEEXECFCDECEAHCFBFXHCCFXXEXDHBGXBCXFBAABDECGADEBGEXXBHAC
FACHXHGFBEFADGABGBDBBXFFEXGGHDCCDCCADCXFGXXHBEEFGBHFD
XHFXCACGEXGHHFCEBXBXGXGAFDFAEFDEGDGGHAHBHBAEBGEEBHBACCDHFHGACHDBFGECFDDGCBBBEBGGCHCG
GHCBHXBHCGGEDGBHAHCEXEXEHBFBGEXDEDAXHCXEEXXECFHBGHDDEFFHHDGXBEDCEEACXFGCAEEEGXGBXXDFXGEFFEFGAC
BBAFFGEEXHBBDCABCEAADGFAXCCCFFFDCBABFADDAXFACDHDEXADDHGHCDCCDFBXFCA
GEABC
CHGCEDDHXXBFFGAGXBDGGEDHXFCABHBFXBGBDXCDXBBCCHFGBDCXXDDGFEDXBCCXECFXEHFAXBXCHFHCHDDXBFDCXGFGHXX
DCFCHCEFXEFGCBDDXHBAEXEXFAGBDBEADCBHHCXHCCDFGHDDXDDADXFEBFBDAACCHDXC
FXHFFXEXFEHEXCGDAFEXEXDAAEEEDGHXBFDFAAEGEGFHXACDXXEFXFCXEBBEBXCAC
EBGGEFDBBXAXEXGEAAXHHEHXFXXABEXFFGHDGABHXBAAEGAAXEFADGDEEFGCBBEEGFFBGAECDCCDGGXXABDFFFXFHEFX
ADAADDHGAFCFHAXGCCHEGHDHAEDGXBXDDHXGBCBAXGDBCGCEBCFEBBFBHFXAXFDHHBAHHXCBAXFCXFBGHFDEAGEXCGFHHCFHAEF
GDDHFEXFXFBFBHXHHHGXDBHGXBGHDEHFAXFBCEHDCXHGHHECHHBFGCCDADEDADGBBHCAGDHXBBEAEFAXGHHXAGCXACXGBGGGHA
HBBDEEBDCBXDCXXXXFGEFBXAGGGEHABGCBCXHFCAEXBHDXADXEDGGCAEECFDGCGH
CBFXCXGFCBFFGBBXAAEDHHGGXABDFCFBEAHXGFXBBGFFHBDCXBCFBDAHXAHGECFGXEXAGEFEXCHAHFBGBHBHFCDDDADFBCBDXC
DGDEHBXXBXXXBXBABEXHDCHDDCFHHXAXDGHXEGDBFCFCFEXEGXHEDHHDXHFCFXXEEBAAABDEHBXEXGBEAABDBCHEF
EEAAEAHFBFHCCFFCGHFXHFBHXFHFAFXDBBGEGXXDXBAAFEBCDGGGHX
FEGGA
GHCGFXHBBHDXCXAAFBCHEAXXXFHEHGDHDGDAGAXGHGBXEXDHHEBBEEFXBBCBBBGABEFGEXFBHGXGEEAAHDEHEGEFA
GBDGEBFDCHEBXGBHBAHAHDHBXEBHXEBEXXXXFFAXGGGAFXD
BDHGXAHCXABDFCCGDCAHABCDXEFXCHBAFXECHBAHACCEDDGHEEGFAXAAXAEHAAFEXECHXGBGCDAEHCDG
BFHFDEGXEAGCGDXCEEXHFFCCEDBCDXXFBCCFDGCCXGFECAXBGBABBFGHXDBCHGXHH
XXHBAHDDFCFFBGEEAFAGHABXAGG
DFFCHXEDCEAFBCXGFBFBADXGAGDCAFGBXHCDECHEFHHFGHABCDBBACAFBFABCEXACXHADHGCGCGEHGXHHCD
FCAF
HEAGAFXXGGAGCACDHCBBEEBBXXBAEAHGDFHEHCFHBEFABDHGFEAEFGECCFEHAAXGBGAEGEXHBCBGDXXHHDXGGGEXX
XHX
EBAADAEEXXEHHEDEGGGBGEXDAEECHABBHEHHBADHGGHCGDBFADFFBAXCCXHXDFCCDFFCDABXFEFAEAGBEAXA
BHDFCBGXXGAGXDGGDGGXXCBHFXXFFXABHGFAAEGGCBAEXHAEFBXEEBXGBCEEAXGEXEBEAGBBE
ACABBFBHGH
ABGEEHHDCAXGBCGGGAABXCADCDXDECXDDDDDCAAXDXBXFHCAGCBFGCXAAFBXGGHCFDDXXXCXHEAGADCBBDXGBGHGXF
HXX
DFAAGCHDXEAEGEHCFCFXHEEHBCGHFBBACGEGBXDXB
CEHFAXEABBX
DFECFCDBAGFBCCFEBXFBEEDAXCXDEFFBEEDDDDXFGHDDBXEBBFGEGGBGDCXAHGCBGBDHAGDGBEXAFXAXDGFAC
XXXGAEC
XFCADBGAFEAEFAABEDDHEECGGCHGAHDCEGAHFAHGXFDCAEFDFCAGXHBDHBABHAHHDXACAHXCGGF
DXACAECXCXAEDDGDFFBBFAGBAHDCXGAXDGDCABXDCFGEGGXXXXDXXBHGDAEEBCFGBXC
HBGBFEEBHAGXEHXEHGAXHFFAX
AHFAAEECEBCEDDXEFECEAFEDCAGAHFBAAGGEXBXGCDEACGDGAFDDFXDHDAXBXHGFDXXBBBCBFBAEAFHBDEBBXGBBGBAGE
DBFCXFHCAAXBGGFGDXCGCD
CFFDGHEAGHFDCFADHAFFGHCFXEDDEFXBBFHXGCHEHXHEDDEFHAFDAGAHACCCAADFCABFE
FFHEECXCDDHCDDAEXEEEAGXEADBFDHXXCFHAGAHXHFGXHXBDCCCDCXFADFEACHCDEAFBDXDBAAXBEEHXDE
GDECACFFAB
HBHFFCXEGFXHEFGHHFHG
AACHAFCXFCHBEHCCAHEXBDXGDCXEFGXAHCEAFDAGCGHGDGDCCBDGXBACXADAXDBHDAAXB
XGECH
HGGCGFBBXBGCFDADHCHGDAADBD
GCCAEFFFXBEXEHBXCCDDHAHAGHHBBHGHGEFGDBAGGAXXAXBFCXGCDCDCDHXCAGCHGBDAAGAXXBBAHBFHXGAXBDXFHXHD
BFHCDBBDXGFDEHFXHFCAHXCBGHGCBAADGDGECHGDEXXXCCGHAFCCCFDGFHBADDGXDDDGXFD
BAAACGFBGADAAXHXXEEGFXXGBHHBXGGXHCGGFHDDG
CCFGDDEFFDXFDDAHFAGGFXAGXXAGCEDECHXCGEEFCXFABAHAGGFXBGCHBHHDEEXXHCEGFCXDGDHGFBGDBD
XAXFHEGDCFBBBBCAHE
XHFDFFXCBXCCCGXDFXFCGXEEHXAGHGFAGGABDDGHXEAGGCXGCBBHXFBAAEHEXCGX
GFXEDCDCFE
GFDBBCHBCBAHHAHGHBBADXDHXCFGDABXAFHAGABEAFGXAAXEDEDGF
HDEHGHACDGFHAXHEGEEADAHFGAHGHXGGXEXAXBGDGEDBFXGEEHCAAXCHACXDABHBECDABHXHBAAHHXAXXF
FXABAADBDDEDFCDBHFXDXBHFDBDCGG
HGEDXAGEHXBCFDGCGGEGDEXFGACEHCCDXEFEDABDFXXBGDCEFCG
XDFAACGGCGCGGAXCCXGCDBECBGEXCFXADFEFXGFF
HHGGFAXCAHHBCXHBXXACEXXGDDGAHEADHCGDXCFHBFABHFBDAHAGBECXAHECFXGXBXBCADGCADEAGXXDDXG
GBBDHEAFFCFABFFXCXBFGXFXDGCEFAEFHGAHXBGDXHEBEFFBFHEBHXHAXXE
BHDHABAXACDXBFEXCGBABHFDEABCDDBHHHHFGCGCFECXCFBHXFHGBFCFCGHFAHAFHXEADDBBGFBGEXXCCCGABEGBEDE
FDHBHEBGCBXAAEHBDAGDGEHHXBXEXAXGAXGCXCAHFECFCXABXAEFBEEGDDGEHFXCXEXDXCDXACXEDHGBBCFDDGGGEEHX
CEHAECCDGHHDEDGBCXBAAHEGBXEFHCHEHXFXAGEEAHDBAG
XDDGHBXFDBDCXGDCD
EHXGEEFDHXGXFAXXDDFBFXDBECHDDAAHFCCGHXBHDEXXBCFEAFDHCAXBECEHGEHHHAFXCGHCCBGDBGDGDXCEHB
CCXEHEEDCXEBGGDGHGGFGBBEEEG
GAXHGBCHGEEEAXACAEGFFHBDAECCHEAXHFCHAAEXFXEGGBEACAADDXFBBXAAFDXACEFXFXGDAFXGBDCXBAXHBAHFHBGFXHF
GCDEAEHXFBEGDXDAHDCXXFDDGDDCGBCDBAXCGHCGFHDDFAEADGEHE
DDCEXGDDGDGGXBXDDHGFAAHFAEFCE
CXHCDAEDEBXBAEEGGDAFGEEBEBHEDFDHBEEXFACXEF
DXBCXEHHXBFCECCDFBFFDFHHXAB
HDHDGACHDEHDHXHXHGEEDGHXABADBCD
AAFCDADCFFEBGBDGXAEDCDFCGGXEBCXF
XGCDDFFEBHBBCBXBXEXHXDXHAFDAXFXAGXHBDEAHXBAEAFEAAFCCEXCXAGFBFBXFCCCEDFDDEGGFCHCECGBXXFHXGGHCXDG
CEDXAXDECEAHFXBGDBCCAXAFBXXFAAXAAXBHXDXAEXFFFECABCHHHACCXDFEBGGXFDBHCXGFFGXEDECHXGECHCABXBEAGCBFFAF
EHGFEBCFDGXFBCBHGXHGBFBFHADEBEBBBA
FDBCDXEFCHBHCEBFGCEDBEDXABCFAFHCHBGFHCDXFFXEXDGHADCGGDHEDHFHDGCECAHEXBEBDCEEFGEACBEEHDCHBEAGCA
HEDBDFHHAEFAGFDEFCEGEDDHCDHHACDGEXDGCEECBAHFAFXFAXAFFECHFCEEHCAEHHEGGACDAXH
AHEBHDDD
BFACFAXAAGEBFCHGXF
XHCCDGCEHBAAGFDXBXCBGBCBXFGCBBFDCBABCXEFB
XADHHXHEECDCXCCGFXFBDXHBXXXXBAXFHFXGHCDDHCBDGCGDDCAXFFBCHFHDXXFDGXHDGHHFC
XDABCAEXABHBCDABFDFDHHBXFEEHCXEFBDADGGEAFAXGCGEFBADXDEGCEBFEEBHAHFAXGXEXBHBXEFAEAGBHHACHDHDB
BEFCDGCCBGDBDBFFEHDCCGGHCDGEHDAGACAAEBGXXXCECDXDXADBDXEXEBACX
FFABAHFGXGXGXCGXGCCFBBCXCGFGAC
BGFDXBXBBFXAXGGGACBHBXCA
FCECXAGDXEHHGBECDDXXBEHHXAABCFCGBFEACXAGFXEFFHBDGBGCAXDFGEBCXFAFBEXGBCAFDACADDGXXDB
BBXXEBXFBHAXFGHBABCECGAEHDCGFGEFAXXAGDDHHEFBCDEEBGGAAHFHFACHFHXCXHCXEHXEHECHEEBBDEFDA
XXDEAABCEFBCBBDBCGXABCFEBACGGXEEDGFBXXEEECXHXEFGFHGECXXCXFGHCBA
DFECFEEFDBFFDHBXGHGAEBECADGEEEEDDEFFHXFXGHGGGADGXFFBEDDBGGGEHGXCEADFBGXXADEBHGGFBEH
CHGFGAFDFEXEFHGGFCDFHDFHXEADGAGAFBGFADAGGGAGDECEDFFCDCEHX
EADECXAFHAEADHXXGXBACBADHECADBGBCCFEDBDCAHBDHDHDAXEACXGEHA
HCECEDCCAXCEDABBAHFBDADFXDDEFXGCCE
HXXDBCECGAEEBXGGBDBCAGGGGEEECXXBEHXBHHAFXXEGHGACXFHEDHCDGEFECDFXABABAHECACDFGXAGDFFFACGC
AAAEFHHDBDXBEHAXADXBAFXEXGBAAXCFCCAAEHEDEDGXDEADXBEGAAXGXFDXXGHHBBDDAACDFCGHAEHHXFFFGXBFH
ADCACAFAB
BHHBGGFG
FEAXHDAEHDGDADHBGFGGCEADAEACDGHFHHEXEF
XXCHGEADBDABEBGEGF
GCGFAHEXGCCXXDFCHXHADGEBAEDXGC
CCAXHAA
HHFCXHBCA
XHDEAXGDGAXHEGXHDABCXCCBGFXEHAXEHCAAFFEXCXHBEABCCFXBDGDBHEGBBEBXFEEGFEDADHEDGDHGEAGXF
XDGDBDXFBXEHECBCFBXBHXDXCXBBCXAGDXHDHX
HHHCEXADAXCDCCGXAHHHABDHBAX
XFXXAHFGGHBCXFGADCBAAGBGDXFBGCBGHFFHEBXBXFXBGDBCEXFGFEDGCEDEFFHBA
EDDBDBCEGHCAABDACXEFFXCXGAGCHEXAFBCXBAFCFDXCGGXAHGXDEBCXBAEDXAFACABACGDCX
BGHHXHEGEEDHFHHX
AEXBXBEBFXXXGBBEHBXGFEEFHEABAAHDH
XCFCCABXHHXDXGXAAAHXCGXHGEADGFFDBXHX
GBABAGCHDXGDHHDXEBCEADDCABBCXBHD
AGXBDBCCXHGFFCXADEBHAEHXEFXADBGFEFEDBBAXGBGHCFXCGCFFHGBBGEGFDBCGFHAEXXHFFGFXEXHDEEBDGXFCDXGCFHECFCH
GGEGFEHXFDEXFGAHDCDCEHFC
DGGG
FACGCCDXCXXACXDHHDFDHEXGBBECCGDCXXAAAXEFHCHGBFDEAHHGHFBCHAFHBFDHDBDCHDBXHCXHCGBECFXHHFCFEDXCDX
DXFXGCHCXBFCXCAABBCDFHXEEGBEEDCCXEXC
HFXGGAGAXCXGXGXEDBCECEEBHAXAGCEDDXFDGCHHGXH
CBEBEXBADFDFGCECFDHGXECXCCXHFEDFACDGGBDGAXAHAGGCHHBGBGAXGHDEBXCCHXXBDFBHEDFFXHDDDDB
XHEHBHCDEBXDCXCHAGDABGGEFBEXFGEEAFBCHHGBXFCXEXBEHABHFHXCD
BAFHXBHCDGFDXFFB
EDFAFACAFDB
XGHGEBGCAXH
BFDXABGDACHDBGXHBGXCHEEFCD
AHGDXBGCHBGECGEFHCXCDBFAHDBCXHXFCCXBCBFCXDBDDBHXHDFEEDXFFHFAGXX
DCGBCBXDFXGEBCCAHDCHEFGBHXHEXDBDBGBGGDHXBEE
GADHBDHFGCXDXHEXFBGGGEDDGDDBHCECEXHX
CGHHFACDGBDXGGHDABEFBFCXADBDGHXBHXCD
FDXHHFEGGFGHBDCCHFXBBXXEDABEBECFXDFXHHFX
FFXFEBEDXCHFFHEFXFEDGBGBCDCEAFAFCGAAGEHBBAABFBXXHBXGAGDFXBHBGXXGACAFDDHBCAHHGXHH
AGBFDAFXCCXHAXGXFFAADBCDBGFAXDCBXAFAADEADFCXGECGGBXDAHABHHA
CAFGEGBADDH
GXFCCHAED
HDDECEXECBFCEDHEAAFCDHDXBDFXHFGGDXCCEGBFCHAAHBECGD
CFCFEFEBXXAGFEDDFBHGFFCEHDDBXDXXGECHDFGFGDHXEACCFXED
XFAXDHXDHGCGEGBXBADCFGXCCFHBXCHXEGXBECAGHHFDAGAAEBFDABXBXGGBCHFECHAXHBBFHDEEGGHEAFXXEGC
FCBHFHAFABFFXGGXGAHHXBFXXBECDFABBGEGCXEDGHEHDEEFBXFGEEGBAGXCXAAXFGEHGEX
CGXACAHBEACHHXDAXAXHFACADDAABAFXCXBGEFDDXEGAXEBBHFDCBXFHDBAGDFHBHGDDAGBHABFDDEDFHXGEDXBHHDGFDEHD
CXAAAGXCGHCDHAABHEGAGBAADBBFDHGBDADXACBXCHXEGHCCFBXEFEDHD
AFCFFFAEGDFDHHXAFGBFHFCFDEFEXFFBEACEFEGXFHFBGBGG
EABBBDEFDECEHAFGAGCGGAXDABBXFCB
CDHHFEHCXABCXHFCDDCHHDDXGHDFFDGECCDDGXEEXBGDEXFHGBCDACDFCDAHGCGXEBBBH
CDBFGBHFBBXEXFABAGEFXXBAHEBXCAAGHXAEEFCBEXXDHXGHHHAXHFABXXCFBEHXXHBACCGGAXACDDACHGA
XAAEFHXECDFCACHEXAHDAFEGCBHHCGEGX
ADBGBEBBDCEFDFHADCFFFGGXCABFDCAFGHHXAXGXBXGBBBBGFXBBHEGHCGEAECHBC
XFBEGXAXB
DCBCCAHDGEDCBBAXDECXFXAGCBFEDHXXAAXBBBFFFEEAHDCBXBDCBDEBGDGXAXAHGEGHHGAFBCCDFDBXDAHDD
GFEBDCBCEXHGCCEDDGXGXAFHAEDCDHCXCDAAAGCCCXCXEDBCHXEHXHDAGBGHAGFEDDF
EEAFXCFXBFDCFEAXEEACHFEEDCFXFHHAEAAGDEFADHAE
FEDBHXGD
FFBDXCHDFHXGXHEAGXEBGGFXEDHAXFDEXXFBAAFAHHCHECGFDXEXECHXGDDCEXDDFEB
AHBGEGHCXXCCAGCAGCGHEFBXBXGGXHFXHGDDXEFBGHFXDBBGHFDG
FFGBXBBBFB
BGHDBHHGGECDFGEFABABCDCXHAFHGAXF
HXGCAFXFHAHBEC
CDBBHAXDHBCXCEHFBGFGFXXHGXEFFCHGXGAAXXXGAXAHXABHXDXCFGXGCAHCXACDEHAFEHXD
XXHFHEAAFECHXBFAGAAXBEBBABCHFGBBFABAEGGBEFECEBHDCDCCBFCFEACHXCBXBHBCGFBBFHEFXDCEEEFD
DHFFXAEABGXEBHACGBHHHDFXHXEDXGDXBXXAGAHXECHAEHABXDAFFBCGXXFGDFFHGDAHDCF
HHHGCXAFBAHDXDDADCXBAXEHFEEXBXGHBFBCHDBEHAABFGEGHDDCEGAXXFGCDHHCBAGEGEXAAEGAHHEGFDDXFBX
XABGGECEDEFXCDCDBHXXDDGCFBAEBAXDBDXFCBFEBFDFXAAHGHXDDEGDXDHAFAGDHDGXECDXCHABBGGHDEHFDFDCABDCXDDAFB
FDHGFHGGHEGBDBGFGXDBGAHFCFAEGHXAEFDGCGAHGDHHHHGEBGFDBDBFGAGHXCBXEHGGHXBCEXGGBABCHCEDDDEEDFXD
XDXAFECGAEHAFGAEFFFCAFFFEGBCGBXXDHHXEXACEFHXACXG
HGHHHHBEAAADHXEAXFXFBXEACADHBBBCECCAFDFXDAADBAGAGXFXFXDFFDBFDGFHGADG
GCFFGHGFHXFEDXCBDXFADAHGEBXEGAGAFDFHX
XXFDAFFFXFDGXHEFBCXFCCDHAEFEDHEADBFCHBEGDEHFDDEHFDAGDHEHAEHGHFFEGDAFHFDDED
ADXGAEFHBHHEXBGXAEEEFDEACEXBGAEXDXBBHCHDXCXCCXEEBHFAHDEDHXXECFHXDCAXEABHEEXAEGCEECGGCFGXXFHDFGE
CDD
CDCABBHGCAFECEXEDXCBDBHDDXBECDGHFXCCBEEXGHGDCGBCGHBGFHAXXDFBABFXEDGHCHFAFBFGXBGFBGEDGXADXEHHFGDCXB
BXDCCHHAFHFCXXFFHDCHHGEGBCABAEAGHDGFFFBCHEXAADEABCHAFECAAXEFGEAGBGBHFHCFXF
EGDEXBECHBDHADEFHXHGGAEDBBGFFEAEAFDGHXCDXCGBCBBHFEXFGXBACXAFDBDBGEXXCABEGGGDBXDCGAACHAAE
EXGHGHBGGEDEEFHBDCHAEBHABXDAAGXDFDCFHHHEBGC
EXXHGAFGEXGDHEGACDEXCCFAEFAHBABBAFH
AGGCHEFABXGXBGHFAXEXGACXABHGHAAHXDXFBBGDEXG
HAEBBDHCDCDFGEFXCEHFAHABCCEDDAEGGFEADADBFXBBBXAEGEGHGCXBCHEADDDFDGGXFXX
CACCFFFDACGCCGCADGXABDGBXXFDXXAFCAHADECXGXBFEGDCEEGBXXACHHGBXAXCBDCXGEXFXHABXAFBCCFGBAEACE
EFAGFCFFFXFDBFXEEFFXXAGCGCAXEDHHXHAGEGXFDFXADXFFDFXGADFA
ECAFAABXADAEXECFFEFCDBFXFAAFBGEDGBCBDFGFFFBAGXXXAHHHEXBDBFXGAGFXGHGXAXXFCBFCXFGFXEAABBEHD
EBDDXFCGEGCEGACDGGFXXAAEFGBGEDXBHDHFFGDEXHXFECGDXGDXDXEXDEFAAGXXAXFBBXBXXEDECCEGHGXGACEXADGXX
BCXFDFGFXBHAFGACEBHCDGBXFDFXHBC
AXADFCAEBXC
GAEBBDEHAGXGBXXACGDDAHGFFFEGHBDAGGEGFFBFBFDHB
DGXFFBFFACFCA
XFAECGXXBDBCEHHFCFBAHFEFCABHFXFCD
GBBXBHBBAHEAXFEAFBBCXGFCCDXBHEAXFBXGDBAHGHDCXHDBDAD
DDGDADFBACGEAAXFADBADCGAXEECEHCFCDADBGEDHAFGHFDFEEHXAXDHFDBHGBXCDXXBXBBXGGHHDEFD
XXDDXDAXBCXBCACAHADEBBFBEHXFEAEABEHEGFCAFABXHBEXGDEXGB
GHBCHCXBXCDFF
XHACHHHFCDGAGCHBEBBDDDXDXFAEGDBXAEXFXX
BADHBBHHXXBBHXXHBCAXCXABGACGGACECFEXD
BXCEEXFBEEXHCHFFGDGFEEXGXEHDGFCCEBHEDFCEBHXEACHXDFBDCBFCFXHGGBFX
XCXECFBFDBEFHGXADCFXCHAEGFGABFGFBBCBECGFBBAHDDFDBBHFEBEXBHHEXDGBGDDEADHACAFXCGFBCCEXGBGGB
GXXFCCHDGXBDHGXCCGDXFCGXCHGHXFEFDXCGDEABCEEHDDHCFHCBEXCFG
HABEDDXHGACFDDXAXCXXXXGHHXHADGBDGEEADAXHH
XDABCGFHFGDHEGABFEGG
XCDDGDED
BHFHBGFGABEGEFDBDCHHHACDEHAXDGFEFFDAXFXBXXXBC
CHABXAFXXACXEEFDDFDHGAEHFXDBEFDCXDXXHFHXHCAAGXFHFAHGCBFEADAFDFAADFEABCGDC
BDCHEEBBEXEBDEBFXDAEHXBFBCCHAGAEDAAHEHAXFXCGGFXEGBDADCGXEXAX
XEECXEHCXCDBDXHBXDDXXEBEAFACHAHFHDEDCEAXFFHGGGBBHDHGGXXGDCEGXDHFGEEX
EGXHCFFXDDBACCECHAEGHAGDFAAEHFACEHGXXHHAXHXFXAADCEXBBAXFGFCDFXEFHEFDAEHFXAH
XDDBHBXGHAXHDXEHADFEXEXCCFDGAXBBHAFEAABGEBGCECHXXGDXXB
GFEXFXHAECFEBDHCADBGCGEGDXCBDBABFGHXCAFHXAGFEGGBGDXXBHAHFCHEEBHBDFDCCFHGFABACBCGCXDDCAE
ABHAGCAHEHHAXEDEADHHABADGEEEHDHGEGXGDBCBGCAAXXXBDFCDXAHBHXBEECFHXFHFG
XXBDBFX
FXXDDHGCCCXXHEEXBDCCFHXBECCDABGDHEDXXGDXXEAGCBDCBCFHDDFGBGEGDHFE
FBHDEECGFXGE
GCHCHFHEEHBCGXBBDXECABXGDAEAFXABCEGGAFHFHECXCHDXHAXEHABCHXCGGDEDGXFFEEDAHXCHDBCCAGEEFEDDGDACHH
CBFXFXGFHADEFCXCHXDGCHGCADACCBHEABBCBXCXBAEEGFADHAGCBFFDECCFXGDBGEEABBFXGABAAEXCAGGADGA
CDFAABHFEBBBXAEADABFHCFBCEFFABBHBBHGBAAHDXXHGFBXGGBADGBCDECGGXHBBADFABGDHGGCXHGBGBXEECHXCFFEGCB
EBEDBXCXHDCEDAGFXHHECEBECXXBBHHCFEHEXFXGDDFAFEBGAHCXXGBXFGBEFAXCACEACHFAEEGHGGFBGDCAADBFHACE
DCAXXXAEEECCXXCDFXDCDABEFCEECXECGEA
CEAHGDGEFAHGFAXGDECEDEFHGDBXXBGDADCGXGFAEGADBDDCFGCECHHFCBFGHDXAEXXDBXHB
XCXDDEDBDDACDCGEBGGAAFDXFAAGFCGEGXACEDXABXXEAEHEXGAGBDHAGADDHXDAFABDACHEDBFGDXDEXGCA
HAGBBGEEFXGCBFAGGBEEAEHGHDCECDHCCBFEXCDXGDHXAXEXXBEBGEXXCHDFBXGHHH
BBFFAHEACXBXDBEXXCCBDDHAH
GAFXGFCHBBGBDFDHGEHBGACGEBFCXCEFDBDHAADXXGEGEXHGXDBFGC
ABFEDBXFXDXXFEFACDBXADXDEXAB
DXHGAXXEHGXDCBBAXEHXGEFAADGDEBFF
CDBDXEEHEGDCFAEDAXCGFEBBBBDDDXGXEAGCAEHXEDCXGCAGXDGXXF
XXAFGHEGCGAXBFCHHABACBXECBXCHAAXHBGXXACAXHCEXCCGBHEEFGAXDDHEXADXGHAEDEFAFXGECAEGCBXGXGB
HDXCDFCCAFBAEABEDBXFDABCXHADHXAXEXFXADFCHXFABGHEEBHDAXFC
XGCDFAEXAEHGDXGAFXCXDCBHHDDCGFBGXCHAABGBCFXCCGCCHEH
BFXEAFFBH
CBABGBEEAXEXCBEDBBXFXHBCXFADCDXDBAEDGHECBHCFXEEBFXDABHFDDGHAXGGXAHBAHEEDFHXBABFDHH
XEHBDGDCFEFBDDEFDGHDHXXAAFFBFEDBCFFDXXBBXFXGHXE
AXDAAFGDFEX
HDX
DGFAACXADBFCXXHCEHXEDDXGHDEGEXBDEDDBGGFDBAGXHXACBCFBGCHCECACAFGAEDFXGCAEFAFGEBXEFGDEFGHGCAEDG
AXBHDECFXAECGCDXDBFBBADAGAGBCFFBCBDHFHXHEBXBXDCDCDBGFXBCFGEFDCBXFBHCXBDFGDEEXABEHFGCAXCEAAHC
FBDBHGCFACHGDEFEHDDEAHEBGFDXDHFFXFBHCHXDCACBBDXEDFXBDDCXGCAE
ABAEFHDBHHDAXAGDGAECXEAFFDABEGEFXDGCDFFEBBEGAGFAGHXHFDDBBXCHDGCCCEX
BCXDGDGFFGAFEFAGCDGHXBCGFGFCCCCCAXXDHABDCBFFEFXDDHGGFBX
GGHXCDCEDDHAEAFADFXDCHXDXHEXCHHHCDDAXBBEHFCAFHXFFAGABGHFHGBCXGCAEEXHDDXGCAHDFGF
XDEXAFCBXBGGAGECCCGBEXFCAAHBBBFDDDHBHCGADFDGXGEEEEXEHXXEEXGAXECCDXEGXGHDAEAEDCFHFXAGGAXBDGHBX
BHFDHBCEXEDXXXXCHHB
XEBBCECAXGCHGBXCFGAGHAB
ABEGCAGDHFCFXXFGEEFGXH
FHEDEAHCCGEGCFXHAGGEAGFBXEEGXXEXBXBGFXAFHDXAXGABGBGHHCFGXEFBEHGXBBAHXABEBCEFGECD
DBEBBEXEHFBEEHXCCHDAADCCCXHFEECDADFCAECFADHGEGXBFFFEDCEXACDEAEFCFBXECAGHFHEGBHGCCBDXFXXHEEAHDX
BFXFBGFXAAXAXHBEBBXAADGECGHDDBHAFCBEEDXGFEEXGGHCHXGFFAXAXHHAXAXDFDXDDFXHEXAFXFBA
XXGCDGA
XGBXFHACCB
DDHFADFBCEDEXGFEHFDCGDGXBDBDCDGHDCGEXBEXBEXF
BBXDDXHAEBAAAXEEHCXCXFGHGBXFGXXGBGAXF
CBDGXADXXDFFGDHCEGXEHCCCHEXEHACBXHGXEDCBXBEAFEGACFDXBXAHFCAGXDCG
HGBDXHXDDXAEAGXAGCFFXABBG
GXFHBDEEFXXXHBGDXBDFXFGDFEEDDEXDXXXFXEHBG
XGFHHGACCAADCEHGACADEFBEEEEFXHHAABCFBDFGXF
CXXAXEFDBABECBXFCAHCXX
BBAHCBDDCBGCXFFAEBFHHHBDGFBDHHDABXBAGEECHDDACXFDCBAXFCAAEFGGHHCAEHXBECDFHFEHXDAXCC
CGEXHHGAHEFXHGHXFDBXBFCCHEAEEEHAHGXEFGXFCCAEFHGEFGADAEBFXCDAXEHHFBXXCGDXXECEFGAFXG
GHCCGEDADEGEHDBHEBEABGGCCFCXBEEACEA
AAFXXBBXAHEFDDDBACBE
FDCHBGEDGXFCHDCBDBACDBAHADXBXEGBDXFEGB
BXHCHFHEBAXBGHCFDXXDHGAHDBDGAGXBXCEGCBDGHCHHCHFGHEBDBCXAXBEFHFBGXCXEDE
XHBXHAAXGHFEBEHXXXXCCG
BEFFDDXEFCCBFBXHXDH
FABBEFDDXCEDCACDAFHEEAGACFABFFHXBXXECGFCHHFHABFHBEFADHCCFHGECEACHXDACAFBDDDBEGCFHFEADAFBBBGB
DDEFFXBFBHXDXBECBXBGHHDHXEGFFHGAACAEXGHADADEBBBXFECBFEFDCFGDXEHBDGHADEBAGCBAFFEDFABFXXFXXHEXXGABBBE
CEGHBABBACGCCFDEAGHAACAXXFAGBGEFGFCXCHCXEHHXAEHBCHHHXFBHEAA
FFEHGECEDEXEFCAD
DXBDXHADEFCAACCCHDCCCGAFECFXFEXCBCFDXAHDGCEFEEXFGBCXDHAFXDDEXBEBCHDDGFGEFHCBAXAHXBEHFBHDDHAD
GHFFEXEXEEFFEGXXEGEXXHGXFEBXDFXAHABCFAGFADEGCGHBXGXXHFFEAFAGCGFHAGHFFGHEHEHCBAXCCXDXAACBEDCAABDDH
FHGFEFXXCHCFEGBDCHAXAEXXAAEXGCXEXADFBFHBEAECHXHGEFHEGCCDGCCEDBDFGBEGAHFAGBABDX
HXHXEXAXAAXXHCBECADECEAGCBAEBHEEDHXGG
GACXFBABEXADFBXDXDBHEDFXFFEBXXBAFCAXGHXADCFHXCFA
BEBEDBHBCHFHBDGDHEDDCGXHBAFGGGDFXGBCFDACCDGFHXGHXGCCXDXXEEXHCFECEHDFEB
EADECEEEHDBBHBXFHXEXGECAGFDCCDCFEHXGDAEHCAXFGFCAHDGBHHGACCCBEBAFXECEH
CDACXEFAX
EEDAGDGAGXAEFHFFHG
DFEDGBBFCAGGEHCACEGCEAHXCXBDAAXGCGA
BHGBDCBCCFBHEBDCGGGCBCEAECDFADXXEEHGXEEGEEDEHGGAEEAAFFCFBFCXEBDGA
CDDBFXFXGBFAHBXCCFAGXFCCXGGHAFXHAEAAAGXFHAEXEFFHACXEXBAHGB
XCDFFDFBABAAXBXBXGCADFD
BBHCCFEECEEFFDEBEXDCXBHDXFDAGFCAFBGDAAAGCHFEBFBBECDCHAEBBCHEBAACFCXGBEXBGBEAXCGDDBFXCC
EXHXACGADADDEGAAXGCDHXEBBHDBHCXFBCBFHDXDXGGFGCXFBXGHBCXXBGXDXCDAXGCHEGHCEEEXGDGBCCDHECED
FDGBBXHCGCDGGE
AXCXCDBAFFDGAXFAGECBHBXCGBFEDBBHAAEBADXEDGFFCGBGAACDXXBBABHGHCDCA
GCAXHHDCEGXDAHABBEBGGXEHGDEGHHDGBXXBDCXHEHBCXBXCGDXDFGDGXXXDEAACDDCHXAFCGCDEHEEAHHFE
XDXCEADDFEBBCHX
AEA
BGXHCBXAECHHD
DFXEAECFECXBEEXGDBFCGBDGFHADFXXAECBFEBHAGECEXCDGAFEECCDAGHGEHBHGDEXBCCGGXCGCEGGBCAHCFXGGHGCGDFGGX
XHGFAEDDFEBFADXFACBFEEXDXED
EGEHFEXBDCFEFXCHDBHXXFXGBCHCHXEFEAEFHXHBBXAEDGHHBDXGXHFBADCDFDECDXFFXBBHCHFAXHFDAABXACAEGEGGHG
XXXGDXEXCCBXCFGFHCFBHDDXAGGCGHFADAGGXFBAAAGABEFFXEEAXFGFBDFHDEDFDDAGAEDXCXDXCHDECGHFCBCBFXHBC
BXEHDGGEBEDBGBDDGEACEBEFBCAXCDHCFAGGEDCCEDGHXAXXCCFBAX
EHHDAGEGEDFBHEBHABEEGHEDGCAFDXHHXCXXCFXXAECFFGXEHXABGFEDXCHAGHEXCXEEXBHAGBFCDEHGADHBF
BEADGFDHHGHXFGEEBAHEEACXXFEDEXBBGBG
EGCFABAXAHXADGXEEFHHHFHDXABBCXEDAAF
FEDADEHDGEXXE
BFHDABFHCEHBFDFXBXCDFA
HXHDDXDACBAHDDCBEFHXFBCBFDGDHEBHXDXHAGABXCXDFFAGABBXCXEXBDFHBGBHEGXGEGHAXDAEFXDEEAHGDCAD
FBACEGHDDHXECCCCGEHGBXBXDBDACACBFE
GCHFHHGAHBABACXGABHEFHEGBFEDBDEHCBGBFFFBBFEHXHBHXBCFGXXECHCHEGGXHHDDDXAGCHAE
XEGDAAHEHFFFEGADBCBAAXXFADHDAGDXA
XADGGFDGHDHXEAEHBCGCDABBCGHACGBDFABXGEFCG
CFHFCGFFHBCABAXCDHDDFXCCFXGBCGGFACGDXXCDEDFDAXCGEADGGH
XABXFHFCXXCGAHFDXCBGFAFFCHFBDHEAAGACAHFGXAXXBEGAXHH
AHGEXEADECABCFBBAFFBEDCBEBXDHXEGEAGG
HXEDAXAADGEGECEEGGGCXBDFCXBEXFBDFAECBGADFGBAFDFHHCFEBDBBECXAEHXAXHXXADFXFF
BCFBGCCBXBDDHHHFBCEFAFAXCHXCHCECEDDCXGAFFCGFXHDGAADGDCBAF
HGDCXDXFCFBHHDCFHBXFACGXAHXAGEFFDACCGHDAAXDXFGCBCXCDXDCHDADBF
CBBDHXABFXBHCDABCHAECDEBDAEBGXHACXGXCFDADGHBXDDDE
HHDDFBCECCHFEBXDDEEXGEBDHXEHHHEBFHCADCXXADGCDADCBEFE
ACCBXBAACEDBBGCCDCXXFAXBCAEXAHBDGHCFX
XFHAAFHDGBAXEGBHFGHBXBDCCDCBXDGHXXXFGAGBC
GXGGXXCACDDAXDBCDXB
CEHBFDXGAADBAECC
XBBDXCXFCAEFFGXGHCBHHGHHECFHABAAHEEGGXCXDABGDBACXXEAAAXGHXGBHDFHFDGCBCHEEHCBHADBBAHDDDGD
DAGEEFEHHXECHACGGFGXG
FXBXFAHEXFDDXHB
FGAFFCFAGBXXCHFBDEAGHCCXCHHEDBEACHBXGEXABXDGGCEDDACDHCAHHEXBXXGXHAD
BBXAXCHHCFDAXGXXEAGXGFDEHHDBFBDAH
EGHAXGCABBXECABCHBDXGDBEDFXBXDFCDFCCXXBHDAAACAGAGEHAGBEEACHACCCBCCFDEBEDADAXABAXFBXGFFXCDGBHHAFEFAA
CGCGFGAHHDDDBFDABDXECFBDGAGCCBEDHAXADBXCGBAAGGFGXADHDEAECACHGAHDEFFHXFEHFAXCBBDBHA
CXDAEXBBDGCHCDXGDHFFHEFHXDFBGDDXEDHDBBEFHFGECAAEGBCEFBACBHAGXABDX
HDECEXDBHABCAABGFHEGCDAAGCAHGBCFDCXCHHBHBFABHFDCBHCXAGAEAACGGHEHXECFBHFEBFGXBEA
GDGXCGHCXGGCEAFEBHHDHFFEDHXEDHCFXCFDAHBCXGHEGXXCXHDADGCHCCABFHCGHDEDDDBEADAGCAFCEFAFGCXDAEHGDGBXF
EBFAFXFXBCFFAEGBFHAEBFCGFFCCA
DXEFGEGDGBAEEFAFABGBEGECGBEBXFHEXECFXCEEDGFFHGFDAEXBGDHFACBBDGFACXEDXBEBXHBEF
EAFEBXCCFCFBFBGXDDHFXDXHFXGBCCCGBADEXAEAGGFDEHGXFCGDHCFGABFEEGGBGGHEGEAHBCXBDCFDXG
BXX
CFGXXEGHECHXHFXABDXHAXEGDABHBCCEADGXFHFFCXAABECDCAGEDBGDGGFBAGAHCCFX
BFDGCEDGBHACEDFCBFBGCHXFCAHXEAXHXFAGDBXFXABXFGXGXAGGAXDXHFDFEF
ADABDEDADXAXFDHHXDCEEGEECXAEEGGHBCACHAAFXEGGACBX
AFXGGAXCGFCAAXAEGXHGFEADXGHEFEHXDBBFDHGAHHFBGXG
BCGAHBHAGBAFBXAFCXGGFXEXEXCABAGDBE
FGXFGHXAHH
BAGHXXGXEHHFEXEXEAEGADXDDAHXE
GGXHDDFFXBCGABDACXEADHHGCBGBEFXCAXFGXAAABXHHAHADAAEXFHAFDFHXEADXHHFHAACEGHAHAFED
AADHABXFGBFXHHHDDBHHXXEBFHFBBBAGBCHXCDBADFBHAGHEBFX
XGCXEAFHAGCBEAGDCCCBBXBXXEFEFBXBCGDAXBDG
DCEAABHAGXACGXXDEXXAFCHXXGGCGCGFGHFECCCBXBCCEECCDHEHFCEACAFHXHHHGXEDGCGDD
FGFFFDXCCBFDBHHABHDFB
CCHDBGEDFHGDGBEABCCHDHBEDGECH
CXEDDFXGBDFXDGBHGCFGBGDADBGHECCFBDFXEGHCECFAGACXACBHGCECECAEFCHGDDB
XHGGXAHECXDDAEEHBDBFXHGCEAFDGEGXXFFXAFFHHFXCAF
DCGFEHCDAFHHEDAGXCGFCEBGFHHECCEXGAAHGFGGGXAFGCXAECFBACGEDEGCDHXX
GDB
FCXFBAHBEBEXFXDAEEGBABHDBBCGXCHFG
FCDGABDCFAGEAXXXHGDEXHCAXF
BFCHDGFCABCAGFGDHEXFAEDCFX
EFFXBHBFBBFFDHFHEBXHHHGBHFDDXCXHCBGDACFFCAAGGBEFG
BXDXGGGHBHDGDHAAFCXEXEDFEDHCFFEDFXAFFBGGFADAAACGEDE
BHDCECCDGCADXHGAGEXXFFAEXDDHXG
EFHGXEBGGXADABHGHXFAXDEGBXCGFHGEGAFGBCXGFDDAHXEFFAFCHXXCBHFFCFGEHHXBBABXXCXCEFFCBXXDGEDBBEBH
GXGHAAXDXDDDGEBAXHDEHBACEEBXGHGDFADBEACAFCGEXCFEDHFFGFDHXCCHHGAFXGFFEEBFAAHABDADCHE
FBEFADAHEAFE
EGAAXHFCHAGGEXDBAACXADBXDXDDBGDXBADGEXFFGBXAXHGEFFXADGAXAAACHHBACHDXHCEBAAHFFEA
BEXBXXHHFXXHDAAHHHBFXAGAEFHCCEXEGBEFBFAEDDHHEFAFDBFDAHEDDFHEDXGADDHBGAAHE
XGXBAHBFGCAECHGHDBGADDHXHBDHXXGEEBDHFEA
AEABAAGABDHDCDCCBAHHEHHDDBHAGCAGABHHDGEDXCFFHGDEABEGAXBXACACHXHBAG
HAAFACEXXEDBAEGHXADEGFADFXGAGGHGEAAHDFEGFCXBEDHHHHFDGADGDHFCXA
XGGGXGEDDCCADGHEEGFXCAAHFDBCHFFDFGBHXXGXBAXGBFCAE
HEDB
HXACCCXEEHCXAGCGHACXEXEAH
CDXFX
CCDEXCGFCEXXEXCXDBCBAGDGAHXCFFABECCCBDDGHBDGXAEGDDA
FXGEBHXXACCADXFXAXHEBXHXCBXFGHXEGXXBHFBXCEGAXEHBEGXBAHFXH
HGEDAFAAFFD
DCDEEBGFCXEABAGAAXHGXABFFEDHCEGABHEFFCAGCBBHF
FAGBFBCDCBGXXCFEFXDHXBAEHCFEDXFHBCGBGHEGFXFCCAABGBHEHAACHHXGDDCGGCXBGAG
EGGECXECDABEDABFACAXXXBHHAHCAAXBGBGEHDXDCFDCBBXACDFCDGEHAXDHAXEGEGGXDCCBBBEHFEACXCFXECHXXCDHF
CDCXFCEGHHXHGEHHXABXXHHAAAECGCDXHFFGXXEA
GHBHXXCCEXBDGBHECHCXAEHHAEHXXEAHEBGFEDHXHGCABHDBXCECXHGECABHEEFFEEFAXEXFDHXGHEEB
XACHFAGFFFCAGHAEAXEBADGGHXHCCGBFXHBADBEFFAEGEGDHXBDXAGAFFGCDADXFCGGGE
CHBFAGHEHCFCDGXFHEXCEHBGXBGXFFBEHXXGEXACXFBCFDCCEAGAXHBA
XHBBEGBFDFCFCXEHFXXCXHEBAAGCHAFHAEHEEGAXXXFDBDHABHXCEADABGAFXXBGAFGHE
CGBXXCDAHADFFHAXAXBXDHDDDGGADBCCXXACGABBEDXEBEXDBGFBHEAGXD
EFAHDGXEXFFGAEEEXFGCBBDHDHEHFGGAABBGGACGHGFGFCGCCBEXEDXXGCAHGHDCFXGCFECXBHEXGHGAC
FBFGXFFCFGXDFHCGBGAFDCAGADAEDFFFFHCGDHEGXACADDHGXXCFCGCDE
XCBECCHECAGGCEGEHCEFEBBCEDCXXBCADXAAXAXXXDFXDGECHXFBDABCAHBEEFAEXEXEFCD
CHEBBHFEBHGACEXBGHDFFCFCBFCDHAGF
GEAFFBD
DFBHECXXGXAGHEDBEBGDGEFCGBEGDGBHAGGEFFAAGFEXXFGHHCGXXFDFECBCEFDBXHABFXEFEDFCCFDXFGBCCAGXECX
XGBCXEEHDXAXXCGFDDFEAEBBFC
FBFXCCGEDADAACGCFHHEAFCAFXDEEHDCEDXAABCCCXBECAHCXXABCDDFXBCAAAGXGXCHGEGDDF
XFCFHAGCAAGHFEXAXBFHEEGGBFHFXDFAXACADXHXAEXECGAXDAFCXXXCXXDXADGHBFAGDXGDXEEEA
GHABHHXACCAGCEFDFCCHHCDHXABCFXC
FGDBDCGDXCEBGCXXFBXFFEEADACAXFEBBEDBCBXBGFABG
BDCEHCDDGGHHHAFDFGAEEDAXDDFXXEXDABEHBAHXGBBECFGCHAAGAXDGCABHBH
AEXXAEDCHGBDBEEEXAEFBBDDEBGHXAHBEDHFD
BXEAECEHFAFBXHGXGBDBGEECEEBGEXXXBHBEBCACBBECGXFXFDXCXAGCEHDBAHAAXGHEGXDXAD
XABHXEEXXCEAXCHCDBXGBHXC
FHGGXBDCXGACDACFAGHBFDBDCFEFACACHEEBDEFCFHEXBEEDHGXGAGCBCDGCBGCFFCFFDCCHBFHGGFFHACDBXX
BCEDHFBABFBFDBGCGCEHDHGDGXGHCGFE
EHGBEECDGHXBBECHXGXBAGXGBHDAGAXDCEAHFHAHEBXDGFHHFFHBBADCEFCGAGFGFGCDGCGEAGXXFCCXDHXBAXXC
BEDBXGGABCEFXGXDCCEDEXHBGAACXBXAFDEXGGHCABXFBXDHXADADFADXXGBGXBBBCHEDECDCBCBGXFAFCXCGXHDHDDXBAXACB
GCHEFBHFCGBBAFACEBBGXHDBXFGFHDHGGEAAGDHGGAEXCDABGAHBBHABAXXDDDEEDCGCHCDEGXBEGFGEAFEXAECHEDBFEFXF
CHDDHA
BGXGDXBBBDBXHHBHBFGFAGCFXEAHAFHGXABAFXCCFGEGHFDAXEXC
CAHCBDEFHGB
BDGFCEEGXBEBEBCEGEGAFFEXGCXBCGGBEXCDC
DAXEGACXHHBDBAFEDBDDAGHXFFABCGXDBDBAGFCCCDGCEEBAAFXGXXA
GFHHXBBBXFAAXXCHCGCDBGECCFFXDXFGXDCEXEFCGDBXXDGXEDEDEEFEGX
AGXHCAEHXCHABBHCXBGCAXGGHAAGXGCBC
FBCCXEXBECGGGCXEGGAFGFH
XCFXAGCFBXGDCGHXAFEAHFXGEFCEHBACDXCAGEEXGCDHEXCAAXEXGCDEFADFXHCEBHEFHGXAEH
HHGHBCEEHADGCDDFHFHGBHDCDFAG
FAGDD
CEGBXXXXBXFCGCEAGCEEXEBBGHHXBGEDCXDEAEXHBFHDFFAAXXXDDHFDDBGEXHDFHEXBXDBXFAE
XDAHGEAEFGE
XGHFHFCHHFBC
ADXGEFBAFACDBAXGFDADECXXHCCEABGHBGC
XDXCFGEGBEBAFFXDCDFFAAEEGHXGFHCFBFGGGACEGAGDFAGAGEXGEAEHBECHHXFDXACFHABDCAXDFXCEFFCBABAAGEHCFE
BFHDCHXCDCHHCEEHHDXEAGFACBHEEHHFEGHXBHAAFGEGHHFCEDDCFBFDGCCFXHBXFBHXBFXHCBXBHFX
GAGXDHCBXXAGDBAEHDGECCEGXEBEAAHBDG
FHAEBFABXDFBDXFBABGXGFXCECEBCACXXGCCCEHHXFECFEEGBEBABFDAABEXBBFXFBHEXDXDDBEBG
BCAHHFDCEEAADFGBXFAXXFCEDEFXBXFXEEDGFDHDBFHHCEXCGGFXG
XHCGCDXGFXAFGXDAXFHHHGGXDBFBBEXFHXCFECEBXEFFGCXAHGGDEFBBACADADXFGDG
ABDXFBBFXXHEXCXEXABHCBBEBCDAGCAAXCCAHBXBFFFBHDGGAGFBCFXCXBAHAFXHBHXXBBBFHFCXHFAGGD
HCBCEAGCGBAEDEGABXXAEBDGBGAGFHGDCDEGFGEDDDXHCHADHHXXXX
FBG
XHEBAFGBHBXHEDCCDXXEAFEAEBDCFBBFFDDFGHXHBGDADHEECAFDGFDEXEBAHE
EFXBDHXFCGXACAHBBCEBEEFFECAFEBHAEDFDHEFXDXCBXDEAXEBHHXAHCCXCFGAHCFCADBE
BFXHCCFXXEXDHBGXBCXFBAABDECGADEBGEXXBHACEAFXDBDGGCDXEXEBHGXBBEXGHCHHFEFFBXF
ADCXFGXXHBEEFGBHFDDXAXFAFHCBHXBDFCCEBGXEDXDHAECDXCHBHHGAGEXBECCHXCCFXAFFHDXGHFA
HDBFGECFDDGCBBBEBGGCHCGHFFGFDCDFCHCDCGXAGFGBCBCDXGBHCDECDACFFBGCXXCF
FHBGHDDEFFHHDGXBEDCEEACXFGCAEEEGXGBXXDFXGEFFEFGACCBAEGHCCXGBXBAEBFHAAEDGEBFFXXGGEFEAEGABXAXXFFE
HDEXADDHGHCDCCDFBXFCAHGACFGHFXGXBBEFGHXFAFCCEBGDEBXXEXEXXEBCGCG
BFHBXEFFGAHEXBEBEBXGCXDEFFGCBDGGDAEDBGBDDFXGBHDEGEBGDGHBAGBAHXHEHEDFHDAEXBBBBGAE
CXAFXGEEGAXBEXBFHBAFEAHFBDXEBAEBEGBXBEAAFFGDXBHBHFHHFGHCEGEDXBAAXBHEGAAFGFXDDDBHE
DFACHGHAGXAFXXAHDDGFDGCEHCHBEAFFGDBHGCCGFBFGFGAAFXEFEHBXCFCXEHHBDXBDC
FBCAACHAADGGXDXECCDH
CBBEEGFFBGAECDCCDGGXXABDFFFXFHEFXAEAABXDHAAFE
HAXGCCHEGHDHAEDGXBXDDHXGBCBAXGDBCGCEBCFEBBFBHFXAXFDHHBAHHXCBAXFCXFB
FGXXXXFBXXXCGXECDFXCG
DHGCBXCCHBABGFGGEHXXCGEXXFXFFGCCBCDBBXHGBGFGGAGGEBCFEEDADDHAXHDB
FAFGGHXHHXCHGACBXEHCGEHABHXXGXCAFXXDHDDDGEHHHBEGFFH
XHEDDBBCECFAXGDBBCHGACXEXFCEAFHXGECDAHFXGCDBBXEBCEBBFCEXCCFBDXACXGGGBF
DCGAGBEHACFCDAFDXCEEFHXBHGEEGGCHDAFGXBGXBCAEXXEHFBAXHAGEXAHXGFCXXAHADXGXFDHHFBXBXHXAXHCXBADD
CFGBXGGXEBFDAFGBFEBCXHGBXXEXECAFHHCEFGEBGXFEAAHHAAAFHCFHBHCAEAAAGXFBXXGFAAFA
CAEHBFBBEFBXFEBHEXEDGFECBAHDFXBGGGGFHAAEHXBCBBCAFCDHHFGHCGFXHBBHDXCX
AACDXG
DFEAHBXCBCCACCFCGBACFAHACACHEAXDAHEGDDDHDBXAXDEECAEHFCHXXDAC
CXGXEDDACAXCEDHGGBFDXCDGFDXFXFCAEHHHXHAXHGEDXGEAFXCACGXXBHGEXC
FBAAGCFDBDX
DBHACCAXGBADCFBXGCBCXBDECDCCEBDGHFFXAACHBGAACBXXEBEEXHHHXDGXBE
CDBGCAXFGXBHHHCXDDEBXBXXDCF
GGCBHCGGHCBAGCFHCXHDBGGXCEH
HGBXBFXXGBXXEDCGBEBAXHCCGCFAH
AHGABB
AGGEDDAGDXBFCFXGFEHGEGBEBDHAHDFAAHGFBBBCBGCDFDD
GHABCDBBACAFBFABCEXACXHADHGCGCG
DXFBGEEHFCAFGCAXEDCGHHFHBEFEBBXEHCBEBHXAHABHEDGCBBDGCCX
ABDHGFEAEFGECCFEHAAXGBGAEGEXHBCBGDXXHHDXGGG
AHGXHXCEFABACCDDCFBCECDHXGHCDEFCCBGABCXCBDEFEBDHBBHHBGEBAGEXAFX
XHXDFCCDFFCDABXFEFAEAGBEAXAEXBXFEDGAHXCHECHBHHGGFXGDGEGXGAXGDXEACCHFGFCBGAG
FBXEEBXGBCEEAXGEXEBEAGBBEFAXBXEBDXFACXXAHEEAEEXCGDDBAABDADBEGEEFDEBCEEBDHAAEB
BCGFBFDFGXHBFAAGEECHXXGBBXBCFHXCECXBAGEEDCEHDHXEHEGFX
DADXHEAFAFFXEGHDDGEFFHXEXBHGCDAFDFAGEBGHDGXDADECHXHCEFXF
CGDEGFDHDBGEAFDDCAXEHCGGBBHGXEEXGGBECFCHXGFDEDGBFHFFDABAFDHFHGCEFHFGGEABAACE
HCXCDCBFACDHEDFGHAEEDEDECADXFCHDCBXCBHXCFCBBDCBECBBHGFACHEHGAXDFAGCFDAHAXHFCXAACFGBCCEDXCEFA
XFBE
DEEEFXBFFGAEFFBCADEAECEHEAGGEEDBEEDHGEFC
AHCXFCAXHXEHBCHEH
XGCFCFXXFDCFEFGEDCBXEHDAHXGDAAHHDGDDCCADXDEDXXBCEAEACGFDADEHHGXHXCEAEHXEFXCCGXEGC
AFHXHBHXDAGCXXCFCHAAHBAX
CBEXXGGHEEHCCBHXHXEXHAEXFXHGEADGDCCDFBEEDCBBCBXDFBEXBDBHCXBBCCXGXCHG
HFDADFEHDFECBFDXECABADHXGAXAEHDAFHDGXBDHEXCBEEAHXXXGGGGEEDDAAFD
GBGGGHXABCXFDHBCBAXGAXDCAHHGXXDFAHXGFEXCCDGCAAECGFEBEBEFECXADFAGXAFH
XHGEEFBBDGBXBDBXEAABXCGXBXBFHHFFFCHCADGEGGBHBEDGCFBDBGHCBBCXGCGXBDBCGEGCBEACACGXFGAAEEC
CBBFGHBEXXCDD
XCBFAA
EADDFAAFAHCCBDAHAEBDEBACFGADBGHXBXACBFDXBGHCCECGGCCDAHXFEEXBEBDGFFFXFGD
EEDXFXFAEFXEAXHBXGCCDXAXHEXBABBAEBBBXHHGXDGHHHEFEFXCEGFXBBCADAACACDXBFXHCDFGBBCAEGDBXBCDBEGAFEGGFFC
FFFFDAAABCEGDFGAAFBABDHDEFFGXBFHCCDFBBBEGFFXCEXCFFXBCADGX
GABEAFCEF
XBFGEBHXCACXEAX
XFHDGCACXBEDDDGXDAHXHEEDFGGHECBDAXGDBEBCC
HXEEXEXHBFFBAHCCCHEXDBFCGXGFFXDXHHHDFCXFBCDFAGEGDBFCFDEHFXH
EFDGFAGDGGFXHCXEECGAAEFEEGBHFXGCACHBBGXFFDFBFGDDBEHCEGFDDFCGCXGBEXHXDFEXFBGAHDCBGDAXDXEXGCEGFFEFDCE
CEEF
AFDEDEHCABCBFBBBHGBHGAHAGDFEECGGBEHG
BGGABAHFAHCAADXFEGACHEDBXADHEDAGCDBHAXEBFHFEGEXCAHGECXXXABCXEDEBBEFAHCEFFDGEXXDBBXHCHXHE
HADGCDXFDCBCFAFXDFFDEXDGDBFGHFAADCABABBABABDCCBXHXABCXDBGDAEEHGHXEXGGF
GEBGECHHGDFHGDFXDDGEX
